[2024-09-11T01:52:34.089+0000] {local_task_job_runner.py:120} INFO - ::group::Pre task execution logs
[2024-09-11T01:52:34.137+0000] {taskinstance.py:2076} INFO - Dependencies all met for dep_context=non-requeueable deps ti=<TaskInstance: our_first_dag_v4.seccond_task scheduled__2022-08-08T00:00:00+00:00 [queued]>
[2024-09-11T01:52:34.150+0000] {taskinstance.py:2076} INFO - Dependencies all met for dep_context=requeueable deps ti=<TaskInstance: our_first_dag_v4.seccond_task scheduled__2022-08-08T00:00:00+00:00 [queued]>
[2024-09-11T01:52:34.151+0000] {taskinstance.py:2306} INFO - Starting attempt 1 of 6
[2024-09-11T01:52:34.178+0000] {taskinstance.py:2330} INFO - Executing <Task(BashOperator): seccond_task> on 2022-08-08 00:00:00+00:00
[2024-09-11T01:52:34.194+0000] {logging_mixin.py:188} WARNING - /home/***/.local/lib/python3.12/site-packages/***/task/task_runner/standard_task_runner.py:61 DeprecationWarning: This process (pid=5296) is multi-threaded, use of fork() may lead to deadlocks in the child.
[2024-09-11T01:52:34.196+0000] {standard_task_runner.py:63} INFO - Started process 5306 to run task
[2024-09-11T01:52:34.198+0000] {standard_task_runner.py:90} INFO - Running: ['***', 'tasks', 'run', 'our_first_dag_v4', 'seccond_task', 'scheduled__2022-08-08T00:00:00+00:00', '--job-id', '1204', '--raw', '--subdir', 'DAGS_FOLDER/our_first_dag.py', '--cfg-path', '/tmp/tmphym1kjgf']
[2024-09-11T01:52:34.202+0000] {standard_task_runner.py:91} INFO - Job 1204: Subtask seccond_task
[2024-09-11T01:52:34.283+0000] {task_command.py:426} INFO - Running <TaskInstance: our_first_dag_v4.seccond_task scheduled__2022-08-08T00:00:00+00:00 [running]> on host 0359316e7bd1
[2024-09-11T01:52:34.456+0000] {taskinstance.py:2648} INFO - Exporting env vars: AIRFLOW_CTX_DAG_OWNER='vohoang' AIRFLOW_CTX_DAG_ID='our_first_dag_v4' AIRFLOW_CTX_TASK_ID='seccond_task' AIRFLOW_CTX_EXECUTION_DATE='2022-08-08T00:00:00+00:00' AIRFLOW_CTX_TRY_NUMBER='1' AIRFLOW_CTX_DAG_RUN_ID='scheduled__2022-08-08T00:00:00+00:00'
[2024-09-11T01:52:34.462+0000] {taskinstance.py:430} INFO - ::endgroup::
[2024-09-11T01:52:34.495+0000] {subprocess.py:63} INFO - Tmp dir root location: /tmp
[2024-09-11T01:52:34.498+0000] {subprocess.py:75} INFO - Running command: ['/usr/bin/bash', '-c', 'echo "hey, I am task2 and will be running after task 1"']
[2024-09-11T01:52:34.525+0000] {subprocess.py:86} INFO - Output:
[2024-09-11T01:52:34.527+0000] {subprocess.py:93} INFO - hey, I am task2 and will be running after task 1
[2024-09-11T01:52:34.528+0000] {subprocess.py:97} INFO - Command exited with return code 0
[2024-09-11T01:52:34.532+0000] {taskinstance.py:441} INFO - ::group::Post task execution logs
[2024-09-11T01:52:34.583+0000] {taskinstance.py:1206} INFO - Marking task as SUCCESS. dag_id=our_first_dag_v4, task_id=seccond_task, run_id=scheduled__2022-08-08T00:00:00+00:00, execution_date=20220808T000000, start_date=20240911T015234, end_date=20240911T015234
[2024-09-11T01:52:34.654+0000] {local_task_job_runner.py:240} INFO - Task exited with return code 0
[2024-09-11T01:52:34.687+0000] {taskinstance.py:3503} INFO - 0 downstream tasks scheduled from follow-on schedule check
[2024-09-11T01:52:34.717+0000] {local_task_job_runner.py:222} INFO - ::endgroup::
