[2024-09-11T01:51:37.935+0000] {local_task_job_runner.py:120} INFO - ::group::Pre task execution logs
[2024-09-11T01:51:37.992+0000] {taskinstance.py:2076} INFO - Dependencies all met for dep_context=non-requeueable deps ti=<TaskInstance: our_first_dag_v4.first_task scheduled__2022-04-25T00:00:00+00:00 [queued]>
[2024-09-11T01:51:38.007+0000] {taskinstance.py:2076} INFO - Dependencies all met for dep_context=requeueable deps ti=<TaskInstance: our_first_dag_v4.first_task scheduled__2022-04-25T00:00:00+00:00 [queued]>
[2024-09-11T01:51:38.008+0000] {taskinstance.py:2306} INFO - Starting attempt 1 of 6
[2024-09-11T01:51:38.114+0000] {taskinstance.py:2330} INFO - Executing <Task(BashOperator): first_task> on 2022-04-25 00:00:00+00:00
[2024-09-11T01:51:38.123+0000] {logging_mixin.py:188} WARNING - /home/***/.local/lib/python3.12/site-packages/***/task/task_runner/standard_task_runner.py:61 DeprecationWarning: This process (pid=4066) is multi-threaded, use of fork() may lead to deadlocks in the child.
[2024-09-11T01:51:38.125+0000] {standard_task_runner.py:63} INFO - Started process 4075 to run task
[2024-09-11T01:51:38.125+0000] {standard_task_runner.py:90} INFO - Running: ['***', 'tasks', 'run', 'our_first_dag_v4', 'first_task', 'scheduled__2022-04-25T00:00:00+00:00', '--job-id', '812', '--raw', '--subdir', 'DAGS_FOLDER/our_first_dag.py', '--cfg-path', '/tmp/tmpi28tqpnd']
[2024-09-11T01:51:38.128+0000] {standard_task_runner.py:91} INFO - Job 812: Subtask first_task
[2024-09-11T01:51:38.253+0000] {task_command.py:426} INFO - Running <TaskInstance: our_first_dag_v4.first_task scheduled__2022-04-25T00:00:00+00:00 [running]> on host 0359316e7bd1
[2024-09-11T01:51:38.470+0000] {taskinstance.py:2648} INFO - Exporting env vars: AIRFLOW_CTX_DAG_OWNER='vohoang' AIRFLOW_CTX_DAG_ID='our_first_dag_v4' AIRFLOW_CTX_TASK_ID='first_task' AIRFLOW_CTX_EXECUTION_DATE='2022-04-25T00:00:00+00:00' AIRFLOW_CTX_TRY_NUMBER='1' AIRFLOW_CTX_DAG_RUN_ID='scheduled__2022-04-25T00:00:00+00:00'
[2024-09-11T01:51:38.475+0000] {taskinstance.py:430} INFO - ::endgroup::
[2024-09-11T01:51:38.502+0000] {subprocess.py:63} INFO - Tmp dir root location: /tmp
[2024-09-11T01:51:38.505+0000] {subprocess.py:75} INFO - Running command: ['/usr/bin/bash', '-c', 'echo "Hello my son. I\'m your dad."']
[2024-09-11T01:51:38.526+0000] {subprocess.py:86} INFO - Output:
[2024-09-11T01:51:38.533+0000] {subprocess.py:93} INFO - Hello my son. I'm your dad.
[2024-09-11T01:51:38.537+0000] {subprocess.py:97} INFO - Command exited with return code 0
[2024-09-11T01:51:38.540+0000] {taskinstance.py:441} INFO - ::group::Post task execution logs
[2024-09-11T01:51:38.600+0000] {taskinstance.py:1206} INFO - Marking task as SUCCESS. dag_id=our_first_dag_v4, task_id=first_task, run_id=scheduled__2022-04-25T00:00:00+00:00, execution_date=20220425T000000, start_date=20240911T015137, end_date=20240911T015138
[2024-09-11T01:51:38.714+0000] {local_task_job_runner.py:240} INFO - Task exited with return code 0
[2024-09-11T01:51:38.753+0000] {taskinstance.py:3503} INFO - 2 downstream tasks scheduled from follow-on schedule check
[2024-09-11T01:51:38.765+0000] {local_task_job_runner.py:222} INFO - ::endgroup::
