[2024-09-11T01:59:38.666+0000] {local_task_job_runner.py:120} INFO - ::group::Pre task execution logs
[2024-09-11T01:59:38.744+0000] {taskinstance.py:2076} INFO - Dependencies all met for dep_context=non-requeueable deps ti=<TaskInstance: our_first_dag_v4.seccond_task scheduled__2024-07-19T00:00:00+00:00 [queued]>
[2024-09-11T01:59:38.764+0000] {taskinstance.py:2076} INFO - Dependencies all met for dep_context=requeueable deps ti=<TaskInstance: our_first_dag_v4.seccond_task scheduled__2024-07-19T00:00:00+00:00 [queued]>
[2024-09-11T01:59:38.766+0000] {taskinstance.py:2306} INFO - Starting attempt 1 of 6
[2024-09-11T01:59:38.873+0000] {taskinstance.py:2330} INFO - Executing <Task(BashOperator): seccond_task> on 2024-07-19 00:00:00+00:00
[2024-09-11T01:59:38.888+0000] {logging_mixin.py:188} WARNING - /home/***/.local/lib/python3.12/site-packages/***/task/task_runner/standard_task_runner.py:61 DeprecationWarning: This process (pid=12426) is multi-threaded, use of fork() may lead to deadlocks in the child.
[2024-09-11T01:59:38.897+0000] {standard_task_runner.py:63} INFO - Started process 12437 to run task
[2024-09-11T01:59:38.899+0000] {standard_task_runner.py:90} INFO - Running: ['***', 'tasks', 'run', 'our_first_dag_v4', 'seccond_task', 'scheduled__2024-07-19T00:00:00+00:00', '--job-id', '3332', '--raw', '--subdir', 'DAGS_FOLDER/7. our_first_dag.py', '--cfg-path', '/tmp/tmps1u8a5cs']
[2024-09-11T01:59:38.902+0000] {standard_task_runner.py:91} INFO - Job 3332: Subtask seccond_task
[2024-09-11T01:59:39.028+0000] {task_command.py:426} INFO - Running <TaskInstance: our_first_dag_v4.seccond_task scheduled__2024-07-19T00:00:00+00:00 [running]> on host 0359316e7bd1
[2024-09-11T01:59:39.252+0000] {taskinstance.py:2648} INFO - Exporting env vars: AIRFLOW_CTX_DAG_OWNER='vohoang' AIRFLOW_CTX_DAG_ID='our_first_dag_v4' AIRFLOW_CTX_TASK_ID='seccond_task' AIRFLOW_CTX_EXECUTION_DATE='2024-07-19T00:00:00+00:00' AIRFLOW_CTX_TRY_NUMBER='1' AIRFLOW_CTX_DAG_RUN_ID='scheduled__2024-07-19T00:00:00+00:00'
[2024-09-11T01:59:39.253+0000] {taskinstance.py:430} INFO - ::endgroup::
[2024-09-11T01:59:39.278+0000] {subprocess.py:63} INFO - Tmp dir root location: /tmp
[2024-09-11T01:59:39.279+0000] {subprocess.py:75} INFO - Running command: ['/usr/bin/bash', '-c', 'echo "hey, I am task2 and will be running after task 1"']
[2024-09-11T01:59:39.322+0000] {subprocess.py:86} INFO - Output:
[2024-09-11T01:59:39.325+0000] {subprocess.py:93} INFO - hey, I am task2 and will be running after task 1
[2024-09-11T01:59:39.326+0000] {subprocess.py:97} INFO - Command exited with return code 0
[2024-09-11T01:59:39.327+0000] {taskinstance.py:441} INFO - ::group::Post task execution logs
[2024-09-11T01:59:39.385+0000] {taskinstance.py:1206} INFO - Marking task as SUCCESS. dag_id=our_first_dag_v4, task_id=seccond_task, run_id=scheduled__2024-07-19T00:00:00+00:00, execution_date=20240719T000000, start_date=20240911T015938, end_date=20240911T015939
[2024-09-11T01:59:39.477+0000] {local_task_job_runner.py:240} INFO - Task exited with return code 0
[2024-09-11T01:59:39.501+0000] {local_task_job_runner.py:222} INFO - ::endgroup::
