[2024-09-11T01:57:48.447+0000] {local_task_job_runner.py:120} INFO - ::group::Pre task execution logs
[2024-09-11T01:57:48.471+0000] {taskinstance.py:2076} INFO - Dependencies all met for dep_context=non-requeueable deps ti=<TaskInstance: our_first_dag_v4.first_task scheduled__2024-02-06T00:00:00+00:00 [queued]>
[2024-09-11T01:57:48.483+0000] {taskinstance.py:2076} INFO - Dependencies all met for dep_context=requeueable deps ti=<TaskInstance: our_first_dag_v4.first_task scheduled__2024-02-06T00:00:00+00:00 [queued]>
[2024-09-11T01:57:48.484+0000] {taskinstance.py:2306} INFO - Starting attempt 1 of 6
[2024-09-11T01:57:48.527+0000] {taskinstance.py:2330} INFO - Executing <Task(BashOperator): first_task> on 2024-02-06 00:00:00+00:00
[2024-09-11T01:57:48.541+0000] {logging_mixin.py:188} WARNING - /home/***/.local/lib/python3.12/site-packages/***/task/task_runner/standard_task_runner.py:61 DeprecationWarning: This process (pid=10712) is multi-threaded, use of fork() may lead to deadlocks in the child.
[2024-09-11T01:57:48.544+0000] {standard_task_runner.py:63} INFO - Started process 10728 to run task
[2024-09-11T01:57:48.541+0000] {standard_task_runner.py:90} INFO - Running: ['***', 'tasks', 'run', 'our_first_dag_v4', 'first_task', 'scheduled__2024-02-06T00:00:00+00:00', '--job-id', '2829', '--raw', '--subdir', 'DAGS_FOLDER/7. our_first_dag.py', '--cfg-path', '/tmp/tmp6fqvsq7_']
[2024-09-11T01:57:48.546+0000] {standard_task_runner.py:91} INFO - Job 2829: Subtask first_task
[2024-09-11T01:57:48.625+0000] {task_command.py:426} INFO - Running <TaskInstance: our_first_dag_v4.first_task scheduled__2024-02-06T00:00:00+00:00 [running]> on host 0359316e7bd1
[2024-09-11T01:57:48.785+0000] {taskinstance.py:2648} INFO - Exporting env vars: AIRFLOW_CTX_DAG_OWNER='vohoang' AIRFLOW_CTX_DAG_ID='our_first_dag_v4' AIRFLOW_CTX_TASK_ID='first_task' AIRFLOW_CTX_EXECUTION_DATE='2024-02-06T00:00:00+00:00' AIRFLOW_CTX_TRY_NUMBER='1' AIRFLOW_CTX_DAG_RUN_ID='scheduled__2024-02-06T00:00:00+00:00'
[2024-09-11T01:57:48.787+0000] {taskinstance.py:430} INFO - ::endgroup::
[2024-09-11T01:57:48.789+0000] {subprocess.py:63} INFO - Tmp dir root location: /tmp
[2024-09-11T01:57:48.790+0000] {subprocess.py:75} INFO - Running command: ['/usr/bin/bash', '-c', 'echo "Hello my son. I\'m your dad."']
[2024-09-11T01:57:48.818+0000] {subprocess.py:86} INFO - Output:
[2024-09-11T01:57:48.821+0000] {subprocess.py:93} INFO - Hello my son. I'm your dad.
[2024-09-11T01:57:48.822+0000] {subprocess.py:97} INFO - Command exited with return code 0
[2024-09-11T01:57:48.823+0000] {taskinstance.py:441} INFO - ::group::Post task execution logs
[2024-09-11T01:57:48.867+0000] {taskinstance.py:1206} INFO - Marking task as SUCCESS. dag_id=our_first_dag_v4, task_id=first_task, run_id=scheduled__2024-02-06T00:00:00+00:00, execution_date=20240206T000000, start_date=20240911T015748, end_date=20240911T015748
[2024-09-11T01:57:48.923+0000] {local_task_job_runner.py:240} INFO - Task exited with return code 0
[2024-09-11T01:57:48.954+0000] {taskinstance.py:3503} INFO - 2 downstream tasks scheduled from follow-on schedule check
[2024-09-11T01:57:48.960+0000] {local_task_job_runner.py:222} INFO - ::endgroup::
