[2024-09-11T01:59:44.485+0000] {local_task_job_runner.py:120} INFO - ::group::Pre task execution logs
[2024-09-11T01:59:44.532+0000] {taskinstance.py:2076} INFO - Dependencies all met for dep_context=non-requeueable deps ti=<TaskInstance: our_first_dag_v4.third_task scheduled__2024-08-04T00:00:00+00:00 [queued]>
[2024-09-11T01:59:44.544+0000] {taskinstance.py:2076} INFO - Dependencies all met for dep_context=requeueable deps ti=<TaskInstance: our_first_dag_v4.third_task scheduled__2024-08-04T00:00:00+00:00 [queued]>
[2024-09-11T01:59:44.544+0000] {taskinstance.py:2306} INFO - Starting attempt 1 of 6
[2024-09-11T01:59:44.589+0000] {taskinstance.py:2330} INFO - Executing <Task(BashOperator): third_task> on 2024-08-04 00:00:00+00:00
[2024-09-11T01:59:44.600+0000] {logging_mixin.py:188} WARNING - /home/***/.local/lib/python3.12/site-packages/***/task/task_runner/standard_task_runner.py:61 DeprecationWarning: This process (pid=12565) is multi-threaded, use of fork() may lead to deadlocks in the child.
[2024-09-11T01:59:44.602+0000] {standard_task_runner.py:63} INFO - Started process 12574 to run task
[2024-09-11T01:59:44.600+0000] {standard_task_runner.py:90} INFO - Running: ['***', 'tasks', 'run', 'our_first_dag_v4', 'third_task', 'scheduled__2024-08-04T00:00:00+00:00', '--job-id', '3380', '--raw', '--subdir', 'DAGS_FOLDER/7. our_first_dag.py', '--cfg-path', '/tmp/tmp1660tukx']
[2024-09-11T01:59:44.603+0000] {standard_task_runner.py:91} INFO - Job 3380: Subtask third_task
[2024-09-11T01:59:44.650+0000] {task_command.py:426} INFO - Running <TaskInstance: our_first_dag_v4.third_task scheduled__2024-08-04T00:00:00+00:00 [running]> on host 0359316e7bd1
[2024-09-11T01:59:44.752+0000] {taskinstance.py:2648} INFO - Exporting env vars: AIRFLOW_CTX_DAG_OWNER='vohoang' AIRFLOW_CTX_DAG_ID='our_first_dag_v4' AIRFLOW_CTX_TASK_ID='third_task' AIRFLOW_CTX_EXECUTION_DATE='2024-08-04T00:00:00+00:00' AIRFLOW_CTX_TRY_NUMBER='1' AIRFLOW_CTX_DAG_RUN_ID='scheduled__2024-08-04T00:00:00+00:00'
[2024-09-11T01:59:44.753+0000] {taskinstance.py:430} INFO - ::endgroup::
[2024-09-11T01:59:44.767+0000] {subprocess.py:63} INFO - Tmp dir root location: /tmp
[2024-09-11T01:59:44.768+0000] {subprocess.py:75} INFO - Running command: ['/usr/bin/bash', '-c', 'echo "hey, I am task3 and will be running after task 1"']
[2024-09-11T01:59:44.782+0000] {subprocess.py:86} INFO - Output:
[2024-09-11T01:59:44.785+0000] {subprocess.py:93} INFO - hey, I am task3 and will be running after task 1
[2024-09-11T01:59:44.785+0000] {subprocess.py:97} INFO - Command exited with return code 0
[2024-09-11T01:59:44.786+0000] {taskinstance.py:441} INFO - ::group::Post task execution logs
[2024-09-11T01:59:44.824+0000] {taskinstance.py:1206} INFO - Marking task as SUCCESS. dag_id=our_first_dag_v4, task_id=third_task, run_id=scheduled__2024-08-04T00:00:00+00:00, execution_date=20240804T000000, start_date=20240911T015944, end_date=20240911T015944
[2024-09-11T01:59:44.856+0000] {local_task_job_runner.py:240} INFO - Task exited with return code 0
[2024-09-11T01:59:44.872+0000] {taskinstance.py:3503} INFO - 0 downstream tasks scheduled from follow-on schedule check
[2024-09-11T01:59:44.877+0000] {local_task_job_runner.py:222} INFO - ::endgroup::
