[2024-09-11T01:58:00.094+0000] {local_task_job_runner.py:120} INFO - ::group::Pre task execution logs
[2024-09-11T01:58:00.124+0000] {taskinstance.py:2076} INFO - Dependencies all met for dep_context=non-requeueable deps ti=<TaskInstance: our_first_dag_v4.seccond_task scheduled__2024-02-17T00:00:00+00:00 [queued]>
[2024-09-11T01:58:00.140+0000] {taskinstance.py:2076} INFO - Dependencies all met for dep_context=requeueable deps ti=<TaskInstance: our_first_dag_v4.seccond_task scheduled__2024-02-17T00:00:00+00:00 [queued]>
[2024-09-11T01:58:00.142+0000] {taskinstance.py:2306} INFO - Starting attempt 1 of 6
[2024-09-11T01:58:00.168+0000] {taskinstance.py:2330} INFO - Executing <Task(BashOperator): seccond_task> on 2024-02-17 00:00:00+00:00
[2024-09-11T01:58:00.180+0000] {logging_mixin.py:188} WARNING - /home/***/.local/lib/python3.12/site-packages/***/task/task_runner/standard_task_runner.py:61 DeprecationWarning: This process (pid=10870) is multi-threaded, use of fork() may lead to deadlocks in the child.
[2024-09-11T01:58:00.183+0000] {standard_task_runner.py:63} INFO - Started process 10907 to run task
[2024-09-11T01:58:00.181+0000] {standard_task_runner.py:90} INFO - Running: ['***', 'tasks', 'run', 'our_first_dag_v4', 'seccond_task', 'scheduled__2024-02-17T00:00:00+00:00', '--job-id', '2884', '--raw', '--subdir', 'DAGS_FOLDER/7. our_first_dag.py', '--cfg-path', '/tmp/tmp2zyty94a']
[2024-09-11T01:58:00.184+0000] {standard_task_runner.py:91} INFO - Job 2884: Subtask seccond_task
[2024-09-11T01:58:00.300+0000] {task_command.py:426} INFO - Running <TaskInstance: our_first_dag_v4.seccond_task scheduled__2024-02-17T00:00:00+00:00 [running]> on host 0359316e7bd1
[2024-09-11T01:58:00.518+0000] {taskinstance.py:2648} INFO - Exporting env vars: AIRFLOW_CTX_DAG_OWNER='vohoang' AIRFLOW_CTX_DAG_ID='our_first_dag_v4' AIRFLOW_CTX_TASK_ID='seccond_task' AIRFLOW_CTX_EXECUTION_DATE='2024-02-17T00:00:00+00:00' AIRFLOW_CTX_TRY_NUMBER='1' AIRFLOW_CTX_DAG_RUN_ID='scheduled__2024-02-17T00:00:00+00:00'
[2024-09-11T01:58:00.522+0000] {taskinstance.py:430} INFO - ::endgroup::
[2024-09-11T01:58:00.524+0000] {subprocess.py:63} INFO - Tmp dir root location: /tmp
[2024-09-11T01:58:00.525+0000] {subprocess.py:75} INFO - Running command: ['/usr/bin/bash', '-c', 'echo "hey, I am task2 and will be running after task 1"']
[2024-09-11T01:58:00.543+0000] {subprocess.py:86} INFO - Output:
[2024-09-11T01:58:00.552+0000] {subprocess.py:93} INFO - hey, I am task2 and will be running after task 1
[2024-09-11T01:58:00.553+0000] {subprocess.py:97} INFO - Command exited with return code 0
[2024-09-11T01:58:00.554+0000] {taskinstance.py:441} INFO - ::group::Post task execution logs
[2024-09-11T01:58:00.600+0000] {taskinstance.py:1206} INFO - Marking task as SUCCESS. dag_id=our_first_dag_v4, task_id=seccond_task, run_id=scheduled__2024-02-17T00:00:00+00:00, execution_date=20240217T000000, start_date=20240911T015800, end_date=20240911T015800
[2024-09-11T01:58:00.652+0000] {local_task_job_runner.py:240} INFO - Task exited with return code 0
[2024-09-11T01:58:00.680+0000] {taskinstance.py:3503} INFO - 0 downstream tasks scheduled from follow-on schedule check
[2024-09-11T01:58:00.687+0000] {local_task_job_runner.py:222} INFO - ::endgroup::
