[2024-09-11T01:50:15.188+0000] {local_task_job_runner.py:120} INFO - ::group::Pre task execution logs
[2024-09-11T01:50:15.253+0000] {taskinstance.py:2076} INFO - Dependencies all met for dep_context=non-requeueable deps ti=<TaskInstance: our_first_dag_v4.first_task scheduled__2021-11-07T00:00:00+00:00 [queued]>
[2024-09-11T01:50:15.278+0000] {taskinstance.py:2076} INFO - Dependencies all met for dep_context=requeueable deps ti=<TaskInstance: our_first_dag_v4.first_task scheduled__2021-11-07T00:00:00+00:00 [queued]>
[2024-09-11T01:50:15.278+0000] {taskinstance.py:2306} INFO - Starting attempt 1 of 6
[2024-09-11T01:50:15.410+0000] {taskinstance.py:2330} INFO - Executing <Task(BashOperator): first_task> on 2021-11-07 00:00:00+00:00
[2024-09-11T01:50:15.427+0000] {logging_mixin.py:188} WARNING - /home/***/.local/lib/python3.12/site-packages/***/task/task_runner/standard_task_runner.py:61 DeprecationWarning: This process (pid=2325) is multi-threaded, use of fork() may lead to deadlocks in the child.
[2024-09-11T01:50:15.430+0000] {standard_task_runner.py:63} INFO - Started process 2349 to run task
[2024-09-11T01:50:15.430+0000] {standard_task_runner.py:90} INFO - Running: ['***', 'tasks', 'run', 'our_first_dag_v4', 'first_task', 'scheduled__2021-11-07T00:00:00+00:00', '--job-id', '295', '--raw', '--subdir', 'DAGS_FOLDER/our_first_dag.py', '--cfg-path', '/tmp/tmpjhjuxmru']
[2024-09-11T01:50:15.440+0000] {standard_task_runner.py:91} INFO - Job 295: Subtask first_task
[2024-09-11T01:50:15.547+0000] {task_command.py:426} INFO - Running <TaskInstance: our_first_dag_v4.first_task scheduled__2021-11-07T00:00:00+00:00 [running]> on host 0359316e7bd1
[2024-09-11T01:50:15.739+0000] {taskinstance.py:2648} INFO - Exporting env vars: AIRFLOW_CTX_DAG_OWNER='vohoang' AIRFLOW_CTX_DAG_ID='our_first_dag_v4' AIRFLOW_CTX_TASK_ID='first_task' AIRFLOW_CTX_EXECUTION_DATE='2021-11-07T00:00:00+00:00' AIRFLOW_CTX_TRY_NUMBER='1' AIRFLOW_CTX_DAG_RUN_ID='scheduled__2021-11-07T00:00:00+00:00'
[2024-09-11T01:50:15.745+0000] {taskinstance.py:430} INFO - ::endgroup::
[2024-09-11T01:50:15.769+0000] {subprocess.py:63} INFO - Tmp dir root location: /tmp
[2024-09-11T01:50:15.771+0000] {subprocess.py:75} INFO - Running command: ['/usr/bin/bash', '-c', 'echo "Hello my son. I\'m your dad."']
[2024-09-11T01:50:15.789+0000] {subprocess.py:86} INFO - Output:
[2024-09-11T01:50:15.792+0000] {subprocess.py:93} INFO - Hello my son. I'm your dad.
[2024-09-11T01:50:15.793+0000] {subprocess.py:97} INFO - Command exited with return code 0
[2024-09-11T01:50:15.794+0000] {taskinstance.py:441} INFO - ::group::Post task execution logs
[2024-09-11T01:50:15.838+0000] {taskinstance.py:1206} INFO - Marking task as SUCCESS. dag_id=our_first_dag_v4, task_id=first_task, run_id=scheduled__2021-11-07T00:00:00+00:00, execution_date=20211107T000000, start_date=20240911T015015, end_date=20240911T015015
[2024-09-11T01:50:15.886+0000] {local_task_job_runner.py:240} INFO - Task exited with return code 0
[2024-09-11T01:50:15.915+0000] {taskinstance.py:3503} INFO - 2 downstream tasks scheduled from follow-on schedule check
[2024-09-11T01:50:15.924+0000] {local_task_job_runner.py:222} INFO - ::endgroup::
