[2024-09-11T01:50:24.622+0000] {local_task_job_runner.py:120} INFO - ::group::Pre task execution logs
[2024-09-11T01:50:24.661+0000] {taskinstance.py:2076} INFO - Dependencies all met for dep_context=non-requeueable deps ti=<TaskInstance: our_first_dag_v4.first_task scheduled__2021-11-26T00:00:00+00:00 [queued]>
[2024-09-11T01:50:24.671+0000] {taskinstance.py:2076} INFO - Dependencies all met for dep_context=requeueable deps ti=<TaskInstance: our_first_dag_v4.first_task scheduled__2021-11-26T00:00:00+00:00 [queued]>
[2024-09-11T01:50:24.672+0000] {taskinstance.py:2306} INFO - Starting attempt 1 of 6
[2024-09-11T01:50:24.697+0000] {taskinstance.py:2330} INFO - Executing <Task(BashOperator): first_task> on 2021-11-26 00:00:00+00:00
[2024-09-11T01:50:24.709+0000] {standard_task_runner.py:90} INFO - Running: ['***', 'tasks', 'run', 'our_first_dag_v4', 'first_task', 'scheduled__2021-11-26T00:00:00+00:00', '--job-id', '352', '--raw', '--subdir', 'DAGS_FOLDER/our_first_dag.py', '--cfg-path', '/tmp/tmp7h8d4g05']
[2024-09-11T01:50:24.710+0000] {logging_mixin.py:188} WARNING - /home/***/.local/lib/python3.12/site-packages/***/task/task_runner/standard_task_runner.py:61 DeprecationWarning: This process (pid=2555) is multi-threaded, use of fork() may lead to deadlocks in the child.
[2024-09-11T01:50:24.712+0000] {standard_task_runner.py:91} INFO - Job 352: Subtask first_task
[2024-09-11T01:50:24.712+0000] {standard_task_runner.py:63} INFO - Started process 2567 to run task
[2024-09-11T01:50:24.772+0000] {task_command.py:426} INFO - Running <TaskInstance: our_first_dag_v4.first_task scheduled__2021-11-26T00:00:00+00:00 [running]> on host 0359316e7bd1
[2024-09-11T01:50:24.927+0000] {taskinstance.py:2648} INFO - Exporting env vars: AIRFLOW_CTX_DAG_OWNER='vohoang' AIRFLOW_CTX_DAG_ID='our_first_dag_v4' AIRFLOW_CTX_TASK_ID='first_task' AIRFLOW_CTX_EXECUTION_DATE='2021-11-26T00:00:00+00:00' AIRFLOW_CTX_TRY_NUMBER='1' AIRFLOW_CTX_DAG_RUN_ID='scheduled__2021-11-26T00:00:00+00:00'
[2024-09-11T01:50:24.928+0000] {taskinstance.py:430} INFO - ::endgroup::
[2024-09-11T01:50:24.954+0000] {subprocess.py:63} INFO - Tmp dir root location: /tmp
[2024-09-11T01:50:24.955+0000] {subprocess.py:75} INFO - Running command: ['/usr/bin/bash', '-c', 'echo "Hello my son. I\'m your dad."']
[2024-09-11T01:50:24.980+0000] {subprocess.py:86} INFO - Output:
[2024-09-11T01:50:24.984+0000] {subprocess.py:93} INFO - Hello my son. I'm your dad.
[2024-09-11T01:50:24.985+0000] {subprocess.py:97} INFO - Command exited with return code 0
[2024-09-11T01:50:24.986+0000] {taskinstance.py:441} INFO - ::group::Post task execution logs
[2024-09-11T01:50:25.028+0000] {taskinstance.py:1206} INFO - Marking task as SUCCESS. dag_id=our_first_dag_v4, task_id=first_task, run_id=scheduled__2021-11-26T00:00:00+00:00, execution_date=20211126T000000, start_date=20240911T015024, end_date=20240911T015025
[2024-09-11T01:50:25.090+0000] {local_task_job_runner.py:240} INFO - Task exited with return code 0
[2024-09-11T01:50:25.127+0000] {taskinstance.py:3503} INFO - 2 downstream tasks scheduled from follow-on schedule check
[2024-09-11T01:50:25.146+0000] {local_task_job_runner.py:222} INFO - ::endgroup::
