[2024-09-11T03:55:33.907+0000] {local_task_job_runner.py:120} INFO - ::group::Pre task execution logs
[2024-09-11T03:55:33.924+0000] {taskinstance.py:2076} INFO - Dependencies all met for dep_context=non-requeueable deps ti=<TaskInstance: dag_with_postgers_hooks_v04.postgres_to_s3 scheduled__2022-07-13T00:00:00+00:00 [queued]>
[2024-09-11T03:55:33.935+0000] {taskinstance.py:2076} INFO - Dependencies all met for dep_context=requeueable deps ti=<TaskInstance: dag_with_postgers_hooks_v04.postgres_to_s3 scheduled__2022-07-13T00:00:00+00:00 [queued]>
[2024-09-11T03:55:33.936+0000] {taskinstance.py:2306} INFO - Starting attempt 1 of 6
[2024-09-11T03:55:34.047+0000] {taskinstance.py:2330} INFO - Executing <Task(PythonOperator): postgres_to_s3> on 2022-07-13 00:00:00+00:00
[2024-09-11T03:55:34.056+0000] {logging_mixin.py:188} WARNING - /home/***/.local/lib/python3.12/site-packages/***/task/task_runner/standard_task_runner.py:61 DeprecationWarning: This process (pid=28191) is multi-threaded, use of fork() may lead to deadlocks in the child.
[2024-09-11T03:55:34.057+0000] {standard_task_runner.py:63} INFO - Started process 28196 to run task
[2024-09-11T03:55:34.056+0000] {standard_task_runner.py:90} INFO - Running: ['***', 'tasks', 'run', 'dag_with_postgers_hooks_v04', 'postgres_to_s3', 'scheduled__2022-07-13T00:00:00+00:00', '--job-id', '4322', '--raw', '--subdir', 'DAGS_FOLDER/17_dag_with_postgress_hook.py', '--cfg-path', '/tmp/tmppujdoq0_']
[2024-09-11T03:55:34.058+0000] {standard_task_runner.py:91} INFO - Job 4322: Subtask postgres_to_s3
[2024-09-11T03:55:34.110+0000] {task_command.py:426} INFO - Running <TaskInstance: dag_with_postgers_hooks_v04.postgres_to_s3 scheduled__2022-07-13T00:00:00+00:00 [running]> on host 0359316e7bd1
[2024-09-11T03:55:34.211+0000] {taskinstance.py:2648} INFO - Exporting env vars: AIRFLOW_CTX_DAG_OWNER='vohoang' AIRFLOW_CTX_DAG_ID='dag_with_postgers_hooks_v04' AIRFLOW_CTX_TASK_ID='postgres_to_s3' AIRFLOW_CTX_EXECUTION_DATE='2022-07-13T00:00:00+00:00' AIRFLOW_CTX_TRY_NUMBER='1' AIRFLOW_CTX_DAG_RUN_ID='scheduled__2022-07-13T00:00:00+00:00'
[2024-09-11T03:55:34.212+0000] {taskinstance.py:430} INFO - ::endgroup::
[2024-09-11T03:55:34.230+0000] {logging_mixin.py:188} WARNING - /home/***/.local/lib/python3.12/site-packages/***/utils/context.py:212 AirflowContextDeprecationWarning: Accessing 'next_ds_nodash' from the template is deprecated and will be removed in a future version. Please use '{{ data_interval_end | ds_nodash }}' instead.
[2024-09-11T03:55:34.240+0000] {base.py:84} INFO - Using connection ID 'postgres_localhost' for task execution.
[2024-09-11T03:55:34.254+0000] {17_dag_with_postgress_hook.py:38} INFO - Saved orders data in text file: dags/get_orders_20220713.txt
[2024-09-11T03:55:34.264+0000] {base.py:84} INFO - Using connection ID 'minio_s3_conn' for task execution.
[2024-09-11T03:55:34.265+0000] {connection_wrapper.py:384} INFO - AWS Connection (conn_id='minio_s3_conn', conn_type='aws') credentials retrieved from login and password.
[2024-09-11T03:55:34.711+0000] {17_dag_with_postgress_hook.py:48} INFO - Orders file /tmp/tmpzqpc4gvr20220713 has been pushed to S3!
[2024-09-11T03:55:34.712+0000] {python.py:237} INFO - Done. Returned value was: None
[2024-09-11T03:55:34.712+0000] {taskinstance.py:441} INFO - ::group::Post task execution logs
[2024-09-11T03:55:34.743+0000] {taskinstance.py:1206} INFO - Marking task as SUCCESS. dag_id=dag_with_postgers_hooks_v04, task_id=postgres_to_s3, run_id=scheduled__2022-07-13T00:00:00+00:00, execution_date=20220713T000000, start_date=20240911T035533, end_date=20240911T035534
[2024-09-11T03:55:34.792+0000] {local_task_job_runner.py:240} INFO - Task exited with return code 0
[2024-09-11T03:55:34.808+0000] {taskinstance.py:3503} INFO - 0 downstream tasks scheduled from follow-on schedule check
[2024-09-11T03:55:34.814+0000] {local_task_job_runner.py:222} INFO - ::endgroup::
