[2024-09-11T01:59:51.690+0000] {local_task_job_runner.py:120} INFO - ::group::Pre task execution logs
[2024-09-11T01:59:51.730+0000] {taskinstance.py:2076} INFO - Dependencies all met for dep_context=non-requeueable deps ti=<TaskInstance: our_first_dag_v4.third_task scheduled__2024-08-14T00:00:00+00:00 [queued]>
[2024-09-11T01:59:51.740+0000] {taskinstance.py:2076} INFO - Dependencies all met for dep_context=requeueable deps ti=<TaskInstance: our_first_dag_v4.third_task scheduled__2024-08-14T00:00:00+00:00 [queued]>
[2024-09-11T01:59:51.741+0000] {taskinstance.py:2306} INFO - Starting attempt 1 of 6
[2024-09-11T01:59:51.768+0000] {taskinstance.py:2330} INFO - Executing <Task(BashOperator): third_task> on 2024-08-14 00:00:00+00:00
[2024-09-11T01:59:51.782+0000] {logging_mixin.py:188} WARNING - /home/***/.local/lib/python3.12/site-packages/***/task/task_runner/standard_task_runner.py:61 DeprecationWarning: This process (pid=12669) is multi-threaded, use of fork() may lead to deadlocks in the child.
[2024-09-11T01:59:51.783+0000] {standard_task_runner.py:63} INFO - Started process 12677 to run task
[2024-09-11T01:59:51.782+0000] {standard_task_runner.py:90} INFO - Running: ['***', 'tasks', 'run', 'our_first_dag_v4', 'third_task', 'scheduled__2024-08-14T00:00:00+00:00', '--job-id', '3414', '--raw', '--subdir', 'DAGS_FOLDER/7. our_first_dag.py', '--cfg-path', '/tmp/tmpsudzoah2']
[2024-09-11T01:59:51.785+0000] {standard_task_runner.py:91} INFO - Job 3414: Subtask third_task
[2024-09-11T01:59:51.844+0000] {task_command.py:426} INFO - Running <TaskInstance: our_first_dag_v4.third_task scheduled__2024-08-14T00:00:00+00:00 [running]> on host 0359316e7bd1
[2024-09-11T01:59:51.975+0000] {taskinstance.py:2648} INFO - Exporting env vars: AIRFLOW_CTX_DAG_OWNER='vohoang' AIRFLOW_CTX_DAG_ID='our_first_dag_v4' AIRFLOW_CTX_TASK_ID='third_task' AIRFLOW_CTX_EXECUTION_DATE='2024-08-14T00:00:00+00:00' AIRFLOW_CTX_TRY_NUMBER='1' AIRFLOW_CTX_DAG_RUN_ID='scheduled__2024-08-14T00:00:00+00:00'
[2024-09-11T01:59:51.976+0000] {taskinstance.py:430} INFO - ::endgroup::
[2024-09-11T01:59:51.995+0000] {subprocess.py:63} INFO - Tmp dir root location: /tmp
[2024-09-11T01:59:51.997+0000] {subprocess.py:75} INFO - Running command: ['/usr/bin/bash', '-c', 'echo "hey, I am task3 and will be running after task 1"']
[2024-09-11T01:59:52.009+0000] {subprocess.py:86} INFO - Output:
[2024-09-11T01:59:52.011+0000] {subprocess.py:93} INFO - hey, I am task3 and will be running after task 1
[2024-09-11T01:59:52.012+0000] {subprocess.py:97} INFO - Command exited with return code 0
[2024-09-11T01:59:52.013+0000] {taskinstance.py:441} INFO - ::group::Post task execution logs
[2024-09-11T01:59:52.044+0000] {taskinstance.py:1206} INFO - Marking task as SUCCESS. dag_id=our_first_dag_v4, task_id=third_task, run_id=scheduled__2024-08-14T00:00:00+00:00, execution_date=20240814T000000, start_date=20240911T015951, end_date=20240911T015952
[2024-09-11T01:59:52.078+0000] {local_task_job_runner.py:240} INFO - Task exited with return code 0
[2024-09-11T01:59:52.095+0000] {taskinstance.py:3503} INFO - 0 downstream tasks scheduled from follow-on schedule check
[2024-09-11T01:59:52.104+0000] {local_task_job_runner.py:222} INFO - ::endgroup::
