[2024-09-11T03:56:01.828+0000] {local_task_job_runner.py:120} INFO - ::group::Pre task execution logs
[2024-09-11T03:56:01.847+0000] {taskinstance.py:2076} INFO - Dependencies all met for dep_context=non-requeueable deps ti=<TaskInstance: dag_with_postgers_hooks_v04.postgres_to_s3 scheduled__2022-09-09T00:00:00+00:00 [queued]>
[2024-09-11T03:56:01.859+0000] {taskinstance.py:2076} INFO - Dependencies all met for dep_context=requeueable deps ti=<TaskInstance: dag_with_postgers_hooks_v04.postgres_to_s3 scheduled__2022-09-09T00:00:00+00:00 [queued]>
[2024-09-11T03:56:01.860+0000] {taskinstance.py:2306} INFO - Starting attempt 1 of 6
[2024-09-11T03:56:01.959+0000] {taskinstance.py:2330} INFO - Executing <Task(PythonOperator): postgres_to_s3> on 2022-09-09 00:00:00+00:00
[2024-09-11T03:56:01.972+0000] {logging_mixin.py:188} WARNING - /home/***/.local/lib/python3.12/site-packages/***/task/task_runner/standard_task_runner.py:61 DeprecationWarning: This process (pid=28480) is multi-threaded, use of fork() may lead to deadlocks in the child.
[2024-09-11T03:56:01.972+0000] {standard_task_runner.py:90} INFO - Running: ['***', 'tasks', 'run', 'dag_with_postgers_hooks_v04', 'postgres_to_s3', 'scheduled__2022-09-09T00:00:00+00:00', '--job-id', '4380', '--raw', '--subdir', 'DAGS_FOLDER/17_dag_with_postgress_hook.py', '--cfg-path', '/tmp/tmp2mvyehnz']
[2024-09-11T03:56:01.974+0000] {standard_task_runner.py:63} INFO - Started process 28487 to run task
[2024-09-11T03:56:01.974+0000] {standard_task_runner.py:91} INFO - Job 4380: Subtask postgres_to_s3
[2024-09-11T03:56:02.026+0000] {task_command.py:426} INFO - Running <TaskInstance: dag_with_postgers_hooks_v04.postgres_to_s3 scheduled__2022-09-09T00:00:00+00:00 [running]> on host 0359316e7bd1
[2024-09-11T03:56:02.144+0000] {taskinstance.py:2648} INFO - Exporting env vars: AIRFLOW_CTX_DAG_OWNER='vohoang' AIRFLOW_CTX_DAG_ID='dag_with_postgers_hooks_v04' AIRFLOW_CTX_TASK_ID='postgres_to_s3' AIRFLOW_CTX_EXECUTION_DATE='2022-09-09T00:00:00+00:00' AIRFLOW_CTX_TRY_NUMBER='1' AIRFLOW_CTX_DAG_RUN_ID='scheduled__2022-09-09T00:00:00+00:00'
[2024-09-11T03:56:02.145+0000] {taskinstance.py:430} INFO - ::endgroup::
[2024-09-11T03:56:02.160+0000] {logging_mixin.py:188} WARNING - /home/***/.local/lib/python3.12/site-packages/***/utils/context.py:212 AirflowContextDeprecationWarning: Accessing 'next_ds_nodash' from the template is deprecated and will be removed in a future version. Please use '{{ data_interval_end | ds_nodash }}' instead.
[2024-09-11T03:56:02.169+0000] {base.py:84} INFO - Using connection ID 'postgres_localhost' for task execution.
[2024-09-11T03:56:02.181+0000] {17_dag_with_postgress_hook.py:38} INFO - Saved orders data in text file: dags/get_orders_20220909.txt
[2024-09-11T03:56:02.188+0000] {base.py:84} INFO - Using connection ID 'minio_s3_conn' for task execution.
[2024-09-11T03:56:02.189+0000] {connection_wrapper.py:384} INFO - AWS Connection (conn_id='minio_s3_conn', conn_type='aws') credentials retrieved from login and password.
[2024-09-11T03:56:02.565+0000] {17_dag_with_postgress_hook.py:48} INFO - Orders file /tmp/tmpdtjic6kn20220909 has been pushed to S3!
[2024-09-11T03:56:02.565+0000] {python.py:237} INFO - Done. Returned value was: None
[2024-09-11T03:56:02.566+0000] {taskinstance.py:441} INFO - ::group::Post task execution logs
[2024-09-11T03:56:02.597+0000] {taskinstance.py:1206} INFO - Marking task as SUCCESS. dag_id=dag_with_postgers_hooks_v04, task_id=postgres_to_s3, run_id=scheduled__2022-09-09T00:00:00+00:00, execution_date=20220909T000000, start_date=20240911T035601, end_date=20240911T035602
[2024-09-11T03:56:02.629+0000] {local_task_job_runner.py:240} INFO - Task exited with return code 0
[2024-09-11T03:56:02.645+0000] {taskinstance.py:3503} INFO - 0 downstream tasks scheduled from follow-on schedule check
[2024-09-11T03:56:02.651+0000] {local_task_job_runner.py:222} INFO - ::endgroup::
