[2024-09-11T01:52:02.742+0000] {local_task_job_runner.py:120} INFO - ::group::Pre task execution logs
[2024-09-11T01:52:02.772+0000] {taskinstance.py:2076} INFO - Dependencies all met for dep_context=non-requeueable deps ti=<TaskInstance: our_first_dag_v4.first_task scheduled__2022-06-10T00:00:00+00:00 [queued]>
[2024-09-11T01:52:02.781+0000] {taskinstance.py:2076} INFO - Dependencies all met for dep_context=requeueable deps ti=<TaskInstance: our_first_dag_v4.first_task scheduled__2022-06-10T00:00:00+00:00 [queued]>
[2024-09-11T01:52:02.782+0000] {taskinstance.py:2306} INFO - Starting attempt 1 of 6
[2024-09-11T01:52:02.799+0000] {taskinstance.py:2330} INFO - Executing <Task(BashOperator): first_task> on 2022-06-10 00:00:00+00:00
[2024-09-11T01:52:02.809+0000] {logging_mixin.py:188} WARNING - /home/***/.local/lib/python3.12/site-packages/***/task/task_runner/standard_task_runner.py:61 DeprecationWarning: This process (pid=4664) is multi-threaded, use of fork() may lead to deadlocks in the child.
[2024-09-11T01:52:02.809+0000] {standard_task_runner.py:90} INFO - Running: ['***', 'tasks', 'run', 'our_first_dag_v4', 'first_task', 'scheduled__2022-06-10T00:00:00+00:00', '--job-id', '1009', '--raw', '--subdir', 'DAGS_FOLDER/our_first_dag.py', '--cfg-path', '/tmp/tmp5v5cxbed']
[2024-09-11T01:52:02.810+0000] {standard_task_runner.py:63} INFO - Started process 4667 to run task
[2024-09-11T01:52:02.810+0000] {standard_task_runner.py:91} INFO - Job 1009: Subtask first_task
[2024-09-11T01:52:02.854+0000] {task_command.py:426} INFO - Running <TaskInstance: our_first_dag_v4.first_task scheduled__2022-06-10T00:00:00+00:00 [running]> on host 0359316e7bd1
[2024-09-11T01:52:02.960+0000] {taskinstance.py:2648} INFO - Exporting env vars: AIRFLOW_CTX_DAG_OWNER='vohoang' AIRFLOW_CTX_DAG_ID='our_first_dag_v4' AIRFLOW_CTX_TASK_ID='first_task' AIRFLOW_CTX_EXECUTION_DATE='2022-06-10T00:00:00+00:00' AIRFLOW_CTX_TRY_NUMBER='1' AIRFLOW_CTX_DAG_RUN_ID='scheduled__2022-06-10T00:00:00+00:00'
[2024-09-11T01:52:02.961+0000] {taskinstance.py:430} INFO - ::endgroup::
[2024-09-11T01:52:02.976+0000] {subprocess.py:63} INFO - Tmp dir root location: /tmp
[2024-09-11T01:52:02.977+0000] {subprocess.py:75} INFO - Running command: ['/usr/bin/bash', '-c', 'echo "Hello my son. I\'m your dad."']
[2024-09-11T01:52:02.990+0000] {subprocess.py:86} INFO - Output:
[2024-09-11T01:52:02.992+0000] {subprocess.py:93} INFO - Hello my son. I'm your dad.
[2024-09-11T01:52:02.993+0000] {subprocess.py:97} INFO - Command exited with return code 0
[2024-09-11T01:52:02.993+0000] {taskinstance.py:441} INFO - ::group::Post task execution logs
[2024-09-11T01:52:03.027+0000] {taskinstance.py:1206} INFO - Marking task as SUCCESS. dag_id=our_first_dag_v4, task_id=first_task, run_id=scheduled__2022-06-10T00:00:00+00:00, execution_date=20220610T000000, start_date=20240911T015202, end_date=20240911T015203
[2024-09-11T01:52:03.064+0000] {local_task_job_runner.py:240} INFO - Task exited with return code 0
[2024-09-11T01:52:03.076+0000] {local_task_job_runner.py:222} INFO - ::endgroup::
