[2024-09-11T01:49:39.299+0000] {local_task_job_runner.py:120} INFO - ::group::Pre task execution logs
[2024-09-11T01:49:39.348+0000] {taskinstance.py:2076} INFO - Dependencies all met for dep_context=non-requeueable deps ti=<TaskInstance: our_first_dag_v4.first_task scheduled__2021-08-18T00:00:00+00:00 [queued]>
[2024-09-11T01:49:39.358+0000] {taskinstance.py:2076} INFO - Dependencies all met for dep_context=requeueable deps ti=<TaskInstance: our_first_dag_v4.first_task scheduled__2021-08-18T00:00:00+00:00 [queued]>
[2024-09-11T01:49:39.358+0000] {taskinstance.py:2306} INFO - Starting attempt 1 of 6
[2024-09-11T01:49:39.387+0000] {taskinstance.py:2330} INFO - Executing <Task(BashOperator): first_task> on 2021-08-18 00:00:00+00:00
[2024-09-11T01:49:39.398+0000] {logging_mixin.py:188} WARNING - /home/***/.local/lib/python3.12/site-packages/***/task/task_runner/standard_task_runner.py:61 DeprecationWarning: This process (pid=1543) is multi-threaded, use of fork() may lead to deadlocks in the child.
[2024-09-11T01:49:39.400+0000] {standard_task_runner.py:63} INFO - Started process 1556 to run task
[2024-09-11T01:49:39.399+0000] {standard_task_runner.py:90} INFO - Running: ['***', 'tasks', 'run', 'our_first_dag_v4', 'first_task', 'scheduled__2021-08-18T00:00:00+00:00', '--job-id', '50', '--raw', '--subdir', 'DAGS_FOLDER/our_first_dag.py', '--cfg-path', '/tmp/tmpg_lt9tzk']
[2024-09-11T01:49:39.403+0000] {standard_task_runner.py:91} INFO - Job 50: Subtask first_task
[2024-09-11T01:49:39.475+0000] {task_command.py:426} INFO - Running <TaskInstance: our_first_dag_v4.first_task scheduled__2021-08-18T00:00:00+00:00 [running]> on host 0359316e7bd1
[2024-09-11T01:49:39.658+0000] {taskinstance.py:2648} INFO - Exporting env vars: AIRFLOW_CTX_DAG_OWNER='vohoang' AIRFLOW_CTX_DAG_ID='our_first_dag_v4' AIRFLOW_CTX_TASK_ID='first_task' AIRFLOW_CTX_EXECUTION_DATE='2021-08-18T00:00:00+00:00' AIRFLOW_CTX_TRY_NUMBER='1' AIRFLOW_CTX_DAG_RUN_ID='scheduled__2021-08-18T00:00:00+00:00'
[2024-09-11T01:49:39.659+0000] {taskinstance.py:430} INFO - ::endgroup::
[2024-09-11T01:49:39.699+0000] {subprocess.py:63} INFO - Tmp dir root location: /tmp
[2024-09-11T01:49:39.702+0000] {subprocess.py:75} INFO - Running command: ['/usr/bin/bash', '-c', 'echo "Hello my son. I\'m your dad."']
[2024-09-11T01:49:39.733+0000] {subprocess.py:86} INFO - Output:
[2024-09-11T01:49:39.737+0000] {subprocess.py:93} INFO - Hello my son. I'm your dad.
[2024-09-11T01:49:39.738+0000] {subprocess.py:97} INFO - Command exited with return code 0
[2024-09-11T01:49:39.740+0000] {taskinstance.py:441} INFO - ::group::Post task execution logs
[2024-09-11T01:49:39.797+0000] {taskinstance.py:1206} INFO - Marking task as SUCCESS. dag_id=our_first_dag_v4, task_id=first_task, run_id=scheduled__2021-08-18T00:00:00+00:00, execution_date=20210818T000000, start_date=20240911T014939, end_date=20240911T014939
[2024-09-11T01:49:39.864+0000] {local_task_job_runner.py:240} INFO - Task exited with return code 0
[2024-09-11T01:49:39.884+0000] {local_task_job_runner.py:222} INFO - ::endgroup::
