[2024-09-11T01:56:39.294+0000] {local_task_job_runner.py:120} INFO - ::group::Pre task execution logs
[2024-09-11T01:56:39.339+0000] {taskinstance.py:2076} INFO - Dependencies all met for dep_context=non-requeueable deps ti=<TaskInstance: our_first_dag_v4.third_task scheduled__2023-10-17T00:00:00+00:00 [queued]>
[2024-09-11T01:56:39.381+0000] {taskinstance.py:2076} INFO - Dependencies all met for dep_context=requeueable deps ti=<TaskInstance: our_first_dag_v4.third_task scheduled__2023-10-17T00:00:00+00:00 [queued]>
[2024-09-11T01:56:39.382+0000] {taskinstance.py:2306} INFO - Starting attempt 1 of 6
[2024-09-11T01:56:39.534+0000] {taskinstance.py:2330} INFO - Executing <Task(BashOperator): third_task> on 2023-10-17 00:00:00+00:00
[2024-09-11T01:56:39.552+0000] {logging_mixin.py:188} WARNING - /home/***/.local/lib/python3.12/site-packages/***/task/task_runner/standard_task_runner.py:61 DeprecationWarning: This process (pid=9674) is multi-threaded, use of fork() may lead to deadlocks in the child.
[2024-09-11T01:56:39.553+0000] {standard_task_runner.py:63} INFO - Started process 9704 to run task
[2024-09-11T01:56:39.553+0000] {standard_task_runner.py:90} INFO - Running: ['***', 'tasks', 'run', 'our_first_dag_v4', 'third_task', 'scheduled__2023-10-17T00:00:00+00:00', '--job-id', '2515', '--raw', '--subdir', 'DAGS_FOLDER/7. our_first_dag.py', '--cfg-path', '/tmp/tmpxi30twu5']
[2024-09-11T01:56:39.555+0000] {standard_task_runner.py:91} INFO - Job 2515: Subtask third_task
[2024-09-11T01:56:39.664+0000] {task_command.py:426} INFO - Running <TaskInstance: our_first_dag_v4.third_task scheduled__2023-10-17T00:00:00+00:00 [running]> on host 0359316e7bd1
[2024-09-11T01:56:39.890+0000] {taskinstance.py:2648} INFO - Exporting env vars: AIRFLOW_CTX_DAG_OWNER='vohoang' AIRFLOW_CTX_DAG_ID='our_first_dag_v4' AIRFLOW_CTX_TASK_ID='third_task' AIRFLOW_CTX_EXECUTION_DATE='2023-10-17T00:00:00+00:00' AIRFLOW_CTX_TRY_NUMBER='1' AIRFLOW_CTX_DAG_RUN_ID='scheduled__2023-10-17T00:00:00+00:00'
[2024-09-11T01:56:39.894+0000] {taskinstance.py:430} INFO - ::endgroup::
[2024-09-11T01:56:39.900+0000] {subprocess.py:63} INFO - Tmp dir root location: /tmp
[2024-09-11T01:56:39.903+0000] {subprocess.py:75} INFO - Running command: ['/usr/bin/bash', '-c', 'echo "hey, I am task3 and will be running after task 1"']
[2024-09-11T01:56:39.944+0000] {subprocess.py:86} INFO - Output:
[2024-09-11T01:56:39.950+0000] {subprocess.py:93} INFO - hey, I am task3 and will be running after task 1
[2024-09-11T01:56:39.951+0000] {subprocess.py:97} INFO - Command exited with return code 0
[2024-09-11T01:56:39.952+0000] {taskinstance.py:441} INFO - ::group::Post task execution logs
[2024-09-11T01:56:40.002+0000] {taskinstance.py:1206} INFO - Marking task as SUCCESS. dag_id=our_first_dag_v4, task_id=third_task, run_id=scheduled__2023-10-17T00:00:00+00:00, execution_date=20231017T000000, start_date=20240911T015639, end_date=20240911T015640
[2024-09-11T01:56:40.108+0000] {local_task_job_runner.py:240} INFO - Task exited with return code 0
[2024-09-11T01:56:40.151+0000] {taskinstance.py:3503} INFO - 0 downstream tasks scheduled from follow-on schedule check
[2024-09-11T01:56:40.176+0000] {local_task_job_runner.py:222} INFO - ::endgroup::
