[2024-09-11T01:57:19.459+0000] {local_task_job_runner.py:120} INFO - ::group::Pre task execution logs
[2024-09-11T01:57:19.500+0000] {taskinstance.py:2076} INFO - Dependencies all met for dep_context=non-requeueable deps ti=<TaskInstance: our_first_dag_v4.first_task scheduled__2023-12-27T00:00:00+00:00 [queued]>
[2024-09-11T01:57:19.526+0000] {taskinstance.py:2076} INFO - Dependencies all met for dep_context=requeueable deps ti=<TaskInstance: our_first_dag_v4.first_task scheduled__2023-12-27T00:00:00+00:00 [queued]>
[2024-09-11T01:57:19.527+0000] {taskinstance.py:2306} INFO - Starting attempt 1 of 6
[2024-09-11T01:57:19.689+0000] {taskinstance.py:2330} INFO - Executing <Task(BashOperator): first_task> on 2023-12-27 00:00:00+00:00
[2024-09-11T01:57:19.702+0000] {logging_mixin.py:188} WARNING - /home/***/.local/lib/python3.12/site-packages/***/task/task_runner/standard_task_runner.py:61 DeprecationWarning: This process (pid=10262) is multi-threaded, use of fork() may lead to deadlocks in the child.
[2024-09-11T01:57:19.704+0000] {standard_task_runner.py:63} INFO - Started process 10291 to run task
[2024-09-11T01:57:19.706+0000] {standard_task_runner.py:90} INFO - Running: ['***', 'tasks', 'run', 'our_first_dag_v4', 'first_task', 'scheduled__2023-12-27T00:00:00+00:00', '--job-id', '2698', '--raw', '--subdir', 'DAGS_FOLDER/7. our_first_dag.py', '--cfg-path', '/tmp/tmpar_bbupo']
[2024-09-11T01:57:19.708+0000] {standard_task_runner.py:91} INFO - Job 2698: Subtask first_task
[2024-09-11T01:57:19.823+0000] {task_command.py:426} INFO - Running <TaskInstance: our_first_dag_v4.first_task scheduled__2023-12-27T00:00:00+00:00 [running]> on host 0359316e7bd1
[2024-09-11T01:57:19.986+0000] {taskinstance.py:2648} INFO - Exporting env vars: AIRFLOW_CTX_DAG_OWNER='vohoang' AIRFLOW_CTX_DAG_ID='our_first_dag_v4' AIRFLOW_CTX_TASK_ID='first_task' AIRFLOW_CTX_EXECUTION_DATE='2023-12-27T00:00:00+00:00' AIRFLOW_CTX_TRY_NUMBER='1' AIRFLOW_CTX_DAG_RUN_ID='scheduled__2023-12-27T00:00:00+00:00'
[2024-09-11T01:57:19.993+0000] {taskinstance.py:430} INFO - ::endgroup::
[2024-09-11T01:57:19.997+0000] {subprocess.py:63} INFO - Tmp dir root location: /tmp
[2024-09-11T01:57:19.999+0000] {subprocess.py:75} INFO - Running command: ['/usr/bin/bash', '-c', 'echo "Hello my son. I\'m your dad."']
[2024-09-11T01:57:20.021+0000] {subprocess.py:86} INFO - Output:
[2024-09-11T01:57:20.025+0000] {subprocess.py:93} INFO - Hello my son. I'm your dad.
[2024-09-11T01:57:20.026+0000] {subprocess.py:97} INFO - Command exited with return code 0
[2024-09-11T01:57:20.027+0000] {taskinstance.py:441} INFO - ::group::Post task execution logs
[2024-09-11T01:57:20.090+0000] {taskinstance.py:1206} INFO - Marking task as SUCCESS. dag_id=our_first_dag_v4, task_id=first_task, run_id=scheduled__2023-12-27T00:00:00+00:00, execution_date=20231227T000000, start_date=20240911T015719, end_date=20240911T015720
[2024-09-11T01:57:20.163+0000] {local_task_job_runner.py:240} INFO - Task exited with return code 0
[2024-09-11T01:57:20.179+0000] {local_task_job_runner.py:222} INFO - ::endgroup::
