[2024-09-11T01:55:41.413+0000] {local_task_job_runner.py:120} INFO - ::group::Pre task execution logs
[2024-09-11T01:55:41.437+0000] {taskinstance.py:2076} INFO - Dependencies all met for dep_context=non-requeueable deps ti=<TaskInstance: our_first_dag_v4.first_task scheduled__2023-07-29T00:00:00+00:00 [queued]>
[2024-09-11T01:55:41.451+0000] {taskinstance.py:2076} INFO - Dependencies all met for dep_context=requeueable deps ti=<TaskInstance: our_first_dag_v4.first_task scheduled__2023-07-29T00:00:00+00:00 [queued]>
[2024-09-11T01:55:41.452+0000] {taskinstance.py:2306} INFO - Starting attempt 1 of 6
[2024-09-11T01:55:41.600+0000] {taskinstance.py:2330} INFO - Executing <Task(BashOperator): first_task> on 2023-07-29 00:00:00+00:00
[2024-09-11T01:55:41.612+0000] {logging_mixin.py:188} WARNING - /home/***/.local/lib/python3.12/site-packages/***/task/task_runner/standard_task_runner.py:61 DeprecationWarning: This process (pid=8810) is multi-threaded, use of fork() may lead to deadlocks in the child.
[2024-09-11T01:55:41.614+0000] {standard_task_runner.py:63} INFO - Started process 8823 to run task
[2024-09-11T01:55:41.618+0000] {standard_task_runner.py:90} INFO - Running: ['***', 'tasks', 'run', 'our_first_dag_v4', 'first_task', 'scheduled__2023-07-29T00:00:00+00:00', '--job-id', '2255', '--raw', '--subdir', 'DAGS_FOLDER/7. our_first_dag.py', '--cfg-path', '/tmp/tmpe2jw2fvx']
[2024-09-11T01:55:41.620+0000] {standard_task_runner.py:91} INFO - Job 2255: Subtask first_task
[2024-09-11T01:55:41.698+0000] {task_command.py:426} INFO - Running <TaskInstance: our_first_dag_v4.first_task scheduled__2023-07-29T00:00:00+00:00 [running]> on host 0359316e7bd1
[2024-09-11T01:55:41.849+0000] {taskinstance.py:2648} INFO - Exporting env vars: AIRFLOW_CTX_DAG_OWNER='vohoang' AIRFLOW_CTX_DAG_ID='our_first_dag_v4' AIRFLOW_CTX_TASK_ID='first_task' AIRFLOW_CTX_EXECUTION_DATE='2023-07-29T00:00:00+00:00' AIRFLOW_CTX_TRY_NUMBER='1' AIRFLOW_CTX_DAG_RUN_ID='scheduled__2023-07-29T00:00:00+00:00'
[2024-09-11T01:55:41.851+0000] {taskinstance.py:430} INFO - ::endgroup::
[2024-09-11T01:55:41.852+0000] {subprocess.py:63} INFO - Tmp dir root location: /tmp
[2024-09-11T01:55:41.853+0000] {subprocess.py:75} INFO - Running command: ['/usr/bin/bash', '-c', 'echo "Hello my son. I\'m your dad."']
[2024-09-11T01:55:41.870+0000] {subprocess.py:86} INFO - Output:
[2024-09-11T01:55:41.873+0000] {subprocess.py:93} INFO - Hello my son. I'm your dad.
[2024-09-11T01:55:41.873+0000] {subprocess.py:97} INFO - Command exited with return code 0
[2024-09-11T01:55:41.874+0000] {taskinstance.py:441} INFO - ::group::Post task execution logs
[2024-09-11T01:55:41.911+0000] {taskinstance.py:1206} INFO - Marking task as SUCCESS. dag_id=our_first_dag_v4, task_id=first_task, run_id=scheduled__2023-07-29T00:00:00+00:00, execution_date=20230729T000000, start_date=20240911T015541, end_date=20240911T015541
[2024-09-11T01:55:41.990+0000] {local_task_job_runner.py:240} INFO - Task exited with return code 0
[2024-09-11T01:55:42.032+0000] {taskinstance.py:3503} INFO - 2 downstream tasks scheduled from follow-on schedule check
[2024-09-11T01:55:42.046+0000] {local_task_job_runner.py:222} INFO - ::endgroup::
