[2024-07-02T03:47:40.231+0000] {local_task_job_runner.py:120} INFO - ::group::Pre task execution logs
[2024-07-02T03:47:40.273+0000] {taskinstance.py:2076} INFO - Dependencies all met for dep_context=non-requeueable deps ti=<TaskInstance: dag_with_postgers_hooks_v01.postgres_to_s3 scheduled__2024-07-01T00:00:00+00:00 [queued]>
[2024-07-02T03:47:40.280+0000] {taskinstance.py:2076} INFO - Dependencies all met for dep_context=requeueable deps ti=<TaskInstance: dag_with_postgers_hooks_v01.postgres_to_s3 scheduled__2024-07-01T00:00:00+00:00 [queued]>
[2024-07-02T03:47:40.280+0000] {taskinstance.py:2306} INFO - Starting attempt 1 of 6
[2024-07-02T03:47:40.297+0000] {taskinstance.py:2330} INFO - Executing <Task(PythonOperator): postgres_to_s3> on 2024-07-01 00:00:00+00:00
[2024-07-02T03:47:40.304+0000] {standard_task_runner.py:90} INFO - Running: ['***', 'tasks', 'run', 'dag_with_postgers_hooks_v01', 'postgres_to_s3', 'scheduled__2024-07-01T00:00:00+00:00', '--job-id', '12', '--raw', '--subdir', 'DAGS_FOLDER/dag_with_postgress_hook.py', '--cfg-path', '/tmp/tmp181m7gp1']
[2024-07-02T03:47:40.305+0000] {standard_task_runner.py:91} INFO - Job 12: Subtask postgres_to_s3
[2024-07-02T03:47:40.306+0000] {logging_mixin.py:188} WARNING - /home/***/.local/lib/python3.12/site-packages/***/task/task_runner/standard_task_runner.py:61 DeprecationWarning: This process (pid=15752) is multi-threaded, use of fork() may lead to deadlocks in the child.
[2024-07-02T03:47:40.307+0000] {standard_task_runner.py:63} INFO - Started process 15753 to run task
[2024-07-02T03:47:40.346+0000] {task_command.py:426} INFO - Running <TaskInstance: dag_with_postgers_hooks_v01.postgres_to_s3 scheduled__2024-07-01T00:00:00+00:00 [running]> on host 468cd84e5e4e
[2024-07-02T03:47:40.457+0000] {taskinstance.py:2648} INFO - Exporting env vars: AIRFLOW_CTX_DAG_OWNER='vohoang' AIRFLOW_CTX_DAG_ID='dag_with_postgers_hooks_v01' AIRFLOW_CTX_TASK_ID='postgres_to_s3' AIRFLOW_CTX_EXECUTION_DATE='2024-07-01T00:00:00+00:00' AIRFLOW_CTX_TRY_NUMBER='1' AIRFLOW_CTX_DAG_RUN_ID='scheduled__2024-07-01T00:00:00+00:00'
[2024-07-02T03:47:40.458+0000] {taskinstance.py:430} INFO - ::endgroup::
[2024-07-02T03:47:40.478+0000] {taskinstance.py:441} INFO - ::group::Post task execution logs
[2024-07-02T03:47:40.478+0000] {taskinstance.py:2905} ERROR - Task failed with exception
Traceback (most recent call last):
  File "/home/airflow/.local/lib/python3.12/site-packages/airflow/models/taskinstance.py", line 465, in _execute_task
    result = _execute_callable(context=context, **execute_callable_kwargs)
             ^^^^^^^^^^^^^^^^^^^^^^^^^^^^^^^^^^^^^^^^^^^^^^^^^^^^^^^^^^^^^
  File "/home/airflow/.local/lib/python3.12/site-packages/airflow/models/taskinstance.py", line 432, in _execute_callable
    return execute_callable(context=context, **execute_callable_kwargs)
           ^^^^^^^^^^^^^^^^^^^^^^^^^^^^^^^^^^^^^^^^^^^^^^^^^^^^^^^^^^^^
  File "/home/airflow/.local/lib/python3.12/site-packages/airflow/models/baseoperator.py", line 401, in wrapper
    return func(self, *args, **kwargs)
           ^^^^^^^^^^^^^^^^^^^^^^^^^^^
  File "/home/airflow/.local/lib/python3.12/site-packages/airflow/operators/python.py", line 235, in execute
    return_value = self.execute_callable()
                   ^^^^^^^^^^^^^^^^^^^^^^^
  File "/home/airflow/.local/lib/python3.12/site-packages/airflow/operators/python.py", line 252, in execute_callable
    return self.python_callable(*self.op_args, **self.op_kwargs)
           ^^^^^^^^^^^^^^^^^^^^^^^^^^^^^^^^^^^^^^^^^^^^^^^^^^^^^
  File "/opt/airflow/dags/dag_with_postgress_hook.py", line 20, in postgres_to_s3
    hook = PostgressHook(postgres_conn_id="postgres_conn_id")
           ^^^^^^^^^^^^^
NameError: name 'PostgressHook' is not defined. Did you mean: 'PostgresHook'?
[2024-07-02T03:47:40.489+0000] {taskinstance.py:1206} INFO - Marking task as UP_FOR_RETRY. dag_id=dag_with_postgers_hooks_v01, task_id=postgres_to_s3, run_id=scheduled__2024-07-01T00:00:00+00:00, execution_date=20240701T000000, start_date=20240702T034740, end_date=20240702T034740
[2024-07-02T03:47:40.503+0000] {standard_task_runner.py:110} ERROR - Failed to execute job 12 for task postgres_to_s3 (name 'PostgressHook' is not defined; 15753)
[2024-07-02T03:47:40.521+0000] {local_task_job_runner.py:240} INFO - Task exited with return code 1
[2024-07-02T03:47:40.536+0000] {taskinstance.py:3503} INFO - 0 downstream tasks scheduled from follow-on schedule check
[2024-07-02T03:47:40.541+0000] {local_task_job_runner.py:222} INFO - ::endgroup::
