[2024-09-11T02:38:26.813+0000] {local_task_job_runner.py:120} INFO - ::group::Pre task execution logs
[2024-09-11T02:38:26.862+0000] {taskinstance.py:2076} INFO - Dependencies all met for dep_context=non-requeueable deps ti=<TaskInstance: dag_with_postgres_operator_v03.create_postgres_table scheduled__2024-08-16T00:00:00+00:00 [queued]>
[2024-09-11T02:38:26.873+0000] {taskinstance.py:2076} INFO - Dependencies all met for dep_context=requeueable deps ti=<TaskInstance: dag_with_postgres_operator_v03.create_postgres_table scheduled__2024-08-16T00:00:00+00:00 [queued]>
[2024-09-11T02:38:26.874+0000] {taskinstance.py:2306} INFO - Starting attempt 1 of 6
[2024-09-11T02:38:26.896+0000] {taskinstance.py:2330} INFO - Executing <Task(PostgresOperator): create_postgres_table> on 2024-08-16 00:00:00+00:00
[2024-09-11T02:38:26.908+0000] {logging_mixin.py:188} WARNING - /home/***/.local/lib/python3.12/site-packages/***/task/task_runner/standard_task_runner.py:61 DeprecationWarning: This process (pid=18354) is multi-threaded, use of fork() may lead to deadlocks in the child.
[2024-09-11T02:38:26.908+0000] {standard_task_runner.py:90} INFO - Running: ['***', 'tasks', 'run', 'dag_with_postgres_operator_v03', 'create_postgres_table', 'scheduled__2024-08-16T00:00:00+00:00', '--job-id', '4068', '--raw', '--subdir', 'DAGS_FOLDER/13_dag_with_postgres_operator.py', '--cfg-path', '/tmp/tmpav0a8u8a']
[2024-09-11T02:38:26.909+0000] {standard_task_runner.py:63} INFO - Started process 18359 to run task
[2024-09-11T02:38:26.910+0000] {standard_task_runner.py:91} INFO - Job 4068: Subtask create_postgres_table
[2024-09-11T02:38:26.962+0000] {task_command.py:426} INFO - Running <TaskInstance: dag_with_postgres_operator_v03.create_postgres_table scheduled__2024-08-16T00:00:00+00:00 [running]> on host 0359316e7bd1
[2024-09-11T02:38:27.085+0000] {taskinstance.py:2648} INFO - Exporting env vars: AIRFLOW_CTX_DAG_OWNER='vohoang' AIRFLOW_CTX_DAG_ID='dag_with_postgres_operator_v03' AIRFLOW_CTX_TASK_ID='create_postgres_table' AIRFLOW_CTX_EXECUTION_DATE='2024-08-16T00:00:00+00:00' AIRFLOW_CTX_TRY_NUMBER='1' AIRFLOW_CTX_DAG_RUN_ID='scheduled__2024-08-16T00:00:00+00:00'
[2024-09-11T02:38:27.086+0000] {taskinstance.py:430} INFO - ::endgroup::
[2024-09-11T02:38:27.109+0000] {sql.py:276} INFO - Executing: 
            create table if not exists dag_runs (
                dt date,
                dag_id character varying,
                primary key (dt, dag_id)
            )
        
[2024-09-11T02:38:27.119+0000] {base.py:84} INFO - Using connection ID 'postgres_localhost' for task execution.
[2024-09-11T02:38:27.130+0000] {base.py:84} INFO - Using connection ID 'postgres_localhost' for task execution.
[2024-09-11T02:38:27.143+0000] {sql.py:487} INFO - Running statement: 
            create table if not exists dag_runs (
                dt date,
                dag_id character varying,
                primary key (dt, dag_id)
            )
        , parameters: None
[2024-09-11T02:38:27.149+0000] {taskinstance.py:441} INFO - ::group::Post task execution logs
[2024-09-11T02:38:27.163+0000] {taskinstance.py:1206} INFO - Marking task as SUCCESS. dag_id=dag_with_postgres_operator_v03, task_id=create_postgres_table, run_id=scheduled__2024-08-16T00:00:00+00:00, execution_date=20240816T000000, start_date=20240911T023826, end_date=20240911T023827
[2024-09-11T02:38:27.204+0000] {local_task_job_runner.py:240} INFO - Task exited with return code 0
[2024-09-11T02:38:27.217+0000] {local_task_job_runner.py:222} INFO - ::endgroup::
