[2024-09-11T01:59:36.791+0000] {processor.py:161} INFO - Started process (PID=12365) to work on /opt/airflow/dags/7. our_first_dag.py
[2024-09-11T01:59:36.793+0000] {processor.py:830} INFO - Processing file /opt/airflow/dags/7. our_first_dag.py for tasks to queue
[2024-09-11T01:59:36.795+0000] {logging_mixin.py:188} INFO - [2024-09-11T01:59:36.794+0000] {dagbag.py:545} INFO - Filling up the DagBag from /opt/airflow/dags/7. our_first_dag.py
[2024-09-11T01:59:36.826+0000] {processor.py:840} INFO - DAG(s) 'our_first_dag_v4' retrieved from /opt/airflow/dags/7. our_first_dag.py
[2024-09-11T01:59:37.061+0000] {logging_mixin.py:188} INFO - [2024-09-11T01:59:37.060+0000] {dag.py:3096} INFO - Sync 1 DAGs
[2024-09-11T01:59:37.172+0000] {processor.py:183} INFO - Processing /opt/airflow/dags/7. our_first_dag.py took 0.400 seconds
[2024-09-11T02:00:07.304+0000] {processor.py:161} INFO - Started process (PID=12953) to work on /opt/airflow/dags/7. our_first_dag.py
[2024-09-11T02:00:07.305+0000] {processor.py:830} INFO - Processing file /opt/airflow/dags/7. our_first_dag.py for tasks to queue
[2024-09-11T02:00:07.306+0000] {logging_mixin.py:188} INFO - [2024-09-11T02:00:07.306+0000] {dagbag.py:545} INFO - Filling up the DagBag from /opt/airflow/dags/7. our_first_dag.py
[2024-09-11T02:00:07.321+0000] {processor.py:840} INFO - DAG(s) 'our_first_dag_v4' retrieved from /opt/airflow/dags/7. our_first_dag.py
[2024-09-11T02:00:07.340+0000] {logging_mixin.py:188} INFO - [2024-09-11T02:00:07.340+0000] {dag.py:3096} INFO - Sync 1 DAGs
[2024-09-11T02:00:07.361+0000] {logging_mixin.py:188} INFO - [2024-09-11T02:00:07.361+0000] {dag.py:3954} INFO - Setting next_dagrun for our_first_dag_v4 to 2024-09-11 00:00:00+00:00, run_after=2024-09-12 00:00:00+00:00
[2024-09-11T02:00:07.382+0000] {processor.py:183} INFO - Processing /opt/airflow/dags/7. our_first_dag.py took 0.086 seconds
[2024-09-11T02:00:38.147+0000] {processor.py:161} INFO - Started process (PID=13014) to work on /opt/airflow/dags/7. our_first_dag.py
[2024-09-11T02:00:38.148+0000] {processor.py:830} INFO - Processing file /opt/airflow/dags/7. our_first_dag.py for tasks to queue
[2024-09-11T02:00:38.148+0000] {logging_mixin.py:188} INFO - [2024-09-11T02:00:38.148+0000] {dagbag.py:545} INFO - Filling up the DagBag from /opt/airflow/dags/7. our_first_dag.py
[2024-09-11T02:00:38.164+0000] {processor.py:840} INFO - DAG(s) 'our_first_dag_v4' retrieved from /opt/airflow/dags/7. our_first_dag.py
[2024-09-11T02:00:38.187+0000] {logging_mixin.py:188} INFO - [2024-09-11T02:00:38.187+0000] {dag.py:3096} INFO - Sync 1 DAGs
[2024-09-11T02:00:38.211+0000] {logging_mixin.py:188} INFO - [2024-09-11T02:00:38.211+0000] {dag.py:3954} INFO - Setting next_dagrun for our_first_dag_v4 to 2024-09-11 00:00:00+00:00, run_after=2024-09-12 00:00:00+00:00
[2024-09-11T02:00:38.233+0000] {processor.py:183} INFO - Processing /opt/airflow/dags/7. our_first_dag.py took 0.095 seconds
[2024-09-11T02:01:08.924+0000] {processor.py:161} INFO - Started process (PID=13081) to work on /opt/airflow/dags/7. our_first_dag.py
[2024-09-11T02:01:08.925+0000] {processor.py:830} INFO - Processing file /opt/airflow/dags/7. our_first_dag.py for tasks to queue
[2024-09-11T02:01:08.926+0000] {logging_mixin.py:188} INFO - [2024-09-11T02:01:08.925+0000] {dagbag.py:545} INFO - Filling up the DagBag from /opt/airflow/dags/7. our_first_dag.py
[2024-09-11T02:01:08.941+0000] {processor.py:840} INFO - DAG(s) 'our_first_dag_v4' retrieved from /opt/airflow/dags/7. our_first_dag.py
[2024-09-11T02:01:08.962+0000] {logging_mixin.py:188} INFO - [2024-09-11T02:01:08.962+0000] {dag.py:3096} INFO - Sync 1 DAGs
[2024-09-11T02:01:08.984+0000] {logging_mixin.py:188} INFO - [2024-09-11T02:01:08.984+0000] {dag.py:3954} INFO - Setting next_dagrun for our_first_dag_v4 to 2024-09-11 00:00:00+00:00, run_after=2024-09-12 00:00:00+00:00
[2024-09-11T02:01:09.007+0000] {processor.py:183} INFO - Processing /opt/airflow/dags/7. our_first_dag.py took 0.093 seconds
[2024-09-11T02:01:39.285+0000] {processor.py:161} INFO - Started process (PID=13373) to work on /opt/airflow/dags/7. our_first_dag.py
[2024-09-11T02:01:39.288+0000] {processor.py:830} INFO - Processing file /opt/airflow/dags/7. our_first_dag.py for tasks to queue
[2024-09-11T02:01:39.289+0000] {logging_mixin.py:188} INFO - [2024-09-11T02:01:39.289+0000] {dagbag.py:545} INFO - Filling up the DagBag from /opt/airflow/dags/7. our_first_dag.py
[2024-09-11T02:01:39.323+0000] {processor.py:840} INFO - DAG(s) 'our_first_dag_v4' retrieved from /opt/airflow/dags/7. our_first_dag.py
[2024-09-11T02:01:39.364+0000] {logging_mixin.py:188} INFO - [2024-09-11T02:01:39.363+0000] {dag.py:3096} INFO - Sync 1 DAGs
[2024-09-11T02:01:39.410+0000] {logging_mixin.py:188} INFO - [2024-09-11T02:01:39.410+0000] {dag.py:3954} INFO - Setting next_dagrun for our_first_dag_v4 to 2024-09-11 00:00:00+00:00, run_after=2024-09-12 00:00:00+00:00
[2024-09-11T02:01:39.465+0000] {processor.py:183} INFO - Processing /opt/airflow/dags/7. our_first_dag.py took 0.196 seconds
[2024-09-11T02:02:10.254+0000] {processor.py:161} INFO - Started process (PID=13641) to work on /opt/airflow/dags/7. our_first_dag.py
[2024-09-11T02:02:10.255+0000] {processor.py:830} INFO - Processing file /opt/airflow/dags/7. our_first_dag.py for tasks to queue
[2024-09-11T02:02:10.256+0000] {logging_mixin.py:188} INFO - [2024-09-11T02:02:10.255+0000] {dagbag.py:545} INFO - Filling up the DagBag from /opt/airflow/dags/7. our_first_dag.py
[2024-09-11T02:02:10.269+0000] {processor.py:840} INFO - DAG(s) 'our_first_dag_v4' retrieved from /opt/airflow/dags/7. our_first_dag.py
[2024-09-11T02:02:10.290+0000] {logging_mixin.py:188} INFO - [2024-09-11T02:02:10.290+0000] {dag.py:3096} INFO - Sync 1 DAGs
[2024-09-11T02:02:10.310+0000] {logging_mixin.py:188} INFO - [2024-09-11T02:02:10.310+0000] {dag.py:3954} INFO - Setting next_dagrun for our_first_dag_v4 to 2024-09-11 00:00:00+00:00, run_after=2024-09-12 00:00:00+00:00
[2024-09-11T02:02:10.329+0000] {processor.py:183} INFO - Processing /opt/airflow/dags/7. our_first_dag.py took 0.083 seconds
[2024-09-11T02:02:40.955+0000] {processor.py:161} INFO - Started process (PID=13702) to work on /opt/airflow/dags/7. our_first_dag.py
[2024-09-11T02:02:40.956+0000] {processor.py:830} INFO - Processing file /opt/airflow/dags/7. our_first_dag.py for tasks to queue
[2024-09-11T02:02:40.957+0000] {logging_mixin.py:188} INFO - [2024-09-11T02:02:40.956+0000] {dagbag.py:545} INFO - Filling up the DagBag from /opt/airflow/dags/7. our_first_dag.py
[2024-09-11T02:02:40.971+0000] {processor.py:840} INFO - DAG(s) 'our_first_dag_v4' retrieved from /opt/airflow/dags/7. our_first_dag.py
[2024-09-11T02:02:40.990+0000] {logging_mixin.py:188} INFO - [2024-09-11T02:02:40.990+0000] {dag.py:3096} INFO - Sync 1 DAGs
[2024-09-11T02:02:41.009+0000] {logging_mixin.py:188} INFO - [2024-09-11T02:02:41.009+0000] {dag.py:3954} INFO - Setting next_dagrun for our_first_dag_v4 to 2024-09-11 00:00:00+00:00, run_after=2024-09-12 00:00:00+00:00
[2024-09-11T02:02:41.028+0000] {processor.py:183} INFO - Processing /opt/airflow/dags/7. our_first_dag.py took 0.081 seconds
[2024-09-11T02:03:11.671+0000] {processor.py:161} INFO - Started process (PID=13763) to work on /opt/airflow/dags/7. our_first_dag.py
[2024-09-11T02:03:11.671+0000] {processor.py:830} INFO - Processing file /opt/airflow/dags/7. our_first_dag.py for tasks to queue
[2024-09-11T02:03:11.672+0000] {logging_mixin.py:188} INFO - [2024-09-11T02:03:11.672+0000] {dagbag.py:545} INFO - Filling up the DagBag from /opt/airflow/dags/7. our_first_dag.py
[2024-09-11T02:03:11.687+0000] {processor.py:840} INFO - DAG(s) 'our_first_dag_v4' retrieved from /opt/airflow/dags/7. our_first_dag.py
[2024-09-11T02:03:11.706+0000] {logging_mixin.py:188} INFO - [2024-09-11T02:03:11.706+0000] {dag.py:3096} INFO - Sync 1 DAGs
[2024-09-11T02:03:11.725+0000] {logging_mixin.py:188} INFO - [2024-09-11T02:03:11.725+0000] {dag.py:3954} INFO - Setting next_dagrun for our_first_dag_v4 to 2024-09-11 00:00:00+00:00, run_after=2024-09-12 00:00:00+00:00
[2024-09-11T02:03:11.744+0000] {processor.py:183} INFO - Processing /opt/airflow/dags/7. our_first_dag.py took 0.081 seconds
[2024-09-11T02:03:42.378+0000] {processor.py:161} INFO - Started process (PID=13824) to work on /opt/airflow/dags/7. our_first_dag.py
[2024-09-11T02:03:42.379+0000] {processor.py:830} INFO - Processing file /opt/airflow/dags/7. our_first_dag.py for tasks to queue
[2024-09-11T02:03:42.380+0000] {logging_mixin.py:188} INFO - [2024-09-11T02:03:42.380+0000] {dagbag.py:545} INFO - Filling up the DagBag from /opt/airflow/dags/7. our_first_dag.py
[2024-09-11T02:03:42.393+0000] {processor.py:840} INFO - DAG(s) 'our_first_dag_v4' retrieved from /opt/airflow/dags/7. our_first_dag.py
[2024-09-11T02:03:42.413+0000] {logging_mixin.py:188} INFO - [2024-09-11T02:03:42.412+0000] {dag.py:3096} INFO - Sync 1 DAGs
[2024-09-11T02:03:42.431+0000] {logging_mixin.py:188} INFO - [2024-09-11T02:03:42.431+0000] {dag.py:3954} INFO - Setting next_dagrun for our_first_dag_v4 to 2024-09-11 00:00:00+00:00, run_after=2024-09-12 00:00:00+00:00
[2024-09-11T02:03:42.451+0000] {processor.py:183} INFO - Processing /opt/airflow/dags/7. our_first_dag.py took 0.081 seconds
[2024-09-11T02:04:13.190+0000] {processor.py:161} INFO - Started process (PID=13885) to work on /opt/airflow/dags/7. our_first_dag.py
[2024-09-11T02:04:13.191+0000] {processor.py:830} INFO - Processing file /opt/airflow/dags/7. our_first_dag.py for tasks to queue
[2024-09-11T02:04:13.192+0000] {logging_mixin.py:188} INFO - [2024-09-11T02:04:13.191+0000] {dagbag.py:545} INFO - Filling up the DagBag from /opt/airflow/dags/7. our_first_dag.py
[2024-09-11T02:04:13.206+0000] {processor.py:840} INFO - DAG(s) 'our_first_dag_v4' retrieved from /opt/airflow/dags/7. our_first_dag.py
[2024-09-11T02:04:13.226+0000] {logging_mixin.py:188} INFO - [2024-09-11T02:04:13.226+0000] {dag.py:3096} INFO - Sync 1 DAGs
[2024-09-11T02:04:13.246+0000] {logging_mixin.py:188} INFO - [2024-09-11T02:04:13.246+0000] {dag.py:3954} INFO - Setting next_dagrun for our_first_dag_v4 to 2024-09-11 00:00:00+00:00, run_after=2024-09-12 00:00:00+00:00
[2024-09-11T02:04:13.266+0000] {processor.py:183} INFO - Processing /opt/airflow/dags/7. our_first_dag.py took 0.085 seconds
[2024-09-11T02:04:43.841+0000] {processor.py:161} INFO - Started process (PID=13946) to work on /opt/airflow/dags/7. our_first_dag.py
[2024-09-11T02:04:43.842+0000] {processor.py:830} INFO - Processing file /opt/airflow/dags/7. our_first_dag.py for tasks to queue
[2024-09-11T02:04:43.843+0000] {logging_mixin.py:188} INFO - [2024-09-11T02:04:43.842+0000] {dagbag.py:545} INFO - Filling up the DagBag from /opt/airflow/dags/7. our_first_dag.py
[2024-09-11T02:04:43.856+0000] {processor.py:840} INFO - DAG(s) 'our_first_dag_v4' retrieved from /opt/airflow/dags/7. our_first_dag.py
[2024-09-11T02:04:43.877+0000] {logging_mixin.py:188} INFO - [2024-09-11T02:04:43.876+0000] {dag.py:3096} INFO - Sync 1 DAGs
[2024-09-11T02:04:43.896+0000] {logging_mixin.py:188} INFO - [2024-09-11T02:04:43.896+0000] {dag.py:3954} INFO - Setting next_dagrun for our_first_dag_v4 to 2024-09-11 00:00:00+00:00, run_after=2024-09-12 00:00:00+00:00
[2024-09-11T02:04:43.914+0000] {processor.py:183} INFO - Processing /opt/airflow/dags/7. our_first_dag.py took 0.082 seconds
[2024-09-11T02:05:14.559+0000] {processor.py:161} INFO - Started process (PID=14002) to work on /opt/airflow/dags/7. our_first_dag.py
[2024-09-11T02:05:14.559+0000] {processor.py:830} INFO - Processing file /opt/airflow/dags/7. our_first_dag.py for tasks to queue
[2024-09-11T02:05:14.560+0000] {logging_mixin.py:188} INFO - [2024-09-11T02:05:14.560+0000] {dagbag.py:545} INFO - Filling up the DagBag from /opt/airflow/dags/7. our_first_dag.py
[2024-09-11T02:05:14.576+0000] {processor.py:840} INFO - DAG(s) 'our_first_dag_v4' retrieved from /opt/airflow/dags/7. our_first_dag.py
[2024-09-11T02:05:14.599+0000] {logging_mixin.py:188} INFO - [2024-09-11T02:05:14.599+0000] {dag.py:3096} INFO - Sync 1 DAGs
[2024-09-11T02:05:14.620+0000] {logging_mixin.py:188} INFO - [2024-09-11T02:05:14.620+0000] {dag.py:3954} INFO - Setting next_dagrun for our_first_dag_v4 to 2024-09-11 00:00:00+00:00, run_after=2024-09-12 00:00:00+00:00
[2024-09-11T02:05:14.638+0000] {processor.py:183} INFO - Processing /opt/airflow/dags/7. our_first_dag.py took 0.088 seconds
[2024-09-11T02:05:45.102+0000] {processor.py:161} INFO - Started process (PID=14058) to work on /opt/airflow/dags/7. our_first_dag.py
[2024-09-11T02:05:45.103+0000] {processor.py:830} INFO - Processing file /opt/airflow/dags/7. our_first_dag.py for tasks to queue
[2024-09-11T02:05:45.104+0000] {logging_mixin.py:188} INFO - [2024-09-11T02:05:45.103+0000] {dagbag.py:545} INFO - Filling up the DagBag from /opt/airflow/dags/7. our_first_dag.py
[2024-09-11T02:05:45.120+0000] {processor.py:840} INFO - DAG(s) 'our_first_dag_v4' retrieved from /opt/airflow/dags/7. our_first_dag.py
[2024-09-11T02:05:45.139+0000] {logging_mixin.py:188} INFO - [2024-09-11T02:05:45.139+0000] {dag.py:3096} INFO - Sync 1 DAGs
[2024-09-11T02:05:45.159+0000] {logging_mixin.py:188} INFO - [2024-09-11T02:05:45.158+0000] {dag.py:3954} INFO - Setting next_dagrun for our_first_dag_v4 to 2024-09-11 00:00:00+00:00, run_after=2024-09-12 00:00:00+00:00
[2024-09-11T02:05:45.176+0000] {processor.py:183} INFO - Processing /opt/airflow/dags/7. our_first_dag.py took 0.082 seconds
[2024-09-11T02:06:15.317+0000] {processor.py:161} INFO - Started process (PID=14188) to work on /opt/airflow/dags/7. our_first_dag.py
[2024-09-11T02:06:15.318+0000] {processor.py:830} INFO - Processing file /opt/airflow/dags/7. our_first_dag.py for tasks to queue
[2024-09-11T02:06:15.319+0000] {logging_mixin.py:188} INFO - [2024-09-11T02:06:15.319+0000] {dagbag.py:545} INFO - Filling up the DagBag from /opt/airflow/dags/7. our_first_dag.py
[2024-09-11T02:06:15.351+0000] {processor.py:840} INFO - DAG(s) 'our_first_dag_v4' retrieved from /opt/airflow/dags/7. our_first_dag.py
[2024-09-11T02:06:15.393+0000] {logging_mixin.py:188} INFO - [2024-09-11T02:06:15.393+0000] {dag.py:3096} INFO - Sync 1 DAGs
[2024-09-11T02:06:15.428+0000] {logging_mixin.py:188} INFO - [2024-09-11T02:06:15.427+0000] {dag.py:3954} INFO - Setting next_dagrun for our_first_dag_v4 to 2024-09-11 00:00:00+00:00, run_after=2024-09-12 00:00:00+00:00
[2024-09-11T02:06:15.465+0000] {processor.py:183} INFO - Processing /opt/airflow/dags/7. our_first_dag.py took 0.162 seconds
[2024-09-11T02:06:46.184+0000] {processor.py:161} INFO - Started process (PID=14497) to work on /opt/airflow/dags/7. our_first_dag.py
[2024-09-11T02:06:46.205+0000] {processor.py:830} INFO - Processing file /opt/airflow/dags/7. our_first_dag.py for tasks to queue
[2024-09-11T02:06:46.206+0000] {logging_mixin.py:188} INFO - [2024-09-11T02:06:46.206+0000] {dagbag.py:545} INFO - Filling up the DagBag from /opt/airflow/dags/7. our_first_dag.py
[2024-09-11T02:06:46.234+0000] {processor.py:840} INFO - DAG(s) 'our_first_dag_v4' retrieved from /opt/airflow/dags/7. our_first_dag.py
[2024-09-11T02:06:46.284+0000] {logging_mixin.py:188} INFO - [2024-09-11T02:06:46.283+0000] {dag.py:3096} INFO - Sync 1 DAGs
[2024-09-11T02:06:46.324+0000] {logging_mixin.py:188} INFO - [2024-09-11T02:06:46.324+0000] {dag.py:3954} INFO - Setting next_dagrun for our_first_dag_v4 to 2024-09-11 00:00:00+00:00, run_after=2024-09-12 00:00:00+00:00
[2024-09-11T02:06:46.385+0000] {processor.py:183} INFO - Processing /opt/airflow/dags/7. our_first_dag.py took 0.226 seconds
[2024-09-11T02:07:17.201+0000] {processor.py:161} INFO - Started process (PID=14664) to work on /opt/airflow/dags/7. our_first_dag.py
[2024-09-11T02:07:17.202+0000] {processor.py:830} INFO - Processing file /opt/airflow/dags/7. our_first_dag.py for tasks to queue
[2024-09-11T02:07:17.202+0000] {logging_mixin.py:188} INFO - [2024-09-11T02:07:17.202+0000] {dagbag.py:545} INFO - Filling up the DagBag from /opt/airflow/dags/7. our_first_dag.py
[2024-09-11T02:07:17.218+0000] {processor.py:840} INFO - DAG(s) 'our_first_dag_v4' retrieved from /opt/airflow/dags/7. our_first_dag.py
[2024-09-11T02:07:17.242+0000] {logging_mixin.py:188} INFO - [2024-09-11T02:07:17.242+0000] {dag.py:3096} INFO - Sync 1 DAGs
[2024-09-11T02:07:17.265+0000] {logging_mixin.py:188} INFO - [2024-09-11T02:07:17.264+0000] {dag.py:3954} INFO - Setting next_dagrun for our_first_dag_v4 to 2024-09-11 00:00:00+00:00, run_after=2024-09-12 00:00:00+00:00
[2024-09-11T02:07:17.285+0000] {processor.py:183} INFO - Processing /opt/airflow/dags/7. our_first_dag.py took 0.093 seconds
[2024-09-11T02:07:47.978+0000] {processor.py:161} INFO - Started process (PID=14720) to work on /opt/airflow/dags/7. our_first_dag.py
[2024-09-11T02:07:47.979+0000] {processor.py:830} INFO - Processing file /opt/airflow/dags/7. our_first_dag.py for tasks to queue
[2024-09-11T02:07:47.979+0000] {logging_mixin.py:188} INFO - [2024-09-11T02:07:47.979+0000] {dagbag.py:545} INFO - Filling up the DagBag from /opt/airflow/dags/7. our_first_dag.py
[2024-09-11T02:07:47.993+0000] {processor.py:840} INFO - DAG(s) 'our_first_dag_v4' retrieved from /opt/airflow/dags/7. our_first_dag.py
[2024-09-11T02:07:48.013+0000] {logging_mixin.py:188} INFO - [2024-09-11T02:07:48.013+0000] {dag.py:3096} INFO - Sync 1 DAGs
[2024-09-11T02:07:48.034+0000] {logging_mixin.py:188} INFO - [2024-09-11T02:07:48.034+0000] {dag.py:3954} INFO - Setting next_dagrun for our_first_dag_v4 to 2024-09-11 00:00:00+00:00, run_after=2024-09-12 00:00:00+00:00
[2024-09-11T02:07:48.053+0000] {processor.py:183} INFO - Processing /opt/airflow/dags/7. our_first_dag.py took 0.084 seconds
[2024-09-11T02:08:18.627+0000] {processor.py:161} INFO - Started process (PID=14776) to work on /opt/airflow/dags/7. our_first_dag.py
[2024-09-11T02:08:18.628+0000] {processor.py:830} INFO - Processing file /opt/airflow/dags/7. our_first_dag.py for tasks to queue
[2024-09-11T02:08:18.629+0000] {logging_mixin.py:188} INFO - [2024-09-11T02:08:18.629+0000] {dagbag.py:545} INFO - Filling up the DagBag from /opt/airflow/dags/7. our_first_dag.py
[2024-09-11T02:08:18.644+0000] {processor.py:840} INFO - DAG(s) 'our_first_dag_v4' retrieved from /opt/airflow/dags/7. our_first_dag.py
[2024-09-11T02:08:18.664+0000] {logging_mixin.py:188} INFO - [2024-09-11T02:08:18.663+0000] {dag.py:3096} INFO - Sync 1 DAGs
[2024-09-11T02:08:18.682+0000] {logging_mixin.py:188} INFO - [2024-09-11T02:08:18.682+0000] {dag.py:3954} INFO - Setting next_dagrun for our_first_dag_v4 to 2024-09-11 00:00:00+00:00, run_after=2024-09-12 00:00:00+00:00
[2024-09-11T02:08:18.705+0000] {processor.py:183} INFO - Processing /opt/airflow/dags/7. our_first_dag.py took 0.087 seconds
[2024-09-11T02:08:49.310+0000] {processor.py:161} INFO - Started process (PID=14832) to work on /opt/airflow/dags/7. our_first_dag.py
[2024-09-11T02:08:49.311+0000] {processor.py:830} INFO - Processing file /opt/airflow/dags/7. our_first_dag.py for tasks to queue
[2024-09-11T02:08:49.312+0000] {logging_mixin.py:188} INFO - [2024-09-11T02:08:49.311+0000] {dagbag.py:545} INFO - Filling up the DagBag from /opt/airflow/dags/7. our_first_dag.py
[2024-09-11T02:08:49.326+0000] {processor.py:840} INFO - DAG(s) 'our_first_dag_v4' retrieved from /opt/airflow/dags/7. our_first_dag.py
[2024-09-11T02:08:49.345+0000] {logging_mixin.py:188} INFO - [2024-09-11T02:08:49.345+0000] {dag.py:3096} INFO - Sync 1 DAGs
[2024-09-11T02:08:49.366+0000] {logging_mixin.py:188} INFO - [2024-09-11T02:08:49.366+0000] {dag.py:3954} INFO - Setting next_dagrun for our_first_dag_v4 to 2024-09-11 00:00:00+00:00, run_after=2024-09-12 00:00:00+00:00
[2024-09-11T02:08:49.385+0000] {processor.py:183} INFO - Processing /opt/airflow/dags/7. our_first_dag.py took 0.083 seconds
[2024-09-11T02:09:20.076+0000] {processor.py:161} INFO - Started process (PID=14888) to work on /opt/airflow/dags/7. our_first_dag.py
[2024-09-11T02:09:20.077+0000] {processor.py:830} INFO - Processing file /opt/airflow/dags/7. our_first_dag.py for tasks to queue
[2024-09-11T02:09:20.078+0000] {logging_mixin.py:188} INFO - [2024-09-11T02:09:20.077+0000] {dagbag.py:545} INFO - Filling up the DagBag from /opt/airflow/dags/7. our_first_dag.py
[2024-09-11T02:09:20.094+0000] {processor.py:840} INFO - DAG(s) 'our_first_dag_v4' retrieved from /opt/airflow/dags/7. our_first_dag.py
[2024-09-11T02:09:20.115+0000] {logging_mixin.py:188} INFO - [2024-09-11T02:09:20.114+0000] {dag.py:3096} INFO - Sync 1 DAGs
[2024-09-11T02:09:20.136+0000] {logging_mixin.py:188} INFO - [2024-09-11T02:09:20.135+0000] {dag.py:3954} INFO - Setting next_dagrun for our_first_dag_v4 to 2024-09-11 00:00:00+00:00, run_after=2024-09-12 00:00:00+00:00
[2024-09-11T02:09:20.156+0000] {processor.py:183} INFO - Processing /opt/airflow/dags/7. our_first_dag.py took 0.088 seconds
