[2024-09-11T01:59:36.821+0000] {processor.py:161} INFO - Started process (PID=12368) to work on /opt/airflow/dags/8. create_dag_with_python_operator.py
[2024-09-11T01:59:36.823+0000] {processor.py:830} INFO - Processing file /opt/airflow/dags/8. create_dag_with_python_operator.py for tasks to queue
[2024-09-11T01:59:36.826+0000] {logging_mixin.py:188} INFO - [2024-09-11T01:59:36.825+0000] {dagbag.py:545} INFO - Filling up the DagBag from /opt/airflow/dags/8. create_dag_with_python_operator.py
[2024-09-11T01:59:36.872+0000] {processor.py:840} INFO - DAG(s) 'our_dag_with_python_operator_v01' retrieved from /opt/airflow/dags/8. create_dag_with_python_operator.py
[2024-09-11T01:59:37.106+0000] {logging_mixin.py:188} INFO - [2024-09-11T01:59:37.106+0000] {dag.py:3096} INFO - Sync 1 DAGs
[2024-09-11T01:59:37.145+0000] {logging_mixin.py:188} INFO - [2024-09-11T01:59:37.145+0000] {dag.py:3954} INFO - Setting next_dagrun for our_dag_with_python_operator_v01 to 2024-09-11 00:00:00+00:00, run_after=2024-09-12 00:00:00+00:00
[2024-09-11T01:59:37.213+0000] {processor.py:183} INFO - Processing /opt/airflow/dags/8. create_dag_with_python_operator.py took 0.409 seconds
[2024-09-11T02:00:07.310+0000] {processor.py:161} INFO - Started process (PID=12956) to work on /opt/airflow/dags/8. create_dag_with_python_operator.py
[2024-09-11T02:00:07.311+0000] {processor.py:830} INFO - Processing file /opt/airflow/dags/8. create_dag_with_python_operator.py for tasks to queue
[2024-09-11T02:00:07.312+0000] {logging_mixin.py:188} INFO - [2024-09-11T02:00:07.312+0000] {dagbag.py:545} INFO - Filling up the DagBag from /opt/airflow/dags/8. create_dag_with_python_operator.py
[2024-09-11T02:00:07.326+0000] {processor.py:840} INFO - DAG(s) 'our_dag_with_python_operator_v01' retrieved from /opt/airflow/dags/8. create_dag_with_python_operator.py
[2024-09-11T02:00:07.344+0000] {logging_mixin.py:188} INFO - [2024-09-11T02:00:07.344+0000] {dag.py:3096} INFO - Sync 1 DAGs
[2024-09-11T02:00:07.365+0000] {logging_mixin.py:188} INFO - [2024-09-11T02:00:07.365+0000] {dag.py:3954} INFO - Setting next_dagrun for our_dag_with_python_operator_v01 to 2024-09-11 00:00:00+00:00, run_after=2024-09-12 00:00:00+00:00
[2024-09-11T02:00:07.386+0000] {processor.py:183} INFO - Processing /opt/airflow/dags/8. create_dag_with_python_operator.py took 0.085 seconds
[2024-09-11T02:00:38.154+0000] {processor.py:161} INFO - Started process (PID=13017) to work on /opt/airflow/dags/8. create_dag_with_python_operator.py
[2024-09-11T02:00:38.154+0000] {processor.py:830} INFO - Processing file /opt/airflow/dags/8. create_dag_with_python_operator.py for tasks to queue
[2024-09-11T02:00:38.155+0000] {logging_mixin.py:188} INFO - [2024-09-11T02:00:38.155+0000] {dagbag.py:545} INFO - Filling up the DagBag from /opt/airflow/dags/8. create_dag_with_python_operator.py
[2024-09-11T02:00:38.170+0000] {processor.py:840} INFO - DAG(s) 'our_dag_with_python_operator_v01' retrieved from /opt/airflow/dags/8. create_dag_with_python_operator.py
[2024-09-11T02:00:38.192+0000] {logging_mixin.py:188} INFO - [2024-09-11T02:00:38.192+0000] {dag.py:3096} INFO - Sync 1 DAGs
[2024-09-11T02:00:38.214+0000] {logging_mixin.py:188} INFO - [2024-09-11T02:00:38.214+0000] {dag.py:3954} INFO - Setting next_dagrun for our_dag_with_python_operator_v01 to 2024-09-11 00:00:00+00:00, run_after=2024-09-12 00:00:00+00:00
[2024-09-11T02:00:38.236+0000] {processor.py:183} INFO - Processing /opt/airflow/dags/8. create_dag_with_python_operator.py took 0.091 seconds
[2024-09-11T02:01:08.929+0000] {processor.py:161} INFO - Started process (PID=13084) to work on /opt/airflow/dags/8. create_dag_with_python_operator.py
[2024-09-11T02:01:08.930+0000] {processor.py:830} INFO - Processing file /opt/airflow/dags/8. create_dag_with_python_operator.py for tasks to queue
[2024-09-11T02:01:08.931+0000] {logging_mixin.py:188} INFO - [2024-09-11T02:01:08.931+0000] {dagbag.py:545} INFO - Filling up the DagBag from /opt/airflow/dags/8. create_dag_with_python_operator.py
[2024-09-11T02:01:08.946+0000] {processor.py:840} INFO - DAG(s) 'our_dag_with_python_operator_v01' retrieved from /opt/airflow/dags/8. create_dag_with_python_operator.py
[2024-09-11T02:01:08.966+0000] {logging_mixin.py:188} INFO - [2024-09-11T02:01:08.966+0000] {dag.py:3096} INFO - Sync 1 DAGs
[2024-09-11T02:01:08.987+0000] {logging_mixin.py:188} INFO - [2024-09-11T02:01:08.986+0000] {dag.py:3954} INFO - Setting next_dagrun for our_dag_with_python_operator_v01 to 2024-09-11 00:00:00+00:00, run_after=2024-09-12 00:00:00+00:00
[2024-09-11T02:01:09.011+0000] {processor.py:183} INFO - Processing /opt/airflow/dags/8. create_dag_with_python_operator.py took 0.090 seconds
[2024-09-11T02:01:39.304+0000] {processor.py:161} INFO - Started process (PID=13376) to work on /opt/airflow/dags/8. create_dag_with_python_operator.py
[2024-09-11T02:01:39.306+0000] {processor.py:830} INFO - Processing file /opt/airflow/dags/8. create_dag_with_python_operator.py for tasks to queue
[2024-09-11T02:01:39.308+0000] {logging_mixin.py:188} INFO - [2024-09-11T02:01:39.307+0000] {dagbag.py:545} INFO - Filling up the DagBag from /opt/airflow/dags/8. create_dag_with_python_operator.py
[2024-09-11T02:01:39.336+0000] {processor.py:840} INFO - DAG(s) 'our_dag_with_python_operator_v01' retrieved from /opt/airflow/dags/8. create_dag_with_python_operator.py
[2024-09-11T02:01:39.370+0000] {logging_mixin.py:188} INFO - [2024-09-11T02:01:39.369+0000] {dag.py:3096} INFO - Sync 1 DAGs
[2024-09-11T02:01:39.409+0000] {logging_mixin.py:188} INFO - [2024-09-11T02:01:39.408+0000] {dag.py:3954} INFO - Setting next_dagrun for our_dag_with_python_operator_v01 to 2024-09-11 00:00:00+00:00, run_after=2024-09-12 00:00:00+00:00
[2024-09-11T02:01:39.462+0000] {processor.py:183} INFO - Processing /opt/airflow/dags/8. create_dag_with_python_operator.py took 0.176 seconds
[2024-09-11T02:02:10.260+0000] {processor.py:161} INFO - Started process (PID=13644) to work on /opt/airflow/dags/8. create_dag_with_python_operator.py
[2024-09-11T02:02:10.261+0000] {processor.py:830} INFO - Processing file /opt/airflow/dags/8. create_dag_with_python_operator.py for tasks to queue
[2024-09-11T02:02:10.262+0000] {logging_mixin.py:188} INFO - [2024-09-11T02:02:10.262+0000] {dagbag.py:545} INFO - Filling up the DagBag from /opt/airflow/dags/8. create_dag_with_python_operator.py
[2024-09-11T02:02:10.275+0000] {processor.py:840} INFO - DAG(s) 'our_dag_with_python_operator_v01' retrieved from /opt/airflow/dags/8. create_dag_with_python_operator.py
[2024-09-11T02:02:10.295+0000] {logging_mixin.py:188} INFO - [2024-09-11T02:02:10.294+0000] {dag.py:3096} INFO - Sync 1 DAGs
[2024-09-11T02:02:10.313+0000] {logging_mixin.py:188} INFO - [2024-09-11T02:02:10.313+0000] {dag.py:3954} INFO - Setting next_dagrun for our_dag_with_python_operator_v01 to 2024-09-11 00:00:00+00:00, run_after=2024-09-12 00:00:00+00:00
[2024-09-11T02:02:10.332+0000] {processor.py:183} INFO - Processing /opt/airflow/dags/8. create_dag_with_python_operator.py took 0.080 seconds
[2024-09-11T02:02:40.961+0000] {processor.py:161} INFO - Started process (PID=13705) to work on /opt/airflow/dags/8. create_dag_with_python_operator.py
[2024-09-11T02:02:40.962+0000] {processor.py:830} INFO - Processing file /opt/airflow/dags/8. create_dag_with_python_operator.py for tasks to queue
[2024-09-11T02:02:40.962+0000] {logging_mixin.py:188} INFO - [2024-09-11T02:02:40.962+0000] {dagbag.py:545} INFO - Filling up the DagBag from /opt/airflow/dags/8. create_dag_with_python_operator.py
[2024-09-11T02:02:40.976+0000] {processor.py:840} INFO - DAG(s) 'our_dag_with_python_operator_v01' retrieved from /opt/airflow/dags/8. create_dag_with_python_operator.py
[2024-09-11T02:02:40.993+0000] {logging_mixin.py:188} INFO - [2024-09-11T02:02:40.993+0000] {dag.py:3096} INFO - Sync 1 DAGs
[2024-09-11T02:02:41.011+0000] {logging_mixin.py:188} INFO - [2024-09-11T02:02:41.011+0000] {dag.py:3954} INFO - Setting next_dagrun for our_dag_with_python_operator_v01 to 2024-09-11 00:00:00+00:00, run_after=2024-09-12 00:00:00+00:00
[2024-09-11T02:02:41.032+0000] {processor.py:183} INFO - Processing /opt/airflow/dags/8. create_dag_with_python_operator.py took 0.079 seconds
[2024-09-11T02:03:11.677+0000] {processor.py:161} INFO - Started process (PID=13766) to work on /opt/airflow/dags/8. create_dag_with_python_operator.py
[2024-09-11T02:03:11.677+0000] {processor.py:830} INFO - Processing file /opt/airflow/dags/8. create_dag_with_python_operator.py for tasks to queue
[2024-09-11T02:03:11.678+0000] {logging_mixin.py:188} INFO - [2024-09-11T02:03:11.678+0000] {dagbag.py:545} INFO - Filling up the DagBag from /opt/airflow/dags/8. create_dag_with_python_operator.py
[2024-09-11T02:03:11.692+0000] {processor.py:840} INFO - DAG(s) 'our_dag_with_python_operator_v01' retrieved from /opt/airflow/dags/8. create_dag_with_python_operator.py
[2024-09-11T02:03:11.711+0000] {logging_mixin.py:188} INFO - [2024-09-11T02:03:11.710+0000] {dag.py:3096} INFO - Sync 1 DAGs
[2024-09-11T02:03:11.729+0000] {logging_mixin.py:188} INFO - [2024-09-11T02:03:11.729+0000] {dag.py:3954} INFO - Setting next_dagrun for our_dag_with_python_operator_v01 to 2024-09-11 00:00:00+00:00, run_after=2024-09-12 00:00:00+00:00
[2024-09-11T02:03:11.748+0000] {processor.py:183} INFO - Processing /opt/airflow/dags/8. create_dag_with_python_operator.py took 0.079 seconds
[2024-09-11T02:03:42.384+0000] {processor.py:161} INFO - Started process (PID=13827) to work on /opt/airflow/dags/8. create_dag_with_python_operator.py
[2024-09-11T02:03:42.385+0000] {processor.py:830} INFO - Processing file /opt/airflow/dags/8. create_dag_with_python_operator.py for tasks to queue
[2024-09-11T02:03:42.385+0000] {logging_mixin.py:188} INFO - [2024-09-11T02:03:42.385+0000] {dagbag.py:545} INFO - Filling up the DagBag from /opt/airflow/dags/8. create_dag_with_python_operator.py
[2024-09-11T02:03:42.399+0000] {processor.py:840} INFO - DAG(s) 'our_dag_with_python_operator_v01' retrieved from /opt/airflow/dags/8. create_dag_with_python_operator.py
[2024-09-11T02:03:42.416+0000] {logging_mixin.py:188} INFO - [2024-09-11T02:03:42.416+0000] {dag.py:3096} INFO - Sync 1 DAGs
[2024-09-11T02:03:42.435+0000] {logging_mixin.py:188} INFO - [2024-09-11T02:03:42.435+0000] {dag.py:3954} INFO - Setting next_dagrun for our_dag_with_python_operator_v01 to 2024-09-11 00:00:00+00:00, run_after=2024-09-12 00:00:00+00:00
[2024-09-11T02:03:42.455+0000] {processor.py:183} INFO - Processing /opt/airflow/dags/8. create_dag_with_python_operator.py took 0.079 seconds
[2024-09-11T02:04:13.196+0000] {processor.py:161} INFO - Started process (PID=13888) to work on /opt/airflow/dags/8. create_dag_with_python_operator.py
[2024-09-11T02:04:13.197+0000] {processor.py:830} INFO - Processing file /opt/airflow/dags/8. create_dag_with_python_operator.py for tasks to queue
[2024-09-11T02:04:13.198+0000] {logging_mixin.py:188} INFO - [2024-09-11T02:04:13.197+0000] {dagbag.py:545} INFO - Filling up the DagBag from /opt/airflow/dags/8. create_dag_with_python_operator.py
[2024-09-11T02:04:13.211+0000] {processor.py:840} INFO - DAG(s) 'our_dag_with_python_operator_v01' retrieved from /opt/airflow/dags/8. create_dag_with_python_operator.py
[2024-09-11T02:04:13.229+0000] {logging_mixin.py:188} INFO - [2024-09-11T02:04:13.229+0000] {dag.py:3096} INFO - Sync 1 DAGs
[2024-09-11T02:04:13.248+0000] {logging_mixin.py:188} INFO - [2024-09-11T02:04:13.248+0000] {dag.py:3954} INFO - Setting next_dagrun for our_dag_with_python_operator_v01 to 2024-09-11 00:00:00+00:00, run_after=2024-09-12 00:00:00+00:00
[2024-09-11T02:04:13.269+0000] {processor.py:183} INFO - Processing /opt/airflow/dags/8. create_dag_with_python_operator.py took 0.081 seconds
[2024-09-11T02:04:43.849+0000] {processor.py:161} INFO - Started process (PID=13949) to work on /opt/airflow/dags/8. create_dag_with_python_operator.py
[2024-09-11T02:04:43.850+0000] {processor.py:830} INFO - Processing file /opt/airflow/dags/8. create_dag_with_python_operator.py for tasks to queue
[2024-09-11T02:04:43.851+0000] {logging_mixin.py:188} INFO - [2024-09-11T02:04:43.851+0000] {dagbag.py:545} INFO - Filling up the DagBag from /opt/airflow/dags/8. create_dag_with_python_operator.py
[2024-09-11T02:04:43.865+0000] {processor.py:840} INFO - DAG(s) 'our_dag_with_python_operator_v01' retrieved from /opt/airflow/dags/8. create_dag_with_python_operator.py
[2024-09-11T02:04:43.884+0000] {logging_mixin.py:188} INFO - [2024-09-11T02:04:43.884+0000] {dag.py:3096} INFO - Sync 1 DAGs
[2024-09-11T02:04:43.903+0000] {logging_mixin.py:188} INFO - [2024-09-11T02:04:43.903+0000] {dag.py:3954} INFO - Setting next_dagrun for our_dag_with_python_operator_v01 to 2024-09-11 00:00:00+00:00, run_after=2024-09-12 00:00:00+00:00
[2024-09-11T02:04:43.922+0000] {processor.py:183} INFO - Processing /opt/airflow/dags/8. create_dag_with_python_operator.py took 0.083 seconds
[2024-09-11T02:05:14.566+0000] {processor.py:161} INFO - Started process (PID=14005) to work on /opt/airflow/dags/8. create_dag_with_python_operator.py
[2024-09-11T02:05:14.567+0000] {processor.py:830} INFO - Processing file /opt/airflow/dags/8. create_dag_with_python_operator.py for tasks to queue
[2024-09-11T02:05:14.568+0000] {logging_mixin.py:188} INFO - [2024-09-11T02:05:14.567+0000] {dagbag.py:545} INFO - Filling up the DagBag from /opt/airflow/dags/8. create_dag_with_python_operator.py
[2024-09-11T02:05:14.582+0000] {processor.py:840} INFO - DAG(s) 'our_dag_with_python_operator_v01' retrieved from /opt/airflow/dags/8. create_dag_with_python_operator.py
[2024-09-11T02:05:14.603+0000] {logging_mixin.py:188} INFO - [2024-09-11T02:05:14.603+0000] {dag.py:3096} INFO - Sync 1 DAGs
[2024-09-11T02:05:14.623+0000] {logging_mixin.py:188} INFO - [2024-09-11T02:05:14.623+0000] {dag.py:3954} INFO - Setting next_dagrun for our_dag_with_python_operator_v01 to 2024-09-11 00:00:00+00:00, run_after=2024-09-12 00:00:00+00:00
[2024-09-11T02:05:14.639+0000] {processor.py:183} INFO - Processing /opt/airflow/dags/8. create_dag_with_python_operator.py took 0.084 seconds
[2024-09-11T02:05:45.109+0000] {processor.py:161} INFO - Started process (PID=14061) to work on /opt/airflow/dags/8. create_dag_with_python_operator.py
[2024-09-11T02:05:45.109+0000] {processor.py:830} INFO - Processing file /opt/airflow/dags/8. create_dag_with_python_operator.py for tasks to queue
[2024-09-11T02:05:45.110+0000] {logging_mixin.py:188} INFO - [2024-09-11T02:05:45.110+0000] {dagbag.py:545} INFO - Filling up the DagBag from /opt/airflow/dags/8. create_dag_with_python_operator.py
[2024-09-11T02:05:45.124+0000] {processor.py:840} INFO - DAG(s) 'our_dag_with_python_operator_v01' retrieved from /opt/airflow/dags/8. create_dag_with_python_operator.py
[2024-09-11T02:05:45.141+0000] {logging_mixin.py:188} INFO - [2024-09-11T02:05:45.141+0000] {dag.py:3096} INFO - Sync 1 DAGs
[2024-09-11T02:05:45.159+0000] {logging_mixin.py:188} INFO - [2024-09-11T02:05:45.159+0000] {dag.py:3954} INFO - Setting next_dagrun for our_dag_with_python_operator_v01 to 2024-09-11 00:00:00+00:00, run_after=2024-09-12 00:00:00+00:00
[2024-09-11T02:05:45.178+0000] {processor.py:183} INFO - Processing /opt/airflow/dags/8. create_dag_with_python_operator.py took 0.079 seconds
[2024-09-11T02:06:15.317+0000] {processor.py:161} INFO - Started process (PID=14191) to work on /opt/airflow/dags/8. create_dag_with_python_operator.py
[2024-09-11T02:06:15.318+0000] {processor.py:830} INFO - Processing file /opt/airflow/dags/8. create_dag_with_python_operator.py for tasks to queue
[2024-09-11T02:06:15.319+0000] {logging_mixin.py:188} INFO - [2024-09-11T02:06:15.319+0000] {dagbag.py:545} INFO - Filling up the DagBag from /opt/airflow/dags/8. create_dag_with_python_operator.py
[2024-09-11T02:06:15.347+0000] {processor.py:840} INFO - DAG(s) 'our_dag_with_python_operator_v01' retrieved from /opt/airflow/dags/8. create_dag_with_python_operator.py
[2024-09-11T02:06:15.380+0000] {logging_mixin.py:188} INFO - [2024-09-11T02:06:15.380+0000] {dag.py:3096} INFO - Sync 1 DAGs
[2024-09-11T02:06:15.421+0000] {logging_mixin.py:188} INFO - [2024-09-11T02:06:15.420+0000] {dag.py:3954} INFO - Setting next_dagrun for our_dag_with_python_operator_v01 to 2024-09-11 00:00:00+00:00, run_after=2024-09-12 00:00:00+00:00
[2024-09-11T02:06:15.459+0000] {processor.py:183} INFO - Processing /opt/airflow/dags/8. create_dag_with_python_operator.py took 0.155 seconds
[2024-09-11T02:06:46.237+0000] {processor.py:161} INFO - Started process (PID=14500) to work on /opt/airflow/dags/8. create_dag_with_python_operator.py
[2024-09-11T02:06:46.239+0000] {processor.py:830} INFO - Processing file /opt/airflow/dags/8. create_dag_with_python_operator.py for tasks to queue
[2024-09-11T02:06:46.240+0000] {logging_mixin.py:188} INFO - [2024-09-11T02:06:46.239+0000] {dagbag.py:545} INFO - Filling up the DagBag from /opt/airflow/dags/8. create_dag_with_python_operator.py
[2024-09-11T02:06:46.275+0000] {processor.py:840} INFO - DAG(s) 'our_dag_with_python_operator_v01' retrieved from /opt/airflow/dags/8. create_dag_with_python_operator.py
[2024-09-11T02:06:46.366+0000] {logging_mixin.py:188} INFO - [2024-09-11T02:06:46.366+0000] {dag.py:3096} INFO - Sync 1 DAGs
[2024-09-11T02:06:46.408+0000] {logging_mixin.py:188} INFO - [2024-09-11T02:06:46.408+0000] {dag.py:3954} INFO - Setting next_dagrun for our_dag_with_python_operator_v01 to 2024-09-11 00:00:00+00:00, run_after=2024-09-12 00:00:00+00:00
[2024-09-11T02:06:46.463+0000] {processor.py:183} INFO - Processing /opt/airflow/dags/8. create_dag_with_python_operator.py took 0.264 seconds
[2024-09-11T02:07:17.206+0000] {processor.py:161} INFO - Started process (PID=14667) to work on /opt/airflow/dags/8. create_dag_with_python_operator.py
[2024-09-11T02:07:17.207+0000] {processor.py:830} INFO - Processing file /opt/airflow/dags/8. create_dag_with_python_operator.py for tasks to queue
[2024-09-11T02:07:17.208+0000] {logging_mixin.py:188} INFO - [2024-09-11T02:07:17.208+0000] {dagbag.py:545} INFO - Filling up the DagBag from /opt/airflow/dags/8. create_dag_with_python_operator.py
[2024-09-11T02:07:17.222+0000] {processor.py:840} INFO - DAG(s) 'our_dag_with_python_operator_v01' retrieved from /opt/airflow/dags/8. create_dag_with_python_operator.py
[2024-09-11T02:07:17.245+0000] {logging_mixin.py:188} INFO - [2024-09-11T02:07:17.245+0000] {dag.py:3096} INFO - Sync 1 DAGs
[2024-09-11T02:07:17.268+0000] {logging_mixin.py:188} INFO - [2024-09-11T02:07:17.267+0000] {dag.py:3954} INFO - Setting next_dagrun for our_dag_with_python_operator_v01 to 2024-09-11 00:00:00+00:00, run_after=2024-09-12 00:00:00+00:00
[2024-09-11T02:07:17.289+0000] {processor.py:183} INFO - Processing /opt/airflow/dags/8. create_dag_with_python_operator.py took 0.093 seconds
[2024-09-11T02:07:47.984+0000] {processor.py:161} INFO - Started process (PID=14723) to work on /opt/airflow/dags/8. create_dag_with_python_operator.py
[2024-09-11T02:07:47.985+0000] {processor.py:830} INFO - Processing file /opt/airflow/dags/8. create_dag_with_python_operator.py for tasks to queue
[2024-09-11T02:07:47.986+0000] {logging_mixin.py:188} INFO - [2024-09-11T02:07:47.986+0000] {dagbag.py:545} INFO - Filling up the DagBag from /opt/airflow/dags/8. create_dag_with_python_operator.py
[2024-09-11T02:07:47.999+0000] {processor.py:840} INFO - DAG(s) 'our_dag_with_python_operator_v01' retrieved from /opt/airflow/dags/8. create_dag_with_python_operator.py
[2024-09-11T02:07:48.017+0000] {logging_mixin.py:188} INFO - [2024-09-11T02:07:48.017+0000] {dag.py:3096} INFO - Sync 1 DAGs
[2024-09-11T02:07:48.036+0000] {logging_mixin.py:188} INFO - [2024-09-11T02:07:48.035+0000] {dag.py:3954} INFO - Setting next_dagrun for our_dag_with_python_operator_v01 to 2024-09-11 00:00:00+00:00, run_after=2024-09-12 00:00:00+00:00
[2024-09-11T02:07:48.058+0000] {processor.py:183} INFO - Processing /opt/airflow/dags/8. create_dag_with_python_operator.py took 0.082 seconds
[2024-09-11T02:08:18.633+0000] {processor.py:161} INFO - Started process (PID=14779) to work on /opt/airflow/dags/8. create_dag_with_python_operator.py
[2024-09-11T02:08:18.633+0000] {processor.py:830} INFO - Processing file /opt/airflow/dags/8. create_dag_with_python_operator.py for tasks to queue
[2024-09-11T02:08:18.634+0000] {logging_mixin.py:188} INFO - [2024-09-11T02:08:18.634+0000] {dagbag.py:545} INFO - Filling up the DagBag from /opt/airflow/dags/8. create_dag_with_python_operator.py
[2024-09-11T02:08:18.647+0000] {processor.py:840} INFO - DAG(s) 'our_dag_with_python_operator_v01' retrieved from /opt/airflow/dags/8. create_dag_with_python_operator.py
[2024-09-11T02:08:18.663+0000] {logging_mixin.py:188} INFO - [2024-09-11T02:08:18.663+0000] {dag.py:3096} INFO - Sync 1 DAGs
[2024-09-11T02:08:18.682+0000] {logging_mixin.py:188} INFO - [2024-09-11T02:08:18.682+0000] {dag.py:3954} INFO - Setting next_dagrun for our_dag_with_python_operator_v01 to 2024-09-11 00:00:00+00:00, run_after=2024-09-12 00:00:00+00:00
[2024-09-11T02:08:18.701+0000] {processor.py:183} INFO - Processing /opt/airflow/dags/8. create_dag_with_python_operator.py took 0.077 seconds
[2024-09-11T02:08:49.316+0000] {processor.py:161} INFO - Started process (PID=14835) to work on /opt/airflow/dags/8. create_dag_with_python_operator.py
[2024-09-11T02:08:49.317+0000] {processor.py:830} INFO - Processing file /opt/airflow/dags/8. create_dag_with_python_operator.py for tasks to queue
[2024-09-11T02:08:49.317+0000] {logging_mixin.py:188} INFO - [2024-09-11T02:08:49.317+0000] {dagbag.py:545} INFO - Filling up the DagBag from /opt/airflow/dags/8. create_dag_with_python_operator.py
[2024-09-11T02:08:49.331+0000] {processor.py:840} INFO - DAG(s) 'our_dag_with_python_operator_v01' retrieved from /opt/airflow/dags/8. create_dag_with_python_operator.py
[2024-09-11T02:08:49.348+0000] {logging_mixin.py:188} INFO - [2024-09-11T02:08:49.348+0000] {dag.py:3096} INFO - Sync 1 DAGs
[2024-09-11T02:08:49.369+0000] {logging_mixin.py:188} INFO - [2024-09-11T02:08:49.368+0000] {dag.py:3954} INFO - Setting next_dagrun for our_dag_with_python_operator_v01 to 2024-09-11 00:00:00+00:00, run_after=2024-09-12 00:00:00+00:00
[2024-09-11T02:08:49.388+0000] {processor.py:183} INFO - Processing /opt/airflow/dags/8. create_dag_with_python_operator.py took 0.080 seconds
[2024-09-11T02:09:20.083+0000] {processor.py:161} INFO - Started process (PID=14891) to work on /opt/airflow/dags/8. create_dag_with_python_operator.py
[2024-09-11T02:09:20.084+0000] {processor.py:830} INFO - Processing file /opt/airflow/dags/8. create_dag_with_python_operator.py for tasks to queue
[2024-09-11T02:09:20.085+0000] {logging_mixin.py:188} INFO - [2024-09-11T02:09:20.084+0000] {dagbag.py:545} INFO - Filling up the DagBag from /opt/airflow/dags/8. create_dag_with_python_operator.py
[2024-09-11T02:09:20.099+0000] {processor.py:840} INFO - DAG(s) 'our_dag_with_python_operator_v01' retrieved from /opt/airflow/dags/8. create_dag_with_python_operator.py
[2024-09-11T02:09:20.117+0000] {logging_mixin.py:188} INFO - [2024-09-11T02:09:20.117+0000] {dag.py:3096} INFO - Sync 1 DAGs
[2024-09-11T02:09:20.139+0000] {logging_mixin.py:188} INFO - [2024-09-11T02:09:20.139+0000] {dag.py:3954} INFO - Setting next_dagrun for our_dag_with_python_operator_v01 to 2024-09-11 00:00:00+00:00, run_after=2024-09-12 00:00:00+00:00
[2024-09-11T02:09:20.160+0000] {processor.py:183} INFO - Processing /opt/airflow/dags/8. create_dag_with_python_operator.py took 0.085 seconds
