[2024-09-11T01:59:37.286+0000] {processor.py:161} INFO - Started process (PID=12390) to work on /opt/airflow/dags/9. xcom_dag.py
[2024-09-11T01:59:37.288+0000] {processor.py:830} INFO - Processing file /opt/airflow/dags/9. xcom_dag.py for tasks to queue
[2024-09-11T01:59:37.290+0000] {logging_mixin.py:188} INFO - [2024-09-11T01:59:37.289+0000] {dagbag.py:545} INFO - Filling up the DagBag from /opt/airflow/dags/9. xcom_dag.py
[2024-09-11T01:59:37.333+0000] {processor.py:840} INFO - DAG(s) 'xcom_dag_v03' retrieved from /opt/airflow/dags/9. xcom_dag.py
[2024-09-11T01:59:37.645+0000] {logging_mixin.py:188} INFO - [2024-09-11T01:59:37.645+0000] {dag.py:3096} INFO - Sync 1 DAGs
[2024-09-11T01:59:37.694+0000] {logging_mixin.py:188} INFO - [2024-09-11T01:59:37.694+0000] {dag.py:3954} INFO - Setting next_dagrun for xcom_dag_v03 to 2024-06-30 00:00:00+00:00, run_after=2024-07-01 00:00:00+00:00
[2024-09-11T01:59:37.733+0000] {processor.py:183} INFO - Processing /opt/airflow/dags/9. xcom_dag.py took 0.468 seconds
[2024-09-11T02:00:08.417+0000] {processor.py:161} INFO - Started process (PID=12969) to work on /opt/airflow/dags/9. xcom_dag.py
[2024-09-11T02:00:08.417+0000] {processor.py:830} INFO - Processing file /opt/airflow/dags/9. xcom_dag.py for tasks to queue
[2024-09-11T02:00:08.418+0000] {logging_mixin.py:188} INFO - [2024-09-11T02:00:08.418+0000] {dagbag.py:545} INFO - Filling up the DagBag from /opt/airflow/dags/9. xcom_dag.py
[2024-09-11T02:00:08.432+0000] {processor.py:840} INFO - DAG(s) 'xcom_dag_v03' retrieved from /opt/airflow/dags/9. xcom_dag.py
[2024-09-11T02:00:08.451+0000] {logging_mixin.py:188} INFO - [2024-09-11T02:00:08.451+0000] {dag.py:3096} INFO - Sync 1 DAGs
[2024-09-11T02:00:08.469+0000] {logging_mixin.py:188} INFO - [2024-09-11T02:00:08.469+0000] {dag.py:3954} INFO - Setting next_dagrun for xcom_dag_v03 to 2024-06-30 00:00:00+00:00, run_after=2024-07-01 00:00:00+00:00
[2024-09-11T02:00:08.488+0000] {processor.py:183} INFO - Processing /opt/airflow/dags/9. xcom_dag.py took 0.081 seconds
[2024-09-11T02:00:39.249+0000] {processor.py:161} INFO - Started process (PID=13030) to work on /opt/airflow/dags/9. xcom_dag.py
[2024-09-11T02:00:39.250+0000] {processor.py:830} INFO - Processing file /opt/airflow/dags/9. xcom_dag.py for tasks to queue
[2024-09-11T02:00:39.250+0000] {logging_mixin.py:188} INFO - [2024-09-11T02:00:39.250+0000] {dagbag.py:545} INFO - Filling up the DagBag from /opt/airflow/dags/9. xcom_dag.py
[2024-09-11T02:00:39.266+0000] {processor.py:840} INFO - DAG(s) 'xcom_dag_v03' retrieved from /opt/airflow/dags/9. xcom_dag.py
[2024-09-11T02:00:39.284+0000] {logging_mixin.py:188} INFO - [2024-09-11T02:00:39.284+0000] {dag.py:3096} INFO - Sync 1 DAGs
[2024-09-11T02:00:39.303+0000] {logging_mixin.py:188} INFO - [2024-09-11T02:00:39.303+0000] {dag.py:3954} INFO - Setting next_dagrun for xcom_dag_v03 to 2024-06-30 00:00:00+00:00, run_after=2024-07-01 00:00:00+00:00
[2024-09-11T02:00:39.321+0000] {processor.py:183} INFO - Processing /opt/airflow/dags/9. xcom_dag.py took 0.080 seconds
[2024-09-11T02:01:10.024+0000] {processor.py:161} INFO - Started process (PID=13091) to work on /opt/airflow/dags/9. xcom_dag.py
[2024-09-11T02:01:10.025+0000] {processor.py:830} INFO - Processing file /opt/airflow/dags/9. xcom_dag.py for tasks to queue
[2024-09-11T02:01:10.026+0000] {logging_mixin.py:188} INFO - [2024-09-11T02:01:10.026+0000] {dagbag.py:545} INFO - Filling up the DagBag from /opt/airflow/dags/9. xcom_dag.py
[2024-09-11T02:01:10.041+0000] {processor.py:840} INFO - DAG(s) 'xcom_dag_v03' retrieved from /opt/airflow/dags/9. xcom_dag.py
[2024-09-11T02:01:10.060+0000] {logging_mixin.py:188} INFO - [2024-09-11T02:01:10.060+0000] {dag.py:3096} INFO - Sync 1 DAGs
[2024-09-11T02:01:10.079+0000] {logging_mixin.py:188} INFO - [2024-09-11T02:01:10.079+0000] {dag.py:3954} INFO - Setting next_dagrun for xcom_dag_v03 to 2024-06-30 00:00:00+00:00, run_after=2024-07-01 00:00:00+00:00
[2024-09-11T02:01:10.099+0000] {processor.py:183} INFO - Processing /opt/airflow/dags/9. xcom_dag.py took 0.084 seconds
[2024-09-11T02:01:40.397+0000] {processor.py:161} INFO - Started process (PID=13410) to work on /opt/airflow/dags/9. xcom_dag.py
[2024-09-11T02:01:40.398+0000] {processor.py:830} INFO - Processing file /opt/airflow/dags/9. xcom_dag.py for tasks to queue
[2024-09-11T02:01:40.399+0000] {logging_mixin.py:188} INFO - [2024-09-11T02:01:40.399+0000] {dagbag.py:545} INFO - Filling up the DagBag from /opt/airflow/dags/9. xcom_dag.py
[2024-09-11T02:01:40.433+0000] {processor.py:840} INFO - DAG(s) 'xcom_dag_v03' retrieved from /opt/airflow/dags/9. xcom_dag.py
[2024-09-11T02:01:40.466+0000] {logging_mixin.py:188} INFO - [2024-09-11T02:01:40.466+0000] {dag.py:3096} INFO - Sync 1 DAGs
[2024-09-11T02:01:40.510+0000] {logging_mixin.py:188} INFO - [2024-09-11T02:01:40.510+0000] {dag.py:3954} INFO - Setting next_dagrun for xcom_dag_v03 to 2024-08-14 00:00:00+00:00, run_after=2024-08-15 00:00:00+00:00
[2024-09-11T02:01:40.537+0000] {processor.py:183} INFO - Processing /opt/airflow/dags/9. xcom_dag.py took 0.153 seconds
[2024-09-11T02:02:11.363+0000] {processor.py:161} INFO - Started process (PID=13651) to work on /opt/airflow/dags/9. xcom_dag.py
[2024-09-11T02:02:11.363+0000] {processor.py:830} INFO - Processing file /opt/airflow/dags/9. xcom_dag.py for tasks to queue
[2024-09-11T02:02:11.364+0000] {logging_mixin.py:188} INFO - [2024-09-11T02:02:11.364+0000] {dagbag.py:545} INFO - Filling up the DagBag from /opt/airflow/dags/9. xcom_dag.py
[2024-09-11T02:02:11.378+0000] {processor.py:840} INFO - DAG(s) 'xcom_dag_v03' retrieved from /opt/airflow/dags/9. xcom_dag.py
[2024-09-11T02:02:11.397+0000] {logging_mixin.py:188} INFO - [2024-09-11T02:02:11.397+0000] {dag.py:3096} INFO - Sync 1 DAGs
[2024-09-11T02:02:11.416+0000] {logging_mixin.py:188} INFO - [2024-09-11T02:02:11.416+0000] {dag.py:3954} INFO - Setting next_dagrun for xcom_dag_v03 to 2024-09-11 00:00:00+00:00, run_after=2024-09-12 00:00:00+00:00
[2024-09-11T02:02:11.434+0000] {processor.py:183} INFO - Processing /opt/airflow/dags/9. xcom_dag.py took 0.080 seconds
[2024-09-11T02:02:42.069+0000] {processor.py:161} INFO - Started process (PID=13712) to work on /opt/airflow/dags/9. xcom_dag.py
[2024-09-11T02:02:42.070+0000] {processor.py:830} INFO - Processing file /opt/airflow/dags/9. xcom_dag.py for tasks to queue
[2024-09-11T02:02:42.071+0000] {logging_mixin.py:188} INFO - [2024-09-11T02:02:42.070+0000] {dagbag.py:545} INFO - Filling up the DagBag from /opt/airflow/dags/9. xcom_dag.py
[2024-09-11T02:02:42.084+0000] {processor.py:840} INFO - DAG(s) 'xcom_dag_v03' retrieved from /opt/airflow/dags/9. xcom_dag.py
[2024-09-11T02:02:42.102+0000] {logging_mixin.py:188} INFO - [2024-09-11T02:02:42.102+0000] {dag.py:3096} INFO - Sync 1 DAGs
[2024-09-11T02:02:42.121+0000] {logging_mixin.py:188} INFO - [2024-09-11T02:02:42.120+0000] {dag.py:3954} INFO - Setting next_dagrun for xcom_dag_v03 to 2024-09-11 00:00:00+00:00, run_after=2024-09-12 00:00:00+00:00
[2024-09-11T02:02:42.140+0000] {processor.py:183} INFO - Processing /opt/airflow/dags/9. xcom_dag.py took 0.079 seconds
[2024-09-11T02:03:12.774+0000] {processor.py:161} INFO - Started process (PID=13773) to work on /opt/airflow/dags/9. xcom_dag.py
[2024-09-11T02:03:12.775+0000] {processor.py:830} INFO - Processing file /opt/airflow/dags/9. xcom_dag.py for tasks to queue
[2024-09-11T02:03:12.776+0000] {logging_mixin.py:188} INFO - [2024-09-11T02:03:12.775+0000] {dagbag.py:545} INFO - Filling up the DagBag from /opt/airflow/dags/9. xcom_dag.py
[2024-09-11T02:03:12.789+0000] {processor.py:840} INFO - DAG(s) 'xcom_dag_v03' retrieved from /opt/airflow/dags/9. xcom_dag.py
[2024-09-11T02:03:12.807+0000] {logging_mixin.py:188} INFO - [2024-09-11T02:03:12.807+0000] {dag.py:3096} INFO - Sync 1 DAGs
[2024-09-11T02:03:12.827+0000] {logging_mixin.py:188} INFO - [2024-09-11T02:03:12.827+0000] {dag.py:3954} INFO - Setting next_dagrun for xcom_dag_v03 to 2024-09-11 00:00:00+00:00, run_after=2024-09-12 00:00:00+00:00
[2024-09-11T02:03:12.851+0000] {processor.py:183} INFO - Processing /opt/airflow/dags/9. xcom_dag.py took 0.085 seconds
[2024-09-11T02:03:43.481+0000] {processor.py:161} INFO - Started process (PID=13834) to work on /opt/airflow/dags/9. xcom_dag.py
[2024-09-11T02:03:43.482+0000] {processor.py:830} INFO - Processing file /opt/airflow/dags/9. xcom_dag.py for tasks to queue
[2024-09-11T02:03:43.483+0000] {logging_mixin.py:188} INFO - [2024-09-11T02:03:43.482+0000] {dagbag.py:545} INFO - Filling up the DagBag from /opt/airflow/dags/9. xcom_dag.py
[2024-09-11T02:03:43.496+0000] {processor.py:840} INFO - DAG(s) 'xcom_dag_v03' retrieved from /opt/airflow/dags/9. xcom_dag.py
[2024-09-11T02:03:43.515+0000] {logging_mixin.py:188} INFO - [2024-09-11T02:03:43.515+0000] {dag.py:3096} INFO - Sync 1 DAGs
[2024-09-11T02:03:43.535+0000] {logging_mixin.py:188} INFO - [2024-09-11T02:03:43.534+0000] {dag.py:3954} INFO - Setting next_dagrun for xcom_dag_v03 to 2024-09-11 00:00:00+00:00, run_after=2024-09-12 00:00:00+00:00
[2024-09-11T02:03:43.555+0000] {processor.py:183} INFO - Processing /opt/airflow/dags/9. xcom_dag.py took 0.081 seconds
[2024-09-11T02:04:14.299+0000] {processor.py:161} INFO - Started process (PID=13895) to work on /opt/airflow/dags/9. xcom_dag.py
[2024-09-11T02:04:14.300+0000] {processor.py:830} INFO - Processing file /opt/airflow/dags/9. xcom_dag.py for tasks to queue
[2024-09-11T02:04:14.301+0000] {logging_mixin.py:188} INFO - [2024-09-11T02:04:14.301+0000] {dagbag.py:545} INFO - Filling up the DagBag from /opt/airflow/dags/9. xcom_dag.py
[2024-09-11T02:04:14.314+0000] {processor.py:840} INFO - DAG(s) 'xcom_dag_v03' retrieved from /opt/airflow/dags/9. xcom_dag.py
[2024-09-11T02:04:14.332+0000] {logging_mixin.py:188} INFO - [2024-09-11T02:04:14.332+0000] {dag.py:3096} INFO - Sync 1 DAGs
[2024-09-11T02:04:14.351+0000] {logging_mixin.py:188} INFO - [2024-09-11T02:04:14.351+0000] {dag.py:3954} INFO - Setting next_dagrun for xcom_dag_v03 to 2024-09-11 00:00:00+00:00, run_after=2024-09-12 00:00:00+00:00
[2024-09-11T02:04:14.371+0000] {processor.py:183} INFO - Processing /opt/airflow/dags/9. xcom_dag.py took 0.079 seconds
[2024-09-11T02:04:44.976+0000] {processor.py:161} INFO - Started process (PID=13956) to work on /opt/airflow/dags/9. xcom_dag.py
[2024-09-11T02:04:44.977+0000] {processor.py:830} INFO - Processing file /opt/airflow/dags/9. xcom_dag.py for tasks to queue
[2024-09-11T02:04:44.978+0000] {logging_mixin.py:188} INFO - [2024-09-11T02:04:44.978+0000] {dagbag.py:545} INFO - Filling up the DagBag from /opt/airflow/dags/9. xcom_dag.py
[2024-09-11T02:04:45.000+0000] {processor.py:840} INFO - DAG(s) 'xcom_dag_v03' retrieved from /opt/airflow/dags/9. xcom_dag.py
[2024-09-11T02:04:45.026+0000] {logging_mixin.py:188} INFO - [2024-09-11T02:04:45.026+0000] {dag.py:3096} INFO - Sync 1 DAGs
[2024-09-11T02:04:45.051+0000] {logging_mixin.py:188} INFO - [2024-09-11T02:04:45.051+0000] {dag.py:3954} INFO - Setting next_dagrun for xcom_dag_v03 to 2024-09-11 00:00:00+00:00, run_after=2024-09-12 00:00:00+00:00
[2024-09-11T02:04:45.072+0000] {processor.py:183} INFO - Processing /opt/airflow/dags/9. xcom_dag.py took 0.108 seconds
[2024-09-11T02:05:15.591+0000] {processor.py:161} INFO - Started process (PID=14012) to work on /opt/airflow/dags/9. xcom_dag.py
[2024-09-11T02:05:15.592+0000] {processor.py:830} INFO - Processing file /opt/airflow/dags/9. xcom_dag.py for tasks to queue
[2024-09-11T02:05:15.592+0000] {logging_mixin.py:188} INFO - [2024-09-11T02:05:15.592+0000] {dagbag.py:545} INFO - Filling up the DagBag from /opt/airflow/dags/9. xcom_dag.py
[2024-09-11T02:05:15.606+0000] {processor.py:840} INFO - DAG(s) 'xcom_dag_v03' retrieved from /opt/airflow/dags/9. xcom_dag.py
[2024-09-11T02:05:15.625+0000] {logging_mixin.py:188} INFO - [2024-09-11T02:05:15.625+0000] {dag.py:3096} INFO - Sync 1 DAGs
[2024-09-11T02:05:15.645+0000] {logging_mixin.py:188} INFO - [2024-09-11T02:05:15.644+0000] {dag.py:3954} INFO - Setting next_dagrun for xcom_dag_v03 to 2024-09-11 00:00:00+00:00, run_after=2024-09-12 00:00:00+00:00
[2024-09-11T02:05:15.661+0000] {processor.py:183} INFO - Processing /opt/airflow/dags/9. xcom_dag.py took 0.079 seconds
[2024-09-11T02:05:46.207+0000] {processor.py:161} INFO - Started process (PID=14068) to work on /opt/airflow/dags/9. xcom_dag.py
[2024-09-11T02:05:46.207+0000] {processor.py:830} INFO - Processing file /opt/airflow/dags/9. xcom_dag.py for tasks to queue
[2024-09-11T02:05:46.208+0000] {logging_mixin.py:188} INFO - [2024-09-11T02:05:46.208+0000] {dagbag.py:545} INFO - Filling up the DagBag from /opt/airflow/dags/9. xcom_dag.py
[2024-09-11T02:05:46.221+0000] {processor.py:840} INFO - DAG(s) 'xcom_dag_v03' retrieved from /opt/airflow/dags/9. xcom_dag.py
[2024-09-11T02:05:46.240+0000] {logging_mixin.py:188} INFO - [2024-09-11T02:05:46.240+0000] {dag.py:3096} INFO - Sync 1 DAGs
[2024-09-11T02:05:46.259+0000] {logging_mixin.py:188} INFO - [2024-09-11T02:05:46.259+0000] {dag.py:3954} INFO - Setting next_dagrun for xcom_dag_v03 to 2024-09-11 00:00:00+00:00, run_after=2024-09-12 00:00:00+00:00
[2024-09-11T02:05:46.275+0000] {processor.py:183} INFO - Processing /opt/airflow/dags/9. xcom_dag.py took 0.076 seconds
[2024-09-11T02:06:16.480+0000] {processor.py:161} INFO - Started process (PID=14211) to work on /opt/airflow/dags/9. xcom_dag.py
[2024-09-11T02:06:16.481+0000] {processor.py:830} INFO - Processing file /opt/airflow/dags/9. xcom_dag.py for tasks to queue
[2024-09-11T02:06:16.482+0000] {logging_mixin.py:188} INFO - [2024-09-11T02:06:16.482+0000] {dagbag.py:545} INFO - Filling up the DagBag from /opt/airflow/dags/9. xcom_dag.py
[2024-09-11T02:06:16.499+0000] {processor.py:840} INFO - DAG(s) 'xcom_dag_v03' retrieved from /opt/airflow/dags/9. xcom_dag.py
[2024-09-11T02:06:16.522+0000] {logging_mixin.py:188} INFO - [2024-09-11T02:06:16.521+0000] {dag.py:3096} INFO - Sync 1 DAGs
[2024-09-11T02:06:16.545+0000] {logging_mixin.py:188} INFO - [2024-09-11T02:06:16.545+0000] {dag.py:3954} INFO - Setting next_dagrun for xcom_dag_v03 to 2024-09-11 00:00:00+00:00, run_after=2024-09-12 00:00:00+00:00
[2024-09-11T02:06:16.568+0000] {processor.py:183} INFO - Processing /opt/airflow/dags/9. xcom_dag.py took 0.097 seconds
[2024-09-11T02:06:47.482+0000] {processor.py:161} INFO - Started process (PID=14522) to work on /opt/airflow/dags/9. xcom_dag.py
[2024-09-11T02:06:47.484+0000] {processor.py:830} INFO - Processing file /opt/airflow/dags/9. xcom_dag.py for tasks to queue
[2024-09-11T02:06:47.487+0000] {logging_mixin.py:188} INFO - [2024-09-11T02:06:47.486+0000] {dagbag.py:545} INFO - Filling up the DagBag from /opt/airflow/dags/9. xcom_dag.py
[2024-09-11T02:06:47.510+0000] {processor.py:840} INFO - DAG(s) 'xcom_dag_v03' retrieved from /opt/airflow/dags/9. xcom_dag.py
[2024-09-11T02:06:47.545+0000] {logging_mixin.py:188} INFO - [2024-09-11T02:06:47.545+0000] {dag.py:3096} INFO - Sync 1 DAGs
[2024-09-11T02:06:47.577+0000] {logging_mixin.py:188} INFO - [2024-09-11T02:06:47.576+0000] {dag.py:3954} INFO - Setting next_dagrun for xcom_dag_v03 to 2024-09-11 00:00:00+00:00, run_after=2024-09-12 00:00:00+00:00
[2024-09-11T02:06:47.602+0000] {processor.py:183} INFO - Processing /opt/airflow/dags/9. xcom_dag.py took 0.134 seconds
[2024-09-11T02:07:18.304+0000] {processor.py:161} INFO - Started process (PID=14674) to work on /opt/airflow/dags/9. xcom_dag.py
[2024-09-11T02:07:18.305+0000] {processor.py:830} INFO - Processing file /opt/airflow/dags/9. xcom_dag.py for tasks to queue
[2024-09-11T02:07:18.305+0000] {logging_mixin.py:188} INFO - [2024-09-11T02:07:18.305+0000] {dagbag.py:545} INFO - Filling up the DagBag from /opt/airflow/dags/9. xcom_dag.py
[2024-09-11T02:07:18.320+0000] {processor.py:840} INFO - DAG(s) 'xcom_dag_v03' retrieved from /opt/airflow/dags/9. xcom_dag.py
[2024-09-11T02:07:18.340+0000] {logging_mixin.py:188} INFO - [2024-09-11T02:07:18.340+0000] {dag.py:3096} INFO - Sync 1 DAGs
[2024-09-11T02:07:18.362+0000] {logging_mixin.py:188} INFO - [2024-09-11T02:07:18.362+0000] {dag.py:3954} INFO - Setting next_dagrun for xcom_dag_v03 to 2024-09-11 00:00:00+00:00, run_after=2024-09-12 00:00:00+00:00
[2024-09-11T02:07:18.381+0000] {processor.py:183} INFO - Processing /opt/airflow/dags/9. xcom_dag.py took 0.086 seconds
[2024-09-11T02:07:49.013+0000] {processor.py:161} INFO - Started process (PID=14730) to work on /opt/airflow/dags/9. xcom_dag.py
[2024-09-11T02:07:49.014+0000] {processor.py:830} INFO - Processing file /opt/airflow/dags/9. xcom_dag.py for tasks to queue
[2024-09-11T02:07:49.015+0000] {logging_mixin.py:188} INFO - [2024-09-11T02:07:49.014+0000] {dagbag.py:545} INFO - Filling up the DagBag from /opt/airflow/dags/9. xcom_dag.py
[2024-09-11T02:07:49.028+0000] {processor.py:840} INFO - DAG(s) 'xcom_dag_v03' retrieved from /opt/airflow/dags/9. xcom_dag.py
[2024-09-11T02:07:49.047+0000] {logging_mixin.py:188} INFO - [2024-09-11T02:07:49.047+0000] {dag.py:3096} INFO - Sync 1 DAGs
[2024-09-11T02:07:49.066+0000] {logging_mixin.py:188} INFO - [2024-09-11T02:07:49.066+0000] {dag.py:3954} INFO - Setting next_dagrun for xcom_dag_v03 to 2024-09-11 00:00:00+00:00, run_after=2024-09-12 00:00:00+00:00
[2024-09-11T02:07:49.086+0000] {processor.py:183} INFO - Processing /opt/airflow/dags/9. xcom_dag.py took 0.081 seconds
[2024-09-11T02:08:19.729+0000] {processor.py:161} INFO - Started process (PID=14786) to work on /opt/airflow/dags/9. xcom_dag.py
[2024-09-11T02:08:19.730+0000] {processor.py:830} INFO - Processing file /opt/airflow/dags/9. xcom_dag.py for tasks to queue
[2024-09-11T02:08:19.731+0000] {logging_mixin.py:188} INFO - [2024-09-11T02:08:19.731+0000] {dagbag.py:545} INFO - Filling up the DagBag from /opt/airflow/dags/9. xcom_dag.py
[2024-09-11T02:08:19.744+0000] {processor.py:840} INFO - DAG(s) 'xcom_dag_v03' retrieved from /opt/airflow/dags/9. xcom_dag.py
[2024-09-11T02:08:19.763+0000] {logging_mixin.py:188} INFO - [2024-09-11T02:08:19.763+0000] {dag.py:3096} INFO - Sync 1 DAGs
[2024-09-11T02:08:19.782+0000] {logging_mixin.py:188} INFO - [2024-09-11T02:08:19.781+0000] {dag.py:3954} INFO - Setting next_dagrun for xcom_dag_v03 to 2024-09-11 00:00:00+00:00, run_after=2024-09-12 00:00:00+00:00
[2024-09-11T02:08:19.801+0000] {processor.py:183} INFO - Processing /opt/airflow/dags/9. xcom_dag.py took 0.079 seconds
[2024-09-11T02:08:50.413+0000] {processor.py:161} INFO - Started process (PID=14842) to work on /opt/airflow/dags/9. xcom_dag.py
[2024-09-11T02:08:50.414+0000] {processor.py:830} INFO - Processing file /opt/airflow/dags/9. xcom_dag.py for tasks to queue
[2024-09-11T02:08:50.415+0000] {logging_mixin.py:188} INFO - [2024-09-11T02:08:50.415+0000] {dagbag.py:545} INFO - Filling up the DagBag from /opt/airflow/dags/9. xcom_dag.py
[2024-09-11T02:08:50.430+0000] {processor.py:840} INFO - DAG(s) 'xcom_dag_v03' retrieved from /opt/airflow/dags/9. xcom_dag.py
[2024-09-11T02:08:50.449+0000] {logging_mixin.py:188} INFO - [2024-09-11T02:08:50.449+0000] {dag.py:3096} INFO - Sync 1 DAGs
[2024-09-11T02:08:50.468+0000] {logging_mixin.py:188} INFO - [2024-09-11T02:08:50.468+0000] {dag.py:3954} INFO - Setting next_dagrun for xcom_dag_v03 to 2024-09-11 00:00:00+00:00, run_after=2024-09-12 00:00:00+00:00
[2024-09-11T02:08:50.487+0000] {processor.py:183} INFO - Processing /opt/airflow/dags/9. xcom_dag.py took 0.083 seconds
[2024-09-11T02:09:21.110+0000] {processor.py:161} INFO - Started process (PID=14898) to work on /opt/airflow/dags/9. xcom_dag.py
[2024-09-11T02:09:21.111+0000] {processor.py:830} INFO - Processing file /opt/airflow/dags/9. xcom_dag.py for tasks to queue
[2024-09-11T02:09:21.112+0000] {logging_mixin.py:188} INFO - [2024-09-11T02:09:21.112+0000] {dagbag.py:545} INFO - Filling up the DagBag from /opt/airflow/dags/9. xcom_dag.py
[2024-09-11T02:09:21.125+0000] {processor.py:840} INFO - DAG(s) 'xcom_dag_v03' retrieved from /opt/airflow/dags/9. xcom_dag.py
[2024-09-11T02:09:21.144+0000] {logging_mixin.py:188} INFO - [2024-09-11T02:09:21.144+0000] {dag.py:3096} INFO - Sync 1 DAGs
[2024-09-11T02:09:21.163+0000] {logging_mixin.py:188} INFO - [2024-09-11T02:09:21.163+0000] {dag.py:3954} INFO - Setting next_dagrun for xcom_dag_v03 to 2024-09-11 00:00:00+00:00, run_after=2024-09-12 00:00:00+00:00
[2024-09-11T02:09:21.183+0000] {processor.py:183} INFO - Processing /opt/airflow/dags/9. xcom_dag.py took 0.081 seconds
[2024-09-11T02:09:51.296+0000] {processor.py:161} INFO - Started process (PID=14949) to work on /opt/airflow/dags/9. xcom_dag.py
[2024-09-11T02:09:51.297+0000] {processor.py:830} INFO - Processing file /opt/airflow/dags/9. xcom_dag.py for tasks to queue
[2024-09-11T02:09:51.298+0000] {logging_mixin.py:188} INFO - [2024-09-11T02:09:51.297+0000] {dagbag.py:545} INFO - Filling up the DagBag from /opt/airflow/dags/9. xcom_dag.py
[2024-09-11T02:09:51.312+0000] {processor.py:840} INFO - DAG(s) 'xcom_dag_v03' retrieved from /opt/airflow/dags/9. xcom_dag.py
[2024-09-11T02:09:51.332+0000] {logging_mixin.py:188} INFO - [2024-09-11T02:09:51.331+0000] {dag.py:3096} INFO - Sync 1 DAGs
[2024-09-11T02:09:51.351+0000] {logging_mixin.py:188} INFO - [2024-09-11T02:09:51.351+0000] {dag.py:3954} INFO - Setting next_dagrun for xcom_dag_v03 to 2024-09-11 00:00:00+00:00, run_after=2024-09-12 00:00:00+00:00
[2024-09-11T02:09:51.371+0000] {processor.py:183} INFO - Processing /opt/airflow/dags/9. xcom_dag.py took 0.083 seconds
