[2024-09-11T01:39:35.363+0000] {processor.py:161} INFO - Started process (PID=182) to work on /opt/airflow/dags/create_dag_with_python_operator.py
[2024-09-11T01:39:35.364+0000] {processor.py:830} INFO - Processing file /opt/airflow/dags/create_dag_with_python_operator.py for tasks to queue
[2024-09-11T01:39:35.366+0000] {logging_mixin.py:188} INFO - [2024-09-11T01:39:35.366+0000] {dagbag.py:545} INFO - Filling up the DagBag from /opt/airflow/dags/create_dag_with_python_operator.py
[2024-09-11T01:39:35.401+0000] {processor.py:840} INFO - DAG(s) 'our_dag_with_python_operator_v01' retrieved from /opt/airflow/dags/create_dag_with_python_operator.py
[2024-09-11T01:39:35.653+0000] {logging_mixin.py:188} INFO - [2024-09-11T01:39:35.652+0000] {override.py:1829} INFO - Created Permission View: can read on DAG:our_dag_with_python_operator_v01
[2024-09-11T01:39:35.666+0000] {logging_mixin.py:188} INFO - [2024-09-11T01:39:35.665+0000] {override.py:1829} INFO - Created Permission View: can edit on DAG:our_dag_with_python_operator_v01
[2024-09-11T01:39:35.679+0000] {logging_mixin.py:188} INFO - [2024-09-11T01:39:35.679+0000] {override.py:1829} INFO - Created Permission View: can delete on DAG:our_dag_with_python_operator_v01
[2024-09-11T01:39:35.680+0000] {logging_mixin.py:188} INFO - [2024-09-11T01:39:35.680+0000] {dag.py:3096} INFO - Sync 1 DAGs
[2024-09-11T01:39:35.690+0000] {logging_mixin.py:188} INFO - [2024-09-11T01:39:35.689+0000] {dag.py:3118} INFO - Creating ORM DAG for our_dag_with_python_operator_v01
[2024-09-11T01:39:35.699+0000] {logging_mixin.py:188} INFO - [2024-09-11T01:39:35.699+0000] {dag.py:3954} INFO - Setting next_dagrun for our_dag_with_python_operator_v01 to 2024-06-30 00:00:00+00:00, run_after=2024-07-01 00:00:00+00:00
[2024-09-11T01:39:35.717+0000] {processor.py:183} INFO - Processing /opt/airflow/dags/create_dag_with_python_operator.py took 0.361 seconds
[2024-09-11T01:40:06.273+0000] {processor.py:161} INFO - Started process (PID=243) to work on /opt/airflow/dags/create_dag_with_python_operator.py
[2024-09-11T01:40:06.274+0000] {processor.py:830} INFO - Processing file /opt/airflow/dags/create_dag_with_python_operator.py for tasks to queue
[2024-09-11T01:40:06.275+0000] {logging_mixin.py:188} INFO - [2024-09-11T01:40:06.275+0000] {dagbag.py:545} INFO - Filling up the DagBag from /opt/airflow/dags/create_dag_with_python_operator.py
[2024-09-11T01:40:06.291+0000] {processor.py:840} INFO - DAG(s) 'our_dag_with_python_operator_v01' retrieved from /opt/airflow/dags/create_dag_with_python_operator.py
[2024-09-11T01:40:06.313+0000] {logging_mixin.py:188} INFO - [2024-09-11T01:40:06.313+0000] {dag.py:3096} INFO - Sync 1 DAGs
[2024-09-11T01:40:06.334+0000] {logging_mixin.py:188} INFO - [2024-09-11T01:40:06.334+0000] {dag.py:3954} INFO - Setting next_dagrun for our_dag_with_python_operator_v01 to 2024-06-30 00:00:00+00:00, run_after=2024-07-01 00:00:00+00:00
[2024-09-11T01:40:06.352+0000] {processor.py:183} INFO - Processing /opt/airflow/dags/create_dag_with_python_operator.py took 0.089 seconds
[2024-09-11T01:40:37.210+0000] {processor.py:161} INFO - Started process (PID=310) to work on /opt/airflow/dags/create_dag_with_python_operator.py
[2024-09-11T01:40:37.211+0000] {processor.py:830} INFO - Processing file /opt/airflow/dags/create_dag_with_python_operator.py for tasks to queue
[2024-09-11T01:40:37.213+0000] {logging_mixin.py:188} INFO - [2024-09-11T01:40:37.212+0000] {dagbag.py:545} INFO - Filling up the DagBag from /opt/airflow/dags/create_dag_with_python_operator.py
[2024-09-11T01:40:37.226+0000] {processor.py:840} INFO - DAG(s) 'our_dag_with_python_operator_v01' retrieved from /opt/airflow/dags/create_dag_with_python_operator.py
[2024-09-11T01:40:37.247+0000] {logging_mixin.py:188} INFO - [2024-09-11T01:40:37.246+0000] {dag.py:3096} INFO - Sync 1 DAGs
[2024-09-11T01:40:37.266+0000] {logging_mixin.py:188} INFO - [2024-09-11T01:40:37.266+0000] {dag.py:3954} INFO - Setting next_dagrun for our_dag_with_python_operator_v01 to 2024-06-30 00:00:00+00:00, run_after=2024-07-01 00:00:00+00:00
[2024-09-11T01:40:37.286+0000] {processor.py:183} INFO - Processing /opt/airflow/dags/create_dag_with_python_operator.py took 0.084 seconds
[2024-09-11T01:41:08.093+0000] {processor.py:161} INFO - Started process (PID=371) to work on /opt/airflow/dags/create_dag_with_python_operator.py
[2024-09-11T01:41:08.094+0000] {processor.py:830} INFO - Processing file /opt/airflow/dags/create_dag_with_python_operator.py for tasks to queue
[2024-09-11T01:41:08.096+0000] {logging_mixin.py:188} INFO - [2024-09-11T01:41:08.095+0000] {dagbag.py:545} INFO - Filling up the DagBag from /opt/airflow/dags/create_dag_with_python_operator.py
[2024-09-11T01:41:08.109+0000] {processor.py:840} INFO - DAG(s) 'our_dag_with_python_operator_v01' retrieved from /opt/airflow/dags/create_dag_with_python_operator.py
[2024-09-11T01:41:08.128+0000] {logging_mixin.py:188} INFO - [2024-09-11T01:41:08.128+0000] {dag.py:3096} INFO - Sync 1 DAGs
[2024-09-11T01:41:08.146+0000] {logging_mixin.py:188} INFO - [2024-09-11T01:41:08.146+0000] {dag.py:3954} INFO - Setting next_dagrun for our_dag_with_python_operator_v01 to 2024-06-30 00:00:00+00:00, run_after=2024-07-01 00:00:00+00:00
[2024-09-11T01:41:08.166+0000] {processor.py:183} INFO - Processing /opt/airflow/dags/create_dag_with_python_operator.py took 0.081 seconds
[2024-09-11T01:41:38.965+0000] {processor.py:161} INFO - Started process (PID=432) to work on /opt/airflow/dags/create_dag_with_python_operator.py
[2024-09-11T01:41:38.966+0000] {processor.py:830} INFO - Processing file /opt/airflow/dags/create_dag_with_python_operator.py for tasks to queue
[2024-09-11T01:41:38.969+0000] {logging_mixin.py:188} INFO - [2024-09-11T01:41:38.968+0000] {dagbag.py:545} INFO - Filling up the DagBag from /opt/airflow/dags/create_dag_with_python_operator.py
[2024-09-11T01:41:38.992+0000] {processor.py:840} INFO - DAG(s) 'our_dag_with_python_operator_v01' retrieved from /opt/airflow/dags/create_dag_with_python_operator.py
[2024-09-11T01:41:39.026+0000] {logging_mixin.py:188} INFO - [2024-09-11T01:41:39.025+0000] {dag.py:3096} INFO - Sync 1 DAGs
[2024-09-11T01:41:39.058+0000] {logging_mixin.py:188} INFO - [2024-09-11T01:41:39.058+0000] {dag.py:3954} INFO - Setting next_dagrun for our_dag_with_python_operator_v01 to 2024-06-30 00:00:00+00:00, run_after=2024-07-01 00:00:00+00:00
[2024-09-11T01:41:39.090+0000] {processor.py:183} INFO - Processing /opt/airflow/dags/create_dag_with_python_operator.py took 0.140 seconds
[2024-09-11T01:42:09.204+0000] {processor.py:161} INFO - Started process (PID=493) to work on /opt/airflow/dags/create_dag_with_python_operator.py
[2024-09-11T01:42:09.205+0000] {processor.py:830} INFO - Processing file /opt/airflow/dags/create_dag_with_python_operator.py for tasks to queue
[2024-09-11T01:42:09.206+0000] {logging_mixin.py:188} INFO - [2024-09-11T01:42:09.206+0000] {dagbag.py:545} INFO - Filling up the DagBag from /opt/airflow/dags/create_dag_with_python_operator.py
[2024-09-11T01:42:09.220+0000] {processor.py:840} INFO - DAG(s) 'our_dag_with_python_operator_v01' retrieved from /opt/airflow/dags/create_dag_with_python_operator.py
[2024-09-11T01:42:09.240+0000] {logging_mixin.py:188} INFO - [2024-09-11T01:42:09.239+0000] {dag.py:3096} INFO - Sync 1 DAGs
[2024-09-11T01:42:09.260+0000] {logging_mixin.py:188} INFO - [2024-09-11T01:42:09.259+0000] {dag.py:3954} INFO - Setting next_dagrun for our_dag_with_python_operator_v01 to 2024-06-30 00:00:00+00:00, run_after=2024-07-01 00:00:00+00:00
[2024-09-11T01:42:09.282+0000] {processor.py:183} INFO - Processing /opt/airflow/dags/create_dag_with_python_operator.py took 0.087 seconds
[2024-09-11T01:42:40.047+0000] {processor.py:161} INFO - Started process (PID=554) to work on /opt/airflow/dags/create_dag_with_python_operator.py
[2024-09-11T01:42:40.047+0000] {processor.py:830} INFO - Processing file /opt/airflow/dags/create_dag_with_python_operator.py for tasks to queue
[2024-09-11T01:42:40.049+0000] {logging_mixin.py:188} INFO - [2024-09-11T01:42:40.048+0000] {dagbag.py:545} INFO - Filling up the DagBag from /opt/airflow/dags/create_dag_with_python_operator.py
[2024-09-11T01:42:40.061+0000] {processor.py:840} INFO - DAG(s) 'our_dag_with_python_operator_v01' retrieved from /opt/airflow/dags/create_dag_with_python_operator.py
[2024-09-11T01:42:40.079+0000] {logging_mixin.py:188} INFO - [2024-09-11T01:42:40.078+0000] {dag.py:3096} INFO - Sync 1 DAGs
[2024-09-11T01:42:40.098+0000] {logging_mixin.py:188} INFO - [2024-09-11T01:42:40.098+0000] {dag.py:3954} INFO - Setting next_dagrun for our_dag_with_python_operator_v01 to 2024-06-30 00:00:00+00:00, run_after=2024-07-01 00:00:00+00:00
[2024-09-11T01:42:40.118+0000] {processor.py:183} INFO - Processing /opt/airflow/dags/create_dag_with_python_operator.py took 0.080 seconds
[2024-09-11T01:43:10.865+0000] {processor.py:161} INFO - Started process (PID=615) to work on /opt/airflow/dags/create_dag_with_python_operator.py
[2024-09-11T01:43:10.866+0000] {processor.py:830} INFO - Processing file /opt/airflow/dags/create_dag_with_python_operator.py for tasks to queue
[2024-09-11T01:43:10.867+0000] {logging_mixin.py:188} INFO - [2024-09-11T01:43:10.867+0000] {dagbag.py:545} INFO - Filling up the DagBag from /opt/airflow/dags/create_dag_with_python_operator.py
[2024-09-11T01:43:10.880+0000] {processor.py:840} INFO - DAG(s) 'our_dag_with_python_operator_v01' retrieved from /opt/airflow/dags/create_dag_with_python_operator.py
[2024-09-11T01:43:10.899+0000] {logging_mixin.py:188} INFO - [2024-09-11T01:43:10.898+0000] {dag.py:3096} INFO - Sync 1 DAGs
[2024-09-11T01:43:10.918+0000] {logging_mixin.py:188} INFO - [2024-09-11T01:43:10.917+0000] {dag.py:3954} INFO - Setting next_dagrun for our_dag_with_python_operator_v01 to 2024-06-30 00:00:00+00:00, run_after=2024-07-01 00:00:00+00:00
[2024-09-11T01:43:10.938+0000] {processor.py:183} INFO - Processing /opt/airflow/dags/create_dag_with_python_operator.py took 0.082 seconds
[2024-09-11T01:43:41.702+0000] {processor.py:161} INFO - Started process (PID=676) to work on /opt/airflow/dags/create_dag_with_python_operator.py
[2024-09-11T01:43:41.703+0000] {processor.py:830} INFO - Processing file /opt/airflow/dags/create_dag_with_python_operator.py for tasks to queue
[2024-09-11T01:43:41.705+0000] {logging_mixin.py:188} INFO - [2024-09-11T01:43:41.704+0000] {dagbag.py:545} INFO - Filling up the DagBag from /opt/airflow/dags/create_dag_with_python_operator.py
[2024-09-11T01:43:41.718+0000] {processor.py:840} INFO - DAG(s) 'our_dag_with_python_operator_v01' retrieved from /opt/airflow/dags/create_dag_with_python_operator.py
[2024-09-11T01:43:41.738+0000] {logging_mixin.py:188} INFO - [2024-09-11T01:43:41.738+0000] {dag.py:3096} INFO - Sync 1 DAGs
[2024-09-11T01:43:41.758+0000] {logging_mixin.py:188} INFO - [2024-09-11T01:43:41.757+0000] {dag.py:3954} INFO - Setting next_dagrun for our_dag_with_python_operator_v01 to 2024-06-30 00:00:00+00:00, run_after=2024-07-01 00:00:00+00:00
[2024-09-11T01:43:41.778+0000] {processor.py:183} INFO - Processing /opt/airflow/dags/create_dag_with_python_operator.py took 0.085 seconds
[2024-09-11T01:44:12.520+0000] {processor.py:161} INFO - Started process (PID=737) to work on /opt/airflow/dags/create_dag_with_python_operator.py
[2024-09-11T01:44:12.520+0000] {processor.py:830} INFO - Processing file /opt/airflow/dags/create_dag_with_python_operator.py for tasks to queue
[2024-09-11T01:44:12.522+0000] {logging_mixin.py:188} INFO - [2024-09-11T01:44:12.522+0000] {dagbag.py:545} INFO - Filling up the DagBag from /opt/airflow/dags/create_dag_with_python_operator.py
[2024-09-11T01:44:12.535+0000] {processor.py:840} INFO - DAG(s) 'our_dag_with_python_operator_v01' retrieved from /opt/airflow/dags/create_dag_with_python_operator.py
[2024-09-11T01:44:12.554+0000] {logging_mixin.py:188} INFO - [2024-09-11T01:44:12.553+0000] {dag.py:3096} INFO - Sync 1 DAGs
[2024-09-11T01:44:12.572+0000] {logging_mixin.py:188} INFO - [2024-09-11T01:44:12.571+0000] {dag.py:3954} INFO - Setting next_dagrun for our_dag_with_python_operator_v01 to 2024-06-30 00:00:00+00:00, run_after=2024-07-01 00:00:00+00:00
[2024-09-11T01:44:12.591+0000] {processor.py:183} INFO - Processing /opt/airflow/dags/create_dag_with_python_operator.py took 0.080 seconds
[2024-09-11T01:44:43.425+0000] {processor.py:161} INFO - Started process (PID=798) to work on /opt/airflow/dags/create_dag_with_python_operator.py
[2024-09-11T01:44:43.426+0000] {processor.py:830} INFO - Processing file /opt/airflow/dags/create_dag_with_python_operator.py for tasks to queue
[2024-09-11T01:44:43.427+0000] {logging_mixin.py:188} INFO - [2024-09-11T01:44:43.427+0000] {dagbag.py:545} INFO - Filling up the DagBag from /opt/airflow/dags/create_dag_with_python_operator.py
[2024-09-11T01:44:43.441+0000] {processor.py:840} INFO - DAG(s) 'our_dag_with_python_operator_v01' retrieved from /opt/airflow/dags/create_dag_with_python_operator.py
[2024-09-11T01:44:43.462+0000] {logging_mixin.py:188} INFO - [2024-09-11T01:44:43.462+0000] {dag.py:3096} INFO - Sync 1 DAGs
[2024-09-11T01:44:43.481+0000] {logging_mixin.py:188} INFO - [2024-09-11T01:44:43.481+0000] {dag.py:3954} INFO - Setting next_dagrun for our_dag_with_python_operator_v01 to 2024-06-30 00:00:00+00:00, run_after=2024-07-01 00:00:00+00:00
[2024-09-11T01:44:43.504+0000] {processor.py:183} INFO - Processing /opt/airflow/dags/create_dag_with_python_operator.py took 0.090 seconds
[2024-09-11T01:45:14.178+0000] {processor.py:161} INFO - Started process (PID=859) to work on /opt/airflow/dags/create_dag_with_python_operator.py
[2024-09-11T01:45:14.178+0000] {processor.py:830} INFO - Processing file /opt/airflow/dags/create_dag_with_python_operator.py for tasks to queue
[2024-09-11T01:45:14.180+0000] {logging_mixin.py:188} INFO - [2024-09-11T01:45:14.179+0000] {dagbag.py:545} INFO - Filling up the DagBag from /opt/airflow/dags/create_dag_with_python_operator.py
[2024-09-11T01:45:14.195+0000] {processor.py:840} INFO - DAG(s) 'our_dag_with_python_operator_v01' retrieved from /opt/airflow/dags/create_dag_with_python_operator.py
[2024-09-11T01:45:14.214+0000] {logging_mixin.py:188} INFO - [2024-09-11T01:45:14.213+0000] {dag.py:3096} INFO - Sync 1 DAGs
[2024-09-11T01:45:14.234+0000] {logging_mixin.py:188} INFO - [2024-09-11T01:45:14.234+0000] {dag.py:3954} INFO - Setting next_dagrun for our_dag_with_python_operator_v01 to 2024-06-30 00:00:00+00:00, run_after=2024-07-01 00:00:00+00:00
[2024-09-11T01:45:14.254+0000] {processor.py:183} INFO - Processing /opt/airflow/dags/create_dag_with_python_operator.py took 0.085 seconds
[2024-09-11T01:45:45.014+0000] {processor.py:161} INFO - Started process (PID=920) to work on /opt/airflow/dags/create_dag_with_python_operator.py
[2024-09-11T01:45:45.014+0000] {processor.py:830} INFO - Processing file /opt/airflow/dags/create_dag_with_python_operator.py for tasks to queue
[2024-09-11T01:45:45.016+0000] {logging_mixin.py:188} INFO - [2024-09-11T01:45:45.015+0000] {dagbag.py:545} INFO - Filling up the DagBag from /opt/airflow/dags/create_dag_with_python_operator.py
[2024-09-11T01:45:45.029+0000] {processor.py:840} INFO - DAG(s) 'our_dag_with_python_operator_v01' retrieved from /opt/airflow/dags/create_dag_with_python_operator.py
[2024-09-11T01:45:45.047+0000] {logging_mixin.py:188} INFO - [2024-09-11T01:45:45.047+0000] {dag.py:3096} INFO - Sync 1 DAGs
[2024-09-11T01:45:45.066+0000] {logging_mixin.py:188} INFO - [2024-09-11T01:45:45.066+0000] {dag.py:3954} INFO - Setting next_dagrun for our_dag_with_python_operator_v01 to 2024-06-30 00:00:00+00:00, run_after=2024-07-01 00:00:00+00:00
[2024-09-11T01:45:45.086+0000] {processor.py:183} INFO - Processing /opt/airflow/dags/create_dag_with_python_operator.py took 0.080 seconds
[2024-09-11T01:46:15.843+0000] {processor.py:161} INFO - Started process (PID=981) to work on /opt/airflow/dags/create_dag_with_python_operator.py
[2024-09-11T01:46:15.844+0000] {processor.py:830} INFO - Processing file /opt/airflow/dags/create_dag_with_python_operator.py for tasks to queue
[2024-09-11T01:46:15.845+0000] {logging_mixin.py:188} INFO - [2024-09-11T01:46:15.845+0000] {dagbag.py:545} INFO - Filling up the DagBag from /opt/airflow/dags/create_dag_with_python_operator.py
[2024-09-11T01:46:15.859+0000] {processor.py:840} INFO - DAG(s) 'our_dag_with_python_operator_v01' retrieved from /opt/airflow/dags/create_dag_with_python_operator.py
[2024-09-11T01:46:15.878+0000] {logging_mixin.py:188} INFO - [2024-09-11T01:46:15.877+0000] {dag.py:3096} INFO - Sync 1 DAGs
[2024-09-11T01:46:15.895+0000] {logging_mixin.py:188} INFO - [2024-09-11T01:46:15.895+0000] {dag.py:3954} INFO - Setting next_dagrun for our_dag_with_python_operator_v01 to 2024-06-30 00:00:00+00:00, run_after=2024-07-01 00:00:00+00:00
[2024-09-11T01:46:15.915+0000] {processor.py:183} INFO - Processing /opt/airflow/dags/create_dag_with_python_operator.py took 0.079 seconds
[2024-09-11T01:46:46.654+0000] {processor.py:161} INFO - Started process (PID=1042) to work on /opt/airflow/dags/create_dag_with_python_operator.py
[2024-09-11T01:46:46.655+0000] {processor.py:830} INFO - Processing file /opt/airflow/dags/create_dag_with_python_operator.py for tasks to queue
[2024-09-11T01:46:46.657+0000] {logging_mixin.py:188} INFO - [2024-09-11T01:46:46.657+0000] {dagbag.py:545} INFO - Filling up the DagBag from /opt/airflow/dags/create_dag_with_python_operator.py
[2024-09-11T01:46:46.671+0000] {processor.py:840} INFO - DAG(s) 'our_dag_with_python_operator_v01' retrieved from /opt/airflow/dags/create_dag_with_python_operator.py
[2024-09-11T01:46:46.694+0000] {logging_mixin.py:188} INFO - [2024-09-11T01:46:46.694+0000] {dag.py:3096} INFO - Sync 1 DAGs
[2024-09-11T01:46:46.718+0000] {logging_mixin.py:188} INFO - [2024-09-11T01:46:46.718+0000] {dag.py:3954} INFO - Setting next_dagrun for our_dag_with_python_operator_v01 to 2024-06-30 00:00:00+00:00, run_after=2024-07-01 00:00:00+00:00
[2024-09-11T01:46:46.743+0000] {processor.py:183} INFO - Processing /opt/airflow/dags/create_dag_with_python_operator.py took 0.097 seconds
[2024-09-11T01:47:17.456+0000] {processor.py:161} INFO - Started process (PID=1103) to work on /opt/airflow/dags/create_dag_with_python_operator.py
[2024-09-11T01:47:17.457+0000] {processor.py:830} INFO - Processing file /opt/airflow/dags/create_dag_with_python_operator.py for tasks to queue
[2024-09-11T01:47:17.458+0000] {logging_mixin.py:188} INFO - [2024-09-11T01:47:17.458+0000] {dagbag.py:545} INFO - Filling up the DagBag from /opt/airflow/dags/create_dag_with_python_operator.py
[2024-09-11T01:47:17.472+0000] {processor.py:840} INFO - DAG(s) 'our_dag_with_python_operator_v01' retrieved from /opt/airflow/dags/create_dag_with_python_operator.py
[2024-09-11T01:47:17.491+0000] {logging_mixin.py:188} INFO - [2024-09-11T01:47:17.491+0000] {dag.py:3096} INFO - Sync 1 DAGs
[2024-09-11T01:47:17.509+0000] {logging_mixin.py:188} INFO - [2024-09-11T01:47:17.509+0000] {dag.py:3954} INFO - Setting next_dagrun for our_dag_with_python_operator_v01 to 2024-06-30 00:00:00+00:00, run_after=2024-07-01 00:00:00+00:00
[2024-09-11T01:47:17.529+0000] {processor.py:183} INFO - Processing /opt/airflow/dags/create_dag_with_python_operator.py took 0.081 seconds
[2024-09-11T01:47:48.277+0000] {processor.py:161} INFO - Started process (PID=1164) to work on /opt/airflow/dags/create_dag_with_python_operator.py
[2024-09-11T01:47:48.278+0000] {processor.py:830} INFO - Processing file /opt/airflow/dags/create_dag_with_python_operator.py for tasks to queue
[2024-09-11T01:47:48.279+0000] {logging_mixin.py:188} INFO - [2024-09-11T01:47:48.279+0000] {dagbag.py:545} INFO - Filling up the DagBag from /opt/airflow/dags/create_dag_with_python_operator.py
[2024-09-11T01:47:48.293+0000] {processor.py:840} INFO - DAG(s) 'our_dag_with_python_operator_v01' retrieved from /opt/airflow/dags/create_dag_with_python_operator.py
[2024-09-11T01:47:48.311+0000] {logging_mixin.py:188} INFO - [2024-09-11T01:47:48.311+0000] {dag.py:3096} INFO - Sync 1 DAGs
[2024-09-11T01:47:48.331+0000] {logging_mixin.py:188} INFO - [2024-09-11T01:47:48.330+0000] {dag.py:3954} INFO - Setting next_dagrun for our_dag_with_python_operator_v01 to 2024-06-30 00:00:00+00:00, run_after=2024-07-01 00:00:00+00:00
[2024-09-11T01:47:48.350+0000] {processor.py:183} INFO - Processing /opt/airflow/dags/create_dag_with_python_operator.py took 0.081 seconds
[2024-09-11T01:48:19.080+0000] {processor.py:161} INFO - Started process (PID=1225) to work on /opt/airflow/dags/create_dag_with_python_operator.py
[2024-09-11T01:48:19.080+0000] {processor.py:830} INFO - Processing file /opt/airflow/dags/create_dag_with_python_operator.py for tasks to queue
[2024-09-11T01:48:19.082+0000] {logging_mixin.py:188} INFO - [2024-09-11T01:48:19.081+0000] {dagbag.py:545} INFO - Filling up the DagBag from /opt/airflow/dags/create_dag_with_python_operator.py
[2024-09-11T01:48:19.095+0000] {processor.py:840} INFO - DAG(s) 'our_dag_with_python_operator_v01' retrieved from /opt/airflow/dags/create_dag_with_python_operator.py
[2024-09-11T01:48:19.115+0000] {logging_mixin.py:188} INFO - [2024-09-11T01:48:19.115+0000] {dag.py:3096} INFO - Sync 1 DAGs
[2024-09-11T01:48:19.136+0000] {logging_mixin.py:188} INFO - [2024-09-11T01:48:19.136+0000] {dag.py:3954} INFO - Setting next_dagrun for our_dag_with_python_operator_v01 to 2024-06-30 00:00:00+00:00, run_after=2024-07-01 00:00:00+00:00
[2024-09-11T01:48:19.155+0000] {processor.py:183} INFO - Processing /opt/airflow/dags/create_dag_with_python_operator.py took 0.085 seconds
[2024-09-11T01:48:49.947+0000] {processor.py:161} INFO - Started process (PID=1286) to work on /opt/airflow/dags/create_dag_with_python_operator.py
[2024-09-11T01:48:49.947+0000] {processor.py:830} INFO - Processing file /opt/airflow/dags/create_dag_with_python_operator.py for tasks to queue
[2024-09-11T01:48:49.949+0000] {logging_mixin.py:188} INFO - [2024-09-11T01:48:49.949+0000] {dagbag.py:545} INFO - Filling up the DagBag from /opt/airflow/dags/create_dag_with_python_operator.py
[2024-09-11T01:48:49.962+0000] {processor.py:840} INFO - DAG(s) 'our_dag_with_python_operator_v01' retrieved from /opt/airflow/dags/create_dag_with_python_operator.py
[2024-09-11T01:48:49.983+0000] {logging_mixin.py:188} INFO - [2024-09-11T01:48:49.983+0000] {dag.py:3096} INFO - Sync 1 DAGs
[2024-09-11T01:48:50.003+0000] {logging_mixin.py:188} INFO - [2024-09-11T01:48:50.003+0000] {dag.py:3954} INFO - Setting next_dagrun for our_dag_with_python_operator_v01 to 2024-06-30 00:00:00+00:00, run_after=2024-07-01 00:00:00+00:00
[2024-09-11T01:48:50.024+0000] {processor.py:183} INFO - Processing /opt/airflow/dags/create_dag_with_python_operator.py took 0.086 seconds
[2024-09-11T01:49:20.722+0000] {processor.py:161} INFO - Started process (PID=1347) to work on /opt/airflow/dags/create_dag_with_python_operator.py
[2024-09-11T01:49:20.723+0000] {processor.py:830} INFO - Processing file /opt/airflow/dags/create_dag_with_python_operator.py for tasks to queue
[2024-09-11T01:49:20.725+0000] {logging_mixin.py:188} INFO - [2024-09-11T01:49:20.725+0000] {dagbag.py:545} INFO - Filling up the DagBag from /opt/airflow/dags/create_dag_with_python_operator.py
[2024-09-11T01:49:20.738+0000] {processor.py:840} INFO - DAG(s) 'our_dag_with_python_operator_v01' retrieved from /opt/airflow/dags/create_dag_with_python_operator.py
[2024-09-11T01:49:20.756+0000] {logging_mixin.py:188} INFO - [2024-09-11T01:49:20.756+0000] {dag.py:3096} INFO - Sync 1 DAGs
[2024-09-11T01:49:20.775+0000] {logging_mixin.py:188} INFO - [2024-09-11T01:49:20.775+0000] {dag.py:3954} INFO - Setting next_dagrun for our_dag_with_python_operator_v01 to 2024-06-30 00:00:00+00:00, run_after=2024-07-01 00:00:00+00:00
[2024-09-11T01:49:20.794+0000] {processor.py:183} INFO - Processing /opt/airflow/dags/create_dag_with_python_operator.py took 0.080 seconds
[2024-09-11T01:49:51.796+0000] {processor.py:161} INFO - Started process (PID=1796) to work on /opt/airflow/dags/create_dag_with_python_operator.py
[2024-09-11T01:49:51.797+0000] {processor.py:830} INFO - Processing file /opt/airflow/dags/create_dag_with_python_operator.py for tasks to queue
[2024-09-11T01:49:51.798+0000] {logging_mixin.py:188} INFO - [2024-09-11T01:49:51.798+0000] {dagbag.py:545} INFO - Filling up the DagBag from /opt/airflow/dags/create_dag_with_python_operator.py
[2024-09-11T01:49:51.812+0000] {processor.py:840} INFO - DAG(s) 'our_dag_with_python_operator_v01' retrieved from /opt/airflow/dags/create_dag_with_python_operator.py
[2024-09-11T01:49:51.834+0000] {logging_mixin.py:188} INFO - [2024-09-11T01:49:51.834+0000] {dag.py:3096} INFO - Sync 1 DAGs
[2024-09-11T01:49:51.856+0000] {logging_mixin.py:188} INFO - [2024-09-11T01:49:51.855+0000] {dag.py:3954} INFO - Setting next_dagrun for our_dag_with_python_operator_v01 to 2024-06-30 00:00:00+00:00, run_after=2024-07-01 00:00:00+00:00
[2024-09-11T01:49:51.877+0000] {processor.py:183} INFO - Processing /opt/airflow/dags/create_dag_with_python_operator.py took 0.089 seconds
[2024-09-11T01:50:22.417+0000] {processor.py:161} INFO - Started process (PID=2504) to work on /opt/airflow/dags/create_dag_with_python_operator.py
[2024-09-11T01:50:22.418+0000] {processor.py:830} INFO - Processing file /opt/airflow/dags/create_dag_with_python_operator.py for tasks to queue
[2024-09-11T01:50:22.419+0000] {logging_mixin.py:188} INFO - [2024-09-11T01:50:22.419+0000] {dagbag.py:545} INFO - Filling up the DagBag from /opt/airflow/dags/create_dag_with_python_operator.py
[2024-09-11T01:50:22.433+0000] {processor.py:840} INFO - DAG(s) 'our_dag_with_python_operator_v01' retrieved from /opt/airflow/dags/create_dag_with_python_operator.py
[2024-09-11T01:50:22.452+0000] {logging_mixin.py:188} INFO - [2024-09-11T01:50:22.451+0000] {dag.py:3096} INFO - Sync 1 DAGs
[2024-09-11T01:50:22.471+0000] {logging_mixin.py:188} INFO - [2024-09-11T01:50:22.470+0000] {dag.py:3954} INFO - Setting next_dagrun for our_dag_with_python_operator_v01 to 2024-06-30 00:00:00+00:00, run_after=2024-07-01 00:00:00+00:00
[2024-09-11T01:50:22.492+0000] {processor.py:183} INFO - Processing /opt/airflow/dags/create_dag_with_python_operator.py took 0.084 seconds
[2024-09-11T01:50:52.641+0000] {processor.py:161} INFO - Started process (PID=3114) to work on /opt/airflow/dags/create_dag_with_python_operator.py
[2024-09-11T01:50:52.643+0000] {processor.py:830} INFO - Processing file /opt/airflow/dags/create_dag_with_python_operator.py for tasks to queue
[2024-09-11T01:50:52.645+0000] {logging_mixin.py:188} INFO - [2024-09-11T01:50:52.645+0000] {dagbag.py:545} INFO - Filling up the DagBag from /opt/airflow/dags/create_dag_with_python_operator.py
[2024-09-11T01:50:52.667+0000] {processor.py:840} INFO - DAG(s) 'our_dag_with_python_operator_v01' retrieved from /opt/airflow/dags/create_dag_with_python_operator.py
[2024-09-11T01:50:52.710+0000] {logging_mixin.py:188} INFO - [2024-09-11T01:50:52.709+0000] {dag.py:3096} INFO - Sync 1 DAGs
[2024-09-11T01:50:52.753+0000] {logging_mixin.py:188} INFO - [2024-09-11T01:50:52.752+0000] {dag.py:3954} INFO - Setting next_dagrun for our_dag_with_python_operator_v01 to 2024-06-30 00:00:00+00:00, run_after=2024-07-01 00:00:00+00:00
[2024-09-11T01:50:52.791+0000] {processor.py:183} INFO - Processing /opt/airflow/dags/create_dag_with_python_operator.py took 0.163 seconds
[2024-09-11T01:51:23.076+0000] {processor.py:161} INFO - Started process (PID=3728) to work on /opt/airflow/dags/create_dag_with_python_operator.py
[2024-09-11T01:51:23.077+0000] {processor.py:830} INFO - Processing file /opt/airflow/dags/create_dag_with_python_operator.py for tasks to queue
[2024-09-11T01:51:23.079+0000] {logging_mixin.py:188} INFO - [2024-09-11T01:51:23.078+0000] {dagbag.py:545} INFO - Filling up the DagBag from /opt/airflow/dags/create_dag_with_python_operator.py
[2024-09-11T01:51:23.099+0000] {processor.py:840} INFO - DAG(s) 'our_dag_with_python_operator_v01' retrieved from /opt/airflow/dags/create_dag_with_python_operator.py
[2024-09-11T01:51:23.127+0000] {logging_mixin.py:188} INFO - [2024-09-11T01:51:23.126+0000] {dag.py:3096} INFO - Sync 1 DAGs
[2024-09-11T01:51:23.158+0000] {logging_mixin.py:188} INFO - [2024-09-11T01:51:23.158+0000] {dag.py:3954} INFO - Setting next_dagrun for our_dag_with_python_operator_v01 to 2024-06-30 00:00:00+00:00, run_after=2024-07-01 00:00:00+00:00
[2024-09-11T01:51:23.188+0000] {processor.py:183} INFO - Processing /opt/airflow/dags/create_dag_with_python_operator.py took 0.122 seconds
[2024-09-11T01:51:53.728+0000] {processor.py:161} INFO - Started process (PID=4409) to work on /opt/airflow/dags/create_dag_with_python_operator.py
[2024-09-11T01:51:53.729+0000] {processor.py:830} INFO - Processing file /opt/airflow/dags/create_dag_with_python_operator.py for tasks to queue
[2024-09-11T01:51:53.733+0000] {logging_mixin.py:188} INFO - [2024-09-11T01:51:53.733+0000] {dagbag.py:545} INFO - Filling up the DagBag from /opt/airflow/dags/create_dag_with_python_operator.py
[2024-09-11T01:51:53.754+0000] {processor.py:840} INFO - DAG(s) 'our_dag_with_python_operator_v01' retrieved from /opt/airflow/dags/create_dag_with_python_operator.py
[2024-09-11T01:51:53.789+0000] {logging_mixin.py:188} INFO - [2024-09-11T01:51:53.789+0000] {dag.py:3096} INFO - Sync 1 DAGs
[2024-09-11T01:51:53.825+0000] {logging_mixin.py:188} INFO - [2024-09-11T01:51:53.824+0000] {dag.py:3954} INFO - Setting next_dagrun for our_dag_with_python_operator_v01 to 2024-08-12 00:00:00+00:00, run_after=2024-08-13 00:00:00+00:00
[2024-09-11T01:51:53.851+0000] {processor.py:183} INFO - Processing /opt/airflow/dags/create_dag_with_python_operator.py took 0.136 seconds
[2024-09-11T01:52:24.379+0000] {processor.py:161} INFO - Started process (PID=5092) to work on /opt/airflow/dags/create_dag_with_python_operator.py
[2024-09-11T01:52:24.381+0000] {processor.py:830} INFO - Processing file /opt/airflow/dags/create_dag_with_python_operator.py for tasks to queue
[2024-09-11T01:52:24.383+0000] {logging_mixin.py:188} INFO - [2024-09-11T01:52:24.383+0000] {dagbag.py:545} INFO - Filling up the DagBag from /opt/airflow/dags/create_dag_with_python_operator.py
[2024-09-11T01:52:24.412+0000] {processor.py:840} INFO - DAG(s) 'our_dag_with_python_operator_v01' retrieved from /opt/airflow/dags/create_dag_with_python_operator.py
[2024-09-11T01:52:24.453+0000] {logging_mixin.py:188} INFO - [2024-09-11T01:52:24.452+0000] {dag.py:3096} INFO - Sync 1 DAGs
[2024-09-11T01:52:24.500+0000] {logging_mixin.py:188} INFO - [2024-09-11T01:52:24.500+0000] {dag.py:3954} INFO - Setting next_dagrun for our_dag_with_python_operator_v01 to 2024-09-11 00:00:00+00:00, run_after=2024-09-12 00:00:00+00:00
[2024-09-11T01:52:24.558+0000] {processor.py:183} INFO - Processing /opt/airflow/dags/create_dag_with_python_operator.py took 0.203 seconds
[2024-09-11T01:52:54.771+0000] {processor.py:161} INFO - Started process (PID=5674) to work on /opt/airflow/dags/create_dag_with_python_operator.py
[2024-09-11T01:52:54.771+0000] {processor.py:830} INFO - Processing file /opt/airflow/dags/create_dag_with_python_operator.py for tasks to queue
[2024-09-11T01:52:54.773+0000] {logging_mixin.py:188} INFO - [2024-09-11T01:52:54.773+0000] {dagbag.py:545} INFO - Filling up the DagBag from /opt/airflow/dags/create_dag_with_python_operator.py
[2024-09-11T01:52:54.787+0000] {processor.py:840} INFO - DAG(s) 'our_dag_with_python_operator_v01' retrieved from /opt/airflow/dags/create_dag_with_python_operator.py
[2024-09-11T01:52:54.809+0000] {logging_mixin.py:188} INFO - [2024-09-11T01:52:54.809+0000] {dag.py:3096} INFO - Sync 1 DAGs
[2024-09-11T01:52:54.831+0000] {logging_mixin.py:188} INFO - [2024-09-11T01:52:54.831+0000] {dag.py:3954} INFO - Setting next_dagrun for our_dag_with_python_operator_v01 to 2024-09-11 00:00:00+00:00, run_after=2024-09-12 00:00:00+00:00
[2024-09-11T01:52:54.854+0000] {processor.py:183} INFO - Processing /opt/airflow/dags/create_dag_with_python_operator.py took 0.092 seconds
[2024-09-11T01:53:25.029+0000] {processor.py:161} INFO - Started process (PID=6265) to work on /opt/airflow/dags/create_dag_with_python_operator.py
[2024-09-11T01:53:25.029+0000] {processor.py:830} INFO - Processing file /opt/airflow/dags/create_dag_with_python_operator.py for tasks to queue
[2024-09-11T01:53:25.031+0000] {logging_mixin.py:188} INFO - [2024-09-11T01:53:25.031+0000] {dagbag.py:545} INFO - Filling up the DagBag from /opt/airflow/dags/create_dag_with_python_operator.py
[2024-09-11T01:53:25.044+0000] {processor.py:840} INFO - DAG(s) 'our_dag_with_python_operator_v01' retrieved from /opt/airflow/dags/create_dag_with_python_operator.py
[2024-09-11T01:53:25.063+0000] {logging_mixin.py:188} INFO - [2024-09-11T01:53:25.063+0000] {dag.py:3096} INFO - Sync 1 DAGs
[2024-09-11T01:53:25.090+0000] {logging_mixin.py:188} INFO - [2024-09-11T01:53:25.090+0000] {dag.py:3954} INFO - Setting next_dagrun for our_dag_with_python_operator_v01 to 2024-09-11 00:00:00+00:00, run_after=2024-09-12 00:00:00+00:00
[2024-09-11T01:53:25.110+0000] {processor.py:183} INFO - Processing /opt/airflow/dags/create_dag_with_python_operator.py took 0.090 seconds
[2024-09-11T01:53:55.639+0000] {processor.py:161} INFO - Started process (PID=6880) to work on /opt/airflow/dags/create_dag_with_python_operator.py
[2024-09-11T01:53:55.640+0000] {processor.py:830} INFO - Processing file /opt/airflow/dags/create_dag_with_python_operator.py for tasks to queue
[2024-09-11T01:53:55.643+0000] {logging_mixin.py:188} INFO - [2024-09-11T01:53:55.643+0000] {dagbag.py:545} INFO - Filling up the DagBag from /opt/airflow/dags/create_dag_with_python_operator.py
[2024-09-11T01:53:55.670+0000] {processor.py:840} INFO - DAG(s) 'our_dag_with_python_operator_v01' retrieved from /opt/airflow/dags/create_dag_with_python_operator.py
[2024-09-11T01:53:55.705+0000] {logging_mixin.py:188} INFO - [2024-09-11T01:53:55.705+0000] {dag.py:3096} INFO - Sync 1 DAGs
[2024-09-11T01:53:55.741+0000] {logging_mixin.py:188} INFO - [2024-09-11T01:53:55.741+0000] {dag.py:3954} INFO - Setting next_dagrun for our_dag_with_python_operator_v01 to 2024-09-11 00:00:00+00:00, run_after=2024-09-12 00:00:00+00:00
[2024-09-11T01:53:55.812+0000] {processor.py:183} INFO - Processing /opt/airflow/dags/create_dag_with_python_operator.py took 0.189 seconds
[2024-09-11T01:54:26.076+0000] {processor.py:161} INFO - Started process (PID=7425) to work on /opt/airflow/dags/create_dag_with_python_operator.py
[2024-09-11T01:54:26.077+0000] {processor.py:830} INFO - Processing file /opt/airflow/dags/create_dag_with_python_operator.py for tasks to queue
[2024-09-11T01:54:26.078+0000] {logging_mixin.py:188} INFO - [2024-09-11T01:54:26.078+0000] {dagbag.py:545} INFO - Filling up the DagBag from /opt/airflow/dags/create_dag_with_python_operator.py
[2024-09-11T01:54:26.093+0000] {processor.py:840} INFO - DAG(s) 'our_dag_with_python_operator_v01' retrieved from /opt/airflow/dags/create_dag_with_python_operator.py
[2024-09-11T01:54:26.113+0000] {logging_mixin.py:188} INFO - [2024-09-11T01:54:26.112+0000] {dag.py:3096} INFO - Sync 1 DAGs
[2024-09-11T01:54:26.135+0000] {logging_mixin.py:188} INFO - [2024-09-11T01:54:26.134+0000] {dag.py:3954} INFO - Setting next_dagrun for our_dag_with_python_operator_v01 to 2024-09-11 00:00:00+00:00, run_after=2024-09-12 00:00:00+00:00
[2024-09-11T01:54:26.155+0000] {processor.py:183} INFO - Processing /opt/airflow/dags/create_dag_with_python_operator.py took 0.088 seconds
[2024-09-11T01:54:56.249+0000] {processor.py:161} INFO - Started process (PID=8127) to work on /opt/airflow/dags/create_dag_with_python_operator.py
[2024-09-11T01:54:56.250+0000] {processor.py:830} INFO - Processing file /opt/airflow/dags/create_dag_with_python_operator.py for tasks to queue
[2024-09-11T01:54:56.253+0000] {logging_mixin.py:188} INFO - [2024-09-11T01:54:56.253+0000] {dagbag.py:545} INFO - Filling up the DagBag from /opt/airflow/dags/create_dag_with_python_operator.py
[2024-09-11T01:54:56.282+0000] {processor.py:840} INFO - DAG(s) 'our_dag_with_python_operator_v01' retrieved from /opt/airflow/dags/create_dag_with_python_operator.py
[2024-09-11T01:54:56.321+0000] {logging_mixin.py:188} INFO - [2024-09-11T01:54:56.321+0000] {dag.py:3096} INFO - Sync 1 DAGs
[2024-09-11T01:54:56.378+0000] {logging_mixin.py:188} INFO - [2024-09-11T01:54:56.378+0000] {dag.py:3954} INFO - Setting next_dagrun for our_dag_with_python_operator_v01 to 2024-09-11 00:00:00+00:00, run_after=2024-09-12 00:00:00+00:00
[2024-09-11T01:54:56.421+0000] {processor.py:183} INFO - Processing /opt/airflow/dags/create_dag_with_python_operator.py took 0.190 seconds
[2024-09-11T01:55:26.500+0000] {processor.py:161} INFO - Started process (PID=8609) to work on /opt/airflow/dags/create_dag_with_python_operator.py
[2024-09-11T01:55:26.501+0000] {processor.py:830} INFO - Processing file /opt/airflow/dags/create_dag_with_python_operator.py for tasks to queue
[2024-09-11T01:55:26.503+0000] {logging_mixin.py:188} INFO - [2024-09-11T01:55:26.502+0000] {dagbag.py:545} INFO - Filling up the DagBag from /opt/airflow/dags/create_dag_with_python_operator.py
[2024-09-11T01:55:26.519+0000] {processor.py:840} INFO - DAG(s) 'our_dag_with_python_operator_v01' retrieved from /opt/airflow/dags/create_dag_with_python_operator.py
[2024-09-11T01:55:26.540+0000] {logging_mixin.py:188} INFO - [2024-09-11T01:55:26.540+0000] {dag.py:3096} INFO - Sync 1 DAGs
[2024-09-11T01:55:26.563+0000] {logging_mixin.py:188} INFO - [2024-09-11T01:55:26.563+0000] {dag.py:3954} INFO - Setting next_dagrun for our_dag_with_python_operator_v01 to 2024-09-11 00:00:00+00:00, run_after=2024-09-12 00:00:00+00:00
[2024-09-11T01:55:26.587+0000] {processor.py:183} INFO - Processing /opt/airflow/dags/create_dag_with_python_operator.py took 0.098 seconds
