[2024-09-11T01:39:37.346+0000] {processor.py:161} INFO - Started process (PID=221) to work on /opt/airflow/dags/dag_with_task_flow_api.py
[2024-09-11T01:39:37.347+0000] {processor.py:830} INFO - Processing file /opt/airflow/dags/dag_with_task_flow_api.py for tasks to queue
[2024-09-11T01:39:37.349+0000] {logging_mixin.py:188} INFO - [2024-09-11T01:39:37.348+0000] {dagbag.py:545} INFO - Filling up the DagBag from /opt/airflow/dags/dag_with_task_flow_api.py
[2024-09-11T01:39:37.374+0000] {processor.py:840} INFO - DAG(s) 'dag_with_workflow_api_v02' retrieved from /opt/airflow/dags/dag_with_task_flow_api.py
[2024-09-11T01:39:37.505+0000] {logging_mixin.py:188} INFO - [2024-09-11T01:39:37.504+0000] {override.py:1829} INFO - Created Permission View: can read on DAG:dag_with_workflow_api_v02
[2024-09-11T01:39:37.520+0000] {logging_mixin.py:188} INFO - [2024-09-11T01:39:37.520+0000] {override.py:1829} INFO - Created Permission View: can edit on DAG:dag_with_workflow_api_v02
[2024-09-11T01:39:37.529+0000] {logging_mixin.py:188} INFO - [2024-09-11T01:39:37.528+0000] {override.py:1829} INFO - Created Permission View: can delete on DAG:dag_with_workflow_api_v02
[2024-09-11T01:39:37.529+0000] {logging_mixin.py:188} INFO - [2024-09-11T01:39:37.529+0000] {dag.py:3096} INFO - Sync 1 DAGs
[2024-09-11T01:39:37.543+0000] {logging_mixin.py:188} INFO - [2024-09-11T01:39:37.542+0000] {dag.py:3118} INFO - Creating ORM DAG for dag_with_workflow_api_v02
[2024-09-11T01:39:37.554+0000] {logging_mixin.py:188} INFO - [2024-09-11T01:39:37.553+0000] {dag.py:3954} INFO - Setting next_dagrun for dag_with_workflow_api_v02 to 2024-06-30 00:00:00+00:00, run_after=2024-07-01 00:00:00+00:00
[2024-09-11T01:39:37.572+0000] {processor.py:183} INFO - Processing /opt/airflow/dags/dag_with_task_flow_api.py took 0.235 seconds
[2024-09-11T01:40:08.703+0000] {processor.py:161} INFO - Started process (PID=284) to work on /opt/airflow/dags/dag_with_task_flow_api.py
[2024-09-11T01:40:08.703+0000] {processor.py:830} INFO - Processing file /opt/airflow/dags/dag_with_task_flow_api.py for tasks to queue
[2024-09-11T01:40:08.705+0000] {logging_mixin.py:188} INFO - [2024-09-11T01:40:08.705+0000] {dagbag.py:545} INFO - Filling up the DagBag from /opt/airflow/dags/dag_with_task_flow_api.py
[2024-09-11T01:40:08.722+0000] {processor.py:840} INFO - DAG(s) 'dag_with_workflow_api_v02' retrieved from /opt/airflow/dags/dag_with_task_flow_api.py
[2024-09-11T01:40:08.742+0000] {logging_mixin.py:188} INFO - [2024-09-11T01:40:08.742+0000] {dag.py:3096} INFO - Sync 1 DAGs
[2024-09-11T01:40:08.764+0000] {logging_mixin.py:188} INFO - [2024-09-11T01:40:08.764+0000] {dag.py:3954} INFO - Setting next_dagrun for dag_with_workflow_api_v02 to 2024-06-30 00:00:00+00:00, run_after=2024-07-01 00:00:00+00:00
[2024-09-11T01:40:08.786+0000] {processor.py:183} INFO - Processing /opt/airflow/dags/dag_with_task_flow_api.py took 0.093 seconds
[2024-09-11T01:40:39.614+0000] {processor.py:161} INFO - Started process (PID=345) to work on /opt/airflow/dags/dag_with_task_flow_api.py
[2024-09-11T01:40:39.615+0000] {processor.py:830} INFO - Processing file /opt/airflow/dags/dag_with_task_flow_api.py for tasks to queue
[2024-09-11T01:40:39.616+0000] {logging_mixin.py:188} INFO - [2024-09-11T01:40:39.616+0000] {dagbag.py:545} INFO - Filling up the DagBag from /opt/airflow/dags/dag_with_task_flow_api.py
[2024-09-11T01:40:39.634+0000] {processor.py:840} INFO - DAG(s) 'dag_with_workflow_api_v02' retrieved from /opt/airflow/dags/dag_with_task_flow_api.py
[2024-09-11T01:40:39.656+0000] {logging_mixin.py:188} INFO - [2024-09-11T01:40:39.656+0000] {dag.py:3096} INFO - Sync 1 DAGs
[2024-09-11T01:40:39.677+0000] {logging_mixin.py:188} INFO - [2024-09-11T01:40:39.677+0000] {dag.py:3954} INFO - Setting next_dagrun for dag_with_workflow_api_v02 to 2024-06-30 00:00:00+00:00, run_after=2024-07-01 00:00:00+00:00
[2024-09-11T01:40:39.697+0000] {processor.py:183} INFO - Processing /opt/airflow/dags/dag_with_task_flow_api.py took 0.092 seconds
[2024-09-11T01:41:10.455+0000] {processor.py:161} INFO - Started process (PID=406) to work on /opt/airflow/dags/dag_with_task_flow_api.py
[2024-09-11T01:41:10.456+0000] {processor.py:830} INFO - Processing file /opt/airflow/dags/dag_with_task_flow_api.py for tasks to queue
[2024-09-11T01:41:10.457+0000] {logging_mixin.py:188} INFO - [2024-09-11T01:41:10.457+0000] {dagbag.py:545} INFO - Filling up the DagBag from /opt/airflow/dags/dag_with_task_flow_api.py
[2024-09-11T01:41:10.472+0000] {processor.py:840} INFO - DAG(s) 'dag_with_workflow_api_v02' retrieved from /opt/airflow/dags/dag_with_task_flow_api.py
[2024-09-11T01:41:10.493+0000] {logging_mixin.py:188} INFO - [2024-09-11T01:41:10.492+0000] {dag.py:3096} INFO - Sync 1 DAGs
[2024-09-11T01:41:10.513+0000] {logging_mixin.py:188} INFO - [2024-09-11T01:41:10.512+0000] {dag.py:3954} INFO - Setting next_dagrun for dag_with_workflow_api_v02 to 2024-06-30 00:00:00+00:00, run_after=2024-07-01 00:00:00+00:00
[2024-09-11T01:41:10.532+0000] {processor.py:183} INFO - Processing /opt/airflow/dags/dag_with_task_flow_api.py took 0.085 seconds
[2024-09-11T01:41:40.702+0000] {processor.py:161} INFO - Started process (PID=467) to work on /opt/airflow/dags/dag_with_task_flow_api.py
[2024-09-11T01:41:40.703+0000] {processor.py:830} INFO - Processing file /opt/airflow/dags/dag_with_task_flow_api.py for tasks to queue
[2024-09-11T01:41:40.705+0000] {logging_mixin.py:188} INFO - [2024-09-11T01:41:40.705+0000] {dagbag.py:545} INFO - Filling up the DagBag from /opt/airflow/dags/dag_with_task_flow_api.py
[2024-09-11T01:41:40.726+0000] {processor.py:840} INFO - DAG(s) 'dag_with_workflow_api_v02' retrieved from /opt/airflow/dags/dag_with_task_flow_api.py
[2024-09-11T01:41:40.748+0000] {logging_mixin.py:188} INFO - [2024-09-11T01:41:40.748+0000] {dag.py:3096} INFO - Sync 1 DAGs
[2024-09-11T01:41:40.769+0000] {logging_mixin.py:188} INFO - [2024-09-11T01:41:40.769+0000] {dag.py:3954} INFO - Setting next_dagrun for dag_with_workflow_api_v02 to 2024-06-30 00:00:00+00:00, run_after=2024-07-01 00:00:00+00:00
[2024-09-11T01:41:40.790+0000] {processor.py:183} INFO - Processing /opt/airflow/dags/dag_with_task_flow_api.py took 0.099 seconds
[2024-09-11T01:42:11.549+0000] {processor.py:161} INFO - Started process (PID=528) to work on /opt/airflow/dags/dag_with_task_flow_api.py
[2024-09-11T01:42:11.550+0000] {processor.py:830} INFO - Processing file /opt/airflow/dags/dag_with_task_flow_api.py for tasks to queue
[2024-09-11T01:42:11.551+0000] {logging_mixin.py:188} INFO - [2024-09-11T01:42:11.551+0000] {dagbag.py:545} INFO - Filling up the DagBag from /opt/airflow/dags/dag_with_task_flow_api.py
[2024-09-11T01:42:11.567+0000] {processor.py:840} INFO - DAG(s) 'dag_with_workflow_api_v02' retrieved from /opt/airflow/dags/dag_with_task_flow_api.py
[2024-09-11T01:42:11.587+0000] {logging_mixin.py:188} INFO - [2024-09-11T01:42:11.587+0000] {dag.py:3096} INFO - Sync 1 DAGs
[2024-09-11T01:42:11.605+0000] {logging_mixin.py:188} INFO - [2024-09-11T01:42:11.605+0000] {dag.py:3954} INFO - Setting next_dagrun for dag_with_workflow_api_v02 to 2024-06-30 00:00:00+00:00, run_after=2024-07-01 00:00:00+00:00
[2024-09-11T01:42:11.624+0000] {processor.py:183} INFO - Processing /opt/airflow/dags/dag_with_task_flow_api.py took 0.085 seconds
[2024-09-11T01:42:42.377+0000] {processor.py:161} INFO - Started process (PID=589) to work on /opt/airflow/dags/dag_with_task_flow_api.py
[2024-09-11T01:42:42.378+0000] {processor.py:830} INFO - Processing file /opt/airflow/dags/dag_with_task_flow_api.py for tasks to queue
[2024-09-11T01:42:42.380+0000] {logging_mixin.py:188} INFO - [2024-09-11T01:42:42.379+0000] {dagbag.py:545} INFO - Filling up the DagBag from /opt/airflow/dags/dag_with_task_flow_api.py
[2024-09-11T01:42:42.394+0000] {processor.py:840} INFO - DAG(s) 'dag_with_workflow_api_v02' retrieved from /opt/airflow/dags/dag_with_task_flow_api.py
[2024-09-11T01:42:42.413+0000] {logging_mixin.py:188} INFO - [2024-09-11T01:42:42.413+0000] {dag.py:3096} INFO - Sync 1 DAGs
[2024-09-11T01:42:42.436+0000] {logging_mixin.py:188} INFO - [2024-09-11T01:42:42.435+0000] {dag.py:3954} INFO - Setting next_dagrun for dag_with_workflow_api_v02 to 2024-06-30 00:00:00+00:00, run_after=2024-07-01 00:00:00+00:00
[2024-09-11T01:42:42.455+0000] {processor.py:183} INFO - Processing /opt/airflow/dags/dag_with_task_flow_api.py took 0.087 seconds
[2024-09-11T01:43:13.202+0000] {processor.py:161} INFO - Started process (PID=650) to work on /opt/airflow/dags/dag_with_task_flow_api.py
[2024-09-11T01:43:13.203+0000] {processor.py:830} INFO - Processing file /opt/airflow/dags/dag_with_task_flow_api.py for tasks to queue
[2024-09-11T01:43:13.204+0000] {logging_mixin.py:188} INFO - [2024-09-11T01:43:13.204+0000] {dagbag.py:545} INFO - Filling up the DagBag from /opt/airflow/dags/dag_with_task_flow_api.py
[2024-09-11T01:43:13.219+0000] {processor.py:840} INFO - DAG(s) 'dag_with_workflow_api_v02' retrieved from /opt/airflow/dags/dag_with_task_flow_api.py
[2024-09-11T01:43:13.238+0000] {logging_mixin.py:188} INFO - [2024-09-11T01:43:13.238+0000] {dag.py:3096} INFO - Sync 1 DAGs
[2024-09-11T01:43:13.257+0000] {logging_mixin.py:188} INFO - [2024-09-11T01:43:13.257+0000] {dag.py:3954} INFO - Setting next_dagrun for dag_with_workflow_api_v02 to 2024-06-30 00:00:00+00:00, run_after=2024-07-01 00:00:00+00:00
[2024-09-11T01:43:13.280+0000] {processor.py:183} INFO - Processing /opt/airflow/dags/dag_with_task_flow_api.py took 0.087 seconds
[2024-09-11T01:43:44.044+0000] {processor.py:161} INFO - Started process (PID=711) to work on /opt/airflow/dags/dag_with_task_flow_api.py
[2024-09-11T01:43:44.045+0000] {processor.py:830} INFO - Processing file /opt/airflow/dags/dag_with_task_flow_api.py for tasks to queue
[2024-09-11T01:43:44.047+0000] {logging_mixin.py:188} INFO - [2024-09-11T01:43:44.047+0000] {dagbag.py:545} INFO - Filling up the DagBag from /opt/airflow/dags/dag_with_task_flow_api.py
[2024-09-11T01:43:44.064+0000] {processor.py:840} INFO - DAG(s) 'dag_with_workflow_api_v02' retrieved from /opt/airflow/dags/dag_with_task_flow_api.py
[2024-09-11T01:43:44.084+0000] {logging_mixin.py:188} INFO - [2024-09-11T01:43:44.084+0000] {dag.py:3096} INFO - Sync 1 DAGs
[2024-09-11T01:43:44.103+0000] {logging_mixin.py:188} INFO - [2024-09-11T01:43:44.103+0000] {dag.py:3954} INFO - Setting next_dagrun for dag_with_workflow_api_v02 to 2024-06-30 00:00:00+00:00, run_after=2024-07-01 00:00:00+00:00
[2024-09-11T01:43:44.128+0000] {processor.py:183} INFO - Processing /opt/airflow/dags/dag_with_task_flow_api.py took 0.096 seconds
[2024-09-11T01:44:14.869+0000] {processor.py:161} INFO - Started process (PID=772) to work on /opt/airflow/dags/dag_with_task_flow_api.py
[2024-09-11T01:44:14.870+0000] {processor.py:830} INFO - Processing file /opt/airflow/dags/dag_with_task_flow_api.py for tasks to queue
[2024-09-11T01:44:14.871+0000] {logging_mixin.py:188} INFO - [2024-09-11T01:44:14.871+0000] {dagbag.py:545} INFO - Filling up the DagBag from /opt/airflow/dags/dag_with_task_flow_api.py
[2024-09-11T01:44:14.886+0000] {processor.py:840} INFO - DAG(s) 'dag_with_workflow_api_v02' retrieved from /opt/airflow/dags/dag_with_task_flow_api.py
[2024-09-11T01:44:14.905+0000] {logging_mixin.py:188} INFO - [2024-09-11T01:44:14.905+0000] {dag.py:3096} INFO - Sync 1 DAGs
[2024-09-11T01:44:14.923+0000] {logging_mixin.py:188} INFO - [2024-09-11T01:44:14.922+0000] {dag.py:3954} INFO - Setting next_dagrun for dag_with_workflow_api_v02 to 2024-06-30 00:00:00+00:00, run_after=2024-07-01 00:00:00+00:00
[2024-09-11T01:44:14.943+0000] {processor.py:183} INFO - Processing /opt/airflow/dags/dag_with_task_flow_api.py took 0.082 seconds
[2024-09-11T01:44:45.705+0000] {processor.py:161} INFO - Started process (PID=833) to work on /opt/airflow/dags/dag_with_task_flow_api.py
[2024-09-11T01:44:45.706+0000] {processor.py:830} INFO - Processing file /opt/airflow/dags/dag_with_task_flow_api.py for tasks to queue
[2024-09-11T01:44:45.708+0000] {logging_mixin.py:188} INFO - [2024-09-11T01:44:45.707+0000] {dagbag.py:545} INFO - Filling up the DagBag from /opt/airflow/dags/dag_with_task_flow_api.py
[2024-09-11T01:44:45.724+0000] {processor.py:840} INFO - DAG(s) 'dag_with_workflow_api_v02' retrieved from /opt/airflow/dags/dag_with_task_flow_api.py
[2024-09-11T01:44:45.744+0000] {logging_mixin.py:188} INFO - [2024-09-11T01:44:45.744+0000] {dag.py:3096} INFO - Sync 1 DAGs
[2024-09-11T01:44:45.764+0000] {logging_mixin.py:188} INFO - [2024-09-11T01:44:45.764+0000] {dag.py:3954} INFO - Setting next_dagrun for dag_with_workflow_api_v02 to 2024-06-30 00:00:00+00:00, run_after=2024-07-01 00:00:00+00:00
[2024-09-11T01:44:45.785+0000] {processor.py:183} INFO - Processing /opt/airflow/dags/dag_with_task_flow_api.py took 0.088 seconds
[2024-09-11T01:45:16.523+0000] {processor.py:161} INFO - Started process (PID=894) to work on /opt/airflow/dags/dag_with_task_flow_api.py
[2024-09-11T01:45:16.524+0000] {processor.py:830} INFO - Processing file /opt/airflow/dags/dag_with_task_flow_api.py for tasks to queue
[2024-09-11T01:45:16.526+0000] {logging_mixin.py:188} INFO - [2024-09-11T01:45:16.525+0000] {dagbag.py:545} INFO - Filling up the DagBag from /opt/airflow/dags/dag_with_task_flow_api.py
[2024-09-11T01:45:16.540+0000] {processor.py:840} INFO - DAG(s) 'dag_with_workflow_api_v02' retrieved from /opt/airflow/dags/dag_with_task_flow_api.py
[2024-09-11T01:45:16.559+0000] {logging_mixin.py:188} INFO - [2024-09-11T01:45:16.559+0000] {dag.py:3096} INFO - Sync 1 DAGs
[2024-09-11T01:45:16.577+0000] {logging_mixin.py:188} INFO - [2024-09-11T01:45:16.577+0000] {dag.py:3954} INFO - Setting next_dagrun for dag_with_workflow_api_v02 to 2024-06-30 00:00:00+00:00, run_after=2024-07-01 00:00:00+00:00
[2024-09-11T01:45:16.599+0000] {processor.py:183} INFO - Processing /opt/airflow/dags/dag_with_task_flow_api.py took 0.083 seconds
[2024-09-11T01:45:47.370+0000] {processor.py:161} INFO - Started process (PID=955) to work on /opt/airflow/dags/dag_with_task_flow_api.py
[2024-09-11T01:45:47.370+0000] {processor.py:830} INFO - Processing file /opt/airflow/dags/dag_with_task_flow_api.py for tasks to queue
[2024-09-11T01:45:47.372+0000] {logging_mixin.py:188} INFO - [2024-09-11T01:45:47.372+0000] {dagbag.py:545} INFO - Filling up the DagBag from /opt/airflow/dags/dag_with_task_flow_api.py
[2024-09-11T01:45:47.385+0000] {processor.py:840} INFO - DAG(s) 'dag_with_workflow_api_v02' retrieved from /opt/airflow/dags/dag_with_task_flow_api.py
[2024-09-11T01:45:47.405+0000] {logging_mixin.py:188} INFO - [2024-09-11T01:45:47.404+0000] {dag.py:3096} INFO - Sync 1 DAGs
[2024-09-11T01:45:47.425+0000] {logging_mixin.py:188} INFO - [2024-09-11T01:45:47.425+0000] {dag.py:3954} INFO - Setting next_dagrun for dag_with_workflow_api_v02 to 2024-06-30 00:00:00+00:00, run_after=2024-07-01 00:00:00+00:00
[2024-09-11T01:45:47.445+0000] {processor.py:183} INFO - Processing /opt/airflow/dags/dag_with_task_flow_api.py took 0.084 seconds
[2024-09-11T01:46:18.170+0000] {processor.py:161} INFO - Started process (PID=1016) to work on /opt/airflow/dags/dag_with_task_flow_api.py
[2024-09-11T01:46:18.171+0000] {processor.py:830} INFO - Processing file /opt/airflow/dags/dag_with_task_flow_api.py for tasks to queue
[2024-09-11T01:46:18.172+0000] {logging_mixin.py:188} INFO - [2024-09-11T01:46:18.172+0000] {dagbag.py:545} INFO - Filling up the DagBag from /opt/airflow/dags/dag_with_task_flow_api.py
[2024-09-11T01:46:18.187+0000] {processor.py:840} INFO - DAG(s) 'dag_with_workflow_api_v02' retrieved from /opt/airflow/dags/dag_with_task_flow_api.py
[2024-09-11T01:46:18.206+0000] {logging_mixin.py:188} INFO - [2024-09-11T01:46:18.206+0000] {dag.py:3096} INFO - Sync 1 DAGs
[2024-09-11T01:46:18.224+0000] {logging_mixin.py:188} INFO - [2024-09-11T01:46:18.223+0000] {dag.py:3954} INFO - Setting next_dagrun for dag_with_workflow_api_v02 to 2024-06-30 00:00:00+00:00, run_after=2024-07-01 00:00:00+00:00
[2024-09-11T01:46:18.245+0000] {processor.py:183} INFO - Processing /opt/airflow/dags/dag_with_task_flow_api.py took 0.083 seconds
[2024-09-11T01:46:48.974+0000] {processor.py:161} INFO - Started process (PID=1077) to work on /opt/airflow/dags/dag_with_task_flow_api.py
[2024-09-11T01:46:48.975+0000] {processor.py:830} INFO - Processing file /opt/airflow/dags/dag_with_task_flow_api.py for tasks to queue
[2024-09-11T01:46:48.976+0000] {logging_mixin.py:188} INFO - [2024-09-11T01:46:48.976+0000] {dagbag.py:545} INFO - Filling up the DagBag from /opt/airflow/dags/dag_with_task_flow_api.py
[2024-09-11T01:46:48.991+0000] {processor.py:840} INFO - DAG(s) 'dag_with_workflow_api_v02' retrieved from /opt/airflow/dags/dag_with_task_flow_api.py
[2024-09-11T01:46:49.010+0000] {logging_mixin.py:188} INFO - [2024-09-11T01:46:49.010+0000] {dag.py:3096} INFO - Sync 1 DAGs
[2024-09-11T01:46:49.028+0000] {logging_mixin.py:188} INFO - [2024-09-11T01:46:49.028+0000] {dag.py:3954} INFO - Setting next_dagrun for dag_with_workflow_api_v02 to 2024-06-30 00:00:00+00:00, run_after=2024-07-01 00:00:00+00:00
[2024-09-11T01:46:49.050+0000] {processor.py:183} INFO - Processing /opt/airflow/dags/dag_with_task_flow_api.py took 0.084 seconds
[2024-09-11T01:47:19.790+0000] {processor.py:161} INFO - Started process (PID=1138) to work on /opt/airflow/dags/dag_with_task_flow_api.py
[2024-09-11T01:47:19.791+0000] {processor.py:830} INFO - Processing file /opt/airflow/dags/dag_with_task_flow_api.py for tasks to queue
[2024-09-11T01:47:19.793+0000] {logging_mixin.py:188} INFO - [2024-09-11T01:47:19.793+0000] {dagbag.py:545} INFO - Filling up the DagBag from /opt/airflow/dags/dag_with_task_flow_api.py
[2024-09-11T01:47:19.807+0000] {processor.py:840} INFO - DAG(s) 'dag_with_workflow_api_v02' retrieved from /opt/airflow/dags/dag_with_task_flow_api.py
[2024-09-11T01:47:19.825+0000] {logging_mixin.py:188} INFO - [2024-09-11T01:47:19.825+0000] {dag.py:3096} INFO - Sync 1 DAGs
[2024-09-11T01:47:19.844+0000] {logging_mixin.py:188} INFO - [2024-09-11T01:47:19.844+0000] {dag.py:3954} INFO - Setting next_dagrun for dag_with_workflow_api_v02 to 2024-06-30 00:00:00+00:00, run_after=2024-07-01 00:00:00+00:00
[2024-09-11T01:47:19.865+0000] {processor.py:183} INFO - Processing /opt/airflow/dags/dag_with_task_flow_api.py took 0.083 seconds
[2024-09-11T01:47:50.601+0000] {processor.py:161} INFO - Started process (PID=1199) to work on /opt/airflow/dags/dag_with_task_flow_api.py
[2024-09-11T01:47:50.602+0000] {processor.py:830} INFO - Processing file /opt/airflow/dags/dag_with_task_flow_api.py for tasks to queue
[2024-09-11T01:47:50.603+0000] {logging_mixin.py:188} INFO - [2024-09-11T01:47:50.603+0000] {dagbag.py:545} INFO - Filling up the DagBag from /opt/airflow/dags/dag_with_task_flow_api.py
[2024-09-11T01:47:50.618+0000] {processor.py:840} INFO - DAG(s) 'dag_with_workflow_api_v02' retrieved from /opt/airflow/dags/dag_with_task_flow_api.py
[2024-09-11T01:47:50.637+0000] {logging_mixin.py:188} INFO - [2024-09-11T01:47:50.637+0000] {dag.py:3096} INFO - Sync 1 DAGs
[2024-09-11T01:47:50.657+0000] {logging_mixin.py:188} INFO - [2024-09-11T01:47:50.656+0000] {dag.py:3954} INFO - Setting next_dagrun for dag_with_workflow_api_v02 to 2024-06-30 00:00:00+00:00, run_after=2024-07-01 00:00:00+00:00
[2024-09-11T01:47:50.675+0000] {processor.py:183} INFO - Processing /opt/airflow/dags/dag_with_task_flow_api.py took 0.083 seconds
[2024-09-11T01:48:21.439+0000] {processor.py:161} INFO - Started process (PID=1260) to work on /opt/airflow/dags/dag_with_task_flow_api.py
[2024-09-11T01:48:21.440+0000] {processor.py:830} INFO - Processing file /opt/airflow/dags/dag_with_task_flow_api.py for tasks to queue
[2024-09-11T01:48:21.441+0000] {logging_mixin.py:188} INFO - [2024-09-11T01:48:21.441+0000] {dagbag.py:545} INFO - Filling up the DagBag from /opt/airflow/dags/dag_with_task_flow_api.py
[2024-09-11T01:48:21.455+0000] {processor.py:840} INFO - DAG(s) 'dag_with_workflow_api_v02' retrieved from /opt/airflow/dags/dag_with_task_flow_api.py
[2024-09-11T01:48:21.477+0000] {logging_mixin.py:188} INFO - [2024-09-11T01:48:21.477+0000] {dag.py:3096} INFO - Sync 1 DAGs
[2024-09-11T01:48:21.503+0000] {logging_mixin.py:188} INFO - [2024-09-11T01:48:21.502+0000] {dag.py:3954} INFO - Setting next_dagrun for dag_with_workflow_api_v02 to 2024-06-30 00:00:00+00:00, run_after=2024-07-01 00:00:00+00:00
[2024-09-11T01:48:21.527+0000] {processor.py:183} INFO - Processing /opt/airflow/dags/dag_with_task_flow_api.py took 0.097 seconds
[2024-09-11T01:48:52.241+0000] {processor.py:161} INFO - Started process (PID=1321) to work on /opt/airflow/dags/dag_with_task_flow_api.py
[2024-09-11T01:48:52.242+0000] {processor.py:830} INFO - Processing file /opt/airflow/dags/dag_with_task_flow_api.py for tasks to queue
[2024-09-11T01:48:52.243+0000] {logging_mixin.py:188} INFO - [2024-09-11T01:48:52.243+0000] {dagbag.py:545} INFO - Filling up the DagBag from /opt/airflow/dags/dag_with_task_flow_api.py
[2024-09-11T01:48:52.257+0000] {processor.py:840} INFO - DAG(s) 'dag_with_workflow_api_v02' retrieved from /opt/airflow/dags/dag_with_task_flow_api.py
[2024-09-11T01:48:52.276+0000] {logging_mixin.py:188} INFO - [2024-09-11T01:48:52.276+0000] {dag.py:3096} INFO - Sync 1 DAGs
[2024-09-11T01:48:52.296+0000] {logging_mixin.py:188} INFO - [2024-09-11T01:48:52.296+0000] {dag.py:3954} INFO - Setting next_dagrun for dag_with_workflow_api_v02 to 2024-06-30 00:00:00+00:00, run_after=2024-07-01 00:00:00+00:00
[2024-09-11T01:48:52.317+0000] {processor.py:183} INFO - Processing /opt/airflow/dags/dag_with_task_flow_api.py took 0.084 seconds
[2024-09-11T01:49:23.050+0000] {processor.py:161} INFO - Started process (PID=1382) to work on /opt/airflow/dags/dag_with_task_flow_api.py
[2024-09-11T01:49:23.051+0000] {processor.py:830} INFO - Processing file /opt/airflow/dags/dag_with_task_flow_api.py for tasks to queue
[2024-09-11T01:49:23.053+0000] {logging_mixin.py:188} INFO - [2024-09-11T01:49:23.053+0000] {dagbag.py:545} INFO - Filling up the DagBag from /opt/airflow/dags/dag_with_task_flow_api.py
[2024-09-11T01:49:23.068+0000] {processor.py:840} INFO - DAG(s) 'dag_with_workflow_api_v02' retrieved from /opt/airflow/dags/dag_with_task_flow_api.py
[2024-09-11T01:49:23.087+0000] {logging_mixin.py:188} INFO - [2024-09-11T01:49:23.087+0000] {dag.py:3096} INFO - Sync 1 DAGs
[2024-09-11T01:49:23.106+0000] {logging_mixin.py:188} INFO - [2024-09-11T01:49:23.105+0000] {dag.py:3954} INFO - Setting next_dagrun for dag_with_workflow_api_v02 to 2024-06-30 00:00:00+00:00, run_after=2024-07-01 00:00:00+00:00
[2024-09-11T01:49:23.125+0000] {processor.py:183} INFO - Processing /opt/airflow/dags/dag_with_task_flow_api.py took 0.085 seconds
[2024-09-11T01:49:53.486+0000] {processor.py:161} INFO - Started process (PID=1878) to work on /opt/airflow/dags/dag_with_task_flow_api.py
[2024-09-11T01:49:53.488+0000] {processor.py:830} INFO - Processing file /opt/airflow/dags/dag_with_task_flow_api.py for tasks to queue
[2024-09-11T01:49:53.491+0000] {logging_mixin.py:188} INFO - [2024-09-11T01:49:53.491+0000] {dagbag.py:545} INFO - Filling up the DagBag from /opt/airflow/dags/dag_with_task_flow_api.py
[2024-09-11T01:49:53.524+0000] {processor.py:840} INFO - DAG(s) 'dag_with_workflow_api_v02' retrieved from /opt/airflow/dags/dag_with_task_flow_api.py
[2024-09-11T01:49:53.610+0000] {logging_mixin.py:188} INFO - [2024-09-11T01:49:53.610+0000] {dag.py:3096} INFO - Sync 1 DAGs
[2024-09-11T01:49:53.663+0000] {logging_mixin.py:188} INFO - [2024-09-11T01:49:53.663+0000] {dag.py:3954} INFO - Setting next_dagrun for dag_with_workflow_api_v02 to 2024-06-30 00:00:00+00:00, run_after=2024-07-01 00:00:00+00:00
[2024-09-11T01:49:53.696+0000] {processor.py:183} INFO - Processing /opt/airflow/dags/dag_with_task_flow_api.py took 0.233 seconds
[2024-09-11T01:50:23.896+0000] {processor.py:161} INFO - Started process (PID=2539) to work on /opt/airflow/dags/dag_with_task_flow_api.py
[2024-09-11T01:50:23.897+0000] {processor.py:830} INFO - Processing file /opt/airflow/dags/dag_with_task_flow_api.py for tasks to queue
[2024-09-11T01:50:23.899+0000] {logging_mixin.py:188} INFO - [2024-09-11T01:50:23.899+0000] {dagbag.py:545} INFO - Filling up the DagBag from /opt/airflow/dags/dag_with_task_flow_api.py
[2024-09-11T01:50:23.914+0000] {processor.py:840} INFO - DAG(s) 'dag_with_workflow_api_v02' retrieved from /opt/airflow/dags/dag_with_task_flow_api.py
[2024-09-11T01:50:23.935+0000] {logging_mixin.py:188} INFO - [2024-09-11T01:50:23.935+0000] {dag.py:3096} INFO - Sync 1 DAGs
[2024-09-11T01:50:23.955+0000] {logging_mixin.py:188} INFO - [2024-09-11T01:50:23.955+0000] {dag.py:3954} INFO - Setting next_dagrun for dag_with_workflow_api_v02 to 2024-06-30 00:00:00+00:00, run_after=2024-07-01 00:00:00+00:00
[2024-09-11T01:50:23.978+0000] {processor.py:183} INFO - Processing /opt/airflow/dags/dag_with_task_flow_api.py took 0.090 seconds
[2024-09-11T01:50:54.507+0000] {processor.py:161} INFO - Started process (PID=3199) to work on /opt/airflow/dags/dag_with_task_flow_api.py
[2024-09-11T01:50:54.508+0000] {processor.py:830} INFO - Processing file /opt/airflow/dags/dag_with_task_flow_api.py for tasks to queue
[2024-09-11T01:50:54.510+0000] {logging_mixin.py:188} INFO - [2024-09-11T01:50:54.510+0000] {dagbag.py:545} INFO - Filling up the DagBag from /opt/airflow/dags/dag_with_task_flow_api.py
[2024-09-11T01:50:54.541+0000] {processor.py:840} INFO - DAG(s) 'dag_with_workflow_api_v02' retrieved from /opt/airflow/dags/dag_with_task_flow_api.py
[2024-09-11T01:50:54.587+0000] {logging_mixin.py:188} INFO - [2024-09-11T01:50:54.586+0000] {dag.py:3096} INFO - Sync 1 DAGs
[2024-09-11T01:50:54.626+0000] {logging_mixin.py:188} INFO - [2024-09-11T01:50:54.626+0000] {dag.py:3954} INFO - Setting next_dagrun for dag_with_workflow_api_v02 to 2024-06-30 00:00:00+00:00, run_after=2024-07-01 00:00:00+00:00
[2024-09-11T01:50:54.656+0000] {processor.py:183} INFO - Processing /opt/airflow/dags/dag_with_task_flow_api.py took 0.165 seconds
[2024-09-11T01:51:24.975+0000] {processor.py:161} INFO - Started process (PID=3821) to work on /opt/airflow/dags/dag_with_task_flow_api.py
[2024-09-11T01:51:24.977+0000] {processor.py:830} INFO - Processing file /opt/airflow/dags/dag_with_task_flow_api.py for tasks to queue
[2024-09-11T01:51:24.996+0000] {logging_mixin.py:188} INFO - [2024-09-11T01:51:24.995+0000] {dagbag.py:545} INFO - Filling up the DagBag from /opt/airflow/dags/dag_with_task_flow_api.py
[2024-09-11T01:51:25.063+0000] {processor.py:840} INFO - DAG(s) 'dag_with_workflow_api_v02' retrieved from /opt/airflow/dags/dag_with_task_flow_api.py
[2024-09-11T01:51:25.140+0000] {logging_mixin.py:188} INFO - [2024-09-11T01:51:25.139+0000] {dag.py:3096} INFO - Sync 1 DAGs
[2024-09-11T01:51:25.195+0000] {logging_mixin.py:188} INFO - [2024-09-11T01:51:25.195+0000] {dag.py:3954} INFO - Setting next_dagrun for dag_with_workflow_api_v02 to 2024-06-30 00:00:00+00:00, run_after=2024-07-01 00:00:00+00:00
[2024-09-11T01:51:25.280+0000] {processor.py:183} INFO - Processing /opt/airflow/dags/dag_with_task_flow_api.py took 0.328 seconds
[2024-09-11T01:51:55.687+0000] {processor.py:161} INFO - Started process (PID=4500) to work on /opt/airflow/dags/dag_with_task_flow_api.py
[2024-09-11T01:51:55.689+0000] {processor.py:830} INFO - Processing file /opt/airflow/dags/dag_with_task_flow_api.py for tasks to queue
[2024-09-11T01:51:55.692+0000] {logging_mixin.py:188} INFO - [2024-09-11T01:51:55.691+0000] {dagbag.py:545} INFO - Filling up the DagBag from /opt/airflow/dags/dag_with_task_flow_api.py
[2024-09-11T01:51:55.749+0000] {processor.py:840} INFO - DAG(s) 'dag_with_workflow_api_v02' retrieved from /opt/airflow/dags/dag_with_task_flow_api.py
[2024-09-11T01:51:55.788+0000] {logging_mixin.py:188} INFO - [2024-09-11T01:51:55.788+0000] {dag.py:3096} INFO - Sync 1 DAGs
[2024-09-11T01:51:55.836+0000] {logging_mixin.py:188} INFO - [2024-09-11T01:51:55.835+0000] {dag.py:3954} INFO - Setting next_dagrun for dag_with_workflow_api_v02 to 2024-06-30 00:00:00+00:00, run_after=2024-07-01 00:00:00+00:00
[2024-09-11T01:51:55.880+0000] {processor.py:183} INFO - Processing /opt/airflow/dags/dag_with_task_flow_api.py took 0.210 seconds
[2024-09-11T01:52:26.111+0000] {processor.py:161} INFO - Started process (PID=5143) to work on /opt/airflow/dags/dag_with_task_flow_api.py
[2024-09-11T01:52:26.112+0000] {processor.py:830} INFO - Processing file /opt/airflow/dags/dag_with_task_flow_api.py for tasks to queue
[2024-09-11T01:52:26.113+0000] {logging_mixin.py:188} INFO - [2024-09-11T01:52:26.113+0000] {dagbag.py:545} INFO - Filling up the DagBag from /opt/airflow/dags/dag_with_task_flow_api.py
[2024-09-11T01:52:26.131+0000] {processor.py:840} INFO - DAG(s) 'dag_with_workflow_api_v02' retrieved from /opt/airflow/dags/dag_with_task_flow_api.py
[2024-09-11T01:52:26.154+0000] {logging_mixin.py:188} INFO - [2024-09-11T01:52:26.154+0000] {dag.py:3096} INFO - Sync 1 DAGs
[2024-09-11T01:52:26.175+0000] {logging_mixin.py:188} INFO - [2024-09-11T01:52:26.174+0000] {dag.py:3954} INFO - Setting next_dagrun for dag_with_workflow_api_v02 to 2024-06-30 00:00:00+00:00, run_after=2024-07-01 00:00:00+00:00
[2024-09-11T01:52:26.195+0000] {processor.py:183} INFO - Processing /opt/airflow/dags/dag_with_task_flow_api.py took 0.094 seconds
[2024-09-11T01:52:56.475+0000] {processor.py:161} INFO - Started process (PID=5765) to work on /opt/airflow/dags/dag_with_task_flow_api.py
[2024-09-11T01:52:56.477+0000] {processor.py:830} INFO - Processing file /opt/airflow/dags/dag_with_task_flow_api.py for tasks to queue
[2024-09-11T01:52:56.480+0000] {logging_mixin.py:188} INFO - [2024-09-11T01:52:56.479+0000] {dagbag.py:545} INFO - Filling up the DagBag from /opt/airflow/dags/dag_with_task_flow_api.py
[2024-09-11T01:52:56.538+0000] {processor.py:840} INFO - DAG(s) 'dag_with_workflow_api_v02' retrieved from /opt/airflow/dags/dag_with_task_flow_api.py
[2024-09-11T01:52:56.574+0000] {logging_mixin.py:188} INFO - [2024-09-11T01:52:56.573+0000] {dag.py:3096} INFO - Sync 1 DAGs
[2024-09-11T01:52:56.609+0000] {logging_mixin.py:188} INFO - [2024-09-11T01:52:56.608+0000] {dag.py:3954} INFO - Setting next_dagrun for dag_with_workflow_api_v02 to 2024-06-30 00:00:00+00:00, run_after=2024-07-01 00:00:00+00:00
[2024-09-11T01:52:56.664+0000] {processor.py:183} INFO - Processing /opt/airflow/dags/dag_with_task_flow_api.py took 0.209 seconds
[2024-09-11T01:53:26.947+0000] {processor.py:161} INFO - Started process (PID=6353) to work on /opt/airflow/dags/dag_with_task_flow_api.py
[2024-09-11T01:53:26.949+0000] {processor.py:830} INFO - Processing file /opt/airflow/dags/dag_with_task_flow_api.py for tasks to queue
[2024-09-11T01:53:26.975+0000] {logging_mixin.py:188} INFO - [2024-09-11T01:53:26.974+0000] {dagbag.py:545} INFO - Filling up the DagBag from /opt/airflow/dags/dag_with_task_flow_api.py
[2024-09-11T01:53:27.017+0000] {processor.py:840} INFO - DAG(s) 'dag_with_workflow_api_v02' retrieved from /opt/airflow/dags/dag_with_task_flow_api.py
[2024-09-11T01:53:27.080+0000] {logging_mixin.py:188} INFO - [2024-09-11T01:53:27.079+0000] {dag.py:3096} INFO - Sync 1 DAGs
[2024-09-11T01:53:27.132+0000] {logging_mixin.py:188} INFO - [2024-09-11T01:53:27.132+0000] {dag.py:3954} INFO - Setting next_dagrun for dag_with_workflow_api_v02 to 2024-06-30 00:00:00+00:00, run_after=2024-07-01 00:00:00+00:00
[2024-09-11T01:53:27.179+0000] {processor.py:183} INFO - Processing /opt/airflow/dags/dag_with_task_flow_api.py took 0.267 seconds
[2024-09-11T01:53:57.502+0000] {processor.py:161} INFO - Started process (PID=6975) to work on /opt/airflow/dags/dag_with_task_flow_api.py
[2024-09-11T01:53:57.503+0000] {processor.py:830} INFO - Processing file /opt/airflow/dags/dag_with_task_flow_api.py for tasks to queue
[2024-09-11T01:53:57.506+0000] {logging_mixin.py:188} INFO - [2024-09-11T01:53:57.505+0000] {dagbag.py:545} INFO - Filling up the DagBag from /opt/airflow/dags/dag_with_task_flow_api.py
[2024-09-11T01:53:57.528+0000] {processor.py:840} INFO - DAG(s) 'dag_with_workflow_api_v02' retrieved from /opt/airflow/dags/dag_with_task_flow_api.py
[2024-09-11T01:53:57.555+0000] {logging_mixin.py:188} INFO - [2024-09-11T01:53:57.555+0000] {dag.py:3096} INFO - Sync 1 DAGs
[2024-09-11T01:53:57.579+0000] {logging_mixin.py:188} INFO - [2024-09-11T01:53:57.579+0000] {dag.py:3954} INFO - Setting next_dagrun for dag_with_workflow_api_v02 to 2024-06-30 00:00:00+00:00, run_after=2024-07-01 00:00:00+00:00
[2024-09-11T01:53:57.606+0000] {processor.py:183} INFO - Processing /opt/airflow/dags/dag_with_task_flow_api.py took 0.117 seconds
[2024-09-11T01:54:28.390+0000] {processor.py:161} INFO - Started process (PID=7482) to work on /opt/airflow/dags/dag_with_task_flow_api.py
[2024-09-11T01:54:28.390+0000] {processor.py:830} INFO - Processing file /opt/airflow/dags/dag_with_task_flow_api.py for tasks to queue
[2024-09-11T01:54:28.392+0000] {logging_mixin.py:188} INFO - [2024-09-11T01:54:28.392+0000] {dagbag.py:545} INFO - Filling up the DagBag from /opt/airflow/dags/dag_with_task_flow_api.py
[2024-09-11T01:54:28.407+0000] {processor.py:840} INFO - DAG(s) 'dag_with_workflow_api_v02' retrieved from /opt/airflow/dags/dag_with_task_flow_api.py
[2024-09-11T01:54:28.427+0000] {logging_mixin.py:188} INFO - [2024-09-11T01:54:28.427+0000] {dag.py:3096} INFO - Sync 1 DAGs
[2024-09-11T01:54:28.450+0000] {logging_mixin.py:188} INFO - [2024-09-11T01:54:28.450+0000] {dag.py:3954} INFO - Setting next_dagrun for dag_with_workflow_api_v02 to 2024-06-30 00:00:00+00:00, run_after=2024-07-01 00:00:00+00:00
[2024-09-11T01:54:28.470+0000] {processor.py:183} INFO - Processing /opt/airflow/dags/dag_with_task_flow_api.py took 0.089 seconds
[2024-09-11T01:54:58.736+0000] {processor.py:161} INFO - Started process (PID=8191) to work on /opt/airflow/dags/dag_with_task_flow_api.py
[2024-09-11T01:54:58.737+0000] {processor.py:830} INFO - Processing file /opt/airflow/dags/dag_with_task_flow_api.py for tasks to queue
[2024-09-11T01:54:58.738+0000] {logging_mixin.py:188} INFO - [2024-09-11T01:54:58.738+0000] {dagbag.py:545} INFO - Filling up the DagBag from /opt/airflow/dags/dag_with_task_flow_api.py
[2024-09-11T01:54:58.754+0000] {processor.py:840} INFO - DAG(s) 'dag_with_workflow_api_v02' retrieved from /opt/airflow/dags/dag_with_task_flow_api.py
[2024-09-11T01:54:58.776+0000] {logging_mixin.py:188} INFO - [2024-09-11T01:54:58.776+0000] {dag.py:3096} INFO - Sync 1 DAGs
[2024-09-11T01:54:58.801+0000] {logging_mixin.py:188} INFO - [2024-09-11T01:54:58.801+0000] {dag.py:3954} INFO - Setting next_dagrun for dag_with_workflow_api_v02 to 2024-06-30 00:00:00+00:00, run_after=2024-07-01 00:00:00+00:00
[2024-09-11T01:54:58.833+0000] {processor.py:183} INFO - Processing /opt/airflow/dags/dag_with_task_flow_api.py took 0.105 seconds
[2024-09-11T01:55:28.900+0000] {processor.py:161} INFO - Started process (PID=8639) to work on /opt/airflow/dags/dag_with_task_flow_api.py
[2024-09-11T01:55:28.900+0000] {processor.py:830} INFO - Processing file /opt/airflow/dags/dag_with_task_flow_api.py for tasks to queue
[2024-09-11T01:55:28.901+0000] {logging_mixin.py:188} INFO - [2024-09-11T01:55:28.901+0000] {dagbag.py:545} INFO - Filling up the DagBag from /opt/airflow/dags/dag_with_task_flow_api.py
[2024-09-11T01:55:28.916+0000] {processor.py:840} INFO - DAG(s) 'dag_with_workflow_api_v02' retrieved from /opt/airflow/dags/dag_with_task_flow_api.py
[2024-09-11T01:55:28.936+0000] {logging_mixin.py:188} INFO - [2024-09-11T01:55:28.935+0000] {dag.py:3096} INFO - Sync 1 DAGs
[2024-09-11T01:55:28.954+0000] {logging_mixin.py:188} INFO - [2024-09-11T01:55:28.954+0000] {dag.py:3954} INFO - Setting next_dagrun for dag_with_workflow_api_v02 to 2024-06-30 00:00:00+00:00, run_after=2024-07-01 00:00:00+00:00
[2024-09-11T01:55:28.972+0000] {processor.py:183} INFO - Processing /opt/airflow/dags/dag_with_task_flow_api.py took 0.080 seconds
[2024-09-11T01:55:59.516+0000] {processor.py:161} INFO - Started process (PID=9122) to work on /opt/airflow/dags/dag_with_task_flow_api.py
[2024-09-11T01:55:59.517+0000] {processor.py:830} INFO - Processing file /opt/airflow/dags/dag_with_task_flow_api.py for tasks to queue
[2024-09-11T01:55:59.518+0000] {logging_mixin.py:188} INFO - [2024-09-11T01:55:59.517+0000] {dagbag.py:545} INFO - Filling up the DagBag from /opt/airflow/dags/dag_with_task_flow_api.py
[2024-09-11T01:55:59.533+0000] {processor.py:840} INFO - DAG(s) 'dag_with_workflow_api_v02' retrieved from /opt/airflow/dags/dag_with_task_flow_api.py
[2024-09-11T01:55:59.553+0000] {logging_mixin.py:188} INFO - [2024-09-11T01:55:59.553+0000] {dag.py:3096} INFO - Sync 1 DAGs
[2024-09-11T01:55:59.573+0000] {logging_mixin.py:188} INFO - [2024-09-11T01:55:59.573+0000] {dag.py:3954} INFO - Setting next_dagrun for dag_with_workflow_api_v02 to 2024-06-30 00:00:00+00:00, run_after=2024-07-01 00:00:00+00:00
[2024-09-11T01:55:59.590+0000] {processor.py:183} INFO - Processing /opt/airflow/dags/dag_with_task_flow_api.py took 0.083 seconds
[2024-09-11T01:56:29.752+0000] {processor.py:161} INFO - Started process (PID=9577) to work on /opt/airflow/dags/dag_with_task_flow_api.py
[2024-09-11T01:56:29.753+0000] {processor.py:830} INFO - Processing file /opt/airflow/dags/dag_with_task_flow_api.py for tasks to queue
[2024-09-11T01:56:29.754+0000] {logging_mixin.py:188} INFO - [2024-09-11T01:56:29.754+0000] {dagbag.py:545} INFO - Filling up the DagBag from /opt/airflow/dags/dag_with_task_flow_api.py
[2024-09-11T01:56:29.768+0000] {processor.py:840} INFO - DAG(s) 'dag_with_workflow_api_v02' retrieved from /opt/airflow/dags/dag_with_task_flow_api.py
[2024-09-11T01:56:29.789+0000] {logging_mixin.py:188} INFO - [2024-09-11T01:56:29.789+0000] {dag.py:3096} INFO - Sync 1 DAGs
[2024-09-11T01:56:29.811+0000] {logging_mixin.py:188} INFO - [2024-09-11T01:56:29.810+0000] {dag.py:3954} INFO - Setting next_dagrun for dag_with_workflow_api_v02 to 2024-06-30 00:00:00+00:00, run_after=2024-07-01 00:00:00+00:00
[2024-09-11T01:56:29.831+0000] {processor.py:183} INFO - Processing /opt/airflow/dags/dag_with_task_flow_api.py took 0.087 seconds
[2024-09-11T01:57:00.150+0000] {processor.py:161} INFO - Started process (PID=10070) to work on /opt/airflow/dags/dag_with_task_flow_api.py
[2024-09-11T01:57:00.151+0000] {processor.py:830} INFO - Processing file /opt/airflow/dags/dag_with_task_flow_api.py for tasks to queue
[2024-09-11T01:57:00.152+0000] {logging_mixin.py:188} INFO - [2024-09-11T01:57:00.152+0000] {dagbag.py:545} INFO - Filling up the DagBag from /opt/airflow/dags/dag_with_task_flow_api.py
[2024-09-11T01:57:00.173+0000] {processor.py:840} INFO - DAG(s) 'dag_with_workflow_api_v02' retrieved from /opt/airflow/dags/dag_with_task_flow_api.py
[2024-09-11T01:57:00.206+0000] {logging_mixin.py:188} INFO - [2024-09-11T01:57:00.206+0000] {dag.py:3096} INFO - Sync 1 DAGs
[2024-09-11T01:57:00.231+0000] {logging_mixin.py:188} INFO - [2024-09-11T01:57:00.230+0000] {dag.py:3954} INFO - Setting next_dagrun for dag_with_workflow_api_v02 to 2024-06-30 00:00:00+00:00, run_after=2024-07-01 00:00:00+00:00
[2024-09-11T01:57:00.254+0000] {processor.py:183} INFO - Processing /opt/airflow/dags/dag_with_task_flow_api.py took 0.114 seconds
[2024-09-11T01:57:30.700+0000] {processor.py:161} INFO - Started process (PID=10485) to work on /opt/airflow/dags/dag_with_task_flow_api.py
[2024-09-11T01:57:30.701+0000] {processor.py:830} INFO - Processing file /opt/airflow/dags/dag_with_task_flow_api.py for tasks to queue
[2024-09-11T01:57:30.709+0000] {logging_mixin.py:188} INFO - [2024-09-11T01:57:30.702+0000] {dagbag.py:545} INFO - Filling up the DagBag from /opt/airflow/dags/dag_with_task_flow_api.py
[2024-09-11T01:57:30.749+0000] {processor.py:840} INFO - DAG(s) 'dag_with_workflow_api_v02' retrieved from /opt/airflow/dags/dag_with_task_flow_api.py
[2024-09-11T01:57:30.790+0000] {logging_mixin.py:188} INFO - [2024-09-11T01:57:30.790+0000] {dag.py:3096} INFO - Sync 1 DAGs
[2024-09-11T01:57:30.832+0000] {logging_mixin.py:188} INFO - [2024-09-11T01:57:30.832+0000] {dag.py:3954} INFO - Setting next_dagrun for dag_with_workflow_api_v02 to 2024-06-30 00:00:00+00:00, run_after=2024-07-01 00:00:00+00:00
[2024-09-11T01:57:30.948+0000] {processor.py:183} INFO - Processing /opt/airflow/dags/dag_with_task_flow_api.py took 0.276 seconds
[2024-09-11T01:58:01.354+0000] {processor.py:161} INFO - Started process (PID=10953) to work on /opt/airflow/dags/dag_with_task_flow_api.py
[2024-09-11T01:58:01.355+0000] {processor.py:830} INFO - Processing file /opt/airflow/dags/dag_with_task_flow_api.py for tasks to queue
[2024-09-11T01:58:01.356+0000] {logging_mixin.py:188} INFO - [2024-09-11T01:58:01.356+0000] {dagbag.py:545} INFO - Filling up the DagBag from /opt/airflow/dags/dag_with_task_flow_api.py
[2024-09-11T01:58:01.378+0000] {processor.py:840} INFO - DAG(s) 'dag_with_workflow_api_v02' retrieved from /opt/airflow/dags/dag_with_task_flow_api.py
[2024-09-11T01:58:01.422+0000] {logging_mixin.py:188} INFO - [2024-09-11T01:58:01.422+0000] {dag.py:3096} INFO - Sync 1 DAGs
[2024-09-11T01:58:01.468+0000] {logging_mixin.py:188} INFO - [2024-09-11T01:58:01.468+0000] {dag.py:3954} INFO - Setting next_dagrun for dag_with_workflow_api_v02 to 2024-06-30 00:00:00+00:00, run_after=2024-07-01 00:00:00+00:00
[2024-09-11T01:58:01.505+0000] {processor.py:183} INFO - Processing /opt/airflow/dags/dag_with_task_flow_api.py took 0.164 seconds
[2024-09-11T01:58:31.867+0000] {processor.py:161} INFO - Started process (PID=11445) to work on /opt/airflow/dags/dag_with_task_flow_api.py
[2024-09-11T01:58:31.870+0000] {processor.py:830} INFO - Processing file /opt/airflow/dags/dag_with_task_flow_api.py for tasks to queue
[2024-09-11T01:58:31.873+0000] {logging_mixin.py:188} INFO - [2024-09-11T01:58:31.872+0000] {dagbag.py:545} INFO - Filling up the DagBag from /opt/airflow/dags/dag_with_task_flow_api.py
[2024-09-11T01:58:31.920+0000] {processor.py:840} INFO - DAG(s) 'dag_with_workflow_api_v02' retrieved from /opt/airflow/dags/dag_with_task_flow_api.py
[2024-09-11T01:58:31.980+0000] {logging_mixin.py:188} INFO - [2024-09-11T01:58:31.979+0000] {dag.py:3096} INFO - Sync 1 DAGs
[2024-09-11T01:58:32.021+0000] {logging_mixin.py:188} INFO - [2024-09-11T01:58:32.020+0000] {dag.py:3954} INFO - Setting next_dagrun for dag_with_workflow_api_v02 to 2024-06-30 00:00:00+00:00, run_after=2024-07-01 00:00:00+00:00
[2024-09-11T01:58:32.077+0000] {processor.py:183} INFO - Processing /opt/airflow/dags/dag_with_task_flow_api.py took 0.225 seconds
[2024-09-11T01:59:02.354+0000] {processor.py:161} INFO - Started process (PID=11906) to work on /opt/airflow/dags/dag_with_task_flow_api.py
[2024-09-11T01:59:02.357+0000] {processor.py:830} INFO - Processing file /opt/airflow/dags/dag_with_task_flow_api.py for tasks to queue
[2024-09-11T01:59:02.360+0000] {logging_mixin.py:188} INFO - [2024-09-11T01:59:02.360+0000] {dagbag.py:545} INFO - Filling up the DagBag from /opt/airflow/dags/dag_with_task_flow_api.py
[2024-09-11T01:59:02.409+0000] {processor.py:840} INFO - DAG(s) 'dag_with_workflow_api_v02' retrieved from /opt/airflow/dags/dag_with_task_flow_api.py
[2024-09-11T01:59:02.449+0000] {logging_mixin.py:188} INFO - [2024-09-11T01:59:02.449+0000] {dag.py:3096} INFO - Sync 1 DAGs
[2024-09-11T01:59:02.486+0000] {logging_mixin.py:188} INFO - [2024-09-11T01:59:02.486+0000] {dag.py:3954} INFO - Setting next_dagrun for dag_with_workflow_api_v02 to 2024-06-30 00:00:00+00:00, run_after=2024-07-01 00:00:00+00:00
[2024-09-11T01:59:02.529+0000] {processor.py:183} INFO - Processing /opt/airflow/dags/dag_with_task_flow_api.py took 0.198 seconds
[2024-09-11T01:59:33.374+0000] {processor.py:161} INFO - Started process (PID=12297) to work on /opt/airflow/dags/dag_with_task_flow_api.py
[2024-09-11T01:59:33.375+0000] {processor.py:830} INFO - Processing file /opt/airflow/dags/dag_with_task_flow_api.py for tasks to queue
[2024-09-11T01:59:33.376+0000] {logging_mixin.py:188} INFO - [2024-09-11T01:59:33.375+0000] {dagbag.py:545} INFO - Filling up the DagBag from /opt/airflow/dags/dag_with_task_flow_api.py
[2024-09-11T01:59:33.392+0000] {processor.py:840} INFO - DAG(s) 'dag_with_workflow_api_v02' retrieved from /opt/airflow/dags/dag_with_task_flow_api.py
[2024-09-11T01:59:33.415+0000] {logging_mixin.py:188} INFO - [2024-09-11T01:59:33.414+0000] {dag.py:3096} INFO - Sync 1 DAGs
[2024-09-11T01:59:33.433+0000] {logging_mixin.py:188} INFO - [2024-09-11T01:59:33.433+0000] {dag.py:3954} INFO - Setting next_dagrun for dag_with_workflow_api_v02 to 2024-06-30 00:00:00+00:00, run_after=2024-07-01 00:00:00+00:00
[2024-09-11T01:59:33.452+0000] {processor.py:183} INFO - Processing /opt/airflow/dags/dag_with_task_flow_api.py took 0.088 seconds
[2024-09-11T02:00:04.148+0000] {processor.py:161} INFO - Started process (PID=12934) to work on /opt/airflow/dags/dag_with_task_flow_api.py
[2024-09-11T02:00:04.148+0000] {processor.py:830} INFO - Processing file /opt/airflow/dags/dag_with_task_flow_api.py for tasks to queue
[2024-09-11T02:00:04.149+0000] {logging_mixin.py:188} INFO - [2024-09-11T02:00:04.149+0000] {dagbag.py:545} INFO - Filling up the DagBag from /opt/airflow/dags/dag_with_task_flow_api.py
[2024-09-11T02:00:04.166+0000] {processor.py:840} INFO - DAG(s) 'dag_with_workflow_api_v02' retrieved from /opt/airflow/dags/dag_with_task_flow_api.py
[2024-09-11T02:00:04.186+0000] {logging_mixin.py:188} INFO - [2024-09-11T02:00:04.186+0000] {dag.py:3096} INFO - Sync 1 DAGs
[2024-09-11T02:00:04.207+0000] {logging_mixin.py:188} INFO - [2024-09-11T02:00:04.207+0000] {dag.py:3954} INFO - Setting next_dagrun for dag_with_workflow_api_v02 to 2024-06-30 00:00:00+00:00, run_after=2024-07-01 00:00:00+00:00
[2024-09-11T02:00:04.229+0000] {processor.py:183} INFO - Processing /opt/airflow/dags/dag_with_task_flow_api.py took 0.091 seconds
[2024-09-11T02:00:34.987+0000] {processor.py:161} INFO - Started process (PID=13004) to work on /opt/airflow/dags/dag_with_task_flow_api.py
[2024-09-11T02:00:34.988+0000] {processor.py:830} INFO - Processing file /opt/airflow/dags/dag_with_task_flow_api.py for tasks to queue
[2024-09-11T02:00:34.989+0000] {logging_mixin.py:188} INFO - [2024-09-11T02:00:34.988+0000] {dagbag.py:545} INFO - Filling up the DagBag from /opt/airflow/dags/dag_with_task_flow_api.py
[2024-09-11T02:00:35.004+0000] {processor.py:840} INFO - DAG(s) 'dag_with_workflow_api_v02' retrieved from /opt/airflow/dags/dag_with_task_flow_api.py
[2024-09-11T02:00:35.024+0000] {logging_mixin.py:188} INFO - [2024-09-11T02:00:35.024+0000] {dag.py:3096} INFO - Sync 1 DAGs
[2024-09-11T02:00:35.045+0000] {logging_mixin.py:188} INFO - [2024-09-11T02:00:35.045+0000] {dag.py:3954} INFO - Setting next_dagrun for dag_with_workflow_api_v02 to 2024-06-30 00:00:00+00:00, run_after=2024-07-01 00:00:00+00:00
[2024-09-11T02:00:35.073+0000] {processor.py:183} INFO - Processing /opt/airflow/dags/dag_with_task_flow_api.py took 0.095 seconds
[2024-09-11T02:01:05.769+0000] {processor.py:161} INFO - Started process (PID=13065) to work on /opt/airflow/dags/dag_with_task_flow_api.py
[2024-09-11T02:01:05.770+0000] {processor.py:830} INFO - Processing file /opt/airflow/dags/dag_with_task_flow_api.py for tasks to queue
[2024-09-11T02:01:05.771+0000] {logging_mixin.py:188} INFO - [2024-09-11T02:01:05.770+0000] {dagbag.py:545} INFO - Filling up the DagBag from /opt/airflow/dags/dag_with_task_flow_api.py
[2024-09-11T02:01:05.785+0000] {processor.py:840} INFO - DAG(s) 'dag_with_workflow_api_v02' retrieved from /opt/airflow/dags/dag_with_task_flow_api.py
[2024-09-11T02:01:05.804+0000] {logging_mixin.py:188} INFO - [2024-09-11T02:01:05.804+0000] {dag.py:3096} INFO - Sync 1 DAGs
[2024-09-11T02:01:05.824+0000] {logging_mixin.py:188} INFO - [2024-09-11T02:01:05.824+0000] {dag.py:3954} INFO - Setting next_dagrun for dag_with_workflow_api_v02 to 2024-06-30 00:00:00+00:00, run_after=2024-07-01 00:00:00+00:00
[2024-09-11T02:01:05.846+0000] {processor.py:183} INFO - Processing /opt/airflow/dags/dag_with_task_flow_api.py took 0.086 seconds
[2024-09-11T02:01:36.198+0000] {processor.py:161} INFO - Started process (PID=13316) to work on /opt/airflow/dags/dag_with_task_flow_api.py
[2024-09-11T02:01:36.199+0000] {processor.py:830} INFO - Processing file /opt/airflow/dags/dag_with_task_flow_api.py for tasks to queue
[2024-09-11T02:01:36.200+0000] {logging_mixin.py:188} INFO - [2024-09-11T02:01:36.200+0000] {dagbag.py:545} INFO - Filling up the DagBag from /opt/airflow/dags/dag_with_task_flow_api.py
[2024-09-11T02:01:36.216+0000] {processor.py:840} INFO - DAG(s) 'dag_with_workflow_api_v02' retrieved from /opt/airflow/dags/dag_with_task_flow_api.py
[2024-09-11T02:01:36.240+0000] {logging_mixin.py:188} INFO - [2024-09-11T02:01:36.240+0000] {dag.py:3096} INFO - Sync 1 DAGs
[2024-09-11T02:01:36.268+0000] {logging_mixin.py:188} INFO - [2024-09-11T02:01:36.268+0000] {dag.py:3954} INFO - Setting next_dagrun for dag_with_workflow_api_v02 to 2024-06-30 00:00:00+00:00, run_after=2024-07-01 00:00:00+00:00
[2024-09-11T02:01:36.293+0000] {processor.py:183} INFO - Processing /opt/airflow/dags/dag_with_task_flow_api.py took 0.104 seconds
[2024-09-11T02:02:07.091+0000] {processor.py:161} INFO - Started process (PID=13623) to work on /opt/airflow/dags/dag_with_task_flow_api.py
[2024-09-11T02:02:07.091+0000] {processor.py:830} INFO - Processing file /opt/airflow/dags/dag_with_task_flow_api.py for tasks to queue
[2024-09-11T02:02:07.092+0000] {logging_mixin.py:188} INFO - [2024-09-11T02:02:07.092+0000] {dagbag.py:545} INFO - Filling up the DagBag from /opt/airflow/dags/dag_with_task_flow_api.py
[2024-09-11T02:02:07.113+0000] {processor.py:840} INFO - DAG(s) 'dag_with_workflow_api_v02' retrieved from /opt/airflow/dags/dag_with_task_flow_api.py
[2024-09-11T02:02:07.138+0000] {logging_mixin.py:188} INFO - [2024-09-11T02:02:07.137+0000] {dag.py:3096} INFO - Sync 1 DAGs
[2024-09-11T02:02:07.162+0000] {logging_mixin.py:188} INFO - [2024-09-11T02:02:07.162+0000] {dag.py:3954} INFO - Setting next_dagrun for dag_with_workflow_api_v02 to 2024-06-30 00:00:00+00:00, run_after=2024-07-01 00:00:00+00:00
[2024-09-11T02:02:07.187+0000] {processor.py:183} INFO - Processing /opt/airflow/dags/dag_with_task_flow_api.py took 0.104 seconds
[2024-09-11T02:02:37.811+0000] {processor.py:161} INFO - Started process (PID=13684) to work on /opt/airflow/dags/dag_with_task_flow_api.py
[2024-09-11T02:02:37.812+0000] {processor.py:830} INFO - Processing file /opt/airflow/dags/dag_with_task_flow_api.py for tasks to queue
[2024-09-11T02:02:37.813+0000] {logging_mixin.py:188} INFO - [2024-09-11T02:02:37.812+0000] {dagbag.py:545} INFO - Filling up the DagBag from /opt/airflow/dags/dag_with_task_flow_api.py
[2024-09-11T02:02:37.827+0000] {processor.py:840} INFO - DAG(s) 'dag_with_workflow_api_v02' retrieved from /opt/airflow/dags/dag_with_task_flow_api.py
[2024-09-11T02:02:37.848+0000] {logging_mixin.py:188} INFO - [2024-09-11T02:02:37.848+0000] {dag.py:3096} INFO - Sync 1 DAGs
[2024-09-11T02:02:37.868+0000] {logging_mixin.py:188} INFO - [2024-09-11T02:02:37.868+0000] {dag.py:3954} INFO - Setting next_dagrun for dag_with_workflow_api_v02 to 2024-06-30 00:00:00+00:00, run_after=2024-07-01 00:00:00+00:00
[2024-09-11T02:02:37.888+0000] {processor.py:183} INFO - Processing /opt/airflow/dags/dag_with_task_flow_api.py took 0.086 seconds
[2024-09-11T02:03:08.531+0000] {processor.py:161} INFO - Started process (PID=13751) to work on /opt/airflow/dags/dag_with_task_flow_api.py
[2024-09-11T02:03:08.532+0000] {processor.py:830} INFO - Processing file /opt/airflow/dags/dag_with_task_flow_api.py for tasks to queue
[2024-09-11T02:03:08.532+0000] {logging_mixin.py:188} INFO - [2024-09-11T02:03:08.532+0000] {dagbag.py:545} INFO - Filling up the DagBag from /opt/airflow/dags/dag_with_task_flow_api.py
[2024-09-11T02:03:08.549+0000] {processor.py:840} INFO - DAG(s) 'dag_with_workflow_api_v02' retrieved from /opt/airflow/dags/dag_with_task_flow_api.py
[2024-09-11T02:03:08.569+0000] {logging_mixin.py:188} INFO - [2024-09-11T02:03:08.569+0000] {dag.py:3096} INFO - Sync 1 DAGs
[2024-09-11T02:03:08.589+0000] {logging_mixin.py:188} INFO - [2024-09-11T02:03:08.588+0000] {dag.py:3954} INFO - Setting next_dagrun for dag_with_workflow_api_v02 to 2024-06-30 00:00:00+00:00, run_after=2024-07-01 00:00:00+00:00
[2024-09-11T02:03:08.607+0000] {processor.py:183} INFO - Processing /opt/airflow/dags/dag_with_task_flow_api.py took 0.085 seconds
[2024-09-11T02:03:39.239+0000] {processor.py:161} INFO - Started process (PID=13812) to work on /opt/airflow/dags/dag_with_task_flow_api.py
[2024-09-11T02:03:39.240+0000] {processor.py:830} INFO - Processing file /opt/airflow/dags/dag_with_task_flow_api.py for tasks to queue
[2024-09-11T02:03:39.241+0000] {logging_mixin.py:188} INFO - [2024-09-11T02:03:39.240+0000] {dagbag.py:545} INFO - Filling up the DagBag from /opt/airflow/dags/dag_with_task_flow_api.py
[2024-09-11T02:03:39.256+0000] {processor.py:840} INFO - DAG(s) 'dag_with_workflow_api_v02' retrieved from /opt/airflow/dags/dag_with_task_flow_api.py
[2024-09-11T02:03:39.275+0000] {logging_mixin.py:188} INFO - [2024-09-11T02:03:39.275+0000] {dag.py:3096} INFO - Sync 1 DAGs
[2024-09-11T02:03:39.295+0000] {logging_mixin.py:188} INFO - [2024-09-11T02:03:39.294+0000] {dag.py:3954} INFO - Setting next_dagrun for dag_with_workflow_api_v02 to 2024-06-30 00:00:00+00:00, run_after=2024-07-01 00:00:00+00:00
[2024-09-11T02:03:39.315+0000] {processor.py:183} INFO - Processing /opt/airflow/dags/dag_with_task_flow_api.py took 0.084 seconds
[2024-09-11T02:04:10.041+0000] {processor.py:161} INFO - Started process (PID=13873) to work on /opt/airflow/dags/dag_with_task_flow_api.py
[2024-09-11T02:04:10.042+0000] {processor.py:830} INFO - Processing file /opt/airflow/dags/dag_with_task_flow_api.py for tasks to queue
[2024-09-11T02:04:10.042+0000] {logging_mixin.py:188} INFO - [2024-09-11T02:04:10.042+0000] {dagbag.py:545} INFO - Filling up the DagBag from /opt/airflow/dags/dag_with_task_flow_api.py
[2024-09-11T02:04:10.057+0000] {processor.py:840} INFO - DAG(s) 'dag_with_workflow_api_v02' retrieved from /opt/airflow/dags/dag_with_task_flow_api.py
[2024-09-11T02:04:10.077+0000] {logging_mixin.py:188} INFO - [2024-09-11T02:04:10.076+0000] {dag.py:3096} INFO - Sync 1 DAGs
[2024-09-11T02:04:10.098+0000] {logging_mixin.py:188} INFO - [2024-09-11T02:04:10.097+0000] {dag.py:3954} INFO - Setting next_dagrun for dag_with_workflow_api_v02 to 2024-06-30 00:00:00+00:00, run_after=2024-07-01 00:00:00+00:00
[2024-09-11T02:04:10.117+0000] {processor.py:183} INFO - Processing /opt/airflow/dags/dag_with_task_flow_api.py took 0.086 seconds
[2024-09-11T02:04:40.700+0000] {processor.py:161} INFO - Started process (PID=13934) to work on /opt/airflow/dags/dag_with_task_flow_api.py
[2024-09-11T02:04:40.700+0000] {processor.py:830} INFO - Processing file /opt/airflow/dags/dag_with_task_flow_api.py for tasks to queue
[2024-09-11T02:04:40.701+0000] {logging_mixin.py:188} INFO - [2024-09-11T02:04:40.701+0000] {dagbag.py:545} INFO - Filling up the DagBag from /opt/airflow/dags/dag_with_task_flow_api.py
[2024-09-11T02:04:40.716+0000] {processor.py:840} INFO - DAG(s) 'dag_with_workflow_api_v02' retrieved from /opt/airflow/dags/dag_with_task_flow_api.py
[2024-09-11T02:04:40.736+0000] {logging_mixin.py:188} INFO - [2024-09-11T02:04:40.736+0000] {dag.py:3096} INFO - Sync 1 DAGs
[2024-09-11T02:04:40.756+0000] {logging_mixin.py:188} INFO - [2024-09-11T02:04:40.756+0000] {dag.py:3954} INFO - Setting next_dagrun for dag_with_workflow_api_v02 to 2024-06-30 00:00:00+00:00, run_after=2024-07-01 00:00:00+00:00
[2024-09-11T02:04:40.773+0000] {processor.py:183} INFO - Processing /opt/airflow/dags/dag_with_task_flow_api.py took 0.082 seconds
