[2024-09-11T01:39:36.952+0000] {processor.py:161} INFO - Started process (PID=211) to work on /opt/airflow/dags/dag_with_postgres_operator.py
[2024-09-11T01:39:36.953+0000] {processor.py:830} INFO - Processing file /opt/airflow/dags/dag_with_postgres_operator.py for tasks to queue
[2024-09-11T01:39:36.954+0000] {logging_mixin.py:188} INFO - [2024-09-11T01:39:36.954+0000] {dagbag.py:545} INFO - Filling up the DagBag from /opt/airflow/dags/dag_with_postgres_operator.py
[2024-09-11T01:39:36.974+0000] {processor.py:840} INFO - DAG(s) 'dag_with_postgres_operator_v03' retrieved from /opt/airflow/dags/dag_with_postgres_operator.py
[2024-09-11T01:39:37.143+0000] {logging_mixin.py:188} INFO - [2024-09-11T01:39:37.142+0000] {override.py:1829} INFO - Created Permission View: can read on DAG:dag_with_postgres_operator_v03
[2024-09-11T01:39:37.163+0000] {logging_mixin.py:188} INFO - [2024-09-11T01:39:37.162+0000] {override.py:1829} INFO - Created Permission View: can edit on DAG:dag_with_postgres_operator_v03
[2024-09-11T01:39:37.177+0000] {logging_mixin.py:188} INFO - [2024-09-11T01:39:37.177+0000] {override.py:1829} INFO - Created Permission View: can delete on DAG:dag_with_postgres_operator_v03
[2024-09-11T01:39:37.178+0000] {logging_mixin.py:188} INFO - [2024-09-11T01:39:37.178+0000] {dag.py:3096} INFO - Sync 1 DAGs
[2024-09-11T01:39:37.192+0000] {logging_mixin.py:188} INFO - [2024-09-11T01:39:37.191+0000] {dag.py:3118} INFO - Creating ORM DAG for dag_with_postgres_operator_v03
[2024-09-11T01:39:37.210+0000] {logging_mixin.py:188} INFO - [2024-09-11T01:39:37.209+0000] {dag.py:3954} INFO - Setting next_dagrun for dag_with_postgres_operator_v03 to 2024-06-30 00:00:00+00:00, run_after=2024-07-01 00:00:00+00:00
[2024-09-11T01:39:37.239+0000] {processor.py:183} INFO - Processing /opt/airflow/dags/dag_with_postgres_operator.py took 0.299 seconds
[2024-09-11T01:40:07.556+0000] {processor.py:161} INFO - Started process (PID=274) to work on /opt/airflow/dags/dag_with_postgres_operator.py
[2024-09-11T01:40:07.558+0000] {processor.py:830} INFO - Processing file /opt/airflow/dags/dag_with_postgres_operator.py for tasks to queue
[2024-09-11T01:40:07.560+0000] {logging_mixin.py:188} INFO - [2024-09-11T01:40:07.559+0000] {dagbag.py:545} INFO - Filling up the DagBag from /opt/airflow/dags/dag_with_postgres_operator.py
[2024-09-11T01:40:07.575+0000] {processor.py:840} INFO - DAG(s) 'dag_with_postgres_operator_v03' retrieved from /opt/airflow/dags/dag_with_postgres_operator.py
[2024-09-11T01:40:07.596+0000] {logging_mixin.py:188} INFO - [2024-09-11T01:40:07.596+0000] {dag.py:3096} INFO - Sync 1 DAGs
[2024-09-11T01:40:07.620+0000] {logging_mixin.py:188} INFO - [2024-09-11T01:40:07.619+0000] {dag.py:3954} INFO - Setting next_dagrun for dag_with_postgres_operator_v03 to 2024-06-30 00:00:00+00:00, run_after=2024-07-01 00:00:00+00:00
[2024-09-11T01:40:07.642+0000] {processor.py:183} INFO - Processing /opt/airflow/dags/dag_with_postgres_operator.py took 0.095 seconds
[2024-09-11T01:40:38.460+0000] {processor.py:161} INFO - Started process (PID=335) to work on /opt/airflow/dags/dag_with_postgres_operator.py
[2024-09-11T01:40:38.461+0000] {processor.py:830} INFO - Processing file /opt/airflow/dags/dag_with_postgres_operator.py for tasks to queue
[2024-09-11T01:40:38.463+0000] {logging_mixin.py:188} INFO - [2024-09-11T01:40:38.463+0000] {dagbag.py:545} INFO - Filling up the DagBag from /opt/airflow/dags/dag_with_postgres_operator.py
[2024-09-11T01:40:38.487+0000] {processor.py:840} INFO - DAG(s) 'dag_with_postgres_operator_v03' retrieved from /opt/airflow/dags/dag_with_postgres_operator.py
[2024-09-11T01:40:38.517+0000] {logging_mixin.py:188} INFO - [2024-09-11T01:40:38.516+0000] {dag.py:3096} INFO - Sync 1 DAGs
[2024-09-11T01:40:38.536+0000] {logging_mixin.py:188} INFO - [2024-09-11T01:40:38.536+0000] {dag.py:3954} INFO - Setting next_dagrun for dag_with_postgres_operator_v03 to 2024-06-30 00:00:00+00:00, run_after=2024-07-01 00:00:00+00:00
[2024-09-11T01:40:38.557+0000] {processor.py:183} INFO - Processing /opt/airflow/dags/dag_with_postgres_operator.py took 0.108 seconds
[2024-09-11T01:41:09.329+0000] {processor.py:161} INFO - Started process (PID=396) to work on /opt/airflow/dags/dag_with_postgres_operator.py
[2024-09-11T01:41:09.330+0000] {processor.py:830} INFO - Processing file /opt/airflow/dags/dag_with_postgres_operator.py for tasks to queue
[2024-09-11T01:41:09.332+0000] {logging_mixin.py:188} INFO - [2024-09-11T01:41:09.332+0000] {dagbag.py:545} INFO - Filling up the DagBag from /opt/airflow/dags/dag_with_postgres_operator.py
[2024-09-11T01:41:09.345+0000] {processor.py:840} INFO - DAG(s) 'dag_with_postgres_operator_v03' retrieved from /opt/airflow/dags/dag_with_postgres_operator.py
[2024-09-11T01:41:09.364+0000] {logging_mixin.py:188} INFO - [2024-09-11T01:41:09.364+0000] {dag.py:3096} INFO - Sync 1 DAGs
[2024-09-11T01:41:09.381+0000] {logging_mixin.py:188} INFO - [2024-09-11T01:41:09.381+0000] {dag.py:3954} INFO - Setting next_dagrun for dag_with_postgres_operator_v03 to 2024-06-30 00:00:00+00:00, run_after=2024-07-01 00:00:00+00:00
[2024-09-11T01:41:09.400+0000] {processor.py:183} INFO - Processing /opt/airflow/dags/dag_with_postgres_operator.py took 0.079 seconds
[2024-09-11T01:41:39.557+0000] {processor.py:161} INFO - Started process (PID=455) to work on /opt/airflow/dags/dag_with_postgres_operator.py
[2024-09-11T01:41:39.557+0000] {processor.py:830} INFO - Processing file /opt/airflow/dags/dag_with_postgres_operator.py for tasks to queue
[2024-09-11T01:41:39.559+0000] {logging_mixin.py:188} INFO - [2024-09-11T01:41:39.559+0000] {dagbag.py:545} INFO - Filling up the DagBag from /opt/airflow/dags/dag_with_postgres_operator.py
[2024-09-11T01:41:39.575+0000] {processor.py:840} INFO - DAG(s) 'dag_with_postgres_operator_v03' retrieved from /opt/airflow/dags/dag_with_postgres_operator.py
[2024-09-11T01:41:39.597+0000] {logging_mixin.py:188} INFO - [2024-09-11T01:41:39.597+0000] {dag.py:3096} INFO - Sync 1 DAGs
[2024-09-11T01:41:39.618+0000] {logging_mixin.py:188} INFO - [2024-09-11T01:41:39.618+0000] {dag.py:3954} INFO - Setting next_dagrun for dag_with_postgres_operator_v03 to 2024-06-30 00:00:00+00:00, run_after=2024-07-01 00:00:00+00:00
[2024-09-11T01:41:39.641+0000] {processor.py:183} INFO - Processing /opt/airflow/dags/dag_with_postgres_operator.py took 0.093 seconds
[2024-09-11T01:42:10.519+0000] {processor.py:161} INFO - Started process (PID=518) to work on /opt/airflow/dags/dag_with_postgres_operator.py
[2024-09-11T01:42:10.520+0000] {processor.py:830} INFO - Processing file /opt/airflow/dags/dag_with_postgres_operator.py for tasks to queue
[2024-09-11T01:42:10.521+0000] {logging_mixin.py:188} INFO - [2024-09-11T01:42:10.521+0000] {dagbag.py:545} INFO - Filling up the DagBag from /opt/airflow/dags/dag_with_postgres_operator.py
[2024-09-11T01:42:10.536+0000] {processor.py:840} INFO - DAG(s) 'dag_with_postgres_operator_v03' retrieved from /opt/airflow/dags/dag_with_postgres_operator.py
[2024-09-11T01:42:10.555+0000] {logging_mixin.py:188} INFO - [2024-09-11T01:42:10.555+0000] {dag.py:3096} INFO - Sync 1 DAGs
[2024-09-11T01:42:10.574+0000] {logging_mixin.py:188} INFO - [2024-09-11T01:42:10.574+0000] {dag.py:3954} INFO - Setting next_dagrun for dag_with_postgres_operator_v03 to 2024-06-30 00:00:00+00:00, run_after=2024-07-01 00:00:00+00:00
[2024-09-11T01:42:10.594+0000] {processor.py:183} INFO - Processing /opt/airflow/dags/dag_with_postgres_operator.py took 0.084 seconds
[2024-09-11T01:42:41.352+0000] {processor.py:161} INFO - Started process (PID=579) to work on /opt/airflow/dags/dag_with_postgres_operator.py
[2024-09-11T01:42:41.353+0000] {processor.py:830} INFO - Processing file /opt/airflow/dags/dag_with_postgres_operator.py for tasks to queue
[2024-09-11T01:42:41.354+0000] {logging_mixin.py:188} INFO - [2024-09-11T01:42:41.354+0000] {dagbag.py:545} INFO - Filling up the DagBag from /opt/airflow/dags/dag_with_postgres_operator.py
[2024-09-11T01:42:41.369+0000] {processor.py:840} INFO - DAG(s) 'dag_with_postgres_operator_v03' retrieved from /opt/airflow/dags/dag_with_postgres_operator.py
[2024-09-11T01:42:41.389+0000] {logging_mixin.py:188} INFO - [2024-09-11T01:42:41.389+0000] {dag.py:3096} INFO - Sync 1 DAGs
[2024-09-11T01:42:41.409+0000] {logging_mixin.py:188} INFO - [2024-09-11T01:42:41.409+0000] {dag.py:3954} INFO - Setting next_dagrun for dag_with_postgres_operator_v03 to 2024-06-30 00:00:00+00:00, run_after=2024-07-01 00:00:00+00:00
[2024-09-11T01:42:41.430+0000] {processor.py:183} INFO - Processing /opt/airflow/dags/dag_with_postgres_operator.py took 0.087 seconds
[2024-09-11T01:43:12.172+0000] {processor.py:161} INFO - Started process (PID=640) to work on /opt/airflow/dags/dag_with_postgres_operator.py
[2024-09-11T01:43:12.173+0000] {processor.py:830} INFO - Processing file /opt/airflow/dags/dag_with_postgres_operator.py for tasks to queue
[2024-09-11T01:43:12.174+0000] {logging_mixin.py:188} INFO - [2024-09-11T01:43:12.174+0000] {dagbag.py:545} INFO - Filling up the DagBag from /opt/airflow/dags/dag_with_postgres_operator.py
[2024-09-11T01:43:12.187+0000] {processor.py:840} INFO - DAG(s) 'dag_with_postgres_operator_v03' retrieved from /opt/airflow/dags/dag_with_postgres_operator.py
[2024-09-11T01:43:12.206+0000] {logging_mixin.py:188} INFO - [2024-09-11T01:43:12.206+0000] {dag.py:3096} INFO - Sync 1 DAGs
[2024-09-11T01:43:12.225+0000] {logging_mixin.py:188} INFO - [2024-09-11T01:43:12.225+0000] {dag.py:3954} INFO - Setting next_dagrun for dag_with_postgres_operator_v03 to 2024-06-30 00:00:00+00:00, run_after=2024-07-01 00:00:00+00:00
[2024-09-11T01:43:12.243+0000] {processor.py:183} INFO - Processing /opt/airflow/dags/dag_with_postgres_operator.py took 0.080 seconds
[2024-09-11T01:43:43.012+0000] {processor.py:161} INFO - Started process (PID=701) to work on /opt/airflow/dags/dag_with_postgres_operator.py
[2024-09-11T01:43:43.012+0000] {processor.py:830} INFO - Processing file /opt/airflow/dags/dag_with_postgres_operator.py for tasks to queue
[2024-09-11T01:43:43.014+0000] {logging_mixin.py:188} INFO - [2024-09-11T01:43:43.014+0000] {dagbag.py:545} INFO - Filling up the DagBag from /opt/airflow/dags/dag_with_postgres_operator.py
[2024-09-11T01:43:43.028+0000] {processor.py:840} INFO - DAG(s) 'dag_with_postgres_operator_v03' retrieved from /opt/airflow/dags/dag_with_postgres_operator.py
[2024-09-11T01:43:43.048+0000] {logging_mixin.py:188} INFO - [2024-09-11T01:43:43.048+0000] {dag.py:3096} INFO - Sync 1 DAGs
[2024-09-11T01:43:43.068+0000] {logging_mixin.py:188} INFO - [2024-09-11T01:43:43.068+0000] {dag.py:3954} INFO - Setting next_dagrun for dag_with_postgres_operator_v03 to 2024-06-30 00:00:00+00:00, run_after=2024-07-01 00:00:00+00:00
[2024-09-11T01:43:43.088+0000] {processor.py:183} INFO - Processing /opt/airflow/dags/dag_with_postgres_operator.py took 0.085 seconds
[2024-09-11T01:44:13.841+0000] {processor.py:161} INFO - Started process (PID=762) to work on /opt/airflow/dags/dag_with_postgres_operator.py
[2024-09-11T01:44:13.842+0000] {processor.py:830} INFO - Processing file /opt/airflow/dags/dag_with_postgres_operator.py for tasks to queue
[2024-09-11T01:44:13.843+0000] {logging_mixin.py:188} INFO - [2024-09-11T01:44:13.843+0000] {dagbag.py:545} INFO - Filling up the DagBag from /opt/airflow/dags/dag_with_postgres_operator.py
[2024-09-11T01:44:13.857+0000] {processor.py:840} INFO - DAG(s) 'dag_with_postgres_operator_v03' retrieved from /opt/airflow/dags/dag_with_postgres_operator.py
[2024-09-11T01:44:13.877+0000] {logging_mixin.py:188} INFO - [2024-09-11T01:44:13.877+0000] {dag.py:3096} INFO - Sync 1 DAGs
[2024-09-11T01:44:13.898+0000] {logging_mixin.py:188} INFO - [2024-09-11T01:44:13.897+0000] {dag.py:3954} INFO - Setting next_dagrun for dag_with_postgres_operator_v03 to 2024-06-30 00:00:00+00:00, run_after=2024-07-01 00:00:00+00:00
[2024-09-11T01:44:13.916+0000] {processor.py:183} INFO - Processing /opt/airflow/dags/dag_with_postgres_operator.py took 0.084 seconds
[2024-09-11T01:44:44.680+0000] {processor.py:161} INFO - Started process (PID=823) to work on /opt/airflow/dags/dag_with_postgres_operator.py
[2024-09-11T01:44:44.681+0000] {processor.py:830} INFO - Processing file /opt/airflow/dags/dag_with_postgres_operator.py for tasks to queue
[2024-09-11T01:44:44.683+0000] {logging_mixin.py:188} INFO - [2024-09-11T01:44:44.683+0000] {dagbag.py:545} INFO - Filling up the DagBag from /opt/airflow/dags/dag_with_postgres_operator.py
[2024-09-11T01:44:44.696+0000] {processor.py:840} INFO - DAG(s) 'dag_with_postgres_operator_v03' retrieved from /opt/airflow/dags/dag_with_postgres_operator.py
[2024-09-11T01:44:44.716+0000] {logging_mixin.py:188} INFO - [2024-09-11T01:44:44.716+0000] {dag.py:3096} INFO - Sync 1 DAGs
[2024-09-11T01:44:44.734+0000] {logging_mixin.py:188} INFO - [2024-09-11T01:44:44.734+0000] {dag.py:3954} INFO - Setting next_dagrun for dag_with_postgres_operator_v03 to 2024-06-30 00:00:00+00:00, run_after=2024-07-01 00:00:00+00:00
[2024-09-11T01:44:44.755+0000] {processor.py:183} INFO - Processing /opt/airflow/dags/dag_with_postgres_operator.py took 0.083 seconds
[2024-09-11T01:45:15.495+0000] {processor.py:161} INFO - Started process (PID=884) to work on /opt/airflow/dags/dag_with_postgres_operator.py
[2024-09-11T01:45:15.495+0000] {processor.py:830} INFO - Processing file /opt/airflow/dags/dag_with_postgres_operator.py for tasks to queue
[2024-09-11T01:45:15.497+0000] {logging_mixin.py:188} INFO - [2024-09-11T01:45:15.497+0000] {dagbag.py:545} INFO - Filling up the DagBag from /opt/airflow/dags/dag_with_postgres_operator.py
[2024-09-11T01:45:15.510+0000] {processor.py:840} INFO - DAG(s) 'dag_with_postgres_operator_v03' retrieved from /opt/airflow/dags/dag_with_postgres_operator.py
[2024-09-11T01:45:15.530+0000] {logging_mixin.py:188} INFO - [2024-09-11T01:45:15.530+0000] {dag.py:3096} INFO - Sync 1 DAGs
[2024-09-11T01:45:15.549+0000] {logging_mixin.py:188} INFO - [2024-09-11T01:45:15.549+0000] {dag.py:3954} INFO - Setting next_dagrun for dag_with_postgres_operator_v03 to 2024-06-30 00:00:00+00:00, run_after=2024-07-01 00:00:00+00:00
[2024-09-11T01:45:15.572+0000] {processor.py:183} INFO - Processing /opt/airflow/dags/dag_with_postgres_operator.py took 0.086 seconds
[2024-09-11T01:45:46.342+0000] {processor.py:161} INFO - Started process (PID=945) to work on /opt/airflow/dags/dag_with_postgres_operator.py
[2024-09-11T01:45:46.343+0000] {processor.py:830} INFO - Processing file /opt/airflow/dags/dag_with_postgres_operator.py for tasks to queue
[2024-09-11T01:45:46.344+0000] {logging_mixin.py:188} INFO - [2024-09-11T01:45:46.344+0000] {dagbag.py:545} INFO - Filling up the DagBag from /opt/airflow/dags/dag_with_postgres_operator.py
[2024-09-11T01:45:46.359+0000] {processor.py:840} INFO - DAG(s) 'dag_with_postgres_operator_v03' retrieved from /opt/airflow/dags/dag_with_postgres_operator.py
[2024-09-11T01:45:46.381+0000] {logging_mixin.py:188} INFO - [2024-09-11T01:45:46.381+0000] {dag.py:3096} INFO - Sync 1 DAGs
[2024-09-11T01:45:46.403+0000] {logging_mixin.py:188} INFO - [2024-09-11T01:45:46.403+0000] {dag.py:3954} INFO - Setting next_dagrun for dag_with_postgres_operator_v03 to 2024-06-30 00:00:00+00:00, run_after=2024-07-01 00:00:00+00:00
[2024-09-11T01:45:46.423+0000] {processor.py:183} INFO - Processing /opt/airflow/dags/dag_with_postgres_operator.py took 0.091 seconds
[2024-09-11T01:46:17.144+0000] {processor.py:161} INFO - Started process (PID=1006) to work on /opt/airflow/dags/dag_with_postgres_operator.py
[2024-09-11T01:46:17.145+0000] {processor.py:830} INFO - Processing file /opt/airflow/dags/dag_with_postgres_operator.py for tasks to queue
[2024-09-11T01:46:17.146+0000] {logging_mixin.py:188} INFO - [2024-09-11T01:46:17.146+0000] {dagbag.py:545} INFO - Filling up the DagBag from /opt/airflow/dags/dag_with_postgres_operator.py
[2024-09-11T01:46:17.159+0000] {processor.py:840} INFO - DAG(s) 'dag_with_postgres_operator_v03' retrieved from /opt/airflow/dags/dag_with_postgres_operator.py
[2024-09-11T01:46:17.179+0000] {logging_mixin.py:188} INFO - [2024-09-11T01:46:17.178+0000] {dag.py:3096} INFO - Sync 1 DAGs
[2024-09-11T01:46:17.197+0000] {logging_mixin.py:188} INFO - [2024-09-11T01:46:17.197+0000] {dag.py:3954} INFO - Setting next_dagrun for dag_with_postgres_operator_v03 to 2024-06-30 00:00:00+00:00, run_after=2024-07-01 00:00:00+00:00
[2024-09-11T01:46:17.216+0000] {processor.py:183} INFO - Processing /opt/airflow/dags/dag_with_postgres_operator.py took 0.081 seconds
[2024-09-11T01:46:47.949+0000] {processor.py:161} INFO - Started process (PID=1067) to work on /opt/airflow/dags/dag_with_postgres_operator.py
[2024-09-11T01:46:47.950+0000] {processor.py:830} INFO - Processing file /opt/airflow/dags/dag_with_postgres_operator.py for tasks to queue
[2024-09-11T01:46:47.952+0000] {logging_mixin.py:188} INFO - [2024-09-11T01:46:47.951+0000] {dagbag.py:545} INFO - Filling up the DagBag from /opt/airflow/dags/dag_with_postgres_operator.py
[2024-09-11T01:46:47.965+0000] {processor.py:840} INFO - DAG(s) 'dag_with_postgres_operator_v03' retrieved from /opt/airflow/dags/dag_with_postgres_operator.py
[2024-09-11T01:46:47.984+0000] {logging_mixin.py:188} INFO - [2024-09-11T01:46:47.984+0000] {dag.py:3096} INFO - Sync 1 DAGs
[2024-09-11T01:46:48.003+0000] {logging_mixin.py:188} INFO - [2024-09-11T01:46:48.002+0000] {dag.py:3954} INFO - Setting next_dagrun for dag_with_postgres_operator_v03 to 2024-06-30 00:00:00+00:00, run_after=2024-07-01 00:00:00+00:00
[2024-09-11T01:46:48.023+0000] {processor.py:183} INFO - Processing /opt/airflow/dags/dag_with_postgres_operator.py took 0.082 seconds
[2024-09-11T01:47:18.763+0000] {processor.py:161} INFO - Started process (PID=1128) to work on /opt/airflow/dags/dag_with_postgres_operator.py
[2024-09-11T01:47:18.763+0000] {processor.py:830} INFO - Processing file /opt/airflow/dags/dag_with_postgres_operator.py for tasks to queue
[2024-09-11T01:47:18.765+0000] {logging_mixin.py:188} INFO - [2024-09-11T01:47:18.765+0000] {dagbag.py:545} INFO - Filling up the DagBag from /opt/airflow/dags/dag_with_postgres_operator.py
[2024-09-11T01:47:18.780+0000] {processor.py:840} INFO - DAG(s) 'dag_with_postgres_operator_v03' retrieved from /opt/airflow/dags/dag_with_postgres_operator.py
[2024-09-11T01:47:18.800+0000] {logging_mixin.py:188} INFO - [2024-09-11T01:47:18.800+0000] {dag.py:3096} INFO - Sync 1 DAGs
[2024-09-11T01:47:18.820+0000] {logging_mixin.py:188} INFO - [2024-09-11T01:47:18.820+0000] {dag.py:3954} INFO - Setting next_dagrun for dag_with_postgres_operator_v03 to 2024-06-30 00:00:00+00:00, run_after=2024-07-01 00:00:00+00:00
[2024-09-11T01:47:18.841+0000] {processor.py:183} INFO - Processing /opt/airflow/dags/dag_with_postgres_operator.py took 0.087 seconds
[2024-09-11T01:47:49.574+0000] {processor.py:161} INFO - Started process (PID=1189) to work on /opt/airflow/dags/dag_with_postgres_operator.py
[2024-09-11T01:47:49.574+0000] {processor.py:830} INFO - Processing file /opt/airflow/dags/dag_with_postgres_operator.py for tasks to queue
[2024-09-11T01:47:49.576+0000] {logging_mixin.py:188} INFO - [2024-09-11T01:47:49.576+0000] {dagbag.py:545} INFO - Filling up the DagBag from /opt/airflow/dags/dag_with_postgres_operator.py
[2024-09-11T01:47:49.590+0000] {processor.py:840} INFO - DAG(s) 'dag_with_postgres_operator_v03' retrieved from /opt/airflow/dags/dag_with_postgres_operator.py
[2024-09-11T01:47:49.610+0000] {logging_mixin.py:188} INFO - [2024-09-11T01:47:49.610+0000] {dag.py:3096} INFO - Sync 1 DAGs
[2024-09-11T01:47:49.629+0000] {logging_mixin.py:188} INFO - [2024-09-11T01:47:49.629+0000] {dag.py:3954} INFO - Setting next_dagrun for dag_with_postgres_operator_v03 to 2024-06-30 00:00:00+00:00, run_after=2024-07-01 00:00:00+00:00
[2024-09-11T01:47:49.653+0000] {processor.py:183} INFO - Processing /opt/airflow/dags/dag_with_postgres_operator.py took 0.087 seconds
[2024-09-11T01:48:20.416+0000] {processor.py:161} INFO - Started process (PID=1250) to work on /opt/airflow/dags/dag_with_postgres_operator.py
[2024-09-11T01:48:20.417+0000] {processor.py:830} INFO - Processing file /opt/airflow/dags/dag_with_postgres_operator.py for tasks to queue
[2024-09-11T01:48:20.420+0000] {logging_mixin.py:188} INFO - [2024-09-11T01:48:20.419+0000] {dagbag.py:545} INFO - Filling up the DagBag from /opt/airflow/dags/dag_with_postgres_operator.py
[2024-09-11T01:48:20.436+0000] {processor.py:840} INFO - DAG(s) 'dag_with_postgres_operator_v03' retrieved from /opt/airflow/dags/dag_with_postgres_operator.py
[2024-09-11T01:48:20.463+0000] {logging_mixin.py:188} INFO - [2024-09-11T01:48:20.462+0000] {dag.py:3096} INFO - Sync 1 DAGs
[2024-09-11T01:48:20.486+0000] {logging_mixin.py:188} INFO - [2024-09-11T01:48:20.486+0000] {dag.py:3954} INFO - Setting next_dagrun for dag_with_postgres_operator_v03 to 2024-06-30 00:00:00+00:00, run_after=2024-07-01 00:00:00+00:00
[2024-09-11T01:48:20.507+0000] {processor.py:183} INFO - Processing /opt/airflow/dags/dag_with_postgres_operator.py took 0.101 seconds
[2024-09-11T01:48:51.222+0000] {processor.py:161} INFO - Started process (PID=1311) to work on /opt/airflow/dags/dag_with_postgres_operator.py
[2024-09-11T01:48:51.224+0000] {processor.py:830} INFO - Processing file /opt/airflow/dags/dag_with_postgres_operator.py for tasks to queue
[2024-09-11T01:48:51.226+0000] {logging_mixin.py:188} INFO - [2024-09-11T01:48:51.225+0000] {dagbag.py:545} INFO - Filling up the DagBag from /opt/airflow/dags/dag_with_postgres_operator.py
[2024-09-11T01:48:51.247+0000] {processor.py:840} INFO - DAG(s) 'dag_with_postgres_operator_v03' retrieved from /opt/airflow/dags/dag_with_postgres_operator.py
[2024-09-11T01:48:51.272+0000] {logging_mixin.py:188} INFO - [2024-09-11T01:48:51.272+0000] {dag.py:3096} INFO - Sync 1 DAGs
[2024-09-11T01:48:51.294+0000] {logging_mixin.py:188} INFO - [2024-09-11T01:48:51.294+0000] {dag.py:3954} INFO - Setting next_dagrun for dag_with_postgres_operator_v03 to 2024-06-30 00:00:00+00:00, run_after=2024-07-01 00:00:00+00:00
[2024-09-11T01:48:51.319+0000] {processor.py:183} INFO - Processing /opt/airflow/dags/dag_with_postgres_operator.py took 0.109 seconds
[2024-09-11T01:49:22.022+0000] {processor.py:161} INFO - Started process (PID=1372) to work on /opt/airflow/dags/dag_with_postgres_operator.py
[2024-09-11T01:49:22.022+0000] {processor.py:830} INFO - Processing file /opt/airflow/dags/dag_with_postgres_operator.py for tasks to queue
[2024-09-11T01:49:22.024+0000] {logging_mixin.py:188} INFO - [2024-09-11T01:49:22.024+0000] {dagbag.py:545} INFO - Filling up the DagBag from /opt/airflow/dags/dag_with_postgres_operator.py
[2024-09-11T01:49:22.038+0000] {processor.py:840} INFO - DAG(s) 'dag_with_postgres_operator_v03' retrieved from /opt/airflow/dags/dag_with_postgres_operator.py
[2024-09-11T01:49:22.057+0000] {logging_mixin.py:188} INFO - [2024-09-11T01:49:22.057+0000] {dag.py:3096} INFO - Sync 1 DAGs
[2024-09-11T01:49:22.076+0000] {logging_mixin.py:188} INFO - [2024-09-11T01:49:22.075+0000] {dag.py:3954} INFO - Setting next_dagrun for dag_with_postgres_operator_v03 to 2024-06-30 00:00:00+00:00, run_after=2024-07-01 00:00:00+00:00
[2024-09-11T01:49:22.096+0000] {processor.py:183} INFO - Processing /opt/airflow/dags/dag_with_postgres_operator.py took 0.082 seconds
[2024-09-11T01:49:52.253+0000] {processor.py:161} INFO - Started process (PID=1829) to work on /opt/airflow/dags/dag_with_postgres_operator.py
[2024-09-11T01:49:52.254+0000] {processor.py:830} INFO - Processing file /opt/airflow/dags/dag_with_postgres_operator.py for tasks to queue
[2024-09-11T01:49:52.256+0000] {logging_mixin.py:188} INFO - [2024-09-11T01:49:52.256+0000] {dagbag.py:545} INFO - Filling up the DagBag from /opt/airflow/dags/dag_with_postgres_operator.py
[2024-09-11T01:49:52.277+0000] {processor.py:840} INFO - DAG(s) 'dag_with_postgres_operator_v03' retrieved from /opt/airflow/dags/dag_with_postgres_operator.py
[2024-09-11T01:49:52.305+0000] {logging_mixin.py:188} INFO - [2024-09-11T01:49:52.305+0000] {dag.py:3096} INFO - Sync 1 DAGs
[2024-09-11T01:49:52.339+0000] {logging_mixin.py:188} INFO - [2024-09-11T01:49:52.339+0000] {dag.py:3954} INFO - Setting next_dagrun for dag_with_postgres_operator_v03 to 2024-06-30 00:00:00+00:00, run_after=2024-07-01 00:00:00+00:00
[2024-09-11T01:49:52.367+0000] {processor.py:183} INFO - Processing /opt/airflow/dags/dag_with_postgres_operator.py took 0.128 seconds
[2024-09-11T01:50:22.755+0000] {processor.py:161} INFO - Started process (PID=2529) to work on /opt/airflow/dags/dag_with_postgres_operator.py
[2024-09-11T01:50:22.756+0000] {processor.py:830} INFO - Processing file /opt/airflow/dags/dag_with_postgres_operator.py for tasks to queue
[2024-09-11T01:50:22.757+0000] {logging_mixin.py:188} INFO - [2024-09-11T01:50:22.757+0000] {dagbag.py:545} INFO - Filling up the DagBag from /opt/airflow/dags/dag_with_postgres_operator.py
[2024-09-11T01:50:22.771+0000] {processor.py:840} INFO - DAG(s) 'dag_with_postgres_operator_v03' retrieved from /opt/airflow/dags/dag_with_postgres_operator.py
[2024-09-11T01:50:22.790+0000] {logging_mixin.py:188} INFO - [2024-09-11T01:50:22.790+0000] {dag.py:3096} INFO - Sync 1 DAGs
[2024-09-11T01:50:22.809+0000] {logging_mixin.py:188} INFO - [2024-09-11T01:50:22.809+0000] {dag.py:3954} INFO - Setting next_dagrun for dag_with_postgres_operator_v03 to 2024-06-30 00:00:00+00:00, run_after=2024-07-01 00:00:00+00:00
[2024-09-11T01:50:22.830+0000] {processor.py:183} INFO - Processing /opt/airflow/dags/dag_with_postgres_operator.py took 0.083 seconds
[2024-09-11T01:50:53.167+0000] {processor.py:161} INFO - Started process (PID=3148) to work on /opt/airflow/dags/dag_with_postgres_operator.py
[2024-09-11T01:50:53.168+0000] {processor.py:830} INFO - Processing file /opt/airflow/dags/dag_with_postgres_operator.py for tasks to queue
[2024-09-11T01:50:53.171+0000] {logging_mixin.py:188} INFO - [2024-09-11T01:50:53.170+0000] {dagbag.py:545} INFO - Filling up the DagBag from /opt/airflow/dags/dag_with_postgres_operator.py
[2024-09-11T01:50:53.224+0000] {processor.py:840} INFO - DAG(s) 'dag_with_postgres_operator_v03' retrieved from /opt/airflow/dags/dag_with_postgres_operator.py
[2024-09-11T01:50:53.268+0000] {logging_mixin.py:188} INFO - [2024-09-11T01:50:53.267+0000] {dag.py:3096} INFO - Sync 1 DAGs
[2024-09-11T01:50:53.321+0000] {logging_mixin.py:188} INFO - [2024-09-11T01:50:53.321+0000] {dag.py:3954} INFO - Setting next_dagrun for dag_with_postgres_operator_v03 to 2024-06-30 00:00:00+00:00, run_after=2024-07-01 00:00:00+00:00
[2024-09-11T01:50:53.371+0000] {processor.py:183} INFO - Processing /opt/airflow/dags/dag_with_postgres_operator.py took 0.224 seconds
[2024-09-11T01:51:23.644+0000] {processor.py:161} INFO - Started process (PID=3766) to work on /opt/airflow/dags/dag_with_postgres_operator.py
[2024-09-11T01:51:23.645+0000] {processor.py:830} INFO - Processing file /opt/airflow/dags/dag_with_postgres_operator.py for tasks to queue
[2024-09-11T01:51:23.647+0000] {logging_mixin.py:188} INFO - [2024-09-11T01:51:23.647+0000] {dagbag.py:545} INFO - Filling up the DagBag from /opt/airflow/dags/dag_with_postgres_operator.py
[2024-09-11T01:51:23.674+0000] {processor.py:840} INFO - DAG(s) 'dag_with_postgres_operator_v03' retrieved from /opt/airflow/dags/dag_with_postgres_operator.py
[2024-09-11T01:51:23.700+0000] {logging_mixin.py:188} INFO - [2024-09-11T01:51:23.699+0000] {dag.py:3096} INFO - Sync 1 DAGs
[2024-09-11T01:51:23.732+0000] {logging_mixin.py:188} INFO - [2024-09-11T01:51:23.732+0000] {dag.py:3954} INFO - Setting next_dagrun for dag_with_postgres_operator_v03 to 2024-06-30 00:00:00+00:00, run_after=2024-07-01 00:00:00+00:00
[2024-09-11T01:51:23.771+0000] {processor.py:183} INFO - Processing /opt/airflow/dags/dag_with_postgres_operator.py took 0.139 seconds
[2024-09-11T01:51:54.353+0000] {processor.py:161} INFO - Started process (PID=4446) to work on /opt/airflow/dags/dag_with_postgres_operator.py
[2024-09-11T01:51:54.354+0000] {processor.py:830} INFO - Processing file /opt/airflow/dags/dag_with_postgres_operator.py for tasks to queue
[2024-09-11T01:51:54.356+0000] {logging_mixin.py:188} INFO - [2024-09-11T01:51:54.356+0000] {dagbag.py:545} INFO - Filling up the DagBag from /opt/airflow/dags/dag_with_postgres_operator.py
[2024-09-11T01:51:54.378+0000] {processor.py:840} INFO - DAG(s) 'dag_with_postgres_operator_v03' retrieved from /opt/airflow/dags/dag_with_postgres_operator.py
[2024-09-11T01:51:54.420+0000] {logging_mixin.py:188} INFO - [2024-09-11T01:51:54.420+0000] {dag.py:3096} INFO - Sync 1 DAGs
[2024-09-11T01:51:54.470+0000] {logging_mixin.py:188} INFO - [2024-09-11T01:51:54.470+0000] {dag.py:3954} INFO - Setting next_dagrun for dag_with_postgres_operator_v03 to 2024-06-30 00:00:00+00:00, run_after=2024-07-01 00:00:00+00:00
[2024-09-11T01:51:54.553+0000] {processor.py:183} INFO - Processing /opt/airflow/dags/dag_with_postgres_operator.py took 0.213 seconds
[2024-09-11T01:52:24.963+0000] {processor.py:161} INFO - Started process (PID=5129) to work on /opt/airflow/dags/dag_with_postgres_operator.py
[2024-09-11T01:52:24.964+0000] {processor.py:830} INFO - Processing file /opt/airflow/dags/dag_with_postgres_operator.py for tasks to queue
[2024-09-11T01:52:24.966+0000] {logging_mixin.py:188} INFO - [2024-09-11T01:52:24.965+0000] {dagbag.py:545} INFO - Filling up the DagBag from /opt/airflow/dags/dag_with_postgres_operator.py
[2024-09-11T01:52:24.985+0000] {processor.py:840} INFO - DAG(s) 'dag_with_postgres_operator_v03' retrieved from /opt/airflow/dags/dag_with_postgres_operator.py
[2024-09-11T01:52:25.008+0000] {logging_mixin.py:188} INFO - [2024-09-11T01:52:25.008+0000] {dag.py:3096} INFO - Sync 1 DAGs
[2024-09-11T01:52:25.032+0000] {logging_mixin.py:188} INFO - [2024-09-11T01:52:25.032+0000] {dag.py:3954} INFO - Setting next_dagrun for dag_with_postgres_operator_v03 to 2024-06-30 00:00:00+00:00, run_after=2024-07-01 00:00:00+00:00
[2024-09-11T01:52:25.056+0000] {processor.py:183} INFO - Processing /opt/airflow/dags/dag_with_postgres_operator.py took 0.105 seconds
[2024-09-11T01:52:55.226+0000] {processor.py:161} INFO - Started process (PID=5705) to work on /opt/airflow/dags/dag_with_postgres_operator.py
[2024-09-11T01:52:55.227+0000] {processor.py:830} INFO - Processing file /opt/airflow/dags/dag_with_postgres_operator.py for tasks to queue
[2024-09-11T01:52:55.230+0000] {logging_mixin.py:188} INFO - [2024-09-11T01:52:55.230+0000] {dagbag.py:545} INFO - Filling up the DagBag from /opt/airflow/dags/dag_with_postgres_operator.py
[2024-09-11T01:52:55.252+0000] {processor.py:840} INFO - DAG(s) 'dag_with_postgres_operator_v03' retrieved from /opt/airflow/dags/dag_with_postgres_operator.py
[2024-09-11T01:52:55.281+0000] {logging_mixin.py:188} INFO - [2024-09-11T01:52:55.280+0000] {dag.py:3096} INFO - Sync 1 DAGs
[2024-09-11T01:52:55.311+0000] {logging_mixin.py:188} INFO - [2024-09-11T01:52:55.310+0000] {dag.py:3954} INFO - Setting next_dagrun for dag_with_postgres_operator_v03 to 2024-06-30 00:00:00+00:00, run_after=2024-07-01 00:00:00+00:00
[2024-09-11T01:52:55.337+0000] {processor.py:183} INFO - Processing /opt/airflow/dags/dag_with_postgres_operator.py took 0.123 seconds
[2024-09-11T01:53:25.413+0000] {processor.py:161} INFO - Started process (PID=6291) to work on /opt/airflow/dags/dag_with_postgres_operator.py
[2024-09-11T01:53:25.414+0000] {processor.py:830} INFO - Processing file /opt/airflow/dags/dag_with_postgres_operator.py for tasks to queue
[2024-09-11T01:53:25.416+0000] {logging_mixin.py:188} INFO - [2024-09-11T01:53:25.415+0000] {dagbag.py:545} INFO - Filling up the DagBag from /opt/airflow/dags/dag_with_postgres_operator.py
[2024-09-11T01:53:25.436+0000] {processor.py:840} INFO - DAG(s) 'dag_with_postgres_operator_v03' retrieved from /opt/airflow/dags/dag_with_postgres_operator.py
[2024-09-11T01:53:25.462+0000] {logging_mixin.py:188} INFO - [2024-09-11T01:53:25.461+0000] {dag.py:3096} INFO - Sync 1 DAGs
[2024-09-11T01:53:25.492+0000] {logging_mixin.py:188} INFO - [2024-09-11T01:53:25.491+0000] {dag.py:3954} INFO - Setting next_dagrun for dag_with_postgres_operator_v03 to 2024-06-30 00:00:00+00:00, run_after=2024-07-01 00:00:00+00:00
[2024-09-11T01:53:25.516+0000] {processor.py:183} INFO - Processing /opt/airflow/dags/dag_with_postgres_operator.py took 0.112 seconds
[2024-09-11T01:53:56.472+0000] {processor.py:161} INFO - Started process (PID=6933) to work on /opt/airflow/dags/dag_with_postgres_operator.py
[2024-09-11T01:53:56.473+0000] {processor.py:830} INFO - Processing file /opt/airflow/dags/dag_with_postgres_operator.py for tasks to queue
[2024-09-11T01:53:56.484+0000] {logging_mixin.py:188} INFO - [2024-09-11T01:53:56.476+0000] {dagbag.py:545} INFO - Filling up the DagBag from /opt/airflow/dags/dag_with_postgres_operator.py
[2024-09-11T01:53:56.525+0000] {processor.py:840} INFO - DAG(s) 'dag_with_postgres_operator_v03' retrieved from /opt/airflow/dags/dag_with_postgres_operator.py
[2024-09-11T01:53:56.565+0000] {logging_mixin.py:188} INFO - [2024-09-11T01:53:56.564+0000] {dag.py:3096} INFO - Sync 1 DAGs
[2024-09-11T01:53:56.617+0000] {logging_mixin.py:188} INFO - [2024-09-11T01:53:56.617+0000] {dag.py:3954} INFO - Setting next_dagrun for dag_with_postgres_operator_v03 to 2024-06-30 00:00:00+00:00, run_after=2024-07-01 00:00:00+00:00
[2024-09-11T01:53:56.647+0000] {processor.py:183} INFO - Processing /opt/airflow/dags/dag_with_postgres_operator.py took 0.191 seconds
[2024-09-11T01:54:27.357+0000] {processor.py:161} INFO - Started process (PID=7474) to work on /opt/airflow/dags/dag_with_postgres_operator.py
[2024-09-11T01:54:27.358+0000] {processor.py:830} INFO - Processing file /opt/airflow/dags/dag_with_postgres_operator.py for tasks to queue
[2024-09-11T01:54:27.359+0000] {logging_mixin.py:188} INFO - [2024-09-11T01:54:27.359+0000] {dagbag.py:545} INFO - Filling up the DagBag from /opt/airflow/dags/dag_with_postgres_operator.py
[2024-09-11T01:54:27.373+0000] {processor.py:840} INFO - DAG(s) 'dag_with_postgres_operator_v03' retrieved from /opt/airflow/dags/dag_with_postgres_operator.py
[2024-09-11T01:54:27.395+0000] {logging_mixin.py:188} INFO - [2024-09-11T01:54:27.394+0000] {dag.py:3096} INFO - Sync 1 DAGs
[2024-09-11T01:54:27.416+0000] {logging_mixin.py:188} INFO - [2024-09-11T01:54:27.416+0000] {dag.py:3954} INFO - Setting next_dagrun for dag_with_postgres_operator_v03 to 2024-06-30 00:00:00+00:00, run_after=2024-07-01 00:00:00+00:00
[2024-09-11T01:54:27.436+0000] {processor.py:183} INFO - Processing /opt/airflow/dags/dag_with_postgres_operator.py took 0.089 seconds
[2024-09-11T01:54:57.696+0000] {processor.py:161} INFO - Started process (PID=8183) to work on /opt/airflow/dags/dag_with_postgres_operator.py
[2024-09-11T01:54:57.697+0000] {processor.py:830} INFO - Processing file /opt/airflow/dags/dag_with_postgres_operator.py for tasks to queue
[2024-09-11T01:54:57.700+0000] {logging_mixin.py:188} INFO - [2024-09-11T01:54:57.699+0000] {dagbag.py:545} INFO - Filling up the DagBag from /opt/airflow/dags/dag_with_postgres_operator.py
[2024-09-11T01:54:57.723+0000] {processor.py:840} INFO - DAG(s) 'dag_with_postgres_operator_v03' retrieved from /opt/airflow/dags/dag_with_postgres_operator.py
[2024-09-11T01:54:57.757+0000] {logging_mixin.py:188} INFO - [2024-09-11T01:54:57.757+0000] {dag.py:3096} INFO - Sync 1 DAGs
[2024-09-11T01:54:57.790+0000] {logging_mixin.py:188} INFO - [2024-09-11T01:54:57.790+0000] {dag.py:3954} INFO - Setting next_dagrun for dag_with_postgres_operator_v03 to 2024-06-30 00:00:00+00:00, run_after=2024-07-01 00:00:00+00:00
[2024-09-11T01:54:57.815+0000] {processor.py:183} INFO - Processing /opt/airflow/dags/dag_with_postgres_operator.py took 0.139 seconds
[2024-09-11T01:55:27.874+0000] {processor.py:161} INFO - Started process (PID=8631) to work on /opt/airflow/dags/dag_with_postgres_operator.py
[2024-09-11T01:55:27.874+0000] {processor.py:830} INFO - Processing file /opt/airflow/dags/dag_with_postgres_operator.py for tasks to queue
[2024-09-11T01:55:27.875+0000] {logging_mixin.py:188} INFO - [2024-09-11T01:55:27.875+0000] {dagbag.py:545} INFO - Filling up the DagBag from /opt/airflow/dags/dag_with_postgres_operator.py
[2024-09-11T01:55:27.889+0000] {processor.py:840} INFO - DAG(s) 'dag_with_postgres_operator_v03' retrieved from /opt/airflow/dags/dag_with_postgres_operator.py
[2024-09-11T01:55:27.908+0000] {logging_mixin.py:188} INFO - [2024-09-11T01:55:27.908+0000] {dag.py:3096} INFO - Sync 1 DAGs
[2024-09-11T01:55:27.927+0000] {logging_mixin.py:188} INFO - [2024-09-11T01:55:27.927+0000] {dag.py:3954} INFO - Setting next_dagrun for dag_with_postgres_operator_v03 to 2024-06-30 00:00:00+00:00, run_after=2024-07-01 00:00:00+00:00
[2024-09-11T01:55:27.948+0000] {processor.py:183} INFO - Processing /opt/airflow/dags/dag_with_postgres_operator.py took 0.082 seconds
[2024-09-11T01:55:58.476+0000] {processor.py:161} INFO - Started process (PID=9104) to work on /opt/airflow/dags/dag_with_postgres_operator.py
[2024-09-11T01:55:58.477+0000] {processor.py:830} INFO - Processing file /opt/airflow/dags/dag_with_postgres_operator.py for tasks to queue
[2024-09-11T01:55:58.480+0000] {logging_mixin.py:188} INFO - [2024-09-11T01:55:58.480+0000] {dagbag.py:545} INFO - Filling up the DagBag from /opt/airflow/dags/dag_with_postgres_operator.py
[2024-09-11T01:55:58.506+0000] {processor.py:840} INFO - DAG(s) 'dag_with_postgres_operator_v03' retrieved from /opt/airflow/dags/dag_with_postgres_operator.py
[2024-09-11T01:55:58.533+0000] {logging_mixin.py:188} INFO - [2024-09-11T01:55:58.532+0000] {dag.py:3096} INFO - Sync 1 DAGs
[2024-09-11T01:55:58.574+0000] {logging_mixin.py:188} INFO - [2024-09-11T01:55:58.574+0000] {dag.py:3954} INFO - Setting next_dagrun for dag_with_postgres_operator_v03 to 2024-06-30 00:00:00+00:00, run_after=2024-07-01 00:00:00+00:00
[2024-09-11T01:55:58.605+0000] {processor.py:183} INFO - Processing /opt/airflow/dags/dag_with_postgres_operator.py took 0.145 seconds
[2024-09-11T01:56:29.512+0000] {processor.py:161} INFO - Started process (PID=9567) to work on /opt/airflow/dags/dag_with_postgres_operator.py
[2024-09-11T01:56:29.513+0000] {processor.py:830} INFO - Processing file /opt/airflow/dags/dag_with_postgres_operator.py for tasks to queue
[2024-09-11T01:56:29.514+0000] {logging_mixin.py:188} INFO - [2024-09-11T01:56:29.514+0000] {dagbag.py:545} INFO - Filling up the DagBag from /opt/airflow/dags/dag_with_postgres_operator.py
[2024-09-11T01:56:29.529+0000] {processor.py:840} INFO - DAG(s) 'dag_with_postgres_operator_v03' retrieved from /opt/airflow/dags/dag_with_postgres_operator.py
[2024-09-11T01:56:29.549+0000] {logging_mixin.py:188} INFO - [2024-09-11T01:56:29.549+0000] {dag.py:3096} INFO - Sync 1 DAGs
[2024-09-11T01:56:29.569+0000] {logging_mixin.py:188} INFO - [2024-09-11T01:56:29.569+0000] {dag.py:3954} INFO - Setting next_dagrun for dag_with_postgres_operator_v03 to 2024-06-30 00:00:00+00:00, run_after=2024-07-01 00:00:00+00:00
[2024-09-11T01:56:29.588+0000] {processor.py:183} INFO - Processing /opt/airflow/dags/dag_with_postgres_operator.py took 0.085 seconds
[2024-09-11T01:56:59.805+0000] {processor.py:161} INFO - Started process (PID=10052) to work on /opt/airflow/dags/dag_with_postgres_operator.py
[2024-09-11T01:56:59.806+0000] {processor.py:830} INFO - Processing file /opt/airflow/dags/dag_with_postgres_operator.py for tasks to queue
[2024-09-11T01:56:59.808+0000] {logging_mixin.py:188} INFO - [2024-09-11T01:56:59.807+0000] {dagbag.py:545} INFO - Filling up the DagBag from /opt/airflow/dags/dag_with_postgres_operator.py
[2024-09-11T01:56:59.829+0000] {processor.py:840} INFO - DAG(s) 'dag_with_postgres_operator_v03' retrieved from /opt/airflow/dags/dag_with_postgres_operator.py
[2024-09-11T01:56:59.862+0000] {logging_mixin.py:188} INFO - [2024-09-11T01:56:59.862+0000] {dag.py:3096} INFO - Sync 1 DAGs
[2024-09-11T01:56:59.897+0000] {logging_mixin.py:188} INFO - [2024-09-11T01:56:59.896+0000] {dag.py:3954} INFO - Setting next_dagrun for dag_with_postgres_operator_v03 to 2024-06-30 00:00:00+00:00, run_after=2024-07-01 00:00:00+00:00
[2024-09-11T01:56:59.927+0000] {processor.py:183} INFO - Processing /opt/airflow/dags/dag_with_postgres_operator.py took 0.135 seconds
[2024-09-11T01:57:30.338+0000] {processor.py:161} INFO - Started process (PID=10474) to work on /opt/airflow/dags/dag_with_postgres_operator.py
[2024-09-11T01:57:30.340+0000] {processor.py:830} INFO - Processing file /opt/airflow/dags/dag_with_postgres_operator.py for tasks to queue
[2024-09-11T01:57:30.342+0000] {logging_mixin.py:188} INFO - [2024-09-11T01:57:30.341+0000] {dagbag.py:545} INFO - Filling up the DagBag from /opt/airflow/dags/dag_with_postgres_operator.py
[2024-09-11T01:57:30.390+0000] {processor.py:840} INFO - DAG(s) 'dag_with_postgres_operator_v03' retrieved from /opt/airflow/dags/dag_with_postgres_operator.py
[2024-09-11T01:57:30.444+0000] {logging_mixin.py:188} INFO - [2024-09-11T01:57:30.444+0000] {dag.py:3096} INFO - Sync 1 DAGs
[2024-09-11T01:57:30.500+0000] {logging_mixin.py:188} INFO - [2024-09-11T01:57:30.499+0000] {dag.py:3954} INFO - Setting next_dagrun for dag_with_postgres_operator_v03 to 2024-06-30 00:00:00+00:00, run_after=2024-07-01 00:00:00+00:00
[2024-09-11T01:57:30.648+0000] {processor.py:183} INFO - Processing /opt/airflow/dags/dag_with_postgres_operator.py took 0.329 seconds
[2024-09-11T01:58:01.035+0000] {processor.py:161} INFO - Started process (PID=10936) to work on /opt/airflow/dags/dag_with_postgres_operator.py
[2024-09-11T01:58:01.036+0000] {processor.py:830} INFO - Processing file /opt/airflow/dags/dag_with_postgres_operator.py for tasks to queue
[2024-09-11T01:58:01.037+0000] {logging_mixin.py:188} INFO - [2024-09-11T01:58:01.037+0000] {dagbag.py:545} INFO - Filling up the DagBag from /opt/airflow/dags/dag_with_postgres_operator.py
[2024-09-11T01:58:01.058+0000] {processor.py:840} INFO - DAG(s) 'dag_with_postgres_operator_v03' retrieved from /opt/airflow/dags/dag_with_postgres_operator.py
[2024-09-11T01:58:01.087+0000] {logging_mixin.py:188} INFO - [2024-09-11T01:58:01.087+0000] {dag.py:3096} INFO - Sync 1 DAGs
[2024-09-11T01:58:01.117+0000] {logging_mixin.py:188} INFO - [2024-09-11T01:58:01.117+0000] {dag.py:3954} INFO - Setting next_dagrun for dag_with_postgres_operator_v03 to 2024-06-30 00:00:00+00:00, run_after=2024-07-01 00:00:00+00:00
[2024-09-11T01:58:01.146+0000] {processor.py:183} INFO - Processing /opt/airflow/dags/dag_with_postgres_operator.py took 0.127 seconds
[2024-09-11T01:58:31.579+0000] {processor.py:161} INFO - Started process (PID=11437) to work on /opt/airflow/dags/dag_with_postgres_operator.py
[2024-09-11T01:58:31.581+0000] {processor.py:830} INFO - Processing file /opt/airflow/dags/dag_with_postgres_operator.py for tasks to queue
[2024-09-11T01:58:31.582+0000] {logging_mixin.py:188} INFO - [2024-09-11T01:58:31.582+0000] {dagbag.py:545} INFO - Filling up the DagBag from /opt/airflow/dags/dag_with_postgres_operator.py
[2024-09-11T01:58:31.618+0000] {processor.py:840} INFO - DAG(s) 'dag_with_postgres_operator_v03' retrieved from /opt/airflow/dags/dag_with_postgres_operator.py
[2024-09-11T01:58:31.660+0000] {logging_mixin.py:188} INFO - [2024-09-11T01:58:31.660+0000] {dag.py:3096} INFO - Sync 1 DAGs
[2024-09-11T01:58:31.700+0000] {logging_mixin.py:188} INFO - [2024-09-11T01:58:31.700+0000] {dag.py:3954} INFO - Setting next_dagrun for dag_with_postgres_operator_v03 to 2024-06-30 00:00:00+00:00, run_after=2024-07-01 00:00:00+00:00
[2024-09-11T01:58:31.735+0000] {processor.py:183} INFO - Processing /opt/airflow/dags/dag_with_postgres_operator.py took 0.172 seconds
[2024-09-11T01:59:02.078+0000] {processor.py:161} INFO - Started process (PID=11893) to work on /opt/airflow/dags/dag_with_postgres_operator.py
[2024-09-11T01:59:02.079+0000] {processor.py:830} INFO - Processing file /opt/airflow/dags/dag_with_postgres_operator.py for tasks to queue
[2024-09-11T01:59:02.080+0000] {logging_mixin.py:188} INFO - [2024-09-11T01:59:02.080+0000] {dagbag.py:545} INFO - Filling up the DagBag from /opt/airflow/dags/dag_with_postgres_operator.py
[2024-09-11T01:59:02.117+0000] {processor.py:840} INFO - DAG(s) 'dag_with_postgres_operator_v03' retrieved from /opt/airflow/dags/dag_with_postgres_operator.py
[2024-09-11T01:59:02.152+0000] {logging_mixin.py:188} INFO - [2024-09-11T01:59:02.151+0000] {dag.py:3096} INFO - Sync 1 DAGs
[2024-09-11T01:59:02.197+0000] {logging_mixin.py:188} INFO - [2024-09-11T01:59:02.196+0000] {dag.py:3954} INFO - Setting next_dagrun for dag_with_postgres_operator_v03 to 2024-06-30 00:00:00+00:00, run_after=2024-07-01 00:00:00+00:00
[2024-09-11T01:59:02.255+0000] {processor.py:183} INFO - Processing /opt/airflow/dags/dag_with_postgres_operator.py took 0.193 seconds
[2024-09-11T01:59:33.259+0000] {processor.py:161} INFO - Started process (PID=12287) to work on /opt/airflow/dags/dag_with_postgres_operator.py
[2024-09-11T01:59:33.260+0000] {processor.py:830} INFO - Processing file /opt/airflow/dags/dag_with_postgres_operator.py for tasks to queue
[2024-09-11T01:59:33.261+0000] {logging_mixin.py:188} INFO - [2024-09-11T01:59:33.261+0000] {dagbag.py:545} INFO - Filling up the DagBag from /opt/airflow/dags/dag_with_postgres_operator.py
[2024-09-11T01:59:33.275+0000] {processor.py:840} INFO - DAG(s) 'dag_with_postgres_operator_v03' retrieved from /opt/airflow/dags/dag_with_postgres_operator.py
[2024-09-11T01:59:33.296+0000] {logging_mixin.py:188} INFO - [2024-09-11T01:59:33.295+0000] {dag.py:3096} INFO - Sync 1 DAGs
[2024-09-11T01:59:33.316+0000] {logging_mixin.py:188} INFO - [2024-09-11T01:59:33.315+0000] {dag.py:3954} INFO - Setting next_dagrun for dag_with_postgres_operator_v03 to 2024-06-30 00:00:00+00:00, run_after=2024-07-01 00:00:00+00:00
[2024-09-11T01:59:33.335+0000] {processor.py:183} INFO - Processing /opt/airflow/dags/dag_with_postgres_operator.py took 0.085 seconds
[2024-09-11T02:00:04.002+0000] {processor.py:161} INFO - Started process (PID=12922) to work on /opt/airflow/dags/dag_with_postgres_operator.py
[2024-09-11T02:00:04.003+0000] {processor.py:830} INFO - Processing file /opt/airflow/dags/dag_with_postgres_operator.py for tasks to queue
[2024-09-11T02:00:04.004+0000] {logging_mixin.py:188} INFO - [2024-09-11T02:00:04.003+0000] {dagbag.py:545} INFO - Filling up the DagBag from /opt/airflow/dags/dag_with_postgres_operator.py
[2024-09-11T02:00:04.024+0000] {processor.py:840} INFO - DAG(s) 'dag_with_postgres_operator_v03' retrieved from /opt/airflow/dags/dag_with_postgres_operator.py
[2024-09-11T02:00:04.052+0000] {logging_mixin.py:188} INFO - [2024-09-11T02:00:04.052+0000] {dag.py:3096} INFO - Sync 1 DAGs
[2024-09-11T02:00:04.081+0000] {logging_mixin.py:188} INFO - [2024-09-11T02:00:04.080+0000] {dag.py:3954} INFO - Setting next_dagrun for dag_with_postgres_operator_v03 to 2024-06-30 00:00:00+00:00, run_after=2024-07-01 00:00:00+00:00
[2024-09-11T02:00:04.103+0000] {processor.py:183} INFO - Processing /opt/airflow/dags/dag_with_postgres_operator.py took 0.115 seconds
[2024-09-11T02:00:34.867+0000] {processor.py:161} INFO - Started process (PID=12994) to work on /opt/airflow/dags/dag_with_postgres_operator.py
[2024-09-11T02:00:34.868+0000] {processor.py:830} INFO - Processing file /opt/airflow/dags/dag_with_postgres_operator.py for tasks to queue
[2024-09-11T02:00:34.868+0000] {logging_mixin.py:188} INFO - [2024-09-11T02:00:34.868+0000] {dagbag.py:545} INFO - Filling up the DagBag from /opt/airflow/dags/dag_with_postgres_operator.py
[2024-09-11T02:00:34.889+0000] {processor.py:840} INFO - DAG(s) 'dag_with_postgres_operator_v03' retrieved from /opt/airflow/dags/dag_with_postgres_operator.py
[2024-09-11T02:00:34.909+0000] {logging_mixin.py:188} INFO - [2024-09-11T02:00:34.909+0000] {dag.py:3096} INFO - Sync 1 DAGs
[2024-09-11T02:00:34.929+0000] {logging_mixin.py:188} INFO - [2024-09-11T02:00:34.928+0000] {dag.py:3954} INFO - Setting next_dagrun for dag_with_postgres_operator_v03 to 2024-06-30 00:00:00+00:00, run_after=2024-07-01 00:00:00+00:00
[2024-09-11T02:00:34.947+0000] {processor.py:183} INFO - Processing /opt/airflow/dags/dag_with_postgres_operator.py took 0.092 seconds
[2024-09-11T02:01:05.650+0000] {processor.py:161} INFO - Started process (PID=13055) to work on /opt/airflow/dags/dag_with_postgres_operator.py
[2024-09-11T02:01:05.651+0000] {processor.py:830} INFO - Processing file /opt/airflow/dags/dag_with_postgres_operator.py for tasks to queue
[2024-09-11T02:01:05.652+0000] {logging_mixin.py:188} INFO - [2024-09-11T02:01:05.652+0000] {dagbag.py:545} INFO - Filling up the DagBag from /opt/airflow/dags/dag_with_postgres_operator.py
[2024-09-11T02:01:05.670+0000] {processor.py:840} INFO - DAG(s) 'dag_with_postgres_operator_v03' retrieved from /opt/airflow/dags/dag_with_postgres_operator.py
[2024-09-11T02:01:05.693+0000] {logging_mixin.py:188} INFO - [2024-09-11T02:01:05.693+0000] {dag.py:3096} INFO - Sync 1 DAGs
[2024-09-11T02:01:05.713+0000] {logging_mixin.py:188} INFO - [2024-09-11T02:01:05.713+0000] {dag.py:3954} INFO - Setting next_dagrun for dag_with_postgres_operator_v03 to 2024-06-30 00:00:00+00:00, run_after=2024-07-01 00:00:00+00:00
[2024-09-11T02:01:05.734+0000] {processor.py:183} INFO - Processing /opt/airflow/dags/dag_with_postgres_operator.py took 0.093 seconds
[2024-09-11T02:01:35.877+0000] {processor.py:161} INFO - Started process (PID=13306) to work on /opt/airflow/dags/dag_with_postgres_operator.py
[2024-09-11T02:01:35.878+0000] {processor.py:830} INFO - Processing file /opt/airflow/dags/dag_with_postgres_operator.py for tasks to queue
[2024-09-11T02:01:35.879+0000] {logging_mixin.py:188} INFO - [2024-09-11T02:01:35.879+0000] {dagbag.py:545} INFO - Filling up the DagBag from /opt/airflow/dags/dag_with_postgres_operator.py
[2024-09-11T02:01:35.902+0000] {processor.py:840} INFO - DAG(s) 'dag_with_postgres_operator_v03' retrieved from /opt/airflow/dags/dag_with_postgres_operator.py
[2024-09-11T02:01:35.931+0000] {logging_mixin.py:188} INFO - [2024-09-11T02:01:35.930+0000] {dag.py:3096} INFO - Sync 1 DAGs
[2024-09-11T02:01:35.963+0000] {logging_mixin.py:188} INFO - [2024-09-11T02:01:35.963+0000] {dag.py:3954} INFO - Setting next_dagrun for dag_with_postgres_operator_v03 to 2024-06-30 00:00:00+00:00, run_after=2024-07-01 00:00:00+00:00
[2024-09-11T02:01:35.990+0000] {processor.py:183} INFO - Processing /opt/airflow/dags/dag_with_postgres_operator.py took 0.128 seconds
[2024-09-11T02:02:06.065+0000] {processor.py:161} INFO - Started process (PID=13615) to work on /opt/airflow/dags/dag_with_postgres_operator.py
[2024-09-11T02:02:06.066+0000] {processor.py:830} INFO - Processing file /opt/airflow/dags/dag_with_postgres_operator.py for tasks to queue
[2024-09-11T02:02:06.067+0000] {logging_mixin.py:188} INFO - [2024-09-11T02:02:06.067+0000] {dagbag.py:545} INFO - Filling up the DagBag from /opt/airflow/dags/dag_with_postgres_operator.py
[2024-09-11T02:02:06.080+0000] {processor.py:840} INFO - DAG(s) 'dag_with_postgres_operator_v03' retrieved from /opt/airflow/dags/dag_with_postgres_operator.py
[2024-09-11T02:02:06.100+0000] {logging_mixin.py:188} INFO - [2024-09-11T02:02:06.099+0000] {dag.py:3096} INFO - Sync 1 DAGs
[2024-09-11T02:02:06.118+0000] {logging_mixin.py:188} INFO - [2024-09-11T02:02:06.118+0000] {dag.py:3954} INFO - Setting next_dagrun for dag_with_postgres_operator_v03 to 2024-06-30 00:00:00+00:00, run_after=2024-07-01 00:00:00+00:00
[2024-09-11T02:02:06.136+0000] {processor.py:183} INFO - Processing /opt/airflow/dags/dag_with_postgres_operator.py took 0.079 seconds
[2024-09-11T02:02:36.786+0000] {processor.py:161} INFO - Started process (PID=13676) to work on /opt/airflow/dags/dag_with_postgres_operator.py
[2024-09-11T02:02:36.787+0000] {processor.py:830} INFO - Processing file /opt/airflow/dags/dag_with_postgres_operator.py for tasks to queue
[2024-09-11T02:02:36.787+0000] {logging_mixin.py:188} INFO - [2024-09-11T02:02:36.787+0000] {dagbag.py:545} INFO - Filling up the DagBag from /opt/airflow/dags/dag_with_postgres_operator.py
[2024-09-11T02:02:36.801+0000] {processor.py:840} INFO - DAG(s) 'dag_with_postgres_operator_v03' retrieved from /opt/airflow/dags/dag_with_postgres_operator.py
[2024-09-11T02:02:36.820+0000] {logging_mixin.py:188} INFO - [2024-09-11T02:02:36.820+0000] {dag.py:3096} INFO - Sync 1 DAGs
[2024-09-11T02:02:36.838+0000] {logging_mixin.py:188} INFO - [2024-09-11T02:02:36.838+0000] {dag.py:3954} INFO - Setting next_dagrun for dag_with_postgres_operator_v03 to 2024-06-30 00:00:00+00:00, run_after=2024-07-01 00:00:00+00:00
[2024-09-11T02:02:36.858+0000] {processor.py:183} INFO - Processing /opt/airflow/dags/dag_with_postgres_operator.py took 0.080 seconds
[2024-09-11T02:03:07.509+0000] {processor.py:161} INFO - Started process (PID=13737) to work on /opt/airflow/dags/dag_with_postgres_operator.py
[2024-09-11T02:03:07.509+0000] {processor.py:830} INFO - Processing file /opt/airflow/dags/dag_with_postgres_operator.py for tasks to queue
[2024-09-11T02:03:07.510+0000] {logging_mixin.py:188} INFO - [2024-09-11T02:03:07.510+0000] {dagbag.py:545} INFO - Filling up the DagBag from /opt/airflow/dags/dag_with_postgres_operator.py
[2024-09-11T02:03:07.527+0000] {processor.py:840} INFO - DAG(s) 'dag_with_postgres_operator_v03' retrieved from /opt/airflow/dags/dag_with_postgres_operator.py
[2024-09-11T02:03:07.549+0000] {logging_mixin.py:188} INFO - [2024-09-11T02:03:07.548+0000] {dag.py:3096} INFO - Sync 1 DAGs
[2024-09-11T02:03:07.576+0000] {logging_mixin.py:188} INFO - [2024-09-11T02:03:07.576+0000] {dag.py:3954} INFO - Setting next_dagrun for dag_with_postgres_operator_v03 to 2024-06-30 00:00:00+00:00, run_after=2024-07-01 00:00:00+00:00
[2024-09-11T02:03:07.597+0000] {processor.py:183} INFO - Processing /opt/airflow/dags/dag_with_postgres_operator.py took 0.099 seconds
[2024-09-11T02:03:38.213+0000] {processor.py:161} INFO - Started process (PID=13798) to work on /opt/airflow/dags/dag_with_postgres_operator.py
[2024-09-11T02:03:38.214+0000] {processor.py:830} INFO - Processing file /opt/airflow/dags/dag_with_postgres_operator.py for tasks to queue
[2024-09-11T02:03:38.214+0000] {logging_mixin.py:188} INFO - [2024-09-11T02:03:38.214+0000] {dagbag.py:545} INFO - Filling up the DagBag from /opt/airflow/dags/dag_with_postgres_operator.py
[2024-09-11T02:03:38.228+0000] {processor.py:840} INFO - DAG(s) 'dag_with_postgres_operator_v03' retrieved from /opt/airflow/dags/dag_with_postgres_operator.py
[2024-09-11T02:03:38.247+0000] {logging_mixin.py:188} INFO - [2024-09-11T02:03:38.246+0000] {dag.py:3096} INFO - Sync 1 DAGs
[2024-09-11T02:03:38.265+0000] {logging_mixin.py:188} INFO - [2024-09-11T02:03:38.265+0000] {dag.py:3954} INFO - Setting next_dagrun for dag_with_postgres_operator_v03 to 2024-06-30 00:00:00+00:00, run_after=2024-07-01 00:00:00+00:00
[2024-09-11T02:03:38.285+0000] {processor.py:183} INFO - Processing /opt/airflow/dags/dag_with_postgres_operator.py took 0.080 seconds
[2024-09-11T02:04:09.015+0000] {processor.py:161} INFO - Started process (PID=13865) to work on /opt/airflow/dags/dag_with_postgres_operator.py
[2024-09-11T02:04:09.016+0000] {processor.py:830} INFO - Processing file /opt/airflow/dags/dag_with_postgres_operator.py for tasks to queue
[2024-09-11T02:04:09.017+0000] {logging_mixin.py:188} INFO - [2024-09-11T02:04:09.016+0000] {dagbag.py:545} INFO - Filling up the DagBag from /opt/airflow/dags/dag_with_postgres_operator.py
[2024-09-11T02:04:09.031+0000] {processor.py:840} INFO - DAG(s) 'dag_with_postgres_operator_v03' retrieved from /opt/airflow/dags/dag_with_postgres_operator.py
[2024-09-11T02:04:09.052+0000] {logging_mixin.py:188} INFO - [2024-09-11T02:04:09.052+0000] {dag.py:3096} INFO - Sync 1 DAGs
[2024-09-11T02:04:09.074+0000] {logging_mixin.py:188} INFO - [2024-09-11T02:04:09.073+0000] {dag.py:3954} INFO - Setting next_dagrun for dag_with_postgres_operator_v03 to 2024-06-30 00:00:00+00:00, run_after=2024-07-01 00:00:00+00:00
[2024-09-11T02:04:09.097+0000] {processor.py:183} INFO - Processing /opt/airflow/dags/dag_with_postgres_operator.py took 0.091 seconds
[2024-09-11T02:04:39.676+0000] {processor.py:161} INFO - Started process (PID=13926) to work on /opt/airflow/dags/dag_with_postgres_operator.py
[2024-09-11T02:04:39.677+0000] {processor.py:830} INFO - Processing file /opt/airflow/dags/dag_with_postgres_operator.py for tasks to queue
[2024-09-11T02:04:39.677+0000] {logging_mixin.py:188} INFO - [2024-09-11T02:04:39.677+0000] {dagbag.py:545} INFO - Filling up the DagBag from /opt/airflow/dags/dag_with_postgres_operator.py
[2024-09-11T02:04:39.691+0000] {processor.py:840} INFO - DAG(s) 'dag_with_postgres_operator_v03' retrieved from /opt/airflow/dags/dag_with_postgres_operator.py
[2024-09-11T02:04:39.710+0000] {logging_mixin.py:188} INFO - [2024-09-11T02:04:39.709+0000] {dag.py:3096} INFO - Sync 1 DAGs
[2024-09-11T02:04:39.728+0000] {logging_mixin.py:188} INFO - [2024-09-11T02:04:39.728+0000] {dag.py:3954} INFO - Setting next_dagrun for dag_with_postgres_operator_v03 to 2024-06-30 00:00:00+00:00, run_after=2024-07-01 00:00:00+00:00
[2024-09-11T02:04:39.746+0000] {processor.py:183} INFO - Processing /opt/airflow/dags/dag_with_postgres_operator.py took 0.078 seconds
[2024-09-11T02:05:10.410+0000] {processor.py:161} INFO - Started process (PID=13987) to work on /opt/airflow/dags/dag_with_postgres_operator.py
[2024-09-11T02:05:10.412+0000] {processor.py:830} INFO - Processing file /opt/airflow/dags/dag_with_postgres_operator.py for tasks to queue
[2024-09-11T02:05:10.413+0000] {logging_mixin.py:188} INFO - [2024-09-11T02:05:10.413+0000] {dagbag.py:545} INFO - Filling up the DagBag from /opt/airflow/dags/dag_with_postgres_operator.py
[2024-09-11T02:05:10.427+0000] {processor.py:840} INFO - DAG(s) 'dag_with_postgres_operator_v03' retrieved from /opt/airflow/dags/dag_with_postgres_operator.py
[2024-09-11T02:05:10.446+0000] {logging_mixin.py:188} INFO - [2024-09-11T02:05:10.446+0000] {dag.py:3096} INFO - Sync 1 DAGs
[2024-09-11T02:05:10.464+0000] {logging_mixin.py:188} INFO - [2024-09-11T02:05:10.464+0000] {dag.py:3954} INFO - Setting next_dagrun for dag_with_postgres_operator_v03 to 2024-06-30 00:00:00+00:00, run_after=2024-07-01 00:00:00+00:00
[2024-09-11T02:05:10.480+0000] {processor.py:183} INFO - Processing /opt/airflow/dags/dag_with_postgres_operator.py took 0.078 seconds
[2024-09-11T02:05:41.043+0000] {processor.py:161} INFO - Started process (PID=14043) to work on /opt/airflow/dags/dag_with_postgres_operator.py
[2024-09-11T02:05:41.044+0000] {processor.py:830} INFO - Processing file /opt/airflow/dags/dag_with_postgres_operator.py for tasks to queue
[2024-09-11T02:05:41.045+0000] {logging_mixin.py:188} INFO - [2024-09-11T02:05:41.045+0000] {dagbag.py:545} INFO - Filling up the DagBag from /opt/airflow/dags/dag_with_postgres_operator.py
[2024-09-11T02:05:41.061+0000] {processor.py:840} INFO - DAG(s) 'dag_with_postgres_operator_v03' retrieved from /opt/airflow/dags/dag_with_postgres_operator.py
[2024-09-11T02:05:41.082+0000] {logging_mixin.py:188} INFO - [2024-09-11T02:05:41.082+0000] {dag.py:3096} INFO - Sync 1 DAGs
[2024-09-11T02:05:41.104+0000] {logging_mixin.py:188} INFO - [2024-09-11T02:05:41.104+0000] {dag.py:3954} INFO - Setting next_dagrun for dag_with_postgres_operator_v03 to 2024-06-30 00:00:00+00:00, run_after=2024-07-01 00:00:00+00:00
[2024-09-11T02:05:41.123+0000] {processor.py:183} INFO - Processing /opt/airflow/dags/dag_with_postgres_operator.py took 0.089 seconds
[2024-09-11T02:06:12.010+0000] {processor.py:161} INFO - Started process (PID=14126) to work on /opt/airflow/dags/dag_with_postgres_operator.py
[2024-09-11T02:06:12.011+0000] {processor.py:830} INFO - Processing file /opt/airflow/dags/dag_with_postgres_operator.py for tasks to queue
[2024-09-11T02:06:12.015+0000] {logging_mixin.py:188} INFO - [2024-09-11T02:06:12.014+0000] {dagbag.py:545} INFO - Filling up the DagBag from /opt/airflow/dags/dag_with_postgres_operator.py
[2024-09-11T02:06:12.046+0000] {processor.py:840} INFO - DAG(s) 'dag_with_postgres_operator_v03' retrieved from /opt/airflow/dags/dag_with_postgres_operator.py
[2024-09-11T02:06:12.081+0000] {logging_mixin.py:188} INFO - [2024-09-11T02:06:12.081+0000] {dag.py:3096} INFO - Sync 1 DAGs
[2024-09-11T02:06:12.119+0000] {logging_mixin.py:188} INFO - [2024-09-11T02:06:12.119+0000] {dag.py:3954} INFO - Setting next_dagrun for dag_with_postgres_operator_v03 to 2024-06-30 00:00:00+00:00, run_after=2024-07-01 00:00:00+00:00
[2024-09-11T02:06:12.150+0000] {processor.py:183} INFO - Processing /opt/airflow/dags/dag_with_postgres_operator.py took 0.164 seconds
[2024-09-11T02:06:42.324+0000] {processor.py:161} INFO - Started process (PID=14431) to work on /opt/airflow/dags/dag_with_postgres_operator.py
[2024-09-11T02:06:42.326+0000] {processor.py:830} INFO - Processing file /opt/airflow/dags/dag_with_postgres_operator.py for tasks to queue
[2024-09-11T02:06:42.328+0000] {logging_mixin.py:188} INFO - [2024-09-11T02:06:42.328+0000] {dagbag.py:545} INFO - Filling up the DagBag from /opt/airflow/dags/dag_with_postgres_operator.py
[2024-09-11T02:06:42.372+0000] {processor.py:840} INFO - DAG(s) 'dag_with_postgres_operator_v03' retrieved from /opt/airflow/dags/dag_with_postgres_operator.py
[2024-09-11T02:06:42.445+0000] {logging_mixin.py:188} INFO - [2024-09-11T02:06:42.444+0000] {dag.py:3096} INFO - Sync 1 DAGs
[2024-09-11T02:06:42.518+0000] {logging_mixin.py:188} INFO - [2024-09-11T02:06:42.518+0000] {dag.py:3954} INFO - Setting next_dagrun for dag_with_postgres_operator_v03 to 2024-06-30 00:00:00+00:00, run_after=2024-07-01 00:00:00+00:00
[2024-09-11T02:06:42.615+0000] {processor.py:183} INFO - Processing /opt/airflow/dags/dag_with_postgres_operator.py took 0.306 seconds
[2024-09-11T02:07:13.037+0000] {processor.py:161} INFO - Started process (PID=14649) to work on /opt/airflow/dags/dag_with_postgres_operator.py
[2024-09-11T02:07:13.038+0000] {processor.py:830} INFO - Processing file /opt/airflow/dags/dag_with_postgres_operator.py for tasks to queue
[2024-09-11T02:07:13.039+0000] {logging_mixin.py:188} INFO - [2024-09-11T02:07:13.038+0000] {dagbag.py:545} INFO - Filling up the DagBag from /opt/airflow/dags/dag_with_postgres_operator.py
[2024-09-11T02:07:13.052+0000] {processor.py:840} INFO - DAG(s) 'dag_with_postgres_operator_v03' retrieved from /opt/airflow/dags/dag_with_postgres_operator.py
[2024-09-11T02:07:13.072+0000] {logging_mixin.py:188} INFO - [2024-09-11T02:07:13.071+0000] {dag.py:3096} INFO - Sync 1 DAGs
[2024-09-11T02:07:13.091+0000] {logging_mixin.py:188} INFO - [2024-09-11T02:07:13.091+0000] {dag.py:3954} INFO - Setting next_dagrun for dag_with_postgres_operator_v03 to 2024-06-30 00:00:00+00:00, run_after=2024-07-01 00:00:00+00:00
[2024-09-11T02:07:13.109+0000] {processor.py:183} INFO - Processing /opt/airflow/dags/dag_with_postgres_operator.py took 0.080 seconds
[2024-09-11T02:07:43.724+0000] {processor.py:161} INFO - Started process (PID=14705) to work on /opt/airflow/dags/dag_with_postgres_operator.py
[2024-09-11T02:07:43.725+0000] {processor.py:830} INFO - Processing file /opt/airflow/dags/dag_with_postgres_operator.py for tasks to queue
[2024-09-11T02:07:43.726+0000] {logging_mixin.py:188} INFO - [2024-09-11T02:07:43.725+0000] {dagbag.py:545} INFO - Filling up the DagBag from /opt/airflow/dags/dag_with_postgres_operator.py
[2024-09-11T02:07:43.741+0000] {processor.py:840} INFO - DAG(s) 'dag_with_postgres_operator_v03' retrieved from /opt/airflow/dags/dag_with_postgres_operator.py
[2024-09-11T02:07:43.760+0000] {logging_mixin.py:188} INFO - [2024-09-11T02:07:43.760+0000] {dag.py:3096} INFO - Sync 1 DAGs
[2024-09-11T02:07:43.778+0000] {logging_mixin.py:188} INFO - [2024-09-11T02:07:43.778+0000] {dag.py:3954} INFO - Setting next_dagrun for dag_with_postgres_operator_v03 to 2024-06-30 00:00:00+00:00, run_after=2024-07-01 00:00:00+00:00
[2024-09-11T02:07:43.797+0000] {processor.py:183} INFO - Processing /opt/airflow/dags/dag_with_postgres_operator.py took 0.083 seconds
[2024-09-11T02:08:14.463+0000] {processor.py:161} INFO - Started process (PID=14761) to work on /opt/airflow/dags/dag_with_postgres_operator.py
[2024-09-11T02:08:14.464+0000] {processor.py:830} INFO - Processing file /opt/airflow/dags/dag_with_postgres_operator.py for tasks to queue
[2024-09-11T02:08:14.465+0000] {logging_mixin.py:188} INFO - [2024-09-11T02:08:14.465+0000] {dagbag.py:545} INFO - Filling up the DagBag from /opt/airflow/dags/dag_with_postgres_operator.py
[2024-09-11T02:08:14.479+0000] {processor.py:840} INFO - DAG(s) 'dag_with_postgres_operator_v03' retrieved from /opt/airflow/dags/dag_with_postgres_operator.py
[2024-09-11T02:08:14.500+0000] {logging_mixin.py:188} INFO - [2024-09-11T02:08:14.500+0000] {dag.py:3096} INFO - Sync 1 DAGs
[2024-09-11T02:08:14.520+0000] {logging_mixin.py:188} INFO - [2024-09-11T02:08:14.520+0000] {dag.py:3954} INFO - Setting next_dagrun for dag_with_postgres_operator_v03 to 2024-06-30 00:00:00+00:00, run_after=2024-07-01 00:00:00+00:00
[2024-09-11T02:08:14.539+0000] {processor.py:183} INFO - Processing /opt/airflow/dags/dag_with_postgres_operator.py took 0.084 seconds
[2024-09-11T02:08:45.141+0000] {processor.py:161} INFO - Started process (PID=14817) to work on /opt/airflow/dags/dag_with_postgres_operator.py
[2024-09-11T02:08:45.142+0000] {processor.py:830} INFO - Processing file /opt/airflow/dags/dag_with_postgres_operator.py for tasks to queue
[2024-09-11T02:08:45.143+0000] {logging_mixin.py:188} INFO - [2024-09-11T02:08:45.143+0000] {dagbag.py:545} INFO - Filling up the DagBag from /opt/airflow/dags/dag_with_postgres_operator.py
[2024-09-11T02:08:45.157+0000] {processor.py:840} INFO - DAG(s) 'dag_with_postgres_operator_v03' retrieved from /opt/airflow/dags/dag_with_postgres_operator.py
[2024-09-11T02:08:45.177+0000] {logging_mixin.py:188} INFO - [2024-09-11T02:08:45.177+0000] {dag.py:3096} INFO - Sync 1 DAGs
[2024-09-11T02:08:45.200+0000] {logging_mixin.py:188} INFO - [2024-09-11T02:08:45.199+0000] {dag.py:3954} INFO - Setting next_dagrun for dag_with_postgres_operator_v03 to 2024-06-30 00:00:00+00:00, run_after=2024-07-01 00:00:00+00:00
[2024-09-11T02:08:45.223+0000] {processor.py:183} INFO - Processing /opt/airflow/dags/dag_with_postgres_operator.py took 0.090 seconds
[2024-09-11T02:09:15.827+0000] {processor.py:161} INFO - Started process (PID=14873) to work on /opt/airflow/dags/dag_with_postgres_operator.py
[2024-09-11T02:09:15.828+0000] {processor.py:830} INFO - Processing file /opt/airflow/dags/dag_with_postgres_operator.py for tasks to queue
[2024-09-11T02:09:15.828+0000] {logging_mixin.py:188} INFO - [2024-09-11T02:09:15.828+0000] {dagbag.py:545} INFO - Filling up the DagBag from /opt/airflow/dags/dag_with_postgres_operator.py
[2024-09-11T02:09:15.842+0000] {processor.py:840} INFO - DAG(s) 'dag_with_postgres_operator_v03' retrieved from /opt/airflow/dags/dag_with_postgres_operator.py
[2024-09-11T02:09:15.860+0000] {logging_mixin.py:188} INFO - [2024-09-11T02:09:15.860+0000] {dag.py:3096} INFO - Sync 1 DAGs
[2024-09-11T02:09:15.880+0000] {logging_mixin.py:188} INFO - [2024-09-11T02:09:15.880+0000] {dag.py:3954} INFO - Setting next_dagrun for dag_with_postgres_operator_v03 to 2024-06-30 00:00:00+00:00, run_after=2024-07-01 00:00:00+00:00
[2024-09-11T02:09:15.898+0000] {processor.py:183} INFO - Processing /opt/airflow/dags/dag_with_postgres_operator.py took 0.082 seconds
[2024-09-11T02:09:46.033+0000] {processor.py:161} INFO - Started process (PID=14934) to work on /opt/airflow/dags/dag_with_postgres_operator.py
[2024-09-11T02:09:46.034+0000] {processor.py:830} INFO - Processing file /opt/airflow/dags/dag_with_postgres_operator.py for tasks to queue
[2024-09-11T02:09:46.035+0000] {logging_mixin.py:188} INFO - [2024-09-11T02:09:46.035+0000] {dagbag.py:545} INFO - Filling up the DagBag from /opt/airflow/dags/dag_with_postgres_operator.py
[2024-09-11T02:09:46.048+0000] {processor.py:840} INFO - DAG(s) 'dag_with_postgres_operator_v03' retrieved from /opt/airflow/dags/dag_with_postgres_operator.py
[2024-09-11T02:09:46.067+0000] {logging_mixin.py:188} INFO - [2024-09-11T02:09:46.067+0000] {dag.py:3096} INFO - Sync 1 DAGs
[2024-09-11T02:09:46.086+0000] {logging_mixin.py:188} INFO - [2024-09-11T02:09:46.086+0000] {dag.py:3954} INFO - Setting next_dagrun for dag_with_postgres_operator_v03 to 2024-06-30 00:00:00+00:00, run_after=2024-07-01 00:00:00+00:00
[2024-09-11T02:09:46.104+0000] {processor.py:183} INFO - Processing /opt/airflow/dags/dag_with_postgres_operator.py took 0.079 seconds
[2024-09-11T02:10:16.689+0000] {processor.py:161} INFO - Started process (PID=14975) to work on /opt/airflow/dags/dag_with_postgres_operator.py
[2024-09-11T02:10:16.690+0000] {processor.py:830} INFO - Processing file /opt/airflow/dags/dag_with_postgres_operator.py for tasks to queue
[2024-09-11T02:10:16.691+0000] {logging_mixin.py:188} INFO - [2024-09-11T02:10:16.691+0000] {dagbag.py:545} INFO - Filling up the DagBag from /opt/airflow/dags/dag_with_postgres_operator.py
[2024-09-11T02:10:16.707+0000] {processor.py:840} INFO - DAG(s) 'dag_with_postgres_operator_v03' retrieved from /opt/airflow/dags/dag_with_postgres_operator.py
[2024-09-11T02:10:16.728+0000] {logging_mixin.py:188} INFO - [2024-09-11T02:10:16.728+0000] {dag.py:3096} INFO - Sync 1 DAGs
[2024-09-11T02:10:16.749+0000] {logging_mixin.py:188} INFO - [2024-09-11T02:10:16.749+0000] {dag.py:3954} INFO - Setting next_dagrun for dag_with_postgres_operator_v03 to 2024-06-30 00:00:00+00:00, run_after=2024-07-01 00:00:00+00:00
[2024-09-11T02:10:16.769+0000] {processor.py:183} INFO - Processing /opt/airflow/dags/dag_with_postgres_operator.py took 0.089 seconds
[2024-09-11T02:10:47.211+0000] {processor.py:161} INFO - Started process (PID=15011) to work on /opt/airflow/dags/dag_with_postgres_operator.py
[2024-09-11T02:10:47.212+0000] {processor.py:830} INFO - Processing file /opt/airflow/dags/dag_with_postgres_operator.py for tasks to queue
[2024-09-11T02:10:47.213+0000] {logging_mixin.py:188} INFO - [2024-09-11T02:10:47.212+0000] {dagbag.py:545} INFO - Filling up the DagBag from /opt/airflow/dags/dag_with_postgres_operator.py
[2024-09-11T02:10:47.230+0000] {processor.py:840} INFO - DAG(s) 'dag_with_postgres_operator_v03' retrieved from /opt/airflow/dags/dag_with_postgres_operator.py
[2024-09-11T02:10:47.249+0000] {logging_mixin.py:188} INFO - [2024-09-11T02:10:47.249+0000] {dag.py:3096} INFO - Sync 1 DAGs
[2024-09-11T02:10:47.270+0000] {logging_mixin.py:188} INFO - [2024-09-11T02:10:47.269+0000] {dag.py:3954} INFO - Setting next_dagrun for dag_with_postgres_operator_v03 to 2024-06-30 00:00:00+00:00, run_after=2024-07-01 00:00:00+00:00
[2024-09-11T02:10:47.289+0000] {processor.py:183} INFO - Processing /opt/airflow/dags/dag_with_postgres_operator.py took 0.087 seconds
[2024-09-11T02:11:17.749+0000] {processor.py:161} INFO - Started process (PID=15047) to work on /opt/airflow/dags/dag_with_postgres_operator.py
[2024-09-11T02:11:17.750+0000] {processor.py:830} INFO - Processing file /opt/airflow/dags/dag_with_postgres_operator.py for tasks to queue
[2024-09-11T02:11:17.751+0000] {logging_mixin.py:188} INFO - [2024-09-11T02:11:17.750+0000] {dagbag.py:545} INFO - Filling up the DagBag from /opt/airflow/dags/dag_with_postgres_operator.py
[2024-09-11T02:11:17.767+0000] {processor.py:840} INFO - DAG(s) 'dag_with_postgres_operator_v03' retrieved from /opt/airflow/dags/dag_with_postgres_operator.py
[2024-09-11T02:11:17.790+0000] {logging_mixin.py:188} INFO - [2024-09-11T02:11:17.789+0000] {dag.py:3096} INFO - Sync 1 DAGs
[2024-09-11T02:11:17.812+0000] {logging_mixin.py:188} INFO - [2024-09-11T02:11:17.811+0000] {dag.py:3954} INFO - Setting next_dagrun for dag_with_postgres_operator_v03 to 2024-06-30 00:00:00+00:00, run_after=2024-07-01 00:00:00+00:00
[2024-09-11T02:11:17.835+0000] {processor.py:183} INFO - Processing /opt/airflow/dags/dag_with_postgres_operator.py took 0.095 seconds
[2024-09-11T02:11:48.334+0000] {processor.py:161} INFO - Started process (PID=15083) to work on /opt/airflow/dags/dag_with_postgres_operator.py
[2024-09-11T02:11:48.335+0000] {processor.py:830} INFO - Processing file /opt/airflow/dags/dag_with_postgres_operator.py for tasks to queue
[2024-09-11T02:11:48.336+0000] {logging_mixin.py:188} INFO - [2024-09-11T02:11:48.336+0000] {dagbag.py:545} INFO - Filling up the DagBag from /opt/airflow/dags/dag_with_postgres_operator.py
[2024-09-11T02:11:48.353+0000] {processor.py:840} INFO - DAG(s) 'dag_with_postgres_operator_v03' retrieved from /opt/airflow/dags/dag_with_postgres_operator.py
[2024-09-11T02:11:48.378+0000] {logging_mixin.py:188} INFO - [2024-09-11T02:11:48.378+0000] {dag.py:3096} INFO - Sync 1 DAGs
[2024-09-11T02:11:48.401+0000] {logging_mixin.py:188} INFO - [2024-09-11T02:11:48.401+0000] {dag.py:3954} INFO - Setting next_dagrun for dag_with_postgres_operator_v03 to 2024-06-30 00:00:00+00:00, run_after=2024-07-01 00:00:00+00:00
[2024-09-11T02:11:48.429+0000] {processor.py:183} INFO - Processing /opt/airflow/dags/dag_with_postgres_operator.py took 0.105 seconds
[2024-09-11T02:12:19.050+0000] {processor.py:161} INFO - Started process (PID=15119) to work on /opt/airflow/dags/dag_with_postgres_operator.py
[2024-09-11T02:12:19.051+0000] {processor.py:830} INFO - Processing file /opt/airflow/dags/dag_with_postgres_operator.py for tasks to queue
[2024-09-11T02:12:19.052+0000] {logging_mixin.py:188} INFO - [2024-09-11T02:12:19.052+0000] {dagbag.py:545} INFO - Filling up the DagBag from /opt/airflow/dags/dag_with_postgres_operator.py
[2024-09-11T02:12:19.067+0000] {processor.py:840} INFO - DAG(s) 'dag_with_postgres_operator_v03' retrieved from /opt/airflow/dags/dag_with_postgres_operator.py
[2024-09-11T02:12:19.090+0000] {logging_mixin.py:188} INFO - [2024-09-11T02:12:19.090+0000] {dag.py:3096} INFO - Sync 1 DAGs
[2024-09-11T02:12:19.113+0000] {logging_mixin.py:188} INFO - [2024-09-11T02:12:19.112+0000] {dag.py:3954} INFO - Setting next_dagrun for dag_with_postgres_operator_v03 to 2024-06-30 00:00:00+00:00, run_after=2024-07-01 00:00:00+00:00
[2024-09-11T02:12:19.134+0000] {processor.py:183} INFO - Processing /opt/airflow/dags/dag_with_postgres_operator.py took 0.093 seconds
[2024-09-11T02:12:49.612+0000] {processor.py:161} INFO - Started process (PID=15155) to work on /opt/airflow/dags/dag_with_postgres_operator.py
[2024-09-11T02:12:49.613+0000] {processor.py:830} INFO - Processing file /opt/airflow/dags/dag_with_postgres_operator.py for tasks to queue
[2024-09-11T02:12:49.614+0000] {logging_mixin.py:188} INFO - [2024-09-11T02:12:49.613+0000] {dagbag.py:545} INFO - Filling up the DagBag from /opt/airflow/dags/dag_with_postgres_operator.py
[2024-09-11T02:12:49.629+0000] {processor.py:840} INFO - DAG(s) 'dag_with_postgres_operator_v03' retrieved from /opt/airflow/dags/dag_with_postgres_operator.py
[2024-09-11T02:12:49.652+0000] {logging_mixin.py:188} INFO - [2024-09-11T02:12:49.651+0000] {dag.py:3096} INFO - Sync 1 DAGs
[2024-09-11T02:12:49.677+0000] {logging_mixin.py:188} INFO - [2024-09-11T02:12:49.676+0000] {dag.py:3954} INFO - Setting next_dagrun for dag_with_postgres_operator_v03 to 2024-06-30 00:00:00+00:00, run_after=2024-07-01 00:00:00+00:00
[2024-09-11T02:12:49.697+0000] {processor.py:183} INFO - Processing /opt/airflow/dags/dag_with_postgres_operator.py took 0.095 seconds
[2024-09-11T02:13:20.133+0000] {processor.py:161} INFO - Started process (PID=15191) to work on /opt/airflow/dags/dag_with_postgres_operator.py
[2024-09-11T02:13:20.134+0000] {processor.py:830} INFO - Processing file /opt/airflow/dags/dag_with_postgres_operator.py for tasks to queue
[2024-09-11T02:13:20.135+0000] {logging_mixin.py:188} INFO - [2024-09-11T02:13:20.135+0000] {dagbag.py:545} INFO - Filling up the DagBag from /opt/airflow/dags/dag_with_postgres_operator.py
[2024-09-11T02:13:20.148+0000] {processor.py:840} INFO - DAG(s) 'dag_with_postgres_operator_v03' retrieved from /opt/airflow/dags/dag_with_postgres_operator.py
[2024-09-11T02:13:20.169+0000] {logging_mixin.py:188} INFO - [2024-09-11T02:13:20.169+0000] {dag.py:3096} INFO - Sync 1 DAGs
[2024-09-11T02:13:20.189+0000] {logging_mixin.py:188} INFO - [2024-09-11T02:13:20.189+0000] {dag.py:3954} INFO - Setting next_dagrun for dag_with_postgres_operator_v03 to 2024-06-30 00:00:00+00:00, run_after=2024-07-01 00:00:00+00:00
[2024-09-11T02:13:20.208+0000] {processor.py:183} INFO - Processing /opt/airflow/dags/dag_with_postgres_operator.py took 0.083 seconds
[2024-09-11T02:13:50.636+0000] {processor.py:161} INFO - Started process (PID=15227) to work on /opt/airflow/dags/dag_with_postgres_operator.py
[2024-09-11T02:13:50.637+0000] {processor.py:830} INFO - Processing file /opt/airflow/dags/dag_with_postgres_operator.py for tasks to queue
[2024-09-11T02:13:50.638+0000] {logging_mixin.py:188} INFO - [2024-09-11T02:13:50.637+0000] {dagbag.py:545} INFO - Filling up the DagBag from /opt/airflow/dags/dag_with_postgres_operator.py
[2024-09-11T02:13:50.652+0000] {processor.py:840} INFO - DAG(s) 'dag_with_postgres_operator_v03' retrieved from /opt/airflow/dags/dag_with_postgres_operator.py
[2024-09-11T02:13:50.671+0000] {logging_mixin.py:188} INFO - [2024-09-11T02:13:50.670+0000] {dag.py:3096} INFO - Sync 1 DAGs
[2024-09-11T02:13:50.689+0000] {logging_mixin.py:188} INFO - [2024-09-11T02:13:50.689+0000] {dag.py:3954} INFO - Setting next_dagrun for dag_with_postgres_operator_v03 to 2024-06-30 00:00:00+00:00, run_after=2024-07-01 00:00:00+00:00
[2024-09-11T02:13:50.707+0000] {processor.py:183} INFO - Processing /opt/airflow/dags/dag_with_postgres_operator.py took 0.079 seconds
[2024-09-11T02:14:21.137+0000] {processor.py:161} INFO - Started process (PID=15263) to work on /opt/airflow/dags/dag_with_postgres_operator.py
[2024-09-11T02:14:21.138+0000] {processor.py:830} INFO - Processing file /opt/airflow/dags/dag_with_postgres_operator.py for tasks to queue
[2024-09-11T02:14:21.138+0000] {logging_mixin.py:188} INFO - [2024-09-11T02:14:21.138+0000] {dagbag.py:545} INFO - Filling up the DagBag from /opt/airflow/dags/dag_with_postgres_operator.py
[2024-09-11T02:14:21.152+0000] {processor.py:840} INFO - DAG(s) 'dag_with_postgres_operator_v03' retrieved from /opt/airflow/dags/dag_with_postgres_operator.py
[2024-09-11T02:14:21.171+0000] {logging_mixin.py:188} INFO - [2024-09-11T02:14:21.171+0000] {dag.py:3096} INFO - Sync 1 DAGs
[2024-09-11T02:14:21.189+0000] {logging_mixin.py:188} INFO - [2024-09-11T02:14:21.189+0000] {dag.py:3954} INFO - Setting next_dagrun for dag_with_postgres_operator_v03 to 2024-06-30 00:00:00+00:00, run_after=2024-07-01 00:00:00+00:00
[2024-09-11T02:14:21.207+0000] {processor.py:183} INFO - Processing /opt/airflow/dags/dag_with_postgres_operator.py took 0.079 seconds
[2024-09-11T02:14:51.290+0000] {processor.py:161} INFO - Started process (PID=15324) to work on /opt/airflow/dags/dag_with_postgres_operator.py
[2024-09-11T02:14:51.290+0000] {processor.py:830} INFO - Processing file /opt/airflow/dags/dag_with_postgres_operator.py for tasks to queue
[2024-09-11T02:14:51.291+0000] {logging_mixin.py:188} INFO - [2024-09-11T02:14:51.291+0000] {dagbag.py:545} INFO - Filling up the DagBag from /opt/airflow/dags/dag_with_postgres_operator.py
[2024-09-11T02:14:51.305+0000] {processor.py:840} INFO - DAG(s) 'dag_with_postgres_operator_v03' retrieved from /opt/airflow/dags/dag_with_postgres_operator.py
[2024-09-11T02:14:51.323+0000] {logging_mixin.py:188} INFO - [2024-09-11T02:14:51.323+0000] {dag.py:3096} INFO - Sync 1 DAGs
[2024-09-11T02:14:51.344+0000] {logging_mixin.py:188} INFO - [2024-09-11T02:14:51.343+0000] {dag.py:3954} INFO - Setting next_dagrun for dag_with_postgres_operator_v03 to 2024-06-30 00:00:00+00:00, run_after=2024-07-01 00:00:00+00:00
[2024-09-11T02:14:51.361+0000] {processor.py:183} INFO - Processing /opt/airflow/dags/dag_with_postgres_operator.py took 0.080 seconds
[2024-09-11T02:15:22.129+0000] {processor.py:161} INFO - Started process (PID=15385) to work on /opt/airflow/dags/dag_with_postgres_operator.py
[2024-09-11T02:15:22.129+0000] {processor.py:830} INFO - Processing file /opt/airflow/dags/dag_with_postgres_operator.py for tasks to queue
[2024-09-11T02:15:22.130+0000] {logging_mixin.py:188} INFO - [2024-09-11T02:15:22.130+0000] {dagbag.py:545} INFO - Filling up the DagBag from /opt/airflow/dags/dag_with_postgres_operator.py
[2024-09-11T02:15:22.144+0000] {processor.py:840} INFO - DAG(s) 'dag_with_postgres_operator_v03' retrieved from /opt/airflow/dags/dag_with_postgres_operator.py
[2024-09-11T02:15:22.163+0000] {logging_mixin.py:188} INFO - [2024-09-11T02:15:22.162+0000] {dag.py:3096} INFO - Sync 1 DAGs
[2024-09-11T02:15:22.181+0000] {logging_mixin.py:188} INFO - [2024-09-11T02:15:22.181+0000] {dag.py:3954} INFO - Setting next_dagrun for dag_with_postgres_operator_v03 to 2024-06-30 00:00:00+00:00, run_after=2024-07-01 00:00:00+00:00
[2024-09-11T02:15:22.200+0000] {processor.py:183} INFO - Processing /opt/airflow/dags/dag_with_postgres_operator.py took 0.079 seconds
[2024-09-11T02:15:53.042+0000] {processor.py:161} INFO - Started process (PID=15446) to work on /opt/airflow/dags/dag_with_postgres_operator.py
[2024-09-11T02:15:53.043+0000] {processor.py:830} INFO - Processing file /opt/airflow/dags/dag_with_postgres_operator.py for tasks to queue
[2024-09-11T02:15:53.043+0000] {logging_mixin.py:188} INFO - [2024-09-11T02:15:53.043+0000] {dagbag.py:545} INFO - Filling up the DagBag from /opt/airflow/dags/dag_with_postgres_operator.py
[2024-09-11T02:15:53.057+0000] {processor.py:840} INFO - DAG(s) 'dag_with_postgres_operator_v03' retrieved from /opt/airflow/dags/dag_with_postgres_operator.py
[2024-09-11T02:15:53.077+0000] {logging_mixin.py:188} INFO - [2024-09-11T02:15:53.077+0000] {dag.py:3096} INFO - Sync 1 DAGs
[2024-09-11T02:15:53.095+0000] {logging_mixin.py:188} INFO - [2024-09-11T02:15:53.095+0000] {dag.py:3954} INFO - Setting next_dagrun for dag_with_postgres_operator_v03 to 2024-06-30 00:00:00+00:00, run_after=2024-07-01 00:00:00+00:00
[2024-09-11T02:15:53.113+0000] {processor.py:183} INFO - Processing /opt/airflow/dags/dag_with_postgres_operator.py took 0.079 seconds
[2024-09-11T02:16:23.866+0000] {processor.py:161} INFO - Started process (PID=15507) to work on /opt/airflow/dags/dag_with_postgres_operator.py
[2024-09-11T02:16:23.867+0000] {processor.py:830} INFO - Processing file /opt/airflow/dags/dag_with_postgres_operator.py for tasks to queue
[2024-09-11T02:16:23.867+0000] {logging_mixin.py:188} INFO - [2024-09-11T02:16:23.867+0000] {dagbag.py:545} INFO - Filling up the DagBag from /opt/airflow/dags/dag_with_postgres_operator.py
[2024-09-11T02:16:23.881+0000] {processor.py:840} INFO - DAG(s) 'dag_with_postgres_operator_v03' retrieved from /opt/airflow/dags/dag_with_postgres_operator.py
[2024-09-11T02:16:23.900+0000] {logging_mixin.py:188} INFO - [2024-09-11T02:16:23.900+0000] {dag.py:3096} INFO - Sync 1 DAGs
[2024-09-11T02:16:23.919+0000] {logging_mixin.py:188} INFO - [2024-09-11T02:16:23.919+0000] {dag.py:3954} INFO - Setting next_dagrun for dag_with_postgres_operator_v03 to 2024-06-30 00:00:00+00:00, run_after=2024-07-01 00:00:00+00:00
[2024-09-11T02:16:23.937+0000] {processor.py:183} INFO - Processing /opt/airflow/dags/dag_with_postgres_operator.py took 0.080 seconds
[2024-09-11T02:16:54.739+0000] {processor.py:161} INFO - Started process (PID=15563) to work on /opt/airflow/dags/dag_with_postgres_operator.py
[2024-09-11T02:16:54.740+0000] {processor.py:830} INFO - Processing file /opt/airflow/dags/dag_with_postgres_operator.py for tasks to queue
[2024-09-11T02:16:54.741+0000] {logging_mixin.py:188} INFO - [2024-09-11T02:16:54.740+0000] {dagbag.py:545} INFO - Filling up the DagBag from /opt/airflow/dags/dag_with_postgres_operator.py
[2024-09-11T02:16:54.757+0000] {processor.py:840} INFO - DAG(s) 'dag_with_postgres_operator_v03' retrieved from /opt/airflow/dags/dag_with_postgres_operator.py
[2024-09-11T02:16:54.779+0000] {logging_mixin.py:188} INFO - [2024-09-11T02:16:54.778+0000] {dag.py:3096} INFO - Sync 1 DAGs
[2024-09-11T02:16:54.798+0000] {logging_mixin.py:188} INFO - [2024-09-11T02:16:54.798+0000] {dag.py:3954} INFO - Setting next_dagrun for dag_with_postgres_operator_v03 to 2024-06-30 00:00:00+00:00, run_after=2024-07-01 00:00:00+00:00
[2024-09-11T02:16:54.816+0000] {processor.py:183} INFO - Processing /opt/airflow/dags/dag_with_postgres_operator.py took 0.086 seconds
[2024-09-11T02:17:25.594+0000] {processor.py:161} INFO - Started process (PID=15619) to work on /opt/airflow/dags/dag_with_postgres_operator.py
[2024-09-11T02:17:25.595+0000] {processor.py:830} INFO - Processing file /opt/airflow/dags/dag_with_postgres_operator.py for tasks to queue
[2024-09-11T02:17:25.596+0000] {logging_mixin.py:188} INFO - [2024-09-11T02:17:25.596+0000] {dagbag.py:545} INFO - Filling up the DagBag from /opt/airflow/dags/dag_with_postgres_operator.py
[2024-09-11T02:17:25.613+0000] {processor.py:840} INFO - DAG(s) 'dag_with_postgres_operator_v03' retrieved from /opt/airflow/dags/dag_with_postgres_operator.py
[2024-09-11T02:17:25.643+0000] {logging_mixin.py:188} INFO - [2024-09-11T02:17:25.642+0000] {dag.py:3096} INFO - Sync 1 DAGs
[2024-09-11T02:17:25.665+0000] {logging_mixin.py:188} INFO - [2024-09-11T02:17:25.664+0000] {dag.py:3954} INFO - Setting next_dagrun for dag_with_postgres_operator_v03 to 2024-06-30 00:00:00+00:00, run_after=2024-07-01 00:00:00+00:00
[2024-09-11T02:17:25.686+0000] {processor.py:183} INFO - Processing /opt/airflow/dags/dag_with_postgres_operator.py took 0.102 seconds
