[2024-09-11T01:39:35.752+0000] {processor.py:161} INFO - Started process (PID=192) to work on /opt/airflow/dags/dag_with_cross_expression.py
[2024-09-11T01:39:35.752+0000] {processor.py:830} INFO - Processing file /opt/airflow/dags/dag_with_cross_expression.py for tasks to queue
[2024-09-11T01:39:35.754+0000] {logging_mixin.py:188} INFO - [2024-09-11T01:39:35.753+0000] {dagbag.py:545} INFO - Filling up the DagBag from /opt/airflow/dags/dag_with_cross_expression.py
[2024-09-11T01:39:35.777+0000] {processor.py:840} INFO - DAG(s) 'dag_with_cross_expression_v03' retrieved from /opt/airflow/dags/dag_with_cross_expression.py
[2024-09-11T01:39:35.886+0000] {logging_mixin.py:188} INFO - [2024-09-11T01:39:35.886+0000] {override.py:1829} INFO - Created Permission View: can read on DAG:dag_with_cross_expression_v03
[2024-09-11T01:39:35.903+0000] {logging_mixin.py:188} INFO - [2024-09-11T01:39:35.903+0000] {override.py:1829} INFO - Created Permission View: can edit on DAG:dag_with_cross_expression_v03
[2024-09-11T01:39:35.913+0000] {logging_mixin.py:188} INFO - [2024-09-11T01:39:35.912+0000] {override.py:1829} INFO - Created Permission View: can delete on DAG:dag_with_cross_expression_v03
[2024-09-11T01:39:35.913+0000] {logging_mixin.py:188} INFO - [2024-09-11T01:39:35.913+0000] {dag.py:3096} INFO - Sync 1 DAGs
[2024-09-11T01:39:35.923+0000] {logging_mixin.py:188} INFO - [2024-09-11T01:39:35.923+0000] {dag.py:3118} INFO - Creating ORM DAG for dag_with_cross_expression_v03
[2024-09-11T01:39:35.933+0000] {logging_mixin.py:188} INFO - [2024-09-11T01:39:35.933+0000] {dag.py:3954} INFO - Setting next_dagrun for dag_with_cross_expression_v03 to 2024-06-25 03:00:00+00:00, run_after=2024-06-26 03:00:00+00:00
[2024-09-11T01:39:35.953+0000] {processor.py:183} INFO - Processing /opt/airflow/dags/dag_with_cross_expression.py took 0.207 seconds
[2024-09-11T01:40:06.388+0000] {processor.py:161} INFO - Started process (PID=253) to work on /opt/airflow/dags/dag_with_cross_expression.py
[2024-09-11T01:40:06.389+0000] {processor.py:830} INFO - Processing file /opt/airflow/dags/dag_with_cross_expression.py for tasks to queue
[2024-09-11T01:40:06.390+0000] {logging_mixin.py:188} INFO - [2024-09-11T01:40:06.390+0000] {dagbag.py:545} INFO - Filling up the DagBag from /opt/airflow/dags/dag_with_cross_expression.py
[2024-09-11T01:40:06.402+0000] {processor.py:840} INFO - DAG(s) 'dag_with_cross_expression_v03' retrieved from /opt/airflow/dags/dag_with_cross_expression.py
[2024-09-11T01:40:06.420+0000] {logging_mixin.py:188} INFO - [2024-09-11T01:40:06.420+0000] {dag.py:3096} INFO - Sync 1 DAGs
[2024-09-11T01:40:06.438+0000] {logging_mixin.py:188} INFO - [2024-09-11T01:40:06.438+0000] {dag.py:3954} INFO - Setting next_dagrun for dag_with_cross_expression_v03 to 2024-06-25 03:00:00+00:00, run_after=2024-06-26 03:00:00+00:00
[2024-09-11T01:40:06.455+0000] {processor.py:183} INFO - Processing /opt/airflow/dags/dag_with_cross_expression.py took 0.075 seconds
[2024-09-11T01:40:37.322+0000] {processor.py:161} INFO - Started process (PID=320) to work on /opt/airflow/dags/dag_with_cross_expression.py
[2024-09-11T01:40:37.323+0000] {processor.py:830} INFO - Processing file /opt/airflow/dags/dag_with_cross_expression.py for tasks to queue
[2024-09-11T01:40:37.324+0000] {logging_mixin.py:188} INFO - [2024-09-11T01:40:37.324+0000] {dagbag.py:545} INFO - Filling up the DagBag from /opt/airflow/dags/dag_with_cross_expression.py
[2024-09-11T01:40:37.336+0000] {processor.py:840} INFO - DAG(s) 'dag_with_cross_expression_v03' retrieved from /opt/airflow/dags/dag_with_cross_expression.py
[2024-09-11T01:40:37.356+0000] {logging_mixin.py:188} INFO - [2024-09-11T01:40:37.356+0000] {dag.py:3096} INFO - Sync 1 DAGs
[2024-09-11T01:40:37.375+0000] {logging_mixin.py:188} INFO - [2024-09-11T01:40:37.375+0000] {dag.py:3954} INFO - Setting next_dagrun for dag_with_cross_expression_v03 to 2024-06-25 03:00:00+00:00, run_after=2024-06-26 03:00:00+00:00
[2024-09-11T01:40:37.393+0000] {processor.py:183} INFO - Processing /opt/airflow/dags/dag_with_cross_expression.py took 0.080 seconds
[2024-09-11T01:41:08.201+0000] {processor.py:161} INFO - Started process (PID=381) to work on /opt/airflow/dags/dag_with_cross_expression.py
[2024-09-11T01:41:08.202+0000] {processor.py:830} INFO - Processing file /opt/airflow/dags/dag_with_cross_expression.py for tasks to queue
[2024-09-11T01:41:08.203+0000] {logging_mixin.py:188} INFO - [2024-09-11T01:41:08.203+0000] {dagbag.py:545} INFO - Filling up the DagBag from /opt/airflow/dags/dag_with_cross_expression.py
[2024-09-11T01:41:08.217+0000] {processor.py:840} INFO - DAG(s) 'dag_with_cross_expression_v03' retrieved from /opt/airflow/dags/dag_with_cross_expression.py
[2024-09-11T01:41:08.235+0000] {logging_mixin.py:188} INFO - [2024-09-11T01:41:08.235+0000] {dag.py:3096} INFO - Sync 1 DAGs
[2024-09-11T01:41:08.253+0000] {logging_mixin.py:188} INFO - [2024-09-11T01:41:08.253+0000] {dag.py:3954} INFO - Setting next_dagrun for dag_with_cross_expression_v03 to 2024-06-25 03:00:00+00:00, run_after=2024-06-26 03:00:00+00:00
[2024-09-11T01:41:08.272+0000] {processor.py:183} INFO - Processing /opt/airflow/dags/dag_with_cross_expression.py took 0.079 seconds
[2024-09-11T01:41:39.159+0000] {processor.py:161} INFO - Started process (PID=442) to work on /opt/airflow/dags/dag_with_cross_expression.py
[2024-09-11T01:41:39.161+0000] {processor.py:830} INFO - Processing file /opt/airflow/dags/dag_with_cross_expression.py for tasks to queue
[2024-09-11T01:41:39.164+0000] {logging_mixin.py:188} INFO - [2024-09-11T01:41:39.164+0000] {dagbag.py:545} INFO - Filling up the DagBag from /opt/airflow/dags/dag_with_cross_expression.py
[2024-09-11T01:41:39.203+0000] {processor.py:840} INFO - DAG(s) 'dag_with_cross_expression_v03' retrieved from /opt/airflow/dags/dag_with_cross_expression.py
[2024-09-11T01:41:39.235+0000] {logging_mixin.py:188} INFO - [2024-09-11T01:41:39.235+0000] {dag.py:3096} INFO - Sync 1 DAGs
[2024-09-11T01:41:39.265+0000] {logging_mixin.py:188} INFO - [2024-09-11T01:41:39.265+0000] {dag.py:3954} INFO - Setting next_dagrun for dag_with_cross_expression_v03 to 2024-06-25 03:00:00+00:00, run_after=2024-06-26 03:00:00+00:00
[2024-09-11T01:41:39.291+0000] {processor.py:183} INFO - Processing /opt/airflow/dags/dag_with_cross_expression.py took 0.147 seconds
[2024-09-11T01:42:10.294+0000] {processor.py:161} INFO - Started process (PID=503) to work on /opt/airflow/dags/dag_with_cross_expression.py
[2024-09-11T01:42:10.294+0000] {processor.py:830} INFO - Processing file /opt/airflow/dags/dag_with_cross_expression.py for tasks to queue
[2024-09-11T01:42:10.296+0000] {logging_mixin.py:188} INFO - [2024-09-11T01:42:10.296+0000] {dagbag.py:545} INFO - Filling up the DagBag from /opt/airflow/dags/dag_with_cross_expression.py
[2024-09-11T01:42:10.309+0000] {processor.py:840} INFO - DAG(s) 'dag_with_cross_expression_v03' retrieved from /opt/airflow/dags/dag_with_cross_expression.py
[2024-09-11T01:42:10.329+0000] {logging_mixin.py:188} INFO - [2024-09-11T01:42:10.329+0000] {dag.py:3096} INFO - Sync 1 DAGs
[2024-09-11T01:42:10.348+0000] {logging_mixin.py:188} INFO - [2024-09-11T01:42:10.348+0000] {dag.py:3954} INFO - Setting next_dagrun for dag_with_cross_expression_v03 to 2024-06-25 03:00:00+00:00, run_after=2024-06-26 03:00:00+00:00
[2024-09-11T01:42:10.371+0000] {processor.py:183} INFO - Processing /opt/airflow/dags/dag_with_cross_expression.py took 0.085 seconds
[2024-09-11T01:42:41.136+0000] {processor.py:161} INFO - Started process (PID=564) to work on /opt/airflow/dags/dag_with_cross_expression.py
[2024-09-11T01:42:41.137+0000] {processor.py:830} INFO - Processing file /opt/airflow/dags/dag_with_cross_expression.py for tasks to queue
[2024-09-11T01:42:41.138+0000] {logging_mixin.py:188} INFO - [2024-09-11T01:42:41.138+0000] {dagbag.py:545} INFO - Filling up the DagBag from /opt/airflow/dags/dag_with_cross_expression.py
[2024-09-11T01:42:41.152+0000] {processor.py:840} INFO - DAG(s) 'dag_with_cross_expression_v03' retrieved from /opt/airflow/dags/dag_with_cross_expression.py
[2024-09-11T01:42:41.170+0000] {logging_mixin.py:188} INFO - [2024-09-11T01:42:41.169+0000] {dag.py:3096} INFO - Sync 1 DAGs
[2024-09-11T01:42:41.190+0000] {logging_mixin.py:188} INFO - [2024-09-11T01:42:41.189+0000] {dag.py:3954} INFO - Setting next_dagrun for dag_with_cross_expression_v03 to 2024-06-25 03:00:00+00:00, run_after=2024-06-26 03:00:00+00:00
[2024-09-11T01:42:41.209+0000] {processor.py:183} INFO - Processing /opt/airflow/dags/dag_with_cross_expression.py took 0.081 seconds
[2024-09-11T01:43:11.942+0000] {processor.py:161} INFO - Started process (PID=625) to work on /opt/airflow/dags/dag_with_cross_expression.py
[2024-09-11T01:43:11.942+0000] {processor.py:830} INFO - Processing file /opt/airflow/dags/dag_with_cross_expression.py for tasks to queue
[2024-09-11T01:43:11.944+0000] {logging_mixin.py:188} INFO - [2024-09-11T01:43:11.943+0000] {dagbag.py:545} INFO - Filling up the DagBag from /opt/airflow/dags/dag_with_cross_expression.py
[2024-09-11T01:43:11.957+0000] {processor.py:840} INFO - DAG(s) 'dag_with_cross_expression_v03' retrieved from /opt/airflow/dags/dag_with_cross_expression.py
[2024-09-11T01:43:11.976+0000] {logging_mixin.py:188} INFO - [2024-09-11T01:43:11.976+0000] {dag.py:3096} INFO - Sync 1 DAGs
[2024-09-11T01:43:11.999+0000] {logging_mixin.py:188} INFO - [2024-09-11T01:43:11.998+0000] {dag.py:3954} INFO - Setting next_dagrun for dag_with_cross_expression_v03 to 2024-06-25 03:00:00+00:00, run_after=2024-06-26 03:00:00+00:00
[2024-09-11T01:43:12.020+0000] {processor.py:183} INFO - Processing /opt/airflow/dags/dag_with_cross_expression.py took 0.087 seconds
[2024-09-11T01:43:42.783+0000] {processor.py:161} INFO - Started process (PID=686) to work on /opt/airflow/dags/dag_with_cross_expression.py
[2024-09-11T01:43:42.783+0000] {processor.py:830} INFO - Processing file /opt/airflow/dags/dag_with_cross_expression.py for tasks to queue
[2024-09-11T01:43:42.785+0000] {logging_mixin.py:188} INFO - [2024-09-11T01:43:42.785+0000] {dagbag.py:545} INFO - Filling up the DagBag from /opt/airflow/dags/dag_with_cross_expression.py
[2024-09-11T01:43:42.799+0000] {processor.py:840} INFO - DAG(s) 'dag_with_cross_expression_v03' retrieved from /opt/airflow/dags/dag_with_cross_expression.py
[2024-09-11T01:43:42.818+0000] {logging_mixin.py:188} INFO - [2024-09-11T01:43:42.818+0000] {dag.py:3096} INFO - Sync 1 DAGs
[2024-09-11T01:43:42.837+0000] {logging_mixin.py:188} INFO - [2024-09-11T01:43:42.837+0000] {dag.py:3954} INFO - Setting next_dagrun for dag_with_cross_expression_v03 to 2024-06-25 03:00:00+00:00, run_after=2024-06-26 03:00:00+00:00
[2024-09-11T01:43:42.860+0000] {processor.py:183} INFO - Processing /opt/airflow/dags/dag_with_cross_expression.py took 0.085 seconds
[2024-09-11T01:44:13.619+0000] {processor.py:161} INFO - Started process (PID=747) to work on /opt/airflow/dags/dag_with_cross_expression.py
[2024-09-11T01:44:13.620+0000] {processor.py:830} INFO - Processing file /opt/airflow/dags/dag_with_cross_expression.py for tasks to queue
[2024-09-11T01:44:13.622+0000] {logging_mixin.py:188} INFO - [2024-09-11T01:44:13.622+0000] {dagbag.py:545} INFO - Filling up the DagBag from /opt/airflow/dags/dag_with_cross_expression.py
[2024-09-11T01:44:13.638+0000] {processor.py:840} INFO - DAG(s) 'dag_with_cross_expression_v03' retrieved from /opt/airflow/dags/dag_with_cross_expression.py
[2024-09-11T01:44:13.658+0000] {logging_mixin.py:188} INFO - [2024-09-11T01:44:13.658+0000] {dag.py:3096} INFO - Sync 1 DAGs
[2024-09-11T01:44:13.678+0000] {logging_mixin.py:188} INFO - [2024-09-11T01:44:13.678+0000] {dag.py:3954} INFO - Setting next_dagrun for dag_with_cross_expression_v03 to 2024-06-25 03:00:00+00:00, run_after=2024-06-26 03:00:00+00:00
[2024-09-11T01:44:13.698+0000] {processor.py:183} INFO - Processing /opt/airflow/dags/dag_with_cross_expression.py took 0.088 seconds
[2024-09-11T01:44:44.461+0000] {processor.py:161} INFO - Started process (PID=808) to work on /opt/airflow/dags/dag_with_cross_expression.py
[2024-09-11T01:44:44.462+0000] {processor.py:830} INFO - Processing file /opt/airflow/dags/dag_with_cross_expression.py for tasks to queue
[2024-09-11T01:44:44.464+0000] {logging_mixin.py:188} INFO - [2024-09-11T01:44:44.463+0000] {dagbag.py:545} INFO - Filling up the DagBag from /opt/airflow/dags/dag_with_cross_expression.py
[2024-09-11T01:44:44.477+0000] {processor.py:840} INFO - DAG(s) 'dag_with_cross_expression_v03' retrieved from /opt/airflow/dags/dag_with_cross_expression.py
[2024-09-11T01:44:44.496+0000] {logging_mixin.py:188} INFO - [2024-09-11T01:44:44.496+0000] {dag.py:3096} INFO - Sync 1 DAGs
[2024-09-11T01:44:44.516+0000] {logging_mixin.py:188} INFO - [2024-09-11T01:44:44.516+0000] {dag.py:3954} INFO - Setting next_dagrun for dag_with_cross_expression_v03 to 2024-06-25 03:00:00+00:00, run_after=2024-06-26 03:00:00+00:00
[2024-09-11T01:44:44.538+0000] {processor.py:183} INFO - Processing /opt/airflow/dags/dag_with_cross_expression.py took 0.087 seconds
[2024-09-11T01:45:15.279+0000] {processor.py:161} INFO - Started process (PID=869) to work on /opt/airflow/dags/dag_with_cross_expression.py
[2024-09-11T01:45:15.280+0000] {processor.py:830} INFO - Processing file /opt/airflow/dags/dag_with_cross_expression.py for tasks to queue
[2024-09-11T01:45:15.281+0000] {logging_mixin.py:188} INFO - [2024-09-11T01:45:15.281+0000] {dagbag.py:545} INFO - Filling up the DagBag from /opt/airflow/dags/dag_with_cross_expression.py
[2024-09-11T01:45:15.293+0000] {processor.py:840} INFO - DAG(s) 'dag_with_cross_expression_v03' retrieved from /opt/airflow/dags/dag_with_cross_expression.py
[2024-09-11T01:45:15.311+0000] {logging_mixin.py:188} INFO - [2024-09-11T01:45:15.311+0000] {dag.py:3096} INFO - Sync 1 DAGs
[2024-09-11T01:45:15.330+0000] {logging_mixin.py:188} INFO - [2024-09-11T01:45:15.330+0000] {dag.py:3954} INFO - Setting next_dagrun for dag_with_cross_expression_v03 to 2024-06-25 03:00:00+00:00, run_after=2024-06-26 03:00:00+00:00
[2024-09-11T01:45:15.348+0000] {processor.py:183} INFO - Processing /opt/airflow/dags/dag_with_cross_expression.py took 0.078 seconds
[2024-09-11T01:45:46.104+0000] {processor.py:161} INFO - Started process (PID=930) to work on /opt/airflow/dags/dag_with_cross_expression.py
[2024-09-11T01:45:46.106+0000] {processor.py:830} INFO - Processing file /opt/airflow/dags/dag_with_cross_expression.py for tasks to queue
[2024-09-11T01:45:46.107+0000] {logging_mixin.py:188} INFO - [2024-09-11T01:45:46.107+0000] {dagbag.py:545} INFO - Filling up the DagBag from /opt/airflow/dags/dag_with_cross_expression.py
[2024-09-11T01:45:46.121+0000] {processor.py:840} INFO - DAG(s) 'dag_with_cross_expression_v03' retrieved from /opt/airflow/dags/dag_with_cross_expression.py
[2024-09-11T01:45:46.140+0000] {logging_mixin.py:188} INFO - [2024-09-11T01:45:46.140+0000] {dag.py:3096} INFO - Sync 1 DAGs
[2024-09-11T01:45:46.165+0000] {logging_mixin.py:188} INFO - [2024-09-11T01:45:46.165+0000] {dag.py:3954} INFO - Setting next_dagrun for dag_with_cross_expression_v03 to 2024-06-25 03:00:00+00:00, run_after=2024-06-26 03:00:00+00:00
[2024-09-11T01:45:46.187+0000] {processor.py:183} INFO - Processing /opt/airflow/dags/dag_with_cross_expression.py took 0.091 seconds
[2024-09-11T01:46:16.930+0000] {processor.py:161} INFO - Started process (PID=991) to work on /opt/airflow/dags/dag_with_cross_expression.py
[2024-09-11T01:46:16.931+0000] {processor.py:830} INFO - Processing file /opt/airflow/dags/dag_with_cross_expression.py for tasks to queue
[2024-09-11T01:46:16.933+0000] {logging_mixin.py:188} INFO - [2024-09-11T01:46:16.932+0000] {dagbag.py:545} INFO - Filling up the DagBag from /opt/airflow/dags/dag_with_cross_expression.py
[2024-09-11T01:46:16.947+0000] {processor.py:840} INFO - DAG(s) 'dag_with_cross_expression_v03' retrieved from /opt/airflow/dags/dag_with_cross_expression.py
[2024-09-11T01:46:16.966+0000] {logging_mixin.py:188} INFO - [2024-09-11T01:46:16.965+0000] {dag.py:3096} INFO - Sync 1 DAGs
[2024-09-11T01:46:16.984+0000] {logging_mixin.py:188} INFO - [2024-09-11T01:46:16.984+0000] {dag.py:3954} INFO - Setting next_dagrun for dag_with_cross_expression_v03 to 2024-06-25 03:00:00+00:00, run_after=2024-06-26 03:00:00+00:00
[2024-09-11T01:46:17.003+0000] {processor.py:183} INFO - Processing /opt/airflow/dags/dag_with_cross_expression.py took 0.082 seconds
[2024-09-11T01:46:47.733+0000] {processor.py:161} INFO - Started process (PID=1052) to work on /opt/airflow/dags/dag_with_cross_expression.py
[2024-09-11T01:46:47.733+0000] {processor.py:830} INFO - Processing file /opt/airflow/dags/dag_with_cross_expression.py for tasks to queue
[2024-09-11T01:46:47.735+0000] {logging_mixin.py:188} INFO - [2024-09-11T01:46:47.734+0000] {dagbag.py:545} INFO - Filling up the DagBag from /opt/airflow/dags/dag_with_cross_expression.py
[2024-09-11T01:46:47.749+0000] {processor.py:840} INFO - DAG(s) 'dag_with_cross_expression_v03' retrieved from /opt/airflow/dags/dag_with_cross_expression.py
[2024-09-11T01:46:47.768+0000] {logging_mixin.py:188} INFO - [2024-09-11T01:46:47.768+0000] {dag.py:3096} INFO - Sync 1 DAGs
[2024-09-11T01:46:47.787+0000] {logging_mixin.py:188} INFO - [2024-09-11T01:46:47.787+0000] {dag.py:3954} INFO - Setting next_dagrun for dag_with_cross_expression_v03 to 2024-06-25 03:00:00+00:00, run_after=2024-06-26 03:00:00+00:00
[2024-09-11T01:46:47.806+0000] {processor.py:183} INFO - Processing /opt/airflow/dags/dag_with_cross_expression.py took 0.082 seconds
[2024-09-11T01:47:18.536+0000] {processor.py:161} INFO - Started process (PID=1113) to work on /opt/airflow/dags/dag_with_cross_expression.py
[2024-09-11T01:47:18.537+0000] {processor.py:830} INFO - Processing file /opt/airflow/dags/dag_with_cross_expression.py for tasks to queue
[2024-09-11T01:47:18.538+0000] {logging_mixin.py:188} INFO - [2024-09-11T01:47:18.538+0000] {dagbag.py:545} INFO - Filling up the DagBag from /opt/airflow/dags/dag_with_cross_expression.py
[2024-09-11T01:47:18.552+0000] {processor.py:840} INFO - DAG(s) 'dag_with_cross_expression_v03' retrieved from /opt/airflow/dags/dag_with_cross_expression.py
[2024-09-11T01:47:18.571+0000] {logging_mixin.py:188} INFO - [2024-09-11T01:47:18.571+0000] {dag.py:3096} INFO - Sync 1 DAGs
[2024-09-11T01:47:18.590+0000] {logging_mixin.py:188} INFO - [2024-09-11T01:47:18.590+0000] {dag.py:3954} INFO - Setting next_dagrun for dag_with_cross_expression_v03 to 2024-06-25 03:00:00+00:00, run_after=2024-06-26 03:00:00+00:00
[2024-09-11T01:47:18.611+0000] {processor.py:183} INFO - Processing /opt/airflow/dags/dag_with_cross_expression.py took 0.083 seconds
[2024-09-11T01:47:49.360+0000] {processor.py:161} INFO - Started process (PID=1174) to work on /opt/airflow/dags/dag_with_cross_expression.py
[2024-09-11T01:47:49.361+0000] {processor.py:830} INFO - Processing file /opt/airflow/dags/dag_with_cross_expression.py for tasks to queue
[2024-09-11T01:47:49.363+0000] {logging_mixin.py:188} INFO - [2024-09-11T01:47:49.362+0000] {dagbag.py:545} INFO - Filling up the DagBag from /opt/airflow/dags/dag_with_cross_expression.py
[2024-09-11T01:47:49.375+0000] {processor.py:840} INFO - DAG(s) 'dag_with_cross_expression_v03' retrieved from /opt/airflow/dags/dag_with_cross_expression.py
[2024-09-11T01:47:49.394+0000] {logging_mixin.py:188} INFO - [2024-09-11T01:47:49.393+0000] {dag.py:3096} INFO - Sync 1 DAGs
[2024-09-11T01:47:49.413+0000] {logging_mixin.py:188} INFO - [2024-09-11T01:47:49.413+0000] {dag.py:3954} INFO - Setting next_dagrun for dag_with_cross_expression_v03 to 2024-06-25 03:00:00+00:00, run_after=2024-06-26 03:00:00+00:00
[2024-09-11T01:47:49.432+0000] {processor.py:183} INFO - Processing /opt/airflow/dags/dag_with_cross_expression.py took 0.080 seconds
[2024-09-11T01:48:20.174+0000] {processor.py:161} INFO - Started process (PID=1235) to work on /opt/airflow/dags/dag_with_cross_expression.py
[2024-09-11T01:48:20.175+0000] {processor.py:830} INFO - Processing file /opt/airflow/dags/dag_with_cross_expression.py for tasks to queue
[2024-09-11T01:48:20.176+0000] {logging_mixin.py:188} INFO - [2024-09-11T01:48:20.176+0000] {dagbag.py:545} INFO - Filling up the DagBag from /opt/airflow/dags/dag_with_cross_expression.py
[2024-09-11T01:48:20.188+0000] {processor.py:840} INFO - DAG(s) 'dag_with_cross_expression_v03' retrieved from /opt/airflow/dags/dag_with_cross_expression.py
[2024-09-11T01:48:20.207+0000] {logging_mixin.py:188} INFO - [2024-09-11T01:48:20.207+0000] {dag.py:3096} INFO - Sync 1 DAGs
[2024-09-11T01:48:20.229+0000] {logging_mixin.py:188} INFO - [2024-09-11T01:48:20.229+0000] {dag.py:3954} INFO - Setting next_dagrun for dag_with_cross_expression_v03 to 2024-06-25 03:00:00+00:00, run_after=2024-06-26 03:00:00+00:00
[2024-09-11T01:48:20.249+0000] {processor.py:183} INFO - Processing /opt/airflow/dags/dag_with_cross_expression.py took 0.083 seconds
[2024-09-11T01:48:50.975+0000] {processor.py:161} INFO - Started process (PID=1296) to work on /opt/airflow/dags/dag_with_cross_expression.py
[2024-09-11T01:48:50.976+0000] {processor.py:830} INFO - Processing file /opt/airflow/dags/dag_with_cross_expression.py for tasks to queue
[2024-09-11T01:48:50.978+0000] {logging_mixin.py:188} INFO - [2024-09-11T01:48:50.978+0000] {dagbag.py:545} INFO - Filling up the DagBag from /opt/airflow/dags/dag_with_cross_expression.py
[2024-09-11T01:48:50.993+0000] {processor.py:840} INFO - DAG(s) 'dag_with_cross_expression_v03' retrieved from /opt/airflow/dags/dag_with_cross_expression.py
[2024-09-11T01:48:51.015+0000] {logging_mixin.py:188} INFO - [2024-09-11T01:48:51.014+0000] {dag.py:3096} INFO - Sync 1 DAGs
[2024-09-11T01:48:51.035+0000] {logging_mixin.py:188} INFO - [2024-09-11T01:48:51.035+0000] {dag.py:3954} INFO - Setting next_dagrun for dag_with_cross_expression_v03 to 2024-06-25 03:00:00+00:00, run_after=2024-06-26 03:00:00+00:00
[2024-09-11T01:48:51.057+0000] {processor.py:183} INFO - Processing /opt/airflow/dags/dag_with_cross_expression.py took 0.093 seconds
[2024-09-11T01:49:21.806+0000] {processor.py:161} INFO - Started process (PID=1357) to work on /opt/airflow/dags/dag_with_cross_expression.py
[2024-09-11T01:49:21.806+0000] {processor.py:830} INFO - Processing file /opt/airflow/dags/dag_with_cross_expression.py for tasks to queue
[2024-09-11T01:49:21.808+0000] {logging_mixin.py:188} INFO - [2024-09-11T01:49:21.808+0000] {dagbag.py:545} INFO - Filling up the DagBag from /opt/airflow/dags/dag_with_cross_expression.py
[2024-09-11T01:49:21.820+0000] {processor.py:840} INFO - DAG(s) 'dag_with_cross_expression_v03' retrieved from /opt/airflow/dags/dag_with_cross_expression.py
[2024-09-11T01:49:21.839+0000] {logging_mixin.py:188} INFO - [2024-09-11T01:49:21.838+0000] {dag.py:3096} INFO - Sync 1 DAGs
[2024-09-11T01:49:21.857+0000] {logging_mixin.py:188} INFO - [2024-09-11T01:49:21.857+0000] {dag.py:3954} INFO - Setting next_dagrun for dag_with_cross_expression_v03 to 2024-06-25 03:00:00+00:00, run_after=2024-06-26 03:00:00+00:00
[2024-09-11T01:49:21.875+0000] {processor.py:183} INFO - Processing /opt/airflow/dags/dag_with_cross_expression.py took 0.078 seconds
[2024-09-11T01:49:51.924+0000] {processor.py:161} INFO - Started process (PID=1808) to work on /opt/airflow/dags/dag_with_cross_expression.py
[2024-09-11T01:49:51.925+0000] {processor.py:830} INFO - Processing file /opt/airflow/dags/dag_with_cross_expression.py for tasks to queue
[2024-09-11T01:49:51.926+0000] {logging_mixin.py:188} INFO - [2024-09-11T01:49:51.926+0000] {dagbag.py:545} INFO - Filling up the DagBag from /opt/airflow/dags/dag_with_cross_expression.py
[2024-09-11T01:49:51.941+0000] {processor.py:840} INFO - DAG(s) 'dag_with_cross_expression_v03' retrieved from /opt/airflow/dags/dag_with_cross_expression.py
[2024-09-11T01:49:51.967+0000] {logging_mixin.py:188} INFO - [2024-09-11T01:49:51.966+0000] {dag.py:3096} INFO - Sync 1 DAGs
[2024-09-11T01:49:51.994+0000] {logging_mixin.py:188} INFO - [2024-09-11T01:49:51.994+0000] {dag.py:3954} INFO - Setting next_dagrun for dag_with_cross_expression_v03 to 2024-06-25 03:00:00+00:00, run_after=2024-06-26 03:00:00+00:00
[2024-09-11T01:49:52.021+0000] {processor.py:183} INFO - Processing /opt/airflow/dags/dag_with_cross_expression.py took 0.106 seconds
[2024-09-11T01:50:22.528+0000] {processor.py:161} INFO - Started process (PID=2514) to work on /opt/airflow/dags/dag_with_cross_expression.py
[2024-09-11T01:50:22.529+0000] {processor.py:830} INFO - Processing file /opt/airflow/dags/dag_with_cross_expression.py for tasks to queue
[2024-09-11T01:50:22.530+0000] {logging_mixin.py:188} INFO - [2024-09-11T01:50:22.530+0000] {dagbag.py:545} INFO - Filling up the DagBag from /opt/airflow/dags/dag_with_cross_expression.py
[2024-09-11T01:50:22.543+0000] {processor.py:840} INFO - DAG(s) 'dag_with_cross_expression_v03' retrieved from /opt/airflow/dags/dag_with_cross_expression.py
[2024-09-11T01:50:22.561+0000] {logging_mixin.py:188} INFO - [2024-09-11T01:50:22.561+0000] {dag.py:3096} INFO - Sync 1 DAGs
[2024-09-11T01:50:22.580+0000] {logging_mixin.py:188} INFO - [2024-09-11T01:50:22.580+0000] {dag.py:3954} INFO - Setting next_dagrun for dag_with_cross_expression_v03 to 2024-06-25 03:00:00+00:00, run_after=2024-06-26 03:00:00+00:00
[2024-09-11T01:50:22.601+0000] {processor.py:183} INFO - Processing /opt/airflow/dags/dag_with_cross_expression.py took 0.081 seconds
[2024-09-11T01:50:52.857+0000] {processor.py:161} INFO - Started process (PID=3128) to work on /opt/airflow/dags/dag_with_cross_expression.py
[2024-09-11T01:50:52.858+0000] {processor.py:830} INFO - Processing file /opt/airflow/dags/dag_with_cross_expression.py for tasks to queue
[2024-09-11T01:50:52.861+0000] {logging_mixin.py:188} INFO - [2024-09-11T01:50:52.861+0000] {dagbag.py:545} INFO - Filling up the DagBag from /opt/airflow/dags/dag_with_cross_expression.py
[2024-09-11T01:50:52.883+0000] {processor.py:840} INFO - DAG(s) 'dag_with_cross_expression_v03' retrieved from /opt/airflow/dags/dag_with_cross_expression.py
[2024-09-11T01:50:52.911+0000] {logging_mixin.py:188} INFO - [2024-09-11T01:50:52.911+0000] {dag.py:3096} INFO - Sync 1 DAGs
[2024-09-11T01:50:52.956+0000] {logging_mixin.py:188} INFO - [2024-09-11T01:50:52.955+0000] {dag.py:3954} INFO - Setting next_dagrun for dag_with_cross_expression_v03 to 2024-06-25 03:00:00+00:00, run_after=2024-06-26 03:00:00+00:00
[2024-09-11T01:50:53.006+0000] {processor.py:183} INFO - Processing /opt/airflow/dags/dag_with_cross_expression.py took 0.165 seconds
[2024-09-11T01:51:23.244+0000] {processor.py:161} INFO - Started process (PID=3740) to work on /opt/airflow/dags/dag_with_cross_expression.py
[2024-09-11T01:51:23.245+0000] {processor.py:830} INFO - Processing file /opt/airflow/dags/dag_with_cross_expression.py for tasks to queue
[2024-09-11T01:51:23.247+0000] {logging_mixin.py:188} INFO - [2024-09-11T01:51:23.247+0000] {dagbag.py:545} INFO - Filling up the DagBag from /opt/airflow/dags/dag_with_cross_expression.py
[2024-09-11T01:51:23.268+0000] {processor.py:840} INFO - DAG(s) 'dag_with_cross_expression_v03' retrieved from /opt/airflow/dags/dag_with_cross_expression.py
[2024-09-11T01:51:23.298+0000] {logging_mixin.py:188} INFO - [2024-09-11T01:51:23.298+0000] {dag.py:3096} INFO - Sync 1 DAGs
[2024-09-11T01:51:23.328+0000] {logging_mixin.py:188} INFO - [2024-09-11T01:51:23.327+0000] {dag.py:3954} INFO - Setting next_dagrun for dag_with_cross_expression_v03 to 2024-06-25 03:00:00+00:00, run_after=2024-06-26 03:00:00+00:00
[2024-09-11T01:51:23.359+0000] {processor.py:183} INFO - Processing /opt/airflow/dags/dag_with_cross_expression.py took 0.126 seconds
[2024-09-11T01:51:53.926+0000] {processor.py:161} INFO - Started process (PID=4425) to work on /opt/airflow/dags/dag_with_cross_expression.py
[2024-09-11T01:51:53.927+0000] {processor.py:830} INFO - Processing file /opt/airflow/dags/dag_with_cross_expression.py for tasks to queue
[2024-09-11T01:51:53.930+0000] {logging_mixin.py:188} INFO - [2024-09-11T01:51:53.930+0000] {dagbag.py:545} INFO - Filling up the DagBag from /opt/airflow/dags/dag_with_cross_expression.py
[2024-09-11T01:51:53.956+0000] {processor.py:840} INFO - DAG(s) 'dag_with_cross_expression_v03' retrieved from /opt/airflow/dags/dag_with_cross_expression.py
[2024-09-11T01:51:53.991+0000] {logging_mixin.py:188} INFO - [2024-09-11T01:51:53.990+0000] {dag.py:3096} INFO - Sync 1 DAGs
[2024-09-11T01:51:54.023+0000] {logging_mixin.py:188} INFO - [2024-09-11T01:51:54.023+0000] {dag.py:3954} INFO - Setting next_dagrun for dag_with_cross_expression_v03 to 2024-06-25 03:00:00+00:00, run_after=2024-06-26 03:00:00+00:00
[2024-09-11T01:51:54.053+0000] {processor.py:183} INFO - Processing /opt/airflow/dags/dag_with_cross_expression.py took 0.142 seconds
[2024-09-11T01:52:24.628+0000] {processor.py:161} INFO - Started process (PID=5108) to work on /opt/airflow/dags/dag_with_cross_expression.py
[2024-09-11T01:52:24.629+0000] {processor.py:830} INFO - Processing file /opt/airflow/dags/dag_with_cross_expression.py for tasks to queue
[2024-09-11T01:52:24.631+0000] {logging_mixin.py:188} INFO - [2024-09-11T01:52:24.631+0000] {dagbag.py:545} INFO - Filling up the DagBag from /opt/airflow/dags/dag_with_cross_expression.py
[2024-09-11T01:52:24.652+0000] {processor.py:840} INFO - DAG(s) 'dag_with_cross_expression_v03' retrieved from /opt/airflow/dags/dag_with_cross_expression.py
[2024-09-11T01:52:24.682+0000] {logging_mixin.py:188} INFO - [2024-09-11T01:52:24.681+0000] {dag.py:3096} INFO - Sync 1 DAGs
[2024-09-11T01:52:24.713+0000] {logging_mixin.py:188} INFO - [2024-09-11T01:52:24.713+0000] {dag.py:3954} INFO - Setting next_dagrun for dag_with_cross_expression_v03 to 2024-06-25 03:00:00+00:00, run_after=2024-06-26 03:00:00+00:00
[2024-09-11T01:52:24.741+0000] {processor.py:183} INFO - Processing /opt/airflow/dags/dag_with_cross_expression.py took 0.129 seconds
[2024-09-11T01:52:54.904+0000] {processor.py:161} INFO - Started process (PID=5686) to work on /opt/airflow/dags/dag_with_cross_expression.py
[2024-09-11T01:52:54.905+0000] {processor.py:830} INFO - Processing file /opt/airflow/dags/dag_with_cross_expression.py for tasks to queue
[2024-09-11T01:52:54.906+0000] {logging_mixin.py:188} INFO - [2024-09-11T01:52:54.906+0000] {dagbag.py:545} INFO - Filling up the DagBag from /opt/airflow/dags/dag_with_cross_expression.py
[2024-09-11T01:52:54.922+0000] {processor.py:840} INFO - DAG(s) 'dag_with_cross_expression_v03' retrieved from /opt/airflow/dags/dag_with_cross_expression.py
[2024-09-11T01:52:54.944+0000] {logging_mixin.py:188} INFO - [2024-09-11T01:52:54.944+0000] {dag.py:3096} INFO - Sync 1 DAGs
[2024-09-11T01:52:54.968+0000] {logging_mixin.py:188} INFO - [2024-09-11T01:52:54.968+0000] {dag.py:3954} INFO - Setting next_dagrun for dag_with_cross_expression_v03 to 2024-06-25 03:00:00+00:00, run_after=2024-06-26 03:00:00+00:00
[2024-09-11T01:52:54.994+0000] {processor.py:183} INFO - Processing /opt/airflow/dags/dag_with_cross_expression.py took 0.099 seconds
[2024-09-11T01:53:25.152+0000] {processor.py:161} INFO - Started process (PID=6275) to work on /opt/airflow/dags/dag_with_cross_expression.py
[2024-09-11T01:53:25.153+0000] {processor.py:830} INFO - Processing file /opt/airflow/dags/dag_with_cross_expression.py for tasks to queue
[2024-09-11T01:53:25.154+0000] {logging_mixin.py:188} INFO - [2024-09-11T01:53:25.154+0000] {dagbag.py:545} INFO - Filling up the DagBag from /opt/airflow/dags/dag_with_cross_expression.py
[2024-09-11T01:53:25.168+0000] {processor.py:840} INFO - DAG(s) 'dag_with_cross_expression_v03' retrieved from /opt/airflow/dags/dag_with_cross_expression.py
[2024-09-11T01:53:25.187+0000] {logging_mixin.py:188} INFO - [2024-09-11T01:53:25.186+0000] {dag.py:3096} INFO - Sync 1 DAGs
[2024-09-11T01:53:25.208+0000] {logging_mixin.py:188} INFO - [2024-09-11T01:53:25.208+0000] {dag.py:3954} INFO - Setting next_dagrun for dag_with_cross_expression_v03 to 2024-06-25 03:00:00+00:00, run_after=2024-06-26 03:00:00+00:00
[2024-09-11T01:53:25.233+0000] {processor.py:183} INFO - Processing /opt/airflow/dags/dag_with_cross_expression.py took 0.089 seconds
[2024-09-11T01:53:55.915+0000] {processor.py:161} INFO - Started process (PID=6900) to work on /opt/airflow/dags/dag_with_cross_expression.py
[2024-09-11T01:53:55.916+0000] {processor.py:830} INFO - Processing file /opt/airflow/dags/dag_with_cross_expression.py for tasks to queue
[2024-09-11T01:53:55.921+0000] {logging_mixin.py:188} INFO - [2024-09-11T01:53:55.920+0000] {dagbag.py:545} INFO - Filling up the DagBag from /opt/airflow/dags/dag_with_cross_expression.py
[2024-09-11T01:53:55.958+0000] {processor.py:840} INFO - DAG(s) 'dag_with_cross_expression_v03' retrieved from /opt/airflow/dags/dag_with_cross_expression.py
[2024-09-11T01:53:55.999+0000] {logging_mixin.py:188} INFO - [2024-09-11T01:53:55.999+0000] {dag.py:3096} INFO - Sync 1 DAGs
[2024-09-11T01:53:56.036+0000] {logging_mixin.py:188} INFO - [2024-09-11T01:53:56.036+0000] {dag.py:3954} INFO - Setting next_dagrun for dag_with_cross_expression_v03 to 2024-06-25 03:00:00+00:00, run_after=2024-06-26 03:00:00+00:00
[2024-09-11T01:53:56.073+0000] {processor.py:183} INFO - Processing /opt/airflow/dags/dag_with_cross_expression.py took 0.175 seconds
[2024-09-11T01:54:26.195+0000] {processor.py:161} INFO - Started process (PID=7435) to work on /opt/airflow/dags/dag_with_cross_expression.py
[2024-09-11T01:54:26.196+0000] {processor.py:830} INFO - Processing file /opt/airflow/dags/dag_with_cross_expression.py for tasks to queue
[2024-09-11T01:54:26.197+0000] {logging_mixin.py:188} INFO - [2024-09-11T01:54:26.197+0000] {dagbag.py:545} INFO - Filling up the DagBag from /opt/airflow/dags/dag_with_cross_expression.py
[2024-09-11T01:54:26.217+0000] {processor.py:840} INFO - DAG(s) 'dag_with_cross_expression_v03' retrieved from /opt/airflow/dags/dag_with_cross_expression.py
[2024-09-11T01:54:26.256+0000] {logging_mixin.py:188} INFO - [2024-09-11T01:54:26.256+0000] {dag.py:3096} INFO - Sync 1 DAGs
[2024-09-11T01:54:26.302+0000] {logging_mixin.py:188} INFO - [2024-09-11T01:54:26.302+0000] {dag.py:3954} INFO - Setting next_dagrun for dag_with_cross_expression_v03 to 2024-06-25 03:00:00+00:00, run_after=2024-06-26 03:00:00+00:00
[2024-09-11T01:54:26.342+0000] {processor.py:183} INFO - Processing /opt/airflow/dags/dag_with_cross_expression.py took 0.156 seconds
[2024-09-11T01:54:56.479+0000] {processor.py:161} INFO - Started process (PID=8144) to work on /opt/airflow/dags/dag_with_cross_expression.py
[2024-09-11T01:54:56.480+0000] {processor.py:830} INFO - Processing file /opt/airflow/dags/dag_with_cross_expression.py for tasks to queue
[2024-09-11T01:54:56.482+0000] {logging_mixin.py:188} INFO - [2024-09-11T01:54:56.481+0000] {dagbag.py:545} INFO - Filling up the DagBag from /opt/airflow/dags/dag_with_cross_expression.py
[2024-09-11T01:54:56.499+0000] {processor.py:840} INFO - DAG(s) 'dag_with_cross_expression_v03' retrieved from /opt/airflow/dags/dag_with_cross_expression.py
[2024-09-11T01:54:56.524+0000] {logging_mixin.py:188} INFO - [2024-09-11T01:54:56.524+0000] {dag.py:3096} INFO - Sync 1 DAGs
[2024-09-11T01:54:56.556+0000] {logging_mixin.py:188} INFO - [2024-09-11T01:54:56.556+0000] {dag.py:3954} INFO - Setting next_dagrun for dag_with_cross_expression_v03 to 2024-06-25 03:00:00+00:00, run_after=2024-06-26 03:00:00+00:00
[2024-09-11T01:54:56.583+0000] {processor.py:183} INFO - Processing /opt/airflow/dags/dag_with_cross_expression.py took 0.118 seconds
[2024-09-11T01:55:26.627+0000] {processor.py:161} INFO - Started process (PID=8616) to work on /opt/airflow/dags/dag_with_cross_expression.py
[2024-09-11T01:55:26.628+0000] {processor.py:830} INFO - Processing file /opt/airflow/dags/dag_with_cross_expression.py for tasks to queue
[2024-09-11T01:55:26.628+0000] {logging_mixin.py:188} INFO - [2024-09-11T01:55:26.628+0000] {dagbag.py:545} INFO - Filling up the DagBag from /opt/airflow/dags/dag_with_cross_expression.py
[2024-09-11T01:55:26.645+0000] {processor.py:840} INFO - DAG(s) 'dag_with_cross_expression_v03' retrieved from /opt/airflow/dags/dag_with_cross_expression.py
[2024-09-11T01:55:26.667+0000] {logging_mixin.py:188} INFO - [2024-09-11T01:55:26.666+0000] {dag.py:3096} INFO - Sync 1 DAGs
[2024-09-11T01:55:26.688+0000] {logging_mixin.py:188} INFO - [2024-09-11T01:55:26.688+0000] {dag.py:3954} INFO - Setting next_dagrun for dag_with_cross_expression_v03 to 2024-06-25 03:00:00+00:00, run_after=2024-06-26 03:00:00+00:00
[2024-09-11T01:55:26.708+0000] {processor.py:183} INFO - Processing /opt/airflow/dags/dag_with_cross_expression.py took 0.090 seconds
[2024-09-11T01:55:57.027+0000] {processor.py:161} INFO - Started process (PID=9058) to work on /opt/airflow/dags/dag_with_cross_expression.py
[2024-09-11T01:55:57.029+0000] {processor.py:830} INFO - Processing file /opt/airflow/dags/dag_with_cross_expression.py for tasks to queue
[2024-09-11T01:55:57.036+0000] {logging_mixin.py:188} INFO - [2024-09-11T01:55:57.033+0000] {dagbag.py:545} INFO - Filling up the DagBag from /opt/airflow/dags/dag_with_cross_expression.py
[2024-09-11T01:55:57.084+0000] {processor.py:840} INFO - DAG(s) 'dag_with_cross_expression_v03' retrieved from /opt/airflow/dags/dag_with_cross_expression.py
[2024-09-11T01:55:57.125+0000] {logging_mixin.py:188} INFO - [2024-09-11T01:55:57.124+0000] {dag.py:3096} INFO - Sync 1 DAGs
[2024-09-11T01:55:57.170+0000] {logging_mixin.py:188} INFO - [2024-09-11T01:55:57.170+0000] {dag.py:3954} INFO - Setting next_dagrun for dag_with_cross_expression_v03 to 2024-06-25 03:00:00+00:00, run_after=2024-06-26 03:00:00+00:00
[2024-09-11T01:55:57.212+0000] {processor.py:183} INFO - Processing /opt/airflow/dags/dag_with_cross_expression.py took 0.208 seconds
[2024-09-11T01:56:28.081+0000] {processor.py:161} INFO - Started process (PID=9518) to work on /opt/airflow/dags/dag_with_cross_expression.py
[2024-09-11T01:56:28.082+0000] {processor.py:830} INFO - Processing file /opt/airflow/dags/dag_with_cross_expression.py for tasks to queue
[2024-09-11T01:56:28.084+0000] {logging_mixin.py:188} INFO - [2024-09-11T01:56:28.084+0000] {dagbag.py:545} INFO - Filling up the DagBag from /opt/airflow/dags/dag_with_cross_expression.py
[2024-09-11T01:56:28.140+0000] {processor.py:840} INFO - DAG(s) 'dag_with_cross_expression_v03' retrieved from /opt/airflow/dags/dag_with_cross_expression.py
[2024-09-11T01:56:28.200+0000] {logging_mixin.py:188} INFO - [2024-09-11T01:56:28.200+0000] {dag.py:3096} INFO - Sync 1 DAGs
[2024-09-11T01:56:28.242+0000] {logging_mixin.py:188} INFO - [2024-09-11T01:56:28.241+0000] {dag.py:3954} INFO - Setting next_dagrun for dag_with_cross_expression_v03 to 2024-06-25 03:00:00+00:00, run_after=2024-06-26 03:00:00+00:00
[2024-09-11T01:56:28.275+0000] {processor.py:183} INFO - Processing /opt/airflow/dags/dag_with_cross_expression.py took 0.213 seconds
[2024-09-11T01:56:58.389+0000] {processor.py:161} INFO - Started process (PID=10007) to work on /opt/airflow/dags/dag_with_cross_expression.py
[2024-09-11T01:56:58.391+0000] {processor.py:830} INFO - Processing file /opt/airflow/dags/dag_with_cross_expression.py for tasks to queue
[2024-09-11T01:56:58.394+0000] {logging_mixin.py:188} INFO - [2024-09-11T01:56:58.392+0000] {dagbag.py:545} INFO - Filling up the DagBag from /opt/airflow/dags/dag_with_cross_expression.py
[2024-09-11T01:56:58.429+0000] {processor.py:840} INFO - DAG(s) 'dag_with_cross_expression_v03' retrieved from /opt/airflow/dags/dag_with_cross_expression.py
[2024-09-11T01:56:58.462+0000] {logging_mixin.py:188} INFO - [2024-09-11T01:56:58.462+0000] {dag.py:3096} INFO - Sync 1 DAGs
[2024-09-11T01:56:58.497+0000] {logging_mixin.py:188} INFO - [2024-09-11T01:56:58.496+0000] {dag.py:3954} INFO - Setting next_dagrun for dag_with_cross_expression_v03 to 2024-06-25 03:00:00+00:00, run_after=2024-06-26 03:00:00+00:00
[2024-09-11T01:56:58.530+0000] {processor.py:183} INFO - Processing /opt/airflow/dags/dag_with_cross_expression.py took 0.158 seconds
[2024-09-11T01:57:28.742+0000] {processor.py:161} INFO - Started process (PID=10413) to work on /opt/airflow/dags/dag_with_cross_expression.py
[2024-09-11T01:57:28.745+0000] {processor.py:830} INFO - Processing file /opt/airflow/dags/dag_with_cross_expression.py for tasks to queue
[2024-09-11T01:57:28.747+0000] {logging_mixin.py:188} INFO - [2024-09-11T01:57:28.746+0000] {dagbag.py:545} INFO - Filling up the DagBag from /opt/airflow/dags/dag_with_cross_expression.py
[2024-09-11T01:57:28.794+0000] {processor.py:840} INFO - DAG(s) 'dag_with_cross_expression_v03' retrieved from /opt/airflow/dags/dag_with_cross_expression.py
[2024-09-11T01:57:28.959+0000] {logging_mixin.py:188} INFO - [2024-09-11T01:57:28.959+0000] {dag.py:3096} INFO - Sync 1 DAGs
[2024-09-11T01:57:29.043+0000] {logging_mixin.py:188} INFO - [2024-09-11T01:57:29.041+0000] {dag.py:3954} INFO - Setting next_dagrun for dag_with_cross_expression_v03 to 2024-06-25 03:00:00+00:00, run_after=2024-06-26 03:00:00+00:00
[2024-09-11T01:57:29.104+0000] {processor.py:183} INFO - Processing /opt/airflow/dags/dag_with_cross_expression.py took 0.376 seconds
[2024-09-11T01:57:59.490+0000] {processor.py:161} INFO - Started process (PID=10890) to work on /opt/airflow/dags/dag_with_cross_expression.py
[2024-09-11T01:57:59.493+0000] {processor.py:830} INFO - Processing file /opt/airflow/dags/dag_with_cross_expression.py for tasks to queue
[2024-09-11T01:57:59.495+0000] {logging_mixin.py:188} INFO - [2024-09-11T01:57:59.494+0000] {dagbag.py:545} INFO - Filling up the DagBag from /opt/airflow/dags/dag_with_cross_expression.py
[2024-09-11T01:57:59.549+0000] {processor.py:840} INFO - DAG(s) 'dag_with_cross_expression_v03' retrieved from /opt/airflow/dags/dag_with_cross_expression.py
[2024-09-11T01:57:59.634+0000] {logging_mixin.py:188} INFO - [2024-09-11T01:57:59.633+0000] {dag.py:3096} INFO - Sync 1 DAGs
[2024-09-11T01:57:59.679+0000] {logging_mixin.py:188} INFO - [2024-09-11T01:57:59.678+0000] {dag.py:3954} INFO - Setting next_dagrun for dag_with_cross_expression_v03 to 2024-06-25 03:00:00+00:00, run_after=2024-06-26 03:00:00+00:00
[2024-09-11T01:57:59.740+0000] {processor.py:183} INFO - Processing /opt/airflow/dags/dag_with_cross_expression.py took 0.267 seconds
[2024-09-11T01:58:29.951+0000] {processor.py:161} INFO - Started process (PID=11383) to work on /opt/airflow/dags/dag_with_cross_expression.py
[2024-09-11T01:58:29.953+0000] {processor.py:830} INFO - Processing file /opt/airflow/dags/dag_with_cross_expression.py for tasks to queue
[2024-09-11T01:58:29.955+0000] {logging_mixin.py:188} INFO - [2024-09-11T01:58:29.955+0000] {dagbag.py:545} INFO - Filling up the DagBag from /opt/airflow/dags/dag_with_cross_expression.py
[2024-09-11T01:58:30.003+0000] {processor.py:840} INFO - DAG(s) 'dag_with_cross_expression_v03' retrieved from /opt/airflow/dags/dag_with_cross_expression.py
[2024-09-11T01:58:30.038+0000] {logging_mixin.py:188} INFO - [2024-09-11T01:58:30.037+0000] {dag.py:3096} INFO - Sync 1 DAGs
[2024-09-11T01:58:30.082+0000] {logging_mixin.py:188} INFO - [2024-09-11T01:58:30.081+0000] {dag.py:3954} INFO - Setting next_dagrun for dag_with_cross_expression_v03 to 2024-06-25 03:00:00+00:00, run_after=2024-06-26 03:00:00+00:00
[2024-09-11T01:58:30.150+0000] {processor.py:183} INFO - Processing /opt/airflow/dags/dag_with_cross_expression.py took 0.213 seconds
[2024-09-11T01:59:00.520+0000] {processor.py:161} INFO - Started process (PID=11849) to work on /opt/airflow/dags/dag_with_cross_expression.py
[2024-09-11T01:59:00.521+0000] {processor.py:830} INFO - Processing file /opt/airflow/dags/dag_with_cross_expression.py for tasks to queue
[2024-09-11T01:59:00.522+0000] {logging_mixin.py:188} INFO - [2024-09-11T01:59:00.521+0000] {dagbag.py:545} INFO - Filling up the DagBag from /opt/airflow/dags/dag_with_cross_expression.py
[2024-09-11T01:59:00.550+0000] {processor.py:840} INFO - DAG(s) 'dag_with_cross_expression_v03' retrieved from /opt/airflow/dags/dag_with_cross_expression.py
[2024-09-11T01:59:00.586+0000] {logging_mixin.py:188} INFO - [2024-09-11T01:59:00.585+0000] {dag.py:3096} INFO - Sync 1 DAGs
[2024-09-11T01:59:00.634+0000] {logging_mixin.py:188} INFO - [2024-09-11T01:59:00.633+0000] {dag.py:3954} INFO - Setting next_dagrun for dag_with_cross_expression_v03 to 2024-06-25 03:00:00+00:00, run_after=2024-06-26 03:00:00+00:00
[2024-09-11T01:59:00.691+0000] {processor.py:183} INFO - Processing /opt/airflow/dags/dag_with_cross_expression.py took 0.186 seconds
[2024-09-11T01:59:30.950+0000] {processor.py:161} INFO - Started process (PID=12258) to work on /opt/airflow/dags/dag_with_cross_expression.py
[2024-09-11T01:59:30.952+0000] {processor.py:830} INFO - Processing file /opt/airflow/dags/dag_with_cross_expression.py for tasks to queue
[2024-09-11T01:59:30.954+0000] {logging_mixin.py:188} INFO - [2024-09-11T01:59:30.954+0000] {dagbag.py:545} INFO - Filling up the DagBag from /opt/airflow/dags/dag_with_cross_expression.py
[2024-09-11T01:59:30.981+0000] {processor.py:840} INFO - DAG(s) 'dag_with_cross_expression_v03' retrieved from /opt/airflow/dags/dag_with_cross_expression.py
[2024-09-11T01:59:31.015+0000] {logging_mixin.py:188} INFO - [2024-09-11T01:59:31.015+0000] {dag.py:3096} INFO - Sync 1 DAGs
[2024-09-11T01:59:31.050+0000] {logging_mixin.py:188} INFO - [2024-09-11T01:59:31.049+0000] {dag.py:3954} INFO - Setting next_dagrun for dag_with_cross_expression_v03 to 2024-06-25 03:00:00+00:00, run_after=2024-06-26 03:00:00+00:00
[2024-09-11T01:59:31.090+0000] {processor.py:183} INFO - Processing /opt/airflow/dags/dag_with_cross_expression.py took 0.152 seconds
[2024-09-11T02:00:01.649+0000] {processor.py:161} INFO - Started process (PID=12834) to work on /opt/airflow/dags/dag_with_cross_expression.py
[2024-09-11T02:00:01.651+0000] {processor.py:830} INFO - Processing file /opt/airflow/dags/dag_with_cross_expression.py for tasks to queue
[2024-09-11T02:00:01.652+0000] {logging_mixin.py:188} INFO - [2024-09-11T02:00:01.652+0000] {dagbag.py:545} INFO - Filling up the DagBag from /opt/airflow/dags/dag_with_cross_expression.py
[2024-09-11T02:00:01.713+0000] {processor.py:840} INFO - DAG(s) 'dag_with_cross_expression_v03' retrieved from /opt/airflow/dags/dag_with_cross_expression.py
[2024-09-11T02:00:01.751+0000] {logging_mixin.py:188} INFO - [2024-09-11T02:00:01.751+0000] {dag.py:3096} INFO - Sync 1 DAGs
[2024-09-11T02:00:01.805+0000] {logging_mixin.py:188} INFO - [2024-09-11T02:00:01.804+0000] {dag.py:3954} INFO - Setting next_dagrun for dag_with_cross_expression_v03 to 2024-06-25 03:00:00+00:00, run_after=2024-06-26 03:00:00+00:00
[2024-09-11T02:00:01.860+0000] {processor.py:183} INFO - Processing /opt/airflow/dags/dag_with_cross_expression.py took 0.235 seconds
[2024-09-11T02:00:32.661+0000] {processor.py:161} INFO - Started process (PID=12977) to work on /opt/airflow/dags/dag_with_cross_expression.py
[2024-09-11T02:00:32.662+0000] {processor.py:830} INFO - Processing file /opt/airflow/dags/dag_with_cross_expression.py for tasks to queue
[2024-09-11T02:00:32.663+0000] {logging_mixin.py:188} INFO - [2024-09-11T02:00:32.662+0000] {dagbag.py:545} INFO - Filling up the DagBag from /opt/airflow/dags/dag_with_cross_expression.py
[2024-09-11T02:00:32.676+0000] {processor.py:840} INFO - DAG(s) 'dag_with_cross_expression_v03' retrieved from /opt/airflow/dags/dag_with_cross_expression.py
[2024-09-11T02:00:32.693+0000] {logging_mixin.py:188} INFO - [2024-09-11T02:00:32.693+0000] {dag.py:3096} INFO - Sync 1 DAGs
[2024-09-11T02:00:32.712+0000] {logging_mixin.py:188} INFO - [2024-09-11T02:00:32.712+0000] {dag.py:3954} INFO - Setting next_dagrun for dag_with_cross_expression_v03 to 2024-06-25 03:00:00+00:00, run_after=2024-06-26 03:00:00+00:00
[2024-09-11T02:00:32.732+0000] {processor.py:183} INFO - Processing /opt/airflow/dags/dag_with_cross_expression.py took 0.079 seconds
[2024-09-11T02:01:03.516+0000] {processor.py:161} INFO - Started process (PID=13038) to work on /opt/airflow/dags/dag_with_cross_expression.py
[2024-09-11T02:01:03.517+0000] {processor.py:830} INFO - Processing file /opt/airflow/dags/dag_with_cross_expression.py for tasks to queue
[2024-09-11T02:01:03.517+0000] {logging_mixin.py:188} INFO - [2024-09-11T02:01:03.517+0000] {dagbag.py:545} INFO - Filling up the DagBag from /opt/airflow/dags/dag_with_cross_expression.py
[2024-09-11T02:01:03.531+0000] {processor.py:840} INFO - DAG(s) 'dag_with_cross_expression_v03' retrieved from /opt/airflow/dags/dag_with_cross_expression.py
[2024-09-11T02:01:03.550+0000] {logging_mixin.py:188} INFO - [2024-09-11T02:01:03.550+0000] {dag.py:3096} INFO - Sync 1 DAGs
[2024-09-11T02:01:03.570+0000] {logging_mixin.py:188} INFO - [2024-09-11T02:01:03.570+0000] {dag.py:3954} INFO - Setting next_dagrun for dag_with_cross_expression_v03 to 2024-06-25 03:00:00+00:00, run_after=2024-06-26 03:00:00+00:00
[2024-09-11T02:01:03.592+0000] {processor.py:183} INFO - Processing /opt/airflow/dags/dag_with_cross_expression.py took 0.085 seconds
[2024-09-11T02:01:34.414+0000] {processor.py:161} INFO - Started process (PID=13257) to work on /opt/airflow/dags/dag_with_cross_expression.py
[2024-09-11T02:01:34.417+0000] {processor.py:830} INFO - Processing file /opt/airflow/dags/dag_with_cross_expression.py for tasks to queue
[2024-09-11T02:01:34.418+0000] {logging_mixin.py:188} INFO - [2024-09-11T02:01:34.418+0000] {dagbag.py:545} INFO - Filling up the DagBag from /opt/airflow/dags/dag_with_cross_expression.py
[2024-09-11T02:01:34.450+0000] {processor.py:840} INFO - DAG(s) 'dag_with_cross_expression_v03' retrieved from /opt/airflow/dags/dag_with_cross_expression.py
[2024-09-11T02:01:34.482+0000] {logging_mixin.py:188} INFO - [2024-09-11T02:01:34.481+0000] {dag.py:3096} INFO - Sync 1 DAGs
[2024-09-11T02:01:34.517+0000] {logging_mixin.py:188} INFO - [2024-09-11T02:01:34.517+0000] {dag.py:3954} INFO - Setting next_dagrun for dag_with_cross_expression_v03 to 2024-06-25 03:00:00+00:00, run_after=2024-06-26 03:00:00+00:00
[2024-09-11T02:01:34.562+0000] {processor.py:183} INFO - Processing /opt/airflow/dags/dag_with_cross_expression.py took 0.162 seconds
[2024-09-11T02:02:04.826+0000] {processor.py:161} INFO - Started process (PID=13598) to work on /opt/airflow/dags/dag_with_cross_expression.py
[2024-09-11T02:02:04.827+0000] {processor.py:830} INFO - Processing file /opt/airflow/dags/dag_with_cross_expression.py for tasks to queue
[2024-09-11T02:02:04.828+0000] {logging_mixin.py:188} INFO - [2024-09-11T02:02:04.827+0000] {dagbag.py:545} INFO - Filling up the DagBag from /opt/airflow/dags/dag_with_cross_expression.py
[2024-09-11T02:02:04.841+0000] {processor.py:840} INFO - DAG(s) 'dag_with_cross_expression_v03' retrieved from /opt/airflow/dags/dag_with_cross_expression.py
[2024-09-11T02:02:04.859+0000] {logging_mixin.py:188} INFO - [2024-09-11T02:02:04.859+0000] {dag.py:3096} INFO - Sync 1 DAGs
[2024-09-11T02:02:04.879+0000] {logging_mixin.py:188} INFO - [2024-09-11T02:02:04.879+0000] {dag.py:3954} INFO - Setting next_dagrun for dag_with_cross_expression_v03 to 2024-06-25 03:00:00+00:00, run_after=2024-06-26 03:00:00+00:00
[2024-09-11T02:02:04.901+0000] {processor.py:183} INFO - Processing /opt/airflow/dags/dag_with_cross_expression.py took 0.083 seconds
[2024-09-11T02:02:35.610+0000] {processor.py:161} INFO - Started process (PID=13659) to work on /opt/airflow/dags/dag_with_cross_expression.py
[2024-09-11T02:02:35.610+0000] {processor.py:830} INFO - Processing file /opt/airflow/dags/dag_with_cross_expression.py for tasks to queue
[2024-09-11T02:02:35.611+0000] {logging_mixin.py:188} INFO - [2024-09-11T02:02:35.611+0000] {dagbag.py:545} INFO - Filling up the DagBag from /opt/airflow/dags/dag_with_cross_expression.py
[2024-09-11T02:02:35.625+0000] {processor.py:840} INFO - DAG(s) 'dag_with_cross_expression_v03' retrieved from /opt/airflow/dags/dag_with_cross_expression.py
[2024-09-11T02:02:35.644+0000] {logging_mixin.py:188} INFO - [2024-09-11T02:02:35.644+0000] {dag.py:3096} INFO - Sync 1 DAGs
[2024-09-11T02:02:35.663+0000] {logging_mixin.py:188} INFO - [2024-09-11T02:02:35.663+0000] {dag.py:3954} INFO - Setting next_dagrun for dag_with_cross_expression_v03 to 2024-06-25 03:00:00+00:00, run_after=2024-06-26 03:00:00+00:00
[2024-09-11T02:02:35.684+0000] {processor.py:183} INFO - Processing /opt/airflow/dags/dag_with_cross_expression.py took 0.083 seconds
[2024-09-11T02:03:06.321+0000] {processor.py:161} INFO - Started process (PID=13720) to work on /opt/airflow/dags/dag_with_cross_expression.py
[2024-09-11T02:03:06.322+0000] {processor.py:830} INFO - Processing file /opt/airflow/dags/dag_with_cross_expression.py for tasks to queue
[2024-09-11T02:03:06.322+0000] {logging_mixin.py:188} INFO - [2024-09-11T02:03:06.322+0000] {dagbag.py:545} INFO - Filling up the DagBag from /opt/airflow/dags/dag_with_cross_expression.py
[2024-09-11T02:03:06.336+0000] {processor.py:840} INFO - DAG(s) 'dag_with_cross_expression_v03' retrieved from /opt/airflow/dags/dag_with_cross_expression.py
[2024-09-11T02:03:06.355+0000] {logging_mixin.py:188} INFO - [2024-09-11T02:03:06.355+0000] {dag.py:3096} INFO - Sync 1 DAGs
[2024-09-11T02:03:06.375+0000] {logging_mixin.py:188} INFO - [2024-09-11T02:03:06.375+0000] {dag.py:3954} INFO - Setting next_dagrun for dag_with_cross_expression_v03 to 2024-06-25 03:00:00+00:00, run_after=2024-06-26 03:00:00+00:00
[2024-09-11T02:03:06.396+0000] {processor.py:183} INFO - Processing /opt/airflow/dags/dag_with_cross_expression.py took 0.084 seconds
[2024-09-11T02:03:37.022+0000] {processor.py:161} INFO - Started process (PID=13781) to work on /opt/airflow/dags/dag_with_cross_expression.py
[2024-09-11T02:03:37.023+0000] {processor.py:830} INFO - Processing file /opt/airflow/dags/dag_with_cross_expression.py for tasks to queue
[2024-09-11T02:03:37.023+0000] {logging_mixin.py:188} INFO - [2024-09-11T02:03:37.023+0000] {dagbag.py:545} INFO - Filling up the DagBag from /opt/airflow/dags/dag_with_cross_expression.py
[2024-09-11T02:03:37.037+0000] {processor.py:840} INFO - DAG(s) 'dag_with_cross_expression_v03' retrieved from /opt/airflow/dags/dag_with_cross_expression.py
[2024-09-11T02:03:37.054+0000] {logging_mixin.py:188} INFO - [2024-09-11T02:03:37.054+0000] {dag.py:3096} INFO - Sync 1 DAGs
[2024-09-11T02:03:37.072+0000] {logging_mixin.py:188} INFO - [2024-09-11T02:03:37.072+0000] {dag.py:3954} INFO - Setting next_dagrun for dag_with_cross_expression_v03 to 2024-06-25 03:00:00+00:00, run_after=2024-06-26 03:00:00+00:00
[2024-09-11T02:03:37.093+0000] {processor.py:183} INFO - Processing /opt/airflow/dags/dag_with_cross_expression.py took 0.079 seconds
[2024-09-11T02:04:07.743+0000] {processor.py:161} INFO - Started process (PID=13842) to work on /opt/airflow/dags/dag_with_cross_expression.py
[2024-09-11T02:04:07.744+0000] {processor.py:830} INFO - Processing file /opt/airflow/dags/dag_with_cross_expression.py for tasks to queue
[2024-09-11T02:04:07.745+0000] {logging_mixin.py:188} INFO - [2024-09-11T02:04:07.745+0000] {dagbag.py:545} INFO - Filling up the DagBag from /opt/airflow/dags/dag_with_cross_expression.py
[2024-09-11T02:04:07.762+0000] {processor.py:840} INFO - DAG(s) 'dag_with_cross_expression_v03' retrieved from /opt/airflow/dags/dag_with_cross_expression.py
[2024-09-11T02:04:07.784+0000] {logging_mixin.py:188} INFO - [2024-09-11T02:04:07.783+0000] {dag.py:3096} INFO - Sync 1 DAGs
[2024-09-11T02:04:07.810+0000] {logging_mixin.py:188} INFO - [2024-09-11T02:04:07.809+0000] {dag.py:3954} INFO - Setting next_dagrun for dag_with_cross_expression_v03 to 2024-06-25 03:00:00+00:00, run_after=2024-06-26 03:00:00+00:00
[2024-09-11T02:04:07.832+0000] {processor.py:183} INFO - Processing /opt/airflow/dags/dag_with_cross_expression.py took 0.101 seconds
[2024-09-11T02:04:38.540+0000] {processor.py:161} INFO - Started process (PID=13909) to work on /opt/airflow/dags/dag_with_cross_expression.py
[2024-09-11T02:04:38.541+0000] {processor.py:830} INFO - Processing file /opt/airflow/dags/dag_with_cross_expression.py for tasks to queue
[2024-09-11T02:04:38.542+0000] {logging_mixin.py:188} INFO - [2024-09-11T02:04:38.542+0000] {dagbag.py:545} INFO - Filling up the DagBag from /opt/airflow/dags/dag_with_cross_expression.py
[2024-09-11T02:04:38.556+0000] {processor.py:840} INFO - DAG(s) 'dag_with_cross_expression_v03' retrieved from /opt/airflow/dags/dag_with_cross_expression.py
[2024-09-11T02:04:38.574+0000] {logging_mixin.py:188} INFO - [2024-09-11T02:04:38.574+0000] {dag.py:3096} INFO - Sync 1 DAGs
[2024-09-11T02:04:38.594+0000] {logging_mixin.py:188} INFO - [2024-09-11T02:04:38.593+0000] {dag.py:3954} INFO - Setting next_dagrun for dag_with_cross_expression_v03 to 2024-06-25 03:00:00+00:00, run_after=2024-06-26 03:00:00+00:00
[2024-09-11T02:04:38.609+0000] {processor.py:183} INFO - Processing /opt/airflow/dags/dag_with_cross_expression.py took 0.077 seconds
[2024-09-11T02:05:09.200+0000] {processor.py:161} INFO - Started process (PID=13970) to work on /opt/airflow/dags/dag_with_cross_expression.py
[2024-09-11T02:05:09.201+0000] {processor.py:830} INFO - Processing file /opt/airflow/dags/dag_with_cross_expression.py for tasks to queue
[2024-09-11T02:05:09.202+0000] {logging_mixin.py:188} INFO - [2024-09-11T02:05:09.201+0000] {dagbag.py:545} INFO - Filling up the DagBag from /opt/airflow/dags/dag_with_cross_expression.py
[2024-09-11T02:05:09.214+0000] {processor.py:840} INFO - DAG(s) 'dag_with_cross_expression_v03' retrieved from /opt/airflow/dags/dag_with_cross_expression.py
[2024-09-11T02:05:09.232+0000] {logging_mixin.py:188} INFO - [2024-09-11T02:05:09.232+0000] {dag.py:3096} INFO - Sync 1 DAGs
[2024-09-11T02:05:09.250+0000] {logging_mixin.py:188} INFO - [2024-09-11T02:05:09.249+0000] {dag.py:3954} INFO - Setting next_dagrun for dag_with_cross_expression_v03 to 2024-06-25 03:00:00+00:00, run_after=2024-06-26 03:00:00+00:00
[2024-09-11T02:05:09.266+0000] {processor.py:183} INFO - Processing /opt/airflow/dags/dag_with_cross_expression.py took 0.074 seconds
[2024-09-11T02:05:39.911+0000] {processor.py:161} INFO - Started process (PID=14026) to work on /opt/airflow/dags/dag_with_cross_expression.py
[2024-09-11T02:05:39.912+0000] {processor.py:830} INFO - Processing file /opt/airflow/dags/dag_with_cross_expression.py for tasks to queue
[2024-09-11T02:05:39.913+0000] {logging_mixin.py:188} INFO - [2024-09-11T02:05:39.913+0000] {dagbag.py:545} INFO - Filling up the DagBag from /opt/airflow/dags/dag_with_cross_expression.py
[2024-09-11T02:05:39.925+0000] {processor.py:840} INFO - DAG(s) 'dag_with_cross_expression_v03' retrieved from /opt/airflow/dags/dag_with_cross_expression.py
[2024-09-11T02:05:39.942+0000] {logging_mixin.py:188} INFO - [2024-09-11T02:05:39.942+0000] {dag.py:3096} INFO - Sync 1 DAGs
[2024-09-11T02:05:39.961+0000] {logging_mixin.py:188} INFO - [2024-09-11T02:05:39.961+0000] {dag.py:3954} INFO - Setting next_dagrun for dag_with_cross_expression_v03 to 2024-06-25 03:00:00+00:00, run_after=2024-06-26 03:00:00+00:00
[2024-09-11T02:05:39.978+0000] {processor.py:183} INFO - Processing /opt/airflow/dags/dag_with_cross_expression.py took 0.076 seconds
[2024-09-11T02:06:10.509+0000] {processor.py:161} INFO - Started process (PID=14092) to work on /opt/airflow/dags/dag_with_cross_expression.py
[2024-09-11T02:06:10.510+0000] {processor.py:830} INFO - Processing file /opt/airflow/dags/dag_with_cross_expression.py for tasks to queue
[2024-09-11T02:06:10.512+0000] {logging_mixin.py:188} INFO - [2024-09-11T02:06:10.511+0000] {dagbag.py:545} INFO - Filling up the DagBag from /opt/airflow/dags/dag_with_cross_expression.py
[2024-09-11T02:06:10.548+0000] {processor.py:840} INFO - DAG(s) 'dag_with_cross_expression_v03' retrieved from /opt/airflow/dags/dag_with_cross_expression.py
[2024-09-11T02:06:10.584+0000] {logging_mixin.py:188} INFO - [2024-09-11T02:06:10.583+0000] {dag.py:3096} INFO - Sync 1 DAGs
[2024-09-11T02:06:10.624+0000] {logging_mixin.py:188} INFO - [2024-09-11T02:06:10.623+0000] {dag.py:3954} INFO - Setting next_dagrun for dag_with_cross_expression_v03 to 2024-06-25 03:00:00+00:00, run_after=2024-06-26 03:00:00+00:00
[2024-09-11T02:06:10.667+0000] {processor.py:183} INFO - Processing /opt/airflow/dags/dag_with_cross_expression.py took 0.187 seconds
[2024-09-11T02:06:40.844+0000] {processor.py:161} INFO - Started process (PID=14402) to work on /opt/airflow/dags/dag_with_cross_expression.py
[2024-09-11T02:06:40.844+0000] {processor.py:830} INFO - Processing file /opt/airflow/dags/dag_with_cross_expression.py for tasks to queue
[2024-09-11T02:06:40.845+0000] {logging_mixin.py:188} INFO - [2024-09-11T02:06:40.845+0000] {dagbag.py:545} INFO - Filling up the DagBag from /opt/airflow/dags/dag_with_cross_expression.py
[2024-09-11T02:06:40.859+0000] {processor.py:840} INFO - DAG(s) 'dag_with_cross_expression_v03' retrieved from /opt/airflow/dags/dag_with_cross_expression.py
[2024-09-11T02:06:40.879+0000] {logging_mixin.py:188} INFO - [2024-09-11T02:06:40.879+0000] {dag.py:3096} INFO - Sync 1 DAGs
[2024-09-11T02:06:40.902+0000] {logging_mixin.py:188} INFO - [2024-09-11T02:06:40.901+0000] {dag.py:3954} INFO - Setting next_dagrun for dag_with_cross_expression_v03 to 2024-06-25 03:00:00+00:00, run_after=2024-06-26 03:00:00+00:00
[2024-09-11T02:06:40.921+0000] {processor.py:183} INFO - Processing /opt/airflow/dags/dag_with_cross_expression.py took 0.088 seconds
[2024-09-11T02:07:11.796+0000] {processor.py:161} INFO - Started process (PID=14632) to work on /opt/airflow/dags/dag_with_cross_expression.py
[2024-09-11T02:07:11.796+0000] {processor.py:830} INFO - Processing file /opt/airflow/dags/dag_with_cross_expression.py for tasks to queue
[2024-09-11T02:07:11.797+0000] {logging_mixin.py:188} INFO - [2024-09-11T02:07:11.797+0000] {dagbag.py:545} INFO - Filling up the DagBag from /opt/airflow/dags/dag_with_cross_expression.py
[2024-09-11T02:07:11.814+0000] {processor.py:840} INFO - DAG(s) 'dag_with_cross_expression_v03' retrieved from /opt/airflow/dags/dag_with_cross_expression.py
[2024-09-11T02:07:11.837+0000] {logging_mixin.py:188} INFO - [2024-09-11T02:07:11.836+0000] {dag.py:3096} INFO - Sync 1 DAGs
[2024-09-11T02:07:11.858+0000] {logging_mixin.py:188} INFO - [2024-09-11T02:07:11.858+0000] {dag.py:3954} INFO - Setting next_dagrun for dag_with_cross_expression_v03 to 2024-06-25 03:00:00+00:00, run_after=2024-06-26 03:00:00+00:00
[2024-09-11T02:07:11.880+0000] {processor.py:183} INFO - Processing /opt/airflow/dags/dag_with_cross_expression.py took 0.093 seconds
[2024-09-11T02:07:42.558+0000] {processor.py:161} INFO - Started process (PID=14688) to work on /opt/airflow/dags/dag_with_cross_expression.py
[2024-09-11T02:07:42.559+0000] {processor.py:830} INFO - Processing file /opt/airflow/dags/dag_with_cross_expression.py for tasks to queue
[2024-09-11T02:07:42.560+0000] {logging_mixin.py:188} INFO - [2024-09-11T02:07:42.560+0000] {dagbag.py:545} INFO - Filling up the DagBag from /opt/airflow/dags/dag_with_cross_expression.py
[2024-09-11T02:07:42.575+0000] {processor.py:840} INFO - DAG(s) 'dag_with_cross_expression_v03' retrieved from /opt/airflow/dags/dag_with_cross_expression.py
[2024-09-11T02:07:42.593+0000] {logging_mixin.py:188} INFO - [2024-09-11T02:07:42.593+0000] {dag.py:3096} INFO - Sync 1 DAGs
[2024-09-11T02:07:42.614+0000] {logging_mixin.py:188} INFO - [2024-09-11T02:07:42.614+0000] {dag.py:3954} INFO - Setting next_dagrun for dag_with_cross_expression_v03 to 2024-06-25 03:00:00+00:00, run_after=2024-06-26 03:00:00+00:00
[2024-09-11T02:07:42.634+0000] {processor.py:183} INFO - Processing /opt/airflow/dags/dag_with_cross_expression.py took 0.084 seconds
[2024-09-11T02:08:13.325+0000] {processor.py:161} INFO - Started process (PID=14744) to work on /opt/airflow/dags/dag_with_cross_expression.py
[2024-09-11T02:08:13.326+0000] {processor.py:830} INFO - Processing file /opt/airflow/dags/dag_with_cross_expression.py for tasks to queue
[2024-09-11T02:08:13.327+0000] {logging_mixin.py:188} INFO - [2024-09-11T02:08:13.327+0000] {dagbag.py:545} INFO - Filling up the DagBag from /opt/airflow/dags/dag_with_cross_expression.py
[2024-09-11T02:08:13.340+0000] {processor.py:840} INFO - DAG(s) 'dag_with_cross_expression_v03' retrieved from /opt/airflow/dags/dag_with_cross_expression.py
[2024-09-11T02:08:13.357+0000] {logging_mixin.py:188} INFO - [2024-09-11T02:08:13.357+0000] {dag.py:3096} INFO - Sync 1 DAGs
[2024-09-11T02:08:13.376+0000] {logging_mixin.py:188} INFO - [2024-09-11T02:08:13.375+0000] {dag.py:3954} INFO - Setting next_dagrun for dag_with_cross_expression_v03 to 2024-06-25 03:00:00+00:00, run_after=2024-06-26 03:00:00+00:00
[2024-09-11T02:08:13.394+0000] {processor.py:183} INFO - Processing /opt/airflow/dags/dag_with_cross_expression.py took 0.079 seconds
[2024-09-11T02:08:43.965+0000] {processor.py:161} INFO - Started process (PID=14800) to work on /opt/airflow/dags/dag_with_cross_expression.py
[2024-09-11T02:08:43.966+0000] {processor.py:830} INFO - Processing file /opt/airflow/dags/dag_with_cross_expression.py for tasks to queue
[2024-09-11T02:08:43.967+0000] {logging_mixin.py:188} INFO - [2024-09-11T02:08:43.967+0000] {dagbag.py:545} INFO - Filling up the DagBag from /opt/airflow/dags/dag_with_cross_expression.py
[2024-09-11T02:08:43.979+0000] {processor.py:840} INFO - DAG(s) 'dag_with_cross_expression_v03' retrieved from /opt/airflow/dags/dag_with_cross_expression.py
[2024-09-11T02:08:43.997+0000] {logging_mixin.py:188} INFO - [2024-09-11T02:08:43.997+0000] {dag.py:3096} INFO - Sync 1 DAGs
[2024-09-11T02:08:44.017+0000] {logging_mixin.py:188} INFO - [2024-09-11T02:08:44.017+0000] {dag.py:3954} INFO - Setting next_dagrun for dag_with_cross_expression_v03 to 2024-06-25 03:00:00+00:00, run_after=2024-06-26 03:00:00+00:00
[2024-09-11T02:08:44.037+0000] {processor.py:183} INFO - Processing /opt/airflow/dags/dag_with_cross_expression.py took 0.081 seconds
[2024-09-11T02:09:14.655+0000] {processor.py:161} INFO - Started process (PID=14856) to work on /opt/airflow/dags/dag_with_cross_expression.py
[2024-09-11T02:09:14.656+0000] {processor.py:830} INFO - Processing file /opt/airflow/dags/dag_with_cross_expression.py for tasks to queue
[2024-09-11T02:09:14.657+0000] {logging_mixin.py:188} INFO - [2024-09-11T02:09:14.656+0000] {dagbag.py:545} INFO - Filling up the DagBag from /opt/airflow/dags/dag_with_cross_expression.py
[2024-09-11T02:09:14.670+0000] {processor.py:840} INFO - DAG(s) 'dag_with_cross_expression_v03' retrieved from /opt/airflow/dags/dag_with_cross_expression.py
[2024-09-11T02:09:14.687+0000] {logging_mixin.py:188} INFO - [2024-09-11T02:09:14.687+0000] {dag.py:3096} INFO - Sync 1 DAGs
[2024-09-11T02:09:14.705+0000] {logging_mixin.py:188} INFO - [2024-09-11T02:09:14.705+0000] {dag.py:3954} INFO - Setting next_dagrun for dag_with_cross_expression_v03 to 2024-06-25 03:00:00+00:00, run_after=2024-06-26 03:00:00+00:00
[2024-09-11T02:09:14.735+0000] {processor.py:183} INFO - Processing /opt/airflow/dags/dag_with_cross_expression.py took 0.088 seconds
[2024-09-11T02:09:44.900+0000] {processor.py:161} INFO - Started process (PID=14919) to work on /opt/airflow/dags/dag_with_cross_expression.py
[2024-09-11T02:09:44.901+0000] {processor.py:830} INFO - Processing file /opt/airflow/dags/dag_with_cross_expression.py for tasks to queue
[2024-09-11T02:09:44.902+0000] {logging_mixin.py:188} INFO - [2024-09-11T02:09:44.902+0000] {dagbag.py:545} INFO - Filling up the DagBag from /opt/airflow/dags/dag_with_cross_expression.py
[2024-09-11T02:09:44.917+0000] {processor.py:840} INFO - DAG(s) 'dag_with_cross_expression_v03' retrieved from /opt/airflow/dags/dag_with_cross_expression.py
[2024-09-11T02:09:44.936+0000] {logging_mixin.py:188} INFO - [2024-09-11T02:09:44.935+0000] {dag.py:3096} INFO - Sync 1 DAGs
[2024-09-11T02:09:44.956+0000] {logging_mixin.py:188} INFO - [2024-09-11T02:09:44.956+0000] {dag.py:3954} INFO - Setting next_dagrun for dag_with_cross_expression_v03 to 2024-06-25 03:00:00+00:00, run_after=2024-06-26 03:00:00+00:00
[2024-09-11T02:09:44.976+0000] {processor.py:183} INFO - Processing /opt/airflow/dags/dag_with_cross_expression.py took 0.084 seconds
[2024-09-11T02:10:15.487+0000] {processor.py:161} INFO - Started process (PID=14960) to work on /opt/airflow/dags/dag_with_cross_expression.py
[2024-09-11T02:10:15.488+0000] {processor.py:830} INFO - Processing file /opt/airflow/dags/dag_with_cross_expression.py for tasks to queue
[2024-09-11T02:10:15.489+0000] {logging_mixin.py:188} INFO - [2024-09-11T02:10:15.488+0000] {dagbag.py:545} INFO - Filling up the DagBag from /opt/airflow/dags/dag_with_cross_expression.py
[2024-09-11T02:10:15.503+0000] {processor.py:840} INFO - DAG(s) 'dag_with_cross_expression_v03' retrieved from /opt/airflow/dags/dag_with_cross_expression.py
[2024-09-11T02:10:15.524+0000] {logging_mixin.py:188} INFO - [2024-09-11T02:10:15.524+0000] {dag.py:3096} INFO - Sync 1 DAGs
[2024-09-11T02:10:15.543+0000] {logging_mixin.py:188} INFO - [2024-09-11T02:10:15.543+0000] {dag.py:3954} INFO - Setting next_dagrun for dag_with_cross_expression_v03 to 2024-06-25 03:00:00+00:00, run_after=2024-06-26 03:00:00+00:00
[2024-09-11T02:10:15.564+0000] {processor.py:183} INFO - Processing /opt/airflow/dags/dag_with_cross_expression.py took 0.088 seconds
[2024-09-11T02:10:46.031+0000] {processor.py:161} INFO - Started process (PID=14996) to work on /opt/airflow/dags/dag_with_cross_expression.py
[2024-09-11T02:10:46.032+0000] {processor.py:830} INFO - Processing file /opt/airflow/dags/dag_with_cross_expression.py for tasks to queue
[2024-09-11T02:10:46.032+0000] {logging_mixin.py:188} INFO - [2024-09-11T02:10:46.032+0000] {dagbag.py:545} INFO - Filling up the DagBag from /opt/airflow/dags/dag_with_cross_expression.py
[2024-09-11T02:10:46.047+0000] {processor.py:840} INFO - DAG(s) 'dag_with_cross_expression_v03' retrieved from /opt/airflow/dags/dag_with_cross_expression.py
[2024-09-11T02:10:46.065+0000] {logging_mixin.py:188} INFO - [2024-09-11T02:10:46.065+0000] {dag.py:3096} INFO - Sync 1 DAGs
[2024-09-11T02:10:46.087+0000] {logging_mixin.py:188} INFO - [2024-09-11T02:10:46.087+0000] {dag.py:3954} INFO - Setting next_dagrun for dag_with_cross_expression_v03 to 2024-06-25 03:00:00+00:00, run_after=2024-06-26 03:00:00+00:00
[2024-09-11T02:10:46.108+0000] {processor.py:183} INFO - Processing /opt/airflow/dags/dag_with_cross_expression.py took 0.086 seconds
[2024-09-11T02:11:16.538+0000] {processor.py:161} INFO - Started process (PID=15032) to work on /opt/airflow/dags/dag_with_cross_expression.py
[2024-09-11T02:11:16.539+0000] {processor.py:830} INFO - Processing file /opt/airflow/dags/dag_with_cross_expression.py for tasks to queue
[2024-09-11T02:11:16.540+0000] {logging_mixin.py:188} INFO - [2024-09-11T02:11:16.540+0000] {dagbag.py:545} INFO - Filling up the DagBag from /opt/airflow/dags/dag_with_cross_expression.py
[2024-09-11T02:11:16.554+0000] {processor.py:840} INFO - DAG(s) 'dag_with_cross_expression_v03' retrieved from /opt/airflow/dags/dag_with_cross_expression.py
[2024-09-11T02:11:16.573+0000] {logging_mixin.py:188} INFO - [2024-09-11T02:11:16.573+0000] {dag.py:3096} INFO - Sync 1 DAGs
[2024-09-11T02:11:16.593+0000] {logging_mixin.py:188} INFO - [2024-09-11T02:11:16.592+0000] {dag.py:3954} INFO - Setting next_dagrun for dag_with_cross_expression_v03 to 2024-06-25 03:00:00+00:00, run_after=2024-06-26 03:00:00+00:00
[2024-09-11T02:11:16.611+0000] {processor.py:183} INFO - Processing /opt/airflow/dags/dag_with_cross_expression.py took 0.081 seconds
[2024-09-11T02:11:47.103+0000] {processor.py:161} INFO - Started process (PID=15068) to work on /opt/airflow/dags/dag_with_cross_expression.py
[2024-09-11T02:11:47.104+0000] {processor.py:830} INFO - Processing file /opt/airflow/dags/dag_with_cross_expression.py for tasks to queue
[2024-09-11T02:11:47.105+0000] {logging_mixin.py:188} INFO - [2024-09-11T02:11:47.105+0000] {dagbag.py:545} INFO - Filling up the DagBag from /opt/airflow/dags/dag_with_cross_expression.py
[2024-09-11T02:11:47.123+0000] {processor.py:840} INFO - DAG(s) 'dag_with_cross_expression_v03' retrieved from /opt/airflow/dags/dag_with_cross_expression.py
[2024-09-11T02:11:47.148+0000] {logging_mixin.py:188} INFO - [2024-09-11T02:11:47.147+0000] {dag.py:3096} INFO - Sync 1 DAGs
[2024-09-11T02:11:47.172+0000] {logging_mixin.py:188} INFO - [2024-09-11T02:11:47.172+0000] {dag.py:3954} INFO - Setting next_dagrun for dag_with_cross_expression_v03 to 2024-06-25 03:00:00+00:00, run_after=2024-06-26 03:00:00+00:00
[2024-09-11T02:11:47.199+0000] {processor.py:183} INFO - Processing /opt/airflow/dags/dag_with_cross_expression.py took 0.106 seconds
[2024-09-11T02:12:17.909+0000] {processor.py:161} INFO - Started process (PID=15104) to work on /opt/airflow/dags/dag_with_cross_expression.py
[2024-09-11T02:12:17.910+0000] {processor.py:830} INFO - Processing file /opt/airflow/dags/dag_with_cross_expression.py for tasks to queue
[2024-09-11T02:12:17.911+0000] {logging_mixin.py:188} INFO - [2024-09-11T02:12:17.910+0000] {dagbag.py:545} INFO - Filling up the DagBag from /opt/airflow/dags/dag_with_cross_expression.py
[2024-09-11T02:12:17.928+0000] {processor.py:840} INFO - DAG(s) 'dag_with_cross_expression_v03' retrieved from /opt/airflow/dags/dag_with_cross_expression.py
[2024-09-11T02:12:17.950+0000] {logging_mixin.py:188} INFO - [2024-09-11T02:12:17.950+0000] {dag.py:3096} INFO - Sync 1 DAGs
[2024-09-11T02:12:17.980+0000] {logging_mixin.py:188} INFO - [2024-09-11T02:12:17.980+0000] {dag.py:3954} INFO - Setting next_dagrun for dag_with_cross_expression_v03 to 2024-06-25 03:00:00+00:00, run_after=2024-06-26 03:00:00+00:00
[2024-09-11T02:12:18.003+0000] {processor.py:183} INFO - Processing /opt/airflow/dags/dag_with_cross_expression.py took 0.105 seconds
[2024-09-11T02:12:48.395+0000] {processor.py:161} INFO - Started process (PID=15140) to work on /opt/airflow/dags/dag_with_cross_expression.py
[2024-09-11T02:12:48.396+0000] {processor.py:830} INFO - Processing file /opt/airflow/dags/dag_with_cross_expression.py for tasks to queue
[2024-09-11T02:12:48.397+0000] {logging_mixin.py:188} INFO - [2024-09-11T02:12:48.396+0000] {dagbag.py:545} INFO - Filling up the DagBag from /opt/airflow/dags/dag_with_cross_expression.py
[2024-09-11T02:12:48.410+0000] {processor.py:840} INFO - DAG(s) 'dag_with_cross_expression_v03' retrieved from /opt/airflow/dags/dag_with_cross_expression.py
[2024-09-11T02:12:48.428+0000] {logging_mixin.py:188} INFO - [2024-09-11T02:12:48.428+0000] {dag.py:3096} INFO - Sync 1 DAGs
[2024-09-11T02:12:48.447+0000] {logging_mixin.py:188} INFO - [2024-09-11T02:12:48.447+0000] {dag.py:3954} INFO - Setting next_dagrun for dag_with_cross_expression_v03 to 2024-06-25 03:00:00+00:00, run_after=2024-06-26 03:00:00+00:00
[2024-09-11T02:12:48.465+0000] {processor.py:183} INFO - Processing /opt/airflow/dags/dag_with_cross_expression.py took 0.079 seconds
[2024-09-11T02:13:18.961+0000] {processor.py:161} INFO - Started process (PID=15176) to work on /opt/airflow/dags/dag_with_cross_expression.py
[2024-09-11T02:13:18.962+0000] {processor.py:830} INFO - Processing file /opt/airflow/dags/dag_with_cross_expression.py for tasks to queue
[2024-09-11T02:13:18.963+0000] {logging_mixin.py:188} INFO - [2024-09-11T02:13:18.962+0000] {dagbag.py:545} INFO - Filling up the DagBag from /opt/airflow/dags/dag_with_cross_expression.py
[2024-09-11T02:13:18.976+0000] {processor.py:840} INFO - DAG(s) 'dag_with_cross_expression_v03' retrieved from /opt/airflow/dags/dag_with_cross_expression.py
[2024-09-11T02:13:18.995+0000] {logging_mixin.py:188} INFO - [2024-09-11T02:13:18.995+0000] {dag.py:3096} INFO - Sync 1 DAGs
[2024-09-11T02:13:19.015+0000] {logging_mixin.py:188} INFO - [2024-09-11T02:13:19.014+0000] {dag.py:3954} INFO - Setting next_dagrun for dag_with_cross_expression_v03 to 2024-06-25 03:00:00+00:00, run_after=2024-06-26 03:00:00+00:00
[2024-09-11T02:13:19.033+0000] {processor.py:183} INFO - Processing /opt/airflow/dags/dag_with_cross_expression.py took 0.081 seconds
[2024-09-11T02:13:49.462+0000] {processor.py:161} INFO - Started process (PID=15212) to work on /opt/airflow/dags/dag_with_cross_expression.py
[2024-09-11T02:13:49.463+0000] {processor.py:830} INFO - Processing file /opt/airflow/dags/dag_with_cross_expression.py for tasks to queue
[2024-09-11T02:13:49.464+0000] {logging_mixin.py:188} INFO - [2024-09-11T02:13:49.463+0000] {dagbag.py:545} INFO - Filling up the DagBag from /opt/airflow/dags/dag_with_cross_expression.py
[2024-09-11T02:13:49.477+0000] {processor.py:840} INFO - DAG(s) 'dag_with_cross_expression_v03' retrieved from /opt/airflow/dags/dag_with_cross_expression.py
[2024-09-11T02:13:49.496+0000] {logging_mixin.py:188} INFO - [2024-09-11T02:13:49.495+0000] {dag.py:3096} INFO - Sync 1 DAGs
[2024-09-11T02:13:49.514+0000] {logging_mixin.py:188} INFO - [2024-09-11T02:13:49.514+0000] {dag.py:3954} INFO - Setting next_dagrun for dag_with_cross_expression_v03 to 2024-06-25 03:00:00+00:00, run_after=2024-06-26 03:00:00+00:00
[2024-09-11T02:13:49.531+0000] {processor.py:183} INFO - Processing /opt/airflow/dags/dag_with_cross_expression.py took 0.077 seconds
[2024-09-11T02:14:19.964+0000] {processor.py:161} INFO - Started process (PID=15248) to work on /opt/airflow/dags/dag_with_cross_expression.py
[2024-09-11T02:14:19.965+0000] {processor.py:830} INFO - Processing file /opt/airflow/dags/dag_with_cross_expression.py for tasks to queue
[2024-09-11T02:14:19.966+0000] {logging_mixin.py:188} INFO - [2024-09-11T02:14:19.966+0000] {dagbag.py:545} INFO - Filling up the DagBag from /opt/airflow/dags/dag_with_cross_expression.py
[2024-09-11T02:14:19.979+0000] {processor.py:840} INFO - DAG(s) 'dag_with_cross_expression_v03' retrieved from /opt/airflow/dags/dag_with_cross_expression.py
[2024-09-11T02:14:19.997+0000] {logging_mixin.py:188} INFO - [2024-09-11T02:14:19.996+0000] {dag.py:3096} INFO - Sync 1 DAGs
[2024-09-11T02:14:20.014+0000] {logging_mixin.py:188} INFO - [2024-09-11T02:14:20.014+0000] {dag.py:3954} INFO - Setting next_dagrun for dag_with_cross_expression_v03 to 2024-06-25 03:00:00+00:00, run_after=2024-06-26 03:00:00+00:00
[2024-09-11T02:14:20.031+0000] {processor.py:183} INFO - Processing /opt/airflow/dags/dag_with_cross_expression.py took 0.075 seconds
[2024-09-11T02:14:50.158+0000] {processor.py:161} INFO - Started process (PID=15309) to work on /opt/airflow/dags/dag_with_cross_expression.py
[2024-09-11T02:14:50.159+0000] {processor.py:830} INFO - Processing file /opt/airflow/dags/dag_with_cross_expression.py for tasks to queue
[2024-09-11T02:14:50.160+0000] {logging_mixin.py:188} INFO - [2024-09-11T02:14:50.159+0000] {dagbag.py:545} INFO - Filling up the DagBag from /opt/airflow/dags/dag_with_cross_expression.py
[2024-09-11T02:14:50.173+0000] {processor.py:840} INFO - DAG(s) 'dag_with_cross_expression_v03' retrieved from /opt/airflow/dags/dag_with_cross_expression.py
[2024-09-11T02:14:50.191+0000] {logging_mixin.py:188} INFO - [2024-09-11T02:14:50.191+0000] {dag.py:3096} INFO - Sync 1 DAGs
[2024-09-11T02:14:50.211+0000] {logging_mixin.py:188} INFO - [2024-09-11T02:14:50.211+0000] {dag.py:3954} INFO - Setting next_dagrun for dag_with_cross_expression_v03 to 2024-06-25 03:00:00+00:00, run_after=2024-06-26 03:00:00+00:00
[2024-09-11T02:14:50.229+0000] {processor.py:183} INFO - Processing /opt/airflow/dags/dag_with_cross_expression.py took 0.080 seconds
[2024-09-11T02:15:20.930+0000] {processor.py:161} INFO - Started process (PID=15370) to work on /opt/airflow/dags/dag_with_cross_expression.py
[2024-09-11T02:15:20.931+0000] {processor.py:830} INFO - Processing file /opt/airflow/dags/dag_with_cross_expression.py for tasks to queue
[2024-09-11T02:15:20.932+0000] {logging_mixin.py:188} INFO - [2024-09-11T02:15:20.932+0000] {dagbag.py:545} INFO - Filling up the DagBag from /opt/airflow/dags/dag_with_cross_expression.py
[2024-09-11T02:15:20.944+0000] {processor.py:840} INFO - DAG(s) 'dag_with_cross_expression_v03' retrieved from /opt/airflow/dags/dag_with_cross_expression.py
[2024-09-11T02:15:20.963+0000] {logging_mixin.py:188} INFO - [2024-09-11T02:15:20.963+0000] {dag.py:3096} INFO - Sync 1 DAGs
[2024-09-11T02:15:20.982+0000] {logging_mixin.py:188} INFO - [2024-09-11T02:15:20.982+0000] {dag.py:3954} INFO - Setting next_dagrun for dag_with_cross_expression_v03 to 2024-06-25 03:00:00+00:00, run_after=2024-06-26 03:00:00+00:00
[2024-09-11T02:15:21.000+0000] {processor.py:183} INFO - Processing /opt/airflow/dags/dag_with_cross_expression.py took 0.078 seconds
[2024-09-11T02:15:51.846+0000] {processor.py:161} INFO - Started process (PID=15431) to work on /opt/airflow/dags/dag_with_cross_expression.py
[2024-09-11T02:15:51.847+0000] {processor.py:830} INFO - Processing file /opt/airflow/dags/dag_with_cross_expression.py for tasks to queue
[2024-09-11T02:15:51.848+0000] {logging_mixin.py:188} INFO - [2024-09-11T02:15:51.848+0000] {dagbag.py:545} INFO - Filling up the DagBag from /opt/airflow/dags/dag_with_cross_expression.py
[2024-09-11T02:15:51.860+0000] {processor.py:840} INFO - DAG(s) 'dag_with_cross_expression_v03' retrieved from /opt/airflow/dags/dag_with_cross_expression.py
[2024-09-11T02:15:51.878+0000] {logging_mixin.py:188} INFO - [2024-09-11T02:15:51.878+0000] {dag.py:3096} INFO - Sync 1 DAGs
[2024-09-11T02:15:51.896+0000] {logging_mixin.py:188} INFO - [2024-09-11T02:15:51.895+0000] {dag.py:3954} INFO - Setting next_dagrun for dag_with_cross_expression_v03 to 2024-06-25 03:00:00+00:00, run_after=2024-06-26 03:00:00+00:00
[2024-09-11T02:15:51.914+0000] {processor.py:183} INFO - Processing /opt/airflow/dags/dag_with_cross_expression.py took 0.076 seconds
[2024-09-11T02:16:22.667+0000] {processor.py:161} INFO - Started process (PID=15492) to work on /opt/airflow/dags/dag_with_cross_expression.py
[2024-09-11T02:16:22.668+0000] {processor.py:830} INFO - Processing file /opt/airflow/dags/dag_with_cross_expression.py for tasks to queue
[2024-09-11T02:16:22.668+0000] {logging_mixin.py:188} INFO - [2024-09-11T02:16:22.668+0000] {dagbag.py:545} INFO - Filling up the DagBag from /opt/airflow/dags/dag_with_cross_expression.py
[2024-09-11T02:16:22.682+0000] {processor.py:840} INFO - DAG(s) 'dag_with_cross_expression_v03' retrieved from /opt/airflow/dags/dag_with_cross_expression.py
[2024-09-11T02:16:22.702+0000] {logging_mixin.py:188} INFO - [2024-09-11T02:16:22.701+0000] {dag.py:3096} INFO - Sync 1 DAGs
[2024-09-11T02:16:22.723+0000] {logging_mixin.py:188} INFO - [2024-09-11T02:16:22.722+0000] {dag.py:3954} INFO - Setting next_dagrun for dag_with_cross_expression_v03 to 2024-06-25 03:00:00+00:00, run_after=2024-06-26 03:00:00+00:00
[2024-09-11T02:16:22.742+0000] {processor.py:183} INFO - Processing /opt/airflow/dags/dag_with_cross_expression.py took 0.084 seconds
