[2024-09-11T01:39:38.007+0000] {processor.py:161} INFO - Started process (PID=233) to work on /opt/airflow/dags/our_first_dag.py
[2024-09-11T01:39:38.008+0000] {processor.py:830} INFO - Processing file /opt/airflow/dags/our_first_dag.py for tasks to queue
[2024-09-11T01:39:38.009+0000] {logging_mixin.py:188} INFO - [2024-09-11T01:39:38.009+0000] {dagbag.py:545} INFO - Filling up the DagBag from /opt/airflow/dags/our_first_dag.py
[2024-09-11T01:39:38.029+0000] {processor.py:840} INFO - DAG(s) 'our_first_dag_v4' retrieved from /opt/airflow/dags/our_first_dag.py
[2024-09-11T01:39:38.128+0000] {logging_mixin.py:188} INFO - [2024-09-11T01:39:38.128+0000] {override.py:1829} INFO - Created Permission View: can read on DAG:our_first_dag_v4
[2024-09-11T01:39:38.142+0000] {logging_mixin.py:188} INFO - [2024-09-11T01:39:38.142+0000] {override.py:1829} INFO - Created Permission View: can edit on DAG:our_first_dag_v4
[2024-09-11T01:39:38.153+0000] {logging_mixin.py:188} INFO - [2024-09-11T01:39:38.153+0000] {override.py:1829} INFO - Created Permission View: can delete on DAG:our_first_dag_v4
[2024-09-11T01:39:38.154+0000] {logging_mixin.py:188} INFO - [2024-09-11T01:39:38.154+0000] {dag.py:3096} INFO - Sync 1 DAGs
[2024-09-11T01:39:38.165+0000] {logging_mixin.py:188} INFO - [2024-09-11T01:39:38.165+0000] {dag.py:3118} INFO - Creating ORM DAG for our_first_dag_v4
[2024-09-11T01:39:38.175+0000] {logging_mixin.py:188} INFO - [2024-09-11T01:39:38.175+0000] {dag.py:3954} INFO - Setting next_dagrun for our_first_dag_v4 to 2021-07-30 00:00:00+00:00, run_after=2021-07-31 00:00:00+00:00
[2024-09-11T01:39:38.193+0000] {processor.py:183} INFO - Processing /opt/airflow/dags/our_first_dag.py took 0.194 seconds
[2024-09-11T01:40:08.826+0000] {processor.py:161} INFO - Started process (PID=294) to work on /opt/airflow/dags/our_first_dag.py
[2024-09-11T01:40:08.827+0000] {processor.py:830} INFO - Processing file /opt/airflow/dags/our_first_dag.py for tasks to queue
[2024-09-11T01:40:08.829+0000] {logging_mixin.py:188} INFO - [2024-09-11T01:40:08.829+0000] {dagbag.py:545} INFO - Filling up the DagBag from /opt/airflow/dags/our_first_dag.py
[2024-09-11T01:40:08.843+0000] {processor.py:840} INFO - DAG(s) 'our_first_dag_v4' retrieved from /opt/airflow/dags/our_first_dag.py
[2024-09-11T01:40:08.863+0000] {logging_mixin.py:188} INFO - [2024-09-11T01:40:08.863+0000] {dag.py:3096} INFO - Sync 1 DAGs
[2024-09-11T01:40:08.884+0000] {logging_mixin.py:188} INFO - [2024-09-11T01:40:08.883+0000] {dag.py:3954} INFO - Setting next_dagrun for our_first_dag_v4 to 2021-07-30 00:00:00+00:00, run_after=2021-07-31 00:00:00+00:00
[2024-09-11T01:40:08.903+0000] {processor.py:183} INFO - Processing /opt/airflow/dags/our_first_dag.py took 0.086 seconds
[2024-09-11T01:40:39.730+0000] {processor.py:161} INFO - Started process (PID=355) to work on /opt/airflow/dags/our_first_dag.py
[2024-09-11T01:40:39.731+0000] {processor.py:830} INFO - Processing file /opt/airflow/dags/our_first_dag.py for tasks to queue
[2024-09-11T01:40:39.732+0000] {logging_mixin.py:188} INFO - [2024-09-11T01:40:39.732+0000] {dagbag.py:545} INFO - Filling up the DagBag from /opt/airflow/dags/our_first_dag.py
[2024-09-11T01:40:39.747+0000] {processor.py:840} INFO - DAG(s) 'our_first_dag_v4' retrieved from /opt/airflow/dags/our_first_dag.py
[2024-09-11T01:40:39.768+0000] {logging_mixin.py:188} INFO - [2024-09-11T01:40:39.768+0000] {dag.py:3096} INFO - Sync 1 DAGs
[2024-09-11T01:40:39.787+0000] {logging_mixin.py:188} INFO - [2024-09-11T01:40:39.787+0000] {dag.py:3954} INFO - Setting next_dagrun for our_first_dag_v4 to 2021-07-30 00:00:00+00:00, run_after=2021-07-31 00:00:00+00:00
[2024-09-11T01:40:39.807+0000] {processor.py:183} INFO - Processing /opt/airflow/dags/our_first_dag.py took 0.086 seconds
[2024-09-11T01:41:10.559+0000] {processor.py:161} INFO - Started process (PID=416) to work on /opt/airflow/dags/our_first_dag.py
[2024-09-11T01:41:10.560+0000] {processor.py:830} INFO - Processing file /opt/airflow/dags/our_first_dag.py for tasks to queue
[2024-09-11T01:41:10.561+0000] {logging_mixin.py:188} INFO - [2024-09-11T01:41:10.561+0000] {dagbag.py:545} INFO - Filling up the DagBag from /opt/airflow/dags/our_first_dag.py
[2024-09-11T01:41:10.575+0000] {processor.py:840} INFO - DAG(s) 'our_first_dag_v4' retrieved from /opt/airflow/dags/our_first_dag.py
[2024-09-11T01:41:10.594+0000] {logging_mixin.py:188} INFO - [2024-09-11T01:41:10.593+0000] {dag.py:3096} INFO - Sync 1 DAGs
[2024-09-11T01:41:10.613+0000] {logging_mixin.py:188} INFO - [2024-09-11T01:41:10.613+0000] {dag.py:3954} INFO - Setting next_dagrun for our_first_dag_v4 to 2021-07-30 00:00:00+00:00, run_after=2021-07-31 00:00:00+00:00
[2024-09-11T01:41:10.632+0000] {processor.py:183} INFO - Processing /opt/airflow/dags/our_first_dag.py took 0.082 seconds
[2024-09-11T01:41:40.825+0000] {processor.py:161} INFO - Started process (PID=477) to work on /opt/airflow/dags/our_first_dag.py
[2024-09-11T01:41:40.826+0000] {processor.py:830} INFO - Processing file /opt/airflow/dags/our_first_dag.py for tasks to queue
[2024-09-11T01:41:40.827+0000] {logging_mixin.py:188} INFO - [2024-09-11T01:41:40.827+0000] {dagbag.py:545} INFO - Filling up the DagBag from /opt/airflow/dags/our_first_dag.py
[2024-09-11T01:41:40.843+0000] {processor.py:840} INFO - DAG(s) 'our_first_dag_v4' retrieved from /opt/airflow/dags/our_first_dag.py
[2024-09-11T01:41:40.863+0000] {logging_mixin.py:188} INFO - [2024-09-11T01:41:40.863+0000] {dag.py:3096} INFO - Sync 1 DAGs
[2024-09-11T01:41:40.883+0000] {logging_mixin.py:188} INFO - [2024-09-11T01:41:40.883+0000] {dag.py:3954} INFO - Setting next_dagrun for our_first_dag_v4 to 2021-07-30 00:00:00+00:00, run_after=2021-07-31 00:00:00+00:00
[2024-09-11T01:41:40.903+0000] {processor.py:183} INFO - Processing /opt/airflow/dags/our_first_dag.py took 0.086 seconds
[2024-09-11T01:42:11.656+0000] {processor.py:161} INFO - Started process (PID=538) to work on /opt/airflow/dags/our_first_dag.py
[2024-09-11T01:42:11.657+0000] {processor.py:830} INFO - Processing file /opt/airflow/dags/our_first_dag.py for tasks to queue
[2024-09-11T01:42:11.659+0000] {logging_mixin.py:188} INFO - [2024-09-11T01:42:11.658+0000] {dagbag.py:545} INFO - Filling up the DagBag from /opt/airflow/dags/our_first_dag.py
[2024-09-11T01:42:11.674+0000] {processor.py:840} INFO - DAG(s) 'our_first_dag_v4' retrieved from /opt/airflow/dags/our_first_dag.py
[2024-09-11T01:42:11.695+0000] {logging_mixin.py:188} INFO - [2024-09-11T01:42:11.695+0000] {dag.py:3096} INFO - Sync 1 DAGs
[2024-09-11T01:42:11.714+0000] {logging_mixin.py:188} INFO - [2024-09-11T01:42:11.714+0000] {dag.py:3954} INFO - Setting next_dagrun for our_first_dag_v4 to 2021-07-30 00:00:00+00:00, run_after=2021-07-31 00:00:00+00:00
[2024-09-11T01:42:11.736+0000] {processor.py:183} INFO - Processing /opt/airflow/dags/our_first_dag.py took 0.088 seconds
[2024-09-11T01:42:42.486+0000] {processor.py:161} INFO - Started process (PID=599) to work on /opt/airflow/dags/our_first_dag.py
[2024-09-11T01:42:42.487+0000] {processor.py:830} INFO - Processing file /opt/airflow/dags/our_first_dag.py for tasks to queue
[2024-09-11T01:42:42.488+0000] {logging_mixin.py:188} INFO - [2024-09-11T01:42:42.488+0000] {dagbag.py:545} INFO - Filling up the DagBag from /opt/airflow/dags/our_first_dag.py
[2024-09-11T01:42:42.501+0000] {processor.py:840} INFO - DAG(s) 'our_first_dag_v4' retrieved from /opt/airflow/dags/our_first_dag.py
[2024-09-11T01:42:42.520+0000] {logging_mixin.py:188} INFO - [2024-09-11T01:42:42.519+0000] {dag.py:3096} INFO - Sync 1 DAGs
[2024-09-11T01:42:42.540+0000] {logging_mixin.py:188} INFO - [2024-09-11T01:42:42.540+0000] {dag.py:3954} INFO - Setting next_dagrun for our_first_dag_v4 to 2021-07-30 00:00:00+00:00, run_after=2021-07-31 00:00:00+00:00
[2024-09-11T01:42:42.561+0000] {processor.py:183} INFO - Processing /opt/airflow/dags/our_first_dag.py took 0.084 seconds
[2024-09-11T01:43:13.313+0000] {processor.py:161} INFO - Started process (PID=660) to work on /opt/airflow/dags/our_first_dag.py
[2024-09-11T01:43:13.314+0000] {processor.py:830} INFO - Processing file /opt/airflow/dags/our_first_dag.py for tasks to queue
[2024-09-11T01:43:13.315+0000] {logging_mixin.py:188} INFO - [2024-09-11T01:43:13.315+0000] {dagbag.py:545} INFO - Filling up the DagBag from /opt/airflow/dags/our_first_dag.py
[2024-09-11T01:43:13.328+0000] {processor.py:840} INFO - DAG(s) 'our_first_dag_v4' retrieved from /opt/airflow/dags/our_first_dag.py
[2024-09-11T01:43:13.349+0000] {logging_mixin.py:188} INFO - [2024-09-11T01:43:13.349+0000] {dag.py:3096} INFO - Sync 1 DAGs
[2024-09-11T01:43:13.370+0000] {logging_mixin.py:188} INFO - [2024-09-11T01:43:13.369+0000] {dag.py:3954} INFO - Setting next_dagrun for our_first_dag_v4 to 2021-07-30 00:00:00+00:00, run_after=2021-07-31 00:00:00+00:00
[2024-09-11T01:43:13.390+0000] {processor.py:183} INFO - Processing /opt/airflow/dags/our_first_dag.py took 0.086 seconds
[2024-09-11T01:43:44.160+0000] {processor.py:161} INFO - Started process (PID=721) to work on /opt/airflow/dags/our_first_dag.py
[2024-09-11T01:43:44.161+0000] {processor.py:830} INFO - Processing file /opt/airflow/dags/our_first_dag.py for tasks to queue
[2024-09-11T01:43:44.162+0000] {logging_mixin.py:188} INFO - [2024-09-11T01:43:44.162+0000] {dagbag.py:545} INFO - Filling up the DagBag from /opt/airflow/dags/our_first_dag.py
[2024-09-11T01:43:44.177+0000] {processor.py:840} INFO - DAG(s) 'our_first_dag_v4' retrieved from /opt/airflow/dags/our_first_dag.py
[2024-09-11T01:43:44.196+0000] {logging_mixin.py:188} INFO - [2024-09-11T01:43:44.196+0000] {dag.py:3096} INFO - Sync 1 DAGs
[2024-09-11T01:43:44.214+0000] {logging_mixin.py:188} INFO - [2024-09-11T01:43:44.214+0000] {dag.py:3954} INFO - Setting next_dagrun for our_first_dag_v4 to 2021-07-30 00:00:00+00:00, run_after=2021-07-31 00:00:00+00:00
[2024-09-11T01:43:44.235+0000] {processor.py:183} INFO - Processing /opt/airflow/dags/our_first_dag.py took 0.084 seconds
[2024-09-11T01:44:14.975+0000] {processor.py:161} INFO - Started process (PID=782) to work on /opt/airflow/dags/our_first_dag.py
[2024-09-11T01:44:14.975+0000] {processor.py:830} INFO - Processing file /opt/airflow/dags/our_first_dag.py for tasks to queue
[2024-09-11T01:44:14.977+0000] {logging_mixin.py:188} INFO - [2024-09-11T01:44:14.976+0000] {dagbag.py:545} INFO - Filling up the DagBag from /opt/airflow/dags/our_first_dag.py
[2024-09-11T01:44:14.990+0000] {processor.py:840} INFO - DAG(s) 'our_first_dag_v4' retrieved from /opt/airflow/dags/our_first_dag.py
[2024-09-11T01:44:15.009+0000] {logging_mixin.py:188} INFO - [2024-09-11T01:44:15.009+0000] {dag.py:3096} INFO - Sync 1 DAGs
[2024-09-11T01:44:15.027+0000] {logging_mixin.py:188} INFO - [2024-09-11T01:44:15.027+0000] {dag.py:3954} INFO - Setting next_dagrun for our_first_dag_v4 to 2021-07-30 00:00:00+00:00, run_after=2021-07-31 00:00:00+00:00
[2024-09-11T01:44:15.046+0000] {processor.py:183} INFO - Processing /opt/airflow/dags/our_first_dag.py took 0.080 seconds
[2024-09-11T01:44:45.812+0000] {processor.py:161} INFO - Started process (PID=843) to work on /opt/airflow/dags/our_first_dag.py
[2024-09-11T01:44:45.813+0000] {processor.py:830} INFO - Processing file /opt/airflow/dags/our_first_dag.py for tasks to queue
[2024-09-11T01:44:45.815+0000] {logging_mixin.py:188} INFO - [2024-09-11T01:44:45.814+0000] {dagbag.py:545} INFO - Filling up the DagBag from /opt/airflow/dags/our_first_dag.py
[2024-09-11T01:44:45.827+0000] {processor.py:840} INFO - DAG(s) 'our_first_dag_v4' retrieved from /opt/airflow/dags/our_first_dag.py
[2024-09-11T01:44:45.846+0000] {logging_mixin.py:188} INFO - [2024-09-11T01:44:45.846+0000] {dag.py:3096} INFO - Sync 1 DAGs
[2024-09-11T01:44:45.865+0000] {logging_mixin.py:188} INFO - [2024-09-11T01:44:45.865+0000] {dag.py:3954} INFO - Setting next_dagrun for our_first_dag_v4 to 2021-07-30 00:00:00+00:00, run_after=2021-07-31 00:00:00+00:00
[2024-09-11T01:44:45.884+0000] {processor.py:183} INFO - Processing /opt/airflow/dags/our_first_dag.py took 0.081 seconds
[2024-09-11T01:45:16.629+0000] {processor.py:161} INFO - Started process (PID=904) to work on /opt/airflow/dags/our_first_dag.py
[2024-09-11T01:45:16.630+0000] {processor.py:830} INFO - Processing file /opt/airflow/dags/our_first_dag.py for tasks to queue
[2024-09-11T01:45:16.631+0000] {logging_mixin.py:188} INFO - [2024-09-11T01:45:16.631+0000] {dagbag.py:545} INFO - Filling up the DagBag from /opt/airflow/dags/our_first_dag.py
[2024-09-11T01:45:16.645+0000] {processor.py:840} INFO - DAG(s) 'our_first_dag_v4' retrieved from /opt/airflow/dags/our_first_dag.py
[2024-09-11T01:45:16.667+0000] {logging_mixin.py:188} INFO - [2024-09-11T01:45:16.666+0000] {dag.py:3096} INFO - Sync 1 DAGs
[2024-09-11T01:45:16.689+0000] {logging_mixin.py:188} INFO - [2024-09-11T01:45:16.689+0000] {dag.py:3954} INFO - Setting next_dagrun for our_first_dag_v4 to 2021-07-30 00:00:00+00:00, run_after=2021-07-31 00:00:00+00:00
[2024-09-11T01:45:16.709+0000] {processor.py:183} INFO - Processing /opt/airflow/dags/our_first_dag.py took 0.088 seconds
[2024-09-11T01:45:47.476+0000] {processor.py:161} INFO - Started process (PID=965) to work on /opt/airflow/dags/our_first_dag.py
[2024-09-11T01:45:47.477+0000] {processor.py:830} INFO - Processing file /opt/airflow/dags/our_first_dag.py for tasks to queue
[2024-09-11T01:45:47.478+0000] {logging_mixin.py:188} INFO - [2024-09-11T01:45:47.478+0000] {dagbag.py:545} INFO - Filling up the DagBag from /opt/airflow/dags/our_first_dag.py
[2024-09-11T01:45:47.491+0000] {processor.py:840} INFO - DAG(s) 'our_first_dag_v4' retrieved from /opt/airflow/dags/our_first_dag.py
[2024-09-11T01:45:47.510+0000] {logging_mixin.py:188} INFO - [2024-09-11T01:45:47.510+0000] {dag.py:3096} INFO - Sync 1 DAGs
[2024-09-11T01:45:47.528+0000] {logging_mixin.py:188} INFO - [2024-09-11T01:45:47.528+0000] {dag.py:3954} INFO - Setting next_dagrun for our_first_dag_v4 to 2021-07-30 00:00:00+00:00, run_after=2021-07-31 00:00:00+00:00
[2024-09-11T01:45:47.546+0000] {processor.py:183} INFO - Processing /opt/airflow/dags/our_first_dag.py took 0.079 seconds
[2024-09-11T01:46:18.276+0000] {processor.py:161} INFO - Started process (PID=1026) to work on /opt/airflow/dags/our_first_dag.py
[2024-09-11T01:46:18.277+0000] {processor.py:830} INFO - Processing file /opt/airflow/dags/our_first_dag.py for tasks to queue
[2024-09-11T01:46:18.278+0000] {logging_mixin.py:188} INFO - [2024-09-11T01:46:18.278+0000] {dagbag.py:545} INFO - Filling up the DagBag from /opt/airflow/dags/our_first_dag.py
[2024-09-11T01:46:18.291+0000] {processor.py:840} INFO - DAG(s) 'our_first_dag_v4' retrieved from /opt/airflow/dags/our_first_dag.py
[2024-09-11T01:46:18.310+0000] {logging_mixin.py:188} INFO - [2024-09-11T01:46:18.310+0000] {dag.py:3096} INFO - Sync 1 DAGs
[2024-09-11T01:46:18.328+0000] {logging_mixin.py:188} INFO - [2024-09-11T01:46:18.328+0000] {dag.py:3954} INFO - Setting next_dagrun for our_first_dag_v4 to 2021-07-30 00:00:00+00:00, run_after=2021-07-31 00:00:00+00:00
[2024-09-11T01:46:18.347+0000] {processor.py:183} INFO - Processing /opt/airflow/dags/our_first_dag.py took 0.079 seconds
[2024-09-11T01:46:49.082+0000] {processor.py:161} INFO - Started process (PID=1087) to work on /opt/airflow/dags/our_first_dag.py
[2024-09-11T01:46:49.083+0000] {processor.py:830} INFO - Processing file /opt/airflow/dags/our_first_dag.py for tasks to queue
[2024-09-11T01:46:49.085+0000] {logging_mixin.py:188} INFO - [2024-09-11T01:46:49.084+0000] {dagbag.py:545} INFO - Filling up the DagBag from /opt/airflow/dags/our_first_dag.py
[2024-09-11T01:46:49.098+0000] {processor.py:840} INFO - DAG(s) 'our_first_dag_v4' retrieved from /opt/airflow/dags/our_first_dag.py
[2024-09-11T01:46:49.117+0000] {logging_mixin.py:188} INFO - [2024-09-11T01:46:49.117+0000] {dag.py:3096} INFO - Sync 1 DAGs
[2024-09-11T01:46:49.135+0000] {logging_mixin.py:188} INFO - [2024-09-11T01:46:49.135+0000] {dag.py:3954} INFO - Setting next_dagrun for our_first_dag_v4 to 2021-07-30 00:00:00+00:00, run_after=2021-07-31 00:00:00+00:00
[2024-09-11T01:46:49.154+0000] {processor.py:183} INFO - Processing /opt/airflow/dags/our_first_dag.py took 0.080 seconds
[2024-09-11T01:47:19.898+0000] {processor.py:161} INFO - Started process (PID=1148) to work on /opt/airflow/dags/our_first_dag.py
[2024-09-11T01:47:19.899+0000] {processor.py:830} INFO - Processing file /opt/airflow/dags/our_first_dag.py for tasks to queue
[2024-09-11T01:47:19.901+0000] {logging_mixin.py:188} INFO - [2024-09-11T01:47:19.900+0000] {dagbag.py:545} INFO - Filling up the DagBag from /opt/airflow/dags/our_first_dag.py
[2024-09-11T01:47:19.914+0000] {processor.py:840} INFO - DAG(s) 'our_first_dag_v4' retrieved from /opt/airflow/dags/our_first_dag.py
[2024-09-11T01:47:19.933+0000] {logging_mixin.py:188} INFO - [2024-09-11T01:47:19.932+0000] {dag.py:3096} INFO - Sync 1 DAGs
[2024-09-11T01:47:19.952+0000] {logging_mixin.py:188} INFO - [2024-09-11T01:47:19.951+0000] {dag.py:3954} INFO - Setting next_dagrun for our_first_dag_v4 to 2021-07-30 00:00:00+00:00, run_after=2021-07-31 00:00:00+00:00
[2024-09-11T01:47:19.971+0000] {processor.py:183} INFO - Processing /opt/airflow/dags/our_first_dag.py took 0.081 seconds
[2024-09-11T01:47:50.708+0000] {processor.py:161} INFO - Started process (PID=1209) to work on /opt/airflow/dags/our_first_dag.py
[2024-09-11T01:47:50.709+0000] {processor.py:830} INFO - Processing file /opt/airflow/dags/our_first_dag.py for tasks to queue
[2024-09-11T01:47:50.711+0000] {logging_mixin.py:188} INFO - [2024-09-11T01:47:50.710+0000] {dagbag.py:545} INFO - Filling up the DagBag from /opt/airflow/dags/our_first_dag.py
[2024-09-11T01:47:50.723+0000] {processor.py:840} INFO - DAG(s) 'our_first_dag_v4' retrieved from /opt/airflow/dags/our_first_dag.py
[2024-09-11T01:47:50.743+0000] {logging_mixin.py:188} INFO - [2024-09-11T01:47:50.742+0000] {dag.py:3096} INFO - Sync 1 DAGs
[2024-09-11T01:47:50.762+0000] {logging_mixin.py:188} INFO - [2024-09-11T01:47:50.762+0000] {dag.py:3954} INFO - Setting next_dagrun for our_first_dag_v4 to 2021-07-30 00:00:00+00:00, run_after=2021-07-31 00:00:00+00:00
[2024-09-11T01:47:50.780+0000] {processor.py:183} INFO - Processing /opt/airflow/dags/our_first_dag.py took 0.081 seconds
[2024-09-11T01:48:21.566+0000] {processor.py:161} INFO - Started process (PID=1270) to work on /opt/airflow/dags/our_first_dag.py
[2024-09-11T01:48:21.567+0000] {processor.py:830} INFO - Processing file /opt/airflow/dags/our_first_dag.py for tasks to queue
[2024-09-11T01:48:21.568+0000] {logging_mixin.py:188} INFO - [2024-09-11T01:48:21.568+0000] {dagbag.py:545} INFO - Filling up the DagBag from /opt/airflow/dags/our_first_dag.py
[2024-09-11T01:48:21.584+0000] {processor.py:840} INFO - DAG(s) 'our_first_dag_v4' retrieved from /opt/airflow/dags/our_first_dag.py
[2024-09-11T01:48:21.605+0000] {logging_mixin.py:188} INFO - [2024-09-11T01:48:21.605+0000] {dag.py:3096} INFO - Sync 1 DAGs
[2024-09-11T01:48:21.629+0000] {logging_mixin.py:188} INFO - [2024-09-11T01:48:21.629+0000] {dag.py:3954} INFO - Setting next_dagrun for our_first_dag_v4 to 2021-07-30 00:00:00+00:00, run_after=2021-07-31 00:00:00+00:00
[2024-09-11T01:48:21.653+0000] {processor.py:183} INFO - Processing /opt/airflow/dags/our_first_dag.py took 0.096 seconds
[2024-09-11T01:48:52.348+0000] {processor.py:161} INFO - Started process (PID=1331) to work on /opt/airflow/dags/our_first_dag.py
[2024-09-11T01:48:52.349+0000] {processor.py:830} INFO - Processing file /opt/airflow/dags/our_first_dag.py for tasks to queue
[2024-09-11T01:48:52.351+0000] {logging_mixin.py:188} INFO - [2024-09-11T01:48:52.351+0000] {dagbag.py:545} INFO - Filling up the DagBag from /opt/airflow/dags/our_first_dag.py
[2024-09-11T01:48:52.365+0000] {processor.py:840} INFO - DAG(s) 'our_first_dag_v4' retrieved from /opt/airflow/dags/our_first_dag.py
[2024-09-11T01:48:52.384+0000] {logging_mixin.py:188} INFO - [2024-09-11T01:48:52.384+0000] {dag.py:3096} INFO - Sync 1 DAGs
[2024-09-11T01:48:52.402+0000] {logging_mixin.py:188} INFO - [2024-09-11T01:48:52.402+0000] {dag.py:3954} INFO - Setting next_dagrun for our_first_dag_v4 to 2021-07-30 00:00:00+00:00, run_after=2021-07-31 00:00:00+00:00
[2024-09-11T01:48:52.420+0000] {processor.py:183} INFO - Processing /opt/airflow/dags/our_first_dag.py took 0.080 seconds
[2024-09-11T01:49:23.157+0000] {processor.py:161} INFO - Started process (PID=1392) to work on /opt/airflow/dags/our_first_dag.py
[2024-09-11T01:49:23.158+0000] {processor.py:830} INFO - Processing file /opt/airflow/dags/our_first_dag.py for tasks to queue
[2024-09-11T01:49:23.160+0000] {logging_mixin.py:188} INFO - [2024-09-11T01:49:23.159+0000] {dagbag.py:545} INFO - Filling up the DagBag from /opt/airflow/dags/our_first_dag.py
[2024-09-11T01:49:23.173+0000] {processor.py:840} INFO - DAG(s) 'our_first_dag_v4' retrieved from /opt/airflow/dags/our_first_dag.py
[2024-09-11T01:49:23.192+0000] {logging_mixin.py:188} INFO - [2024-09-11T01:49:23.192+0000] {dag.py:3096} INFO - Sync 1 DAGs
[2024-09-11T01:49:23.210+0000] {logging_mixin.py:188} INFO - [2024-09-11T01:49:23.210+0000] {dag.py:3954} INFO - Setting next_dagrun for our_first_dag_v4 to 2021-07-30 00:00:00+00:00, run_after=2021-07-31 00:00:00+00:00
[2024-09-11T01:49:23.228+0000] {processor.py:183} INFO - Processing /opt/airflow/dags/our_first_dag.py took 0.081 seconds
[2024-09-11T01:49:53.760+0000] {processor.py:161} INFO - Started process (PID=1893) to work on /opt/airflow/dags/our_first_dag.py
[2024-09-11T01:49:53.761+0000] {processor.py:830} INFO - Processing file /opt/airflow/dags/our_first_dag.py for tasks to queue
[2024-09-11T01:49:53.763+0000] {logging_mixin.py:188} INFO - [2024-09-11T01:49:53.763+0000] {dagbag.py:545} INFO - Filling up the DagBag from /opt/airflow/dags/our_first_dag.py
[2024-09-11T01:49:53.828+0000] {processor.py:840} INFO - DAG(s) 'our_first_dag_v4' retrieved from /opt/airflow/dags/our_first_dag.py
[2024-09-11T01:49:53.869+0000] {logging_mixin.py:188} INFO - [2024-09-11T01:49:53.868+0000] {dag.py:3096} INFO - Sync 1 DAGs
[2024-09-11T01:49:53.927+0000] {logging_mixin.py:188} INFO - [2024-09-11T01:49:53.927+0000] {dag.py:3954} INFO - Setting next_dagrun for our_first_dag_v4 to 2021-09-23 00:00:00+00:00, run_after=2021-09-24 00:00:00+00:00
[2024-09-11T01:49:53.998+0000] {processor.py:183} INFO - Processing /opt/airflow/dags/our_first_dag.py took 0.256 seconds
[2024-09-11T01:50:25.035+0000] {processor.py:161} INFO - Started process (PID=2574) to work on /opt/airflow/dags/our_first_dag.py
[2024-09-11T01:50:25.036+0000] {processor.py:830} INFO - Processing file /opt/airflow/dags/our_first_dag.py for tasks to queue
[2024-09-11T01:50:25.038+0000] {logging_mixin.py:188} INFO - [2024-09-11T01:50:25.038+0000] {dagbag.py:545} INFO - Filling up the DagBag from /opt/airflow/dags/our_first_dag.py
[2024-09-11T01:50:25.061+0000] {processor.py:840} INFO - DAG(s) 'our_first_dag_v4' retrieved from /opt/airflow/dags/our_first_dag.py
[2024-09-11T01:50:25.099+0000] {logging_mixin.py:188} INFO - [2024-09-11T01:50:25.099+0000] {dag.py:3096} INFO - Sync 1 DAGs
[2024-09-11T01:50:25.151+0000] {logging_mixin.py:188} INFO - [2024-09-11T01:50:25.151+0000] {dag.py:3954} INFO - Setting next_dagrun for our_first_dag_v4 to 2021-12-01 00:00:00+00:00, run_after=2021-12-02 00:00:00+00:00
[2024-09-11T01:50:25.206+0000] {processor.py:183} INFO - Processing /opt/airflow/dags/our_first_dag.py took 0.183 seconds
[2024-09-11T01:50:55.677+0000] {processor.py:161} INFO - Started process (PID=3213) to work on /opt/airflow/dags/our_first_dag.py
[2024-09-11T01:50:55.678+0000] {processor.py:830} INFO - Processing file /opt/airflow/dags/our_first_dag.py for tasks to queue
[2024-09-11T01:50:55.679+0000] {logging_mixin.py:188} INFO - [2024-09-11T01:50:55.679+0000] {dagbag.py:545} INFO - Filling up the DagBag from /opt/airflow/dags/our_first_dag.py
[2024-09-11T01:50:55.695+0000] {processor.py:840} INFO - DAG(s) 'our_first_dag_v4' retrieved from /opt/airflow/dags/our_first_dag.py
[2024-09-11T01:50:55.715+0000] {logging_mixin.py:188} INFO - [2024-09-11T01:50:55.714+0000] {dag.py:3096} INFO - Sync 1 DAGs
[2024-09-11T01:50:55.735+0000] {logging_mixin.py:188} INFO - [2024-09-11T01:50:55.735+0000] {dag.py:3954} INFO - Setting next_dagrun for our_first_dag_v4 to 2022-01-28 00:00:00+00:00, run_after=2022-01-29 00:00:00+00:00
[2024-09-11T01:50:55.754+0000] {processor.py:183} INFO - Processing /opt/airflow/dags/our_first_dag.py took 0.085 seconds
[2024-09-11T01:51:26.166+0000] {processor.py:161} INFO - Started process (PID=3856) to work on /opt/airflow/dags/our_first_dag.py
[2024-09-11T01:51:26.167+0000] {processor.py:830} INFO - Processing file /opt/airflow/dags/our_first_dag.py for tasks to queue
[2024-09-11T01:51:26.169+0000] {logging_mixin.py:188} INFO - [2024-09-11T01:51:26.168+0000] {dagbag.py:545} INFO - Filling up the DagBag from /opt/airflow/dags/our_first_dag.py
[2024-09-11T01:51:26.187+0000] {processor.py:840} INFO - DAG(s) 'our_first_dag_v4' retrieved from /opt/airflow/dags/our_first_dag.py
[2024-09-11T01:51:26.220+0000] {logging_mixin.py:188} INFO - [2024-09-11T01:51:26.219+0000] {dag.py:3096} INFO - Sync 1 DAGs
[2024-09-11T01:51:26.248+0000] {logging_mixin.py:188} INFO - [2024-09-11T01:51:26.248+0000] {dag.py:3954} INFO - Setting next_dagrun for our_first_dag_v4 to 2022-04-04 00:00:00+00:00, run_after=2022-04-05 00:00:00+00:00
[2024-09-11T01:51:26.275+0000] {processor.py:183} INFO - Processing /opt/airflow/dags/our_first_dag.py took 0.121 seconds
[2024-09-11T01:51:56.971+0000] {processor.py:161} INFO - Started process (PID=4547) to work on /opt/airflow/dags/our_first_dag.py
[2024-09-11T01:51:56.972+0000] {processor.py:830} INFO - Processing file /opt/airflow/dags/our_first_dag.py for tasks to queue
[2024-09-11T01:51:56.975+0000] {logging_mixin.py:188} INFO - [2024-09-11T01:51:56.974+0000] {dagbag.py:545} INFO - Filling up the DagBag from /opt/airflow/dags/our_first_dag.py
[2024-09-11T01:51:57.013+0000] {processor.py:840} INFO - DAG(s) 'our_first_dag_v4' retrieved from /opt/airflow/dags/our_first_dag.py
[2024-09-11T01:51:57.066+0000] {logging_mixin.py:188} INFO - [2024-09-11T01:51:57.065+0000] {dag.py:3096} INFO - Sync 1 DAGs
[2024-09-11T01:51:57.125+0000] {logging_mixin.py:188} INFO - [2024-09-11T01:51:57.124+0000] {dag.py:3954} INFO - Setting next_dagrun for our_first_dag_v4 to 2022-06-03 00:00:00+00:00, run_after=2022-06-04 00:00:00+00:00
[2024-09-11T01:51:57.180+0000] {processor.py:183} INFO - Processing /opt/airflow/dags/our_first_dag.py took 0.226 seconds
[2024-09-11T01:52:27.455+0000] {processor.py:161} INFO - Started process (PID=5171) to work on /opt/airflow/dags/our_first_dag.py
[2024-09-11T01:52:27.456+0000] {processor.py:830} INFO - Processing file /opt/airflow/dags/our_first_dag.py for tasks to queue
[2024-09-11T01:52:27.459+0000] {logging_mixin.py:188} INFO - [2024-09-11T01:52:27.458+0000] {dagbag.py:545} INFO - Filling up the DagBag from /opt/airflow/dags/our_first_dag.py
[2024-09-11T01:52:27.482+0000] {processor.py:840} INFO - DAG(s) 'our_first_dag_v4' retrieved from /opt/airflow/dags/our_first_dag.py
[2024-09-11T01:52:27.517+0000] {logging_mixin.py:188} INFO - [2024-09-11T01:52:27.517+0000] {dag.py:3096} INFO - Sync 1 DAGs
[2024-09-11T01:52:27.556+0000] {logging_mixin.py:188} INFO - [2024-09-11T01:52:27.556+0000] {dag.py:3954} INFO - Setting next_dagrun for our_first_dag_v4 to 2022-08-03 00:00:00+00:00, run_after=2022-08-04 00:00:00+00:00
[2024-09-11T01:52:27.590+0000] {processor.py:183} INFO - Processing /opt/airflow/dags/our_first_dag.py took 0.152 seconds
[2024-09-11T01:52:57.731+0000] {processor.py:161} INFO - Started process (PID=5807) to work on /opt/airflow/dags/our_first_dag.py
[2024-09-11T01:52:57.732+0000] {processor.py:830} INFO - Processing file /opt/airflow/dags/our_first_dag.py for tasks to queue
[2024-09-11T01:52:57.733+0000] {logging_mixin.py:188} INFO - [2024-09-11T01:52:57.733+0000] {dagbag.py:545} INFO - Filling up the DagBag from /opt/airflow/dags/our_first_dag.py
[2024-09-11T01:52:57.746+0000] {processor.py:840} INFO - DAG(s) 'our_first_dag_v4' retrieved from /opt/airflow/dags/our_first_dag.py
[2024-09-11T01:52:57.765+0000] {logging_mixin.py:188} INFO - [2024-09-11T01:52:57.765+0000] {dag.py:3096} INFO - Sync 1 DAGs
[2024-09-11T01:52:57.785+0000] {logging_mixin.py:188} INFO - [2024-09-11T01:52:57.784+0000] {dag.py:3954} INFO - Setting next_dagrun for our_first_dag_v4 to 2022-10-02 00:00:00+00:00, run_after=2022-10-03 00:00:00+00:00
[2024-09-11T01:52:57.805+0000] {processor.py:183} INFO - Processing /opt/airflow/dags/our_first_dag.py took 0.083 seconds
[2024-09-11T01:53:28.274+0000] {processor.py:161} INFO - Started process (PID=6394) to work on /opt/airflow/dags/our_first_dag.py
[2024-09-11T01:53:28.275+0000] {processor.py:830} INFO - Processing file /opt/airflow/dags/our_first_dag.py for tasks to queue
[2024-09-11T01:53:28.277+0000] {logging_mixin.py:188} INFO - [2024-09-11T01:53:28.276+0000] {dagbag.py:545} INFO - Filling up the DagBag from /opt/airflow/dags/our_first_dag.py
[2024-09-11T01:53:28.291+0000] {processor.py:840} INFO - DAG(s) 'our_first_dag_v4' retrieved from /opt/airflow/dags/our_first_dag.py
[2024-09-11T01:53:28.313+0000] {logging_mixin.py:188} INFO - [2024-09-11T01:53:28.313+0000] {dag.py:3096} INFO - Sync 1 DAGs
[2024-09-11T01:53:28.335+0000] {logging_mixin.py:188} INFO - [2024-09-11T01:53:28.335+0000] {dag.py:3954} INFO - Setting next_dagrun for our_first_dag_v4 to 2022-11-30 00:00:00+00:00, run_after=2022-12-01 00:00:00+00:00
[2024-09-11T01:53:28.364+0000] {processor.py:183} INFO - Processing /opt/airflow/dags/our_first_dag.py took 0.101 seconds
[2024-09-11T01:53:58.670+0000] {processor.py:161} INFO - Started process (PID=6998) to work on /opt/airflow/dags/our_first_dag.py
[2024-09-11T01:53:58.671+0000] {processor.py:830} INFO - Processing file /opt/airflow/dags/our_first_dag.py for tasks to queue
[2024-09-11T01:53:58.673+0000] {logging_mixin.py:188} INFO - [2024-09-11T01:53:58.672+0000] {dagbag.py:545} INFO - Filling up the DagBag from /opt/airflow/dags/our_first_dag.py
[2024-09-11T01:53:58.690+0000] {processor.py:840} INFO - DAG(s) 'our_first_dag_v4' retrieved from /opt/airflow/dags/our_first_dag.py
[2024-09-11T01:53:58.716+0000] {logging_mixin.py:188} INFO - [2024-09-11T01:53:58.715+0000] {dag.py:3096} INFO - Sync 1 DAGs
[2024-09-11T01:53:58.738+0000] {logging_mixin.py:188} INFO - [2024-09-11T01:53:58.738+0000] {dag.py:3954} INFO - Setting next_dagrun for our_first_dag_v4 to 2023-01-27 00:00:00+00:00, run_after=2023-01-28 00:00:00+00:00
[2024-09-11T01:53:58.763+0000] {processor.py:183} INFO - Processing /opt/airflow/dags/our_first_dag.py took 0.104 seconds
[2024-09-11T01:54:29.600+0000] {processor.py:161} INFO - Started process (PID=7526) to work on /opt/airflow/dags/our_first_dag.py
[2024-09-11T01:54:29.605+0000] {processor.py:830} INFO - Processing file /opt/airflow/dags/our_first_dag.py for tasks to queue
[2024-09-11T01:54:29.610+0000] {logging_mixin.py:188} INFO - [2024-09-11T01:54:29.609+0000] {dagbag.py:545} INFO - Filling up the DagBag from /opt/airflow/dags/our_first_dag.py
[2024-09-11T01:54:29.659+0000] {processor.py:840} INFO - DAG(s) 'our_first_dag_v4' retrieved from /opt/airflow/dags/our_first_dag.py
[2024-09-11T01:54:29.704+0000] {logging_mixin.py:188} INFO - [2024-09-11T01:54:29.704+0000] {dag.py:3096} INFO - Sync 1 DAGs
[2024-09-11T01:54:29.739+0000] {logging_mixin.py:188} INFO - [2024-09-11T01:54:29.739+0000] {dag.py:3954} INFO - Setting next_dagrun for our_first_dag_v4 to 2023-03-26 00:00:00+00:00, run_after=2023-03-27 00:00:00+00:00
[2024-09-11T01:54:29.774+0000] {processor.py:183} INFO - Processing /opt/airflow/dags/our_first_dag.py took 0.218 seconds
[2024-09-11T01:54:59.902+0000] {processor.py:161} INFO - Started process (PID=8210) to work on /opt/airflow/dags/our_first_dag.py
[2024-09-11T01:54:59.903+0000] {processor.py:830} INFO - Processing file /opt/airflow/dags/our_first_dag.py for tasks to queue
[2024-09-11T01:54:59.905+0000] {logging_mixin.py:188} INFO - [2024-09-11T01:54:59.904+0000] {dagbag.py:545} INFO - Filling up the DagBag from /opt/airflow/dags/our_first_dag.py
[2024-09-11T01:54:59.927+0000] {processor.py:840} INFO - DAG(s) 'our_first_dag_v4' retrieved from /opt/airflow/dags/our_first_dag.py
[2024-09-11T01:54:59.959+0000] {logging_mixin.py:188} INFO - [2024-09-11T01:54:59.958+0000] {dag.py:3096} INFO - Sync 1 DAGs
[2024-09-11T01:54:59.988+0000] {logging_mixin.py:188} INFO - [2024-09-11T01:54:59.988+0000] {dag.py:3954} INFO - Setting next_dagrun for our_first_dag_v4 to 2023-06-02 00:00:00+00:00, run_after=2023-06-03 00:00:00+00:00
[2024-09-11T01:55:00.018+0000] {processor.py:183} INFO - Processing /opt/airflow/dags/our_first_dag.py took 0.130 seconds
