[2024-09-11T01:39:38.016+0000] {processor.py:161} INFO - Started process (PID=236) to work on /opt/airflow/dags/xcom_dag.py
[2024-09-11T01:39:38.017+0000] {processor.py:830} INFO - Processing file /opt/airflow/dags/xcom_dag.py for tasks to queue
[2024-09-11T01:39:38.019+0000] {logging_mixin.py:188} INFO - [2024-09-11T01:39:38.018+0000] {dagbag.py:545} INFO - Filling up the DagBag from /opt/airflow/dags/xcom_dag.py
[2024-09-11T01:39:38.040+0000] {processor.py:840} INFO - DAG(s) 'xcom_dag_v03' retrieved from /opt/airflow/dags/xcom_dag.py
[2024-09-11T01:39:38.138+0000] {logging_mixin.py:188} INFO - [2024-09-11T01:39:38.138+0000] {override.py:1829} INFO - Created Permission View: can read on DAG:xcom_dag_v03
[2024-09-11T01:39:38.150+0000] {logging_mixin.py:188} INFO - [2024-09-11T01:39:38.149+0000] {override.py:1829} INFO - Created Permission View: can edit on DAG:xcom_dag_v03
[2024-09-11T01:39:38.161+0000] {logging_mixin.py:188} INFO - [2024-09-11T01:39:38.161+0000] {override.py:1829} INFO - Created Permission View: can delete on DAG:xcom_dag_v03
[2024-09-11T01:39:38.162+0000] {logging_mixin.py:188} INFO - [2024-09-11T01:39:38.161+0000] {dag.py:3096} INFO - Sync 1 DAGs
[2024-09-11T01:39:38.173+0000] {logging_mixin.py:188} INFO - [2024-09-11T01:39:38.173+0000] {dag.py:3118} INFO - Creating ORM DAG for xcom_dag_v03
[2024-09-11T01:39:38.182+0000] {logging_mixin.py:188} INFO - [2024-09-11T01:39:38.182+0000] {dag.py:3954} INFO - Setting next_dagrun for xcom_dag_v03 to 2024-06-30 00:00:00+00:00, run_after=2024-07-01 00:00:00+00:00
[2024-09-11T01:39:38.198+0000] {processor.py:183} INFO - Processing /opt/airflow/dags/xcom_dag.py took 0.193 seconds
[2024-09-11T01:40:08.942+0000] {processor.py:161} INFO - Started process (PID=299) to work on /opt/airflow/dags/xcom_dag.py
[2024-09-11T01:40:08.943+0000] {processor.py:830} INFO - Processing file /opt/airflow/dags/xcom_dag.py for tasks to queue
[2024-09-11T01:40:08.944+0000] {logging_mixin.py:188} INFO - [2024-09-11T01:40:08.944+0000] {dagbag.py:545} INFO - Filling up the DagBag from /opt/airflow/dags/xcom_dag.py
[2024-09-11T01:40:08.961+0000] {processor.py:840} INFO - DAG(s) 'xcom_dag_v03' retrieved from /opt/airflow/dags/xcom_dag.py
[2024-09-11T01:40:08.982+0000] {logging_mixin.py:188} INFO - [2024-09-11T01:40:08.982+0000] {dag.py:3096} INFO - Sync 1 DAGs
[2024-09-11T01:40:09.004+0000] {logging_mixin.py:188} INFO - [2024-09-11T01:40:09.003+0000] {dag.py:3954} INFO - Setting next_dagrun for xcom_dag_v03 to 2024-06-30 00:00:00+00:00, run_after=2024-07-01 00:00:00+00:00
[2024-09-11T01:40:09.024+0000] {processor.py:183} INFO - Processing /opt/airflow/dags/xcom_dag.py took 0.092 seconds
[2024-09-11T01:40:39.846+0000] {processor.py:161} INFO - Started process (PID=360) to work on /opt/airflow/dags/xcom_dag.py
[2024-09-11T01:40:39.847+0000] {processor.py:830} INFO - Processing file /opt/airflow/dags/xcom_dag.py for tasks to queue
[2024-09-11T01:40:39.848+0000] {logging_mixin.py:188} INFO - [2024-09-11T01:40:39.848+0000] {dagbag.py:545} INFO - Filling up the DagBag from /opt/airflow/dags/xcom_dag.py
[2024-09-11T01:40:39.863+0000] {processor.py:840} INFO - DAG(s) 'xcom_dag_v03' retrieved from /opt/airflow/dags/xcom_dag.py
[2024-09-11T01:40:39.885+0000] {logging_mixin.py:188} INFO - [2024-09-11T01:40:39.885+0000] {dag.py:3096} INFO - Sync 1 DAGs
[2024-09-11T01:40:39.905+0000] {logging_mixin.py:188} INFO - [2024-09-11T01:40:39.905+0000] {dag.py:3954} INFO - Setting next_dagrun for xcom_dag_v03 to 2024-06-30 00:00:00+00:00, run_after=2024-07-01 00:00:00+00:00
[2024-09-11T01:40:39.925+0000] {processor.py:183} INFO - Processing /opt/airflow/dags/xcom_dag.py took 0.087 seconds
[2024-09-11T01:41:10.669+0000] {processor.py:161} INFO - Started process (PID=421) to work on /opt/airflow/dags/xcom_dag.py
[2024-09-11T01:41:10.670+0000] {processor.py:830} INFO - Processing file /opt/airflow/dags/xcom_dag.py for tasks to queue
[2024-09-11T01:41:10.672+0000] {logging_mixin.py:188} INFO - [2024-09-11T01:41:10.671+0000] {dagbag.py:545} INFO - Filling up the DagBag from /opt/airflow/dags/xcom_dag.py
[2024-09-11T01:41:10.685+0000] {processor.py:840} INFO - DAG(s) 'xcom_dag_v03' retrieved from /opt/airflow/dags/xcom_dag.py
[2024-09-11T01:41:10.704+0000] {logging_mixin.py:188} INFO - [2024-09-11T01:41:10.703+0000] {dag.py:3096} INFO - Sync 1 DAGs
[2024-09-11T01:41:10.721+0000] {logging_mixin.py:188} INFO - [2024-09-11T01:41:10.721+0000] {dag.py:3954} INFO - Setting next_dagrun for xcom_dag_v03 to 2024-06-30 00:00:00+00:00, run_after=2024-07-01 00:00:00+00:00
[2024-09-11T01:41:10.740+0000] {processor.py:183} INFO - Processing /opt/airflow/dags/xcom_dag.py took 0.079 seconds
[2024-09-11T01:41:40.947+0000] {processor.py:161} INFO - Started process (PID=482) to work on /opt/airflow/dags/xcom_dag.py
[2024-09-11T01:41:40.947+0000] {processor.py:830} INFO - Processing file /opt/airflow/dags/xcom_dag.py for tasks to queue
[2024-09-11T01:41:40.949+0000] {logging_mixin.py:188} INFO - [2024-09-11T01:41:40.949+0000] {dagbag.py:545} INFO - Filling up the DagBag from /opt/airflow/dags/xcom_dag.py
[2024-09-11T01:41:40.962+0000] {processor.py:840} INFO - DAG(s) 'xcom_dag_v03' retrieved from /opt/airflow/dags/xcom_dag.py
[2024-09-11T01:41:40.982+0000] {logging_mixin.py:188} INFO - [2024-09-11T01:41:40.982+0000] {dag.py:3096} INFO - Sync 1 DAGs
[2024-09-11T01:41:41.002+0000] {logging_mixin.py:188} INFO - [2024-09-11T01:41:41.001+0000] {dag.py:3954} INFO - Setting next_dagrun for xcom_dag_v03 to 2024-06-30 00:00:00+00:00, run_after=2024-07-01 00:00:00+00:00
[2024-09-11T01:41:41.022+0000] {processor.py:183} INFO - Processing /opt/airflow/dags/xcom_dag.py took 0.084 seconds
[2024-09-11T01:42:11.774+0000] {processor.py:161} INFO - Started process (PID=543) to work on /opt/airflow/dags/xcom_dag.py
[2024-09-11T01:42:11.775+0000] {processor.py:830} INFO - Processing file /opt/airflow/dags/xcom_dag.py for tasks to queue
[2024-09-11T01:42:11.776+0000] {logging_mixin.py:188} INFO - [2024-09-11T01:42:11.776+0000] {dagbag.py:545} INFO - Filling up the DagBag from /opt/airflow/dags/xcom_dag.py
[2024-09-11T01:42:11.790+0000] {processor.py:840} INFO - DAG(s) 'xcom_dag_v03' retrieved from /opt/airflow/dags/xcom_dag.py
[2024-09-11T01:42:11.810+0000] {logging_mixin.py:188} INFO - [2024-09-11T01:42:11.809+0000] {dag.py:3096} INFO - Sync 1 DAGs
[2024-09-11T01:42:11.830+0000] {logging_mixin.py:188} INFO - [2024-09-11T01:42:11.830+0000] {dag.py:3954} INFO - Setting next_dagrun for xcom_dag_v03 to 2024-06-30 00:00:00+00:00, run_after=2024-07-01 00:00:00+00:00
[2024-09-11T01:42:11.853+0000] {processor.py:183} INFO - Processing /opt/airflow/dags/xcom_dag.py took 0.087 seconds
[2024-09-11T01:42:42.597+0000] {processor.py:161} INFO - Started process (PID=604) to work on /opt/airflow/dags/xcom_dag.py
[2024-09-11T01:42:42.597+0000] {processor.py:830} INFO - Processing file /opt/airflow/dags/xcom_dag.py for tasks to queue
[2024-09-11T01:42:42.599+0000] {logging_mixin.py:188} INFO - [2024-09-11T01:42:42.599+0000] {dagbag.py:545} INFO - Filling up the DagBag from /opt/airflow/dags/xcom_dag.py
[2024-09-11T01:42:42.611+0000] {processor.py:840} INFO - DAG(s) 'xcom_dag_v03' retrieved from /opt/airflow/dags/xcom_dag.py
[2024-09-11T01:42:42.630+0000] {logging_mixin.py:188} INFO - [2024-09-11T01:42:42.630+0000] {dag.py:3096} INFO - Sync 1 DAGs
[2024-09-11T01:42:42.649+0000] {logging_mixin.py:188} INFO - [2024-09-11T01:42:42.649+0000] {dag.py:3954} INFO - Setting next_dagrun for xcom_dag_v03 to 2024-06-30 00:00:00+00:00, run_after=2024-07-01 00:00:00+00:00
[2024-09-11T01:42:42.668+0000] {processor.py:183} INFO - Processing /opt/airflow/dags/xcom_dag.py took 0.080 seconds
[2024-09-11T01:43:13.426+0000] {processor.py:161} INFO - Started process (PID=665) to work on /opt/airflow/dags/xcom_dag.py
[2024-09-11T01:43:13.427+0000] {processor.py:830} INFO - Processing file /opt/airflow/dags/xcom_dag.py for tasks to queue
[2024-09-11T01:43:13.428+0000] {logging_mixin.py:188} INFO - [2024-09-11T01:43:13.428+0000] {dagbag.py:545} INFO - Filling up the DagBag from /opt/airflow/dags/xcom_dag.py
[2024-09-11T01:43:13.442+0000] {processor.py:840} INFO - DAG(s) 'xcom_dag_v03' retrieved from /opt/airflow/dags/xcom_dag.py
[2024-09-11T01:43:13.463+0000] {logging_mixin.py:188} INFO - [2024-09-11T01:43:13.463+0000] {dag.py:3096} INFO - Sync 1 DAGs
[2024-09-11T01:43:13.482+0000] {logging_mixin.py:188} INFO - [2024-09-11T01:43:13.482+0000] {dag.py:3954} INFO - Setting next_dagrun for xcom_dag_v03 to 2024-06-30 00:00:00+00:00, run_after=2024-07-01 00:00:00+00:00
[2024-09-11T01:43:13.503+0000] {processor.py:183} INFO - Processing /opt/airflow/dags/xcom_dag.py took 0.085 seconds
[2024-09-11T01:43:44.272+0000] {processor.py:161} INFO - Started process (PID=726) to work on /opt/airflow/dags/xcom_dag.py
[2024-09-11T01:43:44.273+0000] {processor.py:830} INFO - Processing file /opt/airflow/dags/xcom_dag.py for tasks to queue
[2024-09-11T01:43:44.274+0000] {logging_mixin.py:188} INFO - [2024-09-11T01:43:44.274+0000] {dagbag.py:545} INFO - Filling up the DagBag from /opt/airflow/dags/xcom_dag.py
[2024-09-11T01:43:44.288+0000] {processor.py:840} INFO - DAG(s) 'xcom_dag_v03' retrieved from /opt/airflow/dags/xcom_dag.py
[2024-09-11T01:43:44.307+0000] {logging_mixin.py:188} INFO - [2024-09-11T01:43:44.307+0000] {dag.py:3096} INFO - Sync 1 DAGs
[2024-09-11T01:43:44.326+0000] {logging_mixin.py:188} INFO - [2024-09-11T01:43:44.326+0000] {dag.py:3954} INFO - Setting next_dagrun for xcom_dag_v03 to 2024-06-30 00:00:00+00:00, run_after=2024-07-01 00:00:00+00:00
[2024-09-11T01:43:44.348+0000] {processor.py:183} INFO - Processing /opt/airflow/dags/xcom_dag.py took 0.084 seconds
[2024-09-11T01:44:15.083+0000] {processor.py:161} INFO - Started process (PID=787) to work on /opt/airflow/dags/xcom_dag.py
[2024-09-11T01:44:15.084+0000] {processor.py:830} INFO - Processing file /opt/airflow/dags/xcom_dag.py for tasks to queue
[2024-09-11T01:44:15.085+0000] {logging_mixin.py:188} INFO - [2024-09-11T01:44:15.085+0000] {dagbag.py:545} INFO - Filling up the DagBag from /opt/airflow/dags/xcom_dag.py
[2024-09-11T01:44:15.098+0000] {processor.py:840} INFO - DAG(s) 'xcom_dag_v03' retrieved from /opt/airflow/dags/xcom_dag.py
[2024-09-11T01:44:15.117+0000] {logging_mixin.py:188} INFO - [2024-09-11T01:44:15.117+0000] {dag.py:3096} INFO - Sync 1 DAGs
[2024-09-11T01:44:15.135+0000] {logging_mixin.py:188} INFO - [2024-09-11T01:44:15.134+0000] {dag.py:3954} INFO - Setting next_dagrun for xcom_dag_v03 to 2024-06-30 00:00:00+00:00, run_after=2024-07-01 00:00:00+00:00
[2024-09-11T01:44:15.153+0000] {processor.py:183} INFO - Processing /opt/airflow/dags/xcom_dag.py took 0.079 seconds
[2024-09-11T01:44:45.922+0000] {processor.py:161} INFO - Started process (PID=848) to work on /opt/airflow/dags/xcom_dag.py
[2024-09-11T01:44:45.923+0000] {processor.py:830} INFO - Processing file /opt/airflow/dags/xcom_dag.py for tasks to queue
[2024-09-11T01:44:45.925+0000] {logging_mixin.py:188} INFO - [2024-09-11T01:44:45.925+0000] {dagbag.py:545} INFO - Filling up the DagBag from /opt/airflow/dags/xcom_dag.py
[2024-09-11T01:44:45.939+0000] {processor.py:840} INFO - DAG(s) 'xcom_dag_v03' retrieved from /opt/airflow/dags/xcom_dag.py
[2024-09-11T01:44:45.961+0000] {logging_mixin.py:188} INFO - [2024-09-11T01:44:45.960+0000] {dag.py:3096} INFO - Sync 1 DAGs
[2024-09-11T01:44:45.981+0000] {logging_mixin.py:188} INFO - [2024-09-11T01:44:45.981+0000] {dag.py:3954} INFO - Setting next_dagrun for xcom_dag_v03 to 2024-06-30 00:00:00+00:00, run_after=2024-07-01 00:00:00+00:00
[2024-09-11T01:44:46.004+0000] {processor.py:183} INFO - Processing /opt/airflow/dags/xcom_dag.py took 0.090 seconds
[2024-09-11T01:45:16.750+0000] {processor.py:161} INFO - Started process (PID=909) to work on /opt/airflow/dags/xcom_dag.py
[2024-09-11T01:45:16.750+0000] {processor.py:830} INFO - Processing file /opt/airflow/dags/xcom_dag.py for tasks to queue
[2024-09-11T01:45:16.752+0000] {logging_mixin.py:188} INFO - [2024-09-11T01:45:16.752+0000] {dagbag.py:545} INFO - Filling up the DagBag from /opt/airflow/dags/xcom_dag.py
[2024-09-11T01:45:16.767+0000] {processor.py:840} INFO - DAG(s) 'xcom_dag_v03' retrieved from /opt/airflow/dags/xcom_dag.py
[2024-09-11T01:45:16.787+0000] {logging_mixin.py:188} INFO - [2024-09-11T01:45:16.787+0000] {dag.py:3096} INFO - Sync 1 DAGs
[2024-09-11T01:45:16.809+0000] {logging_mixin.py:188} INFO - [2024-09-11T01:45:16.809+0000] {dag.py:3954} INFO - Setting next_dagrun for xcom_dag_v03 to 2024-06-30 00:00:00+00:00, run_after=2024-07-01 00:00:00+00:00
[2024-09-11T01:45:16.828+0000] {processor.py:183} INFO - Processing /opt/airflow/dags/xcom_dag.py took 0.087 seconds
[2024-09-11T01:45:47.582+0000] {processor.py:161} INFO - Started process (PID=970) to work on /opt/airflow/dags/xcom_dag.py
[2024-09-11T01:45:47.583+0000] {processor.py:830} INFO - Processing file /opt/airflow/dags/xcom_dag.py for tasks to queue
[2024-09-11T01:45:47.584+0000] {logging_mixin.py:188} INFO - [2024-09-11T01:45:47.584+0000] {dagbag.py:545} INFO - Filling up the DagBag from /opt/airflow/dags/xcom_dag.py
[2024-09-11T01:45:47.597+0000] {processor.py:840} INFO - DAG(s) 'xcom_dag_v03' retrieved from /opt/airflow/dags/xcom_dag.py
[2024-09-11T01:45:47.615+0000] {logging_mixin.py:188} INFO - [2024-09-11T01:45:47.615+0000] {dag.py:3096} INFO - Sync 1 DAGs
[2024-09-11T01:45:47.634+0000] {logging_mixin.py:188} INFO - [2024-09-11T01:45:47.634+0000] {dag.py:3954} INFO - Setting next_dagrun for xcom_dag_v03 to 2024-06-30 00:00:00+00:00, run_after=2024-07-01 00:00:00+00:00
[2024-09-11T01:45:47.654+0000] {processor.py:183} INFO - Processing /opt/airflow/dags/xcom_dag.py took 0.080 seconds
[2024-09-11T01:46:18.383+0000] {processor.py:161} INFO - Started process (PID=1031) to work on /opt/airflow/dags/xcom_dag.py
[2024-09-11T01:46:18.383+0000] {processor.py:830} INFO - Processing file /opt/airflow/dags/xcom_dag.py for tasks to queue
[2024-09-11T01:46:18.385+0000] {logging_mixin.py:188} INFO - [2024-09-11T01:46:18.385+0000] {dagbag.py:545} INFO - Filling up the DagBag from /opt/airflow/dags/xcom_dag.py
[2024-09-11T01:46:18.398+0000] {processor.py:840} INFO - DAG(s) 'xcom_dag_v03' retrieved from /opt/airflow/dags/xcom_dag.py
[2024-09-11T01:46:18.417+0000] {logging_mixin.py:188} INFO - [2024-09-11T01:46:18.417+0000] {dag.py:3096} INFO - Sync 1 DAGs
[2024-09-11T01:46:18.435+0000] {logging_mixin.py:188} INFO - [2024-09-11T01:46:18.435+0000] {dag.py:3954} INFO - Setting next_dagrun for xcom_dag_v03 to 2024-06-30 00:00:00+00:00, run_after=2024-07-01 00:00:00+00:00
[2024-09-11T01:46:18.454+0000] {processor.py:183} INFO - Processing /opt/airflow/dags/xcom_dag.py took 0.079 seconds
[2024-09-11T01:46:49.191+0000] {processor.py:161} INFO - Started process (PID=1092) to work on /opt/airflow/dags/xcom_dag.py
[2024-09-11T01:46:49.192+0000] {processor.py:830} INFO - Processing file /opt/airflow/dags/xcom_dag.py for tasks to queue
[2024-09-11T01:46:49.193+0000] {logging_mixin.py:188} INFO - [2024-09-11T01:46:49.193+0000] {dagbag.py:545} INFO - Filling up the DagBag from /opt/airflow/dags/xcom_dag.py
[2024-09-11T01:46:49.206+0000] {processor.py:840} INFO - DAG(s) 'xcom_dag_v03' retrieved from /opt/airflow/dags/xcom_dag.py
[2024-09-11T01:46:49.224+0000] {logging_mixin.py:188} INFO - [2024-09-11T01:46:49.224+0000] {dag.py:3096} INFO - Sync 1 DAGs
[2024-09-11T01:46:49.242+0000] {logging_mixin.py:188} INFO - [2024-09-11T01:46:49.242+0000] {dag.py:3954} INFO - Setting next_dagrun for xcom_dag_v03 to 2024-06-30 00:00:00+00:00, run_after=2024-07-01 00:00:00+00:00
[2024-09-11T01:46:49.262+0000] {processor.py:183} INFO - Processing /opt/airflow/dags/xcom_dag.py took 0.079 seconds
[2024-09-11T01:47:20.007+0000] {processor.py:161} INFO - Started process (PID=1153) to work on /opt/airflow/dags/xcom_dag.py
[2024-09-11T01:47:20.008+0000] {processor.py:830} INFO - Processing file /opt/airflow/dags/xcom_dag.py for tasks to queue
[2024-09-11T01:47:20.009+0000] {logging_mixin.py:188} INFO - [2024-09-11T01:47:20.009+0000] {dagbag.py:545} INFO - Filling up the DagBag from /opt/airflow/dags/xcom_dag.py
[2024-09-11T01:47:20.023+0000] {processor.py:840} INFO - DAG(s) 'xcom_dag_v03' retrieved from /opt/airflow/dags/xcom_dag.py
[2024-09-11T01:47:20.042+0000] {logging_mixin.py:188} INFO - [2024-09-11T01:47:20.041+0000] {dag.py:3096} INFO - Sync 1 DAGs
[2024-09-11T01:47:20.060+0000] {logging_mixin.py:188} INFO - [2024-09-11T01:47:20.060+0000] {dag.py:3954} INFO - Setting next_dagrun for xcom_dag_v03 to 2024-06-30 00:00:00+00:00, run_after=2024-07-01 00:00:00+00:00
[2024-09-11T01:47:20.080+0000] {processor.py:183} INFO - Processing /opt/airflow/dags/xcom_dag.py took 0.081 seconds
[2024-09-11T01:47:50.816+0000] {processor.py:161} INFO - Started process (PID=1214) to work on /opt/airflow/dags/xcom_dag.py
[2024-09-11T01:47:50.817+0000] {processor.py:830} INFO - Processing file /opt/airflow/dags/xcom_dag.py for tasks to queue
[2024-09-11T01:47:50.818+0000] {logging_mixin.py:188} INFO - [2024-09-11T01:47:50.818+0000] {dagbag.py:545} INFO - Filling up the DagBag from /opt/airflow/dags/xcom_dag.py
[2024-09-11T01:47:50.831+0000] {processor.py:840} INFO - DAG(s) 'xcom_dag_v03' retrieved from /opt/airflow/dags/xcom_dag.py
[2024-09-11T01:47:50.850+0000] {logging_mixin.py:188} INFO - [2024-09-11T01:47:50.850+0000] {dag.py:3096} INFO - Sync 1 DAGs
[2024-09-11T01:47:50.870+0000] {logging_mixin.py:188} INFO - [2024-09-11T01:47:50.869+0000] {dag.py:3954} INFO - Setting next_dagrun for xcom_dag_v03 to 2024-06-30 00:00:00+00:00, run_after=2024-07-01 00:00:00+00:00
[2024-09-11T01:47:50.889+0000] {processor.py:183} INFO - Processing /opt/airflow/dags/xcom_dag.py took 0.081 seconds
[2024-09-11T01:48:21.701+0000] {processor.py:161} INFO - Started process (PID=1275) to work on /opt/airflow/dags/xcom_dag.py
[2024-09-11T01:48:21.702+0000] {processor.py:830} INFO - Processing file /opt/airflow/dags/xcom_dag.py for tasks to queue
[2024-09-11T01:48:21.705+0000] {logging_mixin.py:188} INFO - [2024-09-11T01:48:21.705+0000] {dagbag.py:545} INFO - Filling up the DagBag from /opt/airflow/dags/xcom_dag.py
[2024-09-11T01:48:21.725+0000] {processor.py:840} INFO - DAG(s) 'xcom_dag_v03' retrieved from /opt/airflow/dags/xcom_dag.py
[2024-09-11T01:48:21.750+0000] {logging_mixin.py:188} INFO - [2024-09-11T01:48:21.749+0000] {dag.py:3096} INFO - Sync 1 DAGs
[2024-09-11T01:48:21.775+0000] {logging_mixin.py:188} INFO - [2024-09-11T01:48:21.775+0000] {dag.py:3954} INFO - Setting next_dagrun for xcom_dag_v03 to 2024-06-30 00:00:00+00:00, run_after=2024-07-01 00:00:00+00:00
[2024-09-11T01:48:21.800+0000] {processor.py:183} INFO - Processing /opt/airflow/dags/xcom_dag.py took 0.113 seconds
[2024-09-11T01:48:52.455+0000] {processor.py:161} INFO - Started process (PID=1336) to work on /opt/airflow/dags/xcom_dag.py
[2024-09-11T01:48:52.456+0000] {processor.py:830} INFO - Processing file /opt/airflow/dags/xcom_dag.py for tasks to queue
[2024-09-11T01:48:52.457+0000] {logging_mixin.py:188} INFO - [2024-09-11T01:48:52.457+0000] {dagbag.py:545} INFO - Filling up the DagBag from /opt/airflow/dags/xcom_dag.py
[2024-09-11T01:48:52.469+0000] {processor.py:840} INFO - DAG(s) 'xcom_dag_v03' retrieved from /opt/airflow/dags/xcom_dag.py
[2024-09-11T01:48:52.490+0000] {logging_mixin.py:188} INFO - [2024-09-11T01:48:52.489+0000] {dag.py:3096} INFO - Sync 1 DAGs
[2024-09-11T01:48:52.508+0000] {logging_mixin.py:188} INFO - [2024-09-11T01:48:52.508+0000] {dag.py:3954} INFO - Setting next_dagrun for xcom_dag_v03 to 2024-06-30 00:00:00+00:00, run_after=2024-07-01 00:00:00+00:00
[2024-09-11T01:48:52.526+0000] {processor.py:183} INFO - Processing /opt/airflow/dags/xcom_dag.py took 0.079 seconds
[2024-09-11T01:49:23.264+0000] {processor.py:161} INFO - Started process (PID=1397) to work on /opt/airflow/dags/xcom_dag.py
[2024-09-11T01:49:23.265+0000] {processor.py:830} INFO - Processing file /opt/airflow/dags/xcom_dag.py for tasks to queue
[2024-09-11T01:49:23.266+0000] {logging_mixin.py:188} INFO - [2024-09-11T01:49:23.266+0000] {dagbag.py:545} INFO - Filling up the DagBag from /opt/airflow/dags/xcom_dag.py
[2024-09-11T01:49:23.279+0000] {processor.py:840} INFO - DAG(s) 'xcom_dag_v03' retrieved from /opt/airflow/dags/xcom_dag.py
[2024-09-11T01:49:23.297+0000] {logging_mixin.py:188} INFO - [2024-09-11T01:49:23.297+0000] {dag.py:3096} INFO - Sync 1 DAGs
[2024-09-11T01:49:23.315+0000] {logging_mixin.py:188} INFO - [2024-09-11T01:49:23.315+0000] {dag.py:3954} INFO - Setting next_dagrun for xcom_dag_v03 to 2024-06-30 00:00:00+00:00, run_after=2024-07-01 00:00:00+00:00
[2024-09-11T01:49:23.334+0000] {processor.py:183} INFO - Processing /opt/airflow/dags/xcom_dag.py took 0.078 seconds
[2024-09-11T01:49:53.805+0000] {processor.py:161} INFO - Started process (PID=1900) to work on /opt/airflow/dags/xcom_dag.py
[2024-09-11T01:49:53.817+0000] {processor.py:830} INFO - Processing file /opt/airflow/dags/xcom_dag.py for tasks to queue
[2024-09-11T01:49:53.820+0000] {logging_mixin.py:188} INFO - [2024-09-11T01:49:53.819+0000] {dagbag.py:545} INFO - Filling up the DagBag from /opt/airflow/dags/xcom_dag.py
[2024-09-11T01:49:53.869+0000] {processor.py:840} INFO - DAG(s) 'xcom_dag_v03' retrieved from /opt/airflow/dags/xcom_dag.py
[2024-09-11T01:49:53.940+0000] {logging_mixin.py:188} INFO - [2024-09-11T01:49:53.939+0000] {dag.py:3096} INFO - Sync 1 DAGs
[2024-09-11T01:49:53.982+0000] {logging_mixin.py:188} INFO - [2024-09-11T01:49:53.981+0000] {dag.py:3954} INFO - Setting next_dagrun for xcom_dag_v03 to 2024-06-30 00:00:00+00:00, run_after=2024-07-01 00:00:00+00:00
[2024-09-11T01:49:54.024+0000] {processor.py:183} INFO - Processing /opt/airflow/dags/xcom_dag.py took 0.235 seconds
[2024-09-11T01:50:25.049+0000] {processor.py:161} INFO - Started process (PID=2577) to work on /opt/airflow/dags/xcom_dag.py
[2024-09-11T01:50:25.050+0000] {processor.py:830} INFO - Processing file /opt/airflow/dags/xcom_dag.py for tasks to queue
[2024-09-11T01:50:25.053+0000] {logging_mixin.py:188} INFO - [2024-09-11T01:50:25.052+0000] {dagbag.py:545} INFO - Filling up the DagBag from /opt/airflow/dags/xcom_dag.py
[2024-09-11T01:50:25.084+0000] {processor.py:840} INFO - DAG(s) 'xcom_dag_v03' retrieved from /opt/airflow/dags/xcom_dag.py
[2024-09-11T01:50:25.137+0000] {logging_mixin.py:188} INFO - [2024-09-11T01:50:25.136+0000] {dag.py:3096} INFO - Sync 1 DAGs
[2024-09-11T01:50:25.190+0000] {logging_mixin.py:188} INFO - [2024-09-11T01:50:25.190+0000] {dag.py:3954} INFO - Setting next_dagrun for xcom_dag_v03 to 2024-06-30 00:00:00+00:00, run_after=2024-07-01 00:00:00+00:00
[2024-09-11T01:50:25.260+0000] {processor.py:183} INFO - Processing /opt/airflow/dags/xcom_dag.py took 0.223 seconds
[2024-09-11T01:50:55.683+0000] {processor.py:161} INFO - Started process (PID=3216) to work on /opt/airflow/dags/xcom_dag.py
[2024-09-11T01:50:55.684+0000] {processor.py:830} INFO - Processing file /opt/airflow/dags/xcom_dag.py for tasks to queue
[2024-09-11T01:50:55.686+0000] {logging_mixin.py:188} INFO - [2024-09-11T01:50:55.685+0000] {dagbag.py:545} INFO - Filling up the DagBag from /opt/airflow/dags/xcom_dag.py
[2024-09-11T01:50:55.700+0000] {processor.py:840} INFO - DAG(s) 'xcom_dag_v03' retrieved from /opt/airflow/dags/xcom_dag.py
[2024-09-11T01:50:55.719+0000] {logging_mixin.py:188} INFO - [2024-09-11T01:50:55.719+0000] {dag.py:3096} INFO - Sync 1 DAGs
[2024-09-11T01:50:55.738+0000] {logging_mixin.py:188} INFO - [2024-09-11T01:50:55.738+0000] {dag.py:3954} INFO - Setting next_dagrun for xcom_dag_v03 to 2024-06-30 00:00:00+00:00, run_after=2024-07-01 00:00:00+00:00
[2024-09-11T01:50:55.759+0000] {processor.py:183} INFO - Processing /opt/airflow/dags/xcom_dag.py took 0.084 seconds
[2024-09-11T01:51:26.177+0000] {processor.py:161} INFO - Started process (PID=3859) to work on /opt/airflow/dags/xcom_dag.py
[2024-09-11T01:51:26.178+0000] {processor.py:830} INFO - Processing file /opt/airflow/dags/xcom_dag.py for tasks to queue
[2024-09-11T01:51:26.180+0000] {logging_mixin.py:188} INFO - [2024-09-11T01:51:26.180+0000] {dagbag.py:545} INFO - Filling up the DagBag from /opt/airflow/dags/xcom_dag.py
[2024-09-11T01:51:26.204+0000] {processor.py:840} INFO - DAG(s) 'xcom_dag_v03' retrieved from /opt/airflow/dags/xcom_dag.py
[2024-09-11T01:51:26.234+0000] {logging_mixin.py:188} INFO - [2024-09-11T01:51:26.233+0000] {dag.py:3096} INFO - Sync 1 DAGs
[2024-09-11T01:51:26.262+0000] {logging_mixin.py:188} INFO - [2024-09-11T01:51:26.261+0000] {dag.py:3954} INFO - Setting next_dagrun for xcom_dag_v03 to 2024-06-30 00:00:00+00:00, run_after=2024-07-01 00:00:00+00:00
[2024-09-11T01:51:26.285+0000] {processor.py:183} INFO - Processing /opt/airflow/dags/xcom_dag.py took 0.120 seconds
[2024-09-11T01:51:56.997+0000] {processor.py:161} INFO - Started process (PID=4553) to work on /opt/airflow/dags/xcom_dag.py
[2024-09-11T01:51:56.999+0000] {processor.py:830} INFO - Processing file /opt/airflow/dags/xcom_dag.py for tasks to queue
[2024-09-11T01:51:57.002+0000] {logging_mixin.py:188} INFO - [2024-09-11T01:51:57.000+0000] {dagbag.py:545} INFO - Filling up the DagBag from /opt/airflow/dags/xcom_dag.py
[2024-09-11T01:51:57.029+0000] {processor.py:840} INFO - DAG(s) 'xcom_dag_v03' retrieved from /opt/airflow/dags/xcom_dag.py
[2024-09-11T01:51:57.082+0000] {logging_mixin.py:188} INFO - [2024-09-11T01:51:57.081+0000] {dag.py:3096} INFO - Sync 1 DAGs
[2024-09-11T01:51:57.123+0000] {logging_mixin.py:188} INFO - [2024-09-11T01:51:57.122+0000] {dag.py:3954} INFO - Setting next_dagrun for xcom_dag_v03 to 2024-06-30 00:00:00+00:00, run_after=2024-07-01 00:00:00+00:00
[2024-09-11T01:51:57.186+0000] {processor.py:183} INFO - Processing /opt/airflow/dags/xcom_dag.py took 0.203 seconds
[2024-09-11T01:52:27.270+0000] {processor.py:161} INFO - Started process (PID=5162) to work on /opt/airflow/dags/xcom_dag.py
[2024-09-11T01:52:27.271+0000] {processor.py:830} INFO - Processing file /opt/airflow/dags/xcom_dag.py for tasks to queue
[2024-09-11T01:52:27.273+0000] {logging_mixin.py:188} INFO - [2024-09-11T01:52:27.273+0000] {dagbag.py:545} INFO - Filling up the DagBag from /opt/airflow/dags/xcom_dag.py
[2024-09-11T01:52:27.300+0000] {processor.py:840} INFO - DAG(s) 'xcom_dag_v03' retrieved from /opt/airflow/dags/xcom_dag.py
[2024-09-11T01:52:27.332+0000] {logging_mixin.py:188} INFO - [2024-09-11T01:52:27.331+0000] {dag.py:3096} INFO - Sync 1 DAGs
[2024-09-11T01:52:27.362+0000] {logging_mixin.py:188} INFO - [2024-09-11T01:52:27.361+0000] {dag.py:3954} INFO - Setting next_dagrun for xcom_dag_v03 to 2024-06-30 00:00:00+00:00, run_after=2024-07-01 00:00:00+00:00
[2024-09-11T01:52:27.390+0000] {processor.py:183} INFO - Processing /opt/airflow/dags/xcom_dag.py took 0.136 seconds
[2024-09-11T01:52:57.617+0000] {processor.py:161} INFO - Started process (PID=5802) to work on /opt/airflow/dags/xcom_dag.py
[2024-09-11T01:52:57.618+0000] {processor.py:830} INFO - Processing file /opt/airflow/dags/xcom_dag.py for tasks to queue
[2024-09-11T01:52:57.619+0000] {logging_mixin.py:188} INFO - [2024-09-11T01:52:57.619+0000] {dagbag.py:545} INFO - Filling up the DagBag from /opt/airflow/dags/xcom_dag.py
[2024-09-11T01:52:57.632+0000] {processor.py:840} INFO - DAG(s) 'xcom_dag_v03' retrieved from /opt/airflow/dags/xcom_dag.py
[2024-09-11T01:52:57.651+0000] {logging_mixin.py:188} INFO - [2024-09-11T01:52:57.651+0000] {dag.py:3096} INFO - Sync 1 DAGs
[2024-09-11T01:52:57.669+0000] {logging_mixin.py:188} INFO - [2024-09-11T01:52:57.669+0000] {dag.py:3954} INFO - Setting next_dagrun for xcom_dag_v03 to 2024-06-30 00:00:00+00:00, run_after=2024-07-01 00:00:00+00:00
[2024-09-11T01:52:57.690+0000] {processor.py:183} INFO - Processing /opt/airflow/dags/xcom_dag.py took 0.082 seconds
[2024-09-11T01:53:28.280+0000] {processor.py:161} INFO - Started process (PID=6397) to work on /opt/airflow/dags/xcom_dag.py
[2024-09-11T01:53:28.281+0000] {processor.py:830} INFO - Processing file /opt/airflow/dags/xcom_dag.py for tasks to queue
[2024-09-11T01:53:28.282+0000] {logging_mixin.py:188} INFO - [2024-09-11T01:53:28.282+0000] {dagbag.py:545} INFO - Filling up the DagBag from /opt/airflow/dags/xcom_dag.py
[2024-09-11T01:53:28.295+0000] {processor.py:840} INFO - DAG(s) 'xcom_dag_v03' retrieved from /opt/airflow/dags/xcom_dag.py
[2024-09-11T01:53:28.315+0000] {logging_mixin.py:188} INFO - [2024-09-11T01:53:28.314+0000] {dag.py:3096} INFO - Sync 1 DAGs
[2024-09-11T01:53:28.335+0000] {logging_mixin.py:188} INFO - [2024-09-11T01:53:28.335+0000] {dag.py:3954} INFO - Setting next_dagrun for xcom_dag_v03 to 2024-06-30 00:00:00+00:00, run_after=2024-07-01 00:00:00+00:00
[2024-09-11T01:53:28.359+0000] {processor.py:183} INFO - Processing /opt/airflow/dags/xcom_dag.py took 0.087 seconds
[2024-09-11T01:53:58.677+0000] {processor.py:161} INFO - Started process (PID=7004) to work on /opt/airflow/dags/xcom_dag.py
[2024-09-11T01:53:58.678+0000] {processor.py:830} INFO - Processing file /opt/airflow/dags/xcom_dag.py for tasks to queue
[2024-09-11T01:53:58.680+0000] {logging_mixin.py:188} INFO - [2024-09-11T01:53:58.679+0000] {dagbag.py:545} INFO - Filling up the DagBag from /opt/airflow/dags/xcom_dag.py
[2024-09-11T01:53:58.697+0000] {processor.py:840} INFO - DAG(s) 'xcom_dag_v03' retrieved from /opt/airflow/dags/xcom_dag.py
[2024-09-11T01:53:58.723+0000] {logging_mixin.py:188} INFO - [2024-09-11T01:53:58.722+0000] {dag.py:3096} INFO - Sync 1 DAGs
[2024-09-11T01:53:58.744+0000] {logging_mixin.py:188} INFO - [2024-09-11T01:53:58.744+0000] {dag.py:3954} INFO - Setting next_dagrun for xcom_dag_v03 to 2024-06-30 00:00:00+00:00, run_after=2024-07-01 00:00:00+00:00
[2024-09-11T01:53:58.770+0000] {processor.py:183} INFO - Processing /opt/airflow/dags/xcom_dag.py took 0.102 seconds
[2024-09-11T01:54:29.612+0000] {processor.py:161} INFO - Started process (PID=7529) to work on /opt/airflow/dags/xcom_dag.py
[2024-09-11T01:54:29.617+0000] {processor.py:830} INFO - Processing file /opt/airflow/dags/xcom_dag.py for tasks to queue
[2024-09-11T01:54:29.634+0000] {logging_mixin.py:188} INFO - [2024-09-11T01:54:29.633+0000] {dagbag.py:545} INFO - Filling up the DagBag from /opt/airflow/dags/xcom_dag.py
[2024-09-11T01:54:29.669+0000] {processor.py:840} INFO - DAG(s) 'xcom_dag_v03' retrieved from /opt/airflow/dags/xcom_dag.py
[2024-09-11T01:54:29.703+0000] {logging_mixin.py:188} INFO - [2024-09-11T01:54:29.702+0000] {dag.py:3096} INFO - Sync 1 DAGs
[2024-09-11T01:54:29.740+0000] {logging_mixin.py:188} INFO - [2024-09-11T01:54:29.739+0000] {dag.py:3954} INFO - Setting next_dagrun for xcom_dag_v03 to 2024-06-30 00:00:00+00:00, run_after=2024-07-01 00:00:00+00:00
[2024-09-11T01:54:29.777+0000] {processor.py:183} INFO - Processing /opt/airflow/dags/xcom_dag.py took 0.182 seconds
[2024-09-11T01:54:59.914+0000] {processor.py:161} INFO - Started process (PID=8214) to work on /opt/airflow/dags/xcom_dag.py
[2024-09-11T01:54:59.915+0000] {processor.py:830} INFO - Processing file /opt/airflow/dags/xcom_dag.py for tasks to queue
[2024-09-11T01:54:59.918+0000] {logging_mixin.py:188} INFO - [2024-09-11T01:54:59.917+0000] {dagbag.py:545} INFO - Filling up the DagBag from /opt/airflow/dags/xcom_dag.py
[2024-09-11T01:54:59.939+0000] {processor.py:840} INFO - DAG(s) 'xcom_dag_v03' retrieved from /opt/airflow/dags/xcom_dag.py
[2024-09-11T01:54:59.971+0000] {logging_mixin.py:188} INFO - [2024-09-11T01:54:59.970+0000] {dag.py:3096} INFO - Sync 1 DAGs
[2024-09-11T01:54:59.999+0000] {logging_mixin.py:188} INFO - [2024-09-11T01:54:59.999+0000] {dag.py:3954} INFO - Setting next_dagrun for xcom_dag_v03 to 2024-06-30 00:00:00+00:00, run_after=2024-07-01 00:00:00+00:00
[2024-09-11T01:55:00.032+0000] {processor.py:183} INFO - Processing /opt/airflow/dags/xcom_dag.py took 0.133 seconds
[2024-09-11T01:55:30.151+0000] {processor.py:161} INFO - Started process (PID=8658) to work on /opt/airflow/dags/xcom_dag.py
[2024-09-11T01:55:30.156+0000] {processor.py:830} INFO - Processing file /opt/airflow/dags/xcom_dag.py for tasks to queue
[2024-09-11T01:55:30.159+0000] {logging_mixin.py:188} INFO - [2024-09-11T01:55:30.158+0000] {dagbag.py:545} INFO - Filling up the DagBag from /opt/airflow/dags/xcom_dag.py
[2024-09-11T01:55:30.193+0000] {processor.py:840} INFO - DAG(s) 'xcom_dag_v03' retrieved from /opt/airflow/dags/xcom_dag.py
[2024-09-11T01:55:30.255+0000] {logging_mixin.py:188} INFO - [2024-09-11T01:55:30.254+0000] {dag.py:3096} INFO - Sync 1 DAGs
[2024-09-11T01:55:30.318+0000] {logging_mixin.py:188} INFO - [2024-09-11T01:55:30.317+0000] {dag.py:3954} INFO - Setting next_dagrun for xcom_dag_v03 to 2024-06-30 00:00:00+00:00, run_after=2024-07-01 00:00:00+00:00
[2024-09-11T01:55:30.361+0000] {processor.py:183} INFO - Processing /opt/airflow/dags/xcom_dag.py took 0.232 seconds
