[2024-09-11T01:56:14.651+0000] {local_task_job_runner.py:120} INFO - ::group::Pre task execution logs
[2024-09-11T01:56:14.686+0000] {taskinstance.py:2076} INFO - Dependencies all met for dep_context=non-requeueable deps ti=<TaskInstance: our_first_dag_v4.first_task scheduled__2023-09-16T00:00:00+00:00 [queued]>
[2024-09-11T01:56:14.705+0000] {taskinstance.py:2076} INFO - Dependencies all met for dep_context=requeueable deps ti=<TaskInstance: our_first_dag_v4.first_task scheduled__2023-09-16T00:00:00+00:00 [queued]>
[2024-09-11T01:56:14.706+0000] {taskinstance.py:2306} INFO - Starting attempt 1 of 6
[2024-09-11T01:56:14.741+0000] {taskinstance.py:2330} INFO - Executing <Task(BashOperator): first_task> on 2023-09-16 00:00:00+00:00
[2024-09-11T01:56:14.755+0000] {standard_task_runner.py:90} INFO - Running: ['***', 'tasks', 'run', 'our_first_dag_v4', 'first_task', 'scheduled__2023-09-16T00:00:00+00:00', '--job-id', '2400', '--raw', '--subdir', 'DAGS_FOLDER/7. our_first_dag.py', '--cfg-path', '/tmp/tmpwfntb6gl']
[2024-09-11T01:56:14.759+0000] {standard_task_runner.py:91} INFO - Job 2400: Subtask first_task
[2024-09-11T01:56:14.764+0000] {logging_mixin.py:188} WARNING - /home/***/.local/lib/python3.12/site-packages/***/task/task_runner/standard_task_runner.py:61 DeprecationWarning: This process (pid=9288) is multi-threaded, use of fork() may lead to deadlocks in the child.
[2024-09-11T01:56:14.765+0000] {standard_task_runner.py:63} INFO - Started process 9307 to run task
[2024-09-11T01:56:14.828+0000] {task_command.py:426} INFO - Running <TaskInstance: our_first_dag_v4.first_task scheduled__2023-09-16T00:00:00+00:00 [running]> on host 0359316e7bd1
[2024-09-11T01:56:14.971+0000] {taskinstance.py:2648} INFO - Exporting env vars: AIRFLOW_CTX_DAG_OWNER='vohoang' AIRFLOW_CTX_DAG_ID='our_first_dag_v4' AIRFLOW_CTX_TASK_ID='first_task' AIRFLOW_CTX_EXECUTION_DATE='2023-09-16T00:00:00+00:00' AIRFLOW_CTX_TRY_NUMBER='1' AIRFLOW_CTX_DAG_RUN_ID='scheduled__2023-09-16T00:00:00+00:00'
[2024-09-11T01:56:14.973+0000] {taskinstance.py:430} INFO - ::endgroup::
[2024-09-11T01:56:14.974+0000] {subprocess.py:63} INFO - Tmp dir root location: /tmp
[2024-09-11T01:56:14.976+0000] {subprocess.py:75} INFO - Running command: ['/usr/bin/bash', '-c', 'echo "Hello my son. I\'m your dad."']
[2024-09-11T01:56:14.991+0000] {subprocess.py:86} INFO - Output:
[2024-09-11T01:56:14.993+0000] {subprocess.py:93} INFO - Hello my son. I'm your dad.
[2024-09-11T01:56:14.995+0000] {subprocess.py:97} INFO - Command exited with return code 0
[2024-09-11T01:56:14.997+0000] {taskinstance.py:441} INFO - ::group::Post task execution logs
[2024-09-11T01:56:15.063+0000] {taskinstance.py:1206} INFO - Marking task as SUCCESS. dag_id=our_first_dag_v4, task_id=first_task, run_id=scheduled__2023-09-16T00:00:00+00:00, execution_date=20230916T000000, start_date=20240911T015614, end_date=20240911T015615
[2024-09-11T01:56:15.142+0000] {local_task_job_runner.py:240} INFO - Task exited with return code 0
[2024-09-11T01:56:15.155+0000] {local_task_job_runner.py:222} INFO - ::endgroup::
