[2024-07-02T05:50:37.993+0000] {local_task_job_runner.py:120} INFO - ::group::Pre task execution logs
[2024-07-02T05:50:38.019+0000] {taskinstance.py:2076} INFO - Dependencies all met for dep_context=non-requeueable deps ti=<TaskInstance: dag_with_postgers_hooks_v04.postgres_to_s3 scheduled__2024-05-09T00:00:00+00:00 [queued]>
[2024-07-02T05:50:38.030+0000] {taskinstance.py:2076} INFO - Dependencies all met for dep_context=requeueable deps ti=<TaskInstance: dag_with_postgers_hooks_v04.postgres_to_s3 scheduled__2024-05-09T00:00:00+00:00 [queued]>
[2024-07-02T05:50:38.031+0000] {taskinstance.py:2306} INFO - Starting attempt 1 of 6
[2024-07-02T05:50:38.138+0000] {taskinstance.py:2330} INFO - Executing <Task(PythonOperator): postgres_to_s3> on 2024-05-09 00:00:00+00:00
[2024-07-02T05:50:38.149+0000] {logging_mixin.py:188} WARNING - /home/***/.local/lib/python3.12/site-packages/***/task/task_runner/standard_task_runner.py:61 DeprecationWarning: This process (pid=32210) is multi-threaded, use of fork() may lead to deadlocks in the child.
[2024-07-02T05:50:38.150+0000] {standard_task_runner.py:63} INFO - Started process 32219 to run task
[2024-07-02T05:50:38.148+0000] {standard_task_runner.py:90} INFO - Running: ['***', 'tasks', 'run', 'dag_with_postgers_hooks_v04', 'postgres_to_s3', 'scheduled__2024-05-09T00:00:00+00:00', '--job-id', '1551', '--raw', '--subdir', 'DAGS_FOLDER/dag_with_postgress_hook.py', '--cfg-path', '/tmp/tmpb671dqvf']
[2024-07-02T05:50:38.150+0000] {standard_task_runner.py:91} INFO - Job 1551: Subtask postgres_to_s3
[2024-07-02T05:50:38.212+0000] {task_command.py:426} INFO - Running <TaskInstance: dag_with_postgers_hooks_v04.postgres_to_s3 scheduled__2024-05-09T00:00:00+00:00 [running]> on host 468cd84e5e4e
[2024-07-02T05:50:38.365+0000] {taskinstance.py:2648} INFO - Exporting env vars: AIRFLOW_CTX_DAG_OWNER='vohoang' AIRFLOW_CTX_DAG_ID='dag_with_postgers_hooks_v04' AIRFLOW_CTX_TASK_ID='postgres_to_s3' AIRFLOW_CTX_EXECUTION_DATE='2024-05-09T00:00:00+00:00' AIRFLOW_CTX_TRY_NUMBER='1' AIRFLOW_CTX_DAG_RUN_ID='scheduled__2024-05-09T00:00:00+00:00'
[2024-07-02T05:50:38.367+0000] {taskinstance.py:430} INFO - ::endgroup::
[2024-07-02T05:50:38.388+0000] {logging_mixin.py:188} WARNING - /home/***/.local/lib/python3.12/site-packages/***/utils/context.py:212 AirflowContextDeprecationWarning: Accessing 'next_ds_nodash' from the template is deprecated and will be removed in a future version. Please use '{{ data_interval_end | ds_nodash }}' instead.
[2024-07-02T05:50:38.400+0000] {base.py:84} INFO - Using connection ID 'postgres_conn_id' for task execution.
[2024-07-02T05:50:38.408+0000] {dag_with_postgress_hook.py:38} INFO - Saved orders data in text file: dags/get_orders_20240509.txt
[2024-07-02T05:50:38.418+0000] {base.py:84} INFO - Using connection ID 'minio_s3_conn' for task execution.
[2024-07-02T05:50:38.419+0000] {connection_wrapper.py:384} INFO - AWS Connection (conn_id='minio_s3_conn', conn_type='aws') credentials retrieved from login and password.
[2024-07-02T05:50:38.956+0000] {dag_with_postgress_hook.py:48} INFO - Orders file /tmp/tmpt8umlaen20240509 has been pushed to S3!
[2024-07-02T05:50:38.957+0000] {python.py:237} INFO - Done. Returned value was: None
[2024-07-02T05:50:38.958+0000] {taskinstance.py:441} INFO - ::group::Post task execution logs
[2024-07-02T05:50:38.967+0000] {taskinstance.py:1206} INFO - Marking task as SUCCESS. dag_id=dag_with_postgers_hooks_v04, task_id=postgres_to_s3, run_id=scheduled__2024-05-09T00:00:00+00:00, execution_date=20240509T000000, start_date=20240702T055038, end_date=20240702T055038
[2024-07-02T05:50:39.010+0000] {local_task_job_runner.py:240} INFO - Task exited with return code 0
[2024-07-02T05:50:39.026+0000] {taskinstance.py:3503} INFO - 0 downstream tasks scheduled from follow-on schedule check
[2024-07-02T05:50:39.033+0000] {local_task_job_runner.py:222} INFO - ::endgroup::
