[2024-09-11T01:50:18.916+0000] {local_task_job_runner.py:120} INFO - ::group::Pre task execution logs
[2024-09-11T01:50:18.951+0000] {taskinstance.py:2076} INFO - Dependencies all met for dep_context=non-requeueable deps ti=<TaskInstance: our_first_dag_v4.first_task scheduled__2021-11-12T00:00:00+00:00 [queued]>
[2024-09-11T01:50:18.960+0000] {taskinstance.py:2076} INFO - Dependencies all met for dep_context=requeueable deps ti=<TaskInstance: our_first_dag_v4.first_task scheduled__2021-11-12T00:00:00+00:00 [queued]>
[2024-09-11T01:50:18.961+0000] {taskinstance.py:2306} INFO - Starting attempt 1 of 6
[2024-09-11T01:50:18.979+0000] {taskinstance.py:2330} INFO - Executing <Task(BashOperator): first_task> on 2021-11-12 00:00:00+00:00
[2024-09-11T01:50:18.992+0000] {logging_mixin.py:188} WARNING - /home/***/.local/lib/python3.12/site-packages/***/task/task_runner/standard_task_runner.py:61 DeprecationWarning: This process (pid=2398) is multi-threaded, use of fork() may lead to deadlocks in the child.
[2024-09-11T01:50:18.994+0000] {standard_task_runner.py:63} INFO - Started process 2403 to run task
[2024-09-11T01:50:18.993+0000] {standard_task_runner.py:90} INFO - Running: ['***', 'tasks', 'run', 'our_first_dag_v4', 'first_task', 'scheduled__2021-11-12T00:00:00+00:00', '--job-id', '314', '--raw', '--subdir', 'DAGS_FOLDER/our_first_dag.py', '--cfg-path', '/tmp/tmpcuzbuwf3']
[2024-09-11T01:50:18.996+0000] {standard_task_runner.py:91} INFO - Job 314: Subtask first_task
[2024-09-11T01:50:19.047+0000] {task_command.py:426} INFO - Running <TaskInstance: our_first_dag_v4.first_task scheduled__2021-11-12T00:00:00+00:00 [running]> on host 0359316e7bd1
[2024-09-11T01:50:19.196+0000] {taskinstance.py:2648} INFO - Exporting env vars: AIRFLOW_CTX_DAG_OWNER='vohoang' AIRFLOW_CTX_DAG_ID='our_first_dag_v4' AIRFLOW_CTX_TASK_ID='first_task' AIRFLOW_CTX_EXECUTION_DATE='2021-11-12T00:00:00+00:00' AIRFLOW_CTX_TRY_NUMBER='1' AIRFLOW_CTX_DAG_RUN_ID='scheduled__2021-11-12T00:00:00+00:00'
[2024-09-11T01:50:19.207+0000] {taskinstance.py:430} INFO - ::endgroup::
[2024-09-11T01:50:19.227+0000] {subprocess.py:63} INFO - Tmp dir root location: /tmp
[2024-09-11T01:50:19.228+0000] {subprocess.py:75} INFO - Running command: ['/usr/bin/bash', '-c', 'echo "Hello my son. I\'m your dad."']
[2024-09-11T01:50:19.241+0000] {subprocess.py:86} INFO - Output:
[2024-09-11T01:50:19.243+0000] {subprocess.py:93} INFO - Hello my son. I'm your dad.
[2024-09-11T01:50:19.244+0000] {subprocess.py:97} INFO - Command exited with return code 0
[2024-09-11T01:50:19.245+0000] {taskinstance.py:441} INFO - ::group::Post task execution logs
[2024-09-11T01:50:19.281+0000] {taskinstance.py:1206} INFO - Marking task as SUCCESS. dag_id=our_first_dag_v4, task_id=first_task, run_id=scheduled__2021-11-12T00:00:00+00:00, execution_date=20211112T000000, start_date=20240911T015018, end_date=20240911T015019
[2024-09-11T01:50:19.328+0000] {local_task_job_runner.py:240} INFO - Task exited with return code 0
[2024-09-11T01:50:19.361+0000] {taskinstance.py:3503} INFO - 2 downstream tasks scheduled from follow-on schedule check
[2024-09-11T01:50:19.369+0000] {local_task_job_runner.py:222} INFO - ::endgroup::
