[2024-07-02T02:25:14.322+0000] {local_task_job_runner.py:120} INFO - ::group::Pre task execution logs
[2024-07-02T02:25:14.338+0000] {taskinstance.py:2076} INFO - Dependencies all met for dep_context=non-requeueable deps ti=<TaskInstance: dag_with_minio_s3_v04.sensor_minio_s3 scheduled__2024-06-30T00:00:00+00:00 [queued]>
[2024-07-02T02:25:14.347+0000] {taskinstance.py:2076} INFO - Dependencies all met for dep_context=requeueable deps ti=<TaskInstance: dag_with_minio_s3_v04.sensor_minio_s3 scheduled__2024-06-30T00:00:00+00:00 [queued]>
[2024-07-02T02:25:14.347+0000] {taskinstance.py:2306} INFO - Starting attempt 1 of 6
[2024-07-02T02:25:14.363+0000] {taskinstance.py:2330} INFO - Executing <Task(S3KeySensor): sensor_minio_s3> on 2024-06-30 00:00:00+00:00
[2024-07-02T02:25:14.370+0000] {standard_task_runner.py:90} INFO - Running: ['***', 'tasks', 'run', 'dag_with_minio_s3_v04', 'sensor_minio_s3', 'scheduled__2024-06-30T00:00:00+00:00', '--job-id', '9', '--raw', '--subdir', 'DAGS_FOLDER/dag_with_minio_s3.py', '--cfg-path', '/tmp/tmpw13skgwi']
[2024-07-02T02:25:14.371+0000] {standard_task_runner.py:91} INFO - Job 9: Subtask sensor_minio_s3
[2024-07-02T02:25:14.372+0000] {logging_mixin.py:188} WARNING - /home/***/.local/lib/python3.12/site-packages/***/task/task_runner/standard_task_runner.py:61 DeprecationWarning: This process (pid=7006) is multi-threaded, use of fork() may lead to deadlocks in the child.
[2024-07-02T02:25:14.373+0000] {standard_task_runner.py:63} INFO - Started process 7008 to run task
[2024-07-02T02:25:14.413+0000] {task_command.py:426} INFO - Running <TaskInstance: dag_with_minio_s3_v04.sensor_minio_s3 scheduled__2024-06-30T00:00:00+00:00 [running]> on host 468cd84e5e4e
[2024-07-02T02:25:14.499+0000] {taskinstance.py:2648} INFO - Exporting env vars: AIRFLOW_CTX_DAG_OWNER='vohoang' AIRFLOW_CTX_DAG_ID='dag_with_minio_s3_v04' AIRFLOW_CTX_TASK_ID='sensor_minio_s3' AIRFLOW_CTX_EXECUTION_DATE='2024-06-30T00:00:00+00:00' AIRFLOW_CTX_TRY_NUMBER='1' AIRFLOW_CTX_DAG_RUN_ID='scheduled__2024-06-30T00:00:00+00:00'
[2024-07-02T02:25:14.500+0000] {taskinstance.py:430} INFO - ::endgroup::
[2024-07-02T02:25:14.518+0000] {baseoperator.py:400} WARNING - S3KeySensor.execute cannot be called outside TaskInstance!
[2024-07-02T02:25:14.518+0000] {s3.py:117} INFO - Poking for key : s3://***/data.csv
[2024-07-02T02:25:14.527+0000] {base.py:84} INFO - Using connection ID 'minio_s3_conn' for task execution.
[2024-07-02T02:25:14.528+0000] {connection_wrapper.py:384} INFO - AWS Connection (conn_id='minio_s3_conn', conn_type='aws') credentials retrieved from login and password.
[2024-07-02T02:25:19.884+0000] {s3.py:117} INFO - Poking for key : s3://***/data.csv
[2024-07-02T02:25:24.891+0000] {s3.py:117} INFO - Poking for key : s3://***/data.csv
[2024-07-02T02:25:29.897+0000] {s3.py:117} INFO - Poking for key : s3://***/data.csv
[2024-07-02T02:25:34.901+0000] {s3.py:117} INFO - Poking for key : s3://***/data.csv
[2024-07-02T02:25:39.906+0000] {s3.py:117} INFO - Poking for key : s3://***/data.csv
[2024-07-02T02:25:44.909+0000] {s3.py:117} INFO - Poking for key : s3://***/data.csv
[2024-07-02T02:25:44.914+0000] {taskinstance.py:441} INFO - ::group::Post task execution logs
[2024-07-02T02:25:44.914+0000] {taskinstance.py:2905} ERROR - Task failed with exception
Traceback (most recent call last):
  File "/home/airflow/.local/lib/python3.12/site-packages/airflow/models/taskinstance.py", line 465, in _execute_task
    result = _execute_callable(context=context, **execute_callable_kwargs)
             ^^^^^^^^^^^^^^^^^^^^^^^^^^^^^^^^^^^^^^^^^^^^^^^^^^^^^^^^^^^^^
  File "/home/airflow/.local/lib/python3.12/site-packages/airflow/models/taskinstance.py", line 432, in _execute_callable
    return execute_callable(context=context, **execute_callable_kwargs)
           ^^^^^^^^^^^^^^^^^^^^^^^^^^^^^^^^^^^^^^^^^^^^^^^^^^^^^^^^^^^^
  File "/home/airflow/.local/lib/python3.12/site-packages/airflow/models/baseoperator.py", line 401, in wrapper
    return func(self, *args, **kwargs)
           ^^^^^^^^^^^^^^^^^^^^^^^^^^^
  File "/home/airflow/.local/lib/python3.12/site-packages/airflow/providers/amazon/aws/sensors/s3.py", line 183, in execute
    super().execute(context)
  File "/home/airflow/.local/lib/python3.12/site-packages/airflow/models/baseoperator.py", line 401, in wrapper
    return func(self, *args, **kwargs)
           ^^^^^^^^^^^^^^^^^^^^^^^^^^^
  File "/home/airflow/.local/lib/python3.12/site-packages/airflow/sensors/base.py", line 281, in execute
    raise AirflowSensorTimeout(message)
airflow.exceptions.AirflowSensorTimeout: Sensor has timed out; run duration of 30.396696153999983 seconds exceeds the specified timeout of 30.0.
[2024-07-02T02:25:44.924+0000] {taskinstance.py:1206} INFO - Immediate failure requested. Marking task as FAILED. dag_id=dag_with_minio_s3_v04, task_id=sensor_minio_s3, run_id=scheduled__2024-06-30T00:00:00+00:00, execution_date=20240630T000000, start_date=20240702T022514, end_date=20240702T022544
[2024-07-02T02:25:44.941+0000] {standard_task_runner.py:110} ERROR - Failed to execute job 9 for task sensor_minio_s3 (Sensor has timed out; run duration of 30.396696153999983 seconds exceeds the specified timeout of 30.0.; 7008)
[2024-07-02T02:25:44.960+0000] {local_task_job_runner.py:240} INFO - Task exited with return code 1
[2024-07-02T02:25:44.974+0000] {taskinstance.py:3503} INFO - 0 downstream tasks scheduled from follow-on schedule check
[2024-07-02T02:25:44.979+0000] {local_task_job_runner.py:222} INFO - ::endgroup::
