[2024-09-11T01:53:03.557+0000] {local_task_job_runner.py:120} INFO - ::group::Pre task execution logs
[2024-09-11T01:53:03.604+0000] {taskinstance.py:2076} INFO - Dependencies all met for dep_context=non-requeueable deps ti=<TaskInstance: our_first_dag_v4.first_task scheduled__2022-10-09T00:00:00+00:00 [queued]>
[2024-09-11T01:53:03.621+0000] {taskinstance.py:2076} INFO - Dependencies all met for dep_context=requeueable deps ti=<TaskInstance: our_first_dag_v4.first_task scheduled__2022-10-09T00:00:00+00:00 [queued]>
[2024-09-11T01:53:03.622+0000] {taskinstance.py:2306} INFO - Starting attempt 1 of 6
[2024-09-11T01:53:03.657+0000] {taskinstance.py:2330} INFO - Executing <Task(BashOperator): first_task> on 2022-10-09 00:00:00+00:00
[2024-09-11T01:53:03.671+0000] {logging_mixin.py:188} WARNING - /home/***/.local/lib/python3.12/site-packages/***/task/task_runner/standard_task_runner.py:61 DeprecationWarning: This process (pid=5879) is multi-threaded, use of fork() may lead to deadlocks in the child.
[2024-09-11T01:53:03.670+0000] {standard_task_runner.py:90} INFO - Running: ['***', 'tasks', 'run', 'our_first_dag_v4', 'first_task', 'scheduled__2022-10-09T00:00:00+00:00', '--job-id', '1380', '--raw', '--subdir', 'DAGS_FOLDER/our_first_dag.py', '--cfg-path', '/tmp/tmp7id3vpve']
[2024-09-11T01:53:03.673+0000] {standard_task_runner.py:63} INFO - Started process 5889 to run task
[2024-09-11T01:53:03.674+0000] {standard_task_runner.py:91} INFO - Job 1380: Subtask first_task
[2024-09-11T01:53:03.732+0000] {task_command.py:426} INFO - Running <TaskInstance: our_first_dag_v4.first_task scheduled__2022-10-09T00:00:00+00:00 [running]> on host 0359316e7bd1
[2024-09-11T01:53:03.862+0000] {taskinstance.py:2648} INFO - Exporting env vars: AIRFLOW_CTX_DAG_OWNER='vohoang' AIRFLOW_CTX_DAG_ID='our_first_dag_v4' AIRFLOW_CTX_TASK_ID='first_task' AIRFLOW_CTX_EXECUTION_DATE='2022-10-09T00:00:00+00:00' AIRFLOW_CTX_TRY_NUMBER='1' AIRFLOW_CTX_DAG_RUN_ID='scheduled__2022-10-09T00:00:00+00:00'
[2024-09-11T01:53:03.863+0000] {taskinstance.py:430} INFO - ::endgroup::
[2024-09-11T01:53:03.880+0000] {subprocess.py:63} INFO - Tmp dir root location: /tmp
[2024-09-11T01:53:03.881+0000] {subprocess.py:75} INFO - Running command: ['/usr/bin/bash', '-c', 'echo "Hello my son. I\'m your dad."']
[2024-09-11T01:53:03.894+0000] {subprocess.py:86} INFO - Output:
[2024-09-11T01:53:03.896+0000] {subprocess.py:93} INFO - Hello my son. I'm your dad.
[2024-09-11T01:53:03.896+0000] {subprocess.py:97} INFO - Command exited with return code 0
[2024-09-11T01:53:03.897+0000] {taskinstance.py:441} INFO - ::group::Post task execution logs
[2024-09-11T01:53:03.930+0000] {taskinstance.py:1206} INFO - Marking task as SUCCESS. dag_id=our_first_dag_v4, task_id=first_task, run_id=scheduled__2022-10-09T00:00:00+00:00, execution_date=20221009T000000, start_date=20240911T015303, end_date=20240911T015303
[2024-09-11T01:53:03.968+0000] {local_task_job_runner.py:240} INFO - Task exited with return code 0
[2024-09-11T01:53:03.998+0000] {taskinstance.py:3503} INFO - 2 downstream tasks scheduled from follow-on schedule check
[2024-09-11T01:53:04.005+0000] {local_task_job_runner.py:222} INFO - ::endgroup::
