[2024-09-11T01:56:24.952+0000] {local_task_job_runner.py:120} INFO - ::group::Pre task execution logs
[2024-09-11T01:56:24.973+0000] {taskinstance.py:2076} INFO - Dependencies all met for dep_context=non-requeueable deps ti=<TaskInstance: our_first_dag_v4.first_task scheduled__2023-10-03T00:00:00+00:00 [queued]>
[2024-09-11T01:56:24.986+0000] {taskinstance.py:2076} INFO - Dependencies all met for dep_context=requeueable deps ti=<TaskInstance: our_first_dag_v4.first_task scheduled__2023-10-03T00:00:00+00:00 [queued]>
[2024-09-11T01:56:24.987+0000] {taskinstance.py:2306} INFO - Starting attempt 1 of 6
[2024-09-11T01:56:25.089+0000] {taskinstance.py:2330} INFO - Executing <Task(BashOperator): first_task> on 2023-10-03 00:00:00+00:00
[2024-09-11T01:56:25.100+0000] {logging_mixin.py:188} WARNING - /home/***/.local/lib/python3.12/site-packages/***/task/task_runner/standard_task_runner.py:61 DeprecationWarning: This process (pid=9433) is multi-threaded, use of fork() may lead to deadlocks in the child.
[2024-09-11T01:56:25.102+0000] {standard_task_runner.py:63} INFO - Started process 9454 to run task
[2024-09-11T01:56:25.101+0000] {standard_task_runner.py:90} INFO - Running: ['***', 'tasks', 'run', 'our_first_dag_v4', 'first_task', 'scheduled__2023-10-03T00:00:00+00:00', '--job-id', '2449', '--raw', '--subdir', 'DAGS_FOLDER/7. our_first_dag.py', '--cfg-path', '/tmp/tmp7sl5ysgk']
[2024-09-11T01:56:25.103+0000] {standard_task_runner.py:91} INFO - Job 2449: Subtask first_task
[2024-09-11T01:56:25.173+0000] {task_command.py:426} INFO - Running <TaskInstance: our_first_dag_v4.first_task scheduled__2023-10-03T00:00:00+00:00 [running]> on host 0359316e7bd1
[2024-09-11T01:56:25.374+0000] {taskinstance.py:2648} INFO - Exporting env vars: AIRFLOW_CTX_DAG_OWNER='vohoang' AIRFLOW_CTX_DAG_ID='our_first_dag_v4' AIRFLOW_CTX_TASK_ID='first_task' AIRFLOW_CTX_EXECUTION_DATE='2023-10-03T00:00:00+00:00' AIRFLOW_CTX_TRY_NUMBER='1' AIRFLOW_CTX_DAG_RUN_ID='scheduled__2023-10-03T00:00:00+00:00'
[2024-09-11T01:56:25.377+0000] {taskinstance.py:430} INFO - ::endgroup::
[2024-09-11T01:56:25.380+0000] {subprocess.py:63} INFO - Tmp dir root location: /tmp
[2024-09-11T01:56:25.382+0000] {subprocess.py:75} INFO - Running command: ['/usr/bin/bash', '-c', 'echo "Hello my son. I\'m your dad."']
[2024-09-11T01:56:25.410+0000] {subprocess.py:86} INFO - Output:
[2024-09-11T01:56:25.414+0000] {subprocess.py:93} INFO - Hello my son. I'm your dad.
[2024-09-11T01:56:25.415+0000] {subprocess.py:97} INFO - Command exited with return code 0
[2024-09-11T01:56:25.416+0000] {taskinstance.py:441} INFO - ::group::Post task execution logs
[2024-09-11T01:56:25.482+0000] {taskinstance.py:1206} INFO - Marking task as SUCCESS. dag_id=our_first_dag_v4, task_id=first_task, run_id=scheduled__2023-10-03T00:00:00+00:00, execution_date=20231003T000000, start_date=20240911T015624, end_date=20240911T015625
[2024-09-11T01:56:25.558+0000] {local_task_job_runner.py:240} INFO - Task exited with return code 0
[2024-09-11T01:56:25.621+0000] {taskinstance.py:3503} INFO - 2 downstream tasks scheduled from follow-on schedule check
[2024-09-11T01:56:25.636+0000] {local_task_job_runner.py:222} INFO - ::endgroup::
