[2024-07-02T05:47:31.555+0000] {local_task_job_runner.py:120} INFO - ::group::Pre task execution logs
[2024-07-02T05:47:31.580+0000] {taskinstance.py:2076} INFO - Dependencies all met for dep_context=non-requeueable deps ti=<TaskInstance: dag_with_postgers_hooks_v04.postgres_to_s3 scheduled__2022-12-18T00:00:00+00:00 [queued]>
[2024-07-02T05:47:31.595+0000] {taskinstance.py:2076} INFO - Dependencies all met for dep_context=requeueable deps ti=<TaskInstance: dag_with_postgers_hooks_v04.postgres_to_s3 scheduled__2022-12-18T00:00:00+00:00 [queued]>
[2024-07-02T05:47:31.596+0000] {taskinstance.py:2306} INFO - Starting attempt 1 of 6
[2024-07-02T05:47:31.673+0000] {taskinstance.py:2330} INFO - Executing <Task(PythonOperator): postgres_to_s3> on 2022-12-18 00:00:00+00:00
[2024-07-02T05:47:31.685+0000] {logging_mixin.py:188} WARNING - /home/***/.local/lib/python3.12/site-packages/***/task/task_runner/standard_task_runner.py:61 DeprecationWarning: This process (pid=29844) is multi-threaded, use of fork() may lead to deadlocks in the child.
[2024-07-02T05:47:31.686+0000] {standard_task_runner.py:63} INFO - Started process 29851 to run task
[2024-07-02T05:47:31.685+0000] {standard_task_runner.py:90} INFO - Running: ['***', 'tasks', 'run', 'dag_with_postgers_hooks_v04', 'postgres_to_s3', 'scheduled__2022-12-18T00:00:00+00:00', '--job-id', '1043', '--raw', '--subdir', 'DAGS_FOLDER/dag_with_postgress_hook.py', '--cfg-path', '/tmp/tmpbngla5vz']
[2024-07-02T05:47:31.688+0000] {standard_task_runner.py:91} INFO - Job 1043: Subtask postgres_to_s3
[2024-07-02T05:47:31.768+0000] {task_command.py:426} INFO - Running <TaskInstance: dag_with_postgers_hooks_v04.postgres_to_s3 scheduled__2022-12-18T00:00:00+00:00 [running]> on host 468cd84e5e4e
[2024-07-02T05:47:31.961+0000] {taskinstance.py:2648} INFO - Exporting env vars: AIRFLOW_CTX_DAG_OWNER='vohoang' AIRFLOW_CTX_DAG_ID='dag_with_postgers_hooks_v04' AIRFLOW_CTX_TASK_ID='postgres_to_s3' AIRFLOW_CTX_EXECUTION_DATE='2022-12-18T00:00:00+00:00' AIRFLOW_CTX_TRY_NUMBER='1' AIRFLOW_CTX_DAG_RUN_ID='scheduled__2022-12-18T00:00:00+00:00'
[2024-07-02T05:47:31.962+0000] {taskinstance.py:430} INFO - ::endgroup::
[2024-07-02T05:47:31.991+0000] {logging_mixin.py:188} WARNING - /home/***/.local/lib/python3.12/site-packages/***/utils/context.py:212 AirflowContextDeprecationWarning: Accessing 'next_ds_nodash' from the template is deprecated and will be removed in a future version. Please use '{{ data_interval_end | ds_nodash }}' instead.
[2024-07-02T05:47:32.005+0000] {base.py:84} INFO - Using connection ID 'postgres_conn_id' for task execution.
[2024-07-02T05:47:32.014+0000] {dag_with_postgress_hook.py:38} INFO - Saved orders data in text file: dags/get_orders_20221218.txt
[2024-07-02T05:47:32.026+0000] {base.py:84} INFO - Using connection ID 'minio_s3_conn' for task execution.
[2024-07-02T05:47:32.026+0000] {connection_wrapper.py:384} INFO - AWS Connection (conn_id='minio_s3_conn', conn_type='aws') credentials retrieved from login and password.
[2024-07-02T05:47:32.654+0000] {dag_with_postgress_hook.py:48} INFO - Orders file /tmp/tmpizj8to_v20221218 has been pushed to S3!
[2024-07-02T05:47:32.655+0000] {python.py:237} INFO - Done. Returned value was: None
[2024-07-02T05:47:32.656+0000] {taskinstance.py:441} INFO - ::group::Post task execution logs
[2024-07-02T05:47:32.668+0000] {taskinstance.py:1206} INFO - Marking task as SUCCESS. dag_id=dag_with_postgers_hooks_v04, task_id=postgres_to_s3, run_id=scheduled__2022-12-18T00:00:00+00:00, execution_date=20221218T000000, start_date=20240702T054731, end_date=20240702T054732
[2024-07-02T05:47:32.712+0000] {local_task_job_runner.py:240} INFO - Task exited with return code 0
[2024-07-02T05:47:32.734+0000] {taskinstance.py:3503} INFO - 0 downstream tasks scheduled from follow-on schedule check
[2024-07-02T05:47:32.740+0000] {local_task_job_runner.py:222} INFO - ::endgroup::
