[2024-09-11T06:31:56.896+0000] {local_task_job_runner.py:120} INFO - ::group::Pre task execution logs
[2024-09-11T06:31:56.926+0000] {taskinstance.py:2076} INFO - Dependencies all met for dep_context=non-requeueable deps ti=<TaskInstance: dag_ml_pipeline_docker_operator_v04.faked_dataset_creation_task manual__2024-09-11T06:31:55.891618+00:00 [queued]>
[2024-09-11T06:31:56.933+0000] {taskinstance.py:2076} INFO - Dependencies all met for dep_context=requeueable deps ti=<TaskInstance: dag_ml_pipeline_docker_operator_v04.faked_dataset_creation_task manual__2024-09-11T06:31:55.891618+00:00 [queued]>
[2024-09-11T06:31:56.934+0000] {taskinstance.py:2306} INFO - Starting attempt 1 of 1
[2024-09-11T06:31:56.949+0000] {taskinstance.py:2330} INFO - Executing <Task(BashOperator): faked_dataset_creation_task> on 2024-09-11 06:31:55.891618+00:00
[2024-09-11T06:31:56.955+0000] {standard_task_runner.py:90} INFO - Running: ['***', 'tasks', 'run', 'dag_ml_pipeline_docker_operator_v04', 'faked_dataset_creation_task', 'manual__2024-09-11T06:31:55.891618+00:00', '--job-id', '9', '--raw', '--subdir', 'DAGS_FOLDER/18_ml_pipeline_with_docker_operator.py', '--cfg-path', '/tmp/tmpvx55myep']
[2024-09-11T06:31:56.958+0000] {standard_task_runner.py:91} INFO - Job 9: Subtask faked_dataset_creation_task
[2024-09-11T06:31:56.959+0000] {logging_mixin.py:188} WARNING - /home/***/.local/lib/python3.12/site-packages/***/task/task_runner/standard_task_runner.py:61 DeprecationWarning: This process (pid=1056) is multi-threaded, use of fork() may lead to deadlocks in the child.
[2024-09-11T06:31:56.959+0000] {standard_task_runner.py:63} INFO - Started process 1057 to run task
[2024-09-11T06:31:57.007+0000] {task_command.py:426} INFO - Running <TaskInstance: dag_ml_pipeline_docker_operator_v04.faked_dataset_creation_task manual__2024-09-11T06:31:55.891618+00:00 [running]> on host b7a43554df14
[2024-09-11T06:31:57.079+0000] {taskinstance.py:2648} INFO - Exporting env vars: AIRFLOW_CTX_DAG_OWNER='coder2j' AIRFLOW_CTX_DAG_ID='dag_ml_pipeline_docker_operator_v04' AIRFLOW_CTX_TASK_ID='faked_dataset_creation_task' AIRFLOW_CTX_EXECUTION_DATE='2024-09-11T06:31:55.891618+00:00' AIRFLOW_CTX_TRY_NUMBER='1' AIRFLOW_CTX_DAG_RUN_ID='manual__2024-09-11T06:31:55.891618+00:00'
[2024-09-11T06:31:57.080+0000] {taskinstance.py:430} INFO - ::endgroup::
[2024-09-11T06:31:57.093+0000] {subprocess.py:63} INFO - Tmp dir root location: /tmp
[2024-09-11T06:31:57.094+0000] {subprocess.py:75} INFO - Running command: ['/usr/bin/bash', '-c', '\n            echo "Hey the dataset is ready, let\'s trigger the training process"\n        ']
[2024-09-11T06:31:57.103+0000] {subprocess.py:86} INFO - Output:
[2024-09-11T06:31:57.105+0000] {subprocess.py:93} INFO - Hey the dataset is ready, let's trigger the training process
[2024-09-11T06:31:57.106+0000] {subprocess.py:97} INFO - Command exited with return code 0
[2024-09-11T06:31:57.106+0000] {taskinstance.py:441} INFO - ::group::Post task execution logs
[2024-09-11T06:31:57.130+0000] {taskinstance.py:1206} INFO - Marking task as SUCCESS. dag_id=dag_ml_pipeline_docker_operator_v04, task_id=faked_dataset_creation_task, run_id=manual__2024-09-11T06:31:55.891618+00:00, execution_date=20240911T063155, start_date=20240911T063156, end_date=20240911T063157
[2024-09-11T06:31:57.174+0000] {local_task_job_runner.py:240} INFO - Task exited with return code 0
[2024-09-11T06:31:57.194+0000] {taskinstance.py:3503} INFO - 1 downstream tasks scheduled from follow-on schedule check
[2024-09-11T06:31:57.199+0000] {local_task_job_runner.py:222} INFO - ::endgroup::
