[2024-09-11T01:55:53.841+0000] {local_task_job_runner.py:120} INFO - ::group::Pre task execution logs
[2024-09-11T01:55:53.870+0000] {taskinstance.py:2076} INFO - Dependencies all met for dep_context=non-requeueable deps ti=<TaskInstance: our_first_dag_v4.third_task scheduled__2023-08-12T00:00:00+00:00 [queued]>
[2024-09-11T01:55:53.885+0000] {taskinstance.py:2076} INFO - Dependencies all met for dep_context=requeueable deps ti=<TaskInstance: our_first_dag_v4.third_task scheduled__2023-08-12T00:00:00+00:00 [queued]>
[2024-09-11T01:55:53.886+0000] {taskinstance.py:2306} INFO - Starting attempt 1 of 6
[2024-09-11T01:55:53.919+0000] {taskinstance.py:2330} INFO - Executing <Task(BashOperator): third_task> on 2023-08-12 00:00:00+00:00
[2024-09-11T01:55:53.934+0000] {logging_mixin.py:188} WARNING - /home/***/.local/lib/python3.12/site-packages/***/task/task_runner/standard_task_runner.py:61 DeprecationWarning: This process (pid=8977) is multi-threaded, use of fork() may lead to deadlocks in the child.
[2024-09-11T01:55:53.936+0000] {standard_task_runner.py:63} INFO - Started process 9003 to run task
[2024-09-11T01:55:53.950+0000] {standard_task_runner.py:90} INFO - Running: ['***', 'tasks', 'run', 'our_first_dag_v4', 'third_task', 'scheduled__2023-08-12T00:00:00+00:00', '--job-id', '2315', '--raw', '--subdir', 'DAGS_FOLDER/7. our_first_dag.py', '--cfg-path', '/tmp/tmpnvh4c6j7']
[2024-09-11T01:55:53.954+0000] {standard_task_runner.py:91} INFO - Job 2315: Subtask third_task
[2024-09-11T01:55:54.072+0000] {task_command.py:426} INFO - Running <TaskInstance: our_first_dag_v4.third_task scheduled__2023-08-12T00:00:00+00:00 [running]> on host 0359316e7bd1
[2024-09-11T01:55:54.294+0000] {taskinstance.py:2648} INFO - Exporting env vars: AIRFLOW_CTX_DAG_OWNER='vohoang' AIRFLOW_CTX_DAG_ID='our_first_dag_v4' AIRFLOW_CTX_TASK_ID='third_task' AIRFLOW_CTX_EXECUTION_DATE='2023-08-12T00:00:00+00:00' AIRFLOW_CTX_TRY_NUMBER='1' AIRFLOW_CTX_DAG_RUN_ID='scheduled__2023-08-12T00:00:00+00:00'
[2024-09-11T01:55:54.296+0000] {taskinstance.py:430} INFO - ::endgroup::
[2024-09-11T01:55:54.299+0000] {subprocess.py:63} INFO - Tmp dir root location: /tmp
[2024-09-11T01:55:54.303+0000] {subprocess.py:75} INFO - Running command: ['/usr/bin/bash', '-c', 'echo "hey, I am task3 and will be running after task 1"']
[2024-09-11T01:55:54.357+0000] {subprocess.py:86} INFO - Output:
[2024-09-11T01:55:54.360+0000] {subprocess.py:93} INFO - hey, I am task3 and will be running after task 1
[2024-09-11T01:55:54.361+0000] {subprocess.py:97} INFO - Command exited with return code 0
[2024-09-11T01:55:54.364+0000] {taskinstance.py:441} INFO - ::group::Post task execution logs
[2024-09-11T01:55:54.429+0000] {taskinstance.py:1206} INFO - Marking task as SUCCESS. dag_id=our_first_dag_v4, task_id=third_task, run_id=scheduled__2023-08-12T00:00:00+00:00, execution_date=20230812T000000, start_date=20240911T015553, end_date=20240911T015554
[2024-09-11T01:55:54.524+0000] {local_task_job_runner.py:240} INFO - Task exited with return code 0
[2024-09-11T01:55:54.538+0000] {local_task_job_runner.py:222} INFO - ::endgroup::
