[2024-09-11T01:53:50.657+0000] {local_task_job_runner.py:120} INFO - ::group::Pre task execution logs
[2024-09-11T01:53:50.717+0000] {taskinstance.py:2076} INFO - Dependencies all met for dep_context=non-requeueable deps ti=<TaskInstance: our_first_dag_v4.seccond_task scheduled__2023-01-10T00:00:00+00:00 [queued]>
[2024-09-11T01:53:50.729+0000] {taskinstance.py:2076} INFO - Dependencies all met for dep_context=requeueable deps ti=<TaskInstance: our_first_dag_v4.seccond_task scheduled__2023-01-10T00:00:00+00:00 [queued]>
[2024-09-11T01:53:50.730+0000] {taskinstance.py:2306} INFO - Starting attempt 1 of 6
[2024-09-11T01:53:50.762+0000] {taskinstance.py:2330} INFO - Executing <Task(BashOperator): seccond_task> on 2023-01-10 00:00:00+00:00
[2024-09-11T01:53:50.776+0000] {logging_mixin.py:188} WARNING - /home/***/.local/lib/python3.12/site-packages/***/task/task_runner/standard_task_runner.py:61 DeprecationWarning: This process (pid=6807) is multi-threaded, use of fork() may lead to deadlocks in the child.
[2024-09-11T01:53:50.778+0000] {standard_task_runner.py:63} INFO - Started process 6822 to run task
[2024-09-11T01:53:50.776+0000] {standard_task_runner.py:90} INFO - Running: ['***', 'tasks', 'run', 'our_first_dag_v4', 'seccond_task', 'scheduled__2023-01-10T00:00:00+00:00', '--job-id', '1668', '--raw', '--subdir', 'DAGS_FOLDER/our_first_dag.py', '--cfg-path', '/tmp/tmp76hiulhl']
[2024-09-11T01:53:50.779+0000] {standard_task_runner.py:91} INFO - Job 1668: Subtask seccond_task
[2024-09-11T01:53:50.867+0000] {task_command.py:426} INFO - Running <TaskInstance: our_first_dag_v4.seccond_task scheduled__2023-01-10T00:00:00+00:00 [running]> on host 0359316e7bd1
[2024-09-11T01:53:51.052+0000] {taskinstance.py:2648} INFO - Exporting env vars: AIRFLOW_CTX_DAG_OWNER='vohoang' AIRFLOW_CTX_DAG_ID='our_first_dag_v4' AIRFLOW_CTX_TASK_ID='seccond_task' AIRFLOW_CTX_EXECUTION_DATE='2023-01-10T00:00:00+00:00' AIRFLOW_CTX_TRY_NUMBER='1' AIRFLOW_CTX_DAG_RUN_ID='scheduled__2023-01-10T00:00:00+00:00'
[2024-09-11T01:53:51.053+0000] {taskinstance.py:430} INFO - ::endgroup::
[2024-09-11T01:53:51.078+0000] {subprocess.py:63} INFO - Tmp dir root location: /tmp
[2024-09-11T01:53:51.080+0000] {subprocess.py:75} INFO - Running command: ['/usr/bin/bash', '-c', 'echo "hey, I am task2 and will be running after task 1"']
[2024-09-11T01:53:51.099+0000] {subprocess.py:86} INFO - Output:
[2024-09-11T01:53:51.100+0000] {subprocess.py:93} INFO - hey, I am task2 and will be running after task 1
[2024-09-11T01:53:51.104+0000] {subprocess.py:97} INFO - Command exited with return code 0
[2024-09-11T01:53:51.105+0000] {taskinstance.py:441} INFO - ::group::Post task execution logs
[2024-09-11T01:53:51.147+0000] {taskinstance.py:1206} INFO - Marking task as SUCCESS. dag_id=our_first_dag_v4, task_id=seccond_task, run_id=scheduled__2023-01-10T00:00:00+00:00, execution_date=20230110T000000, start_date=20240911T015350, end_date=20240911T015351
[2024-09-11T01:53:51.201+0000] {local_task_job_runner.py:240} INFO - Task exited with return code 0
[2024-09-11T01:53:51.216+0000] {local_task_job_runner.py:222} INFO - ::endgroup::
