[2024-09-11T02:38:19.522+0000] {local_task_job_runner.py:120} INFO - ::group::Pre task execution logs
[2024-09-11T02:38:19.601+0000] {taskinstance.py:2076} INFO - Dependencies all met for dep_context=non-requeueable deps ti=<TaskInstance: dag_with_postgres_operator_v03.create_postgres_table scheduled__2024-08-10T00:00:00+00:00 [queued]>
[2024-09-11T02:38:19.617+0000] {taskinstance.py:2076} INFO - Dependencies all met for dep_context=requeueable deps ti=<TaskInstance: dag_with_postgres_operator_v03.create_postgres_table scheduled__2024-08-10T00:00:00+00:00 [queued]>
[2024-09-11T02:38:19.618+0000] {taskinstance.py:2306} INFO - Starting attempt 1 of 6
[2024-09-11T02:38:19.664+0000] {taskinstance.py:2330} INFO - Executing <Task(PostgresOperator): create_postgres_table> on 2024-08-10 00:00:00+00:00
[2024-09-11T02:38:19.674+0000] {logging_mixin.py:188} WARNING - /home/***/.local/lib/python3.12/site-packages/***/task/task_runner/standard_task_runner.py:61 DeprecationWarning: This process (pid=18297) is multi-threaded, use of fork() may lead to deadlocks in the child.
[2024-09-11T02:38:19.677+0000] {standard_task_runner.py:63} INFO - Started process 18307 to run task
[2024-09-11T02:38:19.677+0000] {standard_task_runner.py:90} INFO - Running: ['***', 'tasks', 'run', 'dag_with_postgres_operator_v03', 'create_postgres_table', 'scheduled__2024-08-10T00:00:00+00:00', '--job-id', '4040', '--raw', '--subdir', 'DAGS_FOLDER/13_dag_with_postgres_operator.py', '--cfg-path', '/tmp/tmpuguwtb4u']
[2024-09-11T02:38:19.685+0000] {standard_task_runner.py:91} INFO - Job 4040: Subtask create_postgres_table
[2024-09-11T02:38:19.783+0000] {task_command.py:426} INFO - Running <TaskInstance: dag_with_postgres_operator_v03.create_postgres_table scheduled__2024-08-10T00:00:00+00:00 [running]> on host 0359316e7bd1
[2024-09-11T02:38:19.960+0000] {taskinstance.py:2648} INFO - Exporting env vars: AIRFLOW_CTX_DAG_OWNER='vohoang' AIRFLOW_CTX_DAG_ID='dag_with_postgres_operator_v03' AIRFLOW_CTX_TASK_ID='create_postgres_table' AIRFLOW_CTX_EXECUTION_DATE='2024-08-10T00:00:00+00:00' AIRFLOW_CTX_TRY_NUMBER='1' AIRFLOW_CTX_DAG_RUN_ID='scheduled__2024-08-10T00:00:00+00:00'
[2024-09-11T02:38:19.965+0000] {taskinstance.py:430} INFO - ::endgroup::
[2024-09-11T02:38:20.003+0000] {sql.py:276} INFO - Executing: 
            create table if not exists dag_runs (
                dt date,
                dag_id character varying,
                primary key (dt, dag_id)
            )
        
[2024-09-11T02:38:20.017+0000] {base.py:84} INFO - Using connection ID 'postgres_localhost' for task execution.
[2024-09-11T02:38:20.028+0000] {base.py:84} INFO - Using connection ID 'postgres_localhost' for task execution.
[2024-09-11T02:38:20.039+0000] {sql.py:487} INFO - Running statement: 
            create table if not exists dag_runs (
                dt date,
                dag_id character varying,
                primary key (dt, dag_id)
            )
        , parameters: None
[2024-09-11T02:38:20.044+0000] {taskinstance.py:441} INFO - ::group::Post task execution logs
[2024-09-11T02:38:20.056+0000] {taskinstance.py:1206} INFO - Marking task as SUCCESS. dag_id=dag_with_postgres_operator_v03, task_id=create_postgres_table, run_id=scheduled__2024-08-10T00:00:00+00:00, execution_date=20240810T000000, start_date=20240911T023819, end_date=20240911T023820
[2024-09-11T02:38:20.098+0000] {local_task_job_runner.py:240} INFO - Task exited with return code 0
[2024-09-11T02:38:20.109+0000] {local_task_job_runner.py:222} INFO - ::endgroup::
