[2024-09-11T01:50:40.903+0000] {local_task_job_runner.py:120} INFO - ::group::Pre task execution logs
[2024-09-11T01:50:40.955+0000] {taskinstance.py:2076} INFO - Dependencies all met for dep_context=non-requeueable deps ti=<TaskInstance: our_first_dag_v4.third_task scheduled__2021-12-27T00:00:00+00:00 [queued]>
[2024-09-11T01:50:40.971+0000] {taskinstance.py:2076} INFO - Dependencies all met for dep_context=requeueable deps ti=<TaskInstance: our_first_dag_v4.third_task scheduled__2021-12-27T00:00:00+00:00 [queued]>
[2024-09-11T01:50:40.972+0000] {taskinstance.py:2306} INFO - Starting attempt 1 of 6
[2024-09-11T01:50:41.094+0000] {taskinstance.py:2330} INFO - Executing <Task(BashOperator): third_task> on 2021-12-27 00:00:00+00:00
[2024-09-11T01:50:41.107+0000] {logging_mixin.py:188} WARNING - /home/***/.local/lib/python3.12/site-packages/***/task/task_runner/standard_task_runner.py:61 DeprecationWarning: This process (pid=2895) is multi-threaded, use of fork() may lead to deadlocks in the child.
[2024-09-11T01:50:41.107+0000] {standard_task_runner.py:90} INFO - Running: ['***', 'tasks', 'run', 'our_first_dag_v4', 'third_task', 'scheduled__2021-12-27T00:00:00+00:00', '--job-id', '461', '--raw', '--subdir', 'DAGS_FOLDER/our_first_dag.py', '--cfg-path', '/tmp/tmplgs9q8db']
[2024-09-11T01:50:41.109+0000] {standard_task_runner.py:63} INFO - Started process 2909 to run task
[2024-09-11T01:50:41.112+0000] {standard_task_runner.py:91} INFO - Job 461: Subtask third_task
[2024-09-11T01:50:41.223+0000] {task_command.py:426} INFO - Running <TaskInstance: our_first_dag_v4.third_task scheduled__2021-12-27T00:00:00+00:00 [running]> on host 0359316e7bd1
[2024-09-11T01:50:41.402+0000] {taskinstance.py:2648} INFO - Exporting env vars: AIRFLOW_CTX_DAG_OWNER='vohoang' AIRFLOW_CTX_DAG_ID='our_first_dag_v4' AIRFLOW_CTX_TASK_ID='third_task' AIRFLOW_CTX_EXECUTION_DATE='2021-12-27T00:00:00+00:00' AIRFLOW_CTX_TRY_NUMBER='1' AIRFLOW_CTX_DAG_RUN_ID='scheduled__2021-12-27T00:00:00+00:00'
[2024-09-11T01:50:41.408+0000] {taskinstance.py:430} INFO - ::endgroup::
[2024-09-11T01:50:41.435+0000] {subprocess.py:63} INFO - Tmp dir root location: /tmp
[2024-09-11T01:50:41.437+0000] {subprocess.py:75} INFO - Running command: ['/usr/bin/bash', '-c', 'echo "hey, I am task3 and will be running after task 1"']
[2024-09-11T01:50:41.465+0000] {subprocess.py:86} INFO - Output:
[2024-09-11T01:50:41.468+0000] {subprocess.py:93} INFO - hey, I am task3 and will be running after task 1
[2024-09-11T01:50:41.469+0000] {subprocess.py:97} INFO - Command exited with return code 0
[2024-09-11T01:50:41.473+0000] {taskinstance.py:441} INFO - ::group::Post task execution logs
[2024-09-11T01:50:41.545+0000] {taskinstance.py:1206} INFO - Marking task as SUCCESS. dag_id=our_first_dag_v4, task_id=third_task, run_id=scheduled__2021-12-27T00:00:00+00:00, execution_date=20211227T000000, start_date=20240911T015040, end_date=20240911T015041
[2024-09-11T01:50:41.740+0000] {local_task_job_runner.py:240} INFO - Task exited with return code 0
[2024-09-11T01:50:41.761+0000] {local_task_job_runner.py:222} INFO - ::endgroup::
