[2024-09-11T06:28:54.394+0000] {local_task_job_runner.py:120} INFO - ::group::Pre task execution logs
[2024-09-11T06:28:54.426+0000] {taskinstance.py:2076} INFO - Dependencies all met for dep_context=non-requeueable deps ti=<TaskInstance: dag_ml_pipeline_docker_operator_v02.docker_model_train_and_publish_task_v01 manual__2024-09-11T06:28:52.217739+00:00 [queued]>
[2024-09-11T06:28:54.434+0000] {taskinstance.py:2076} INFO - Dependencies all met for dep_context=requeueable deps ti=<TaskInstance: dag_ml_pipeline_docker_operator_v02.docker_model_train_and_publish_task_v01 manual__2024-09-11T06:28:52.217739+00:00 [queued]>
[2024-09-11T06:28:54.435+0000] {taskinstance.py:2306} INFO - Starting attempt 1 of 1
[2024-09-11T06:28:54.453+0000] {taskinstance.py:2330} INFO - Executing <Task(DockerOperator): docker_model_train_and_publish_task_v01> on 2024-09-11 06:28:52.217739+00:00
[2024-09-11T06:28:54.459+0000] {standard_task_runner.py:90} INFO - Running: ['***', 'tasks', 'run', 'dag_ml_pipeline_docker_operator_v02', 'docker_model_train_and_publish_task_v01', 'manual__2024-09-11T06:28:52.217739+00:00', '--job-id', '6', '--raw', '--subdir', 'DAGS_FOLDER/18_ml_pipeline_with_docker_operator.py', '--cfg-path', '/tmp/tmpe5dk7kzt']
[2024-09-11T06:28:54.461+0000] {standard_task_runner.py:91} INFO - Job 6: Subtask docker_model_train_and_publish_task_v01
[2024-09-11T06:28:54.462+0000] {logging_mixin.py:188} WARNING - /home/***/.local/lib/python3.12/site-packages/***/task/task_runner/standard_task_runner.py:61 DeprecationWarning: This process (pid=678) is multi-threaded, use of fork() may lead to deadlocks in the child.
[2024-09-11T06:28:54.463+0000] {standard_task_runner.py:63} INFO - Started process 679 to run task
[2024-09-11T06:28:54.503+0000] {task_command.py:426} INFO - Running <TaskInstance: dag_ml_pipeline_docker_operator_v02.docker_model_train_and_publish_task_v01 manual__2024-09-11T06:28:52.217739+00:00 [running]> on host b7a43554df14
[2024-09-11T06:28:54.587+0000] {taskinstance.py:2648} INFO - Exporting env vars: AIRFLOW_CTX_DAG_OWNER='coder2j' AIRFLOW_CTX_DAG_ID='dag_ml_pipeline_docker_operator_v02' AIRFLOW_CTX_TASK_ID='docker_model_train_and_publish_task_v01' AIRFLOW_CTX_EXECUTION_DATE='2024-09-11T06:28:52.217739+00:00' AIRFLOW_CTX_TRY_NUMBER='1' AIRFLOW_CTX_DAG_RUN_ID='manual__2024-09-11T06:28:52.217739+00:00'
[2024-09-11T06:28:54.588+0000] {taskinstance.py:430} INFO - ::endgroup::
[2024-09-11T06:28:56.503+0000] {docker.py:157} ERROR - Failed to establish connection to Docker host tcp://docker-socket-proxy:2375: Error while fetching server API version: HTTPConnectionPool(host='docker-socket-proxy', port=2375): Max retries exceeded with url: /version (Caused by NameResolutionError("<urllib3.connection.HTTPConnection object at 0x7fec2396df70>: Failed to resolve 'docker-socket-proxy' ([Errno -2] Name or service not known)"))
[2024-09-11T06:28:56.504+0000] {taskinstance.py:441} INFO - ::group::Post task execution logs
[2024-09-11T06:28:56.513+0000] {taskinstance.py:2905} ERROR - Task failed with exception
Traceback (most recent call last):
  File "/home/airflow/.local/lib/python3.12/site-packages/airflow/models/taskinstance.py", line 465, in _execute_task
    result = _execute_callable(context=context, **execute_callable_kwargs)
             ^^^^^^^^^^^^^^^^^^^^^^^^^^^^^^^^^^^^^^^^^^^^^^^^^^^^^^^^^^^^^
  File "/home/airflow/.local/lib/python3.12/site-packages/airflow/models/taskinstance.py", line 432, in _execute_callable
    return execute_callable(context=context, **execute_callable_kwargs)
           ^^^^^^^^^^^^^^^^^^^^^^^^^^^^^^^^^^^^^^^^^^^^^^^^^^^^^^^^^^^^
  File "/home/airflow/.local/lib/python3.12/site-packages/airflow/models/baseoperator.py", line 401, in wrapper
    return func(self, *args, **kwargs)
           ^^^^^^^^^^^^^^^^^^^^^^^^^^^
  File "/home/airflow/.local/lib/python3.12/site-packages/airflow/providers/docker/operators/docker.py", line 492, in execute
    if self.force_pull or not self.cli.images(name=self.image):
                              ^^^^^^^^
  File "/home/airflow/.local/lib/python3.12/site-packages/airflow/providers/docker/operators/docker.py", line 362, in cli
    return self.hook.api_client
           ^^^^^^^^^^^^^^^^^^^^
  File "/usr/local/lib/python3.12/functools.py", line 995, in __get__
    val = self.func(instance)
          ^^^^^^^^^^^^^^^^^^^
  File "/home/airflow/.local/lib/python3.12/site-packages/airflow/providers/docker/hooks/docker.py", line 161, in api_client
    raise AirflowException("Failed to establish connection to any given Docker hosts.")
airflow.exceptions.AirflowException: Failed to establish connection to any given Docker hosts.
[2024-09-11T06:28:56.517+0000] {taskinstance.py:1206} INFO - Marking task as FAILED. dag_id=dag_ml_pipeline_docker_operator_v02, task_id=docker_model_train_and_publish_task_v01, run_id=manual__2024-09-11T06:28:52.217739+00:00, execution_date=20240911T062852, start_date=20240911T062854, end_date=20240911T062856
[2024-09-11T06:28:56.532+0000] {standard_task_runner.py:110} ERROR - Failed to execute job 6 for task docker_model_train_and_publish_task_v01 (Failed to establish connection to any given Docker hosts.; 679)
[2024-09-11T06:28:56.562+0000] {local_task_job_runner.py:240} INFO - Task exited with return code 1
[2024-09-11T06:28:56.581+0000] {taskinstance.py:3503} INFO - 0 downstream tasks scheduled from follow-on schedule check
[2024-09-11T06:28:56.586+0000] {local_task_job_runner.py:222} INFO - ::endgroup::
