[2024-09-11T02:38:03.641+0000] {local_task_job_runner.py:120} INFO - ::group::Pre task execution logs
[2024-09-11T02:38:03.699+0000] {taskinstance.py:2076} INFO - Dependencies all met for dep_context=non-requeueable deps ti=<TaskInstance: dag_with_postgres_operator_v03.create_postgres_table scheduled__2024-07-09T00:00:00+00:00 [queued]>
[2024-09-11T02:38:03.714+0000] {taskinstance.py:2076} INFO - Dependencies all met for dep_context=requeueable deps ti=<TaskInstance: dag_with_postgres_operator_v03.create_postgres_table scheduled__2024-07-09T00:00:00+00:00 [queued]>
[2024-09-11T02:38:03.715+0000] {taskinstance.py:2306} INFO - Starting attempt 1 of 6
[2024-09-11T02:38:03.809+0000] {taskinstance.py:2330} INFO - Executing <Task(PostgresOperator): create_postgres_table> on 2024-07-09 00:00:00+00:00
[2024-09-11T02:38:03.824+0000] {logging_mixin.py:188} WARNING - /home/***/.local/lib/python3.12/site-packages/***/task/task_runner/standard_task_runner.py:61 DeprecationWarning: This process (pid=18066) is multi-threaded, use of fork() may lead to deadlocks in the child.
[2024-09-11T02:38:03.826+0000] {standard_task_runner.py:63} INFO - Started process 18071 to run task
[2024-09-11T02:38:03.824+0000] {standard_task_runner.py:90} INFO - Running: ['***', 'tasks', 'run', 'dag_with_postgres_operator_v03', 'create_postgres_table', 'scheduled__2024-07-09T00:00:00+00:00', '--job-id', '3945', '--raw', '--subdir', 'DAGS_FOLDER/13_dag_with_postgres_operator.py', '--cfg-path', '/tmp/tmp7ycdfm5g']
[2024-09-11T02:38:03.827+0000] {standard_task_runner.py:91} INFO - Job 3945: Subtask create_postgres_table
[2024-09-11T02:38:03.929+0000] {task_command.py:426} INFO - Running <TaskInstance: dag_with_postgres_operator_v03.create_postgres_table scheduled__2024-07-09T00:00:00+00:00 [running]> on host 0359316e7bd1
[2024-09-11T02:38:04.067+0000] {taskinstance.py:2648} INFO - Exporting env vars: AIRFLOW_CTX_DAG_OWNER='vohoang' AIRFLOW_CTX_DAG_ID='dag_with_postgres_operator_v03' AIRFLOW_CTX_TASK_ID='create_postgres_table' AIRFLOW_CTX_EXECUTION_DATE='2024-07-09T00:00:00+00:00' AIRFLOW_CTX_TRY_NUMBER='1' AIRFLOW_CTX_DAG_RUN_ID='scheduled__2024-07-09T00:00:00+00:00'
[2024-09-11T02:38:04.068+0000] {taskinstance.py:430} INFO - ::endgroup::
[2024-09-11T02:38:04.089+0000] {sql.py:276} INFO - Executing: 
            create table if not exists dag_runs (
                dt date,
                dag_id character varying,
                primary key (dt, dag_id)
            )
        
[2024-09-11T02:38:04.103+0000] {base.py:84} INFO - Using connection ID 'postgres_localhost' for task execution.
[2024-09-11T02:38:04.122+0000] {base.py:84} INFO - Using connection ID 'postgres_localhost' for task execution.
[2024-09-11T02:38:04.158+0000] {sql.py:487} INFO - Running statement: 
            create table if not exists dag_runs (
                dt date,
                dag_id character varying,
                primary key (dt, dag_id)
            )
        , parameters: None
[2024-09-11T02:38:04.178+0000] {taskinstance.py:441} INFO - ::group::Post task execution logs
[2024-09-11T02:38:04.194+0000] {taskinstance.py:1206} INFO - Marking task as SUCCESS. dag_id=dag_with_postgres_operator_v03, task_id=create_postgres_table, run_id=scheduled__2024-07-09T00:00:00+00:00, execution_date=20240709T000000, start_date=20240911T023803, end_date=20240911T023804
[2024-09-11T02:38:04.246+0000] {local_task_job_runner.py:240} INFO - Task exited with return code 0
[2024-09-11T02:38:04.267+0000] {local_task_job_runner.py:222} INFO - ::endgroup::
