[2024-09-11T02:00:02.128+0000] {local_task_job_runner.py:120} INFO - ::group::Pre task execution logs
[2024-09-11T02:00:02.197+0000] {taskinstance.py:2076} INFO - Dependencies all met for dep_context=non-requeueable deps ti=<TaskInstance: our_first_dag_v4.third_task scheduled__2024-09-03T00:00:00+00:00 [queued]>
[2024-09-11T02:00:02.230+0000] {taskinstance.py:2076} INFO - Dependencies all met for dep_context=requeueable deps ti=<TaskInstance: our_first_dag_v4.third_task scheduled__2024-09-03T00:00:00+00:00 [queued]>
[2024-09-11T02:00:02.231+0000] {taskinstance.py:2306} INFO - Starting attempt 1 of 6
[2024-09-11T02:00:02.367+0000] {taskinstance.py:2330} INFO - Executing <Task(BashOperator): third_task> on 2024-09-03 00:00:00+00:00
[2024-09-11T02:00:02.380+0000] {logging_mixin.py:188} WARNING - /home/***/.local/lib/python3.12/site-packages/***/task/task_runner/standard_task_runner.py:61 DeprecationWarning: This process (pid=12840) is multi-threaded, use of fork() may lead to deadlocks in the child.
[2024-09-11T02:00:02.382+0000] {standard_task_runner.py:63} INFO - Started process 12861 to run task
[2024-09-11T02:00:02.384+0000] {standard_task_runner.py:90} INFO - Running: ['***', 'tasks', 'run', 'our_first_dag_v4', 'third_task', 'scheduled__2024-09-03T00:00:00+00:00', '--job-id', '3474', '--raw', '--subdir', 'DAGS_FOLDER/7. our_first_dag.py', '--cfg-path', '/tmp/tmpem3o8rgb']
[2024-09-11T02:00:02.386+0000] {standard_task_runner.py:91} INFO - Job 3474: Subtask third_task
[2024-09-11T02:00:02.503+0000] {task_command.py:426} INFO - Running <TaskInstance: our_first_dag_v4.third_task scheduled__2024-09-03T00:00:00+00:00 [running]> on host 0359316e7bd1
[2024-09-11T02:00:02.732+0000] {taskinstance.py:2648} INFO - Exporting env vars: AIRFLOW_CTX_DAG_OWNER='vohoang' AIRFLOW_CTX_DAG_ID='our_first_dag_v4' AIRFLOW_CTX_TASK_ID='third_task' AIRFLOW_CTX_EXECUTION_DATE='2024-09-03T00:00:00+00:00' AIRFLOW_CTX_TRY_NUMBER='1' AIRFLOW_CTX_DAG_RUN_ID='scheduled__2024-09-03T00:00:00+00:00'
[2024-09-11T02:00:02.735+0000] {taskinstance.py:430} INFO - ::endgroup::
[2024-09-11T02:00:02.756+0000] {subprocess.py:63} INFO - Tmp dir root location: /tmp
[2024-09-11T02:00:02.758+0000] {subprocess.py:75} INFO - Running command: ['/usr/bin/bash', '-c', 'echo "hey, I am task3 and will be running after task 1"']
[2024-09-11T02:00:02.773+0000] {subprocess.py:86} INFO - Output:
[2024-09-11T02:00:02.777+0000] {subprocess.py:93} INFO - hey, I am task3 and will be running after task 1
[2024-09-11T02:00:02.778+0000] {subprocess.py:97} INFO - Command exited with return code 0
[2024-09-11T02:00:02.779+0000] {taskinstance.py:441} INFO - ::group::Post task execution logs
[2024-09-11T02:00:02.844+0000] {taskinstance.py:1206} INFO - Marking task as SUCCESS. dag_id=our_first_dag_v4, task_id=third_task, run_id=scheduled__2024-09-03T00:00:00+00:00, execution_date=20240903T000000, start_date=20240911T020002, end_date=20240911T020002
[2024-09-11T02:00:02.900+0000] {local_task_job_runner.py:240} INFO - Task exited with return code 0
[2024-09-11T02:00:02.931+0000] {taskinstance.py:3503} INFO - 0 downstream tasks scheduled from follow-on schedule check
[2024-09-11T02:00:02.947+0000] {local_task_job_runner.py:222} INFO - ::endgroup::
