[2024-09-11T02:38:29.329+0000] {local_task_job_runner.py:120} INFO - ::group::Pre task execution logs
[2024-09-11T02:38:29.391+0000] {taskinstance.py:2076} INFO - Dependencies all met for dep_context=non-requeueable deps ti=<TaskInstance: dag_with_postgres_operator_v03.delete_data_from_table scheduled__2024-08-22T00:00:00+00:00 [queued]>
[2024-09-11T02:38:29.416+0000] {taskinstance.py:2076} INFO - Dependencies all met for dep_context=requeueable deps ti=<TaskInstance: dag_with_postgres_operator_v03.delete_data_from_table scheduled__2024-08-22T00:00:00+00:00 [queued]>
[2024-09-11T02:38:29.417+0000] {taskinstance.py:2306} INFO - Starting attempt 1 of 6
[2024-09-11T02:38:29.617+0000] {taskinstance.py:2330} INFO - Executing <Task(PostgresOperator): delete_data_from_table> on 2024-08-22 00:00:00+00:00
[2024-09-11T02:38:29.632+0000] {logging_mixin.py:188} WARNING - /home/***/.local/lib/python3.12/site-packages/***/task/task_runner/standard_task_runner.py:61 DeprecationWarning: This process (pid=18420) is multi-threaded, use of fork() may lead to deadlocks in the child.
[2024-09-11T02:38:29.637+0000] {standard_task_runner.py:63} INFO - Started process 18430 to run task
[2024-09-11T02:38:29.631+0000] {standard_task_runner.py:90} INFO - Running: ['***', 'tasks', 'run', 'dag_with_postgres_operator_v03', 'delete_data_from_table', 'scheduled__2024-08-22T00:00:00+00:00', '--job-id', '4092', '--raw', '--subdir', 'DAGS_FOLDER/13_dag_with_postgres_operator.py', '--cfg-path', '/tmp/tmpoc_v2eba']
[2024-09-11T02:38:29.638+0000] {standard_task_runner.py:91} INFO - Job 4092: Subtask delete_data_from_table
[2024-09-11T02:38:29.729+0000] {task_command.py:426} INFO - Running <TaskInstance: dag_with_postgres_operator_v03.delete_data_from_table scheduled__2024-08-22T00:00:00+00:00 [running]> on host 0359316e7bd1
[2024-09-11T02:38:29.875+0000] {taskinstance.py:2648} INFO - Exporting env vars: AIRFLOW_CTX_DAG_OWNER='vohoang' AIRFLOW_CTX_DAG_ID='dag_with_postgres_operator_v03' AIRFLOW_CTX_TASK_ID='delete_data_from_table' AIRFLOW_CTX_EXECUTION_DATE='2024-08-22T00:00:00+00:00' AIRFLOW_CTX_TRY_NUMBER='1' AIRFLOW_CTX_DAG_RUN_ID='scheduled__2024-08-22T00:00:00+00:00'
[2024-09-11T02:38:29.876+0000] {taskinstance.py:430} INFO - ::endgroup::
[2024-09-11T02:38:29.927+0000] {sql.py:276} INFO - Executing: 
            delete from dag_runs where dt = '2024-08-22' and dag_id = 'dag_with_postgres_operator_v03'
        
[2024-09-11T02:38:29.943+0000] {base.py:84} INFO - Using connection ID 'postgres_localhost' for task execution.
[2024-09-11T02:38:29.959+0000] {base.py:84} INFO - Using connection ID 'postgres_localhost' for task execution.
[2024-09-11T02:38:29.982+0000] {sql.py:487} INFO - Running statement: 
            delete from dag_runs where dt = '2024-08-22' and dag_id = 'dag_with_postgres_operator_v03'
        , parameters: None
[2024-09-11T02:38:29.991+0000] {sql.py:496} INFO - Rows affected: 0
[2024-09-11T02:38:29.995+0000] {taskinstance.py:441} INFO - ::group::Post task execution logs
[2024-09-11T02:38:30.018+0000] {taskinstance.py:1206} INFO - Marking task as SUCCESS. dag_id=dag_with_postgres_operator_v03, task_id=delete_data_from_table, run_id=scheduled__2024-08-22T00:00:00+00:00, execution_date=20240822T000000, start_date=20240911T023829, end_date=20240911T023830
[2024-09-11T02:38:30.174+0000] {local_task_job_runner.py:240} INFO - Task exited with return code 0
[2024-09-11T02:38:30.196+0000] {logging_mixin.py:188} WARNING - /home/***/.local/lib/python3.12/site-packages/***/models/baseoperator.py:1297 AirflowProviderDeprecationWarning: Call to deprecated class PostgresOperator. (Please use `***.providers.common.sql.operators.sql.SQLExecuteQueryOperator`.Also, you can provide `hook_params={'schema': <database>}`.)
[2024-09-11T02:38:30.215+0000] {taskinstance.py:3503} INFO - 1 downstream tasks scheduled from follow-on schedule check
[2024-09-11T02:38:30.226+0000] {local_task_job_runner.py:222} INFO - ::endgroup::
