[2024-09-11T01:59:01.156+0000] {local_task_job_runner.py:120} INFO - ::group::Pre task execution logs
[2024-09-11T01:59:01.186+0000] {taskinstance.py:2076} INFO - Dependencies all met for dep_context=non-requeueable deps ti=<TaskInstance: our_first_dag_v4.first_task scheduled__2024-06-02T00:00:00+00:00 [queued]>
[2024-09-11T01:59:01.200+0000] {taskinstance.py:2076} INFO - Dependencies all met for dep_context=requeueable deps ti=<TaskInstance: our_first_dag_v4.first_task scheduled__2024-06-02T00:00:00+00:00 [queued]>
[2024-09-11T01:59:01.201+0000] {taskinstance.py:2306} INFO - Starting attempt 1 of 6
[2024-09-11T01:59:01.254+0000] {taskinstance.py:2330} INFO - Executing <Task(BashOperator): first_task> on 2024-06-02 00:00:00+00:00
[2024-09-11T01:59:01.266+0000] {logging_mixin.py:188} WARNING - /home/***/.local/lib/python3.12/site-packages/***/task/task_runner/standard_task_runner.py:61 DeprecationWarning: This process (pid=11833) is multi-threaded, use of fork() may lead to deadlocks in the child.
[2024-09-11T01:59:01.275+0000] {standard_task_runner.py:63} INFO - Started process 11871 to run task
[2024-09-11T01:59:01.278+0000] {standard_task_runner.py:90} INFO - Running: ['***', 'tasks', 'run', 'our_first_dag_v4', 'first_task', 'scheduled__2024-06-02T00:00:00+00:00', '--job-id', '3174', '--raw', '--subdir', 'DAGS_FOLDER/7. our_first_dag.py', '--cfg-path', '/tmp/tmp730vphch']
[2024-09-11T01:59:01.281+0000] {standard_task_runner.py:91} INFO - Job 3174: Subtask first_task
[2024-09-11T01:59:01.358+0000] {task_command.py:426} INFO - Running <TaskInstance: our_first_dag_v4.first_task scheduled__2024-06-02T00:00:00+00:00 [running]> on host 0359316e7bd1
[2024-09-11T01:59:01.610+0000] {taskinstance.py:2648} INFO - Exporting env vars: AIRFLOW_CTX_DAG_OWNER='vohoang' AIRFLOW_CTX_DAG_ID='our_first_dag_v4' AIRFLOW_CTX_TASK_ID='first_task' AIRFLOW_CTX_EXECUTION_DATE='2024-06-02T00:00:00+00:00' AIRFLOW_CTX_TRY_NUMBER='1' AIRFLOW_CTX_DAG_RUN_ID='scheduled__2024-06-02T00:00:00+00:00'
[2024-09-11T01:59:01.615+0000] {taskinstance.py:430} INFO - ::endgroup::
[2024-09-11T01:59:01.617+0000] {subprocess.py:63} INFO - Tmp dir root location: /tmp
[2024-09-11T01:59:01.620+0000] {subprocess.py:75} INFO - Running command: ['/usr/bin/bash', '-c', 'echo "Hello my son. I\'m your dad."']
[2024-09-11T01:59:01.668+0000] {subprocess.py:86} INFO - Output:
[2024-09-11T01:59:01.671+0000] {subprocess.py:93} INFO - Hello my son. I'm your dad.
[2024-09-11T01:59:01.672+0000] {subprocess.py:97} INFO - Command exited with return code 0
[2024-09-11T01:59:01.673+0000] {taskinstance.py:441} INFO - ::group::Post task execution logs
[2024-09-11T01:59:01.721+0000] {taskinstance.py:1206} INFO - Marking task as SUCCESS. dag_id=our_first_dag_v4, task_id=first_task, run_id=scheduled__2024-06-02T00:00:00+00:00, execution_date=20240602T000000, start_date=20240911T015901, end_date=20240911T015901
[2024-09-11T01:59:01.780+0000] {local_task_job_runner.py:240} INFO - Task exited with return code 0
[2024-09-11T01:59:01.812+0000] {taskinstance.py:3503} INFO - 2 downstream tasks scheduled from follow-on schedule check
[2024-09-11T01:59:01.832+0000] {local_task_job_runner.py:222} INFO - ::endgroup::
