[2024-09-11T01:56:45.931+0000] {local_task_job_runner.py:120} INFO - ::group::Pre task execution logs
[2024-09-11T01:56:45.953+0000] {taskinstance.py:2076} INFO - Dependencies all met for dep_context=non-requeueable deps ti=<TaskInstance: our_first_dag_v4.first_task scheduled__2023-11-02T00:00:00+00:00 [queued]>
[2024-09-11T01:56:45.966+0000] {taskinstance.py:2076} INFO - Dependencies all met for dep_context=requeueable deps ti=<TaskInstance: our_first_dag_v4.first_task scheduled__2023-11-02T00:00:00+00:00 [queued]>
[2024-09-11T01:56:45.967+0000] {taskinstance.py:2306} INFO - Starting attempt 1 of 6
[2024-09-11T01:56:45.996+0000] {taskinstance.py:2330} INFO - Executing <Task(BashOperator): first_task> on 2023-11-02 00:00:00+00:00
[2024-09-11T01:56:46.010+0000] {logging_mixin.py:188} WARNING - /home/***/.local/lib/python3.12/site-packages/***/task/task_runner/standard_task_runner.py:61 DeprecationWarning: This process (pid=9765) is multi-threaded, use of fork() may lead to deadlocks in the child.
[2024-09-11T01:56:46.014+0000] {standard_task_runner.py:63} INFO - Started process 9780 to run task
[2024-09-11T01:56:46.015+0000] {standard_task_runner.py:90} INFO - Running: ['***', 'tasks', 'run', 'our_first_dag_v4', 'first_task', 'scheduled__2023-11-02T00:00:00+00:00', '--job-id', '2543', '--raw', '--subdir', 'DAGS_FOLDER/7. our_first_dag.py', '--cfg-path', '/tmp/tmp02dy62ei']
[2024-09-11T01:56:46.018+0000] {standard_task_runner.py:91} INFO - Job 2543: Subtask first_task
[2024-09-11T01:56:46.081+0000] {task_command.py:426} INFO - Running <TaskInstance: our_first_dag_v4.first_task scheduled__2023-11-02T00:00:00+00:00 [running]> on host 0359316e7bd1
[2024-09-11T01:56:46.245+0000] {taskinstance.py:2648} INFO - Exporting env vars: AIRFLOW_CTX_DAG_OWNER='vohoang' AIRFLOW_CTX_DAG_ID='our_first_dag_v4' AIRFLOW_CTX_TASK_ID='first_task' AIRFLOW_CTX_EXECUTION_DATE='2023-11-02T00:00:00+00:00' AIRFLOW_CTX_TRY_NUMBER='1' AIRFLOW_CTX_DAG_RUN_ID='scheduled__2023-11-02T00:00:00+00:00'
[2024-09-11T01:56:46.247+0000] {taskinstance.py:430} INFO - ::endgroup::
[2024-09-11T01:56:46.249+0000] {subprocess.py:63} INFO - Tmp dir root location: /tmp
[2024-09-11T01:56:46.253+0000] {subprocess.py:75} INFO - Running command: ['/usr/bin/bash', '-c', 'echo "Hello my son. I\'m your dad."']
[2024-09-11T01:56:46.276+0000] {subprocess.py:86} INFO - Output:
[2024-09-11T01:56:46.279+0000] {subprocess.py:93} INFO - Hello my son. I'm your dad.
[2024-09-11T01:56:46.281+0000] {subprocess.py:97} INFO - Command exited with return code 0
[2024-09-11T01:56:46.282+0000] {taskinstance.py:441} INFO - ::group::Post task execution logs
[2024-09-11T01:56:46.330+0000] {taskinstance.py:1206} INFO - Marking task as SUCCESS. dag_id=our_first_dag_v4, task_id=first_task, run_id=scheduled__2023-11-02T00:00:00+00:00, execution_date=20231102T000000, start_date=20240911T015645, end_date=20240911T015646
[2024-09-11T01:56:46.553+0000] {local_task_job_runner.py:240} INFO - Task exited with return code 0
[2024-09-11T01:56:46.591+0000] {taskinstance.py:3503} INFO - 2 downstream tasks scheduled from follow-on schedule check
[2024-09-11T01:56:46.614+0000] {local_task_job_runner.py:222} INFO - ::endgroup::
