[2024-09-11T01:58:10.588+0000] {local_task_job_runner.py:120} INFO - ::group::Pre task execution logs
[2024-09-11T01:58:10.617+0000] {taskinstance.py:2076} INFO - Dependencies all met for dep_context=non-requeueable deps ti=<TaskInstance: our_first_dag_v4.first_task scheduled__2024-03-16T00:00:00+00:00 [queued]>
[2024-09-11T01:58:10.632+0000] {taskinstance.py:2076} INFO - Dependencies all met for dep_context=requeueable deps ti=<TaskInstance: our_first_dag_v4.first_task scheduled__2024-03-16T00:00:00+00:00 [queued]>
[2024-09-11T01:58:10.633+0000] {taskinstance.py:2306} INFO - Starting attempt 1 of 6
[2024-09-11T01:58:10.670+0000] {taskinstance.py:2330} INFO - Executing <Task(BashOperator): first_task> on 2024-03-16 00:00:00+00:00
[2024-09-11T01:58:10.684+0000] {logging_mixin.py:188} WARNING - /home/***/.local/lib/python3.12/site-packages/***/task/task_runner/standard_task_runner.py:61 DeprecationWarning: This process (pid=11078) is multi-threaded, use of fork() may lead to deadlocks in the child.
[2024-09-11T01:58:10.687+0000] {standard_task_runner.py:63} INFO - Started process 11113 to run task
[2024-09-11T01:58:10.689+0000] {standard_task_runner.py:90} INFO - Running: ['***', 'tasks', 'run', 'our_first_dag_v4', 'first_task', 'scheduled__2024-03-16T00:00:00+00:00', '--job-id', '2941', '--raw', '--subdir', 'DAGS_FOLDER/7. our_first_dag.py', '--cfg-path', '/tmp/tmp11gavyce']
[2024-09-11T01:58:10.693+0000] {standard_task_runner.py:91} INFO - Job 2941: Subtask first_task
[2024-09-11T01:58:10.794+0000] {task_command.py:426} INFO - Running <TaskInstance: our_first_dag_v4.first_task scheduled__2024-03-16T00:00:00+00:00 [running]> on host 0359316e7bd1
[2024-09-11T01:58:10.947+0000] {taskinstance.py:2648} INFO - Exporting env vars: AIRFLOW_CTX_DAG_OWNER='vohoang' AIRFLOW_CTX_DAG_ID='our_first_dag_v4' AIRFLOW_CTX_TASK_ID='first_task' AIRFLOW_CTX_EXECUTION_DATE='2024-03-16T00:00:00+00:00' AIRFLOW_CTX_TRY_NUMBER='1' AIRFLOW_CTX_DAG_RUN_ID='scheduled__2024-03-16T00:00:00+00:00'
[2024-09-11T01:58:10.950+0000] {taskinstance.py:430} INFO - ::endgroup::
[2024-09-11T01:58:10.951+0000] {subprocess.py:63} INFO - Tmp dir root location: /tmp
[2024-09-11T01:58:10.952+0000] {subprocess.py:75} INFO - Running command: ['/usr/bin/bash', '-c', 'echo "Hello my son. I\'m your dad."']
[2024-09-11T01:58:10.976+0000] {subprocess.py:86} INFO - Output:
[2024-09-11T01:58:10.978+0000] {subprocess.py:93} INFO - Hello my son. I'm your dad.
[2024-09-11T01:58:10.979+0000] {subprocess.py:97} INFO - Command exited with return code 0
[2024-09-11T01:58:10.981+0000] {taskinstance.py:441} INFO - ::group::Post task execution logs
[2024-09-11T01:58:11.058+0000] {taskinstance.py:1206} INFO - Marking task as SUCCESS. dag_id=our_first_dag_v4, task_id=first_task, run_id=scheduled__2024-03-16T00:00:00+00:00, execution_date=20240316T000000, start_date=20240911T015810, end_date=20240911T015811
[2024-09-11T01:58:11.146+0000] {local_task_job_runner.py:240} INFO - Task exited with return code 0
[2024-09-11T01:58:11.196+0000] {taskinstance.py:3503} INFO - 2 downstream tasks scheduled from follow-on schedule check
[2024-09-11T01:58:11.204+0000] {local_task_job_runner.py:222} INFO - ::endgroup::
