[2024-07-01T15:51:02.781+0000] {processor.py:161} INFO - Started process (PID=203) to work on /opt/airflow/dags/create_dag_with_python_operator.py
[2024-07-01T15:51:02.781+0000] {processor.py:830} INFO - Processing file /opt/airflow/dags/create_dag_with_python_operator.py for tasks to queue
[2024-07-01T15:51:02.783+0000] {logging_mixin.py:188} INFO - [2024-07-01T15:51:02.782+0000] {dagbag.py:545} INFO - Filling up the DagBag from /opt/airflow/dags/create_dag_with_python_operator.py
[2024-07-01T15:51:02.790+0000] {processor.py:840} INFO - DAG(s) 'our_dag_with_python_operator_v01' retrieved from /opt/airflow/dags/create_dag_with_python_operator.py
[2024-07-01T15:51:02.895+0000] {logging_mixin.py:188} INFO - [2024-07-01T15:51:02.894+0000] {override.py:1829} INFO - Created Permission View: can edit on DAG:our_dag_with_python_operator_v01
[2024-07-01T15:51:02.906+0000] {logging_mixin.py:188} INFO - [2024-07-01T15:51:02.906+0000] {override.py:1829} INFO - Created Permission View: can delete on DAG:our_dag_with_python_operator_v01
[2024-07-01T15:51:02.915+0000] {logging_mixin.py:188} INFO - [2024-07-01T15:51:02.914+0000] {override.py:1829} INFO - Created Permission View: can read on DAG:our_dag_with_python_operator_v01
[2024-07-01T15:51:02.915+0000] {logging_mixin.py:188} INFO - [2024-07-01T15:51:02.915+0000] {dag.py:3096} INFO - Sync 1 DAGs
[2024-07-01T15:51:02.927+0000] {logging_mixin.py:188} INFO - [2024-07-01T15:51:02.926+0000] {dag.py:3118} INFO - Creating ORM DAG for our_dag_with_python_operator_v01
[2024-07-01T15:51:02.940+0000] {logging_mixin.py:188} INFO - [2024-07-01T15:51:02.940+0000] {dag.py:3954} INFO - Setting next_dagrun for our_dag_with_python_operator_v01 to 2024-06-30 00:00:00+00:00, run_after=2024-07-01 00:00:00+00:00
[2024-07-01T15:51:02.959+0000] {processor.py:183} INFO - Processing /opt/airflow/dags/create_dag_with_python_operator.py took 0.187 seconds
[2024-07-01T15:51:33.533+0000] {processor.py:161} INFO - Started process (PID=254) to work on /opt/airflow/dags/create_dag_with_python_operator.py
[2024-07-01T15:51:33.534+0000] {processor.py:830} INFO - Processing file /opt/airflow/dags/create_dag_with_python_operator.py for tasks to queue
[2024-07-01T15:51:33.536+0000] {logging_mixin.py:188} INFO - [2024-07-01T15:51:33.536+0000] {dagbag.py:545} INFO - Filling up the DagBag from /opt/airflow/dags/create_dag_with_python_operator.py
[2024-07-01T15:51:33.547+0000] {processor.py:840} INFO - DAG(s) 'our_dag_with_python_operator_v01' retrieved from /opt/airflow/dags/create_dag_with_python_operator.py
[2024-07-01T15:51:33.575+0000] {logging_mixin.py:188} INFO - [2024-07-01T15:51:33.574+0000] {dag.py:3096} INFO - Sync 1 DAGs
[2024-07-01T15:51:33.604+0000] {logging_mixin.py:188} INFO - [2024-07-01T15:51:33.603+0000] {dag.py:3954} INFO - Setting next_dagrun for our_dag_with_python_operator_v01 to 2024-06-30 00:00:00+00:00, run_after=2024-07-01 00:00:00+00:00
[2024-07-01T15:51:33.633+0000] {processor.py:183} INFO - Processing /opt/airflow/dags/create_dag_with_python_operator.py took 0.112 seconds
[2024-07-01T15:52:04.176+0000] {processor.py:161} INFO - Started process (PID=307) to work on /opt/airflow/dags/create_dag_with_python_operator.py
[2024-07-01T15:52:04.177+0000] {processor.py:830} INFO - Processing file /opt/airflow/dags/create_dag_with_python_operator.py for tasks to queue
[2024-07-01T15:52:04.179+0000] {logging_mixin.py:188} INFO - [2024-07-01T15:52:04.178+0000] {dagbag.py:545} INFO - Filling up the DagBag from /opt/airflow/dags/create_dag_with_python_operator.py
[2024-07-01T15:52:04.186+0000] {processor.py:840} INFO - DAG(s) 'our_dag_with_python_operator_v01' retrieved from /opt/airflow/dags/create_dag_with_python_operator.py
[2024-07-01T15:52:04.204+0000] {logging_mixin.py:188} INFO - [2024-07-01T15:52:04.204+0000] {dag.py:3096} INFO - Sync 1 DAGs
[2024-07-01T15:52:04.223+0000] {logging_mixin.py:188} INFO - [2024-07-01T15:52:04.223+0000] {dag.py:3954} INFO - Setting next_dagrun for our_dag_with_python_operator_v01 to 2024-06-30 00:00:00+00:00, run_after=2024-07-01 00:00:00+00:00
[2024-07-01T15:52:04.243+0000] {processor.py:183} INFO - Processing /opt/airflow/dags/create_dag_with_python_operator.py took 0.075 seconds
[2024-07-01T15:52:34.786+0000] {processor.py:161} INFO - Started process (PID=358) to work on /opt/airflow/dags/create_dag_with_python_operator.py
[2024-07-01T15:52:34.787+0000] {processor.py:830} INFO - Processing file /opt/airflow/dags/create_dag_with_python_operator.py for tasks to queue
[2024-07-01T15:52:34.789+0000] {logging_mixin.py:188} INFO - [2024-07-01T15:52:34.789+0000] {dagbag.py:545} INFO - Filling up the DagBag from /opt/airflow/dags/create_dag_with_python_operator.py
[2024-07-01T15:52:34.797+0000] {processor.py:840} INFO - DAG(s) 'our_dag_with_python_operator_v01' retrieved from /opt/airflow/dags/create_dag_with_python_operator.py
[2024-07-01T15:52:34.817+0000] {logging_mixin.py:188} INFO - [2024-07-01T15:52:34.817+0000] {dag.py:3096} INFO - Sync 1 DAGs
[2024-07-01T15:52:34.837+0000] {logging_mixin.py:188} INFO - [2024-07-01T15:52:34.837+0000] {dag.py:3954} INFO - Setting next_dagrun for our_dag_with_python_operator_v01 to 2024-06-30 00:00:00+00:00, run_after=2024-07-01 00:00:00+00:00
[2024-07-01T15:52:34.856+0000] {processor.py:183} INFO - Processing /opt/airflow/dags/create_dag_with_python_operator.py took 0.079 seconds
[2024-07-01T15:53:05.324+0000] {processor.py:161} INFO - Started process (PID=409) to work on /opt/airflow/dags/create_dag_with_python_operator.py
[2024-07-01T15:53:05.325+0000] {processor.py:830} INFO - Processing file /opt/airflow/dags/create_dag_with_python_operator.py for tasks to queue
[2024-07-01T15:53:05.327+0000] {logging_mixin.py:188} INFO - [2024-07-01T15:53:05.327+0000] {dagbag.py:545} INFO - Filling up the DagBag from /opt/airflow/dags/create_dag_with_python_operator.py
[2024-07-01T15:53:05.335+0000] {processor.py:840} INFO - DAG(s) 'our_dag_with_python_operator_v01' retrieved from /opt/airflow/dags/create_dag_with_python_operator.py
[2024-07-01T15:53:05.355+0000] {logging_mixin.py:188} INFO - [2024-07-01T15:53:05.354+0000] {dag.py:3096} INFO - Sync 1 DAGs
[2024-07-01T15:53:05.375+0000] {logging_mixin.py:188} INFO - [2024-07-01T15:53:05.374+0000] {dag.py:3954} INFO - Setting next_dagrun for our_dag_with_python_operator_v01 to 2024-06-30 00:00:00+00:00, run_after=2024-07-01 00:00:00+00:00
[2024-07-01T15:53:05.393+0000] {processor.py:183} INFO - Processing /opt/airflow/dags/create_dag_with_python_operator.py took 0.077 seconds
[2024-07-01T15:53:35.933+0000] {processor.py:161} INFO - Started process (PID=460) to work on /opt/airflow/dags/create_dag_with_python_operator.py
[2024-07-01T15:53:35.934+0000] {processor.py:830} INFO - Processing file /opt/airflow/dags/create_dag_with_python_operator.py for tasks to queue
[2024-07-01T15:53:35.935+0000] {logging_mixin.py:188} INFO - [2024-07-01T15:53:35.935+0000] {dagbag.py:545} INFO - Filling up the DagBag from /opt/airflow/dags/create_dag_with_python_operator.py
[2024-07-01T15:53:35.943+0000] {processor.py:840} INFO - DAG(s) 'our_dag_with_python_operator_v01' retrieved from /opt/airflow/dags/create_dag_with_python_operator.py
[2024-07-01T15:53:35.962+0000] {logging_mixin.py:188} INFO - [2024-07-01T15:53:35.962+0000] {dag.py:3096} INFO - Sync 1 DAGs
[2024-07-01T15:53:35.981+0000] {logging_mixin.py:188} INFO - [2024-07-01T15:53:35.980+0000] {dag.py:3954} INFO - Setting next_dagrun for our_dag_with_python_operator_v01 to 2024-06-30 00:00:00+00:00, run_after=2024-07-01 00:00:00+00:00
[2024-07-01T15:53:35.999+0000] {processor.py:183} INFO - Processing /opt/airflow/dags/create_dag_with_python_operator.py took 0.074 seconds
[2024-07-01T15:54:06.535+0000] {processor.py:161} INFO - Started process (PID=511) to work on /opt/airflow/dags/create_dag_with_python_operator.py
[2024-07-01T15:54:06.536+0000] {processor.py:830} INFO - Processing file /opt/airflow/dags/create_dag_with_python_operator.py for tasks to queue
[2024-07-01T15:54:06.538+0000] {logging_mixin.py:188} INFO - [2024-07-01T15:54:06.537+0000] {dagbag.py:545} INFO - Filling up the DagBag from /opt/airflow/dags/create_dag_with_python_operator.py
[2024-07-01T15:54:06.545+0000] {processor.py:840} INFO - DAG(s) 'our_dag_with_python_operator_v01' retrieved from /opt/airflow/dags/create_dag_with_python_operator.py
[2024-07-01T15:54:06.563+0000] {logging_mixin.py:188} INFO - [2024-07-01T15:54:06.563+0000] {dag.py:3096} INFO - Sync 1 DAGs
[2024-07-01T15:54:06.581+0000] {logging_mixin.py:188} INFO - [2024-07-01T15:54:06.581+0000] {dag.py:3954} INFO - Setting next_dagrun for our_dag_with_python_operator_v01 to 2024-06-30 00:00:00+00:00, run_after=2024-07-01 00:00:00+00:00
[2024-07-01T15:54:06.599+0000] {processor.py:183} INFO - Processing /opt/airflow/dags/create_dag_with_python_operator.py took 0.072 seconds
[2024-07-01T15:54:37.148+0000] {processor.py:161} INFO - Started process (PID=562) to work on /opt/airflow/dags/create_dag_with_python_operator.py
[2024-07-01T15:54:37.149+0000] {processor.py:830} INFO - Processing file /opt/airflow/dags/create_dag_with_python_operator.py for tasks to queue
[2024-07-01T15:54:37.150+0000] {logging_mixin.py:188} INFO - [2024-07-01T15:54:37.150+0000] {dagbag.py:545} INFO - Filling up the DagBag from /opt/airflow/dags/create_dag_with_python_operator.py
[2024-07-01T15:54:37.158+0000] {processor.py:840} INFO - DAG(s) 'our_dag_with_python_operator_v01' retrieved from /opt/airflow/dags/create_dag_with_python_operator.py
[2024-07-01T15:54:37.178+0000] {logging_mixin.py:188} INFO - [2024-07-01T15:54:37.178+0000] {dag.py:3096} INFO - Sync 1 DAGs
[2024-07-01T15:54:37.198+0000] {logging_mixin.py:188} INFO - [2024-07-01T15:54:37.198+0000] {dag.py:3954} INFO - Setting next_dagrun for our_dag_with_python_operator_v01 to 2024-06-30 00:00:00+00:00, run_after=2024-07-01 00:00:00+00:00
[2024-07-01T15:54:37.216+0000] {processor.py:183} INFO - Processing /opt/airflow/dags/create_dag_with_python_operator.py took 0.076 seconds
[2024-07-01T15:55:07.722+0000] {processor.py:161} INFO - Started process (PID=611) to work on /opt/airflow/dags/create_dag_with_python_operator.py
[2024-07-01T15:55:07.723+0000] {processor.py:830} INFO - Processing file /opt/airflow/dags/create_dag_with_python_operator.py for tasks to queue
[2024-07-01T15:55:07.724+0000] {logging_mixin.py:188} INFO - [2024-07-01T15:55:07.724+0000] {dagbag.py:545} INFO - Filling up the DagBag from /opt/airflow/dags/create_dag_with_python_operator.py
[2024-07-01T15:55:07.735+0000] {processor.py:840} INFO - DAG(s) 'our_dag_with_python_operator_v01' retrieved from /opt/airflow/dags/create_dag_with_python_operator.py
[2024-07-01T15:55:07.758+0000] {logging_mixin.py:188} INFO - [2024-07-01T15:55:07.758+0000] {dag.py:3096} INFO - Sync 1 DAGs
[2024-07-01T15:55:07.782+0000] {logging_mixin.py:188} INFO - [2024-07-01T15:55:07.782+0000] {dag.py:3954} INFO - Setting next_dagrun for our_dag_with_python_operator_v01 to 2024-06-30 00:00:00+00:00, run_after=2024-07-01 00:00:00+00:00
[2024-07-01T15:55:07.803+0000] {processor.py:183} INFO - Processing /opt/airflow/dags/create_dag_with_python_operator.py took 0.091 seconds
[2024-07-01T15:55:38.372+0000] {processor.py:161} INFO - Started process (PID=664) to work on /opt/airflow/dags/create_dag_with_python_operator.py
[2024-07-01T15:55:38.373+0000] {processor.py:830} INFO - Processing file /opt/airflow/dags/create_dag_with_python_operator.py for tasks to queue
[2024-07-01T15:55:38.375+0000] {logging_mixin.py:188} INFO - [2024-07-01T15:55:38.374+0000] {dagbag.py:545} INFO - Filling up the DagBag from /opt/airflow/dags/create_dag_with_python_operator.py
[2024-07-01T15:55:38.384+0000] {processor.py:840} INFO - DAG(s) 'our_dag_with_python_operator_v01' retrieved from /opt/airflow/dags/create_dag_with_python_operator.py
[2024-07-01T15:55:38.407+0000] {logging_mixin.py:188} INFO - [2024-07-01T15:55:38.406+0000] {dag.py:3096} INFO - Sync 1 DAGs
[2024-07-01T15:55:38.428+0000] {logging_mixin.py:188} INFO - [2024-07-01T15:55:38.428+0000] {dag.py:3954} INFO - Setting next_dagrun for our_dag_with_python_operator_v01 to 2024-06-30 00:00:00+00:00, run_after=2024-07-01 00:00:00+00:00
[2024-07-01T15:55:38.449+0000] {processor.py:183} INFO - Processing /opt/airflow/dags/create_dag_with_python_operator.py took 0.087 seconds
[2024-07-01T15:56:09.011+0000] {processor.py:161} INFO - Started process (PID=715) to work on /opt/airflow/dags/create_dag_with_python_operator.py
[2024-07-01T15:56:09.012+0000] {processor.py:830} INFO - Processing file /opt/airflow/dags/create_dag_with_python_operator.py for tasks to queue
[2024-07-01T15:56:09.014+0000] {logging_mixin.py:188} INFO - [2024-07-01T15:56:09.014+0000] {dagbag.py:545} INFO - Filling up the DagBag from /opt/airflow/dags/create_dag_with_python_operator.py
[2024-07-01T15:56:09.023+0000] {processor.py:840} INFO - DAG(s) 'our_dag_with_python_operator_v01' retrieved from /opt/airflow/dags/create_dag_with_python_operator.py
[2024-07-01T15:56:09.045+0000] {logging_mixin.py:188} INFO - [2024-07-01T15:56:09.044+0000] {dag.py:3096} INFO - Sync 1 DAGs
[2024-07-01T15:56:09.065+0000] {logging_mixin.py:188} INFO - [2024-07-01T15:56:09.065+0000] {dag.py:3954} INFO - Setting next_dagrun for our_dag_with_python_operator_v01 to 2024-06-30 00:00:00+00:00, run_after=2024-07-01 00:00:00+00:00
[2024-07-01T15:56:09.083+0000] {processor.py:183} INFO - Processing /opt/airflow/dags/create_dag_with_python_operator.py took 0.082 seconds
[2024-07-01T15:56:39.632+0000] {processor.py:161} INFO - Started process (PID=766) to work on /opt/airflow/dags/create_dag_with_python_operator.py
[2024-07-01T15:56:39.634+0000] {processor.py:830} INFO - Processing file /opt/airflow/dags/create_dag_with_python_operator.py for tasks to queue
[2024-07-01T15:56:39.636+0000] {logging_mixin.py:188} INFO - [2024-07-01T15:56:39.635+0000] {dagbag.py:545} INFO - Filling up the DagBag from /opt/airflow/dags/create_dag_with_python_operator.py
[2024-07-01T15:56:39.647+0000] {processor.py:840} INFO - DAG(s) 'our_dag_with_python_operator_v01' retrieved from /opt/airflow/dags/create_dag_with_python_operator.py
[2024-07-01T15:56:39.675+0000] {logging_mixin.py:188} INFO - [2024-07-01T15:56:39.675+0000] {dag.py:3096} INFO - Sync 1 DAGs
[2024-07-01T15:56:39.698+0000] {logging_mixin.py:188} INFO - [2024-07-01T15:56:39.698+0000] {dag.py:3954} INFO - Setting next_dagrun for our_dag_with_python_operator_v01 to 2024-06-30 00:00:00+00:00, run_after=2024-07-01 00:00:00+00:00
[2024-07-01T15:56:39.721+0000] {processor.py:183} INFO - Processing /opt/airflow/dags/create_dag_with_python_operator.py took 0.101 seconds
