[2024-07-01T15:51:02.582+0000] {processor.py:161} INFO - Started process (PID=195) to work on /opt/airflow/dags/dag_with_task_flow_api.py
[2024-07-01T15:51:02.583+0000] {processor.py:830} INFO - Processing file /opt/airflow/dags/dag_with_task_flow_api.py for tasks to queue
[2024-07-01T15:51:02.584+0000] {logging_mixin.py:188} INFO - [2024-07-01T15:51:02.584+0000] {dagbag.py:545} INFO - Filling up the DagBag from /opt/airflow/dags/dag_with_task_flow_api.py
[2024-07-01T15:51:02.593+0000] {processor.py:840} INFO - DAG(s) 'dag_with_workflow_api_v02' retrieved from /opt/airflow/dags/dag_with_task_flow_api.py
[2024-07-01T15:51:02.696+0000] {logging_mixin.py:188} INFO - [2024-07-01T15:51:02.695+0000] {override.py:1829} INFO - Created Permission View: can edit on DAG:dag_with_workflow_api_v02
[2024-07-01T15:51:02.706+0000] {logging_mixin.py:188} INFO - [2024-07-01T15:51:02.706+0000] {override.py:1829} INFO - Created Permission View: can delete on DAG:dag_with_workflow_api_v02
[2024-07-01T15:51:02.713+0000] {logging_mixin.py:188} INFO - [2024-07-01T15:51:02.713+0000] {override.py:1829} INFO - Created Permission View: can read on DAG:dag_with_workflow_api_v02
[2024-07-01T15:51:02.714+0000] {logging_mixin.py:188} INFO - [2024-07-01T15:51:02.714+0000] {dag.py:3096} INFO - Sync 1 DAGs
[2024-07-01T15:51:02.724+0000] {logging_mixin.py:188} INFO - [2024-07-01T15:51:02.724+0000] {dag.py:3118} INFO - Creating ORM DAG for dag_with_workflow_api_v02
[2024-07-01T15:51:02.734+0000] {logging_mixin.py:188} INFO - [2024-07-01T15:51:02.734+0000] {dag.py:3954} INFO - Setting next_dagrun for dag_with_workflow_api_v02 to 2024-06-30 00:00:00+00:00, run_after=2024-07-01 00:00:00+00:00
[2024-07-01T15:51:02.749+0000] {processor.py:183} INFO - Processing /opt/airflow/dags/dag_with_task_flow_api.py took 0.175 seconds
[2024-07-01T15:51:33.385+0000] {processor.py:161} INFO - Started process (PID=244) to work on /opt/airflow/dags/dag_with_task_flow_api.py
[2024-07-01T15:51:33.386+0000] {processor.py:830} INFO - Processing file /opt/airflow/dags/dag_with_task_flow_api.py for tasks to queue
[2024-07-01T15:51:33.388+0000] {logging_mixin.py:188} INFO - [2024-07-01T15:51:33.387+0000] {dagbag.py:545} INFO - Filling up the DagBag from /opt/airflow/dags/dag_with_task_flow_api.py
[2024-07-01T15:51:33.401+0000] {processor.py:840} INFO - DAG(s) 'dag_with_workflow_api_v02' retrieved from /opt/airflow/dags/dag_with_task_flow_api.py
[2024-07-01T15:51:33.433+0000] {logging_mixin.py:188} INFO - [2024-07-01T15:51:33.432+0000] {dag.py:3096} INFO - Sync 1 DAGs
[2024-07-01T15:51:33.462+0000] {logging_mixin.py:188} INFO - [2024-07-01T15:51:33.461+0000] {dag.py:3954} INFO - Setting next_dagrun for dag_with_workflow_api_v02 to 2024-06-30 00:00:00+00:00, run_after=2024-07-01 00:00:00+00:00
[2024-07-01T15:51:33.494+0000] {processor.py:183} INFO - Processing /opt/airflow/dags/dag_with_task_flow_api.py took 0.123 seconds
[2024-07-01T15:52:04.079+0000] {processor.py:161} INFO - Started process (PID=297) to work on /opt/airflow/dags/dag_with_task_flow_api.py
[2024-07-01T15:52:04.080+0000] {processor.py:830} INFO - Processing file /opt/airflow/dags/dag_with_task_flow_api.py for tasks to queue
[2024-07-01T15:52:04.081+0000] {logging_mixin.py:188} INFO - [2024-07-01T15:52:04.081+0000] {dagbag.py:545} INFO - Filling up the DagBag from /opt/airflow/dags/dag_with_task_flow_api.py
[2024-07-01T15:52:04.090+0000] {processor.py:840} INFO - DAG(s) 'dag_with_workflow_api_v02' retrieved from /opt/airflow/dags/dag_with_task_flow_api.py
[2024-07-01T15:52:04.110+0000] {logging_mixin.py:188} INFO - [2024-07-01T15:52:04.110+0000] {dag.py:3096} INFO - Sync 1 DAGs
[2024-07-01T15:52:04.131+0000] {logging_mixin.py:188} INFO - [2024-07-01T15:52:04.131+0000] {dag.py:3954} INFO - Setting next_dagrun for dag_with_workflow_api_v02 to 2024-06-30 00:00:00+00:00, run_after=2024-07-01 00:00:00+00:00
[2024-07-01T15:52:04.150+0000] {processor.py:183} INFO - Processing /opt/airflow/dags/dag_with_task_flow_api.py took 0.079 seconds
[2024-07-01T15:52:34.688+0000] {processor.py:161} INFO - Started process (PID=348) to work on /opt/airflow/dags/dag_with_task_flow_api.py
[2024-07-01T15:52:34.689+0000] {processor.py:830} INFO - Processing file /opt/airflow/dags/dag_with_task_flow_api.py for tasks to queue
[2024-07-01T15:52:34.690+0000] {logging_mixin.py:188} INFO - [2024-07-01T15:52:34.690+0000] {dagbag.py:545} INFO - Filling up the DagBag from /opt/airflow/dags/dag_with_task_flow_api.py
[2024-07-01T15:52:34.699+0000] {processor.py:840} INFO - DAG(s) 'dag_with_workflow_api_v02' retrieved from /opt/airflow/dags/dag_with_task_flow_api.py
[2024-07-01T15:52:34.720+0000] {logging_mixin.py:188} INFO - [2024-07-01T15:52:34.720+0000] {dag.py:3096} INFO - Sync 1 DAGs
[2024-07-01T15:52:34.740+0000] {logging_mixin.py:188} INFO - [2024-07-01T15:52:34.740+0000] {dag.py:3954} INFO - Setting next_dagrun for dag_with_workflow_api_v02 to 2024-06-30 00:00:00+00:00, run_after=2024-07-01 00:00:00+00:00
[2024-07-01T15:52:34.759+0000] {processor.py:183} INFO - Processing /opt/airflow/dags/dag_with_task_flow_api.py took 0.080 seconds
[2024-07-01T15:53:05.224+0000] {processor.py:161} INFO - Started process (PID=399) to work on /opt/airflow/dags/dag_with_task_flow_api.py
[2024-07-01T15:53:05.225+0000] {processor.py:830} INFO - Processing file /opt/airflow/dags/dag_with_task_flow_api.py for tasks to queue
[2024-07-01T15:53:05.226+0000] {logging_mixin.py:188} INFO - [2024-07-01T15:53:05.226+0000] {dagbag.py:545} INFO - Filling up the DagBag from /opt/airflow/dags/dag_with_task_flow_api.py
[2024-07-01T15:53:05.236+0000] {processor.py:840} INFO - DAG(s) 'dag_with_workflow_api_v02' retrieved from /opt/airflow/dags/dag_with_task_flow_api.py
[2024-07-01T15:53:05.257+0000] {logging_mixin.py:188} INFO - [2024-07-01T15:53:05.257+0000] {dag.py:3096} INFO - Sync 1 DAGs
[2024-07-01T15:53:05.277+0000] {logging_mixin.py:188} INFO - [2024-07-01T15:53:05.277+0000] {dag.py:3954} INFO - Setting next_dagrun for dag_with_workflow_api_v02 to 2024-06-30 00:00:00+00:00, run_after=2024-07-01 00:00:00+00:00
[2024-07-01T15:53:05.296+0000] {processor.py:183} INFO - Processing /opt/airflow/dags/dag_with_task_flow_api.py took 0.081 seconds
[2024-07-01T15:53:35.837+0000] {processor.py:161} INFO - Started process (PID=450) to work on /opt/airflow/dags/dag_with_task_flow_api.py
[2024-07-01T15:53:35.838+0000] {processor.py:830} INFO - Processing file /opt/airflow/dags/dag_with_task_flow_api.py for tasks to queue
[2024-07-01T15:53:35.839+0000] {logging_mixin.py:188} INFO - [2024-07-01T15:53:35.839+0000] {dagbag.py:545} INFO - Filling up the DagBag from /opt/airflow/dags/dag_with_task_flow_api.py
[2024-07-01T15:53:35.848+0000] {processor.py:840} INFO - DAG(s) 'dag_with_workflow_api_v02' retrieved from /opt/airflow/dags/dag_with_task_flow_api.py
[2024-07-01T15:53:35.868+0000] {logging_mixin.py:188} INFO - [2024-07-01T15:53:35.868+0000] {dag.py:3096} INFO - Sync 1 DAGs
[2024-07-01T15:53:35.887+0000] {logging_mixin.py:188} INFO - [2024-07-01T15:53:35.887+0000] {dag.py:3954} INFO - Setting next_dagrun for dag_with_workflow_api_v02 to 2024-06-30 00:00:00+00:00, run_after=2024-07-01 00:00:00+00:00
[2024-07-01T15:53:35.910+0000] {processor.py:183} INFO - Processing /opt/airflow/dags/dag_with_task_flow_api.py took 0.082 seconds
[2024-07-01T15:54:06.441+0000] {processor.py:161} INFO - Started process (PID=501) to work on /opt/airflow/dags/dag_with_task_flow_api.py
[2024-07-01T15:54:06.442+0000] {processor.py:830} INFO - Processing file /opt/airflow/dags/dag_with_task_flow_api.py for tasks to queue
[2024-07-01T15:54:06.443+0000] {logging_mixin.py:188} INFO - [2024-07-01T15:54:06.443+0000] {dagbag.py:545} INFO - Filling up the DagBag from /opt/airflow/dags/dag_with_task_flow_api.py
[2024-07-01T15:54:06.451+0000] {processor.py:840} INFO - DAG(s) 'dag_with_workflow_api_v02' retrieved from /opt/airflow/dags/dag_with_task_flow_api.py
[2024-07-01T15:54:06.471+0000] {logging_mixin.py:188} INFO - [2024-07-01T15:54:06.471+0000] {dag.py:3096} INFO - Sync 1 DAGs
[2024-07-01T15:54:06.490+0000] {logging_mixin.py:188} INFO - [2024-07-01T15:54:06.490+0000] {dag.py:3954} INFO - Setting next_dagrun for dag_with_workflow_api_v02 to 2024-06-30 00:00:00+00:00, run_after=2024-07-01 00:00:00+00:00
[2024-07-01T15:54:06.512+0000] {processor.py:183} INFO - Processing /opt/airflow/dags/dag_with_task_flow_api.py took 0.080 seconds
[2024-07-01T15:54:37.047+0000] {processor.py:161} INFO - Started process (PID=552) to work on /opt/airflow/dags/dag_with_task_flow_api.py
[2024-07-01T15:54:37.049+0000] {processor.py:830} INFO - Processing file /opt/airflow/dags/dag_with_task_flow_api.py for tasks to queue
[2024-07-01T15:54:37.050+0000] {logging_mixin.py:188} INFO - [2024-07-01T15:54:37.050+0000] {dagbag.py:545} INFO - Filling up the DagBag from /opt/airflow/dags/dag_with_task_flow_api.py
[2024-07-01T15:54:37.059+0000] {processor.py:840} INFO - DAG(s) 'dag_with_workflow_api_v02' retrieved from /opt/airflow/dags/dag_with_task_flow_api.py
[2024-07-01T15:54:37.080+0000] {logging_mixin.py:188} INFO - [2024-07-01T15:54:37.080+0000] {dag.py:3096} INFO - Sync 1 DAGs
[2024-07-01T15:54:37.100+0000] {logging_mixin.py:188} INFO - [2024-07-01T15:54:37.100+0000] {dag.py:3954} INFO - Setting next_dagrun for dag_with_workflow_api_v02 to 2024-06-30 00:00:00+00:00, run_after=2024-07-01 00:00:00+00:00
[2024-07-01T15:54:37.120+0000] {processor.py:183} INFO - Processing /opt/airflow/dags/dag_with_task_flow_api.py took 0.081 seconds
[2024-07-01T15:55:07.613+0000] {processor.py:161} INFO - Started process (PID=601) to work on /opt/airflow/dags/dag_with_task_flow_api.py
[2024-07-01T15:55:07.614+0000] {processor.py:830} INFO - Processing file /opt/airflow/dags/dag_with_task_flow_api.py for tasks to queue
[2024-07-01T15:55:07.615+0000] {logging_mixin.py:188} INFO - [2024-07-01T15:55:07.615+0000] {dagbag.py:545} INFO - Filling up the DagBag from /opt/airflow/dags/dag_with_task_flow_api.py
[2024-07-01T15:55:07.625+0000] {processor.py:840} INFO - DAG(s) 'dag_with_workflow_api_v02' retrieved from /opt/airflow/dags/dag_with_task_flow_api.py
[2024-07-01T15:55:07.647+0000] {logging_mixin.py:188} INFO - [2024-07-01T15:55:07.647+0000] {dag.py:3096} INFO - Sync 1 DAGs
[2024-07-01T15:55:07.668+0000] {logging_mixin.py:188} INFO - [2024-07-01T15:55:07.667+0000] {dag.py:3954} INFO - Setting next_dagrun for dag_with_workflow_api_v02 to 2024-06-30 00:00:00+00:00, run_after=2024-07-01 00:00:00+00:00
[2024-07-01T15:55:07.688+0000] {processor.py:183} INFO - Processing /opt/airflow/dags/dag_with_task_flow_api.py took 0.085 seconds
[2024-07-01T15:55:38.253+0000] {processor.py:161} INFO - Started process (PID=654) to work on /opt/airflow/dags/dag_with_task_flow_api.py
[2024-07-01T15:55:38.254+0000] {processor.py:830} INFO - Processing file /opt/airflow/dags/dag_with_task_flow_api.py for tasks to queue
[2024-07-01T15:55:38.256+0000] {logging_mixin.py:188} INFO - [2024-07-01T15:55:38.256+0000] {dagbag.py:545} INFO - Filling up the DagBag from /opt/airflow/dags/dag_with_task_flow_api.py
[2024-07-01T15:55:38.267+0000] {processor.py:840} INFO - DAG(s) 'dag_with_workflow_api_v02' retrieved from /opt/airflow/dags/dag_with_task_flow_api.py
[2024-07-01T15:55:38.292+0000] {logging_mixin.py:188} INFO - [2024-07-01T15:55:38.292+0000] {dag.py:3096} INFO - Sync 1 DAGs
[2024-07-01T15:55:38.316+0000] {logging_mixin.py:188} INFO - [2024-07-01T15:55:38.316+0000] {dag.py:3954} INFO - Setting next_dagrun for dag_with_workflow_api_v02 to 2024-06-30 00:00:00+00:00, run_after=2024-07-01 00:00:00+00:00
[2024-07-01T15:55:38.340+0000] {processor.py:183} INFO - Processing /opt/airflow/dags/dag_with_task_flow_api.py took 0.095 seconds
[2024-07-01T15:56:08.913+0000] {processor.py:161} INFO - Started process (PID=705) to work on /opt/airflow/dags/dag_with_task_flow_api.py
[2024-07-01T15:56:08.914+0000] {processor.py:830} INFO - Processing file /opt/airflow/dags/dag_with_task_flow_api.py for tasks to queue
[2024-07-01T15:56:08.915+0000] {logging_mixin.py:188} INFO - [2024-07-01T15:56:08.915+0000] {dagbag.py:545} INFO - Filling up the DagBag from /opt/airflow/dags/dag_with_task_flow_api.py
[2024-07-01T15:56:08.924+0000] {processor.py:840} INFO - DAG(s) 'dag_with_workflow_api_v02' retrieved from /opt/airflow/dags/dag_with_task_flow_api.py
[2024-07-01T15:56:08.945+0000] {logging_mixin.py:188} INFO - [2024-07-01T15:56:08.944+0000] {dag.py:3096} INFO - Sync 1 DAGs
[2024-07-01T15:56:08.963+0000] {logging_mixin.py:188} INFO - [2024-07-01T15:56:08.963+0000] {dag.py:3954} INFO - Setting next_dagrun for dag_with_workflow_api_v02 to 2024-06-30 00:00:00+00:00, run_after=2024-07-01 00:00:00+00:00
[2024-07-01T15:56:08.983+0000] {processor.py:183} INFO - Processing /opt/airflow/dags/dag_with_task_flow_api.py took 0.078 seconds
[2024-07-01T15:56:39.520+0000] {processor.py:161} INFO - Started process (PID=756) to work on /opt/airflow/dags/dag_with_task_flow_api.py
[2024-07-01T15:56:39.521+0000] {processor.py:830} INFO - Processing file /opt/airflow/dags/dag_with_task_flow_api.py for tasks to queue
[2024-07-01T15:56:39.523+0000] {logging_mixin.py:188} INFO - [2024-07-01T15:56:39.522+0000] {dagbag.py:545} INFO - Filling up the DagBag from /opt/airflow/dags/dag_with_task_flow_api.py
[2024-07-01T15:56:39.532+0000] {processor.py:840} INFO - DAG(s) 'dag_with_workflow_api_v02' retrieved from /opt/airflow/dags/dag_with_task_flow_api.py
[2024-07-01T15:56:39.555+0000] {logging_mixin.py:188} INFO - [2024-07-01T15:56:39.555+0000] {dag.py:3096} INFO - Sync 1 DAGs
[2024-07-01T15:56:39.578+0000] {logging_mixin.py:188} INFO - [2024-07-01T15:56:39.577+0000] {dag.py:3954} INFO - Setting next_dagrun for dag_with_workflow_api_v02 to 2024-06-30 00:00:00+00:00, run_after=2024-07-01 00:00:00+00:00
[2024-07-01T15:56:39.599+0000] {processor.py:183} INFO - Processing /opt/airflow/dags/dag_with_task_flow_api.py took 0.088 seconds
