[2024-07-01T15:51:01.749+0000] {processor.py:161} INFO - Started process (PID=170) to work on /opt/airflow/dags/dag_with_minio_s3.py
[2024-07-01T15:51:01.749+0000] {processor.py:830} INFO - Processing file /opt/airflow/dags/dag_with_minio_s3.py for tasks to queue
[2024-07-01T15:51:01.751+0000] {logging_mixin.py:188} INFO - [2024-07-01T15:51:01.750+0000] {dagbag.py:545} INFO - Filling up the DagBag from /opt/airflow/dags/dag_with_minio_s3.py
[2024-07-01T15:51:01.764+0000] {processor.py:840} INFO - DAG(s) 'dag_with_minio_s3_v01' retrieved from /opt/airflow/dags/dag_with_minio_s3.py
[2024-07-01T15:51:01.979+0000] {logging_mixin.py:188} INFO - [2024-07-01T15:51:01.979+0000] {override.py:1829} INFO - Created Permission View: can edit on DAG:dag_with_minio_s3_v01
[2024-07-01T15:51:01.991+0000] {logging_mixin.py:188} INFO - [2024-07-01T15:51:01.990+0000] {override.py:1829} INFO - Created Permission View: can delete on DAG:dag_with_minio_s3_v01
[2024-07-01T15:51:01.998+0000] {logging_mixin.py:188} INFO - [2024-07-01T15:51:01.998+0000] {override.py:1829} INFO - Created Permission View: can read on DAG:dag_with_minio_s3_v01
[2024-07-01T15:51:01.998+0000] {logging_mixin.py:188} INFO - [2024-07-01T15:51:01.998+0000] {dag.py:3096} INFO - Sync 1 DAGs
[2024-07-01T15:51:02.010+0000] {logging_mixin.py:188} INFO - [2024-07-01T15:51:02.010+0000] {dag.py:3118} INFO - Creating ORM DAG for dag_with_minio_s3_v01
[2024-07-01T15:51:02.020+0000] {logging_mixin.py:188} INFO - [2024-07-01T15:51:02.019+0000] {dag.py:3954} INFO - Setting next_dagrun for dag_with_minio_s3_v01 to 2024-06-30 00:00:00+00:00, run_after=2024-07-01 00:00:00+00:00
[2024-07-01T15:51:02.036+0000] {processor.py:183} INFO - Processing /opt/airflow/dags/dag_with_minio_s3.py took 0.296 seconds
[2024-07-01T15:51:32.114+0000] {processor.py:161} INFO - Started process (PID=221) to work on /opt/airflow/dags/dag_with_minio_s3.py
[2024-07-01T15:51:32.117+0000] {processor.py:830} INFO - Processing file /opt/airflow/dags/dag_with_minio_s3.py for tasks to queue
[2024-07-01T15:51:32.118+0000] {logging_mixin.py:188} INFO - [2024-07-01T15:51:32.118+0000] {dagbag.py:545} INFO - Filling up the DagBag from /opt/airflow/dags/dag_with_minio_s3.py
[2024-07-01T15:51:32.125+0000] {processor.py:840} INFO - DAG(s) 'dag_with_minio_s3_v01' retrieved from /opt/airflow/dags/dag_with_minio_s3.py
[2024-07-01T15:51:32.145+0000] {logging_mixin.py:188} INFO - [2024-07-01T15:51:32.145+0000] {dag.py:3096} INFO - Sync 1 DAGs
[2024-07-01T15:51:32.163+0000] {logging_mixin.py:188} INFO - [2024-07-01T15:51:32.163+0000] {dag.py:3954} INFO - Setting next_dagrun for dag_with_minio_s3_v01 to 2024-06-30 00:00:00+00:00, run_after=2024-07-01 00:00:00+00:00
[2024-07-01T15:51:32.182+0000] {processor.py:183} INFO - Processing /opt/airflow/dags/dag_with_minio_s3.py took 0.076 seconds
[2024-07-01T15:52:02.786+0000] {processor.py:161} INFO - Started process (PID=272) to work on /opt/airflow/dags/dag_with_minio_s3.py
[2024-07-01T15:52:02.788+0000] {processor.py:830} INFO - Processing file /opt/airflow/dags/dag_with_minio_s3.py for tasks to queue
[2024-07-01T15:52:02.789+0000] {logging_mixin.py:188} INFO - [2024-07-01T15:52:02.789+0000] {dagbag.py:545} INFO - Filling up the DagBag from /opt/airflow/dags/dag_with_minio_s3.py
[2024-07-01T15:52:02.796+0000] {processor.py:840} INFO - DAG(s) 'dag_with_minio_s3_v01' retrieved from /opt/airflow/dags/dag_with_minio_s3.py
[2024-07-01T15:52:02.816+0000] {logging_mixin.py:188} INFO - [2024-07-01T15:52:02.816+0000] {dag.py:3096} INFO - Sync 1 DAGs
[2024-07-01T15:52:02.835+0000] {logging_mixin.py:188} INFO - [2024-07-01T15:52:02.835+0000] {dag.py:3954} INFO - Setting next_dagrun for dag_with_minio_s3_v01 to 2024-06-30 00:00:00+00:00, run_after=2024-07-01 00:00:00+00:00
[2024-07-01T15:52:02.859+0000] {processor.py:183} INFO - Processing /opt/airflow/dags/dag_with_minio_s3.py took 0.081 seconds
[2024-07-01T15:52:33.393+0000] {processor.py:161} INFO - Started process (PID=323) to work on /opt/airflow/dags/dag_with_minio_s3.py
[2024-07-01T15:52:33.396+0000] {processor.py:830} INFO - Processing file /opt/airflow/dags/dag_with_minio_s3.py for tasks to queue
[2024-07-01T15:52:33.397+0000] {logging_mixin.py:188} INFO - [2024-07-01T15:52:33.397+0000] {dagbag.py:545} INFO - Filling up the DagBag from /opt/airflow/dags/dag_with_minio_s3.py
[2024-07-01T15:52:33.404+0000] {processor.py:840} INFO - DAG(s) 'dag_with_minio_s3_v01' retrieved from /opt/airflow/dags/dag_with_minio_s3.py
[2024-07-01T15:52:33.425+0000] {logging_mixin.py:188} INFO - [2024-07-01T15:52:33.425+0000] {dag.py:3096} INFO - Sync 1 DAGs
[2024-07-01T15:52:33.443+0000] {logging_mixin.py:188} INFO - [2024-07-01T15:52:33.443+0000] {dag.py:3954} INFO - Setting next_dagrun for dag_with_minio_s3_v01 to 2024-06-30 00:00:00+00:00, run_after=2024-07-01 00:00:00+00:00
[2024-07-01T15:52:33.461+0000] {processor.py:183} INFO - Processing /opt/airflow/dags/dag_with_minio_s3.py took 0.077 seconds
[2024-07-01T15:53:03.921+0000] {processor.py:161} INFO - Started process (PID=374) to work on /opt/airflow/dags/dag_with_minio_s3.py
[2024-07-01T15:53:03.923+0000] {processor.py:830} INFO - Processing file /opt/airflow/dags/dag_with_minio_s3.py for tasks to queue
[2024-07-01T15:53:03.925+0000] {logging_mixin.py:188} INFO - [2024-07-01T15:53:03.924+0000] {dagbag.py:545} INFO - Filling up the DagBag from /opt/airflow/dags/dag_with_minio_s3.py
[2024-07-01T15:53:03.932+0000] {processor.py:840} INFO - DAG(s) 'dag_with_minio_s3_v01' retrieved from /opt/airflow/dags/dag_with_minio_s3.py
[2024-07-01T15:53:03.953+0000] {logging_mixin.py:188} INFO - [2024-07-01T15:53:03.953+0000] {dag.py:3096} INFO - Sync 1 DAGs
[2024-07-01T15:53:03.977+0000] {logging_mixin.py:188} INFO - [2024-07-01T15:53:03.977+0000] {dag.py:3954} INFO - Setting next_dagrun for dag_with_minio_s3_v01 to 2024-06-30 00:00:00+00:00, run_after=2024-07-01 00:00:00+00:00
[2024-07-01T15:53:04.002+0000] {processor.py:183} INFO - Processing /opt/airflow/dags/dag_with_minio_s3.py took 0.090 seconds
[2024-07-01T15:53:34.548+0000] {processor.py:161} INFO - Started process (PID=425) to work on /opt/airflow/dags/dag_with_minio_s3.py
[2024-07-01T15:53:34.550+0000] {processor.py:830} INFO - Processing file /opt/airflow/dags/dag_with_minio_s3.py for tasks to queue
[2024-07-01T15:53:34.552+0000] {logging_mixin.py:188} INFO - [2024-07-01T15:53:34.552+0000] {dagbag.py:545} INFO - Filling up the DagBag from /opt/airflow/dags/dag_with_minio_s3.py
[2024-07-01T15:53:34.559+0000] {processor.py:840} INFO - DAG(s) 'dag_with_minio_s3_v01' retrieved from /opt/airflow/dags/dag_with_minio_s3.py
[2024-07-01T15:53:34.579+0000] {logging_mixin.py:188} INFO - [2024-07-01T15:53:34.579+0000] {dag.py:3096} INFO - Sync 1 DAGs
[2024-07-01T15:53:34.598+0000] {logging_mixin.py:188} INFO - [2024-07-01T15:53:34.597+0000] {dag.py:3954} INFO - Setting next_dagrun for dag_with_minio_s3_v01 to 2024-06-30 00:00:00+00:00, run_after=2024-07-01 00:00:00+00:00
[2024-07-01T15:53:34.620+0000] {processor.py:183} INFO - Processing /opt/airflow/dags/dag_with_minio_s3.py took 0.080 seconds
[2024-07-01T15:54:05.155+0000] {processor.py:161} INFO - Started process (PID=476) to work on /opt/airflow/dags/dag_with_minio_s3.py
[2024-07-01T15:54:05.158+0000] {processor.py:830} INFO - Processing file /opt/airflow/dags/dag_with_minio_s3.py for tasks to queue
[2024-07-01T15:54:05.159+0000] {logging_mixin.py:188} INFO - [2024-07-01T15:54:05.159+0000] {dagbag.py:545} INFO - Filling up the DagBag from /opt/airflow/dags/dag_with_minio_s3.py
[2024-07-01T15:54:05.166+0000] {processor.py:840} INFO - DAG(s) 'dag_with_minio_s3_v01' retrieved from /opt/airflow/dags/dag_with_minio_s3.py
[2024-07-01T15:54:05.186+0000] {logging_mixin.py:188} INFO - [2024-07-01T15:54:05.186+0000] {dag.py:3096} INFO - Sync 1 DAGs
[2024-07-01T15:54:05.204+0000] {logging_mixin.py:188} INFO - [2024-07-01T15:54:05.204+0000] {dag.py:3954} INFO - Setting next_dagrun for dag_with_minio_s3_v01 to 2024-06-30 00:00:00+00:00, run_after=2024-07-01 00:00:00+00:00
[2024-07-01T15:54:05.227+0000] {processor.py:183} INFO - Processing /opt/airflow/dags/dag_with_minio_s3.py took 0.080 seconds
[2024-07-01T15:54:35.752+0000] {processor.py:161} INFO - Started process (PID=527) to work on /opt/airflow/dags/dag_with_minio_s3.py
[2024-07-01T15:54:35.755+0000] {processor.py:830} INFO - Processing file /opt/airflow/dags/dag_with_minio_s3.py for tasks to queue
[2024-07-01T15:54:35.756+0000] {logging_mixin.py:188} INFO - [2024-07-01T15:54:35.756+0000] {dagbag.py:545} INFO - Filling up the DagBag from /opt/airflow/dags/dag_with_minio_s3.py
[2024-07-01T15:54:35.764+0000] {processor.py:840} INFO - DAG(s) 'dag_with_minio_s3_v01' retrieved from /opt/airflow/dags/dag_with_minio_s3.py
[2024-07-01T15:54:35.784+0000] {logging_mixin.py:188} INFO - [2024-07-01T15:54:35.784+0000] {dag.py:3096} INFO - Sync 1 DAGs
[2024-07-01T15:54:35.804+0000] {logging_mixin.py:188} INFO - [2024-07-01T15:54:35.803+0000] {dag.py:3954} INFO - Setting next_dagrun for dag_with_minio_s3_v01 to 2024-06-30 00:00:00+00:00, run_after=2024-07-01 00:00:00+00:00
[2024-07-01T15:54:35.826+0000] {processor.py:183} INFO - Processing /opt/airflow/dags/dag_with_minio_s3.py took 0.083 seconds
[2024-07-01T15:55:06.374+0000] {processor.py:161} INFO - Started process (PID=578) to work on /opt/airflow/dags/dag_with_minio_s3.py
[2024-07-01T15:55:06.376+0000] {processor.py:830} INFO - Processing file /opt/airflow/dags/dag_with_minio_s3.py for tasks to queue
[2024-07-01T15:55:06.378+0000] {logging_mixin.py:188} INFO - [2024-07-01T15:55:06.377+0000] {dagbag.py:545} INFO - Filling up the DagBag from /opt/airflow/dags/dag_with_minio_s3.py
[2024-07-01T15:55:06.385+0000] {processor.py:840} INFO - DAG(s) 'dag_with_minio_s3_v01' retrieved from /opt/airflow/dags/dag_with_minio_s3.py
[2024-07-01T15:55:06.407+0000] {logging_mixin.py:188} INFO - [2024-07-01T15:55:06.407+0000] {dag.py:3096} INFO - Sync 1 DAGs
[2024-07-01T15:55:06.429+0000] {logging_mixin.py:188} INFO - [2024-07-01T15:55:06.429+0000] {dag.py:3954} INFO - Setting next_dagrun for dag_with_minio_s3_v01 to 2024-06-30 00:00:00+00:00, run_after=2024-07-01 00:00:00+00:00
[2024-07-01T15:55:06.449+0000] {processor.py:183} INFO - Processing /opt/airflow/dags/dag_with_minio_s3.py took 0.084 seconds
[2024-07-01T15:55:36.952+0000] {processor.py:161} INFO - Started process (PID=629) to work on /opt/airflow/dags/dag_with_minio_s3.py
[2024-07-01T15:55:36.954+0000] {processor.py:830} INFO - Processing file /opt/airflow/dags/dag_with_minio_s3.py for tasks to queue
[2024-07-01T15:55:36.955+0000] {logging_mixin.py:188} INFO - [2024-07-01T15:55:36.955+0000] {dagbag.py:545} INFO - Filling up the DagBag from /opt/airflow/dags/dag_with_minio_s3.py
[2024-07-01T15:55:36.962+0000] {processor.py:840} INFO - DAG(s) 'dag_with_minio_s3_v01' retrieved from /opt/airflow/dags/dag_with_minio_s3.py
[2024-07-01T15:55:36.983+0000] {logging_mixin.py:188} INFO - [2024-07-01T15:55:36.983+0000] {dag.py:3096} INFO - Sync 1 DAGs
[2024-07-01T15:55:37.002+0000] {logging_mixin.py:188} INFO - [2024-07-01T15:55:37.002+0000] {dag.py:3954} INFO - Setting next_dagrun for dag_with_minio_s3_v01 to 2024-06-30 00:00:00+00:00, run_after=2024-07-01 00:00:00+00:00
[2024-07-01T15:55:37.025+0000] {processor.py:183} INFO - Processing /opt/airflow/dags/dag_with_minio_s3.py took 0.082 seconds
[2024-07-01T15:56:07.621+0000] {processor.py:161} INFO - Started process (PID=680) to work on /opt/airflow/dags/dag_with_minio_s3.py
[2024-07-01T15:56:07.624+0000] {processor.py:830} INFO - Processing file /opt/airflow/dags/dag_with_minio_s3.py for tasks to queue
[2024-07-01T15:56:07.625+0000] {logging_mixin.py:188} INFO - [2024-07-01T15:56:07.625+0000] {dagbag.py:545} INFO - Filling up the DagBag from /opt/airflow/dags/dag_with_minio_s3.py
[2024-07-01T15:56:07.632+0000] {processor.py:840} INFO - DAG(s) 'dag_with_minio_s3_v01' retrieved from /opt/airflow/dags/dag_with_minio_s3.py
[2024-07-01T15:56:07.652+0000] {logging_mixin.py:188} INFO - [2024-07-01T15:56:07.651+0000] {dag.py:3096} INFO - Sync 1 DAGs
[2024-07-01T15:56:07.669+0000] {logging_mixin.py:188} INFO - [2024-07-01T15:56:07.669+0000] {dag.py:3954} INFO - Setting next_dagrun for dag_with_minio_s3_v01 to 2024-06-30 00:00:00+00:00, run_after=2024-07-01 00:00:00+00:00
[2024-07-01T15:56:07.692+0000] {processor.py:183} INFO - Processing /opt/airflow/dags/dag_with_minio_s3.py took 0.079 seconds
[2024-07-01T15:56:38.239+0000] {processor.py:161} INFO - Started process (PID=731) to work on /opt/airflow/dags/dag_with_minio_s3.py
[2024-07-01T15:56:38.240+0000] {processor.py:830} INFO - Processing file /opt/airflow/dags/dag_with_minio_s3.py for tasks to queue
[2024-07-01T15:56:38.241+0000] {logging_mixin.py:188} INFO - [2024-07-01T15:56:38.241+0000] {dagbag.py:545} INFO - Filling up the DagBag from /opt/airflow/dags/dag_with_minio_s3.py
[2024-07-01T15:56:38.251+0000] {processor.py:840} INFO - DAG(s) 'dag_with_minio_s3_v01' retrieved from /opt/airflow/dags/dag_with_minio_s3.py
[2024-07-01T15:56:38.276+0000] {logging_mixin.py:188} INFO - [2024-07-01T15:56:38.275+0000] {dag.py:3096} INFO - Sync 1 DAGs
[2024-07-01T15:56:38.299+0000] {logging_mixin.py:188} INFO - [2024-07-01T15:56:38.299+0000] {dag.py:3954} INFO - Setting next_dagrun for dag_with_minio_s3_v01 to 2024-06-30 00:00:00+00:00, run_after=2024-07-01 00:00:00+00:00
[2024-07-01T15:56:38.324+0000] {processor.py:183} INFO - Processing /opt/airflow/dags/dag_with_minio_s3.py took 0.097 seconds
