[2024-07-01T15:51:02.360+0000] {processor.py:161} INFO - Started process (PID=185) to work on /opt/airflow/dags/dag_with_cross_expression.py
[2024-07-01T15:51:02.360+0000] {processor.py:830} INFO - Processing file /opt/airflow/dags/dag_with_cross_expression.py for tasks to queue
[2024-07-01T15:51:02.362+0000] {logging_mixin.py:188} INFO - [2024-07-01T15:51:02.361+0000] {dagbag.py:545} INFO - Filling up the DagBag from /opt/airflow/dags/dag_with_cross_expression.py
[2024-07-01T15:51:02.369+0000] {processor.py:840} INFO - DAG(s) 'dag_with_cross_expression_v03' retrieved from /opt/airflow/dags/dag_with_cross_expression.py
[2024-07-01T15:51:02.473+0000] {logging_mixin.py:188} INFO - [2024-07-01T15:51:02.472+0000] {override.py:1829} INFO - Created Permission View: can edit on DAG:dag_with_cross_expression_v03
[2024-07-01T15:51:02.484+0000] {logging_mixin.py:188} INFO - [2024-07-01T15:51:02.483+0000] {override.py:1829} INFO - Created Permission View: can delete on DAG:dag_with_cross_expression_v03
[2024-07-01T15:51:02.491+0000] {logging_mixin.py:188} INFO - [2024-07-01T15:51:02.491+0000] {override.py:1829} INFO - Created Permission View: can read on DAG:dag_with_cross_expression_v03
[2024-07-01T15:51:02.492+0000] {logging_mixin.py:188} INFO - [2024-07-01T15:51:02.492+0000] {dag.py:3096} INFO - Sync 1 DAGs
[2024-07-01T15:51:02.502+0000] {logging_mixin.py:188} INFO - [2024-07-01T15:51:02.502+0000] {dag.py:3118} INFO - Creating ORM DAG for dag_with_cross_expression_v03
[2024-07-01T15:51:02.512+0000] {logging_mixin.py:188} INFO - [2024-07-01T15:51:02.512+0000] {dag.py:3954} INFO - Setting next_dagrun for dag_with_cross_expression_v03 to 2024-06-25 03:00:00+00:00, run_after=2024-06-26 03:00:00+00:00
[2024-07-01T15:51:02.527+0000] {processor.py:183} INFO - Processing /opt/airflow/dags/dag_with_cross_expression.py took 0.179 seconds
[2024-07-01T15:51:33.229+0000] {processor.py:161} INFO - Started process (PID=234) to work on /opt/airflow/dags/dag_with_cross_expression.py
[2024-07-01T15:51:33.233+0000] {processor.py:830} INFO - Processing file /opt/airflow/dags/dag_with_cross_expression.py for tasks to queue
[2024-07-01T15:51:33.235+0000] {logging_mixin.py:188} INFO - [2024-07-01T15:51:33.235+0000] {dagbag.py:545} INFO - Filling up the DagBag from /opt/airflow/dags/dag_with_cross_expression.py
[2024-07-01T15:51:33.247+0000] {processor.py:840} INFO - DAG(s) 'dag_with_cross_expression_v03' retrieved from /opt/airflow/dags/dag_with_cross_expression.py
[2024-07-01T15:51:33.279+0000] {logging_mixin.py:188} INFO - [2024-07-01T15:51:33.278+0000] {dag.py:3096} INFO - Sync 1 DAGs
[2024-07-01T15:51:33.311+0000] {logging_mixin.py:188} INFO - [2024-07-01T15:51:33.311+0000] {dag.py:3954} INFO - Setting next_dagrun for dag_with_cross_expression_v03 to 2024-06-25 03:00:00+00:00, run_after=2024-06-26 03:00:00+00:00
[2024-07-01T15:51:33.342+0000] {processor.py:183} INFO - Processing /opt/airflow/dags/dag_with_cross_expression.py took 0.125 seconds
[2024-07-01T15:52:03.896+0000] {processor.py:161} INFO - Started process (PID=285) to work on /opt/airflow/dags/dag_with_cross_expression.py
[2024-07-01T15:52:03.897+0000] {processor.py:830} INFO - Processing file /opt/airflow/dags/dag_with_cross_expression.py for tasks to queue
[2024-07-01T15:52:03.898+0000] {logging_mixin.py:188} INFO - [2024-07-01T15:52:03.898+0000] {dagbag.py:545} INFO - Filling up the DagBag from /opt/airflow/dags/dag_with_cross_expression.py
[2024-07-01T15:52:03.906+0000] {processor.py:840} INFO - DAG(s) 'dag_with_cross_expression_v03' retrieved from /opt/airflow/dags/dag_with_cross_expression.py
[2024-07-01T15:52:03.924+0000] {logging_mixin.py:188} INFO - [2024-07-01T15:52:03.924+0000] {dag.py:3096} INFO - Sync 1 DAGs
[2024-07-01T15:52:03.944+0000] {logging_mixin.py:188} INFO - [2024-07-01T15:52:03.944+0000] {dag.py:3954} INFO - Setting next_dagrun for dag_with_cross_expression_v03 to 2024-06-25 03:00:00+00:00, run_after=2024-06-26 03:00:00+00:00
[2024-07-01T15:52:03.966+0000] {processor.py:183} INFO - Processing /opt/airflow/dags/dag_with_cross_expression.py took 0.082 seconds
[2024-07-01T15:52:34.502+0000] {processor.py:161} INFO - Started process (PID=336) to work on /opt/airflow/dags/dag_with_cross_expression.py
[2024-07-01T15:52:34.503+0000] {processor.py:830} INFO - Processing file /opt/airflow/dags/dag_with_cross_expression.py for tasks to queue
[2024-07-01T15:52:34.504+0000] {logging_mixin.py:188} INFO - [2024-07-01T15:52:34.504+0000] {dagbag.py:545} INFO - Filling up the DagBag from /opt/airflow/dags/dag_with_cross_expression.py
[2024-07-01T15:52:34.511+0000] {processor.py:840} INFO - DAG(s) 'dag_with_cross_expression_v03' retrieved from /opt/airflow/dags/dag_with_cross_expression.py
[2024-07-01T15:52:34.529+0000] {logging_mixin.py:188} INFO - [2024-07-01T15:52:34.529+0000] {dag.py:3096} INFO - Sync 1 DAGs
[2024-07-01T15:52:34.548+0000] {logging_mixin.py:188} INFO - [2024-07-01T15:52:34.548+0000] {dag.py:3954} INFO - Setting next_dagrun for dag_with_cross_expression_v03 to 2024-06-25 03:00:00+00:00, run_after=2024-06-26 03:00:00+00:00
[2024-07-01T15:52:34.571+0000] {processor.py:183} INFO - Processing /opt/airflow/dags/dag_with_cross_expression.py took 0.078 seconds
[2024-07-01T15:53:05.034+0000] {processor.py:161} INFO - Started process (PID=387) to work on /opt/airflow/dags/dag_with_cross_expression.py
[2024-07-01T15:53:05.035+0000] {processor.py:830} INFO - Processing file /opt/airflow/dags/dag_with_cross_expression.py for tasks to queue
[2024-07-01T15:53:05.036+0000] {logging_mixin.py:188} INFO - [2024-07-01T15:53:05.036+0000] {dagbag.py:545} INFO - Filling up the DagBag from /opt/airflow/dags/dag_with_cross_expression.py
[2024-07-01T15:53:05.043+0000] {processor.py:840} INFO - DAG(s) 'dag_with_cross_expression_v03' retrieved from /opt/airflow/dags/dag_with_cross_expression.py
[2024-07-01T15:53:05.061+0000] {logging_mixin.py:188} INFO - [2024-07-01T15:53:05.061+0000] {dag.py:3096} INFO - Sync 1 DAGs
[2024-07-01T15:53:05.080+0000] {logging_mixin.py:188} INFO - [2024-07-01T15:53:05.080+0000] {dag.py:3954} INFO - Setting next_dagrun for dag_with_cross_expression_v03 to 2024-06-25 03:00:00+00:00, run_after=2024-06-26 03:00:00+00:00
[2024-07-01T15:53:05.104+0000] {processor.py:183} INFO - Processing /opt/airflow/dags/dag_with_cross_expression.py took 0.078 seconds
[2024-07-01T15:53:35.655+0000] {processor.py:161} INFO - Started process (PID=438) to work on /opt/airflow/dags/dag_with_cross_expression.py
[2024-07-01T15:53:35.655+0000] {processor.py:830} INFO - Processing file /opt/airflow/dags/dag_with_cross_expression.py for tasks to queue
[2024-07-01T15:53:35.657+0000] {logging_mixin.py:188} INFO - [2024-07-01T15:53:35.657+0000] {dagbag.py:545} INFO - Filling up the DagBag from /opt/airflow/dags/dag_with_cross_expression.py
[2024-07-01T15:53:35.663+0000] {processor.py:840} INFO - DAG(s) 'dag_with_cross_expression_v03' retrieved from /opt/airflow/dags/dag_with_cross_expression.py
[2024-07-01T15:53:35.681+0000] {logging_mixin.py:188} INFO - [2024-07-01T15:53:35.681+0000] {dag.py:3096} INFO - Sync 1 DAGs
[2024-07-01T15:53:35.700+0000] {logging_mixin.py:188} INFO - [2024-07-01T15:53:35.700+0000] {dag.py:3954} INFO - Setting next_dagrun for dag_with_cross_expression_v03 to 2024-06-25 03:00:00+00:00, run_after=2024-06-26 03:00:00+00:00
[2024-07-01T15:53:35.718+0000] {processor.py:183} INFO - Processing /opt/airflow/dags/dag_with_cross_expression.py took 0.071 seconds
[2024-07-01T15:54:06.260+0000] {processor.py:161} INFO - Started process (PID=489) to work on /opt/airflow/dags/dag_with_cross_expression.py
[2024-07-01T15:54:06.261+0000] {processor.py:830} INFO - Processing file /opt/airflow/dags/dag_with_cross_expression.py for tasks to queue
[2024-07-01T15:54:06.262+0000] {logging_mixin.py:188} INFO - [2024-07-01T15:54:06.262+0000] {dagbag.py:545} INFO - Filling up the DagBag from /opt/airflow/dags/dag_with_cross_expression.py
[2024-07-01T15:54:06.268+0000] {processor.py:840} INFO - DAG(s) 'dag_with_cross_expression_v03' retrieved from /opt/airflow/dags/dag_with_cross_expression.py
[2024-07-01T15:54:06.287+0000] {logging_mixin.py:188} INFO - [2024-07-01T15:54:06.287+0000] {dag.py:3096} INFO - Sync 1 DAGs
[2024-07-01T15:54:06.305+0000] {logging_mixin.py:188} INFO - [2024-07-01T15:54:06.305+0000] {dag.py:3954} INFO - Setting next_dagrun for dag_with_cross_expression_v03 to 2024-06-25 03:00:00+00:00, run_after=2024-06-26 03:00:00+00:00
[2024-07-01T15:54:06.328+0000] {processor.py:183} INFO - Processing /opt/airflow/dags/dag_with_cross_expression.py took 0.076 seconds
[2024-07-01T15:54:36.859+0000] {processor.py:161} INFO - Started process (PID=540) to work on /opt/airflow/dags/dag_with_cross_expression.py
[2024-07-01T15:54:36.860+0000] {processor.py:830} INFO - Processing file /opt/airflow/dags/dag_with_cross_expression.py for tasks to queue
[2024-07-01T15:54:36.862+0000] {logging_mixin.py:188} INFO - [2024-07-01T15:54:36.861+0000] {dagbag.py:545} INFO - Filling up the DagBag from /opt/airflow/dags/dag_with_cross_expression.py
[2024-07-01T15:54:36.869+0000] {processor.py:840} INFO - DAG(s) 'dag_with_cross_expression_v03' retrieved from /opt/airflow/dags/dag_with_cross_expression.py
[2024-07-01T15:54:36.886+0000] {logging_mixin.py:188} INFO - [2024-07-01T15:54:36.886+0000] {dag.py:3096} INFO - Sync 1 DAGs
[2024-07-01T15:54:36.906+0000] {logging_mixin.py:188} INFO - [2024-07-01T15:54:36.906+0000] {dag.py:3954} INFO - Setting next_dagrun for dag_with_cross_expression_v03 to 2024-06-25 03:00:00+00:00, run_after=2024-06-26 03:00:00+00:00
[2024-07-01T15:54:36.924+0000] {processor.py:183} INFO - Processing /opt/airflow/dags/dag_with_cross_expression.py took 0.073 seconds
[2024-07-01T15:55:07.490+0000] {processor.py:161} INFO - Started process (PID=591) to work on /opt/airflow/dags/dag_with_cross_expression.py
[2024-07-01T15:55:07.491+0000] {processor.py:830} INFO - Processing file /opt/airflow/dags/dag_with_cross_expression.py for tasks to queue
[2024-07-01T15:55:07.493+0000] {logging_mixin.py:188} INFO - [2024-07-01T15:55:07.493+0000] {dagbag.py:545} INFO - Filling up the DagBag from /opt/airflow/dags/dag_with_cross_expression.py
[2024-07-01T15:55:07.502+0000] {processor.py:840} INFO - DAG(s) 'dag_with_cross_expression_v03' retrieved from /opt/airflow/dags/dag_with_cross_expression.py
[2024-07-01T15:55:07.526+0000] {logging_mixin.py:188} INFO - [2024-07-01T15:55:07.525+0000] {dag.py:3096} INFO - Sync 1 DAGs
[2024-07-01T15:55:07.549+0000] {logging_mixin.py:188} INFO - [2024-07-01T15:55:07.549+0000] {dag.py:3954} INFO - Setting next_dagrun for dag_with_cross_expression_v03 to 2024-06-25 03:00:00+00:00, run_after=2024-06-26 03:00:00+00:00
[2024-07-01T15:55:07.571+0000] {processor.py:183} INFO - Processing /opt/airflow/dags/dag_with_cross_expression.py took 0.089 seconds
[2024-07-01T15:55:38.060+0000] {processor.py:161} INFO - Started process (PID=642) to work on /opt/airflow/dags/dag_with_cross_expression.py
[2024-07-01T15:55:38.061+0000] {processor.py:830} INFO - Processing file /opt/airflow/dags/dag_with_cross_expression.py for tasks to queue
[2024-07-01T15:55:38.062+0000] {logging_mixin.py:188} INFO - [2024-07-01T15:55:38.062+0000] {dagbag.py:545} INFO - Filling up the DagBag from /opt/airflow/dags/dag_with_cross_expression.py
[2024-07-01T15:55:38.069+0000] {processor.py:840} INFO - DAG(s) 'dag_with_cross_expression_v03' retrieved from /opt/airflow/dags/dag_with_cross_expression.py
[2024-07-01T15:55:38.087+0000] {logging_mixin.py:188} INFO - [2024-07-01T15:55:38.087+0000] {dag.py:3096} INFO - Sync 1 DAGs
[2024-07-01T15:55:38.106+0000] {logging_mixin.py:188} INFO - [2024-07-01T15:55:38.105+0000] {dag.py:3954} INFO - Setting next_dagrun for dag_with_cross_expression_v03 to 2024-06-25 03:00:00+00:00, run_after=2024-06-26 03:00:00+00:00
[2024-07-01T15:55:38.129+0000] {processor.py:183} INFO - Processing /opt/airflow/dags/dag_with_cross_expression.py took 0.077 seconds
[2024-07-01T15:56:08.725+0000] {processor.py:161} INFO - Started process (PID=693) to work on /opt/airflow/dags/dag_with_cross_expression.py
[2024-07-01T15:56:08.726+0000] {processor.py:830} INFO - Processing file /opt/airflow/dags/dag_with_cross_expression.py for tasks to queue
[2024-07-01T15:56:08.727+0000] {logging_mixin.py:188} INFO - [2024-07-01T15:56:08.727+0000] {dagbag.py:545} INFO - Filling up the DagBag from /opt/airflow/dags/dag_with_cross_expression.py
[2024-07-01T15:56:08.734+0000] {processor.py:840} INFO - DAG(s) 'dag_with_cross_expression_v03' retrieved from /opt/airflow/dags/dag_with_cross_expression.py
[2024-07-01T15:56:08.753+0000] {logging_mixin.py:188} INFO - [2024-07-01T15:56:08.753+0000] {dag.py:3096} INFO - Sync 1 DAGs
[2024-07-01T15:56:08.773+0000] {logging_mixin.py:188} INFO - [2024-07-01T15:56:08.773+0000] {dag.py:3954} INFO - Setting next_dagrun for dag_with_cross_expression_v03 to 2024-06-25 03:00:00+00:00, run_after=2024-06-26 03:00:00+00:00
[2024-07-01T15:56:08.796+0000] {processor.py:183} INFO - Processing /opt/airflow/dags/dag_with_cross_expression.py took 0.080 seconds
[2024-07-01T15:56:39.306+0000] {processor.py:161} INFO - Started process (PID=744) to work on /opt/airflow/dags/dag_with_cross_expression.py
[2024-07-01T15:56:39.307+0000] {processor.py:830} INFO - Processing file /opt/airflow/dags/dag_with_cross_expression.py for tasks to queue
[2024-07-01T15:56:39.309+0000] {logging_mixin.py:188} INFO - [2024-07-01T15:56:39.308+0000] {dagbag.py:545} INFO - Filling up the DagBag from /opt/airflow/dags/dag_with_cross_expression.py
[2024-07-01T15:56:39.317+0000] {processor.py:840} INFO - DAG(s) 'dag_with_cross_expression_v03' retrieved from /opt/airflow/dags/dag_with_cross_expression.py
[2024-07-01T15:56:39.338+0000] {logging_mixin.py:188} INFO - [2024-07-01T15:56:39.337+0000] {dag.py:3096} INFO - Sync 1 DAGs
[2024-07-01T15:56:39.359+0000] {logging_mixin.py:188} INFO - [2024-07-01T15:56:39.359+0000] {dag.py:3954} INFO - Setting next_dagrun for dag_with_cross_expression_v03 to 2024-06-25 03:00:00+00:00, run_after=2024-06-26 03:00:00+00:00
[2024-07-01T15:56:39.386+0000] {processor.py:183} INFO - Processing /opt/airflow/dags/dag_with_cross_expression.py took 0.089 seconds
