[2024-07-01T15:51:02.145+0000] {processor.py:161} INFO - Started process (PID=180) to work on /opt/airflow/dags/dag_with_postgres_operator.py
[2024-07-01T15:51:02.145+0000] {processor.py:830} INFO - Processing file /opt/airflow/dags/dag_with_postgres_operator.py for tasks to queue
[2024-07-01T15:51:02.146+0000] {logging_mixin.py:188} INFO - [2024-07-01T15:51:02.146+0000] {dagbag.py:545} INFO - Filling up the DagBag from /opt/airflow/dags/dag_with_postgres_operator.py
[2024-07-01T15:51:02.154+0000] {processor.py:840} INFO - DAG(s) 'dag_with_postgres_operator_v03' retrieved from /opt/airflow/dags/dag_with_postgres_operator.py
[2024-07-01T15:51:02.256+0000] {logging_mixin.py:188} INFO - [2024-07-01T15:51:02.255+0000] {override.py:1829} INFO - Created Permission View: can edit on DAG:dag_with_postgres_operator_v03
[2024-07-01T15:51:02.267+0000] {logging_mixin.py:188} INFO - [2024-07-01T15:51:02.267+0000] {override.py:1829} INFO - Created Permission View: can delete on DAG:dag_with_postgres_operator_v03
[2024-07-01T15:51:02.275+0000] {logging_mixin.py:188} INFO - [2024-07-01T15:51:02.275+0000] {override.py:1829} INFO - Created Permission View: can read on DAG:dag_with_postgres_operator_v03
[2024-07-01T15:51:02.276+0000] {logging_mixin.py:188} INFO - [2024-07-01T15:51:02.275+0000] {dag.py:3096} INFO - Sync 1 DAGs
[2024-07-01T15:51:02.288+0000] {logging_mixin.py:188} INFO - [2024-07-01T15:51:02.288+0000] {dag.py:3118} INFO - Creating ORM DAG for dag_with_postgres_operator_v03
[2024-07-01T15:51:02.302+0000] {logging_mixin.py:188} INFO - [2024-07-01T15:51:02.302+0000] {dag.py:3954} INFO - Setting next_dagrun for dag_with_postgres_operator_v03 to 2024-06-30 00:00:00+00:00, run_after=2024-07-01 00:00:00+00:00
[2024-07-01T15:51:02.319+0000] {processor.py:183} INFO - Processing /opt/airflow/dags/dag_with_postgres_operator.py took 0.186 seconds
[2024-07-01T15:51:33.223+0000] {processor.py:161} INFO - Started process (PID=231) to work on /opt/airflow/dags/dag_with_postgres_operator.py
[2024-07-01T15:51:33.225+0000] {processor.py:830} INFO - Processing file /opt/airflow/dags/dag_with_postgres_operator.py for tasks to queue
[2024-07-01T15:51:33.228+0000] {logging_mixin.py:188} INFO - [2024-07-01T15:51:33.227+0000] {dagbag.py:545} INFO - Filling up the DagBag from /opt/airflow/dags/dag_with_postgres_operator.py
[2024-07-01T15:51:33.239+0000] {processor.py:840} INFO - DAG(s) 'dag_with_postgres_operator_v03' retrieved from /opt/airflow/dags/dag_with_postgres_operator.py
[2024-07-01T15:51:33.271+0000] {logging_mixin.py:188} INFO - [2024-07-01T15:51:33.271+0000] {dag.py:3096} INFO - Sync 1 DAGs
[2024-07-01T15:51:33.303+0000] {logging_mixin.py:188} INFO - [2024-07-01T15:51:33.303+0000] {dag.py:3954} INFO - Setting next_dagrun for dag_with_postgres_operator_v03 to 2024-06-30 00:00:00+00:00, run_after=2024-07-01 00:00:00+00:00
[2024-07-01T15:51:33.334+0000] {processor.py:183} INFO - Processing /opt/airflow/dags/dag_with_postgres_operator.py took 0.123 seconds
[2024-07-01T15:52:03.889+0000] {processor.py:161} INFO - Started process (PID=282) to work on /opt/airflow/dags/dag_with_postgres_operator.py
[2024-07-01T15:52:03.891+0000] {processor.py:830} INFO - Processing file /opt/airflow/dags/dag_with_postgres_operator.py for tasks to queue
[2024-07-01T15:52:03.892+0000] {logging_mixin.py:188} INFO - [2024-07-01T15:52:03.892+0000] {dagbag.py:545} INFO - Filling up the DagBag from /opt/airflow/dags/dag_with_postgres_operator.py
[2024-07-01T15:52:03.902+0000] {processor.py:840} INFO - DAG(s) 'dag_with_postgres_operator_v03' retrieved from /opt/airflow/dags/dag_with_postgres_operator.py
[2024-07-01T15:52:03.923+0000] {logging_mixin.py:188} INFO - [2024-07-01T15:52:03.923+0000] {dag.py:3096} INFO - Sync 1 DAGs
[2024-07-01T15:52:03.944+0000] {logging_mixin.py:188} INFO - [2024-07-01T15:52:03.944+0000] {dag.py:3954} INFO - Setting next_dagrun for dag_with_postgres_operator_v03 to 2024-06-30 00:00:00+00:00, run_after=2024-07-01 00:00:00+00:00
[2024-07-01T15:52:03.962+0000] {processor.py:183} INFO - Processing /opt/airflow/dags/dag_with_postgres_operator.py took 0.083 seconds
[2024-07-01T15:52:34.498+0000] {processor.py:161} INFO - Started process (PID=333) to work on /opt/airflow/dags/dag_with_postgres_operator.py
[2024-07-01T15:52:34.500+0000] {processor.py:830} INFO - Processing file /opt/airflow/dags/dag_with_postgres_operator.py for tasks to queue
[2024-07-01T15:52:34.502+0000] {logging_mixin.py:188} INFO - [2024-07-01T15:52:34.501+0000] {dagbag.py:545} INFO - Filling up the DagBag from /opt/airflow/dags/dag_with_postgres_operator.py
[2024-07-01T15:52:34.510+0000] {processor.py:840} INFO - DAG(s) 'dag_with_postgres_operator_v03' retrieved from /opt/airflow/dags/dag_with_postgres_operator.py
[2024-07-01T15:52:34.530+0000] {logging_mixin.py:188} INFO - [2024-07-01T15:52:34.529+0000] {dag.py:3096} INFO - Sync 1 DAGs
[2024-07-01T15:52:34.548+0000] {logging_mixin.py:188} INFO - [2024-07-01T15:52:34.548+0000] {dag.py:3954} INFO - Setting next_dagrun for dag_with_postgres_operator_v03 to 2024-06-30 00:00:00+00:00, run_after=2024-07-01 00:00:00+00:00
[2024-07-01T15:52:34.567+0000] {processor.py:183} INFO - Processing /opt/airflow/dags/dag_with_postgres_operator.py took 0.080 seconds
[2024-07-01T15:53:05.030+0000] {processor.py:161} INFO - Started process (PID=384) to work on /opt/airflow/dags/dag_with_postgres_operator.py
[2024-07-01T15:53:05.032+0000] {processor.py:830} INFO - Processing file /opt/airflow/dags/dag_with_postgres_operator.py for tasks to queue
[2024-07-01T15:53:05.033+0000] {logging_mixin.py:188} INFO - [2024-07-01T15:53:05.033+0000] {dagbag.py:545} INFO - Filling up the DagBag from /opt/airflow/dags/dag_with_postgres_operator.py
[2024-07-01T15:53:05.042+0000] {processor.py:840} INFO - DAG(s) 'dag_with_postgres_operator_v03' retrieved from /opt/airflow/dags/dag_with_postgres_operator.py
[2024-07-01T15:53:05.062+0000] {logging_mixin.py:188} INFO - [2024-07-01T15:53:05.062+0000] {dag.py:3096} INFO - Sync 1 DAGs
[2024-07-01T15:53:05.080+0000] {logging_mixin.py:188} INFO - [2024-07-01T15:53:05.080+0000] {dag.py:3954} INFO - Setting next_dagrun for dag_with_postgres_operator_v03 to 2024-06-30 00:00:00+00:00, run_after=2024-07-01 00:00:00+00:00
[2024-07-01T15:53:05.099+0000] {processor.py:183} INFO - Processing /opt/airflow/dags/dag_with_postgres_operator.py took 0.078 seconds
[2024-07-01T15:53:35.650+0000] {processor.py:161} INFO - Started process (PID=435) to work on /opt/airflow/dags/dag_with_postgres_operator.py
[2024-07-01T15:53:35.652+0000] {processor.py:830} INFO - Processing file /opt/airflow/dags/dag_with_postgres_operator.py for tasks to queue
[2024-07-01T15:53:35.654+0000] {logging_mixin.py:188} INFO - [2024-07-01T15:53:35.654+0000] {dagbag.py:545} INFO - Filling up the DagBag from /opt/airflow/dags/dag_with_postgres_operator.py
[2024-07-01T15:53:35.662+0000] {processor.py:840} INFO - DAG(s) 'dag_with_postgres_operator_v03' retrieved from /opt/airflow/dags/dag_with_postgres_operator.py
[2024-07-01T15:53:35.681+0000] {logging_mixin.py:188} INFO - [2024-07-01T15:53:35.681+0000] {dag.py:3096} INFO - Sync 1 DAGs
[2024-07-01T15:53:35.700+0000] {logging_mixin.py:188} INFO - [2024-07-01T15:53:35.700+0000] {dag.py:3954} INFO - Setting next_dagrun for dag_with_postgres_operator_v03 to 2024-06-30 00:00:00+00:00, run_after=2024-07-01 00:00:00+00:00
[2024-07-01T15:53:35.722+0000] {processor.py:183} INFO - Processing /opt/airflow/dags/dag_with_postgres_operator.py took 0.081 seconds
[2024-07-01T15:54:06.257+0000] {processor.py:161} INFO - Started process (PID=486) to work on /opt/airflow/dags/dag_with_postgres_operator.py
[2024-07-01T15:54:06.259+0000] {processor.py:830} INFO - Processing file /opt/airflow/dags/dag_with_postgres_operator.py for tasks to queue
[2024-07-01T15:54:06.260+0000] {logging_mixin.py:188} INFO - [2024-07-01T15:54:06.260+0000] {dagbag.py:545} INFO - Filling up the DagBag from /opt/airflow/dags/dag_with_postgres_operator.py
[2024-07-01T15:54:06.268+0000] {processor.py:840} INFO - DAG(s) 'dag_with_postgres_operator_v03' retrieved from /opt/airflow/dags/dag_with_postgres_operator.py
[2024-07-01T15:54:06.287+0000] {logging_mixin.py:188} INFO - [2024-07-01T15:54:06.287+0000] {dag.py:3096} INFO - Sync 1 DAGs
[2024-07-01T15:54:06.305+0000] {logging_mixin.py:188} INFO - [2024-07-01T15:54:06.305+0000] {dag.py:3954} INFO - Setting next_dagrun for dag_with_postgres_operator_v03 to 2024-06-30 00:00:00+00:00, run_after=2024-07-01 00:00:00+00:00
[2024-07-01T15:54:06.323+0000] {processor.py:183} INFO - Processing /opt/airflow/dags/dag_with_postgres_operator.py took 0.075 seconds
[2024-07-01T15:54:36.855+0000] {processor.py:161} INFO - Started process (PID=537) to work on /opt/airflow/dags/dag_with_postgres_operator.py
[2024-07-01T15:54:36.856+0000] {processor.py:830} INFO - Processing file /opt/airflow/dags/dag_with_postgres_operator.py for tasks to queue
[2024-07-01T15:54:36.858+0000] {logging_mixin.py:188} INFO - [2024-07-01T15:54:36.858+0000] {dagbag.py:545} INFO - Filling up the DagBag from /opt/airflow/dags/dag_with_postgres_operator.py
[2024-07-01T15:54:36.866+0000] {processor.py:840} INFO - DAG(s) 'dag_with_postgres_operator_v03' retrieved from /opt/airflow/dags/dag_with_postgres_operator.py
[2024-07-01T15:54:36.886+0000] {logging_mixin.py:188} INFO - [2024-07-01T15:54:36.886+0000] {dag.py:3096} INFO - Sync 1 DAGs
[2024-07-01T15:54:36.906+0000] {logging_mixin.py:188} INFO - [2024-07-01T15:54:36.906+0000] {dag.py:3954} INFO - Setting next_dagrun for dag_with_postgres_operator_v03 to 2024-06-30 00:00:00+00:00, run_after=2024-07-01 00:00:00+00:00
[2024-07-01T15:54:36.924+0000] {processor.py:183} INFO - Processing /opt/airflow/dags/dag_with_postgres_operator.py took 0.079 seconds
[2024-07-01T15:55:07.485+0000] {processor.py:161} INFO - Started process (PID=588) to work on /opt/airflow/dags/dag_with_postgres_operator.py
[2024-07-01T15:55:07.488+0000] {processor.py:830} INFO - Processing file /opt/airflow/dags/dag_with_postgres_operator.py for tasks to queue
[2024-07-01T15:55:07.489+0000] {logging_mixin.py:188} INFO - [2024-07-01T15:55:07.489+0000] {dagbag.py:545} INFO - Filling up the DagBag from /opt/airflow/dags/dag_with_postgres_operator.py
[2024-07-01T15:55:07.499+0000] {processor.py:840} INFO - DAG(s) 'dag_with_postgres_operator_v03' retrieved from /opt/airflow/dags/dag_with_postgres_operator.py
[2024-07-01T15:55:07.526+0000] {logging_mixin.py:188} INFO - [2024-07-01T15:55:07.525+0000] {dag.py:3096} INFO - Sync 1 DAGs
[2024-07-01T15:55:07.549+0000] {logging_mixin.py:188} INFO - [2024-07-01T15:55:07.549+0000] {dag.py:3954} INFO - Setting next_dagrun for dag_with_postgres_operator_v03 to 2024-06-30 00:00:00+00:00, run_after=2024-07-01 00:00:00+00:00
[2024-07-01T15:55:07.581+0000] {processor.py:183} INFO - Processing /opt/airflow/dags/dag_with_postgres_operator.py took 0.106 seconds
[2024-07-01T15:55:38.056+0000] {processor.py:161} INFO - Started process (PID=639) to work on /opt/airflow/dags/dag_with_postgres_operator.py
[2024-07-01T15:55:38.058+0000] {processor.py:830} INFO - Processing file /opt/airflow/dags/dag_with_postgres_operator.py for tasks to queue
[2024-07-01T15:55:38.060+0000] {logging_mixin.py:188} INFO - [2024-07-01T15:55:38.060+0000] {dagbag.py:545} INFO - Filling up the DagBag from /opt/airflow/dags/dag_with_postgres_operator.py
[2024-07-01T15:55:38.068+0000] {processor.py:840} INFO - DAG(s) 'dag_with_postgres_operator_v03' retrieved from /opt/airflow/dags/dag_with_postgres_operator.py
[2024-07-01T15:55:38.088+0000] {logging_mixin.py:188} INFO - [2024-07-01T15:55:38.087+0000] {dag.py:3096} INFO - Sync 1 DAGs
[2024-07-01T15:55:38.105+0000] {logging_mixin.py:188} INFO - [2024-07-01T15:55:38.105+0000] {dag.py:3954} INFO - Setting next_dagrun for dag_with_postgres_operator_v03 to 2024-06-30 00:00:00+00:00, run_after=2024-07-01 00:00:00+00:00
[2024-07-01T15:55:38.125+0000] {processor.py:183} INFO - Processing /opt/airflow/dags/dag_with_postgres_operator.py took 0.078 seconds
[2024-07-01T15:56:08.722+0000] {processor.py:161} INFO - Started process (PID=690) to work on /opt/airflow/dags/dag_with_postgres_operator.py
[2024-07-01T15:56:08.723+0000] {processor.py:830} INFO - Processing file /opt/airflow/dags/dag_with_postgres_operator.py for tasks to queue
[2024-07-01T15:56:08.724+0000] {logging_mixin.py:188} INFO - [2024-07-01T15:56:08.724+0000] {dagbag.py:545} INFO - Filling up the DagBag from /opt/airflow/dags/dag_with_postgres_operator.py
[2024-07-01T15:56:08.733+0000] {processor.py:840} INFO - DAG(s) 'dag_with_postgres_operator_v03' retrieved from /opt/airflow/dags/dag_with_postgres_operator.py
[2024-07-01T15:56:08.753+0000] {logging_mixin.py:188} INFO - [2024-07-01T15:56:08.753+0000] {dag.py:3096} INFO - Sync 1 DAGs
[2024-07-01T15:56:08.773+0000] {logging_mixin.py:188} INFO - [2024-07-01T15:56:08.772+0000] {dag.py:3954} INFO - Setting next_dagrun for dag_with_postgres_operator_v03 to 2024-06-30 00:00:00+00:00, run_after=2024-07-01 00:00:00+00:00
[2024-07-01T15:56:08.792+0000] {processor.py:183} INFO - Processing /opt/airflow/dags/dag_with_postgres_operator.py took 0.080 seconds
[2024-07-01T15:56:39.302+0000] {processor.py:161} INFO - Started process (PID=741) to work on /opt/airflow/dags/dag_with_postgres_operator.py
[2024-07-01T15:56:39.303+0000] {processor.py:830} INFO - Processing file /opt/airflow/dags/dag_with_postgres_operator.py for tasks to queue
[2024-07-01T15:56:39.304+0000] {logging_mixin.py:188} INFO - [2024-07-01T15:56:39.304+0000] {dagbag.py:545} INFO - Filling up the DagBag from /opt/airflow/dags/dag_with_postgres_operator.py
[2024-07-01T15:56:39.314+0000] {processor.py:840} INFO - DAG(s) 'dag_with_postgres_operator_v03' retrieved from /opt/airflow/dags/dag_with_postgres_operator.py
[2024-07-01T15:56:39.338+0000] {logging_mixin.py:188} INFO - [2024-07-01T15:56:39.337+0000] {dag.py:3096} INFO - Sync 1 DAGs
[2024-07-01T15:56:39.359+0000] {logging_mixin.py:188} INFO - [2024-07-01T15:56:39.359+0000] {dag.py:3954} INFO - Setting next_dagrun for dag_with_postgres_operator_v03 to 2024-06-30 00:00:00+00:00, run_after=2024-07-01 00:00:00+00:00
[2024-07-01T15:56:39.382+0000] {processor.py:183} INFO - Processing /opt/airflow/dags/dag_with_postgres_operator.py took 0.091 seconds
