[2024-07-01T15:51:02.365+0000] {processor.py:161} INFO - Started process (PID=188) to work on /opt/airflow/dags/dag_with_catchup_and_backfill.py
[2024-07-01T15:51:02.365+0000] {processor.py:830} INFO - Processing file /opt/airflow/dags/dag_with_catchup_and_backfill.py for tasks to queue
[2024-07-01T15:51:02.366+0000] {logging_mixin.py:188} INFO - [2024-07-01T15:51:02.366+0000] {dagbag.py:545} INFO - Filling up the DagBag from /opt/airflow/dags/dag_with_catchup_and_backfill.py
[2024-07-01T15:51:02.374+0000] {processor.py:840} INFO - DAG(s) 'dag_with_catchup_and_backfill_v03' retrieved from /opt/airflow/dags/dag_with_catchup_and_backfill.py
[2024-07-01T15:51:02.476+0000] {logging_mixin.py:188} INFO - [2024-07-01T15:51:02.475+0000] {override.py:1829} INFO - Created Permission View: can edit on DAG:dag_with_catchup_and_backfill_v03
[2024-07-01T15:51:02.486+0000] {logging_mixin.py:188} INFO - [2024-07-01T15:51:02.486+0000] {override.py:1829} INFO - Created Permission View: can delete on DAG:dag_with_catchup_and_backfill_v03
[2024-07-01T15:51:02.494+0000] {logging_mixin.py:188} INFO - [2024-07-01T15:51:02.493+0000] {override.py:1829} INFO - Created Permission View: can read on DAG:dag_with_catchup_and_backfill_v03
[2024-07-01T15:51:02.494+0000] {logging_mixin.py:188} INFO - [2024-07-01T15:51:02.494+0000] {dag.py:3096} INFO - Sync 1 DAGs
[2024-07-01T15:51:02.505+0000] {logging_mixin.py:188} INFO - [2024-07-01T15:51:02.505+0000] {dag.py:3118} INFO - Creating ORM DAG for dag_with_catchup_and_backfill_v03
[2024-07-01T15:51:02.515+0000] {logging_mixin.py:188} INFO - [2024-07-01T15:51:02.515+0000] {dag.py:3954} INFO - Setting next_dagrun for dag_with_catchup_and_backfill_v03 to 2024-06-30 00:00:00+00:00, run_after=2024-07-01 00:00:00+00:00
[2024-07-01T15:51:02.531+0000] {processor.py:183} INFO - Processing /opt/airflow/dags/dag_with_catchup_and_backfill.py took 0.178 seconds
[2024-07-01T15:51:33.371+0000] {processor.py:161} INFO - Started process (PID=241) to work on /opt/airflow/dags/dag_with_catchup_and_backfill.py
[2024-07-01T15:51:33.372+0000] {processor.py:830} INFO - Processing file /opt/airflow/dags/dag_with_catchup_and_backfill.py for tasks to queue
[2024-07-01T15:51:33.375+0000] {logging_mixin.py:188} INFO - [2024-07-01T15:51:33.374+0000] {dagbag.py:545} INFO - Filling up the DagBag from /opt/airflow/dags/dag_with_catchup_and_backfill.py
[2024-07-01T15:51:33.386+0000] {processor.py:840} INFO - DAG(s) 'dag_with_catchup_and_backfill_v03' retrieved from /opt/airflow/dags/dag_with_catchup_and_backfill.py
[2024-07-01T15:51:33.413+0000] {logging_mixin.py:188} INFO - [2024-07-01T15:51:33.412+0000] {dag.py:3096} INFO - Sync 1 DAGs
[2024-07-01T15:51:33.442+0000] {logging_mixin.py:188} INFO - [2024-07-01T15:51:33.442+0000] {dag.py:3954} INFO - Setting next_dagrun for dag_with_catchup_and_backfill_v03 to 2024-06-30 00:00:00+00:00, run_after=2024-07-01 00:00:00+00:00
[2024-07-01T15:51:33.469+0000] {processor.py:183} INFO - Processing /opt/airflow/dags/dag_with_catchup_and_backfill.py took 0.111 seconds
[2024-07-01T15:52:03.988+0000] {processor.py:161} INFO - Started process (PID=292) to work on /opt/airflow/dags/dag_with_catchup_and_backfill.py
[2024-07-01T15:52:03.989+0000] {processor.py:830} INFO - Processing file /opt/airflow/dags/dag_with_catchup_and_backfill.py for tasks to queue
[2024-07-01T15:52:03.990+0000] {logging_mixin.py:188} INFO - [2024-07-01T15:52:03.990+0000] {dagbag.py:545} INFO - Filling up the DagBag from /opt/airflow/dags/dag_with_catchup_and_backfill.py
[2024-07-01T15:52:03.998+0000] {processor.py:840} INFO - DAG(s) 'dag_with_catchup_and_backfill_v03' retrieved from /opt/airflow/dags/dag_with_catchup_and_backfill.py
[2024-07-01T15:52:04.016+0000] {logging_mixin.py:188} INFO - [2024-07-01T15:52:04.016+0000] {dag.py:3096} INFO - Sync 1 DAGs
[2024-07-01T15:52:04.035+0000] {logging_mixin.py:188} INFO - [2024-07-01T15:52:04.035+0000] {dag.py:3954} INFO - Setting next_dagrun for dag_with_catchup_and_backfill_v03 to 2024-06-30 00:00:00+00:00, run_after=2024-07-01 00:00:00+00:00
[2024-07-01T15:52:04.053+0000] {processor.py:183} INFO - Processing /opt/airflow/dags/dag_with_catchup_and_backfill.py took 0.074 seconds
[2024-07-01T15:52:34.592+0000] {processor.py:161} INFO - Started process (PID=343) to work on /opt/airflow/dags/dag_with_catchup_and_backfill.py
[2024-07-01T15:52:34.593+0000] {processor.py:830} INFO - Processing file /opt/airflow/dags/dag_with_catchup_and_backfill.py for tasks to queue
[2024-07-01T15:52:34.595+0000] {logging_mixin.py:188} INFO - [2024-07-01T15:52:34.594+0000] {dagbag.py:545} INFO - Filling up the DagBag from /opt/airflow/dags/dag_with_catchup_and_backfill.py
[2024-07-01T15:52:34.602+0000] {processor.py:840} INFO - DAG(s) 'dag_with_catchup_and_backfill_v03' retrieved from /opt/airflow/dags/dag_with_catchup_and_backfill.py
[2024-07-01T15:52:34.622+0000] {logging_mixin.py:188} INFO - [2024-07-01T15:52:34.622+0000] {dag.py:3096} INFO - Sync 1 DAGs
[2024-07-01T15:52:34.641+0000] {logging_mixin.py:188} INFO - [2024-07-01T15:52:34.641+0000] {dag.py:3954} INFO - Setting next_dagrun for dag_with_catchup_and_backfill_v03 to 2024-06-30 00:00:00+00:00, run_after=2024-07-01 00:00:00+00:00
[2024-07-01T15:52:34.659+0000] {processor.py:183} INFO - Processing /opt/airflow/dags/dag_with_catchup_and_backfill.py took 0.075 seconds
[2024-07-01T15:53:05.126+0000] {processor.py:161} INFO - Started process (PID=394) to work on /opt/airflow/dags/dag_with_catchup_and_backfill.py
[2024-07-01T15:53:05.127+0000] {processor.py:830} INFO - Processing file /opt/airflow/dags/dag_with_catchup_and_backfill.py for tasks to queue
[2024-07-01T15:53:05.128+0000] {logging_mixin.py:188} INFO - [2024-07-01T15:53:05.128+0000] {dagbag.py:545} INFO - Filling up the DagBag from /opt/airflow/dags/dag_with_catchup_and_backfill.py
[2024-07-01T15:53:05.136+0000] {processor.py:840} INFO - DAG(s) 'dag_with_catchup_and_backfill_v03' retrieved from /opt/airflow/dags/dag_with_catchup_and_backfill.py
[2024-07-01T15:53:05.156+0000] {logging_mixin.py:188} INFO - [2024-07-01T15:53:05.156+0000] {dag.py:3096} INFO - Sync 1 DAGs
[2024-07-01T15:53:05.177+0000] {logging_mixin.py:188} INFO - [2024-07-01T15:53:05.177+0000] {dag.py:3954} INFO - Setting next_dagrun for dag_with_catchup_and_backfill_v03 to 2024-06-30 00:00:00+00:00, run_after=2024-07-01 00:00:00+00:00
[2024-07-01T15:53:05.196+0000] {processor.py:183} INFO - Processing /opt/airflow/dags/dag_with_catchup_and_backfill.py took 0.078 seconds
[2024-07-01T15:53:35.744+0000] {processor.py:161} INFO - Started process (PID=445) to work on /opt/airflow/dags/dag_with_catchup_and_backfill.py
[2024-07-01T15:53:35.745+0000] {processor.py:830} INFO - Processing file /opt/airflow/dags/dag_with_catchup_and_backfill.py for tasks to queue
[2024-07-01T15:53:35.746+0000] {logging_mixin.py:188} INFO - [2024-07-01T15:53:35.746+0000] {dagbag.py:545} INFO - Filling up the DagBag from /opt/airflow/dags/dag_with_catchup_and_backfill.py
[2024-07-01T15:53:35.754+0000] {processor.py:840} INFO - DAG(s) 'dag_with_catchup_and_backfill_v03' retrieved from /opt/airflow/dags/dag_with_catchup_and_backfill.py
[2024-07-01T15:53:35.773+0000] {logging_mixin.py:188} INFO - [2024-07-01T15:53:35.772+0000] {dag.py:3096} INFO - Sync 1 DAGs
[2024-07-01T15:53:35.792+0000] {logging_mixin.py:188} INFO - [2024-07-01T15:53:35.792+0000] {dag.py:3954} INFO - Setting next_dagrun for dag_with_catchup_and_backfill_v03 to 2024-06-30 00:00:00+00:00, run_after=2024-07-01 00:00:00+00:00
[2024-07-01T15:53:35.810+0000] {processor.py:183} INFO - Processing /opt/airflow/dags/dag_with_catchup_and_backfill.py took 0.074 seconds
[2024-07-01T15:54:06.349+0000] {processor.py:161} INFO - Started process (PID=496) to work on /opt/airflow/dags/dag_with_catchup_and_backfill.py
[2024-07-01T15:54:06.350+0000] {processor.py:830} INFO - Processing file /opt/airflow/dags/dag_with_catchup_and_backfill.py for tasks to queue
[2024-07-01T15:54:06.351+0000] {logging_mixin.py:188} INFO - [2024-07-01T15:54:06.351+0000] {dagbag.py:545} INFO - Filling up the DagBag from /opt/airflow/dags/dag_with_catchup_and_backfill.py
[2024-07-01T15:54:06.358+0000] {processor.py:840} INFO - DAG(s) 'dag_with_catchup_and_backfill_v03' retrieved from /opt/airflow/dags/dag_with_catchup_and_backfill.py
[2024-07-01T15:54:06.377+0000] {logging_mixin.py:188} INFO - [2024-07-01T15:54:06.377+0000] {dag.py:3096} INFO - Sync 1 DAGs
[2024-07-01T15:54:06.396+0000] {logging_mixin.py:188} INFO - [2024-07-01T15:54:06.396+0000] {dag.py:3954} INFO - Setting next_dagrun for dag_with_catchup_and_backfill_v03 to 2024-06-30 00:00:00+00:00, run_after=2024-07-01 00:00:00+00:00
[2024-07-01T15:54:06.414+0000] {processor.py:183} INFO - Processing /opt/airflow/dags/dag_with_catchup_and_backfill.py took 0.074 seconds
[2024-07-01T15:54:36.952+0000] {processor.py:161} INFO - Started process (PID=547) to work on /opt/airflow/dags/dag_with_catchup_and_backfill.py
[2024-07-01T15:54:36.953+0000] {processor.py:830} INFO - Processing file /opt/airflow/dags/dag_with_catchup_and_backfill.py for tasks to queue
[2024-07-01T15:54:36.954+0000] {logging_mixin.py:188} INFO - [2024-07-01T15:54:36.954+0000] {dagbag.py:545} INFO - Filling up the DagBag from /opt/airflow/dags/dag_with_catchup_and_backfill.py
[2024-07-01T15:54:36.962+0000] {processor.py:840} INFO - DAG(s) 'dag_with_catchup_and_backfill_v03' retrieved from /opt/airflow/dags/dag_with_catchup_and_backfill.py
[2024-07-01T15:54:36.982+0000] {logging_mixin.py:188} INFO - [2024-07-01T15:54:36.981+0000] {dag.py:3096} INFO - Sync 1 DAGs
[2024-07-01T15:54:37.003+0000] {logging_mixin.py:188} INFO - [2024-07-01T15:54:37.002+0000] {dag.py:3954} INFO - Setting next_dagrun for dag_with_catchup_and_backfill_v03 to 2024-06-30 00:00:00+00:00, run_after=2024-07-01 00:00:00+00:00
[2024-07-01T15:54:37.020+0000] {processor.py:183} INFO - Processing /opt/airflow/dags/dag_with_catchup_and_backfill.py took 0.077 seconds
[2024-07-01T15:55:07.599+0000] {processor.py:161} INFO - Started process (PID=598) to work on /opt/airflow/dags/dag_with_catchup_and_backfill.py
[2024-07-01T15:55:07.600+0000] {processor.py:830} INFO - Processing file /opt/airflow/dags/dag_with_catchup_and_backfill.py for tasks to queue
[2024-07-01T15:55:07.602+0000] {logging_mixin.py:188} INFO - [2024-07-01T15:55:07.602+0000] {dagbag.py:545} INFO - Filling up the DagBag from /opt/airflow/dags/dag_with_catchup_and_backfill.py
[2024-07-01T15:55:07.614+0000] {processor.py:840} INFO - DAG(s) 'dag_with_catchup_and_backfill_v03' retrieved from /opt/airflow/dags/dag_with_catchup_and_backfill.py
[2024-07-01T15:55:07.636+0000] {logging_mixin.py:188} INFO - [2024-07-01T15:55:07.636+0000] {dag.py:3096} INFO - Sync 1 DAGs
[2024-07-01T15:55:07.657+0000] {logging_mixin.py:188} INFO - [2024-07-01T15:55:07.657+0000] {dag.py:3954} INFO - Setting next_dagrun for dag_with_catchup_and_backfill_v03 to 2024-06-30 00:00:00+00:00, run_after=2024-07-01 00:00:00+00:00
[2024-07-01T15:55:07.678+0000] {processor.py:183} INFO - Processing /opt/airflow/dags/dag_with_catchup_and_backfill.py took 0.088 seconds
[2024-07-01T15:55:38.153+0000] {processor.py:161} INFO - Started process (PID=649) to work on /opt/airflow/dags/dag_with_catchup_and_backfill.py
[2024-07-01T15:55:38.154+0000] {processor.py:830} INFO - Processing file /opt/airflow/dags/dag_with_catchup_and_backfill.py for tasks to queue
[2024-07-01T15:55:38.155+0000] {logging_mixin.py:188} INFO - [2024-07-01T15:55:38.155+0000] {dagbag.py:545} INFO - Filling up the DagBag from /opt/airflow/dags/dag_with_catchup_and_backfill.py
[2024-07-01T15:55:38.163+0000] {processor.py:840} INFO - DAG(s) 'dag_with_catchup_and_backfill_v03' retrieved from /opt/airflow/dags/dag_with_catchup_and_backfill.py
[2024-07-01T15:55:38.183+0000] {logging_mixin.py:188} INFO - [2024-07-01T15:55:38.183+0000] {dag.py:3096} INFO - Sync 1 DAGs
[2024-07-01T15:55:38.204+0000] {logging_mixin.py:188} INFO - [2024-07-01T15:55:38.203+0000] {dag.py:3954} INFO - Setting next_dagrun for dag_with_catchup_and_backfill_v03 to 2024-06-30 00:00:00+00:00, run_after=2024-07-01 00:00:00+00:00
[2024-07-01T15:55:38.224+0000] {processor.py:183} INFO - Processing /opt/airflow/dags/dag_with_catchup_and_backfill.py took 0.080 seconds
[2024-07-01T15:56:08.819+0000] {processor.py:161} INFO - Started process (PID=700) to work on /opt/airflow/dags/dag_with_catchup_and_backfill.py
[2024-07-01T15:56:08.820+0000] {processor.py:830} INFO - Processing file /opt/airflow/dags/dag_with_catchup_and_backfill.py for tasks to queue
[2024-07-01T15:56:08.821+0000] {logging_mixin.py:188} INFO - [2024-07-01T15:56:08.821+0000] {dagbag.py:545} INFO - Filling up the DagBag from /opt/airflow/dags/dag_with_catchup_and_backfill.py
[2024-07-01T15:56:08.829+0000] {processor.py:840} INFO - DAG(s) 'dag_with_catchup_and_backfill_v03' retrieved from /opt/airflow/dags/dag_with_catchup_and_backfill.py
[2024-07-01T15:56:08.849+0000] {logging_mixin.py:188} INFO - [2024-07-01T15:56:08.849+0000] {dag.py:3096} INFO - Sync 1 DAGs
[2024-07-01T15:56:08.868+0000] {logging_mixin.py:188} INFO - [2024-07-01T15:56:08.868+0000] {dag.py:3954} INFO - Setting next_dagrun for dag_with_catchup_and_backfill_v03 to 2024-06-30 00:00:00+00:00, run_after=2024-07-01 00:00:00+00:00
[2024-07-01T15:56:08.886+0000] {processor.py:183} INFO - Processing /opt/airflow/dags/dag_with_catchup_and_backfill.py took 0.076 seconds
[2024-07-01T15:56:39.414+0000] {processor.py:161} INFO - Started process (PID=751) to work on /opt/airflow/dags/dag_with_catchup_and_backfill.py
[2024-07-01T15:56:39.415+0000] {processor.py:830} INFO - Processing file /opt/airflow/dags/dag_with_catchup_and_backfill.py for tasks to queue
[2024-07-01T15:56:39.416+0000] {logging_mixin.py:188} INFO - [2024-07-01T15:56:39.416+0000] {dagbag.py:545} INFO - Filling up the DagBag from /opt/airflow/dags/dag_with_catchup_and_backfill.py
[2024-07-01T15:56:39.425+0000] {processor.py:840} INFO - DAG(s) 'dag_with_catchup_and_backfill_v03' retrieved from /opt/airflow/dags/dag_with_catchup_and_backfill.py
[2024-07-01T15:56:39.447+0000] {logging_mixin.py:188} INFO - [2024-07-01T15:56:39.446+0000] {dag.py:3096} INFO - Sync 1 DAGs
[2024-07-01T15:56:39.470+0000] {logging_mixin.py:188} INFO - [2024-07-01T15:56:39.470+0000] {dag.py:3954} INFO - Setting next_dagrun for dag_with_catchup_and_backfill_v03 to 2024-06-30 00:00:00+00:00, run_after=2024-07-01 00:00:00+00:00
[2024-07-01T15:56:39.490+0000] {processor.py:183} INFO - Processing /opt/airflow/dags/dag_with_catchup_and_backfill.py took 0.087 seconds
