[2024-07-01T15:51:02.989+0000] {processor.py:161} INFO - Started process (PID=210) to work on /opt/airflow/dags/our_first_dag.py
[2024-07-01T15:51:02.989+0000] {processor.py:830} INFO - Processing file /opt/airflow/dags/our_first_dag.py for tasks to queue
[2024-07-01T15:51:02.991+0000] {logging_mixin.py:188} INFO - [2024-07-01T15:51:02.990+0000] {dagbag.py:545} INFO - Filling up the DagBag from /opt/airflow/dags/our_first_dag.py
[2024-07-01T15:51:03.000+0000] {processor.py:840} INFO - DAG(s) 'our_first_dag_v4' retrieved from /opt/airflow/dags/our_first_dag.py
[2024-07-01T15:51:03.111+0000] {logging_mixin.py:188} INFO - [2024-07-01T15:51:03.110+0000] {override.py:1829} INFO - Created Permission View: can edit on DAG:our_first_dag_v4
[2024-07-01T15:51:03.122+0000] {logging_mixin.py:188} INFO - [2024-07-01T15:51:03.122+0000] {override.py:1829} INFO - Created Permission View: can delete on DAG:our_first_dag_v4
[2024-07-01T15:51:03.129+0000] {logging_mixin.py:188} INFO - [2024-07-01T15:51:03.129+0000] {override.py:1829} INFO - Created Permission View: can read on DAG:our_first_dag_v4
[2024-07-01T15:51:03.130+0000] {logging_mixin.py:188} INFO - [2024-07-01T15:51:03.129+0000] {dag.py:3096} INFO - Sync 1 DAGs
[2024-07-01T15:51:03.140+0000] {logging_mixin.py:188} INFO - [2024-07-01T15:51:03.139+0000] {dag.py:3118} INFO - Creating ORM DAG for our_first_dag_v4
[2024-07-01T15:51:03.149+0000] {logging_mixin.py:188} INFO - [2024-07-01T15:51:03.149+0000] {dag.py:3954} INFO - Setting next_dagrun for our_first_dag_v4 to 2021-07-30 00:00:00+00:00, run_after=2021-07-31 00:00:00+00:00
[2024-07-01T15:51:03.164+0000] {processor.py:183} INFO - Processing /opt/airflow/dags/our_first_dag.py took 0.185 seconds
[2024-07-01T15:51:33.658+0000] {processor.py:161} INFO - Started process (PID=261) to work on /opt/airflow/dags/our_first_dag.py
[2024-07-01T15:51:33.659+0000] {processor.py:830} INFO - Processing file /opt/airflow/dags/our_first_dag.py for tasks to queue
[2024-07-01T15:51:33.661+0000] {logging_mixin.py:188} INFO - [2024-07-01T15:51:33.661+0000] {dagbag.py:545} INFO - Filling up the DagBag from /opt/airflow/dags/our_first_dag.py
[2024-07-01T15:51:33.672+0000] {processor.py:840} INFO - DAG(s) 'our_first_dag_v4' retrieved from /opt/airflow/dags/our_first_dag.py
[2024-07-01T15:51:33.701+0000] {logging_mixin.py:188} INFO - [2024-07-01T15:51:33.701+0000] {dag.py:3096} INFO - Sync 1 DAGs
[2024-07-01T15:51:33.730+0000] {logging_mixin.py:188} INFO - [2024-07-01T15:51:33.730+0000] {dag.py:3954} INFO - Setting next_dagrun for our_first_dag_v4 to 2021-07-30 00:00:00+00:00, run_after=2021-07-31 00:00:00+00:00
[2024-07-01T15:51:33.760+0000] {processor.py:183} INFO - Processing /opt/airflow/dags/our_first_dag.py took 0.115 seconds
[2024-07-01T15:52:04.269+0000] {processor.py:161} INFO - Started process (PID=312) to work on /opt/airflow/dags/our_first_dag.py
[2024-07-01T15:52:04.270+0000] {processor.py:830} INFO - Processing file /opt/airflow/dags/our_first_dag.py for tasks to queue
[2024-07-01T15:52:04.272+0000] {logging_mixin.py:188} INFO - [2024-07-01T15:52:04.271+0000] {dagbag.py:545} INFO - Filling up the DagBag from /opt/airflow/dags/our_first_dag.py
[2024-07-01T15:52:04.280+0000] {processor.py:840} INFO - DAG(s) 'our_first_dag_v4' retrieved from /opt/airflow/dags/our_first_dag.py
[2024-07-01T15:52:04.300+0000] {logging_mixin.py:188} INFO - [2024-07-01T15:52:04.300+0000] {dag.py:3096} INFO - Sync 1 DAGs
[2024-07-01T15:52:04.319+0000] {logging_mixin.py:188} INFO - [2024-07-01T15:52:04.319+0000] {dag.py:3954} INFO - Setting next_dagrun for our_first_dag_v4 to 2021-07-30 00:00:00+00:00, run_after=2021-07-31 00:00:00+00:00
[2024-07-01T15:52:04.340+0000] {processor.py:183} INFO - Processing /opt/airflow/dags/our_first_dag.py took 0.078 seconds
[2024-07-01T15:52:34.790+0000] {processor.py:161} INFO - Started process (PID=361) to work on /opt/airflow/dags/our_first_dag.py
[2024-07-01T15:52:34.791+0000] {processor.py:830} INFO - Processing file /opt/airflow/dags/our_first_dag.py for tasks to queue
[2024-07-01T15:52:34.792+0000] {logging_mixin.py:188} INFO - [2024-07-01T15:52:34.792+0000] {dagbag.py:545} INFO - Filling up the DagBag from /opt/airflow/dags/our_first_dag.py
[2024-07-01T15:52:34.800+0000] {processor.py:840} INFO - DAG(s) 'our_first_dag_v4' retrieved from /opt/airflow/dags/our_first_dag.py
[2024-07-01T15:52:34.819+0000] {logging_mixin.py:188} INFO - [2024-07-01T15:52:34.819+0000] {dag.py:3096} INFO - Sync 1 DAGs
[2024-07-01T15:52:34.838+0000] {logging_mixin.py:188} INFO - [2024-07-01T15:52:34.838+0000] {dag.py:3954} INFO - Setting next_dagrun for our_first_dag_v4 to 2021-07-30 00:00:00+00:00, run_after=2021-07-31 00:00:00+00:00
[2024-07-01T15:52:34.860+0000] {processor.py:183} INFO - Processing /opt/airflow/dags/our_first_dag.py took 0.078 seconds
[2024-07-01T15:53:05.420+0000] {processor.py:161} INFO - Started process (PID=414) to work on /opt/airflow/dags/our_first_dag.py
[2024-07-01T15:53:05.422+0000] {processor.py:830} INFO - Processing file /opt/airflow/dags/our_first_dag.py for tasks to queue
[2024-07-01T15:53:05.424+0000] {logging_mixin.py:188} INFO - [2024-07-01T15:53:05.423+0000] {dagbag.py:545} INFO - Filling up the DagBag from /opt/airflow/dags/our_first_dag.py
[2024-07-01T15:53:05.432+0000] {processor.py:840} INFO - DAG(s) 'our_first_dag_v4' retrieved from /opt/airflow/dags/our_first_dag.py
[2024-07-01T15:53:05.452+0000] {logging_mixin.py:188} INFO - [2024-07-01T15:53:05.452+0000] {dag.py:3096} INFO - Sync 1 DAGs
[2024-07-01T15:53:05.473+0000] {logging_mixin.py:188} INFO - [2024-07-01T15:53:05.473+0000] {dag.py:3954} INFO - Setting next_dagrun for our_first_dag_v4 to 2021-07-30 00:00:00+00:00, run_after=2021-07-31 00:00:00+00:00
[2024-07-01T15:53:05.492+0000] {processor.py:183} INFO - Processing /opt/airflow/dags/our_first_dag.py took 0.080 seconds
[2024-07-01T15:53:36.025+0000] {processor.py:161} INFO - Started process (PID=465) to work on /opt/airflow/dags/our_first_dag.py
[2024-07-01T15:53:36.026+0000] {processor.py:830} INFO - Processing file /opt/airflow/dags/our_first_dag.py for tasks to queue
[2024-07-01T15:53:36.027+0000] {logging_mixin.py:188} INFO - [2024-07-01T15:53:36.027+0000] {dagbag.py:545} INFO - Filling up the DagBag from /opt/airflow/dags/our_first_dag.py
[2024-07-01T15:53:36.035+0000] {processor.py:840} INFO - DAG(s) 'our_first_dag_v4' retrieved from /opt/airflow/dags/our_first_dag.py
[2024-07-01T15:53:36.057+0000] {logging_mixin.py:188} INFO - [2024-07-01T15:53:36.056+0000] {dag.py:3096} INFO - Sync 1 DAGs
[2024-07-01T15:53:36.075+0000] {logging_mixin.py:188} INFO - [2024-07-01T15:53:36.075+0000] {dag.py:3954} INFO - Setting next_dagrun for our_first_dag_v4 to 2021-07-30 00:00:00+00:00, run_after=2021-07-31 00:00:00+00:00
[2024-07-01T15:53:36.094+0000] {processor.py:183} INFO - Processing /opt/airflow/dags/our_first_dag.py took 0.078 seconds
[2024-07-01T15:54:06.626+0000] {processor.py:161} INFO - Started process (PID=516) to work on /opt/airflow/dags/our_first_dag.py
[2024-07-01T15:54:06.627+0000] {processor.py:830} INFO - Processing file /opt/airflow/dags/our_first_dag.py for tasks to queue
[2024-07-01T15:54:06.628+0000] {logging_mixin.py:188} INFO - [2024-07-01T15:54:06.628+0000] {dagbag.py:545} INFO - Filling up the DagBag from /opt/airflow/dags/our_first_dag.py
[2024-07-01T15:54:06.636+0000] {processor.py:840} INFO - DAG(s) 'our_first_dag_v4' retrieved from /opt/airflow/dags/our_first_dag.py
[2024-07-01T15:54:06.655+0000] {logging_mixin.py:188} INFO - [2024-07-01T15:54:06.654+0000] {dag.py:3096} INFO - Sync 1 DAGs
[2024-07-01T15:54:06.674+0000] {logging_mixin.py:188} INFO - [2024-07-01T15:54:06.674+0000] {dag.py:3954} INFO - Setting next_dagrun for our_first_dag_v4 to 2021-07-30 00:00:00+00:00, run_after=2021-07-31 00:00:00+00:00
[2024-07-01T15:54:06.693+0000] {processor.py:183} INFO - Processing /opt/airflow/dags/our_first_dag.py took 0.076 seconds
[2024-07-01T15:54:37.245+0000] {processor.py:161} INFO - Started process (PID=567) to work on /opt/airflow/dags/our_first_dag.py
[2024-07-01T15:54:37.246+0000] {processor.py:830} INFO - Processing file /opt/airflow/dags/our_first_dag.py for tasks to queue
[2024-07-01T15:54:37.248+0000] {logging_mixin.py:188} INFO - [2024-07-01T15:54:37.247+0000] {dagbag.py:545} INFO - Filling up the DagBag from /opt/airflow/dags/our_first_dag.py
[2024-07-01T15:54:37.256+0000] {processor.py:840} INFO - DAG(s) 'our_first_dag_v4' retrieved from /opt/airflow/dags/our_first_dag.py
[2024-07-01T15:54:37.277+0000] {logging_mixin.py:188} INFO - [2024-07-01T15:54:37.277+0000] {dag.py:3096} INFO - Sync 1 DAGs
[2024-07-01T15:54:37.298+0000] {logging_mixin.py:188} INFO - [2024-07-01T15:54:37.297+0000] {dag.py:3954} INFO - Setting next_dagrun for our_first_dag_v4 to 2021-07-30 00:00:00+00:00, run_after=2021-07-31 00:00:00+00:00
[2024-07-01T15:54:37.321+0000] {processor.py:183} INFO - Processing /opt/airflow/dags/our_first_dag.py took 0.085 seconds
[2024-07-01T15:55:07.822+0000] {processor.py:161} INFO - Started process (PID=618) to work on /opt/airflow/dags/our_first_dag.py
[2024-07-01T15:55:07.823+0000] {processor.py:830} INFO - Processing file /opt/airflow/dags/our_first_dag.py for tasks to queue
[2024-07-01T15:55:07.825+0000] {logging_mixin.py:188} INFO - [2024-07-01T15:55:07.825+0000] {dagbag.py:545} INFO - Filling up the DagBag from /opt/airflow/dags/our_first_dag.py
[2024-07-01T15:55:07.833+0000] {processor.py:840} INFO - DAG(s) 'our_first_dag_v4' retrieved from /opt/airflow/dags/our_first_dag.py
[2024-07-01T15:55:07.856+0000] {logging_mixin.py:188} INFO - [2024-07-01T15:55:07.856+0000] {dag.py:3096} INFO - Sync 1 DAGs
[2024-07-01T15:55:07.877+0000] {logging_mixin.py:188} INFO - [2024-07-01T15:55:07.877+0000] {dag.py:3954} INFO - Setting next_dagrun for our_first_dag_v4 to 2021-07-30 00:00:00+00:00, run_after=2021-07-31 00:00:00+00:00
[2024-07-01T15:55:07.897+0000] {processor.py:183} INFO - Processing /opt/airflow/dags/our_first_dag.py took 0.084 seconds
[2024-07-01T15:55:38.480+0000] {processor.py:161} INFO - Started process (PID=669) to work on /opt/airflow/dags/our_first_dag.py
[2024-07-01T15:55:38.481+0000] {processor.py:830} INFO - Processing file /opt/airflow/dags/our_first_dag.py for tasks to queue
[2024-07-01T15:55:38.482+0000] {logging_mixin.py:188} INFO - [2024-07-01T15:55:38.482+0000] {dagbag.py:545} INFO - Filling up the DagBag from /opt/airflow/dags/our_first_dag.py
[2024-07-01T15:55:38.491+0000] {processor.py:840} INFO - DAG(s) 'our_first_dag_v4' retrieved from /opt/airflow/dags/our_first_dag.py
[2024-07-01T15:55:38.513+0000] {logging_mixin.py:188} INFO - [2024-07-01T15:55:38.513+0000] {dag.py:3096} INFO - Sync 1 DAGs
[2024-07-01T15:55:38.533+0000] {logging_mixin.py:188} INFO - [2024-07-01T15:55:38.533+0000] {dag.py:3954} INFO - Setting next_dagrun for our_first_dag_v4 to 2021-07-30 00:00:00+00:00, run_after=2021-07-31 00:00:00+00:00
[2024-07-01T15:55:38.553+0000] {processor.py:183} INFO - Processing /opt/airflow/dags/our_first_dag.py took 0.083 seconds
[2024-07-01T15:56:09.109+0000] {processor.py:161} INFO - Started process (PID=720) to work on /opt/airflow/dags/our_first_dag.py
[2024-07-01T15:56:09.110+0000] {processor.py:830} INFO - Processing file /opt/airflow/dags/our_first_dag.py for tasks to queue
[2024-07-01T15:56:09.112+0000] {logging_mixin.py:188} INFO - [2024-07-01T15:56:09.111+0000] {dagbag.py:545} INFO - Filling up the DagBag from /opt/airflow/dags/our_first_dag.py
[2024-07-01T15:56:09.119+0000] {processor.py:840} INFO - DAG(s) 'our_first_dag_v4' retrieved from /opt/airflow/dags/our_first_dag.py
[2024-07-01T15:56:09.138+0000] {logging_mixin.py:188} INFO - [2024-07-01T15:56:09.138+0000] {dag.py:3096} INFO - Sync 1 DAGs
[2024-07-01T15:56:09.157+0000] {logging_mixin.py:188} INFO - [2024-07-01T15:56:09.157+0000] {dag.py:3954} INFO - Setting next_dagrun for our_first_dag_v4 to 2021-07-30 00:00:00+00:00, run_after=2021-07-31 00:00:00+00:00
[2024-07-01T15:56:09.175+0000] {processor.py:183} INFO - Processing /opt/airflow/dags/our_first_dag.py took 0.074 seconds
[2024-07-01T15:56:39.753+0000] {processor.py:161} INFO - Started process (PID=771) to work on /opt/airflow/dags/our_first_dag.py
[2024-07-01T15:56:39.754+0000] {processor.py:830} INFO - Processing file /opt/airflow/dags/our_first_dag.py for tasks to queue
[2024-07-01T15:56:39.755+0000] {logging_mixin.py:188} INFO - [2024-07-01T15:56:39.755+0000] {dagbag.py:545} INFO - Filling up the DagBag from /opt/airflow/dags/our_first_dag.py
[2024-07-01T15:56:39.764+0000] {processor.py:840} INFO - DAG(s) 'our_first_dag_v4' retrieved from /opt/airflow/dags/our_first_dag.py
[2024-07-01T15:56:39.786+0000] {logging_mixin.py:188} INFO - [2024-07-01T15:56:39.786+0000] {dag.py:3096} INFO - Sync 1 DAGs
[2024-07-01T15:56:39.807+0000] {logging_mixin.py:188} INFO - [2024-07-01T15:56:39.806+0000] {dag.py:3954} INFO - Setting next_dagrun for our_first_dag_v4 to 2021-07-30 00:00:00+00:00, run_after=2021-07-31 00:00:00+00:00
[2024-07-01T15:56:39.827+0000] {processor.py:183} INFO - Processing /opt/airflow/dags/our_first_dag.py took 0.084 seconds
