[2024-07-01T15:51:02.777+0000] {processor.py:161} INFO - Started process (PID=200) to work on /opt/airflow/dags/xcom_dag.py
[2024-07-01T15:51:02.778+0000] {processor.py:830} INFO - Processing file /opt/airflow/dags/xcom_dag.py for tasks to queue
[2024-07-01T15:51:02.779+0000] {logging_mixin.py:188} INFO - [2024-07-01T15:51:02.779+0000] {dagbag.py:545} INFO - Filling up the DagBag from /opt/airflow/dags/xcom_dag.py
[2024-07-01T15:51:02.787+0000] {processor.py:840} INFO - DAG(s) 'xcom_dag_v03' retrieved from /opt/airflow/dags/xcom_dag.py
[2024-07-01T15:51:02.897+0000] {logging_mixin.py:188} INFO - [2024-07-01T15:51:02.896+0000] {override.py:1829} INFO - Created Permission View: can edit on DAG:xcom_dag_v03
[2024-07-01T15:51:02.908+0000] {logging_mixin.py:188} INFO - [2024-07-01T15:51:02.908+0000] {override.py:1829} INFO - Created Permission View: can delete on DAG:xcom_dag_v03
[2024-07-01T15:51:02.919+0000] {logging_mixin.py:188} INFO - [2024-07-01T15:51:02.918+0000] {override.py:1829} INFO - Created Permission View: can read on DAG:xcom_dag_v03
[2024-07-01T15:51:02.919+0000] {logging_mixin.py:188} INFO - [2024-07-01T15:51:02.919+0000] {dag.py:3096} INFO - Sync 1 DAGs
[2024-07-01T15:51:02.930+0000] {logging_mixin.py:188} INFO - [2024-07-01T15:51:02.930+0000] {dag.py:3118} INFO - Creating ORM DAG for xcom_dag_v03
[2024-07-01T15:51:02.940+0000] {logging_mixin.py:188} INFO - [2024-07-01T15:51:02.939+0000] {dag.py:3954} INFO - Setting next_dagrun for xcom_dag_v03 to 2024-06-30 00:00:00+00:00, run_after=2024-07-01 00:00:00+00:00
[2024-07-01T15:51:02.957+0000] {processor.py:183} INFO - Processing /opt/airflow/dags/xcom_dag.py took 0.188 seconds
[2024-07-01T15:51:33.511+0000] {processor.py:161} INFO - Started process (PID=249) to work on /opt/airflow/dags/xcom_dag.py
[2024-07-01T15:51:33.513+0000] {processor.py:830} INFO - Processing file /opt/airflow/dags/xcom_dag.py for tasks to queue
[2024-07-01T15:51:33.515+0000] {logging_mixin.py:188} INFO - [2024-07-01T15:51:33.514+0000] {dagbag.py:545} INFO - Filling up the DagBag from /opt/airflow/dags/xcom_dag.py
[2024-07-01T15:51:33.526+0000] {processor.py:840} INFO - DAG(s) 'xcom_dag_v03' retrieved from /opt/airflow/dags/xcom_dag.py
[2024-07-01T15:51:33.556+0000] {logging_mixin.py:188} INFO - [2024-07-01T15:51:33.556+0000] {dag.py:3096} INFO - Sync 1 DAGs
[2024-07-01T15:51:33.586+0000] {logging_mixin.py:188} INFO - [2024-07-01T15:51:33.586+0000] {dag.py:3954} INFO - Setting next_dagrun for xcom_dag_v03 to 2024-06-30 00:00:00+00:00, run_after=2024-07-01 00:00:00+00:00
[2024-07-01T15:51:33.616+0000] {processor.py:183} INFO - Processing /opt/airflow/dags/xcom_dag.py took 0.119 seconds
[2024-07-01T15:52:04.083+0000] {processor.py:161} INFO - Started process (PID=300) to work on /opt/airflow/dags/xcom_dag.py
[2024-07-01T15:52:04.083+0000] {processor.py:830} INFO - Processing file /opt/airflow/dags/xcom_dag.py for tasks to queue
[2024-07-01T15:52:04.084+0000] {logging_mixin.py:188} INFO - [2024-07-01T15:52:04.084+0000] {dagbag.py:545} INFO - Filling up the DagBag from /opt/airflow/dags/xcom_dag.py
[2024-07-01T15:52:04.092+0000] {processor.py:840} INFO - DAG(s) 'xcom_dag_v03' retrieved from /opt/airflow/dags/xcom_dag.py
[2024-07-01T15:52:04.110+0000] {logging_mixin.py:188} INFO - [2024-07-01T15:52:04.110+0000] {dag.py:3096} INFO - Sync 1 DAGs
[2024-07-01T15:52:04.131+0000] {logging_mixin.py:188} INFO - [2024-07-01T15:52:04.131+0000] {dag.py:3954} INFO - Setting next_dagrun for xcom_dag_v03 to 2024-06-30 00:00:00+00:00, run_after=2024-07-01 00:00:00+00:00
[2024-07-01T15:52:04.155+0000] {processor.py:183} INFO - Processing /opt/airflow/dags/xcom_dag.py took 0.081 seconds
[2024-07-01T15:52:34.692+0000] {processor.py:161} INFO - Started process (PID=351) to work on /opt/airflow/dags/xcom_dag.py
[2024-07-01T15:52:34.693+0000] {processor.py:830} INFO - Processing file /opt/airflow/dags/xcom_dag.py for tasks to queue
[2024-07-01T15:52:34.694+0000] {logging_mixin.py:188} INFO - [2024-07-01T15:52:34.694+0000] {dagbag.py:545} INFO - Filling up the DagBag from /opt/airflow/dags/xcom_dag.py
[2024-07-01T15:52:34.702+0000] {processor.py:840} INFO - DAG(s) 'xcom_dag_v03' retrieved from /opt/airflow/dags/xcom_dag.py
[2024-07-01T15:52:34.721+0000] {logging_mixin.py:188} INFO - [2024-07-01T15:52:34.721+0000] {dag.py:3096} INFO - Sync 1 DAGs
[2024-07-01T15:52:34.740+0000] {logging_mixin.py:188} INFO - [2024-07-01T15:52:34.740+0000] {dag.py:3954} INFO - Setting next_dagrun for xcom_dag_v03 to 2024-06-30 00:00:00+00:00, run_after=2024-07-01 00:00:00+00:00
[2024-07-01T15:52:34.759+0000] {processor.py:183} INFO - Processing /opt/airflow/dags/xcom_dag.py took 0.075 seconds
[2024-07-01T15:53:05.230+0000] {processor.py:161} INFO - Started process (PID=402) to work on /opt/airflow/dags/xcom_dag.py
[2024-07-01T15:53:05.231+0000] {processor.py:830} INFO - Processing file /opt/airflow/dags/xcom_dag.py for tasks to queue
[2024-07-01T15:53:05.232+0000] {logging_mixin.py:188} INFO - [2024-07-01T15:53:05.232+0000] {dagbag.py:545} INFO - Filling up the DagBag from /opt/airflow/dags/xcom_dag.py
[2024-07-01T15:53:05.241+0000] {processor.py:840} INFO - DAG(s) 'xcom_dag_v03' retrieved from /opt/airflow/dags/xcom_dag.py
[2024-07-01T15:53:05.260+0000] {logging_mixin.py:188} INFO - [2024-07-01T15:53:05.260+0000] {dag.py:3096} INFO - Sync 1 DAGs
[2024-07-01T15:53:05.279+0000] {logging_mixin.py:188} INFO - [2024-07-01T15:53:05.279+0000] {dag.py:3954} INFO - Setting next_dagrun for xcom_dag_v03 to 2024-06-30 00:00:00+00:00, run_after=2024-07-01 00:00:00+00:00
[2024-07-01T15:53:05.300+0000] {processor.py:183} INFO - Processing /opt/airflow/dags/xcom_dag.py took 0.079 seconds
[2024-07-01T15:53:35.841+0000] {processor.py:161} INFO - Started process (PID=453) to work on /opt/airflow/dags/xcom_dag.py
[2024-07-01T15:53:35.842+0000] {processor.py:830} INFO - Processing file /opt/airflow/dags/xcom_dag.py for tasks to queue
[2024-07-01T15:53:35.844+0000] {logging_mixin.py:188} INFO - [2024-07-01T15:53:35.843+0000] {dagbag.py:545} INFO - Filling up the DagBag from /opt/airflow/dags/xcom_dag.py
[2024-07-01T15:53:35.851+0000] {processor.py:840} INFO - DAG(s) 'xcom_dag_v03' retrieved from /opt/airflow/dags/xcom_dag.py
[2024-07-01T15:53:35.869+0000] {logging_mixin.py:188} INFO - [2024-07-01T15:53:35.869+0000] {dag.py:3096} INFO - Sync 1 DAGs
[2024-07-01T15:53:35.887+0000] {logging_mixin.py:188} INFO - [2024-07-01T15:53:35.887+0000] {dag.py:3954} INFO - Setting next_dagrun for xcom_dag_v03 to 2024-06-30 00:00:00+00:00, run_after=2024-07-01 00:00:00+00:00
[2024-07-01T15:53:35.906+0000] {processor.py:183} INFO - Processing /opt/airflow/dags/xcom_dag.py took 0.073 seconds
[2024-07-01T15:54:06.444+0000] {processor.py:161} INFO - Started process (PID=504) to work on /opt/airflow/dags/xcom_dag.py
[2024-07-01T15:54:06.445+0000] {processor.py:830} INFO - Processing file /opt/airflow/dags/xcom_dag.py for tasks to queue
[2024-07-01T15:54:06.447+0000] {logging_mixin.py:188} INFO - [2024-07-01T15:54:06.446+0000] {dagbag.py:545} INFO - Filling up the DagBag from /opt/airflow/dags/xcom_dag.py
[2024-07-01T15:54:06.454+0000] {processor.py:840} INFO - DAG(s) 'xcom_dag_v03' retrieved from /opt/airflow/dags/xcom_dag.py
[2024-07-01T15:54:06.473+0000] {logging_mixin.py:188} INFO - [2024-07-01T15:54:06.472+0000] {dag.py:3096} INFO - Sync 1 DAGs
[2024-07-01T15:54:06.491+0000] {logging_mixin.py:188} INFO - [2024-07-01T15:54:06.491+0000] {dag.py:3954} INFO - Setting next_dagrun for xcom_dag_v03 to 2024-06-30 00:00:00+00:00, run_after=2024-07-01 00:00:00+00:00
[2024-07-01T15:54:06.508+0000] {processor.py:183} INFO - Processing /opt/airflow/dags/xcom_dag.py took 0.072 seconds
[2024-07-01T15:54:37.052+0000] {processor.py:161} INFO - Started process (PID=555) to work on /opt/airflow/dags/xcom_dag.py
[2024-07-01T15:54:37.053+0000] {processor.py:830} INFO - Processing file /opt/airflow/dags/xcom_dag.py for tasks to queue
[2024-07-01T15:54:37.055+0000] {logging_mixin.py:188} INFO - [2024-07-01T15:54:37.054+0000] {dagbag.py:545} INFO - Filling up the DagBag from /opt/airflow/dags/xcom_dag.py
[2024-07-01T15:54:37.062+0000] {processor.py:840} INFO - DAG(s) 'xcom_dag_v03' retrieved from /opt/airflow/dags/xcom_dag.py
[2024-07-01T15:54:37.081+0000] {logging_mixin.py:188} INFO - [2024-07-01T15:54:37.081+0000] {dag.py:3096} INFO - Sync 1 DAGs
[2024-07-01T15:54:37.101+0000] {logging_mixin.py:188} INFO - [2024-07-01T15:54:37.101+0000] {dag.py:3954} INFO - Setting next_dagrun for xcom_dag_v03 to 2024-06-30 00:00:00+00:00, run_after=2024-07-01 00:00:00+00:00
[2024-07-01T15:54:37.124+0000] {processor.py:183} INFO - Processing /opt/airflow/dags/xcom_dag.py took 0.080 seconds
[2024-07-01T15:55:07.710+0000] {processor.py:161} INFO - Started process (PID=608) to work on /opt/airflow/dags/xcom_dag.py
[2024-07-01T15:55:07.711+0000] {processor.py:830} INFO - Processing file /opt/airflow/dags/xcom_dag.py for tasks to queue
[2024-07-01T15:55:07.713+0000] {logging_mixin.py:188} INFO - [2024-07-01T15:55:07.712+0000] {dagbag.py:545} INFO - Filling up the DagBag from /opt/airflow/dags/xcom_dag.py
[2024-07-01T15:55:07.724+0000] {processor.py:840} INFO - DAG(s) 'xcom_dag_v03' retrieved from /opt/airflow/dags/xcom_dag.py
[2024-07-01T15:55:07.750+0000] {logging_mixin.py:188} INFO - [2024-07-01T15:55:07.750+0000] {dag.py:3096} INFO - Sync 1 DAGs
[2024-07-01T15:55:07.772+0000] {logging_mixin.py:188} INFO - [2024-07-01T15:55:07.771+0000] {dag.py:3954} INFO - Setting next_dagrun for xcom_dag_v03 to 2024-06-30 00:00:00+00:00, run_after=2024-07-01 00:00:00+00:00
[2024-07-01T15:55:07.793+0000] {processor.py:183} INFO - Processing /opt/airflow/dags/xcom_dag.py took 0.093 seconds
[2024-07-01T15:55:38.259+0000] {processor.py:161} INFO - Started process (PID=657) to work on /opt/airflow/dags/xcom_dag.py
[2024-07-01T15:55:38.260+0000] {processor.py:830} INFO - Processing file /opt/airflow/dags/xcom_dag.py for tasks to queue
[2024-07-01T15:55:38.261+0000] {logging_mixin.py:188} INFO - [2024-07-01T15:55:38.261+0000] {dagbag.py:545} INFO - Filling up the DagBag from /opt/airflow/dags/xcom_dag.py
[2024-07-01T15:55:38.271+0000] {processor.py:840} INFO - DAG(s) 'xcom_dag_v03' retrieved from /opt/airflow/dags/xcom_dag.py
[2024-07-01T15:55:38.301+0000] {logging_mixin.py:188} INFO - [2024-07-01T15:55:38.301+0000] {dag.py:3096} INFO - Sync 1 DAGs
[2024-07-01T15:55:38.323+0000] {logging_mixin.py:188} INFO - [2024-07-01T15:55:38.323+0000] {dag.py:3954} INFO - Setting next_dagrun for xcom_dag_v03 to 2024-06-30 00:00:00+00:00, run_after=2024-07-01 00:00:00+00:00
[2024-07-01T15:55:38.344+0000] {processor.py:183} INFO - Processing /opt/airflow/dags/xcom_dag.py took 0.094 seconds
[2024-07-01T15:56:08.917+0000] {processor.py:161} INFO - Started process (PID=708) to work on /opt/airflow/dags/xcom_dag.py
[2024-07-01T15:56:08.918+0000] {processor.py:830} INFO - Processing file /opt/airflow/dags/xcom_dag.py for tasks to queue
[2024-07-01T15:56:08.919+0000] {logging_mixin.py:188} INFO - [2024-07-01T15:56:08.919+0000] {dagbag.py:545} INFO - Filling up the DagBag from /opt/airflow/dags/xcom_dag.py
[2024-07-01T15:56:08.927+0000] {processor.py:840} INFO - DAG(s) 'xcom_dag_v03' retrieved from /opt/airflow/dags/xcom_dag.py
[2024-07-01T15:56:08.946+0000] {logging_mixin.py:188} INFO - [2024-07-01T15:56:08.946+0000] {dag.py:3096} INFO - Sync 1 DAGs
[2024-07-01T15:56:08.964+0000] {logging_mixin.py:188} INFO - [2024-07-01T15:56:08.964+0000] {dag.py:3954} INFO - Setting next_dagrun for xcom_dag_v03 to 2024-06-30 00:00:00+00:00, run_after=2024-07-01 00:00:00+00:00
[2024-07-01T15:56:08.989+0000] {processor.py:183} INFO - Processing /opt/airflow/dags/xcom_dag.py took 0.080 seconds
[2024-07-01T15:56:39.527+0000] {processor.py:161} INFO - Started process (PID=759) to work on /opt/airflow/dags/xcom_dag.py
[2024-07-01T15:56:39.527+0000] {processor.py:830} INFO - Processing file /opt/airflow/dags/xcom_dag.py for tasks to queue
[2024-07-01T15:56:39.529+0000] {logging_mixin.py:188} INFO - [2024-07-01T15:56:39.528+0000] {dagbag.py:545} INFO - Filling up the DagBag from /opt/airflow/dags/xcom_dag.py
[2024-07-01T15:56:39.538+0000] {processor.py:840} INFO - DAG(s) 'xcom_dag_v03' retrieved from /opt/airflow/dags/xcom_dag.py
[2024-07-01T15:56:39.559+0000] {logging_mixin.py:188} INFO - [2024-07-01T15:56:39.559+0000] {dag.py:3096} INFO - Sync 1 DAGs
[2024-07-01T15:56:39.580+0000] {logging_mixin.py:188} INFO - [2024-07-01T15:56:39.580+0000] {dag.py:3954} INFO - Setting next_dagrun for xcom_dag_v03 to 2024-06-30 00:00:00+00:00, run_after=2024-07-01 00:00:00+00:00
[2024-07-01T15:56:39.603+0000] {processor.py:183} INFO - Processing /opt/airflow/dags/xcom_dag.py took 0.085 seconds
