[2024-07-05T05:13:23.754+0000] {processor.py:161} INFO - Started process (PID=213) to work on /opt/airflow/dags/create_dag_with_python_operator.py
[2024-07-05T05:13:23.755+0000] {processor.py:830} INFO - Processing file /opt/airflow/dags/create_dag_with_python_operator.py for tasks to queue
[2024-07-05T05:13:23.757+0000] {logging_mixin.py:188} INFO - [2024-07-05T05:13:23.757+0000] {dagbag.py:545} INFO - Filling up the DagBag from /opt/airflow/dags/create_dag_with_python_operator.py
[2024-07-05T05:13:23.766+0000] {processor.py:840} INFO - DAG(s) 'our_dag_with_python_operator_v01' retrieved from /opt/airflow/dags/create_dag_with_python_operator.py
[2024-07-05T05:13:23.874+0000] {logging_mixin.py:188} INFO - [2024-07-05T05:13:23.873+0000] {override.py:1829} INFO - Created Permission View: can edit on DAG:our_dag_with_python_operator_v01
[2024-07-05T05:13:23.886+0000] {logging_mixin.py:188} INFO - [2024-07-05T05:13:23.885+0000] {override.py:1829} INFO - Created Permission View: can read on DAG:our_dag_with_python_operator_v01
[2024-07-05T05:13:23.895+0000] {logging_mixin.py:188} INFO - [2024-07-05T05:13:23.895+0000] {override.py:1829} INFO - Created Permission View: can delete on DAG:our_dag_with_python_operator_v01
[2024-07-05T05:13:23.896+0000] {logging_mixin.py:188} INFO - [2024-07-05T05:13:23.896+0000] {dag.py:3096} INFO - Sync 1 DAGs
[2024-07-05T05:13:23.909+0000] {logging_mixin.py:188} INFO - [2024-07-05T05:13:23.908+0000] {dag.py:3118} INFO - Creating ORM DAG for our_dag_with_python_operator_v01
[2024-07-05T05:13:23.923+0000] {logging_mixin.py:188} INFO - [2024-07-05T05:13:23.923+0000] {dag.py:3954} INFO - Setting next_dagrun for our_dag_with_python_operator_v01 to 2024-06-30 00:00:00+00:00, run_after=2024-07-01 00:00:00+00:00
[2024-07-05T05:13:23.947+0000] {processor.py:183} INFO - Processing /opt/airflow/dags/create_dag_with_python_operator.py took 0.205 seconds
[2024-07-05T05:13:54.713+0000] {processor.py:161} INFO - Started process (PID=276) to work on /opt/airflow/dags/create_dag_with_python_operator.py
[2024-07-05T05:13:54.714+0000] {processor.py:830} INFO - Processing file /opt/airflow/dags/create_dag_with_python_operator.py for tasks to queue
[2024-07-05T05:13:54.715+0000] {logging_mixin.py:188} INFO - [2024-07-05T05:13:54.715+0000] {dagbag.py:545} INFO - Filling up the DagBag from /opt/airflow/dags/create_dag_with_python_operator.py
[2024-07-05T05:13:54.722+0000] {processor.py:840} INFO - DAG(s) 'our_dag_with_python_operator_v01' retrieved from /opt/airflow/dags/create_dag_with_python_operator.py
[2024-07-05T05:13:54.742+0000] {logging_mixin.py:188} INFO - [2024-07-05T05:13:54.742+0000] {dag.py:3096} INFO - Sync 1 DAGs
[2024-07-05T05:13:54.761+0000] {logging_mixin.py:188} INFO - [2024-07-05T05:13:54.761+0000] {dag.py:3954} INFO - Setting next_dagrun for our_dag_with_python_operator_v01 to 2024-06-30 00:00:00+00:00, run_after=2024-07-01 00:00:00+00:00
[2024-07-05T05:13:54.781+0000] {processor.py:183} INFO - Processing /opt/airflow/dags/create_dag_with_python_operator.py took 0.077 seconds
[2024-07-05T05:14:25.409+0000] {processor.py:161} INFO - Started process (PID=347) to work on /opt/airflow/dags/create_dag_with_python_operator.py
[2024-07-05T05:14:25.410+0000] {processor.py:830} INFO - Processing file /opt/airflow/dags/create_dag_with_python_operator.py for tasks to queue
[2024-07-05T05:14:25.412+0000] {logging_mixin.py:188} INFO - [2024-07-05T05:14:25.411+0000] {dagbag.py:545} INFO - Filling up the DagBag from /opt/airflow/dags/create_dag_with_python_operator.py
[2024-07-05T05:14:25.420+0000] {processor.py:840} INFO - DAG(s) 'our_dag_with_python_operator_v01' retrieved from /opt/airflow/dags/create_dag_with_python_operator.py
[2024-07-05T05:14:25.439+0000] {logging_mixin.py:188} INFO - [2024-07-05T05:14:25.439+0000] {dag.py:3096} INFO - Sync 1 DAGs
[2024-07-05T05:14:25.459+0000] {logging_mixin.py:188} INFO - [2024-07-05T05:14:25.459+0000] {dag.py:3954} INFO - Setting next_dagrun for our_dag_with_python_operator_v01 to 2024-06-30 00:00:00+00:00, run_after=2024-07-01 00:00:00+00:00
[2024-07-05T05:14:25.478+0000] {processor.py:183} INFO - Processing /opt/airflow/dags/create_dag_with_python_operator.py took 0.077 seconds
[2024-07-05T05:14:56.139+0000] {processor.py:161} INFO - Started process (PID=408) to work on /opt/airflow/dags/create_dag_with_python_operator.py
[2024-07-05T05:14:56.140+0000] {processor.py:830} INFO - Processing file /opt/airflow/dags/create_dag_with_python_operator.py for tasks to queue
[2024-07-05T05:14:56.142+0000] {logging_mixin.py:188} INFO - [2024-07-05T05:14:56.141+0000] {dagbag.py:545} INFO - Filling up the DagBag from /opt/airflow/dags/create_dag_with_python_operator.py
[2024-07-05T05:14:56.150+0000] {processor.py:840} INFO - DAG(s) 'our_dag_with_python_operator_v01' retrieved from /opt/airflow/dags/create_dag_with_python_operator.py
[2024-07-05T05:14:56.172+0000] {logging_mixin.py:188} INFO - [2024-07-05T05:14:56.172+0000] {dag.py:3096} INFO - Sync 1 DAGs
[2024-07-05T05:14:56.193+0000] {logging_mixin.py:188} INFO - [2024-07-05T05:14:56.193+0000] {dag.py:3954} INFO - Setting next_dagrun for our_dag_with_python_operator_v01 to 2024-06-30 00:00:00+00:00, run_after=2024-07-01 00:00:00+00:00
[2024-07-05T05:14:56.214+0000] {processor.py:183} INFO - Processing /opt/airflow/dags/create_dag_with_python_operator.py took 0.084 seconds
[2024-07-05T05:15:26.892+0000] {processor.py:161} INFO - Started process (PID=469) to work on /opt/airflow/dags/create_dag_with_python_operator.py
[2024-07-05T05:15:26.893+0000] {processor.py:830} INFO - Processing file /opt/airflow/dags/create_dag_with_python_operator.py for tasks to queue
[2024-07-05T05:15:26.894+0000] {logging_mixin.py:188} INFO - [2024-07-05T05:15:26.894+0000] {dagbag.py:545} INFO - Filling up the DagBag from /opt/airflow/dags/create_dag_with_python_operator.py
[2024-07-05T05:15:26.903+0000] {processor.py:840} INFO - DAG(s) 'our_dag_with_python_operator_v01' retrieved from /opt/airflow/dags/create_dag_with_python_operator.py
[2024-07-05T05:15:26.924+0000] {logging_mixin.py:188} INFO - [2024-07-05T05:15:26.924+0000] {dag.py:3096} INFO - Sync 1 DAGs
[2024-07-05T05:15:26.946+0000] {logging_mixin.py:188} INFO - [2024-07-05T05:15:26.946+0000] {dag.py:3954} INFO - Setting next_dagrun for our_dag_with_python_operator_v01 to 2024-06-30 00:00:00+00:00, run_after=2024-07-01 00:00:00+00:00
[2024-07-05T05:15:26.968+0000] {processor.py:183} INFO - Processing /opt/airflow/dags/create_dag_with_python_operator.py took 0.086 seconds
[2024-07-05T05:15:57.531+0000] {processor.py:161} INFO - Started process (PID=530) to work on /opt/airflow/dags/create_dag_with_python_operator.py
[2024-07-05T05:15:57.532+0000] {processor.py:830} INFO - Processing file /opt/airflow/dags/create_dag_with_python_operator.py for tasks to queue
[2024-07-05T05:15:57.533+0000] {logging_mixin.py:188} INFO - [2024-07-05T05:15:57.533+0000] {dagbag.py:545} INFO - Filling up the DagBag from /opt/airflow/dags/create_dag_with_python_operator.py
[2024-07-05T05:15:57.541+0000] {processor.py:840} INFO - DAG(s) 'our_dag_with_python_operator_v01' retrieved from /opt/airflow/dags/create_dag_with_python_operator.py
[2024-07-05T05:15:57.560+0000] {logging_mixin.py:188} INFO - [2024-07-05T05:15:57.560+0000] {dag.py:3096} INFO - Sync 1 DAGs
[2024-07-05T05:15:57.580+0000] {logging_mixin.py:188} INFO - [2024-07-05T05:15:57.580+0000] {dag.py:3954} INFO - Setting next_dagrun for our_dag_with_python_operator_v01 to 2024-06-30 00:00:00+00:00, run_after=2024-07-01 00:00:00+00:00
[2024-07-05T05:15:57.600+0000] {processor.py:183} INFO - Processing /opt/airflow/dags/create_dag_with_python_operator.py took 0.077 seconds
[2024-07-05T05:16:28.227+0000] {processor.py:161} INFO - Started process (PID=591) to work on /opt/airflow/dags/create_dag_with_python_operator.py
[2024-07-05T05:16:28.228+0000] {processor.py:830} INFO - Processing file /opt/airflow/dags/create_dag_with_python_operator.py for tasks to queue
[2024-07-05T05:16:28.229+0000] {logging_mixin.py:188} INFO - [2024-07-05T05:16:28.229+0000] {dagbag.py:545} INFO - Filling up the DagBag from /opt/airflow/dags/create_dag_with_python_operator.py
[2024-07-05T05:16:28.236+0000] {processor.py:840} INFO - DAG(s) 'our_dag_with_python_operator_v01' retrieved from /opt/airflow/dags/create_dag_with_python_operator.py
[2024-07-05T05:16:28.256+0000] {logging_mixin.py:188} INFO - [2024-07-05T05:16:28.256+0000] {dag.py:3096} INFO - Sync 1 DAGs
[2024-07-05T05:16:28.274+0000] {logging_mixin.py:188} INFO - [2024-07-05T05:16:28.274+0000] {dag.py:3954} INFO - Setting next_dagrun for our_dag_with_python_operator_v01 to 2024-06-30 00:00:00+00:00, run_after=2024-07-01 00:00:00+00:00
[2024-07-05T05:16:28.293+0000] {processor.py:183} INFO - Processing /opt/airflow/dags/create_dag_with_python_operator.py took 0.075 seconds
[2024-07-05T05:16:58.927+0000] {processor.py:161} INFO - Started process (PID=652) to work on /opt/airflow/dags/create_dag_with_python_operator.py
[2024-07-05T05:16:58.928+0000] {processor.py:830} INFO - Processing file /opt/airflow/dags/create_dag_with_python_operator.py for tasks to queue
[2024-07-05T05:16:58.930+0000] {logging_mixin.py:188} INFO - [2024-07-05T05:16:58.929+0000] {dagbag.py:545} INFO - Filling up the DagBag from /opt/airflow/dags/create_dag_with_python_operator.py
[2024-07-05T05:16:58.938+0000] {processor.py:840} INFO - DAG(s) 'our_dag_with_python_operator_v01' retrieved from /opt/airflow/dags/create_dag_with_python_operator.py
[2024-07-05T05:16:58.959+0000] {logging_mixin.py:188} INFO - [2024-07-05T05:16:58.959+0000] {dag.py:3096} INFO - Sync 1 DAGs
[2024-07-05T05:16:58.979+0000] {logging_mixin.py:188} INFO - [2024-07-05T05:16:58.979+0000] {dag.py:3954} INFO - Setting next_dagrun for our_dag_with_python_operator_v01 to 2024-06-30 00:00:00+00:00, run_after=2024-07-01 00:00:00+00:00
[2024-07-05T05:16:58.999+0000] {processor.py:183} INFO - Processing /opt/airflow/dags/create_dag_with_python_operator.py took 0.081 seconds
[2024-07-05T05:17:29.755+0000] {processor.py:161} INFO - Started process (PID=713) to work on /opt/airflow/dags/create_dag_with_python_operator.py
[2024-07-05T05:17:29.757+0000] {processor.py:830} INFO - Processing file /opt/airflow/dags/create_dag_with_python_operator.py for tasks to queue
[2024-07-05T05:17:29.760+0000] {logging_mixin.py:188} INFO - [2024-07-05T05:17:29.759+0000] {dagbag.py:545} INFO - Filling up the DagBag from /opt/airflow/dags/create_dag_with_python_operator.py
[2024-07-05T05:17:29.773+0000] {processor.py:840} INFO - DAG(s) 'our_dag_with_python_operator_v01' retrieved from /opt/airflow/dags/create_dag_with_python_operator.py
[2024-07-05T05:17:29.804+0000] {logging_mixin.py:188} INFO - [2024-07-05T05:17:29.804+0000] {dag.py:3096} INFO - Sync 1 DAGs
[2024-07-05T05:17:29.835+0000] {logging_mixin.py:188} INFO - [2024-07-05T05:17:29.834+0000] {dag.py:3954} INFO - Setting next_dagrun for our_dag_with_python_operator_v01 to 2024-06-30 00:00:00+00:00, run_after=2024-07-01 00:00:00+00:00
[2024-07-05T05:17:29.861+0000] {processor.py:183} INFO - Processing /opt/airflow/dags/create_dag_with_python_operator.py took 0.124 seconds
[2024-07-05T05:18:00.499+0000] {processor.py:161} INFO - Started process (PID=774) to work on /opt/airflow/dags/create_dag_with_python_operator.py
[2024-07-05T05:18:00.500+0000] {processor.py:830} INFO - Processing file /opt/airflow/dags/create_dag_with_python_operator.py for tasks to queue
[2024-07-05T05:18:00.502+0000] {logging_mixin.py:188} INFO - [2024-07-05T05:18:00.501+0000] {dagbag.py:545} INFO - Filling up the DagBag from /opt/airflow/dags/create_dag_with_python_operator.py
[2024-07-05T05:18:00.509+0000] {processor.py:840} INFO - DAG(s) 'our_dag_with_python_operator_v01' retrieved from /opt/airflow/dags/create_dag_with_python_operator.py
[2024-07-05T05:18:00.531+0000] {logging_mixin.py:188} INFO - [2024-07-05T05:18:00.530+0000] {dag.py:3096} INFO - Sync 1 DAGs
[2024-07-05T05:18:00.550+0000] {logging_mixin.py:188} INFO - [2024-07-05T05:18:00.550+0000] {dag.py:3954} INFO - Setting next_dagrun for our_dag_with_python_operator_v01 to 2024-06-30 00:00:00+00:00, run_after=2024-07-01 00:00:00+00:00
[2024-07-05T05:18:00.571+0000] {processor.py:183} INFO - Processing /opt/airflow/dags/create_dag_with_python_operator.py took 0.081 seconds
[2024-07-05T05:18:31.205+0000] {processor.py:161} INFO - Started process (PID=835) to work on /opt/airflow/dags/create_dag_with_python_operator.py
[2024-07-05T05:18:31.206+0000] {processor.py:830} INFO - Processing file /opt/airflow/dags/create_dag_with_python_operator.py for tasks to queue
[2024-07-05T05:18:31.207+0000] {logging_mixin.py:188} INFO - [2024-07-05T05:18:31.207+0000] {dagbag.py:545} INFO - Filling up the DagBag from /opt/airflow/dags/create_dag_with_python_operator.py
[2024-07-05T05:18:31.215+0000] {processor.py:840} INFO - DAG(s) 'our_dag_with_python_operator_v01' retrieved from /opt/airflow/dags/create_dag_with_python_operator.py
[2024-07-05T05:18:31.233+0000] {logging_mixin.py:188} INFO - [2024-07-05T05:18:31.233+0000] {dag.py:3096} INFO - Sync 1 DAGs
[2024-07-05T05:18:31.253+0000] {logging_mixin.py:188} INFO - [2024-07-05T05:18:31.252+0000] {dag.py:3954} INFO - Setting next_dagrun for our_dag_with_python_operator_v01 to 2024-06-30 00:00:00+00:00, run_after=2024-07-01 00:00:00+00:00
[2024-07-05T05:18:31.272+0000] {processor.py:183} INFO - Processing /opt/airflow/dags/create_dag_with_python_operator.py took 0.076 seconds
[2024-07-05T05:19:01.947+0000] {processor.py:161} INFO - Started process (PID=896) to work on /opt/airflow/dags/create_dag_with_python_operator.py
[2024-07-05T05:19:01.948+0000] {processor.py:830} INFO - Processing file /opt/airflow/dags/create_dag_with_python_operator.py for tasks to queue
[2024-07-05T05:19:01.950+0000] {logging_mixin.py:188} INFO - [2024-07-05T05:19:01.949+0000] {dagbag.py:545} INFO - Filling up the DagBag from /opt/airflow/dags/create_dag_with_python_operator.py
[2024-07-05T05:19:01.957+0000] {processor.py:840} INFO - DAG(s) 'our_dag_with_python_operator_v01' retrieved from /opt/airflow/dags/create_dag_with_python_operator.py
[2024-07-05T05:19:01.976+0000] {logging_mixin.py:188} INFO - [2024-07-05T05:19:01.976+0000] {dag.py:3096} INFO - Sync 1 DAGs
[2024-07-05T05:19:01.994+0000] {logging_mixin.py:188} INFO - [2024-07-05T05:19:01.994+0000] {dag.py:3954} INFO - Setting next_dagrun for our_dag_with_python_operator_v01 to 2024-06-30 00:00:00+00:00, run_after=2024-07-01 00:00:00+00:00
[2024-07-05T05:19:02.013+0000] {processor.py:183} INFO - Processing /opt/airflow/dags/create_dag_with_python_operator.py took 0.073 seconds
[2024-07-05T05:19:32.667+0000] {processor.py:161} INFO - Started process (PID=957) to work on /opt/airflow/dags/create_dag_with_python_operator.py
[2024-07-05T05:19:32.668+0000] {processor.py:830} INFO - Processing file /opt/airflow/dags/create_dag_with_python_operator.py for tasks to queue
[2024-07-05T05:19:32.669+0000] {logging_mixin.py:188} INFO - [2024-07-05T05:19:32.669+0000] {dagbag.py:545} INFO - Filling up the DagBag from /opt/airflow/dags/create_dag_with_python_operator.py
[2024-07-05T05:19:32.677+0000] {processor.py:840} INFO - DAG(s) 'our_dag_with_python_operator_v01' retrieved from /opt/airflow/dags/create_dag_with_python_operator.py
[2024-07-05T05:19:32.696+0000] {logging_mixin.py:188} INFO - [2024-07-05T05:19:32.696+0000] {dag.py:3096} INFO - Sync 1 DAGs
[2024-07-05T05:19:32.715+0000] {logging_mixin.py:188} INFO - [2024-07-05T05:19:32.715+0000] {dag.py:3954} INFO - Setting next_dagrun for our_dag_with_python_operator_v01 to 2024-06-30 00:00:00+00:00, run_after=2024-07-01 00:00:00+00:00
[2024-07-05T05:19:32.734+0000] {processor.py:183} INFO - Processing /opt/airflow/dags/create_dag_with_python_operator.py took 0.076 seconds
[2024-07-05T05:20:03.379+0000] {processor.py:161} INFO - Started process (PID=1018) to work on /opt/airflow/dags/create_dag_with_python_operator.py
[2024-07-05T05:20:03.380+0000] {processor.py:830} INFO - Processing file /opt/airflow/dags/create_dag_with_python_operator.py for tasks to queue
[2024-07-05T05:20:03.382+0000] {logging_mixin.py:188} INFO - [2024-07-05T05:20:03.381+0000] {dagbag.py:545} INFO - Filling up the DagBag from /opt/airflow/dags/create_dag_with_python_operator.py
[2024-07-05T05:20:03.389+0000] {processor.py:840} INFO - DAG(s) 'our_dag_with_python_operator_v01' retrieved from /opt/airflow/dags/create_dag_with_python_operator.py
[2024-07-05T05:20:03.408+0000] {logging_mixin.py:188} INFO - [2024-07-05T05:20:03.408+0000] {dag.py:3096} INFO - Sync 1 DAGs
[2024-07-05T05:20:03.427+0000] {logging_mixin.py:188} INFO - [2024-07-05T05:20:03.427+0000] {dag.py:3954} INFO - Setting next_dagrun for our_dag_with_python_operator_v01 to 2024-06-30 00:00:00+00:00, run_after=2024-07-01 00:00:00+00:00
[2024-07-05T05:20:03.446+0000] {processor.py:183} INFO - Processing /opt/airflow/dags/create_dag_with_python_operator.py took 0.075 seconds
[2024-07-05T05:20:34.100+0000] {processor.py:161} INFO - Started process (PID=1079) to work on /opt/airflow/dags/create_dag_with_python_operator.py
[2024-07-05T05:20:34.101+0000] {processor.py:830} INFO - Processing file /opt/airflow/dags/create_dag_with_python_operator.py for tasks to queue
[2024-07-05T05:20:34.102+0000] {logging_mixin.py:188} INFO - [2024-07-05T05:20:34.102+0000] {dagbag.py:545} INFO - Filling up the DagBag from /opt/airflow/dags/create_dag_with_python_operator.py
[2024-07-05T05:20:34.110+0000] {processor.py:840} INFO - DAG(s) 'our_dag_with_python_operator_v01' retrieved from /opt/airflow/dags/create_dag_with_python_operator.py
[2024-07-05T05:20:34.129+0000] {logging_mixin.py:188} INFO - [2024-07-05T05:20:34.128+0000] {dag.py:3096} INFO - Sync 1 DAGs
[2024-07-05T05:20:34.149+0000] {logging_mixin.py:188} INFO - [2024-07-05T05:20:34.149+0000] {dag.py:3954} INFO - Setting next_dagrun for our_dag_with_python_operator_v01 to 2024-06-30 00:00:00+00:00, run_after=2024-07-01 00:00:00+00:00
[2024-07-05T05:20:34.170+0000] {processor.py:183} INFO - Processing /opt/airflow/dags/create_dag_with_python_operator.py took 0.078 seconds
[2024-07-05T05:21:04.763+0000] {processor.py:161} INFO - Started process (PID=1140) to work on /opt/airflow/dags/create_dag_with_python_operator.py
[2024-07-05T05:21:04.765+0000] {processor.py:830} INFO - Processing file /opt/airflow/dags/create_dag_with_python_operator.py for tasks to queue
[2024-07-05T05:21:04.766+0000] {logging_mixin.py:188} INFO - [2024-07-05T05:21:04.766+0000] {dagbag.py:545} INFO - Filling up the DagBag from /opt/airflow/dags/create_dag_with_python_operator.py
[2024-07-05T05:21:04.775+0000] {processor.py:840} INFO - DAG(s) 'our_dag_with_python_operator_v01' retrieved from /opt/airflow/dags/create_dag_with_python_operator.py
[2024-07-05T05:21:04.796+0000] {logging_mixin.py:188} INFO - [2024-07-05T05:21:04.796+0000] {dag.py:3096} INFO - Sync 1 DAGs
[2024-07-05T05:21:04.820+0000] {logging_mixin.py:188} INFO - [2024-07-05T05:21:04.820+0000] {dag.py:3954} INFO - Setting next_dagrun for our_dag_with_python_operator_v01 to 2024-06-30 00:00:00+00:00, run_after=2024-07-01 00:00:00+00:00
[2024-07-05T05:21:04.841+0000] {processor.py:183} INFO - Processing /opt/airflow/dags/create_dag_with_python_operator.py took 0.087 seconds
[2024-07-05T05:21:35.555+0000] {processor.py:161} INFO - Started process (PID=1201) to work on /opt/airflow/dags/create_dag_with_python_operator.py
[2024-07-05T05:21:35.556+0000] {processor.py:830} INFO - Processing file /opt/airflow/dags/create_dag_with_python_operator.py for tasks to queue
[2024-07-05T05:21:35.557+0000] {logging_mixin.py:188} INFO - [2024-07-05T05:21:35.557+0000] {dagbag.py:545} INFO - Filling up the DagBag from /opt/airflow/dags/create_dag_with_python_operator.py
[2024-07-05T05:21:35.565+0000] {processor.py:840} INFO - DAG(s) 'our_dag_with_python_operator_v01' retrieved from /opt/airflow/dags/create_dag_with_python_operator.py
[2024-07-05T05:21:35.584+0000] {logging_mixin.py:188} INFO - [2024-07-05T05:21:35.584+0000] {dag.py:3096} INFO - Sync 1 DAGs
[2024-07-05T05:21:35.606+0000] {logging_mixin.py:188} INFO - [2024-07-05T05:21:35.606+0000] {dag.py:3954} INFO - Setting next_dagrun for our_dag_with_python_operator_v01 to 2024-06-30 00:00:00+00:00, run_after=2024-07-01 00:00:00+00:00
[2024-07-05T05:21:35.625+0000] {processor.py:183} INFO - Processing /opt/airflow/dags/create_dag_with_python_operator.py took 0.080 seconds
[2024-07-05T05:22:06.254+0000] {processor.py:161} INFO - Started process (PID=1262) to work on /opt/airflow/dags/create_dag_with_python_operator.py
[2024-07-05T05:22:06.254+0000] {processor.py:830} INFO - Processing file /opt/airflow/dags/create_dag_with_python_operator.py for tasks to queue
[2024-07-05T05:22:06.255+0000] {logging_mixin.py:188} INFO - [2024-07-05T05:22:06.255+0000] {dagbag.py:545} INFO - Filling up the DagBag from /opt/airflow/dags/create_dag_with_python_operator.py
[2024-07-05T05:22:06.263+0000] {processor.py:840} INFO - DAG(s) 'our_dag_with_python_operator_v01' retrieved from /opt/airflow/dags/create_dag_with_python_operator.py
[2024-07-05T05:22:06.283+0000] {logging_mixin.py:188} INFO - [2024-07-05T05:22:06.283+0000] {dag.py:3096} INFO - Sync 1 DAGs
[2024-07-05T05:22:06.302+0000] {logging_mixin.py:188} INFO - [2024-07-05T05:22:06.301+0000] {dag.py:3954} INFO - Setting next_dagrun for our_dag_with_python_operator_v01 to 2024-06-30 00:00:00+00:00, run_after=2024-07-01 00:00:00+00:00
[2024-07-05T05:22:06.320+0000] {processor.py:183} INFO - Processing /opt/airflow/dags/create_dag_with_python_operator.py took 0.074 seconds
[2024-07-05T05:22:36.913+0000] {processor.py:161} INFO - Started process (PID=1323) to work on /opt/airflow/dags/create_dag_with_python_operator.py
[2024-07-05T05:22:36.914+0000] {processor.py:830} INFO - Processing file /opt/airflow/dags/create_dag_with_python_operator.py for tasks to queue
[2024-07-05T05:22:36.915+0000] {logging_mixin.py:188} INFO - [2024-07-05T05:22:36.915+0000] {dagbag.py:545} INFO - Filling up the DagBag from /opt/airflow/dags/create_dag_with_python_operator.py
[2024-07-05T05:22:36.923+0000] {processor.py:840} INFO - DAG(s) 'our_dag_with_python_operator_v01' retrieved from /opt/airflow/dags/create_dag_with_python_operator.py
[2024-07-05T05:22:36.942+0000] {logging_mixin.py:188} INFO - [2024-07-05T05:22:36.941+0000] {dag.py:3096} INFO - Sync 1 DAGs
[2024-07-05T05:22:36.961+0000] {logging_mixin.py:188} INFO - [2024-07-05T05:22:36.961+0000] {dag.py:3954} INFO - Setting next_dagrun for our_dag_with_python_operator_v01 to 2024-06-30 00:00:00+00:00, run_after=2024-07-01 00:00:00+00:00
[2024-07-05T05:22:36.980+0000] {processor.py:183} INFO - Processing /opt/airflow/dags/create_dag_with_python_operator.py took 0.076 seconds
[2024-07-05T05:23:07.509+0000] {processor.py:161} INFO - Started process (PID=1382) to work on /opt/airflow/dags/create_dag_with_python_operator.py
[2024-07-05T05:23:07.510+0000] {processor.py:830} INFO - Processing file /opt/airflow/dags/create_dag_with_python_operator.py for tasks to queue
[2024-07-05T05:23:07.511+0000] {logging_mixin.py:188} INFO - [2024-07-05T05:23:07.511+0000] {dagbag.py:545} INFO - Filling up the DagBag from /opt/airflow/dags/create_dag_with_python_operator.py
[2024-07-05T05:23:07.519+0000] {processor.py:840} INFO - DAG(s) 'our_dag_with_python_operator_v01' retrieved from /opt/airflow/dags/create_dag_with_python_operator.py
[2024-07-05T05:23:07.538+0000] {logging_mixin.py:188} INFO - [2024-07-05T05:23:07.538+0000] {dag.py:3096} INFO - Sync 1 DAGs
[2024-07-05T05:23:07.557+0000] {logging_mixin.py:188} INFO - [2024-07-05T05:23:07.557+0000] {dag.py:3954} INFO - Setting next_dagrun for our_dag_with_python_operator_v01 to 2024-06-30 00:00:00+00:00, run_after=2024-07-01 00:00:00+00:00
[2024-07-05T05:23:07.578+0000] {processor.py:183} INFO - Processing /opt/airflow/dags/create_dag_with_python_operator.py took 0.078 seconds
[2024-07-05T05:23:38.320+0000] {processor.py:161} INFO - Started process (PID=1451) to work on /opt/airflow/dags/create_dag_with_python_operator.py
[2024-07-05T05:23:38.321+0000] {processor.py:830} INFO - Processing file /opt/airflow/dags/create_dag_with_python_operator.py for tasks to queue
[2024-07-05T05:23:38.322+0000] {logging_mixin.py:188} INFO - [2024-07-05T05:23:38.322+0000] {dagbag.py:545} INFO - Filling up the DagBag from /opt/airflow/dags/create_dag_with_python_operator.py
[2024-07-05T05:23:38.329+0000] {processor.py:840} INFO - DAG(s) 'our_dag_with_python_operator_v01' retrieved from /opt/airflow/dags/create_dag_with_python_operator.py
[2024-07-05T05:23:38.352+0000] {logging_mixin.py:188} INFO - [2024-07-05T05:23:38.351+0000] {dag.py:3096} INFO - Sync 1 DAGs
[2024-07-05T05:23:38.375+0000] {logging_mixin.py:188} INFO - [2024-07-05T05:23:38.374+0000] {dag.py:3954} INFO - Setting next_dagrun for our_dag_with_python_operator_v01 to 2024-06-30 00:00:00+00:00, run_after=2024-07-01 00:00:00+00:00
[2024-07-05T05:23:38.394+0000] {processor.py:183} INFO - Processing /opt/airflow/dags/create_dag_with_python_operator.py took 0.082 seconds
[2024-07-05T05:24:08.986+0000] {processor.py:161} INFO - Started process (PID=1510) to work on /opt/airflow/dags/create_dag_with_python_operator.py
[2024-07-05T05:24:08.987+0000] {processor.py:830} INFO - Processing file /opt/airflow/dags/create_dag_with_python_operator.py for tasks to queue
[2024-07-05T05:24:08.989+0000] {logging_mixin.py:188} INFO - [2024-07-05T05:24:08.988+0000] {dagbag.py:545} INFO - Filling up the DagBag from /opt/airflow/dags/create_dag_with_python_operator.py
[2024-07-05T05:24:08.999+0000] {processor.py:840} INFO - DAG(s) 'our_dag_with_python_operator_v01' retrieved from /opt/airflow/dags/create_dag_with_python_operator.py
[2024-07-05T05:24:09.020+0000] {logging_mixin.py:188} INFO - [2024-07-05T05:24:09.020+0000] {dag.py:3096} INFO - Sync 1 DAGs
[2024-07-05T05:24:09.044+0000] {logging_mixin.py:188} INFO - [2024-07-05T05:24:09.043+0000] {dag.py:3954} INFO - Setting next_dagrun for our_dag_with_python_operator_v01 to 2024-06-30 00:00:00+00:00, run_after=2024-07-01 00:00:00+00:00
[2024-07-05T05:24:09.067+0000] {processor.py:183} INFO - Processing /opt/airflow/dags/create_dag_with_python_operator.py took 0.091 seconds
[2024-07-05T05:24:39.778+0000] {processor.py:161} INFO - Started process (PID=1573) to work on /opt/airflow/dags/create_dag_with_python_operator.py
[2024-07-05T05:24:39.779+0000] {processor.py:830} INFO - Processing file /opt/airflow/dags/create_dag_with_python_operator.py for tasks to queue
[2024-07-05T05:24:39.781+0000] {logging_mixin.py:188} INFO - [2024-07-05T05:24:39.780+0000] {dagbag.py:545} INFO - Filling up the DagBag from /opt/airflow/dags/create_dag_with_python_operator.py
[2024-07-05T05:24:39.790+0000] {processor.py:840} INFO - DAG(s) 'our_dag_with_python_operator_v01' retrieved from /opt/airflow/dags/create_dag_with_python_operator.py
[2024-07-05T05:24:39.811+0000] {logging_mixin.py:188} INFO - [2024-07-05T05:24:39.810+0000] {dag.py:3096} INFO - Sync 1 DAGs
[2024-07-05T05:24:39.830+0000] {logging_mixin.py:188} INFO - [2024-07-05T05:24:39.830+0000] {dag.py:3954} INFO - Setting next_dagrun for our_dag_with_python_operator_v01 to 2024-06-30 00:00:00+00:00, run_after=2024-07-01 00:00:00+00:00
[2024-07-05T05:24:39.848+0000] {processor.py:183} INFO - Processing /opt/airflow/dags/create_dag_with_python_operator.py took 0.078 seconds
[2024-07-05T05:25:10.484+0000] {processor.py:161} INFO - Started process (PID=1634) to work on /opt/airflow/dags/create_dag_with_python_operator.py
[2024-07-05T05:25:10.485+0000] {processor.py:830} INFO - Processing file /opt/airflow/dags/create_dag_with_python_operator.py for tasks to queue
[2024-07-05T05:25:10.486+0000] {logging_mixin.py:188} INFO - [2024-07-05T05:25:10.486+0000] {dagbag.py:545} INFO - Filling up the DagBag from /opt/airflow/dags/create_dag_with_python_operator.py
[2024-07-05T05:25:10.493+0000] {processor.py:840} INFO - DAG(s) 'our_dag_with_python_operator_v01' retrieved from /opt/airflow/dags/create_dag_with_python_operator.py
[2024-07-05T05:25:10.512+0000] {logging_mixin.py:188} INFO - [2024-07-05T05:25:10.512+0000] {dag.py:3096} INFO - Sync 1 DAGs
[2024-07-05T05:25:10.532+0000] {logging_mixin.py:188} INFO - [2024-07-05T05:25:10.532+0000] {dag.py:3954} INFO - Setting next_dagrun for our_dag_with_python_operator_v01 to 2024-06-30 00:00:00+00:00, run_after=2024-07-01 00:00:00+00:00
[2024-07-05T05:25:10.556+0000] {processor.py:183} INFO - Processing /opt/airflow/dags/create_dag_with_python_operator.py took 0.080 seconds
