[2024-07-05T05:13:22.995+0000] {processor.py:161} INFO - Started process (PID=188) to work on /opt/airflow/dags/dag_with_postgres_operator.py
[2024-07-05T05:13:22.995+0000] {processor.py:830} INFO - Processing file /opt/airflow/dags/dag_with_postgres_operator.py for tasks to queue
[2024-07-05T05:13:22.997+0000] {logging_mixin.py:188} INFO - [2024-07-05T05:13:22.997+0000] {dagbag.py:545} INFO - Filling up the DagBag from /opt/airflow/dags/dag_with_postgres_operator.py
[2024-07-05T05:13:23.006+0000] {processor.py:840} INFO - DAG(s) 'dag_with_postgres_operator_v03' retrieved from /opt/airflow/dags/dag_with_postgres_operator.py
[2024-07-05T05:13:23.132+0000] {logging_mixin.py:188} INFO - [2024-07-05T05:13:23.132+0000] {override.py:1829} INFO - Created Permission View: can edit on DAG:dag_with_postgres_operator_v03
[2024-07-05T05:13:23.143+0000] {logging_mixin.py:188} INFO - [2024-07-05T05:13:23.142+0000] {override.py:1829} INFO - Created Permission View: can read on DAG:dag_with_postgres_operator_v03
[2024-07-05T05:13:23.150+0000] {logging_mixin.py:188} INFO - [2024-07-05T05:13:23.150+0000] {override.py:1829} INFO - Created Permission View: can delete on DAG:dag_with_postgres_operator_v03
[2024-07-05T05:13:23.151+0000] {logging_mixin.py:188} INFO - [2024-07-05T05:13:23.151+0000] {dag.py:3096} INFO - Sync 1 DAGs
[2024-07-05T05:13:23.161+0000] {logging_mixin.py:188} INFO - [2024-07-05T05:13:23.161+0000] {dag.py:3118} INFO - Creating ORM DAG for dag_with_postgres_operator_v03
[2024-07-05T05:13:23.172+0000] {logging_mixin.py:188} INFO - [2024-07-05T05:13:23.171+0000] {dag.py:3954} INFO - Setting next_dagrun for dag_with_postgres_operator_v03 to 2024-06-30 00:00:00+00:00, run_after=2024-07-01 00:00:00+00:00
[2024-07-05T05:13:23.188+0000] {processor.py:183} INFO - Processing /opt/airflow/dags/dag_with_postgres_operator.py took 0.201 seconds
[2024-07-05T05:13:53.417+0000] {processor.py:161} INFO - Started process (PID=249) to work on /opt/airflow/dags/dag_with_postgres_operator.py
[2024-07-05T05:13:53.419+0000] {processor.py:830} INFO - Processing file /opt/airflow/dags/dag_with_postgres_operator.py for tasks to queue
[2024-07-05T05:13:53.420+0000] {logging_mixin.py:188} INFO - [2024-07-05T05:13:53.420+0000] {dagbag.py:545} INFO - Filling up the DagBag from /opt/airflow/dags/dag_with_postgres_operator.py
[2024-07-05T05:13:53.429+0000] {processor.py:840} INFO - DAG(s) 'dag_with_postgres_operator_v03' retrieved from /opt/airflow/dags/dag_with_postgres_operator.py
[2024-07-05T05:13:53.451+0000] {logging_mixin.py:188} INFO - [2024-07-05T05:13:53.451+0000] {dag.py:3096} INFO - Sync 1 DAGs
[2024-07-05T05:13:53.471+0000] {logging_mixin.py:188} INFO - [2024-07-05T05:13:53.471+0000] {dag.py:3954} INFO - Setting next_dagrun for dag_with_postgres_operator_v03 to 2024-06-30 00:00:00+00:00, run_after=2024-07-01 00:00:00+00:00
[2024-07-05T05:13:53.490+0000] {processor.py:183} INFO - Processing /opt/airflow/dags/dag_with_postgres_operator.py took 0.083 seconds
[2024-07-05T05:14:24.109+0000] {processor.py:161} INFO - Started process (PID=322) to work on /opt/airflow/dags/dag_with_postgres_operator.py
[2024-07-05T05:14:24.110+0000] {processor.py:830} INFO - Processing file /opt/airflow/dags/dag_with_postgres_operator.py for tasks to queue
[2024-07-05T05:14:24.111+0000] {logging_mixin.py:188} INFO - [2024-07-05T05:14:24.111+0000] {dagbag.py:545} INFO - Filling up the DagBag from /opt/airflow/dags/dag_with_postgres_operator.py
[2024-07-05T05:14:24.121+0000] {processor.py:840} INFO - DAG(s) 'dag_with_postgres_operator_v03' retrieved from /opt/airflow/dags/dag_with_postgres_operator.py
[2024-07-05T05:14:24.141+0000] {logging_mixin.py:188} INFO - [2024-07-05T05:14:24.141+0000] {dag.py:3096} INFO - Sync 1 DAGs
[2024-07-05T05:14:24.160+0000] {logging_mixin.py:188} INFO - [2024-07-05T05:14:24.159+0000] {dag.py:3954} INFO - Setting next_dagrun for dag_with_postgres_operator_v03 to 2024-06-30 00:00:00+00:00, run_after=2024-07-01 00:00:00+00:00
[2024-07-05T05:14:24.179+0000] {processor.py:183} INFO - Processing /opt/airflow/dags/dag_with_postgres_operator.py took 0.079 seconds
[2024-07-05T05:14:54.815+0000] {processor.py:161} INFO - Started process (PID=383) to work on /opt/airflow/dags/dag_with_postgres_operator.py
[2024-07-05T05:14:54.816+0000] {processor.py:830} INFO - Processing file /opt/airflow/dags/dag_with_postgres_operator.py for tasks to queue
[2024-07-05T05:14:54.818+0000] {logging_mixin.py:188} INFO - [2024-07-05T05:14:54.817+0000] {dagbag.py:545} INFO - Filling up the DagBag from /opt/airflow/dags/dag_with_postgres_operator.py
[2024-07-05T05:14:54.828+0000] {processor.py:840} INFO - DAG(s) 'dag_with_postgres_operator_v03' retrieved from /opt/airflow/dags/dag_with_postgres_operator.py
[2024-07-05T05:14:54.851+0000] {logging_mixin.py:188} INFO - [2024-07-05T05:14:54.850+0000] {dag.py:3096} INFO - Sync 1 DAGs
[2024-07-05T05:14:54.872+0000] {logging_mixin.py:188} INFO - [2024-07-05T05:14:54.872+0000] {dag.py:3954} INFO - Setting next_dagrun for dag_with_postgres_operator_v03 to 2024-06-30 00:00:00+00:00, run_after=2024-07-01 00:00:00+00:00
[2024-07-05T05:14:54.892+0000] {processor.py:183} INFO - Processing /opt/airflow/dags/dag_with_postgres_operator.py took 0.087 seconds
[2024-07-05T05:15:25.560+0000] {processor.py:161} INFO - Started process (PID=442) to work on /opt/airflow/dags/dag_with_postgres_operator.py
[2024-07-05T05:15:25.562+0000] {processor.py:830} INFO - Processing file /opt/airflow/dags/dag_with_postgres_operator.py for tasks to queue
[2024-07-05T05:15:25.563+0000] {logging_mixin.py:188} INFO - [2024-07-05T05:15:25.563+0000] {dagbag.py:545} INFO - Filling up the DagBag from /opt/airflow/dags/dag_with_postgres_operator.py
[2024-07-05T05:15:25.571+0000] {processor.py:840} INFO - DAG(s) 'dag_with_postgres_operator_v03' retrieved from /opt/airflow/dags/dag_with_postgres_operator.py
[2024-07-05T05:15:25.590+0000] {logging_mixin.py:188} INFO - [2024-07-05T05:15:25.590+0000] {dag.py:3096} INFO - Sync 1 DAGs
[2024-07-05T05:15:25.609+0000] {logging_mixin.py:188} INFO - [2024-07-05T05:15:25.609+0000] {dag.py:3954} INFO - Setting next_dagrun for dag_with_postgres_operator_v03 to 2024-06-30 00:00:00+00:00, run_after=2024-07-01 00:00:00+00:00
[2024-07-05T05:15:25.631+0000] {processor.py:183} INFO - Processing /opt/airflow/dags/dag_with_postgres_operator.py took 0.080 seconds
[2024-07-05T05:15:56.216+0000] {processor.py:161} INFO - Started process (PID=505) to work on /opt/airflow/dags/dag_with_postgres_operator.py
[2024-07-05T05:15:56.218+0000] {processor.py:830} INFO - Processing file /opt/airflow/dags/dag_with_postgres_operator.py for tasks to queue
[2024-07-05T05:15:56.220+0000] {logging_mixin.py:188} INFO - [2024-07-05T05:15:56.220+0000] {dagbag.py:545} INFO - Filling up the DagBag from /opt/airflow/dags/dag_with_postgres_operator.py
[2024-07-05T05:15:56.233+0000] {processor.py:840} INFO - DAG(s) 'dag_with_postgres_operator_v03' retrieved from /opt/airflow/dags/dag_with_postgres_operator.py
[2024-07-05T05:15:56.260+0000] {logging_mixin.py:188} INFO - [2024-07-05T05:15:56.260+0000] {dag.py:3096} INFO - Sync 1 DAGs
[2024-07-05T05:15:56.282+0000] {logging_mixin.py:188} INFO - [2024-07-05T05:15:56.282+0000] {dag.py:3954} INFO - Setting next_dagrun for dag_with_postgres_operator_v03 to 2024-06-30 00:00:00+00:00, run_after=2024-07-01 00:00:00+00:00
[2024-07-05T05:15:56.302+0000] {processor.py:183} INFO - Processing /opt/airflow/dags/dag_with_postgres_operator.py took 0.096 seconds
[2024-07-05T05:16:26.932+0000] {processor.py:161} INFO - Started process (PID=566) to work on /opt/airflow/dags/dag_with_postgres_operator.py
[2024-07-05T05:16:26.933+0000] {processor.py:830} INFO - Processing file /opt/airflow/dags/dag_with_postgres_operator.py for tasks to queue
[2024-07-05T05:16:26.934+0000] {logging_mixin.py:188} INFO - [2024-07-05T05:16:26.934+0000] {dagbag.py:545} INFO - Filling up the DagBag from /opt/airflow/dags/dag_with_postgres_operator.py
[2024-07-05T05:16:26.944+0000] {processor.py:840} INFO - DAG(s) 'dag_with_postgres_operator_v03' retrieved from /opt/airflow/dags/dag_with_postgres_operator.py
[2024-07-05T05:16:26.963+0000] {logging_mixin.py:188} INFO - [2024-07-05T05:16:26.963+0000] {dag.py:3096} INFO - Sync 1 DAGs
[2024-07-05T05:16:26.984+0000] {logging_mixin.py:188} INFO - [2024-07-05T05:16:26.984+0000] {dag.py:3954} INFO - Setting next_dagrun for dag_with_postgres_operator_v03 to 2024-06-30 00:00:00+00:00, run_after=2024-07-01 00:00:00+00:00
[2024-07-05T05:16:27.004+0000] {processor.py:183} INFO - Processing /opt/airflow/dags/dag_with_postgres_operator.py took 0.082 seconds
[2024-07-05T05:16:57.624+0000] {processor.py:161} INFO - Started process (PID=627) to work on /opt/airflow/dags/dag_with_postgres_operator.py
[2024-07-05T05:16:57.624+0000] {processor.py:830} INFO - Processing file /opt/airflow/dags/dag_with_postgres_operator.py for tasks to queue
[2024-07-05T05:16:57.626+0000] {logging_mixin.py:188} INFO - [2024-07-05T05:16:57.625+0000] {dagbag.py:545} INFO - Filling up the DagBag from /opt/airflow/dags/dag_with_postgres_operator.py
[2024-07-05T05:16:57.634+0000] {processor.py:840} INFO - DAG(s) 'dag_with_postgres_operator_v03' retrieved from /opt/airflow/dags/dag_with_postgres_operator.py
[2024-07-05T05:16:57.653+0000] {logging_mixin.py:188} INFO - [2024-07-05T05:16:57.653+0000] {dag.py:3096} INFO - Sync 1 DAGs
[2024-07-05T05:16:57.672+0000] {logging_mixin.py:188} INFO - [2024-07-05T05:16:57.671+0000] {dag.py:3954} INFO - Setting next_dagrun for dag_with_postgres_operator_v03 to 2024-06-30 00:00:00+00:00, run_after=2024-07-01 00:00:00+00:00
[2024-07-05T05:16:57.690+0000] {processor.py:183} INFO - Processing /opt/airflow/dags/dag_with_postgres_operator.py took 0.074 seconds
[2024-07-05T05:17:28.347+0000] {processor.py:161} INFO - Started process (PID=688) to work on /opt/airflow/dags/dag_with_postgres_operator.py
[2024-07-05T05:17:28.349+0000] {processor.py:830} INFO - Processing file /opt/airflow/dags/dag_with_postgres_operator.py for tasks to queue
[2024-07-05T05:17:28.350+0000] {logging_mixin.py:188} INFO - [2024-07-05T05:17:28.350+0000] {dagbag.py:545} INFO - Filling up the DagBag from /opt/airflow/dags/dag_with_postgres_operator.py
[2024-07-05T05:17:28.359+0000] {processor.py:840} INFO - DAG(s) 'dag_with_postgres_operator_v03' retrieved from /opt/airflow/dags/dag_with_postgres_operator.py
[2024-07-05T05:17:28.381+0000] {logging_mixin.py:188} INFO - [2024-07-05T05:17:28.381+0000] {dag.py:3096} INFO - Sync 1 DAGs
[2024-07-05T05:17:28.404+0000] {logging_mixin.py:188} INFO - [2024-07-05T05:17:28.403+0000] {dag.py:3954} INFO - Setting next_dagrun for dag_with_postgres_operator_v03 to 2024-06-30 00:00:00+00:00, run_after=2024-07-01 00:00:00+00:00
[2024-07-05T05:17:28.428+0000] {processor.py:183} INFO - Processing /opt/airflow/dags/dag_with_postgres_operator.py took 0.090 seconds
[2024-07-05T05:17:59.192+0000] {processor.py:161} INFO - Started process (PID=749) to work on /opt/airflow/dags/dag_with_postgres_operator.py
[2024-07-05T05:17:59.192+0000] {processor.py:830} INFO - Processing file /opt/airflow/dags/dag_with_postgres_operator.py for tasks to queue
[2024-07-05T05:17:59.194+0000] {logging_mixin.py:188} INFO - [2024-07-05T05:17:59.193+0000] {dagbag.py:545} INFO - Filling up the DagBag from /opt/airflow/dags/dag_with_postgres_operator.py
[2024-07-05T05:17:59.203+0000] {processor.py:840} INFO - DAG(s) 'dag_with_postgres_operator_v03' retrieved from /opt/airflow/dags/dag_with_postgres_operator.py
[2024-07-05T05:17:59.225+0000] {logging_mixin.py:188} INFO - [2024-07-05T05:17:59.224+0000] {dag.py:3096} INFO - Sync 1 DAGs
[2024-07-05T05:17:59.244+0000] {logging_mixin.py:188} INFO - [2024-07-05T05:17:59.244+0000] {dag.py:3954} INFO - Setting next_dagrun for dag_with_postgres_operator_v03 to 2024-06-30 00:00:00+00:00, run_after=2024-07-01 00:00:00+00:00
[2024-07-05T05:17:59.270+0000] {processor.py:183} INFO - Processing /opt/airflow/dags/dag_with_postgres_operator.py took 0.087 seconds
[2024-07-05T05:18:29.917+0000] {processor.py:161} INFO - Started process (PID=810) to work on /opt/airflow/dags/dag_with_postgres_operator.py
[2024-07-05T05:18:29.918+0000] {processor.py:830} INFO - Processing file /opt/airflow/dags/dag_with_postgres_operator.py for tasks to queue
[2024-07-05T05:18:29.919+0000] {logging_mixin.py:188} INFO - [2024-07-05T05:18:29.919+0000] {dagbag.py:545} INFO - Filling up the DagBag from /opt/airflow/dags/dag_with_postgres_operator.py
[2024-07-05T05:18:29.927+0000] {processor.py:840} INFO - DAG(s) 'dag_with_postgres_operator_v03' retrieved from /opt/airflow/dags/dag_with_postgres_operator.py
[2024-07-05T05:18:29.947+0000] {logging_mixin.py:188} INFO - [2024-07-05T05:18:29.947+0000] {dag.py:3096} INFO - Sync 1 DAGs
[2024-07-05T05:18:29.967+0000] {logging_mixin.py:188} INFO - [2024-07-05T05:18:29.967+0000] {dag.py:3954} INFO - Setting next_dagrun for dag_with_postgres_operator_v03 to 2024-06-30 00:00:00+00:00, run_after=2024-07-01 00:00:00+00:00
[2024-07-05T05:18:29.988+0000] {processor.py:183} INFO - Processing /opt/airflow/dags/dag_with_postgres_operator.py took 0.079 seconds
[2024-07-05T05:19:00.640+0000] {processor.py:161} INFO - Started process (PID=871) to work on /opt/airflow/dags/dag_with_postgres_operator.py
[2024-07-05T05:19:00.641+0000] {processor.py:830} INFO - Processing file /opt/airflow/dags/dag_with_postgres_operator.py for tasks to queue
[2024-07-05T05:19:00.642+0000] {logging_mixin.py:188} INFO - [2024-07-05T05:19:00.642+0000] {dagbag.py:545} INFO - Filling up the DagBag from /opt/airflow/dags/dag_with_postgres_operator.py
[2024-07-05T05:19:00.651+0000] {processor.py:840} INFO - DAG(s) 'dag_with_postgres_operator_v03' retrieved from /opt/airflow/dags/dag_with_postgres_operator.py
[2024-07-05T05:19:00.677+0000] {logging_mixin.py:188} INFO - [2024-07-05T05:19:00.677+0000] {dag.py:3096} INFO - Sync 1 DAGs
[2024-07-05T05:19:00.701+0000] {logging_mixin.py:188} INFO - [2024-07-05T05:19:00.701+0000] {dag.py:3954} INFO - Setting next_dagrun for dag_with_postgres_operator_v03 to 2024-06-30 00:00:00+00:00, run_after=2024-07-01 00:00:00+00:00
[2024-07-05T05:19:00.722+0000] {processor.py:183} INFO - Processing /opt/airflow/dags/dag_with_postgres_operator.py took 0.092 seconds
[2024-07-05T05:19:31.376+0000] {processor.py:161} INFO - Started process (PID=932) to work on /opt/airflow/dags/dag_with_postgres_operator.py
[2024-07-05T05:19:31.377+0000] {processor.py:830} INFO - Processing file /opt/airflow/dags/dag_with_postgres_operator.py for tasks to queue
[2024-07-05T05:19:31.379+0000] {logging_mixin.py:188} INFO - [2024-07-05T05:19:31.378+0000] {dagbag.py:545} INFO - Filling up the DagBag from /opt/airflow/dags/dag_with_postgres_operator.py
[2024-07-05T05:19:31.388+0000] {processor.py:840} INFO - DAG(s) 'dag_with_postgres_operator_v03' retrieved from /opt/airflow/dags/dag_with_postgres_operator.py
[2024-07-05T05:19:31.407+0000] {logging_mixin.py:188} INFO - [2024-07-05T05:19:31.407+0000] {dag.py:3096} INFO - Sync 1 DAGs
[2024-07-05T05:19:31.427+0000] {logging_mixin.py:188} INFO - [2024-07-05T05:19:31.426+0000] {dag.py:3954} INFO - Setting next_dagrun for dag_with_postgres_operator_v03 to 2024-06-30 00:00:00+00:00, run_after=2024-07-01 00:00:00+00:00
[2024-07-05T05:19:31.451+0000] {processor.py:183} INFO - Processing /opt/airflow/dags/dag_with_postgres_operator.py took 0.084 seconds
[2024-07-05T05:20:02.086+0000] {processor.py:161} INFO - Started process (PID=993) to work on /opt/airflow/dags/dag_with_postgres_operator.py
[2024-07-05T05:20:02.087+0000] {processor.py:830} INFO - Processing file /opt/airflow/dags/dag_with_postgres_operator.py for tasks to queue
[2024-07-05T05:20:02.089+0000] {logging_mixin.py:188} INFO - [2024-07-05T05:20:02.088+0000] {dagbag.py:545} INFO - Filling up the DagBag from /opt/airflow/dags/dag_with_postgres_operator.py
[2024-07-05T05:20:02.097+0000] {processor.py:840} INFO - DAG(s) 'dag_with_postgres_operator_v03' retrieved from /opt/airflow/dags/dag_with_postgres_operator.py
[2024-07-05T05:20:02.118+0000] {logging_mixin.py:188} INFO - [2024-07-05T05:20:02.117+0000] {dag.py:3096} INFO - Sync 1 DAGs
[2024-07-05T05:20:02.137+0000] {logging_mixin.py:188} INFO - [2024-07-05T05:20:02.137+0000] {dag.py:3954} INFO - Setting next_dagrun for dag_with_postgres_operator_v03 to 2024-06-30 00:00:00+00:00, run_after=2024-07-01 00:00:00+00:00
[2024-07-05T05:20:02.162+0000] {processor.py:183} INFO - Processing /opt/airflow/dags/dag_with_postgres_operator.py took 0.085 seconds
[2024-07-05T05:20:32.798+0000] {processor.py:161} INFO - Started process (PID=1054) to work on /opt/airflow/dags/dag_with_postgres_operator.py
[2024-07-05T05:20:32.799+0000] {processor.py:830} INFO - Processing file /opt/airflow/dags/dag_with_postgres_operator.py for tasks to queue
[2024-07-05T05:20:32.801+0000] {logging_mixin.py:188} INFO - [2024-07-05T05:20:32.800+0000] {dagbag.py:545} INFO - Filling up the DagBag from /opt/airflow/dags/dag_with_postgres_operator.py
[2024-07-05T05:20:32.809+0000] {processor.py:840} INFO - DAG(s) 'dag_with_postgres_operator_v03' retrieved from /opt/airflow/dags/dag_with_postgres_operator.py
[2024-07-05T05:20:32.829+0000] {logging_mixin.py:188} INFO - [2024-07-05T05:20:32.828+0000] {dag.py:3096} INFO - Sync 1 DAGs
[2024-07-05T05:20:32.848+0000] {logging_mixin.py:188} INFO - [2024-07-05T05:20:32.848+0000] {dag.py:3954} INFO - Setting next_dagrun for dag_with_postgres_operator_v03 to 2024-06-30 00:00:00+00:00, run_after=2024-07-01 00:00:00+00:00
[2024-07-05T05:20:32.872+0000] {processor.py:183} INFO - Processing /opt/airflow/dags/dag_with_postgres_operator.py took 0.082 seconds
[2024-07-05T05:21:03.537+0000] {processor.py:161} INFO - Started process (PID=1115) to work on /opt/airflow/dags/dag_with_postgres_operator.py
[2024-07-05T05:21:03.538+0000] {processor.py:830} INFO - Processing file /opt/airflow/dags/dag_with_postgres_operator.py for tasks to queue
[2024-07-05T05:21:03.539+0000] {logging_mixin.py:188} INFO - [2024-07-05T05:21:03.539+0000] {dagbag.py:545} INFO - Filling up the DagBag from /opt/airflow/dags/dag_with_postgres_operator.py
[2024-07-05T05:21:03.548+0000] {processor.py:840} INFO - DAG(s) 'dag_with_postgres_operator_v03' retrieved from /opt/airflow/dags/dag_with_postgres_operator.py
[2024-07-05T05:21:03.569+0000] {logging_mixin.py:188} INFO - [2024-07-05T05:21:03.569+0000] {dag.py:3096} INFO - Sync 1 DAGs
[2024-07-05T05:21:03.591+0000] {logging_mixin.py:188} INFO - [2024-07-05T05:21:03.590+0000] {dag.py:3954} INFO - Setting next_dagrun for dag_with_postgres_operator_v03 to 2024-06-30 00:00:00+00:00, run_after=2024-07-01 00:00:00+00:00
[2024-07-05T05:21:03.610+0000] {processor.py:183} INFO - Processing /opt/airflow/dags/dag_with_postgres_operator.py took 0.083 seconds
[2024-07-05T05:21:34.237+0000] {processor.py:161} INFO - Started process (PID=1176) to work on /opt/airflow/dags/dag_with_postgres_operator.py
[2024-07-05T05:21:34.239+0000] {processor.py:830} INFO - Processing file /opt/airflow/dags/dag_with_postgres_operator.py for tasks to queue
[2024-07-05T05:21:34.240+0000] {logging_mixin.py:188} INFO - [2024-07-05T05:21:34.240+0000] {dagbag.py:545} INFO - Filling up the DagBag from /opt/airflow/dags/dag_with_postgres_operator.py
[2024-07-05T05:21:34.250+0000] {processor.py:840} INFO - DAG(s) 'dag_with_postgres_operator_v03' retrieved from /opt/airflow/dags/dag_with_postgres_operator.py
[2024-07-05T05:21:34.271+0000] {logging_mixin.py:188} INFO - [2024-07-05T05:21:34.271+0000] {dag.py:3096} INFO - Sync 1 DAGs
[2024-07-05T05:21:34.294+0000] {logging_mixin.py:188} INFO - [2024-07-05T05:21:34.294+0000] {dag.py:3954} INFO - Setting next_dagrun for dag_with_postgres_operator_v03 to 2024-06-30 00:00:00+00:00, run_after=2024-07-01 00:00:00+00:00
[2024-07-05T05:21:34.316+0000] {processor.py:183} INFO - Processing /opt/airflow/dags/dag_with_postgres_operator.py took 0.090 seconds
[2024-07-05T05:22:04.965+0000] {processor.py:161} INFO - Started process (PID=1237) to work on /opt/airflow/dags/dag_with_postgres_operator.py
[2024-07-05T05:22:04.966+0000] {processor.py:830} INFO - Processing file /opt/airflow/dags/dag_with_postgres_operator.py for tasks to queue
[2024-07-05T05:22:04.967+0000] {logging_mixin.py:188} INFO - [2024-07-05T05:22:04.967+0000] {dagbag.py:545} INFO - Filling up the DagBag from /opt/airflow/dags/dag_with_postgres_operator.py
[2024-07-05T05:22:04.976+0000] {processor.py:840} INFO - DAG(s) 'dag_with_postgres_operator_v03' retrieved from /opt/airflow/dags/dag_with_postgres_operator.py
[2024-07-05T05:22:04.997+0000] {logging_mixin.py:188} INFO - [2024-07-05T05:22:04.996+0000] {dag.py:3096} INFO - Sync 1 DAGs
[2024-07-05T05:22:05.016+0000] {logging_mixin.py:188} INFO - [2024-07-05T05:22:05.016+0000] {dag.py:3954} INFO - Setting next_dagrun for dag_with_postgres_operator_v03 to 2024-06-30 00:00:00+00:00, run_after=2024-07-01 00:00:00+00:00
[2024-07-05T05:22:05.039+0000] {processor.py:183} INFO - Processing /opt/airflow/dags/dag_with_postgres_operator.py took 0.082 seconds
[2024-07-05T05:22:35.626+0000] {processor.py:161} INFO - Started process (PID=1298) to work on /opt/airflow/dags/dag_with_postgres_operator.py
[2024-07-05T05:22:35.628+0000] {processor.py:830} INFO - Processing file /opt/airflow/dags/dag_with_postgres_operator.py for tasks to queue
[2024-07-05T05:22:35.629+0000] {logging_mixin.py:188} INFO - [2024-07-05T05:22:35.629+0000] {dagbag.py:545} INFO - Filling up the DagBag from /opt/airflow/dags/dag_with_postgres_operator.py
[2024-07-05T05:22:35.637+0000] {processor.py:840} INFO - DAG(s) 'dag_with_postgres_operator_v03' retrieved from /opt/airflow/dags/dag_with_postgres_operator.py
[2024-07-05T05:22:35.656+0000] {logging_mixin.py:188} INFO - [2024-07-05T05:22:35.656+0000] {dag.py:3096} INFO - Sync 1 DAGs
[2024-07-05T05:22:35.675+0000] {logging_mixin.py:188} INFO - [2024-07-05T05:22:35.675+0000] {dag.py:3954} INFO - Setting next_dagrun for dag_with_postgres_operator_v03 to 2024-06-30 00:00:00+00:00, run_after=2024-07-01 00:00:00+00:00
[2024-07-05T05:22:35.699+0000] {processor.py:183} INFO - Processing /opt/airflow/dags/dag_with_postgres_operator.py took 0.081 seconds
[2024-07-05T05:23:06.295+0000] {processor.py:161} INFO - Started process (PID=1359) to work on /opt/airflow/dags/dag_with_postgres_operator.py
[2024-07-05T05:23:06.296+0000] {processor.py:830} INFO - Processing file /opt/airflow/dags/dag_with_postgres_operator.py for tasks to queue
[2024-07-05T05:23:06.297+0000] {logging_mixin.py:188} INFO - [2024-07-05T05:23:06.297+0000] {dagbag.py:545} INFO - Filling up the DagBag from /opt/airflow/dags/dag_with_postgres_operator.py
[2024-07-05T05:23:06.305+0000] {processor.py:840} INFO - DAG(s) 'dag_with_postgres_operator_v03' retrieved from /opt/airflow/dags/dag_with_postgres_operator.py
[2024-07-05T05:23:06.326+0000] {logging_mixin.py:188} INFO - [2024-07-05T05:23:06.326+0000] {dag.py:3096} INFO - Sync 1 DAGs
[2024-07-05T05:23:06.345+0000] {logging_mixin.py:188} INFO - [2024-07-05T05:23:06.345+0000] {dag.py:3954} INFO - Setting next_dagrun for dag_with_postgres_operator_v03 to 2024-06-30 00:00:00+00:00, run_after=2024-07-01 00:00:00+00:00
[2024-07-05T05:23:06.363+0000] {processor.py:183} INFO - Processing /opt/airflow/dags/dag_with_postgres_operator.py took 0.077 seconds
[2024-07-05T05:23:37.013+0000] {processor.py:161} INFO - Started process (PID=1420) to work on /opt/airflow/dags/dag_with_postgres_operator.py
[2024-07-05T05:23:37.014+0000] {processor.py:830} INFO - Processing file /opt/airflow/dags/dag_with_postgres_operator.py for tasks to queue
[2024-07-05T05:23:37.015+0000] {logging_mixin.py:188} INFO - [2024-07-05T05:23:37.015+0000] {dagbag.py:545} INFO - Filling up the DagBag from /opt/airflow/dags/dag_with_postgres_operator.py
[2024-07-05T05:23:37.024+0000] {processor.py:840} INFO - DAG(s) 'dag_with_postgres_operator_v03' retrieved from /opt/airflow/dags/dag_with_postgres_operator.py
[2024-07-05T05:23:37.045+0000] {logging_mixin.py:188} INFO - [2024-07-05T05:23:37.045+0000] {dag.py:3096} INFO - Sync 1 DAGs
[2024-07-05T05:23:37.067+0000] {logging_mixin.py:188} INFO - [2024-07-05T05:23:37.066+0000] {dag.py:3954} INFO - Setting next_dagrun for dag_with_postgres_operator_v03 to 2024-06-30 00:00:00+00:00, run_after=2024-07-01 00:00:00+00:00
[2024-07-05T05:23:37.092+0000] {processor.py:183} INFO - Processing /opt/airflow/dags/dag_with_postgres_operator.py took 0.089 seconds
[2024-07-05T05:24:07.842+0000] {processor.py:161} INFO - Started process (PID=1481) to work on /opt/airflow/dags/dag_with_postgres_operator.py
[2024-07-05T05:24:07.844+0000] {processor.py:830} INFO - Processing file /opt/airflow/dags/dag_with_postgres_operator.py for tasks to queue
[2024-07-05T05:24:07.846+0000] {logging_mixin.py:188} INFO - [2024-07-05T05:24:07.846+0000] {dagbag.py:545} INFO - Filling up the DagBag from /opt/airflow/dags/dag_with_postgres_operator.py
[2024-07-05T05:24:07.857+0000] {processor.py:840} INFO - DAG(s) 'dag_with_postgres_operator_v03' retrieved from /opt/airflow/dags/dag_with_postgres_operator.py
[2024-07-05T05:24:07.886+0000] {logging_mixin.py:188} INFO - [2024-07-05T05:24:07.886+0000] {dag.py:3096} INFO - Sync 1 DAGs
[2024-07-05T05:24:07.915+0000] {logging_mixin.py:188} INFO - [2024-07-05T05:24:07.915+0000] {dag.py:3954} INFO - Setting next_dagrun for dag_with_postgres_operator_v03 to 2024-06-30 00:00:00+00:00, run_after=2024-07-01 00:00:00+00:00
[2024-07-05T05:24:07.946+0000] {processor.py:183} INFO - Processing /opt/airflow/dags/dag_with_postgres_operator.py took 0.116 seconds
[2024-07-05T05:24:38.489+0000] {processor.py:161} INFO - Started process (PID=1548) to work on /opt/airflow/dags/dag_with_postgres_operator.py
[2024-07-05T05:24:38.490+0000] {processor.py:830} INFO - Processing file /opt/airflow/dags/dag_with_postgres_operator.py for tasks to queue
[2024-07-05T05:24:38.491+0000] {logging_mixin.py:188} INFO - [2024-07-05T05:24:38.491+0000] {dagbag.py:545} INFO - Filling up the DagBag from /opt/airflow/dags/dag_with_postgres_operator.py
[2024-07-05T05:24:38.500+0000] {processor.py:840} INFO - DAG(s) 'dag_with_postgres_operator_v03' retrieved from /opt/airflow/dags/dag_with_postgres_operator.py
[2024-07-05T05:24:38.520+0000] {logging_mixin.py:188} INFO - [2024-07-05T05:24:38.520+0000] {dag.py:3096} INFO - Sync 1 DAGs
[2024-07-05T05:24:38.539+0000] {logging_mixin.py:188} INFO - [2024-07-05T05:24:38.538+0000] {dag.py:3954} INFO - Setting next_dagrun for dag_with_postgres_operator_v03 to 2024-06-30 00:00:00+00:00, run_after=2024-07-01 00:00:00+00:00
[2024-07-05T05:24:38.557+0000] {processor.py:183} INFO - Processing /opt/airflow/dags/dag_with_postgres_operator.py took 0.078 seconds
[2024-07-05T05:25:09.190+0000] {processor.py:161} INFO - Started process (PID=1609) to work on /opt/airflow/dags/dag_with_postgres_operator.py
[2024-07-05T05:25:09.191+0000] {processor.py:830} INFO - Processing file /opt/airflow/dags/dag_with_postgres_operator.py for tasks to queue
[2024-07-05T05:25:09.192+0000] {logging_mixin.py:188} INFO - [2024-07-05T05:25:09.192+0000] {dagbag.py:545} INFO - Filling up the DagBag from /opt/airflow/dags/dag_with_postgres_operator.py
[2024-07-05T05:25:09.200+0000] {processor.py:840} INFO - DAG(s) 'dag_with_postgres_operator_v03' retrieved from /opt/airflow/dags/dag_with_postgres_operator.py
[2024-07-05T05:25:09.220+0000] {logging_mixin.py:188} INFO - [2024-07-05T05:25:09.220+0000] {dag.py:3096} INFO - Sync 1 DAGs
[2024-07-05T05:25:09.239+0000] {logging_mixin.py:188} INFO - [2024-07-05T05:25:09.239+0000] {dag.py:3954} INFO - Setting next_dagrun for dag_with_postgres_operator_v03 to 2024-06-30 00:00:00+00:00, run_after=2024-07-01 00:00:00+00:00
[2024-07-05T05:25:09.265+0000] {processor.py:183} INFO - Processing /opt/airflow/dags/dag_with_postgres_operator.py took 0.084 seconds
