[2024-07-05T05:13:23.456+0000] {processor.py:161} INFO - Started process (PID=203) to work on /opt/airflow/dags/dag_with_task_flow_api.py
[2024-07-05T05:13:23.458+0000] {processor.py:830} INFO - Processing file /opt/airflow/dags/dag_with_task_flow_api.py for tasks to queue
[2024-07-05T05:13:23.461+0000] {logging_mixin.py:188} INFO - [2024-07-05T05:13:23.460+0000] {dagbag.py:545} INFO - Filling up the DagBag from /opt/airflow/dags/dag_with_task_flow_api.py
[2024-07-05T05:13:23.481+0000] {processor.py:840} INFO - DAG(s) 'dag_with_workflow_api_v02' retrieved from /opt/airflow/dags/dag_with_task_flow_api.py
[2024-07-05T05:13:23.637+0000] {logging_mixin.py:188} INFO - [2024-07-05T05:13:23.636+0000] {override.py:1829} INFO - Created Permission View: can edit on DAG:dag_with_workflow_api_v02
[2024-07-05T05:13:23.648+0000] {logging_mixin.py:188} INFO - [2024-07-05T05:13:23.647+0000] {override.py:1829} INFO - Created Permission View: can read on DAG:dag_with_workflow_api_v02
[2024-07-05T05:13:23.657+0000] {logging_mixin.py:188} INFO - [2024-07-05T05:13:23.657+0000] {override.py:1829} INFO - Created Permission View: can delete on DAG:dag_with_workflow_api_v02
[2024-07-05T05:13:23.657+0000] {logging_mixin.py:188} INFO - [2024-07-05T05:13:23.657+0000] {dag.py:3096} INFO - Sync 1 DAGs
[2024-07-05T05:13:23.671+0000] {logging_mixin.py:188} INFO - [2024-07-05T05:13:23.671+0000] {dag.py:3118} INFO - Creating ORM DAG for dag_with_workflow_api_v02
[2024-07-05T05:13:23.688+0000] {logging_mixin.py:188} INFO - [2024-07-05T05:13:23.688+0000] {dag.py:3954} INFO - Setting next_dagrun for dag_with_workflow_api_v02 to 2024-06-30 00:00:00+00:00, run_after=2024-07-01 00:00:00+00:00
[2024-07-05T05:13:23.711+0000] {processor.py:183} INFO - Processing /opt/airflow/dags/dag_with_task_flow_api.py took 0.277 seconds
[2024-07-05T05:13:54.528+0000] {processor.py:161} INFO - Started process (PID=264) to work on /opt/airflow/dags/dag_with_task_flow_api.py
[2024-07-05T05:13:54.529+0000] {processor.py:830} INFO - Processing file /opt/airflow/dags/dag_with_task_flow_api.py for tasks to queue
[2024-07-05T05:13:54.530+0000] {logging_mixin.py:188} INFO - [2024-07-05T05:13:54.530+0000] {dagbag.py:545} INFO - Filling up the DagBag from /opt/airflow/dags/dag_with_task_flow_api.py
[2024-07-05T05:13:54.539+0000] {processor.py:840} INFO - DAG(s) 'dag_with_workflow_api_v02' retrieved from /opt/airflow/dags/dag_with_task_flow_api.py
[2024-07-05T05:13:54.558+0000] {logging_mixin.py:188} INFO - [2024-07-05T05:13:54.558+0000] {dag.py:3096} INFO - Sync 1 DAGs
[2024-07-05T05:13:54.576+0000] {logging_mixin.py:188} INFO - [2024-07-05T05:13:54.576+0000] {dag.py:3954} INFO - Setting next_dagrun for dag_with_workflow_api_v02 to 2024-06-30 00:00:00+00:00, run_after=2024-07-01 00:00:00+00:00
[2024-07-05T05:13:54.597+0000] {processor.py:183} INFO - Processing /opt/airflow/dags/dag_with_task_flow_api.py took 0.077 seconds
[2024-07-05T05:14:25.222+0000] {processor.py:161} INFO - Started process (PID=335) to work on /opt/airflow/dags/dag_with_task_flow_api.py
[2024-07-05T05:14:25.223+0000] {processor.py:830} INFO - Processing file /opt/airflow/dags/dag_with_task_flow_api.py for tasks to queue
[2024-07-05T05:14:25.225+0000] {logging_mixin.py:188} INFO - [2024-07-05T05:14:25.224+0000] {dagbag.py:545} INFO - Filling up the DagBag from /opt/airflow/dags/dag_with_task_flow_api.py
[2024-07-05T05:14:25.234+0000] {processor.py:840} INFO - DAG(s) 'dag_with_workflow_api_v02' retrieved from /opt/airflow/dags/dag_with_task_flow_api.py
[2024-07-05T05:14:25.252+0000] {logging_mixin.py:188} INFO - [2024-07-05T05:14:25.252+0000] {dag.py:3096} INFO - Sync 1 DAGs
[2024-07-05T05:14:25.271+0000] {logging_mixin.py:188} INFO - [2024-07-05T05:14:25.271+0000] {dag.py:3954} INFO - Setting next_dagrun for dag_with_workflow_api_v02 to 2024-06-30 00:00:00+00:00, run_after=2024-07-01 00:00:00+00:00
[2024-07-05T05:14:25.292+0000] {processor.py:183} INFO - Processing /opt/airflow/dags/dag_with_task_flow_api.py took 0.078 seconds
[2024-07-05T05:14:55.932+0000] {processor.py:161} INFO - Started process (PID=396) to work on /opt/airflow/dags/dag_with_task_flow_api.py
[2024-07-05T05:14:55.933+0000] {processor.py:830} INFO - Processing file /opt/airflow/dags/dag_with_task_flow_api.py for tasks to queue
[2024-07-05T05:14:55.935+0000] {logging_mixin.py:188} INFO - [2024-07-05T05:14:55.935+0000] {dagbag.py:545} INFO - Filling up the DagBag from /opt/airflow/dags/dag_with_task_flow_api.py
[2024-07-05T05:14:55.944+0000] {processor.py:840} INFO - DAG(s) 'dag_with_workflow_api_v02' retrieved from /opt/airflow/dags/dag_with_task_flow_api.py
[2024-07-05T05:14:55.964+0000] {logging_mixin.py:188} INFO - [2024-07-05T05:14:55.964+0000] {dag.py:3096} INFO - Sync 1 DAGs
[2024-07-05T05:14:55.983+0000] {logging_mixin.py:188} INFO - [2024-07-05T05:14:55.983+0000] {dag.py:3954} INFO - Setting next_dagrun for dag_with_workflow_api_v02 to 2024-06-30 00:00:00+00:00, run_after=2024-07-01 00:00:00+00:00
[2024-07-05T05:14:56.002+0000] {processor.py:183} INFO - Processing /opt/airflow/dags/dag_with_task_flow_api.py took 0.078 seconds
[2024-07-05T05:15:26.670+0000] {processor.py:161} INFO - Started process (PID=457) to work on /opt/airflow/dags/dag_with_task_flow_api.py
[2024-07-05T05:15:26.671+0000] {processor.py:830} INFO - Processing file /opt/airflow/dags/dag_with_task_flow_api.py for tasks to queue
[2024-07-05T05:15:26.673+0000] {logging_mixin.py:188} INFO - [2024-07-05T05:15:26.672+0000] {dagbag.py:545} INFO - Filling up the DagBag from /opt/airflow/dags/dag_with_task_flow_api.py
[2024-07-05T05:15:26.682+0000] {processor.py:840} INFO - DAG(s) 'dag_with_workflow_api_v02' retrieved from /opt/airflow/dags/dag_with_task_flow_api.py
[2024-07-05T05:15:26.705+0000] {logging_mixin.py:188} INFO - [2024-07-05T05:15:26.705+0000] {dag.py:3096} INFO - Sync 1 DAGs
[2024-07-05T05:15:26.726+0000] {logging_mixin.py:188} INFO - [2024-07-05T05:15:26.725+0000] {dag.py:3954} INFO - Setting next_dagrun for dag_with_workflow_api_v02 to 2024-06-30 00:00:00+00:00, run_after=2024-07-01 00:00:00+00:00
[2024-07-05T05:15:26.748+0000] {processor.py:183} INFO - Processing /opt/airflow/dags/dag_with_task_flow_api.py took 0.087 seconds
[2024-07-05T05:15:57.346+0000] {processor.py:161} INFO - Started process (PID=518) to work on /opt/airflow/dags/dag_with_task_flow_api.py
[2024-07-05T05:15:57.347+0000] {processor.py:830} INFO - Processing file /opt/airflow/dags/dag_with_task_flow_api.py for tasks to queue
[2024-07-05T05:15:57.349+0000] {logging_mixin.py:188} INFO - [2024-07-05T05:15:57.349+0000] {dagbag.py:545} INFO - Filling up the DagBag from /opt/airflow/dags/dag_with_task_flow_api.py
[2024-07-05T05:15:57.357+0000] {processor.py:840} INFO - DAG(s) 'dag_with_workflow_api_v02' retrieved from /opt/airflow/dags/dag_with_task_flow_api.py
[2024-07-05T05:15:57.375+0000] {logging_mixin.py:188} INFO - [2024-07-05T05:15:57.375+0000] {dag.py:3096} INFO - Sync 1 DAGs
[2024-07-05T05:15:57.394+0000] {logging_mixin.py:188} INFO - [2024-07-05T05:15:57.394+0000] {dag.py:3954} INFO - Setting next_dagrun for dag_with_workflow_api_v02 to 2024-06-30 00:00:00+00:00, run_after=2024-07-01 00:00:00+00:00
[2024-07-05T05:15:57.414+0000] {processor.py:183} INFO - Processing /opt/airflow/dags/dag_with_task_flow_api.py took 0.076 seconds
[2024-07-05T05:16:28.044+0000] {processor.py:161} INFO - Started process (PID=579) to work on /opt/airflow/dags/dag_with_task_flow_api.py
[2024-07-05T05:16:28.045+0000] {processor.py:830} INFO - Processing file /opt/airflow/dags/dag_with_task_flow_api.py for tasks to queue
[2024-07-05T05:16:28.046+0000] {logging_mixin.py:188} INFO - [2024-07-05T05:16:28.046+0000] {dagbag.py:545} INFO - Filling up the DagBag from /opt/airflow/dags/dag_with_task_flow_api.py
[2024-07-05T05:16:28.054+0000] {processor.py:840} INFO - DAG(s) 'dag_with_workflow_api_v02' retrieved from /opt/airflow/dags/dag_with_task_flow_api.py
[2024-07-05T05:16:28.071+0000] {logging_mixin.py:188} INFO - [2024-07-05T05:16:28.071+0000] {dag.py:3096} INFO - Sync 1 DAGs
[2024-07-05T05:16:28.089+0000] {logging_mixin.py:188} INFO - [2024-07-05T05:16:28.088+0000] {dag.py:3954} INFO - Setting next_dagrun for dag_with_workflow_api_v02 to 2024-06-30 00:00:00+00:00, run_after=2024-07-01 00:00:00+00:00
[2024-07-05T05:16:28.111+0000] {processor.py:183} INFO - Processing /opt/airflow/dags/dag_with_task_flow_api.py took 0.075 seconds
[2024-07-05T05:16:58.729+0000] {processor.py:161} INFO - Started process (PID=640) to work on /opt/airflow/dags/dag_with_task_flow_api.py
[2024-07-05T05:16:58.730+0000] {processor.py:830} INFO - Processing file /opt/airflow/dags/dag_with_task_flow_api.py for tasks to queue
[2024-07-05T05:16:58.732+0000] {logging_mixin.py:188} INFO - [2024-07-05T05:16:58.731+0000] {dagbag.py:545} INFO - Filling up the DagBag from /opt/airflow/dags/dag_with_task_flow_api.py
[2024-07-05T05:16:58.741+0000] {processor.py:840} INFO - DAG(s) 'dag_with_workflow_api_v02' retrieved from /opt/airflow/dags/dag_with_task_flow_api.py
[2024-07-05T05:16:58.760+0000] {logging_mixin.py:188} INFO - [2024-07-05T05:16:58.760+0000] {dag.py:3096} INFO - Sync 1 DAGs
[2024-07-05T05:16:58.779+0000] {logging_mixin.py:188} INFO - [2024-07-05T05:16:58.779+0000] {dag.py:3954} INFO - Setting next_dagrun for dag_with_workflow_api_v02 to 2024-06-30 00:00:00+00:00, run_after=2024-07-01 00:00:00+00:00
[2024-07-05T05:16:58.802+0000] {processor.py:183} INFO - Processing /opt/airflow/dags/dag_with_task_flow_api.py took 0.081 seconds
[2024-07-05T05:17:29.473+0000] {processor.py:161} INFO - Started process (PID=701) to work on /opt/airflow/dags/dag_with_task_flow_api.py
[2024-07-05T05:17:29.474+0000] {processor.py:830} INFO - Processing file /opt/airflow/dags/dag_with_task_flow_api.py for tasks to queue
[2024-07-05T05:17:29.476+0000] {logging_mixin.py:188} INFO - [2024-07-05T05:17:29.476+0000] {dagbag.py:545} INFO - Filling up the DagBag from /opt/airflow/dags/dag_with_task_flow_api.py
[2024-07-05T05:17:29.489+0000] {processor.py:840} INFO - DAG(s) 'dag_with_workflow_api_v02' retrieved from /opt/airflow/dags/dag_with_task_flow_api.py
[2024-07-05T05:17:29.515+0000] {logging_mixin.py:188} INFO - [2024-07-05T05:17:29.514+0000] {dag.py:3096} INFO - Sync 1 DAGs
[2024-07-05T05:17:29.541+0000] {logging_mixin.py:188} INFO - [2024-07-05T05:17:29.541+0000] {dag.py:3954} INFO - Setting next_dagrun for dag_with_workflow_api_v02 to 2024-06-30 00:00:00+00:00, run_after=2024-07-01 00:00:00+00:00
[2024-07-05T05:17:29.566+0000] {processor.py:183} INFO - Processing /opt/airflow/dags/dag_with_task_flow_api.py took 0.104 seconds
[2024-07-05T05:18:00.305+0000] {processor.py:161} INFO - Started process (PID=762) to work on /opt/airflow/dags/dag_with_task_flow_api.py
[2024-07-05T05:18:00.306+0000] {processor.py:830} INFO - Processing file /opt/airflow/dags/dag_with_task_flow_api.py for tasks to queue
[2024-07-05T05:18:00.307+0000] {logging_mixin.py:188} INFO - [2024-07-05T05:18:00.307+0000] {dagbag.py:545} INFO - Filling up the DagBag from /opt/airflow/dags/dag_with_task_flow_api.py
[2024-07-05T05:18:00.316+0000] {processor.py:840} INFO - DAG(s) 'dag_with_workflow_api_v02' retrieved from /opt/airflow/dags/dag_with_task_flow_api.py
[2024-07-05T05:18:00.336+0000] {logging_mixin.py:188} INFO - [2024-07-05T05:18:00.336+0000] {dag.py:3096} INFO - Sync 1 DAGs
[2024-07-05T05:18:00.356+0000] {logging_mixin.py:188} INFO - [2024-07-05T05:18:00.355+0000] {dag.py:3954} INFO - Setting next_dagrun for dag_with_workflow_api_v02 to 2024-06-30 00:00:00+00:00, run_after=2024-07-01 00:00:00+00:00
[2024-07-05T05:18:00.376+0000] {processor.py:183} INFO - Processing /opt/airflow/dags/dag_with_task_flow_api.py took 0.079 seconds
[2024-07-05T05:18:31.024+0000] {processor.py:161} INFO - Started process (PID=823) to work on /opt/airflow/dags/dag_with_task_flow_api.py
[2024-07-05T05:18:31.026+0000] {processor.py:830} INFO - Processing file /opt/airflow/dags/dag_with_task_flow_api.py for tasks to queue
[2024-07-05T05:18:31.027+0000] {logging_mixin.py:188} INFO - [2024-07-05T05:18:31.027+0000] {dagbag.py:545} INFO - Filling up the DagBag from /opt/airflow/dags/dag_with_task_flow_api.py
[2024-07-05T05:18:31.035+0000] {processor.py:840} INFO - DAG(s) 'dag_with_workflow_api_v02' retrieved from /opt/airflow/dags/dag_with_task_flow_api.py
[2024-07-05T05:18:31.053+0000] {logging_mixin.py:188} INFO - [2024-07-05T05:18:31.052+0000] {dag.py:3096} INFO - Sync 1 DAGs
[2024-07-05T05:18:31.071+0000] {logging_mixin.py:188} INFO - [2024-07-05T05:18:31.071+0000] {dag.py:3954} INFO - Setting next_dagrun for dag_with_workflow_api_v02 to 2024-06-30 00:00:00+00:00, run_after=2024-07-01 00:00:00+00:00
[2024-07-05T05:18:31.090+0000] {processor.py:183} INFO - Processing /opt/airflow/dags/dag_with_task_flow_api.py took 0.074 seconds
[2024-07-05T05:19:01.760+0000] {processor.py:161} INFO - Started process (PID=884) to work on /opt/airflow/dags/dag_with_task_flow_api.py
[2024-07-05T05:19:01.761+0000] {processor.py:830} INFO - Processing file /opt/airflow/dags/dag_with_task_flow_api.py for tasks to queue
[2024-07-05T05:19:01.762+0000] {logging_mixin.py:188} INFO - [2024-07-05T05:19:01.762+0000] {dagbag.py:545} INFO - Filling up the DagBag from /opt/airflow/dags/dag_with_task_flow_api.py
[2024-07-05T05:19:01.770+0000] {processor.py:840} INFO - DAG(s) 'dag_with_workflow_api_v02' retrieved from /opt/airflow/dags/dag_with_task_flow_api.py
[2024-07-05T05:19:01.790+0000] {logging_mixin.py:188} INFO - [2024-07-05T05:19:01.789+0000] {dag.py:3096} INFO - Sync 1 DAGs
[2024-07-05T05:19:01.808+0000] {logging_mixin.py:188} INFO - [2024-07-05T05:19:01.807+0000] {dag.py:3954} INFO - Setting next_dagrun for dag_with_workflow_api_v02 to 2024-06-30 00:00:00+00:00, run_after=2024-07-01 00:00:00+00:00
[2024-07-05T05:19:01.827+0000] {processor.py:183} INFO - Processing /opt/airflow/dags/dag_with_task_flow_api.py took 0.075 seconds
[2024-07-05T05:19:32.483+0000] {processor.py:161} INFO - Started process (PID=945) to work on /opt/airflow/dags/dag_with_task_flow_api.py
[2024-07-05T05:19:32.484+0000] {processor.py:830} INFO - Processing file /opt/airflow/dags/dag_with_task_flow_api.py for tasks to queue
[2024-07-05T05:19:32.485+0000] {logging_mixin.py:188} INFO - [2024-07-05T05:19:32.485+0000] {dagbag.py:545} INFO - Filling up the DagBag from /opt/airflow/dags/dag_with_task_flow_api.py
[2024-07-05T05:19:32.493+0000] {processor.py:840} INFO - DAG(s) 'dag_with_workflow_api_v02' retrieved from /opt/airflow/dags/dag_with_task_flow_api.py
[2024-07-05T05:19:32.511+0000] {logging_mixin.py:188} INFO - [2024-07-05T05:19:32.511+0000] {dag.py:3096} INFO - Sync 1 DAGs
[2024-07-05T05:19:32.529+0000] {logging_mixin.py:188} INFO - [2024-07-05T05:19:32.529+0000] {dag.py:3954} INFO - Setting next_dagrun for dag_with_workflow_api_v02 to 2024-06-30 00:00:00+00:00, run_after=2024-07-01 00:00:00+00:00
[2024-07-05T05:19:32.553+0000] {processor.py:183} INFO - Processing /opt/airflow/dags/dag_with_task_flow_api.py took 0.078 seconds
[2024-07-05T05:20:03.197+0000] {processor.py:161} INFO - Started process (PID=1006) to work on /opt/airflow/dags/dag_with_task_flow_api.py
[2024-07-05T05:20:03.198+0000] {processor.py:830} INFO - Processing file /opt/airflow/dags/dag_with_task_flow_api.py for tasks to queue
[2024-07-05T05:20:03.199+0000] {logging_mixin.py:188} INFO - [2024-07-05T05:20:03.199+0000] {dagbag.py:545} INFO - Filling up the DagBag from /opt/airflow/dags/dag_with_task_flow_api.py
[2024-07-05T05:20:03.207+0000] {processor.py:840} INFO - DAG(s) 'dag_with_workflow_api_v02' retrieved from /opt/airflow/dags/dag_with_task_flow_api.py
[2024-07-05T05:20:03.225+0000] {logging_mixin.py:188} INFO - [2024-07-05T05:20:03.225+0000] {dag.py:3096} INFO - Sync 1 DAGs
[2024-07-05T05:20:03.242+0000] {logging_mixin.py:188} INFO - [2024-07-05T05:20:03.242+0000] {dag.py:3954} INFO - Setting next_dagrun for dag_with_workflow_api_v02 to 2024-06-30 00:00:00+00:00, run_after=2024-07-01 00:00:00+00:00
[2024-07-05T05:20:03.263+0000] {processor.py:183} INFO - Processing /opt/airflow/dags/dag_with_task_flow_api.py took 0.074 seconds
[2024-07-05T05:20:33.905+0000] {processor.py:161} INFO - Started process (PID=1067) to work on /opt/airflow/dags/dag_with_task_flow_api.py
[2024-07-05T05:20:33.907+0000] {processor.py:830} INFO - Processing file /opt/airflow/dags/dag_with_task_flow_api.py for tasks to queue
[2024-07-05T05:20:33.908+0000] {logging_mixin.py:188} INFO - [2024-07-05T05:20:33.908+0000] {dagbag.py:545} INFO - Filling up the DagBag from /opt/airflow/dags/dag_with_task_flow_api.py
[2024-07-05T05:20:33.918+0000] {processor.py:840} INFO - DAG(s) 'dag_with_workflow_api_v02' retrieved from /opt/airflow/dags/dag_with_task_flow_api.py
[2024-07-05T05:20:33.940+0000] {logging_mixin.py:188} INFO - [2024-07-05T05:20:33.939+0000] {dag.py:3096} INFO - Sync 1 DAGs
[2024-07-05T05:20:33.961+0000] {logging_mixin.py:188} INFO - [2024-07-05T05:20:33.961+0000] {dag.py:3954} INFO - Setting next_dagrun for dag_with_workflow_api_v02 to 2024-06-30 00:00:00+00:00, run_after=2024-07-01 00:00:00+00:00
[2024-07-05T05:20:33.981+0000] {processor.py:183} INFO - Processing /opt/airflow/dags/dag_with_task_flow_api.py took 0.084 seconds
[2024-07-05T05:21:04.557+0000] {processor.py:161} INFO - Started process (PID=1128) to work on /opt/airflow/dags/dag_with_task_flow_api.py
[2024-07-05T05:21:04.558+0000] {processor.py:830} INFO - Processing file /opt/airflow/dags/dag_with_task_flow_api.py for tasks to queue
[2024-07-05T05:21:04.559+0000] {logging_mixin.py:188} INFO - [2024-07-05T05:21:04.559+0000] {dagbag.py:545} INFO - Filling up the DagBag from /opt/airflow/dags/dag_with_task_flow_api.py
[2024-07-05T05:21:04.568+0000] {processor.py:840} INFO - DAG(s) 'dag_with_workflow_api_v02' retrieved from /opt/airflow/dags/dag_with_task_flow_api.py
[2024-07-05T05:21:04.589+0000] {logging_mixin.py:188} INFO - [2024-07-05T05:21:04.589+0000] {dag.py:3096} INFO - Sync 1 DAGs
[2024-07-05T05:21:04.610+0000] {logging_mixin.py:188} INFO - [2024-07-05T05:21:04.610+0000] {dag.py:3954} INFO - Setting next_dagrun for dag_with_workflow_api_v02 to 2024-06-30 00:00:00+00:00, run_after=2024-07-01 00:00:00+00:00
[2024-07-05T05:21:04.634+0000] {processor.py:183} INFO - Processing /opt/airflow/dags/dag_with_task_flow_api.py took 0.087 seconds
[2024-07-05T05:21:35.359+0000] {processor.py:161} INFO - Started process (PID=1189) to work on /opt/airflow/dags/dag_with_task_flow_api.py
[2024-07-05T05:21:35.360+0000] {processor.py:830} INFO - Processing file /opt/airflow/dags/dag_with_task_flow_api.py for tasks to queue
[2024-07-05T05:21:35.361+0000] {logging_mixin.py:188} INFO - [2024-07-05T05:21:35.361+0000] {dagbag.py:545} INFO - Filling up the DagBag from /opt/airflow/dags/dag_with_task_flow_api.py
[2024-07-05T05:21:35.370+0000] {processor.py:840} INFO - DAG(s) 'dag_with_workflow_api_v02' retrieved from /opt/airflow/dags/dag_with_task_flow_api.py
[2024-07-05T05:21:35.389+0000] {logging_mixin.py:188} INFO - [2024-07-05T05:21:35.389+0000] {dag.py:3096} INFO - Sync 1 DAGs
[2024-07-05T05:21:35.411+0000] {logging_mixin.py:188} INFO - [2024-07-05T05:21:35.410+0000] {dag.py:3954} INFO - Setting next_dagrun for dag_with_workflow_api_v02 to 2024-06-30 00:00:00+00:00, run_after=2024-07-01 00:00:00+00:00
[2024-07-05T05:21:35.432+0000] {processor.py:183} INFO - Processing /opt/airflow/dags/dag_with_task_flow_api.py took 0.082 seconds
[2024-07-05T05:22:06.073+0000] {processor.py:161} INFO - Started process (PID=1250) to work on /opt/airflow/dags/dag_with_task_flow_api.py
[2024-07-05T05:22:06.074+0000] {processor.py:830} INFO - Processing file /opt/airflow/dags/dag_with_task_flow_api.py for tasks to queue
[2024-07-05T05:22:06.075+0000] {logging_mixin.py:188} INFO - [2024-07-05T05:22:06.075+0000] {dagbag.py:545} INFO - Filling up the DagBag from /opt/airflow/dags/dag_with_task_flow_api.py
[2024-07-05T05:22:06.083+0000] {processor.py:840} INFO - DAG(s) 'dag_with_workflow_api_v02' retrieved from /opt/airflow/dags/dag_with_task_flow_api.py
[2024-07-05T05:22:06.102+0000] {logging_mixin.py:188} INFO - [2024-07-05T05:22:06.102+0000] {dag.py:3096} INFO - Sync 1 DAGs
[2024-07-05T05:22:06.120+0000] {logging_mixin.py:188} INFO - [2024-07-05T05:22:06.120+0000] {dag.py:3954} INFO - Setting next_dagrun for dag_with_workflow_api_v02 to 2024-06-30 00:00:00+00:00, run_after=2024-07-01 00:00:00+00:00
[2024-07-05T05:22:06.139+0000] {processor.py:183} INFO - Processing /opt/airflow/dags/dag_with_task_flow_api.py took 0.073 seconds
[2024-07-05T05:22:36.732+0000] {processor.py:161} INFO - Started process (PID=1311) to work on /opt/airflow/dags/dag_with_task_flow_api.py
[2024-07-05T05:22:36.733+0000] {processor.py:830} INFO - Processing file /opt/airflow/dags/dag_with_task_flow_api.py for tasks to queue
[2024-07-05T05:22:36.734+0000] {logging_mixin.py:188} INFO - [2024-07-05T05:22:36.734+0000] {dagbag.py:545} INFO - Filling up the DagBag from /opt/airflow/dags/dag_with_task_flow_api.py
[2024-07-05T05:22:36.742+0000] {processor.py:840} INFO - DAG(s) 'dag_with_workflow_api_v02' retrieved from /opt/airflow/dags/dag_with_task_flow_api.py
[2024-07-05T05:22:36.760+0000] {logging_mixin.py:188} INFO - [2024-07-05T05:22:36.760+0000] {dag.py:3096} INFO - Sync 1 DAGs
[2024-07-05T05:22:36.777+0000] {logging_mixin.py:188} INFO - [2024-07-05T05:22:36.777+0000] {dag.py:3954} INFO - Setting next_dagrun for dag_with_workflow_api_v02 to 2024-06-30 00:00:00+00:00, run_after=2024-07-01 00:00:00+00:00
[2024-07-05T05:22:36.800+0000] {processor.py:183} INFO - Processing /opt/airflow/dags/dag_with_task_flow_api.py took 0.075 seconds
[2024-07-05T05:23:07.402+0000] {processor.py:161} INFO - Started process (PID=1372) to work on /opt/airflow/dags/dag_with_task_flow_api.py
[2024-07-05T05:23:07.403+0000] {processor.py:830} INFO - Processing file /opt/airflow/dags/dag_with_task_flow_api.py for tasks to queue
[2024-07-05T05:23:07.404+0000] {logging_mixin.py:188} INFO - [2024-07-05T05:23:07.404+0000] {dagbag.py:545} INFO - Filling up the DagBag from /opt/airflow/dags/dag_with_task_flow_api.py
[2024-07-05T05:23:07.413+0000] {processor.py:840} INFO - DAG(s) 'dag_with_workflow_api_v02' retrieved from /opt/airflow/dags/dag_with_task_flow_api.py
[2024-07-05T05:23:07.433+0000] {logging_mixin.py:188} INFO - [2024-07-05T05:23:07.433+0000] {dag.py:3096} INFO - Sync 1 DAGs
[2024-07-05T05:23:07.452+0000] {logging_mixin.py:188} INFO - [2024-07-05T05:23:07.452+0000] {dag.py:3954} INFO - Setting next_dagrun for dag_with_workflow_api_v02 to 2024-06-30 00:00:00+00:00, run_after=2024-07-01 00:00:00+00:00
[2024-07-05T05:23:07.473+0000] {processor.py:183} INFO - Processing /opt/airflow/dags/dag_with_task_flow_api.py took 0.079 seconds
[2024-07-05T05:23:38.127+0000] {processor.py:161} INFO - Started process (PID=1439) to work on /opt/airflow/dags/dag_with_task_flow_api.py
[2024-07-05T05:23:38.128+0000] {processor.py:830} INFO - Processing file /opt/airflow/dags/dag_with_task_flow_api.py for tasks to queue
[2024-07-05T05:23:38.129+0000] {logging_mixin.py:188} INFO - [2024-07-05T05:23:38.129+0000] {dagbag.py:545} INFO - Filling up the DagBag from /opt/airflow/dags/dag_with_task_flow_api.py
[2024-07-05T05:23:38.138+0000] {processor.py:840} INFO - DAG(s) 'dag_with_workflow_api_v02' retrieved from /opt/airflow/dags/dag_with_task_flow_api.py
[2024-07-05T05:23:38.158+0000] {logging_mixin.py:188} INFO - [2024-07-05T05:23:38.158+0000] {dag.py:3096} INFO - Sync 1 DAGs
[2024-07-05T05:23:38.178+0000] {logging_mixin.py:188} INFO - [2024-07-05T05:23:38.178+0000] {dag.py:3954} INFO - Setting next_dagrun for dag_with_workflow_api_v02 to 2024-06-30 00:00:00+00:00, run_after=2024-07-01 00:00:00+00:00
[2024-07-05T05:23:38.196+0000] {processor.py:183} INFO - Processing /opt/airflow/dags/dag_with_task_flow_api.py took 0.078 seconds
[2024-07-05T05:24:08.863+0000] {processor.py:161} INFO - Started process (PID=1500) to work on /opt/airflow/dags/dag_with_task_flow_api.py
[2024-07-05T05:24:08.864+0000] {processor.py:830} INFO - Processing file /opt/airflow/dags/dag_with_task_flow_api.py for tasks to queue
[2024-07-05T05:24:08.866+0000] {logging_mixin.py:188} INFO - [2024-07-05T05:24:08.865+0000] {dagbag.py:545} INFO - Filling up the DagBag from /opt/airflow/dags/dag_with_task_flow_api.py
[2024-07-05T05:24:08.876+0000] {processor.py:840} INFO - DAG(s) 'dag_with_workflow_api_v02' retrieved from /opt/airflow/dags/dag_with_task_flow_api.py
[2024-07-05T05:24:08.901+0000] {logging_mixin.py:188} INFO - [2024-07-05T05:24:08.901+0000] {dag.py:3096} INFO - Sync 1 DAGs
[2024-07-05T05:24:08.926+0000] {logging_mixin.py:188} INFO - [2024-07-05T05:24:08.926+0000] {dag.py:3954} INFO - Setting next_dagrun for dag_with_workflow_api_v02 to 2024-06-30 00:00:00+00:00, run_after=2024-07-01 00:00:00+00:00
[2024-07-05T05:24:08.950+0000] {processor.py:183} INFO - Processing /opt/airflow/dags/dag_with_task_flow_api.py took 0.097 seconds
[2024-07-05T05:24:39.597+0000] {processor.py:161} INFO - Started process (PID=1561) to work on /opt/airflow/dags/dag_with_task_flow_api.py
[2024-07-05T05:24:39.598+0000] {processor.py:830} INFO - Processing file /opt/airflow/dags/dag_with_task_flow_api.py for tasks to queue
[2024-07-05T05:24:39.599+0000] {logging_mixin.py:188} INFO - [2024-07-05T05:24:39.599+0000] {dagbag.py:545} INFO - Filling up the DagBag from /opt/airflow/dags/dag_with_task_flow_api.py
[2024-07-05T05:24:39.607+0000] {processor.py:840} INFO - DAG(s) 'dag_with_workflow_api_v02' retrieved from /opt/airflow/dags/dag_with_task_flow_api.py
[2024-07-05T05:24:39.624+0000] {logging_mixin.py:188} INFO - [2024-07-05T05:24:39.624+0000] {dag.py:3096} INFO - Sync 1 DAGs
[2024-07-05T05:24:39.642+0000] {logging_mixin.py:188} INFO - [2024-07-05T05:24:39.642+0000] {dag.py:3954} INFO - Setting next_dagrun for dag_with_workflow_api_v02 to 2024-06-30 00:00:00+00:00, run_after=2024-07-01 00:00:00+00:00
[2024-07-05T05:24:39.660+0000] {processor.py:183} INFO - Processing /opt/airflow/dags/dag_with_task_flow_api.py took 0.071 seconds
[2024-07-05T05:25:10.299+0000] {processor.py:161} INFO - Started process (PID=1622) to work on /opt/airflow/dags/dag_with_task_flow_api.py
[2024-07-05T05:25:10.299+0000] {processor.py:830} INFO - Processing file /opt/airflow/dags/dag_with_task_flow_api.py for tasks to queue
[2024-07-05T05:25:10.300+0000] {logging_mixin.py:188} INFO - [2024-07-05T05:25:10.300+0000] {dagbag.py:545} INFO - Filling up the DagBag from /opt/airflow/dags/dag_with_task_flow_api.py
[2024-07-05T05:25:10.309+0000] {processor.py:840} INFO - DAG(s) 'dag_with_workflow_api_v02' retrieved from /opt/airflow/dags/dag_with_task_flow_api.py
[2024-07-05T05:25:10.329+0000] {logging_mixin.py:188} INFO - [2024-07-05T05:25:10.329+0000] {dag.py:3096} INFO - Sync 1 DAGs
[2024-07-05T05:25:10.348+0000] {logging_mixin.py:188} INFO - [2024-07-05T05:25:10.348+0000] {dag.py:3954} INFO - Setting next_dagrun for dag_with_workflow_api_v02 to 2024-06-30 00:00:00+00:00, run_after=2024-07-01 00:00:00+00:00
[2024-07-05T05:25:10.368+0000] {processor.py:183} INFO - Processing /opt/airflow/dags/dag_with_task_flow_api.py took 0.078 seconds
[2024-07-05T05:25:41.014+0000] {processor.py:161} INFO - Started process (PID=1683) to work on /opt/airflow/dags/dag_with_task_flow_api.py
[2024-07-05T05:25:41.014+0000] {processor.py:830} INFO - Processing file /opt/airflow/dags/dag_with_task_flow_api.py for tasks to queue
[2024-07-05T05:25:41.016+0000] {logging_mixin.py:188} INFO - [2024-07-05T05:25:41.015+0000] {dagbag.py:545} INFO - Filling up the DagBag from /opt/airflow/dags/dag_with_task_flow_api.py
[2024-07-05T05:25:41.024+0000] {processor.py:840} INFO - DAG(s) 'dag_with_workflow_api_v02' retrieved from /opt/airflow/dags/dag_with_task_flow_api.py
[2024-07-05T05:25:41.043+0000] {logging_mixin.py:188} INFO - [2024-07-05T05:25:41.043+0000] {dag.py:3096} INFO - Sync 1 DAGs
[2024-07-05T05:25:41.063+0000] {logging_mixin.py:188} INFO - [2024-07-05T05:25:41.063+0000] {dag.py:3954} INFO - Setting next_dagrun for dag_with_workflow_api_v02 to 2024-06-30 00:00:00+00:00, run_after=2024-07-01 00:00:00+00:00
[2024-07-05T05:25:41.083+0000] {processor.py:183} INFO - Processing /opt/airflow/dags/dag_with_task_flow_api.py took 0.077 seconds
[2024-07-05T05:26:11.693+0000] {processor.py:161} INFO - Started process (PID=1744) to work on /opt/airflow/dags/dag_with_task_flow_api.py
[2024-07-05T05:26:11.694+0000] {processor.py:830} INFO - Processing file /opt/airflow/dags/dag_with_task_flow_api.py for tasks to queue
[2024-07-05T05:26:11.695+0000] {logging_mixin.py:188} INFO - [2024-07-05T05:26:11.695+0000] {dagbag.py:545} INFO - Filling up the DagBag from /opt/airflow/dags/dag_with_task_flow_api.py
[2024-07-05T05:26:11.707+0000] {processor.py:840} INFO - DAG(s) 'dag_with_workflow_api_v02' retrieved from /opt/airflow/dags/dag_with_task_flow_api.py
[2024-07-05T05:26:11.734+0000] {logging_mixin.py:188} INFO - [2024-07-05T05:26:11.734+0000] {dag.py:3096} INFO - Sync 1 DAGs
[2024-07-05T05:26:11.757+0000] {logging_mixin.py:188} INFO - [2024-07-05T05:26:11.756+0000] {dag.py:3954} INFO - Setting next_dagrun for dag_with_workflow_api_v02 to 2024-06-30 00:00:00+00:00, run_after=2024-07-01 00:00:00+00:00
[2024-07-05T05:26:11.783+0000] {processor.py:183} INFO - Processing /opt/airflow/dags/dag_with_task_flow_api.py took 0.101 seconds
[2024-07-05T05:26:42.541+0000] {processor.py:161} INFO - Started process (PID=1805) to work on /opt/airflow/dags/dag_with_task_flow_api.py
[2024-07-05T05:26:42.541+0000] {processor.py:830} INFO - Processing file /opt/airflow/dags/dag_with_task_flow_api.py for tasks to queue
[2024-07-05T05:26:42.543+0000] {logging_mixin.py:188} INFO - [2024-07-05T05:26:42.543+0000] {dagbag.py:545} INFO - Filling up the DagBag from /opt/airflow/dags/dag_with_task_flow_api.py
[2024-07-05T05:26:42.551+0000] {processor.py:840} INFO - DAG(s) 'dag_with_workflow_api_v02' retrieved from /opt/airflow/dags/dag_with_task_flow_api.py
[2024-07-05T05:26:42.572+0000] {logging_mixin.py:188} INFO - [2024-07-05T05:26:42.571+0000] {dag.py:3096} INFO - Sync 1 DAGs
[2024-07-05T05:26:42.599+0000] {logging_mixin.py:188} INFO - [2024-07-05T05:26:42.599+0000] {dag.py:3954} INFO - Setting next_dagrun for dag_with_workflow_api_v02 to 2024-06-30 00:00:00+00:00, run_after=2024-07-01 00:00:00+00:00
[2024-07-05T05:26:42.624+0000] {processor.py:183} INFO - Processing /opt/airflow/dags/dag_with_task_flow_api.py took 0.092 seconds
[2024-07-05T05:27:13.432+0000] {processor.py:161} INFO - Started process (PID=1876) to work on /opt/airflow/dags/dag_with_task_flow_api.py
[2024-07-05T05:27:13.433+0000] {processor.py:830} INFO - Processing file /opt/airflow/dags/dag_with_task_flow_api.py for tasks to queue
[2024-07-05T05:27:13.434+0000] {logging_mixin.py:188} INFO - [2024-07-05T05:27:13.434+0000] {dagbag.py:545} INFO - Filling up the DagBag from /opt/airflow/dags/dag_with_task_flow_api.py
[2024-07-05T05:27:13.442+0000] {processor.py:840} INFO - DAG(s) 'dag_with_workflow_api_v02' retrieved from /opt/airflow/dags/dag_with_task_flow_api.py
[2024-07-05T05:27:13.460+0000] {logging_mixin.py:188} INFO - [2024-07-05T05:27:13.460+0000] {dag.py:3096} INFO - Sync 1 DAGs
[2024-07-05T05:27:13.478+0000] {logging_mixin.py:188} INFO - [2024-07-05T05:27:13.478+0000] {dag.py:3954} INFO - Setting next_dagrun for dag_with_workflow_api_v02 to 2024-06-30 00:00:00+00:00, run_after=2024-07-01 00:00:00+00:00
[2024-07-05T05:27:13.501+0000] {processor.py:183} INFO - Processing /opt/airflow/dags/dag_with_task_flow_api.py took 0.077 seconds
[2024-07-05T05:27:44.071+0000] {processor.py:161} INFO - Started process (PID=1937) to work on /opt/airflow/dags/dag_with_task_flow_api.py
[2024-07-05T05:27:44.071+0000] {processor.py:830} INFO - Processing file /opt/airflow/dags/dag_with_task_flow_api.py for tasks to queue
[2024-07-05T05:27:44.073+0000] {logging_mixin.py:188} INFO - [2024-07-05T05:27:44.072+0000] {dagbag.py:545} INFO - Filling up the DagBag from /opt/airflow/dags/dag_with_task_flow_api.py
[2024-07-05T05:27:44.081+0000] {processor.py:840} INFO - DAG(s) 'dag_with_workflow_api_v02' retrieved from /opt/airflow/dags/dag_with_task_flow_api.py
[2024-07-05T05:27:44.101+0000] {logging_mixin.py:188} INFO - [2024-07-05T05:27:44.100+0000] {dag.py:3096} INFO - Sync 1 DAGs
[2024-07-05T05:27:44.122+0000] {logging_mixin.py:188} INFO - [2024-07-05T05:27:44.122+0000] {dag.py:3954} INFO - Setting next_dagrun for dag_with_workflow_api_v02 to 2024-06-30 00:00:00+00:00, run_after=2024-07-01 00:00:00+00:00
[2024-07-05T05:27:44.142+0000] {processor.py:183} INFO - Processing /opt/airflow/dags/dag_with_task_flow_api.py took 0.080 seconds
[2024-07-05T05:28:14.679+0000] {processor.py:161} INFO - Started process (PID=1998) to work on /opt/airflow/dags/dag_with_task_flow_api.py
[2024-07-05T05:28:14.679+0000] {processor.py:830} INFO - Processing file /opt/airflow/dags/dag_with_task_flow_api.py for tasks to queue
[2024-07-05T05:28:14.681+0000] {logging_mixin.py:188} INFO - [2024-07-05T05:28:14.680+0000] {dagbag.py:545} INFO - Filling up the DagBag from /opt/airflow/dags/dag_with_task_flow_api.py
[2024-07-05T05:28:14.688+0000] {processor.py:840} INFO - DAG(s) 'dag_with_workflow_api_v02' retrieved from /opt/airflow/dags/dag_with_task_flow_api.py
[2024-07-05T05:28:14.707+0000] {logging_mixin.py:188} INFO - [2024-07-05T05:28:14.707+0000] {dag.py:3096} INFO - Sync 1 DAGs
[2024-07-05T05:28:14.725+0000] {logging_mixin.py:188} INFO - [2024-07-05T05:28:14.725+0000] {dag.py:3954} INFO - Setting next_dagrun for dag_with_workflow_api_v02 to 2024-06-30 00:00:00+00:00, run_after=2024-07-01 00:00:00+00:00
[2024-07-05T05:28:14.746+0000] {processor.py:183} INFO - Processing /opt/airflow/dags/dag_with_task_flow_api.py took 0.075 seconds
[2024-07-05T05:28:45.355+0000] {processor.py:161} INFO - Started process (PID=2059) to work on /opt/airflow/dags/dag_with_task_flow_api.py
[2024-07-05T05:28:45.356+0000] {processor.py:830} INFO - Processing file /opt/airflow/dags/dag_with_task_flow_api.py for tasks to queue
[2024-07-05T05:28:45.356+0000] {logging_mixin.py:188} INFO - [2024-07-05T05:28:45.356+0000] {dagbag.py:545} INFO - Filling up the DagBag from /opt/airflow/dags/dag_with_task_flow_api.py
[2024-07-05T05:28:45.365+0000] {processor.py:840} INFO - DAG(s) 'dag_with_workflow_api_v02' retrieved from /opt/airflow/dags/dag_with_task_flow_api.py
[2024-07-05T05:28:45.383+0000] {logging_mixin.py:188} INFO - [2024-07-05T05:28:45.383+0000] {dag.py:3096} INFO - Sync 1 DAGs
[2024-07-05T05:28:45.402+0000] {logging_mixin.py:188} INFO - [2024-07-05T05:28:45.402+0000] {dag.py:3954} INFO - Setting next_dagrun for dag_with_workflow_api_v02 to 2024-06-30 00:00:00+00:00, run_after=2024-07-01 00:00:00+00:00
[2024-07-05T05:28:45.423+0000] {processor.py:183} INFO - Processing /opt/airflow/dags/dag_with_task_flow_api.py took 0.077 seconds
[2024-07-05T05:29:15.966+0000] {processor.py:161} INFO - Started process (PID=2120) to work on /opt/airflow/dags/dag_with_task_flow_api.py
[2024-07-05T05:29:15.966+0000] {processor.py:830} INFO - Processing file /opt/airflow/dags/dag_with_task_flow_api.py for tasks to queue
[2024-07-05T05:29:15.967+0000] {logging_mixin.py:188} INFO - [2024-07-05T05:29:15.967+0000] {dagbag.py:545} INFO - Filling up the DagBag from /opt/airflow/dags/dag_with_task_flow_api.py
[2024-07-05T05:29:15.977+0000] {processor.py:840} INFO - DAG(s) 'dag_with_workflow_api_v02' retrieved from /opt/airflow/dags/dag_with_task_flow_api.py
[2024-07-05T05:29:15.999+0000] {logging_mixin.py:188} INFO - [2024-07-05T05:29:15.999+0000] {dag.py:3096} INFO - Sync 1 DAGs
[2024-07-05T05:29:16.020+0000] {logging_mixin.py:188} INFO - [2024-07-05T05:29:16.020+0000] {dag.py:3954} INFO - Setting next_dagrun for dag_with_workflow_api_v02 to 2024-06-30 00:00:00+00:00, run_after=2024-07-01 00:00:00+00:00
[2024-07-05T05:29:16.041+0000] {processor.py:183} INFO - Processing /opt/airflow/dags/dag_with_task_flow_api.py took 0.084 seconds
[2024-07-05T05:29:46.694+0000] {processor.py:161} INFO - Started process (PID=2181) to work on /opt/airflow/dags/dag_with_task_flow_api.py
[2024-07-05T05:29:46.695+0000] {processor.py:830} INFO - Processing file /opt/airflow/dags/dag_with_task_flow_api.py for tasks to queue
[2024-07-05T05:29:46.695+0000] {logging_mixin.py:188} INFO - [2024-07-05T05:29:46.695+0000] {dagbag.py:545} INFO - Filling up the DagBag from /opt/airflow/dags/dag_with_task_flow_api.py
[2024-07-05T05:29:46.704+0000] {processor.py:840} INFO - DAG(s) 'dag_with_workflow_api_v02' retrieved from /opt/airflow/dags/dag_with_task_flow_api.py
[2024-07-05T05:29:46.723+0000] {logging_mixin.py:188} INFO - [2024-07-05T05:29:46.723+0000] {dag.py:3096} INFO - Sync 1 DAGs
[2024-07-05T05:29:46.740+0000] {logging_mixin.py:188} INFO - [2024-07-05T05:29:46.740+0000] {dag.py:3954} INFO - Setting next_dagrun for dag_with_workflow_api_v02 to 2024-06-30 00:00:00+00:00, run_after=2024-07-01 00:00:00+00:00
[2024-07-05T05:29:46.760+0000] {processor.py:183} INFO - Processing /opt/airflow/dags/dag_with_task_flow_api.py took 0.074 seconds
[2024-07-05T05:30:17.392+0000] {processor.py:161} INFO - Started process (PID=2242) to work on /opt/airflow/dags/dag_with_task_flow_api.py
[2024-07-05T05:30:17.393+0000] {processor.py:830} INFO - Processing file /opt/airflow/dags/dag_with_task_flow_api.py for tasks to queue
[2024-07-05T05:30:17.393+0000] {logging_mixin.py:188} INFO - [2024-07-05T05:30:17.393+0000] {dagbag.py:545} INFO - Filling up the DagBag from /opt/airflow/dags/dag_with_task_flow_api.py
[2024-07-05T05:30:17.401+0000] {processor.py:840} INFO - DAG(s) 'dag_with_workflow_api_v02' retrieved from /opt/airflow/dags/dag_with_task_flow_api.py
[2024-07-05T05:30:17.419+0000] {logging_mixin.py:188} INFO - [2024-07-05T05:30:17.419+0000] {dag.py:3096} INFO - Sync 1 DAGs
[2024-07-05T05:30:17.437+0000] {logging_mixin.py:188} INFO - [2024-07-05T05:30:17.437+0000] {dag.py:3954} INFO - Setting next_dagrun for dag_with_workflow_api_v02 to 2024-06-30 00:00:00+00:00, run_after=2024-07-01 00:00:00+00:00
[2024-07-05T05:30:17.457+0000] {processor.py:183} INFO - Processing /opt/airflow/dags/dag_with_task_flow_api.py took 0.072 seconds
[2024-07-05T05:30:48.098+0000] {processor.py:161} INFO - Started process (PID=2303) to work on /opt/airflow/dags/dag_with_task_flow_api.py
[2024-07-05T05:30:48.098+0000] {processor.py:830} INFO - Processing file /opt/airflow/dags/dag_with_task_flow_api.py for tasks to queue
[2024-07-05T05:30:48.099+0000] {logging_mixin.py:188} INFO - [2024-07-05T05:30:48.099+0000] {dagbag.py:545} INFO - Filling up the DagBag from /opt/airflow/dags/dag_with_task_flow_api.py
[2024-07-05T05:30:48.107+0000] {processor.py:840} INFO - DAG(s) 'dag_with_workflow_api_v02' retrieved from /opt/airflow/dags/dag_with_task_flow_api.py
[2024-07-05T05:30:48.125+0000] {logging_mixin.py:188} INFO - [2024-07-05T05:30:48.125+0000] {dag.py:3096} INFO - Sync 1 DAGs
[2024-07-05T05:30:48.142+0000] {logging_mixin.py:188} INFO - [2024-07-05T05:30:48.142+0000] {dag.py:3954} INFO - Setting next_dagrun for dag_with_workflow_api_v02 to 2024-06-30 00:00:00+00:00, run_after=2024-07-01 00:00:00+00:00
[2024-07-05T05:30:48.163+0000] {processor.py:183} INFO - Processing /opt/airflow/dags/dag_with_task_flow_api.py took 0.074 seconds
[2024-07-05T05:31:18.778+0000] {processor.py:161} INFO - Started process (PID=2364) to work on /opt/airflow/dags/dag_with_task_flow_api.py
[2024-07-05T05:31:18.778+0000] {processor.py:830} INFO - Processing file /opt/airflow/dags/dag_with_task_flow_api.py for tasks to queue
[2024-07-05T05:31:18.779+0000] {logging_mixin.py:188} INFO - [2024-07-05T05:31:18.779+0000] {dagbag.py:545} INFO - Filling up the DagBag from /opt/airflow/dags/dag_with_task_flow_api.py
[2024-07-05T05:31:18.787+0000] {processor.py:840} INFO - DAG(s) 'dag_with_workflow_api_v02' retrieved from /opt/airflow/dags/dag_with_task_flow_api.py
[2024-07-05T05:31:18.805+0000] {logging_mixin.py:188} INFO - [2024-07-05T05:31:18.805+0000] {dag.py:3096} INFO - Sync 1 DAGs
[2024-07-05T05:31:18.822+0000] {logging_mixin.py:188} INFO - [2024-07-05T05:31:18.822+0000] {dag.py:3954} INFO - Setting next_dagrun for dag_with_workflow_api_v02 to 2024-06-30 00:00:00+00:00, run_after=2024-07-01 00:00:00+00:00
[2024-07-05T05:31:18.843+0000] {processor.py:183} INFO - Processing /opt/airflow/dags/dag_with_task_flow_api.py took 0.073 seconds
[2024-07-05T05:31:49.422+0000] {processor.py:161} INFO - Started process (PID=2426) to work on /opt/airflow/dags/dag_with_task_flow_api.py
[2024-07-05T05:31:49.423+0000] {processor.py:830} INFO - Processing file /opt/airflow/dags/dag_with_task_flow_api.py for tasks to queue
[2024-07-05T05:31:49.424+0000] {logging_mixin.py:188} INFO - [2024-07-05T05:31:49.423+0000] {dagbag.py:545} INFO - Filling up the DagBag from /opt/airflow/dags/dag_with_task_flow_api.py
[2024-07-05T05:31:49.432+0000] {processor.py:840} INFO - DAG(s) 'dag_with_workflow_api_v02' retrieved from /opt/airflow/dags/dag_with_task_flow_api.py
[2024-07-05T05:31:49.450+0000] {logging_mixin.py:188} INFO - [2024-07-05T05:31:49.450+0000] {dag.py:3096} INFO - Sync 1 DAGs
[2024-07-05T05:31:49.469+0000] {logging_mixin.py:188} INFO - [2024-07-05T05:31:49.469+0000] {dag.py:3954} INFO - Setting next_dagrun for dag_with_workflow_api_v02 to 2024-06-30 00:00:00+00:00, run_after=2024-07-01 00:00:00+00:00
[2024-07-05T05:31:49.490+0000] {processor.py:183} INFO - Processing /opt/airflow/dags/dag_with_task_flow_api.py took 0.075 seconds
