[2024-07-05T05:13:22.657+0000] {processor.py:161} INFO - Started process (PID=178) to work on /opt/airflow/dags/dag_with_minio_s3.py
[2024-07-05T05:13:22.659+0000] {processor.py:830} INFO - Processing file /opt/airflow/dags/dag_with_minio_s3.py for tasks to queue
[2024-07-05T05:13:22.661+0000] {logging_mixin.py:188} INFO - [2024-07-05T05:13:22.660+0000] {dagbag.py:545} INFO - Filling up the DagBag from /opt/airflow/dags/dag_with_minio_s3.py
[2024-07-05T05:13:22.683+0000] {processor.py:840} INFO - DAG(s) 'dag_with_minio_s3_v04' retrieved from /opt/airflow/dags/dag_with_minio_s3.py
[2024-07-05T05:13:22.886+0000] {logging_mixin.py:188} INFO - [2024-07-05T05:13:22.885+0000] {override.py:1829} INFO - Created Permission View: can edit on DAG:dag_with_minio_s3_v04
[2024-07-05T05:13:22.899+0000] {logging_mixin.py:188} INFO - [2024-07-05T05:13:22.898+0000] {override.py:1829} INFO - Created Permission View: can read on DAG:dag_with_minio_s3_v04
[2024-07-05T05:13:22.906+0000] {logging_mixin.py:188} INFO - [2024-07-05T05:13:22.906+0000] {override.py:1829} INFO - Created Permission View: can delete on DAG:dag_with_minio_s3_v04
[2024-07-05T05:13:22.907+0000] {logging_mixin.py:188} INFO - [2024-07-05T05:13:22.907+0000] {dag.py:3096} INFO - Sync 1 DAGs
[2024-07-05T05:13:22.918+0000] {logging_mixin.py:188} INFO - [2024-07-05T05:13:22.918+0000] {dag.py:3118} INFO - Creating ORM DAG for dag_with_minio_s3_v04
[2024-07-05T05:13:22.929+0000] {logging_mixin.py:188} INFO - [2024-07-05T05:13:22.929+0000] {dag.py:3954} INFO - Setting next_dagrun for dag_with_minio_s3_v04 to 2024-06-30 00:00:00+00:00, run_after=2024-07-01 00:00:00+00:00
[2024-07-05T05:13:22.945+0000] {processor.py:183} INFO - Processing /opt/airflow/dags/dag_with_minio_s3.py took 0.311 seconds
[2024-07-05T05:13:53.295+0000] {processor.py:161} INFO - Started process (PID=239) to work on /opt/airflow/dags/dag_with_minio_s3.py
[2024-07-05T05:13:53.297+0000] {processor.py:830} INFO - Processing file /opt/airflow/dags/dag_with_minio_s3.py for tasks to queue
[2024-07-05T05:13:53.298+0000] {logging_mixin.py:188} INFO - [2024-07-05T05:13:53.298+0000] {dagbag.py:545} INFO - Filling up the DagBag from /opt/airflow/dags/dag_with_minio_s3.py
[2024-07-05T05:13:53.307+0000] {processor.py:840} INFO - DAG(s) 'dag_with_minio_s3_v04' retrieved from /opt/airflow/dags/dag_with_minio_s3.py
[2024-07-05T05:13:53.334+0000] {logging_mixin.py:188} INFO - [2024-07-05T05:13:53.334+0000] {dag.py:3096} INFO - Sync 1 DAGs
[2024-07-05T05:13:53.359+0000] {logging_mixin.py:188} INFO - [2024-07-05T05:13:53.358+0000] {dag.py:3954} INFO - Setting next_dagrun for dag_with_minio_s3_v04 to 2024-06-30 00:00:00+00:00, run_after=2024-07-01 00:00:00+00:00
[2024-07-05T05:13:53.383+0000] {processor.py:183} INFO - Processing /opt/airflow/dags/dag_with_minio_s3.py took 0.101 seconds
[2024-07-05T05:14:24.013+0000] {processor.py:161} INFO - Started process (PID=312) to work on /opt/airflow/dags/dag_with_minio_s3.py
[2024-07-05T05:14:24.015+0000] {processor.py:830} INFO - Processing file /opt/airflow/dags/dag_with_minio_s3.py for tasks to queue
[2024-07-05T05:14:24.016+0000] {logging_mixin.py:188} INFO - [2024-07-05T05:14:24.016+0000] {dagbag.py:545} INFO - Filling up the DagBag from /opt/airflow/dags/dag_with_minio_s3.py
[2024-07-05T05:14:24.023+0000] {processor.py:840} INFO - DAG(s) 'dag_with_minio_s3_v04' retrieved from /opt/airflow/dags/dag_with_minio_s3.py
[2024-07-05T05:14:24.044+0000] {logging_mixin.py:188} INFO - [2024-07-05T05:14:24.043+0000] {dag.py:3096} INFO - Sync 1 DAGs
[2024-07-05T05:14:24.063+0000] {logging_mixin.py:188} INFO - [2024-07-05T05:14:24.063+0000] {dag.py:3954} INFO - Setting next_dagrun for dag_with_minio_s3_v04 to 2024-06-30 00:00:00+00:00, run_after=2024-07-01 00:00:00+00:00
[2024-07-05T05:14:24.081+0000] {processor.py:183} INFO - Processing /opt/airflow/dags/dag_with_minio_s3.py took 0.076 seconds
[2024-07-05T05:14:54.718+0000] {processor.py:161} INFO - Started process (PID=373) to work on /opt/airflow/dags/dag_with_minio_s3.py
[2024-07-05T05:14:54.719+0000] {processor.py:830} INFO - Processing file /opt/airflow/dags/dag_with_minio_s3.py for tasks to queue
[2024-07-05T05:14:54.721+0000] {logging_mixin.py:188} INFO - [2024-07-05T05:14:54.721+0000] {dagbag.py:545} INFO - Filling up the DagBag from /opt/airflow/dags/dag_with_minio_s3.py
[2024-07-05T05:14:54.728+0000] {processor.py:840} INFO - DAG(s) 'dag_with_minio_s3_v04' retrieved from /opt/airflow/dags/dag_with_minio_s3.py
[2024-07-05T05:14:54.748+0000] {logging_mixin.py:188} INFO - [2024-07-05T05:14:54.748+0000] {dag.py:3096} INFO - Sync 1 DAGs
[2024-07-05T05:14:54.767+0000] {logging_mixin.py:188} INFO - [2024-07-05T05:14:54.766+0000] {dag.py:3954} INFO - Setting next_dagrun for dag_with_minio_s3_v04 to 2024-06-30 00:00:00+00:00, run_after=2024-07-01 00:00:00+00:00
[2024-07-05T05:14:54.785+0000] {processor.py:183} INFO - Processing /opt/airflow/dags/dag_with_minio_s3.py took 0.076 seconds
[2024-07-05T05:15:25.459+0000] {processor.py:161} INFO - Started process (PID=434) to work on /opt/airflow/dags/dag_with_minio_s3.py
[2024-07-05T05:15:25.461+0000] {processor.py:830} INFO - Processing file /opt/airflow/dags/dag_with_minio_s3.py for tasks to queue
[2024-07-05T05:15:25.462+0000] {logging_mixin.py:188} INFO - [2024-07-05T05:15:25.462+0000] {dagbag.py:545} INFO - Filling up the DagBag from /opt/airflow/dags/dag_with_minio_s3.py
[2024-07-05T05:15:25.469+0000] {processor.py:840} INFO - DAG(s) 'dag_with_minio_s3_v04' retrieved from /opt/airflow/dags/dag_with_minio_s3.py
[2024-07-05T05:15:25.490+0000] {logging_mixin.py:188} INFO - [2024-07-05T05:15:25.490+0000] {dag.py:3096} INFO - Sync 1 DAGs
[2024-07-05T05:15:25.509+0000] {logging_mixin.py:188} INFO - [2024-07-05T05:15:25.509+0000] {dag.py:3954} INFO - Setting next_dagrun for dag_with_minio_s3_v04 to 2024-06-30 00:00:00+00:00, run_after=2024-07-01 00:00:00+00:00
[2024-07-05T05:15:25.529+0000] {processor.py:183} INFO - Processing /opt/airflow/dags/dag_with_minio_s3.py took 0.078 seconds
[2024-07-05T05:15:56.117+0000] {processor.py:161} INFO - Started process (PID=495) to work on /opt/airflow/dags/dag_with_minio_s3.py
[2024-07-05T05:15:56.118+0000] {processor.py:830} INFO - Processing file /opt/airflow/dags/dag_with_minio_s3.py for tasks to queue
[2024-07-05T05:15:56.119+0000] {logging_mixin.py:188} INFO - [2024-07-05T05:15:56.119+0000] {dagbag.py:545} INFO - Filling up the DagBag from /opt/airflow/dags/dag_with_minio_s3.py
[2024-07-05T05:15:56.127+0000] {processor.py:840} INFO - DAG(s) 'dag_with_minio_s3_v04' retrieved from /opt/airflow/dags/dag_with_minio_s3.py
[2024-07-05T05:15:56.147+0000] {logging_mixin.py:188} INFO - [2024-07-05T05:15:56.147+0000] {dag.py:3096} INFO - Sync 1 DAGs
[2024-07-05T05:15:56.169+0000] {logging_mixin.py:188} INFO - [2024-07-05T05:15:56.168+0000] {dag.py:3954} INFO - Setting next_dagrun for dag_with_minio_s3_v04 to 2024-06-30 00:00:00+00:00, run_after=2024-07-01 00:00:00+00:00
[2024-07-05T05:15:56.187+0000] {processor.py:183} INFO - Processing /opt/airflow/dags/dag_with_minio_s3.py took 0.080 seconds
[2024-07-05T05:16:26.836+0000] {processor.py:161} INFO - Started process (PID=556) to work on /opt/airflow/dags/dag_with_minio_s3.py
[2024-07-05T05:16:26.837+0000] {processor.py:830} INFO - Processing file /opt/airflow/dags/dag_with_minio_s3.py for tasks to queue
[2024-07-05T05:16:26.838+0000] {logging_mixin.py:188} INFO - [2024-07-05T05:16:26.838+0000] {dagbag.py:545} INFO - Filling up the DagBag from /opt/airflow/dags/dag_with_minio_s3.py
[2024-07-05T05:16:26.845+0000] {processor.py:840} INFO - DAG(s) 'dag_with_minio_s3_v04' retrieved from /opt/airflow/dags/dag_with_minio_s3.py
[2024-07-05T05:16:26.864+0000] {logging_mixin.py:188} INFO - [2024-07-05T05:16:26.864+0000] {dag.py:3096} INFO - Sync 1 DAGs
[2024-07-05T05:16:26.884+0000] {logging_mixin.py:188} INFO - [2024-07-05T05:16:26.884+0000] {dag.py:3954} INFO - Setting next_dagrun for dag_with_minio_s3_v04 to 2024-06-30 00:00:00+00:00, run_after=2024-07-01 00:00:00+00:00
[2024-07-05T05:16:26.902+0000] {processor.py:183} INFO - Processing /opt/airflow/dags/dag_with_minio_s3.py took 0.075 seconds
[2024-07-05T05:16:57.529+0000] {processor.py:161} INFO - Started process (PID=617) to work on /opt/airflow/dags/dag_with_minio_s3.py
[2024-07-05T05:16:57.530+0000] {processor.py:830} INFO - Processing file /opt/airflow/dags/dag_with_minio_s3.py for tasks to queue
[2024-07-05T05:16:57.531+0000] {logging_mixin.py:188} INFO - [2024-07-05T05:16:57.531+0000] {dagbag.py:545} INFO - Filling up the DagBag from /opt/airflow/dags/dag_with_minio_s3.py
[2024-07-05T05:16:57.538+0000] {processor.py:840} INFO - DAG(s) 'dag_with_minio_s3_v04' retrieved from /opt/airflow/dags/dag_with_minio_s3.py
[2024-07-05T05:16:57.557+0000] {logging_mixin.py:188} INFO - [2024-07-05T05:16:57.557+0000] {dag.py:3096} INFO - Sync 1 DAGs
[2024-07-05T05:16:57.576+0000] {logging_mixin.py:188} INFO - [2024-07-05T05:16:57.575+0000] {dag.py:3954} INFO - Setting next_dagrun for dag_with_minio_s3_v04 to 2024-06-30 00:00:00+00:00, run_after=2024-07-01 00:00:00+00:00
[2024-07-05T05:16:57.594+0000] {processor.py:183} INFO - Processing /opt/airflow/dags/dag_with_minio_s3.py took 0.073 seconds
[2024-07-05T05:17:28.246+0000] {processor.py:161} INFO - Started process (PID=678) to work on /opt/airflow/dags/dag_with_minio_s3.py
[2024-07-05T05:17:28.247+0000] {processor.py:830} INFO - Processing file /opt/airflow/dags/dag_with_minio_s3.py for tasks to queue
[2024-07-05T05:17:28.249+0000] {logging_mixin.py:188} INFO - [2024-07-05T05:17:28.249+0000] {dagbag.py:545} INFO - Filling up the DagBag from /opt/airflow/dags/dag_with_minio_s3.py
[2024-07-05T05:17:28.256+0000] {processor.py:840} INFO - DAG(s) 'dag_with_minio_s3_v04' retrieved from /opt/airflow/dags/dag_with_minio_s3.py
[2024-07-05T05:17:28.278+0000] {logging_mixin.py:188} INFO - [2024-07-05T05:17:28.277+0000] {dag.py:3096} INFO - Sync 1 DAGs
[2024-07-05T05:17:28.298+0000] {logging_mixin.py:188} INFO - [2024-07-05T05:17:28.298+0000] {dag.py:3954} INFO - Setting next_dagrun for dag_with_minio_s3_v04 to 2024-06-30 00:00:00+00:00, run_after=2024-07-01 00:00:00+00:00
[2024-07-05T05:17:28.317+0000] {processor.py:183} INFO - Processing /opt/airflow/dags/dag_with_minio_s3.py took 0.079 seconds
[2024-07-05T05:17:59.000+0000] {processor.py:161} INFO - Started process (PID=737) to work on /opt/airflow/dags/dag_with_minio_s3.py
[2024-07-05T05:17:59.000+0000] {processor.py:830} INFO - Processing file /opt/airflow/dags/dag_with_minio_s3.py for tasks to queue
[2024-07-05T05:17:59.002+0000] {logging_mixin.py:188} INFO - [2024-07-05T05:17:59.001+0000] {dagbag.py:545} INFO - Filling up the DagBag from /opt/airflow/dags/dag_with_minio_s3.py
[2024-07-05T05:17:59.008+0000] {processor.py:840} INFO - DAG(s) 'dag_with_minio_s3_v04' retrieved from /opt/airflow/dags/dag_with_minio_s3.py
[2024-07-05T05:17:59.027+0000] {logging_mixin.py:188} INFO - [2024-07-05T05:17:59.027+0000] {dag.py:3096} INFO - Sync 1 DAGs
[2024-07-05T05:17:59.047+0000] {logging_mixin.py:188} INFO - [2024-07-05T05:17:59.047+0000] {dag.py:3954} INFO - Setting next_dagrun for dag_with_minio_s3_v04 to 2024-06-30 00:00:00+00:00, run_after=2024-07-01 00:00:00+00:00
[2024-07-05T05:17:59.069+0000] {processor.py:183} INFO - Processing /opt/airflow/dags/dag_with_minio_s3.py took 0.078 seconds
[2024-07-05T05:18:29.740+0000] {processor.py:161} INFO - Started process (PID=798) to work on /opt/airflow/dags/dag_with_minio_s3.py
[2024-07-05T05:18:29.741+0000] {processor.py:830} INFO - Processing file /opt/airflow/dags/dag_with_minio_s3.py for tasks to queue
[2024-07-05T05:18:29.742+0000] {logging_mixin.py:188} INFO - [2024-07-05T05:18:29.741+0000] {dagbag.py:545} INFO - Filling up the DagBag from /opt/airflow/dags/dag_with_minio_s3.py
[2024-07-05T05:18:29.748+0000] {processor.py:840} INFO - DAG(s) 'dag_with_minio_s3_v04' retrieved from /opt/airflow/dags/dag_with_minio_s3.py
[2024-07-05T05:18:29.765+0000] {logging_mixin.py:188} INFO - [2024-07-05T05:18:29.765+0000] {dag.py:3096} INFO - Sync 1 DAGs
[2024-07-05T05:18:29.783+0000] {logging_mixin.py:188} INFO - [2024-07-05T05:18:29.783+0000] {dag.py:3954} INFO - Setting next_dagrun for dag_with_minio_s3_v04 to 2024-06-30 00:00:00+00:00, run_after=2024-07-01 00:00:00+00:00
[2024-07-05T05:18:29.805+0000] {processor.py:183} INFO - Processing /opt/airflow/dags/dag_with_minio_s3.py took 0.072 seconds
[2024-07-05T05:19:00.435+0000] {processor.py:161} INFO - Started process (PID=859) to work on /opt/airflow/dags/dag_with_minio_s3.py
[2024-07-05T05:19:00.436+0000] {processor.py:830} INFO - Processing file /opt/airflow/dags/dag_with_minio_s3.py for tasks to queue
[2024-07-05T05:19:00.438+0000] {logging_mixin.py:188} INFO - [2024-07-05T05:19:00.437+0000] {dagbag.py:545} INFO - Filling up the DagBag from /opt/airflow/dags/dag_with_minio_s3.py
[2024-07-05T05:19:00.447+0000] {processor.py:840} INFO - DAG(s) 'dag_with_minio_s3_v04' retrieved from /opt/airflow/dags/dag_with_minio_s3.py
[2024-07-05T05:19:00.468+0000] {logging_mixin.py:188} INFO - [2024-07-05T05:19:00.468+0000] {dag.py:3096} INFO - Sync 1 DAGs
[2024-07-05T05:19:00.489+0000] {logging_mixin.py:188} INFO - [2024-07-05T05:19:00.489+0000] {dag.py:3954} INFO - Setting next_dagrun for dag_with_minio_s3_v04 to 2024-06-30 00:00:00+00:00, run_after=2024-07-01 00:00:00+00:00
[2024-07-05T05:19:00.510+0000] {processor.py:183} INFO - Processing /opt/airflow/dags/dag_with_minio_s3.py took 0.084 seconds
[2024-07-05T05:19:31.173+0000] {processor.py:161} INFO - Started process (PID=920) to work on /opt/airflow/dags/dag_with_minio_s3.py
[2024-07-05T05:19:31.174+0000] {processor.py:830} INFO - Processing file /opt/airflow/dags/dag_with_minio_s3.py for tasks to queue
[2024-07-05T05:19:31.175+0000] {logging_mixin.py:188} INFO - [2024-07-05T05:19:31.175+0000] {dagbag.py:545} INFO - Filling up the DagBag from /opt/airflow/dags/dag_with_minio_s3.py
[2024-07-05T05:19:31.182+0000] {processor.py:840} INFO - DAG(s) 'dag_with_minio_s3_v04' retrieved from /opt/airflow/dags/dag_with_minio_s3.py
[2024-07-05T05:19:31.202+0000] {logging_mixin.py:188} INFO - [2024-07-05T05:19:31.202+0000] {dag.py:3096} INFO - Sync 1 DAGs
[2024-07-05T05:19:31.222+0000] {logging_mixin.py:188} INFO - [2024-07-05T05:19:31.222+0000] {dag.py:3954} INFO - Setting next_dagrun for dag_with_minio_s3_v04 to 2024-06-30 00:00:00+00:00, run_after=2024-07-01 00:00:00+00:00
[2024-07-05T05:19:31.249+0000] {processor.py:183} INFO - Processing /opt/airflow/dags/dag_with_minio_s3.py took 0.084 seconds
[2024-07-05T05:20:01.898+0000] {processor.py:161} INFO - Started process (PID=981) to work on /opt/airflow/dags/dag_with_minio_s3.py
[2024-07-05T05:20:01.899+0000] {processor.py:830} INFO - Processing file /opt/airflow/dags/dag_with_minio_s3.py for tasks to queue
[2024-07-05T05:20:01.900+0000] {logging_mixin.py:188} INFO - [2024-07-05T05:20:01.900+0000] {dagbag.py:545} INFO - Filling up the DagBag from /opt/airflow/dags/dag_with_minio_s3.py
[2024-07-05T05:20:01.907+0000] {processor.py:840} INFO - DAG(s) 'dag_with_minio_s3_v04' retrieved from /opt/airflow/dags/dag_with_minio_s3.py
[2024-07-05T05:20:01.926+0000] {logging_mixin.py:188} INFO - [2024-07-05T05:20:01.926+0000] {dag.py:3096} INFO - Sync 1 DAGs
[2024-07-05T05:20:01.946+0000] {logging_mixin.py:188} INFO - [2024-07-05T05:20:01.945+0000] {dag.py:3954} INFO - Setting next_dagrun for dag_with_minio_s3_v04 to 2024-06-30 00:00:00+00:00, run_after=2024-07-01 00:00:00+00:00
[2024-07-05T05:20:01.965+0000] {processor.py:183} INFO - Processing /opt/airflow/dags/dag_with_minio_s3.py took 0.076 seconds
[2024-07-05T05:20:32.609+0000] {processor.py:161} INFO - Started process (PID=1042) to work on /opt/airflow/dags/dag_with_minio_s3.py
[2024-07-05T05:20:32.610+0000] {processor.py:830} INFO - Processing file /opt/airflow/dags/dag_with_minio_s3.py for tasks to queue
[2024-07-05T05:20:32.612+0000] {logging_mixin.py:188} INFO - [2024-07-05T05:20:32.611+0000] {dagbag.py:545} INFO - Filling up the DagBag from /opt/airflow/dags/dag_with_minio_s3.py
[2024-07-05T05:20:32.619+0000] {processor.py:840} INFO - DAG(s) 'dag_with_minio_s3_v04' retrieved from /opt/airflow/dags/dag_with_minio_s3.py
[2024-07-05T05:20:32.637+0000] {logging_mixin.py:188} INFO - [2024-07-05T05:20:32.637+0000] {dag.py:3096} INFO - Sync 1 DAGs
[2024-07-05T05:20:32.657+0000] {logging_mixin.py:188} INFO - [2024-07-05T05:20:32.656+0000] {dag.py:3954} INFO - Setting next_dagrun for dag_with_minio_s3_v04 to 2024-06-30 00:00:00+00:00, run_after=2024-07-01 00:00:00+00:00
[2024-07-05T05:20:32.676+0000] {processor.py:183} INFO - Processing /opt/airflow/dags/dag_with_minio_s3.py took 0.074 seconds
[2024-07-05T05:21:03.343+0000] {processor.py:161} INFO - Started process (PID=1103) to work on /opt/airflow/dags/dag_with_minio_s3.py
[2024-07-05T05:21:03.344+0000] {processor.py:830} INFO - Processing file /opt/airflow/dags/dag_with_minio_s3.py for tasks to queue
[2024-07-05T05:21:03.345+0000] {logging_mixin.py:188} INFO - [2024-07-05T05:21:03.345+0000] {dagbag.py:545} INFO - Filling up the DagBag from /opt/airflow/dags/dag_with_minio_s3.py
[2024-07-05T05:21:03.351+0000] {processor.py:840} INFO - DAG(s) 'dag_with_minio_s3_v04' retrieved from /opt/airflow/dags/dag_with_minio_s3.py
[2024-07-05T05:21:03.370+0000] {logging_mixin.py:188} INFO - [2024-07-05T05:21:03.369+0000] {dag.py:3096} INFO - Sync 1 DAGs
[2024-07-05T05:21:03.390+0000] {logging_mixin.py:188} INFO - [2024-07-05T05:21:03.390+0000] {dag.py:3954} INFO - Setting next_dagrun for dag_with_minio_s3_v04 to 2024-06-30 00:00:00+00:00, run_after=2024-07-01 00:00:00+00:00
[2024-07-05T05:21:03.414+0000] {processor.py:183} INFO - Processing /opt/airflow/dags/dag_with_minio_s3.py took 0.079 seconds
[2024-07-05T05:21:34.016+0000] {processor.py:161} INFO - Started process (PID=1164) to work on /opt/airflow/dags/dag_with_minio_s3.py
[2024-07-05T05:21:34.017+0000] {processor.py:830} INFO - Processing file /opt/airflow/dags/dag_with_minio_s3.py for tasks to queue
[2024-07-05T05:21:34.018+0000] {logging_mixin.py:188} INFO - [2024-07-05T05:21:34.018+0000] {dagbag.py:545} INFO - Filling up the DagBag from /opt/airflow/dags/dag_with_minio_s3.py
[2024-07-05T05:21:34.027+0000] {processor.py:840} INFO - DAG(s) 'dag_with_minio_s3_v04' retrieved from /opt/airflow/dags/dag_with_minio_s3.py
[2024-07-05T05:21:34.052+0000] {logging_mixin.py:188} INFO - [2024-07-05T05:21:34.052+0000] {dag.py:3096} INFO - Sync 1 DAGs
[2024-07-05T05:21:34.076+0000] {logging_mixin.py:188} INFO - [2024-07-05T05:21:34.076+0000] {dag.py:3954} INFO - Setting next_dagrun for dag_with_minio_s3_v04 to 2024-06-30 00:00:00+00:00, run_after=2024-07-01 00:00:00+00:00
[2024-07-05T05:21:34.099+0000] {processor.py:183} INFO - Processing /opt/airflow/dags/dag_with_minio_s3.py took 0.095 seconds
[2024-07-05T05:22:04.783+0000] {processor.py:161} INFO - Started process (PID=1225) to work on /opt/airflow/dags/dag_with_minio_s3.py
[2024-07-05T05:22:04.784+0000] {processor.py:830} INFO - Processing file /opt/airflow/dags/dag_with_minio_s3.py for tasks to queue
[2024-07-05T05:22:04.785+0000] {logging_mixin.py:188} INFO - [2024-07-05T05:22:04.785+0000] {dagbag.py:545} INFO - Filling up the DagBag from /opt/airflow/dags/dag_with_minio_s3.py
[2024-07-05T05:22:04.792+0000] {processor.py:840} INFO - DAG(s) 'dag_with_minio_s3_v04' retrieved from /opt/airflow/dags/dag_with_minio_s3.py
[2024-07-05T05:22:04.810+0000] {logging_mixin.py:188} INFO - [2024-07-05T05:22:04.810+0000] {dag.py:3096} INFO - Sync 1 DAGs
[2024-07-05T05:22:04.828+0000] {logging_mixin.py:188} INFO - [2024-07-05T05:22:04.828+0000] {dag.py:3954} INFO - Setting next_dagrun for dag_with_minio_s3_v04 to 2024-06-30 00:00:00+00:00, run_after=2024-07-01 00:00:00+00:00
[2024-07-05T05:22:04.850+0000] {processor.py:183} INFO - Processing /opt/airflow/dags/dag_with_minio_s3.py took 0.074 seconds
[2024-07-05T05:22:35.451+0000] {processor.py:161} INFO - Started process (PID=1286) to work on /opt/airflow/dags/dag_with_minio_s3.py
[2024-07-05T05:22:35.452+0000] {processor.py:830} INFO - Processing file /opt/airflow/dags/dag_with_minio_s3.py for tasks to queue
[2024-07-05T05:22:35.453+0000] {logging_mixin.py:188} INFO - [2024-07-05T05:22:35.453+0000] {dagbag.py:545} INFO - Filling up the DagBag from /opt/airflow/dags/dag_with_minio_s3.py
[2024-07-05T05:22:35.460+0000] {processor.py:840} INFO - DAG(s) 'dag_with_minio_s3_v04' retrieved from /opt/airflow/dags/dag_with_minio_s3.py
[2024-07-05T05:22:35.477+0000] {logging_mixin.py:188} INFO - [2024-07-05T05:22:35.477+0000] {dag.py:3096} INFO - Sync 1 DAGs
[2024-07-05T05:22:35.495+0000] {logging_mixin.py:188} INFO - [2024-07-05T05:22:35.495+0000] {dag.py:3954} INFO - Setting next_dagrun for dag_with_minio_s3_v04 to 2024-06-30 00:00:00+00:00, run_after=2024-07-01 00:00:00+00:00
[2024-07-05T05:22:35.513+0000] {processor.py:183} INFO - Processing /opt/airflow/dags/dag_with_minio_s3.py took 0.070 seconds
[2024-07-05T05:23:06.110+0000] {processor.py:161} INFO - Started process (PID=1347) to work on /opt/airflow/dags/dag_with_minio_s3.py
[2024-07-05T05:23:06.111+0000] {processor.py:830} INFO - Processing file /opt/airflow/dags/dag_with_minio_s3.py for tasks to queue
[2024-07-05T05:23:06.112+0000] {logging_mixin.py:188} INFO - [2024-07-05T05:23:06.112+0000] {dagbag.py:545} INFO - Filling up the DagBag from /opt/airflow/dags/dag_with_minio_s3.py
[2024-07-05T05:23:06.119+0000] {processor.py:840} INFO - DAG(s) 'dag_with_minio_s3_v04' retrieved from /opt/airflow/dags/dag_with_minio_s3.py
[2024-07-05T05:23:06.136+0000] {logging_mixin.py:188} INFO - [2024-07-05T05:23:06.136+0000] {dag.py:3096} INFO - Sync 1 DAGs
[2024-07-05T05:23:06.155+0000] {logging_mixin.py:188} INFO - [2024-07-05T05:23:06.155+0000] {dag.py:3954} INFO - Setting next_dagrun for dag_with_minio_s3_v04 to 2024-06-30 00:00:00+00:00, run_after=2024-07-01 00:00:00+00:00
[2024-07-05T05:23:06.178+0000] {processor.py:183} INFO - Processing /opt/airflow/dags/dag_with_minio_s3.py took 0.075 seconds
[2024-07-05T05:23:36.813+0000] {processor.py:161} INFO - Started process (PID=1408) to work on /opt/airflow/dags/dag_with_minio_s3.py
[2024-07-05T05:23:36.813+0000] {processor.py:830} INFO - Processing file /opt/airflow/dags/dag_with_minio_s3.py for tasks to queue
[2024-07-05T05:23:36.814+0000] {logging_mixin.py:188} INFO - [2024-07-05T05:23:36.814+0000] {dagbag.py:545} INFO - Filling up the DagBag from /opt/airflow/dags/dag_with_minio_s3.py
[2024-07-05T05:23:36.821+0000] {processor.py:840} INFO - DAG(s) 'dag_with_minio_s3_v04' retrieved from /opt/airflow/dags/dag_with_minio_s3.py
[2024-07-05T05:23:36.840+0000] {logging_mixin.py:188} INFO - [2024-07-05T05:23:36.839+0000] {dag.py:3096} INFO - Sync 1 DAGs
[2024-07-05T05:23:36.858+0000] {logging_mixin.py:188} INFO - [2024-07-05T05:23:36.858+0000] {dag.py:3954} INFO - Setting next_dagrun for dag_with_minio_s3_v04 to 2024-06-30 00:00:00+00:00, run_after=2024-07-01 00:00:00+00:00
[2024-07-05T05:23:36.882+0000] {processor.py:183} INFO - Processing /opt/airflow/dags/dag_with_minio_s3.py took 0.078 seconds
[2024-07-05T05:24:07.563+0000] {processor.py:161} INFO - Started process (PID=1469) to work on /opt/airflow/dags/dag_with_minio_s3.py
[2024-07-05T05:24:07.564+0000] {processor.py:830} INFO - Processing file /opt/airflow/dags/dag_with_minio_s3.py for tasks to queue
[2024-07-05T05:24:07.566+0000] {logging_mixin.py:188} INFO - [2024-07-05T05:24:07.566+0000] {dagbag.py:545} INFO - Filling up the DagBag from /opt/airflow/dags/dag_with_minio_s3.py
[2024-07-05T05:24:07.575+0000] {processor.py:840} INFO - DAG(s) 'dag_with_minio_s3_v04' retrieved from /opt/airflow/dags/dag_with_minio_s3.py
[2024-07-05T05:24:07.604+0000] {logging_mixin.py:188} INFO - [2024-07-05T05:24:07.604+0000] {dag.py:3096} INFO - Sync 1 DAGs
[2024-07-05T05:24:07.642+0000] {logging_mixin.py:188} INFO - [2024-07-05T05:24:07.641+0000] {dag.py:3954} INFO - Setting next_dagrun for dag_with_minio_s3_v04 to 2024-06-30 00:00:00+00:00, run_after=2024-07-01 00:00:00+00:00
[2024-07-05T05:24:07.667+0000] {processor.py:183} INFO - Processing /opt/airflow/dags/dag_with_minio_s3.py took 0.115 seconds
[2024-07-05T05:24:38.305+0000] {processor.py:161} INFO - Started process (PID=1536) to work on /opt/airflow/dags/dag_with_minio_s3.py
[2024-07-05T05:24:38.306+0000] {processor.py:830} INFO - Processing file /opt/airflow/dags/dag_with_minio_s3.py for tasks to queue
[2024-07-05T05:24:38.307+0000] {logging_mixin.py:188} INFO - [2024-07-05T05:24:38.307+0000] {dagbag.py:545} INFO - Filling up the DagBag from /opt/airflow/dags/dag_with_minio_s3.py
[2024-07-05T05:24:38.313+0000] {processor.py:840} INFO - DAG(s) 'dag_with_minio_s3_v04' retrieved from /opt/airflow/dags/dag_with_minio_s3.py
[2024-07-05T05:24:38.331+0000] {logging_mixin.py:188} INFO - [2024-07-05T05:24:38.331+0000] {dag.py:3096} INFO - Sync 1 DAGs
[2024-07-05T05:24:38.350+0000] {logging_mixin.py:188} INFO - [2024-07-05T05:24:38.350+0000] {dag.py:3954} INFO - Setting next_dagrun for dag_with_minio_s3_v04 to 2024-06-30 00:00:00+00:00, run_after=2024-07-01 00:00:00+00:00
[2024-07-05T05:24:38.372+0000] {processor.py:183} INFO - Processing /opt/airflow/dags/dag_with_minio_s3.py took 0.074 seconds
[2024-07-05T05:25:09.013+0000] {processor.py:161} INFO - Started process (PID=1597) to work on /opt/airflow/dags/dag_with_minio_s3.py
[2024-07-05T05:25:09.013+0000] {processor.py:830} INFO - Processing file /opt/airflow/dags/dag_with_minio_s3.py for tasks to queue
[2024-07-05T05:25:09.014+0000] {logging_mixin.py:188} INFO - [2024-07-05T05:25:09.014+0000] {dagbag.py:545} INFO - Filling up the DagBag from /opt/airflow/dags/dag_with_minio_s3.py
[2024-07-05T05:25:09.021+0000] {processor.py:840} INFO - DAG(s) 'dag_with_minio_s3_v04' retrieved from /opt/airflow/dags/dag_with_minio_s3.py
[2024-07-05T05:25:09.039+0000] {logging_mixin.py:188} INFO - [2024-07-05T05:25:09.039+0000] {dag.py:3096} INFO - Sync 1 DAGs
[2024-07-05T05:25:09.056+0000] {logging_mixin.py:188} INFO - [2024-07-05T05:25:09.056+0000] {dag.py:3954} INFO - Setting next_dagrun for dag_with_minio_s3_v04 to 2024-06-30 00:00:00+00:00, run_after=2024-07-01 00:00:00+00:00
[2024-07-05T05:25:09.076+0000] {processor.py:183} INFO - Processing /opt/airflow/dags/dag_with_minio_s3.py took 0.071 seconds
