[2024-07-05T05:13:22.614+0000] {processor.py:161} INFO - Started process (PID=175) to work on /opt/airflow/dags/dag_with_postgress_hook.py
[2024-07-05T05:13:22.615+0000] {processor.py:830} INFO - Processing file /opt/airflow/dags/dag_with_postgress_hook.py for tasks to queue
[2024-07-05T05:13:22.617+0000] {logging_mixin.py:188} INFO - [2024-07-05T05:13:22.616+0000] {dagbag.py:545} INFO - Filling up the DagBag from /opt/airflow/dags/dag_with_postgress_hook.py
[2024-07-05T05:13:22.626+0000] {processor.py:840} INFO - DAG(s) 'dag_with_postgers_hooks_v04' retrieved from /opt/airflow/dags/dag_with_postgress_hook.py
[2024-07-05T05:13:22.795+0000] {logging_mixin.py:188} INFO - [2024-07-05T05:13:22.794+0000] {override.py:1829} INFO - Created Permission View: can edit on DAG:dag_with_postgers_hooks_v04
[2024-07-05T05:13:22.808+0000] {logging_mixin.py:188} INFO - [2024-07-05T05:13:22.807+0000] {override.py:1829} INFO - Created Permission View: can read on DAG:dag_with_postgers_hooks_v04
[2024-07-05T05:13:22.816+0000] {logging_mixin.py:188} INFO - [2024-07-05T05:13:22.815+0000] {override.py:1829} INFO - Created Permission View: can delete on DAG:dag_with_postgers_hooks_v04
[2024-07-05T05:13:22.816+0000] {logging_mixin.py:188} INFO - [2024-07-05T05:13:22.816+0000] {dag.py:3096} INFO - Sync 1 DAGs
[2024-07-05T05:13:22.835+0000] {logging_mixin.py:188} INFO - [2024-07-05T05:13:22.834+0000] {dag.py:3118} INFO - Creating ORM DAG for dag_with_postgers_hooks_v04
[2024-07-05T05:13:22.854+0000] {logging_mixin.py:188} INFO - [2024-07-05T05:13:22.854+0000] {dag.py:3954} INFO - Setting next_dagrun for dag_with_postgers_hooks_v04 to 2022-04-30 00:00:00+00:00, run_after=2022-05-01 00:00:00+00:00
[2024-07-05T05:13:22.875+0000] {processor.py:183} INFO - Processing /opt/airflow/dags/dag_with_postgress_hook.py took 0.270 seconds
[2024-07-05T05:13:53.105+0000] {processor.py:161} INFO - Started process (PID=234) to work on /opt/airflow/dags/dag_with_postgress_hook.py
[2024-07-05T05:13:53.106+0000] {processor.py:830} INFO - Processing file /opt/airflow/dags/dag_with_postgress_hook.py for tasks to queue
[2024-07-05T05:13:53.108+0000] {logging_mixin.py:188} INFO - [2024-07-05T05:13:53.108+0000] {dagbag.py:545} INFO - Filling up the DagBag from /opt/airflow/dags/dag_with_postgress_hook.py
[2024-07-05T05:13:53.127+0000] {processor.py:840} INFO - DAG(s) 'dag_with_postgers_hooks_v04' retrieved from /opt/airflow/dags/dag_with_postgress_hook.py
[2024-07-05T05:13:53.183+0000] {logging_mixin.py:188} INFO - [2024-07-05T05:13:53.183+0000] {dag.py:3096} INFO - Sync 1 DAGs
[2024-07-05T05:13:53.242+0000] {logging_mixin.py:188} INFO - [2024-07-05T05:13:53.242+0000] {dag.py:3954} INFO - Setting next_dagrun for dag_with_postgers_hooks_v04 to 2022-04-30 00:00:00+00:00, run_after=2022-05-01 00:00:00+00:00
[2024-07-05T05:13:53.285+0000] {processor.py:183} INFO - Processing /opt/airflow/dags/dag_with_postgress_hook.py took 0.191 seconds
[2024-07-05T05:14:23.928+0000] {processor.py:161} INFO - Started process (PID=305) to work on /opt/airflow/dags/dag_with_postgress_hook.py
[2024-07-05T05:14:23.929+0000] {processor.py:830} INFO - Processing file /opt/airflow/dags/dag_with_postgress_hook.py for tasks to queue
[2024-07-05T05:14:23.930+0000] {logging_mixin.py:188} INFO - [2024-07-05T05:14:23.930+0000] {dagbag.py:545} INFO - Filling up the DagBag from /opt/airflow/dags/dag_with_postgress_hook.py
[2024-07-05T05:14:23.938+0000] {processor.py:840} INFO - DAG(s) 'dag_with_postgers_hooks_v04' retrieved from /opt/airflow/dags/dag_with_postgress_hook.py
[2024-07-05T05:14:23.957+0000] {logging_mixin.py:188} INFO - [2024-07-05T05:14:23.957+0000] {dag.py:3096} INFO - Sync 1 DAGs
[2024-07-05T05:14:23.976+0000] {logging_mixin.py:188} INFO - [2024-07-05T05:14:23.976+0000] {dag.py:3954} INFO - Setting next_dagrun for dag_with_postgers_hooks_v04 to 2022-04-30 00:00:00+00:00, run_after=2022-05-01 00:00:00+00:00
[2024-07-05T05:14:23.994+0000] {processor.py:183} INFO - Processing /opt/airflow/dags/dag_with_postgress_hook.py took 0.073 seconds
[2024-07-05T05:14:54.635+0000] {processor.py:161} INFO - Started process (PID=366) to work on /opt/airflow/dags/dag_with_postgress_hook.py
[2024-07-05T05:14:54.636+0000] {processor.py:830} INFO - Processing file /opt/airflow/dags/dag_with_postgress_hook.py for tasks to queue
[2024-07-05T05:14:54.637+0000] {logging_mixin.py:188} INFO - [2024-07-05T05:14:54.637+0000] {dagbag.py:545} INFO - Filling up the DagBag from /opt/airflow/dags/dag_with_postgress_hook.py
[2024-07-05T05:14:54.644+0000] {processor.py:840} INFO - DAG(s) 'dag_with_postgers_hooks_v04' retrieved from /opt/airflow/dags/dag_with_postgress_hook.py
[2024-07-05T05:14:54.661+0000] {logging_mixin.py:188} INFO - [2024-07-05T05:14:54.661+0000] {dag.py:3096} INFO - Sync 1 DAGs
[2024-07-05T05:14:54.680+0000] {logging_mixin.py:188} INFO - [2024-07-05T05:14:54.679+0000] {dag.py:3954} INFO - Setting next_dagrun for dag_with_postgers_hooks_v04 to 2022-04-30 00:00:00+00:00, run_after=2022-05-01 00:00:00+00:00
[2024-07-05T05:14:54.698+0000] {processor.py:183} INFO - Processing /opt/airflow/dags/dag_with_postgress_hook.py took 0.071 seconds
[2024-07-05T05:15:25.371+0000] {processor.py:161} INFO - Started process (PID=427) to work on /opt/airflow/dags/dag_with_postgress_hook.py
[2024-07-05T05:15:25.372+0000] {processor.py:830} INFO - Processing file /opt/airflow/dags/dag_with_postgress_hook.py for tasks to queue
[2024-07-05T05:15:25.373+0000] {logging_mixin.py:188} INFO - [2024-07-05T05:15:25.373+0000] {dagbag.py:545} INFO - Filling up the DagBag from /opt/airflow/dags/dag_with_postgress_hook.py
[2024-07-05T05:15:25.381+0000] {processor.py:840} INFO - DAG(s) 'dag_with_postgers_hooks_v04' retrieved from /opt/airflow/dags/dag_with_postgress_hook.py
[2024-07-05T05:15:25.401+0000] {logging_mixin.py:188} INFO - [2024-07-05T05:15:25.401+0000] {dag.py:3096} INFO - Sync 1 DAGs
[2024-07-05T05:15:25.420+0000] {logging_mixin.py:188} INFO - [2024-07-05T05:15:25.420+0000] {dag.py:3954} INFO - Setting next_dagrun for dag_with_postgers_hooks_v04 to 2022-04-30 00:00:00+00:00, run_after=2022-05-01 00:00:00+00:00
[2024-07-05T05:15:25.439+0000] {processor.py:183} INFO - Processing /opt/airflow/dags/dag_with_postgress_hook.py took 0.076 seconds
[2024-07-05T05:15:56.029+0000] {processor.py:161} INFO - Started process (PID=488) to work on /opt/airflow/dags/dag_with_postgress_hook.py
[2024-07-05T05:15:56.029+0000] {processor.py:830} INFO - Processing file /opt/airflow/dags/dag_with_postgress_hook.py for tasks to queue
[2024-07-05T05:15:56.031+0000] {logging_mixin.py:188} INFO - [2024-07-05T05:15:56.030+0000] {dagbag.py:545} INFO - Filling up the DagBag from /opt/airflow/dags/dag_with_postgress_hook.py
[2024-07-05T05:15:56.037+0000] {processor.py:840} INFO - DAG(s) 'dag_with_postgers_hooks_v04' retrieved from /opt/airflow/dags/dag_with_postgress_hook.py
[2024-07-05T05:15:56.056+0000] {logging_mixin.py:188} INFO - [2024-07-05T05:15:56.056+0000] {dag.py:3096} INFO - Sync 1 DAGs
[2024-07-05T05:15:56.075+0000] {logging_mixin.py:188} INFO - [2024-07-05T05:15:56.075+0000] {dag.py:3954} INFO - Setting next_dagrun for dag_with_postgers_hooks_v04 to 2022-04-30 00:00:00+00:00, run_after=2022-05-01 00:00:00+00:00
[2024-07-05T05:15:56.097+0000] {processor.py:183} INFO - Processing /opt/airflow/dags/dag_with_postgress_hook.py took 0.076 seconds
[2024-07-05T05:16:26.751+0000] {processor.py:161} INFO - Started process (PID=549) to work on /opt/airflow/dags/dag_with_postgress_hook.py
[2024-07-05T05:16:26.754+0000] {processor.py:830} INFO - Processing file /opt/airflow/dags/dag_with_postgress_hook.py for tasks to queue
[2024-07-05T05:16:26.755+0000] {logging_mixin.py:188} INFO - [2024-07-05T05:16:26.755+0000] {dagbag.py:545} INFO - Filling up the DagBag from /opt/airflow/dags/dag_with_postgress_hook.py
[2024-07-05T05:16:26.762+0000] {processor.py:840} INFO - DAG(s) 'dag_with_postgers_hooks_v04' retrieved from /opt/airflow/dags/dag_with_postgress_hook.py
[2024-07-05T05:16:26.779+0000] {logging_mixin.py:188} INFO - [2024-07-05T05:16:26.779+0000] {dag.py:3096} INFO - Sync 1 DAGs
[2024-07-05T05:16:26.798+0000] {logging_mixin.py:188} INFO - [2024-07-05T05:16:26.797+0000] {dag.py:3954} INFO - Setting next_dagrun for dag_with_postgers_hooks_v04 to 2022-04-30 00:00:00+00:00, run_after=2022-05-01 00:00:00+00:00
[2024-07-05T05:16:26.816+0000] {processor.py:183} INFO - Processing /opt/airflow/dags/dag_with_postgress_hook.py took 0.073 seconds
[2024-07-05T05:16:57.450+0000] {processor.py:161} INFO - Started process (PID=610) to work on /opt/airflow/dags/dag_with_postgress_hook.py
[2024-07-05T05:16:57.450+0000] {processor.py:830} INFO - Processing file /opt/airflow/dags/dag_with_postgress_hook.py for tasks to queue
[2024-07-05T05:16:57.451+0000] {logging_mixin.py:188} INFO - [2024-07-05T05:16:57.451+0000] {dagbag.py:545} INFO - Filling up the DagBag from /opt/airflow/dags/dag_with_postgress_hook.py
[2024-07-05T05:16:57.458+0000] {processor.py:840} INFO - DAG(s) 'dag_with_postgers_hooks_v04' retrieved from /opt/airflow/dags/dag_with_postgress_hook.py
[2024-07-05T05:16:57.475+0000] {logging_mixin.py:188} INFO - [2024-07-05T05:16:57.475+0000] {dag.py:3096} INFO - Sync 1 DAGs
[2024-07-05T05:16:57.493+0000] {logging_mixin.py:188} INFO - [2024-07-05T05:16:57.493+0000] {dag.py:3954} INFO - Setting next_dagrun for dag_with_postgers_hooks_v04 to 2022-04-30 00:00:00+00:00, run_after=2022-05-01 00:00:00+00:00
[2024-07-05T05:16:57.511+0000] {processor.py:183} INFO - Processing /opt/airflow/dags/dag_with_postgress_hook.py took 0.068 seconds
[2024-07-05T05:17:28.158+0000] {processor.py:161} INFO - Started process (PID=671) to work on /opt/airflow/dags/dag_with_postgress_hook.py
[2024-07-05T05:17:28.159+0000] {processor.py:830} INFO - Processing file /opt/airflow/dags/dag_with_postgress_hook.py for tasks to queue
[2024-07-05T05:17:28.160+0000] {logging_mixin.py:188} INFO - [2024-07-05T05:17:28.160+0000] {dagbag.py:545} INFO - Filling up the DagBag from /opt/airflow/dags/dag_with_postgress_hook.py
[2024-07-05T05:17:28.168+0000] {processor.py:840} INFO - DAG(s) 'dag_with_postgers_hooks_v04' retrieved from /opt/airflow/dags/dag_with_postgress_hook.py
[2024-07-05T05:17:28.187+0000] {logging_mixin.py:188} INFO - [2024-07-05T05:17:28.187+0000] {dag.py:3096} INFO - Sync 1 DAGs
[2024-07-05T05:17:28.207+0000] {logging_mixin.py:188} INFO - [2024-07-05T05:17:28.207+0000] {dag.py:3954} INFO - Setting next_dagrun for dag_with_postgers_hooks_v04 to 2022-04-30 00:00:00+00:00, run_after=2022-05-01 00:00:00+00:00
[2024-07-05T05:17:28.226+0000] {processor.py:183} INFO - Processing /opt/airflow/dags/dag_with_postgress_hook.py took 0.077 seconds
[2024-07-05T05:17:58.995+0000] {processor.py:161} INFO - Started process (PID=734) to work on /opt/airflow/dags/dag_with_postgress_hook.py
[2024-07-05T05:17:58.995+0000] {processor.py:830} INFO - Processing file /opt/airflow/dags/dag_with_postgress_hook.py for tasks to queue
[2024-07-05T05:17:58.997+0000] {logging_mixin.py:188} INFO - [2024-07-05T05:17:58.996+0000] {dagbag.py:545} INFO - Filling up the DagBag from /opt/airflow/dags/dag_with_postgress_hook.py
[2024-07-05T05:17:59.005+0000] {processor.py:840} INFO - DAG(s) 'dag_with_postgers_hooks_v04' retrieved from /opt/airflow/dags/dag_with_postgress_hook.py
[2024-07-05T05:17:59.025+0000] {logging_mixin.py:188} INFO - [2024-07-05T05:17:59.024+0000] {dag.py:3096} INFO - Sync 1 DAGs
[2024-07-05T05:17:59.045+0000] {logging_mixin.py:188} INFO - [2024-07-05T05:17:59.044+0000] {dag.py:3954} INFO - Setting next_dagrun for dag_with_postgers_hooks_v04 to 2022-04-30 00:00:00+00:00, run_after=2022-05-01 00:00:00+00:00
[2024-07-05T05:17:59.065+0000] {processor.py:183} INFO - Processing /opt/airflow/dags/dag_with_postgress_hook.py took 0.079 seconds
[2024-07-05T05:18:29.735+0000] {processor.py:161} INFO - Started process (PID=795) to work on /opt/airflow/dags/dag_with_postgress_hook.py
[2024-07-05T05:18:29.737+0000] {processor.py:830} INFO - Processing file /opt/airflow/dags/dag_with_postgress_hook.py for tasks to queue
[2024-07-05T05:18:29.738+0000] {logging_mixin.py:188} INFO - [2024-07-05T05:18:29.738+0000] {dagbag.py:545} INFO - Filling up the DagBag from /opt/airflow/dags/dag_with_postgress_hook.py
[2024-07-05T05:18:29.745+0000] {processor.py:840} INFO - DAG(s) 'dag_with_postgers_hooks_v04' retrieved from /opt/airflow/dags/dag_with_postgress_hook.py
[2024-07-05T05:18:29.763+0000] {logging_mixin.py:188} INFO - [2024-07-05T05:18:29.763+0000] {dag.py:3096} INFO - Sync 1 DAGs
[2024-07-05T05:18:29.783+0000] {logging_mixin.py:188} INFO - [2024-07-05T05:18:29.783+0000] {dag.py:3954} INFO - Setting next_dagrun for dag_with_postgers_hooks_v04 to 2022-04-30 00:00:00+00:00, run_after=2022-05-01 00:00:00+00:00
[2024-07-05T05:18:29.800+0000] {processor.py:183} INFO - Processing /opt/airflow/dags/dag_with_postgress_hook.py took 0.073 seconds
[2024-07-05T05:19:00.433+0000] {processor.py:161} INFO - Started process (PID=856) to work on /opt/airflow/dags/dag_with_postgress_hook.py
[2024-07-05T05:19:00.435+0000] {processor.py:830} INFO - Processing file /opt/airflow/dags/dag_with_postgress_hook.py for tasks to queue
[2024-07-05T05:19:00.437+0000] {logging_mixin.py:188} INFO - [2024-07-05T05:19:00.437+0000] {dagbag.py:545} INFO - Filling up the DagBag from /opt/airflow/dags/dag_with_postgress_hook.py
[2024-07-05T05:19:00.447+0000] {processor.py:840} INFO - DAG(s) 'dag_with_postgers_hooks_v04' retrieved from /opt/airflow/dags/dag_with_postgress_hook.py
[2024-07-05T05:19:00.468+0000] {logging_mixin.py:188} INFO - [2024-07-05T05:19:00.468+0000] {dag.py:3096} INFO - Sync 1 DAGs
[2024-07-05T05:19:00.489+0000] {logging_mixin.py:188} INFO - [2024-07-05T05:19:00.489+0000] {dag.py:3954} INFO - Setting next_dagrun for dag_with_postgers_hooks_v04 to 2022-04-30 00:00:00+00:00, run_after=2022-05-01 00:00:00+00:00
[2024-07-05T05:19:00.514+0000] {processor.py:183} INFO - Processing /opt/airflow/dags/dag_with_postgress_hook.py took 0.094 seconds
[2024-07-05T05:19:31.169+0000] {processor.py:161} INFO - Started process (PID=917) to work on /opt/airflow/dags/dag_with_postgress_hook.py
[2024-07-05T05:19:31.170+0000] {processor.py:830} INFO - Processing file /opt/airflow/dags/dag_with_postgress_hook.py for tasks to queue
[2024-07-05T05:19:31.171+0000] {logging_mixin.py:188} INFO - [2024-07-05T05:19:31.171+0000] {dagbag.py:545} INFO - Filling up the DagBag from /opt/airflow/dags/dag_with_postgress_hook.py
[2024-07-05T05:19:31.179+0000] {processor.py:840} INFO - DAG(s) 'dag_with_postgers_hooks_v04' retrieved from /opt/airflow/dags/dag_with_postgress_hook.py
[2024-07-05T05:19:31.199+0000] {logging_mixin.py:188} INFO - [2024-07-05T05:19:31.199+0000] {dag.py:3096} INFO - Sync 1 DAGs
[2024-07-05T05:19:31.221+0000] {logging_mixin.py:188} INFO - [2024-07-05T05:19:31.221+0000] {dag.py:3954} INFO - Setting next_dagrun for dag_with_postgers_hooks_v04 to 2022-04-30 00:00:00+00:00, run_after=2022-05-01 00:00:00+00:00
[2024-07-05T05:19:31.244+0000] {processor.py:183} INFO - Processing /opt/airflow/dags/dag_with_postgress_hook.py took 0.083 seconds
[2024-07-05T05:20:01.894+0000] {processor.py:161} INFO - Started process (PID=978) to work on /opt/airflow/dags/dag_with_postgress_hook.py
[2024-07-05T05:20:01.896+0000] {processor.py:830} INFO - Processing file /opt/airflow/dags/dag_with_postgress_hook.py for tasks to queue
[2024-07-05T05:20:01.898+0000] {logging_mixin.py:188} INFO - [2024-07-05T05:20:01.897+0000] {dagbag.py:545} INFO - Filling up the DagBag from /opt/airflow/dags/dag_with_postgress_hook.py
[2024-07-05T05:20:01.905+0000] {processor.py:840} INFO - DAG(s) 'dag_with_postgers_hooks_v04' retrieved from /opt/airflow/dags/dag_with_postgress_hook.py
[2024-07-05T05:20:01.925+0000] {logging_mixin.py:188} INFO - [2024-07-05T05:20:01.925+0000] {dag.py:3096} INFO - Sync 1 DAGs
[2024-07-05T05:20:01.945+0000] {logging_mixin.py:188} INFO - [2024-07-05T05:20:01.945+0000] {dag.py:3954} INFO - Setting next_dagrun for dag_with_postgers_hooks_v04 to 2022-04-30 00:00:00+00:00, run_after=2022-05-01 00:00:00+00:00
[2024-07-05T05:20:01.970+0000] {processor.py:183} INFO - Processing /opt/airflow/dags/dag_with_postgress_hook.py took 0.085 seconds
[2024-07-05T05:20:32.605+0000] {processor.py:161} INFO - Started process (PID=1039) to work on /opt/airflow/dags/dag_with_postgress_hook.py
[2024-07-05T05:20:32.607+0000] {processor.py:830} INFO - Processing file /opt/airflow/dags/dag_with_postgress_hook.py for tasks to queue
[2024-07-05T05:20:32.609+0000] {logging_mixin.py:188} INFO - [2024-07-05T05:20:32.609+0000] {dagbag.py:545} INFO - Filling up the DagBag from /opt/airflow/dags/dag_with_postgress_hook.py
[2024-07-05T05:20:32.617+0000] {processor.py:840} INFO - DAG(s) 'dag_with_postgers_hooks_v04' retrieved from /opt/airflow/dags/dag_with_postgress_hook.py
[2024-07-05T05:20:32.636+0000] {logging_mixin.py:188} INFO - [2024-07-05T05:20:32.636+0000] {dag.py:3096} INFO - Sync 1 DAGs
[2024-07-05T05:20:32.657+0000] {logging_mixin.py:188} INFO - [2024-07-05T05:20:32.656+0000] {dag.py:3954} INFO - Setting next_dagrun for dag_with_postgers_hooks_v04 to 2022-04-30 00:00:00+00:00, run_after=2022-05-01 00:00:00+00:00
[2024-07-05T05:20:32.681+0000] {processor.py:183} INFO - Processing /opt/airflow/dags/dag_with_postgress_hook.py took 0.084 seconds
[2024-07-05T05:21:03.338+0000] {processor.py:161} INFO - Started process (PID=1100) to work on /opt/airflow/dags/dag_with_postgress_hook.py
[2024-07-05T05:21:03.340+0000] {processor.py:830} INFO - Processing file /opt/airflow/dags/dag_with_postgress_hook.py for tasks to queue
[2024-07-05T05:21:03.342+0000] {logging_mixin.py:188} INFO - [2024-07-05T05:21:03.341+0000] {dagbag.py:545} INFO - Filling up the DagBag from /opt/airflow/dags/dag_with_postgress_hook.py
[2024-07-05T05:21:03.349+0000] {processor.py:840} INFO - DAG(s) 'dag_with_postgers_hooks_v04' retrieved from /opt/airflow/dags/dag_with_postgress_hook.py
[2024-07-05T05:21:03.369+0000] {logging_mixin.py:188} INFO - [2024-07-05T05:21:03.369+0000] {dag.py:3096} INFO - Sync 1 DAGs
[2024-07-05T05:21:03.390+0000] {logging_mixin.py:188} INFO - [2024-07-05T05:21:03.390+0000] {dag.py:3954} INFO - Setting next_dagrun for dag_with_postgers_hooks_v04 to 2022-04-30 00:00:00+00:00, run_after=2022-05-01 00:00:00+00:00
[2024-07-05T05:21:03.409+0000] {processor.py:183} INFO - Processing /opt/airflow/dags/dag_with_postgress_hook.py took 0.080 seconds
[2024-07-05T05:21:34.009+0000] {processor.py:161} INFO - Started process (PID=1161) to work on /opt/airflow/dags/dag_with_postgress_hook.py
[2024-07-05T05:21:34.010+0000] {processor.py:830} INFO - Processing file /opt/airflow/dags/dag_with_postgress_hook.py for tasks to queue
[2024-07-05T05:21:34.012+0000] {logging_mixin.py:188} INFO - [2024-07-05T05:21:34.012+0000] {dagbag.py:545} INFO - Filling up the DagBag from /opt/airflow/dags/dag_with_postgress_hook.py
[2024-07-05T05:21:34.023+0000] {processor.py:840} INFO - DAG(s) 'dag_with_postgers_hooks_v04' retrieved from /opt/airflow/dags/dag_with_postgress_hook.py
[2024-07-05T05:21:34.048+0000] {logging_mixin.py:188} INFO - [2024-07-05T05:21:34.047+0000] {dag.py:3096} INFO - Sync 1 DAGs
[2024-07-05T05:21:34.072+0000] {logging_mixin.py:188} INFO - [2024-07-05T05:21:34.071+0000] {dag.py:3954} INFO - Setting next_dagrun for dag_with_postgers_hooks_v04 to 2022-04-30 00:00:00+00:00, run_after=2022-05-01 00:00:00+00:00
[2024-07-05T05:21:34.095+0000] {processor.py:183} INFO - Processing /opt/airflow/dags/dag_with_postgress_hook.py took 0.098 seconds
[2024-07-05T05:22:04.779+0000] {processor.py:161} INFO - Started process (PID=1222) to work on /opt/airflow/dags/dag_with_postgress_hook.py
[2024-07-05T05:22:04.780+0000] {processor.py:830} INFO - Processing file /opt/airflow/dags/dag_with_postgress_hook.py for tasks to queue
[2024-07-05T05:22:04.781+0000] {logging_mixin.py:188} INFO - [2024-07-05T05:22:04.781+0000] {dagbag.py:545} INFO - Filling up the DagBag from /opt/airflow/dags/dag_with_postgress_hook.py
[2024-07-05T05:22:04.789+0000] {processor.py:840} INFO - DAG(s) 'dag_with_postgers_hooks_v04' retrieved from /opt/airflow/dags/dag_with_postgress_hook.py
[2024-07-05T05:22:04.808+0000] {logging_mixin.py:188} INFO - [2024-07-05T05:22:04.808+0000] {dag.py:3096} INFO - Sync 1 DAGs
[2024-07-05T05:22:04.827+0000] {logging_mixin.py:188} INFO - [2024-07-05T05:22:04.827+0000] {dag.py:3954} INFO - Setting next_dagrun for dag_with_postgers_hooks_v04 to 2022-04-30 00:00:00+00:00, run_after=2022-05-01 00:00:00+00:00
[2024-07-05T05:22:04.846+0000] {processor.py:183} INFO - Processing /opt/airflow/dags/dag_with_postgress_hook.py took 0.075 seconds
[2024-07-05T05:22:35.447+0000] {processor.py:161} INFO - Started process (PID=1283) to work on /opt/airflow/dags/dag_with_postgress_hook.py
[2024-07-05T05:22:35.450+0000] {processor.py:830} INFO - Processing file /opt/airflow/dags/dag_with_postgress_hook.py for tasks to queue
[2024-07-05T05:22:35.451+0000] {logging_mixin.py:188} INFO - [2024-07-05T05:22:35.451+0000] {dagbag.py:545} INFO - Filling up the DagBag from /opt/airflow/dags/dag_with_postgress_hook.py
[2024-07-05T05:22:35.458+0000] {processor.py:840} INFO - DAG(s) 'dag_with_postgers_hooks_v04' retrieved from /opt/airflow/dags/dag_with_postgress_hook.py
[2024-07-05T05:22:35.477+0000] {logging_mixin.py:188} INFO - [2024-07-05T05:22:35.477+0000] {dag.py:3096} INFO - Sync 1 DAGs
[2024-07-05T05:22:35.495+0000] {logging_mixin.py:188} INFO - [2024-07-05T05:22:35.495+0000] {dag.py:3954} INFO - Setting next_dagrun for dag_with_postgers_hooks_v04 to 2022-04-30 00:00:00+00:00, run_after=2022-05-01 00:00:00+00:00
[2024-07-05T05:22:35.517+0000] {processor.py:183} INFO - Processing /opt/airflow/dags/dag_with_postgress_hook.py took 0.079 seconds
[2024-07-05T05:23:06.107+0000] {processor.py:161} INFO - Started process (PID=1344) to work on /opt/airflow/dags/dag_with_postgress_hook.py
[2024-07-05T05:23:06.109+0000] {processor.py:830} INFO - Processing file /opt/airflow/dags/dag_with_postgress_hook.py for tasks to queue
[2024-07-05T05:23:06.110+0000] {logging_mixin.py:188} INFO - [2024-07-05T05:23:06.110+0000] {dagbag.py:545} INFO - Filling up the DagBag from /opt/airflow/dags/dag_with_postgress_hook.py
[2024-07-05T05:23:06.117+0000] {processor.py:840} INFO - DAG(s) 'dag_with_postgers_hooks_v04' retrieved from /opt/airflow/dags/dag_with_postgress_hook.py
[2024-07-05T05:23:06.136+0000] {logging_mixin.py:188} INFO - [2024-07-05T05:23:06.136+0000] {dag.py:3096} INFO - Sync 1 DAGs
[2024-07-05T05:23:06.155+0000] {logging_mixin.py:188} INFO - [2024-07-05T05:23:06.155+0000] {dag.py:3954} INFO - Setting next_dagrun for dag_with_postgers_hooks_v04 to 2022-04-30 00:00:00+00:00, run_after=2022-05-01 00:00:00+00:00
[2024-07-05T05:23:06.173+0000] {processor.py:183} INFO - Processing /opt/airflow/dags/dag_with_postgress_hook.py took 0.075 seconds
[2024-07-05T05:23:36.808+0000] {processor.py:161} INFO - Started process (PID=1405) to work on /opt/airflow/dags/dag_with_postgress_hook.py
[2024-07-05T05:23:36.809+0000] {processor.py:830} INFO - Processing file /opt/airflow/dags/dag_with_postgress_hook.py for tasks to queue
[2024-07-05T05:23:36.810+0000] {logging_mixin.py:188} INFO - [2024-07-05T05:23:36.810+0000] {dagbag.py:545} INFO - Filling up the DagBag from /opt/airflow/dags/dag_with_postgress_hook.py
[2024-07-05T05:23:36.818+0000] {processor.py:840} INFO - DAG(s) 'dag_with_postgers_hooks_v04' retrieved from /opt/airflow/dags/dag_with_postgress_hook.py
[2024-07-05T05:23:36.837+0000] {logging_mixin.py:188} INFO - [2024-07-05T05:23:36.837+0000] {dag.py:3096} INFO - Sync 1 DAGs
[2024-07-05T05:23:36.856+0000] {logging_mixin.py:188} INFO - [2024-07-05T05:23:36.856+0000] {dag.py:3954} INFO - Setting next_dagrun for dag_with_postgers_hooks_v04 to 2022-04-30 00:00:00+00:00, run_after=2022-05-01 00:00:00+00:00
[2024-07-05T05:23:36.878+0000] {processor.py:183} INFO - Processing /opt/airflow/dags/dag_with_postgress_hook.py took 0.079 seconds
[2024-07-05T05:24:07.558+0000] {processor.py:161} INFO - Started process (PID=1466) to work on /opt/airflow/dags/dag_with_postgress_hook.py
[2024-07-05T05:24:07.560+0000] {processor.py:830} INFO - Processing file /opt/airflow/dags/dag_with_postgress_hook.py for tasks to queue
[2024-07-05T05:24:07.562+0000] {logging_mixin.py:188} INFO - [2024-07-05T05:24:07.561+0000] {dagbag.py:545} INFO - Filling up the DagBag from /opt/airflow/dags/dag_with_postgress_hook.py
[2024-07-05T05:24:07.572+0000] {processor.py:840} INFO - DAG(s) 'dag_with_postgers_hooks_v04' retrieved from /opt/airflow/dags/dag_with_postgress_hook.py
[2024-07-05T05:24:07.600+0000] {logging_mixin.py:188} INFO - [2024-07-05T05:24:07.599+0000] {dag.py:3096} INFO - Sync 1 DAGs
[2024-07-05T05:24:07.633+0000] {logging_mixin.py:188} INFO - [2024-07-05T05:24:07.632+0000] {dag.py:3954} INFO - Setting next_dagrun for dag_with_postgers_hooks_v04 to 2022-04-30 00:00:00+00:00, run_after=2022-05-01 00:00:00+00:00
[2024-07-05T05:24:07.661+0000] {processor.py:183} INFO - Processing /opt/airflow/dags/dag_with_postgress_hook.py took 0.115 seconds
[2024-07-05T05:24:38.301+0000] {processor.py:161} INFO - Started process (PID=1533) to work on /opt/airflow/dags/dag_with_postgress_hook.py
[2024-07-05T05:24:38.303+0000] {processor.py:830} INFO - Processing file /opt/airflow/dags/dag_with_postgress_hook.py for tasks to queue
[2024-07-05T05:24:38.305+0000] {logging_mixin.py:188} INFO - [2024-07-05T05:24:38.304+0000] {dagbag.py:545} INFO - Filling up the DagBag from /opt/airflow/dags/dag_with_postgress_hook.py
[2024-07-05T05:24:38.312+0000] {processor.py:840} INFO - DAG(s) 'dag_with_postgers_hooks_v04' retrieved from /opt/airflow/dags/dag_with_postgress_hook.py
[2024-07-05T05:24:38.331+0000] {logging_mixin.py:188} INFO - [2024-07-05T05:24:38.331+0000] {dag.py:3096} INFO - Sync 1 DAGs
[2024-07-05T05:24:38.350+0000] {logging_mixin.py:188} INFO - [2024-07-05T05:24:38.350+0000] {dag.py:3954} INFO - Setting next_dagrun for dag_with_postgers_hooks_v04 to 2022-04-30 00:00:00+00:00, run_after=2022-05-01 00:00:00+00:00
[2024-07-05T05:24:38.368+0000] {processor.py:183} INFO - Processing /opt/airflow/dags/dag_with_postgress_hook.py took 0.076 seconds
[2024-07-05T05:25:09.009+0000] {processor.py:161} INFO - Started process (PID=1594) to work on /opt/airflow/dags/dag_with_postgress_hook.py
[2024-07-05T05:25:09.009+0000] {processor.py:830} INFO - Processing file /opt/airflow/dags/dag_with_postgress_hook.py for tasks to queue
[2024-07-05T05:25:09.010+0000] {logging_mixin.py:188} INFO - [2024-07-05T05:25:09.010+0000] {dagbag.py:545} INFO - Filling up the DagBag from /opt/airflow/dags/dag_with_postgress_hook.py
[2024-07-05T05:25:09.017+0000] {processor.py:840} INFO - DAG(s) 'dag_with_postgers_hooks_v04' retrieved from /opt/airflow/dags/dag_with_postgress_hook.py
[2024-07-05T05:25:09.036+0000] {logging_mixin.py:188} INFO - [2024-07-05T05:25:09.036+0000] {dag.py:3096} INFO - Sync 1 DAGs
[2024-07-05T05:25:09.054+0000] {logging_mixin.py:188} INFO - [2024-07-05T05:25:09.054+0000] {dag.py:3954} INFO - Setting next_dagrun for dag_with_postgers_hooks_v04 to 2022-04-30 00:00:00+00:00, run_after=2022-05-01 00:00:00+00:00
[2024-07-05T05:25:09.072+0000] {processor.py:183} INFO - Processing /opt/airflow/dags/dag_with_postgress_hook.py took 0.072 seconds
