[2024-07-05T05:13:23.223+0000] {processor.py:161} INFO - Started process (PID=198) to work on /opt/airflow/dags/dag_with_catchup_and_backfill.py
[2024-07-05T05:13:23.223+0000] {processor.py:830} INFO - Processing file /opt/airflow/dags/dag_with_catchup_and_backfill.py for tasks to queue
[2024-07-05T05:13:23.226+0000] {logging_mixin.py:188} INFO - [2024-07-05T05:13:23.225+0000] {dagbag.py:545} INFO - Filling up the DagBag from /opt/airflow/dags/dag_with_catchup_and_backfill.py
[2024-07-05T05:13:23.236+0000] {processor.py:840} INFO - DAG(s) 'dag_with_catchup_and_backfill_v03' retrieved from /opt/airflow/dags/dag_with_catchup_and_backfill.py
[2024-07-05T05:13:23.410+0000] {logging_mixin.py:188} INFO - [2024-07-05T05:13:23.409+0000] {override.py:1829} INFO - Created Permission View: can edit on DAG:dag_with_catchup_and_backfill_v03
[2024-07-05T05:13:23.425+0000] {logging_mixin.py:188} INFO - [2024-07-05T05:13:23.424+0000] {override.py:1829} INFO - Created Permission View: can read on DAG:dag_with_catchup_and_backfill_v03
[2024-07-05T05:13:23.439+0000] {logging_mixin.py:188} INFO - [2024-07-05T05:13:23.438+0000] {override.py:1829} INFO - Created Permission View: can delete on DAG:dag_with_catchup_and_backfill_v03
[2024-07-05T05:13:23.439+0000] {logging_mixin.py:188} INFO - [2024-07-05T05:13:23.439+0000] {dag.py:3096} INFO - Sync 1 DAGs
[2024-07-05T05:13:23.464+0000] {logging_mixin.py:188} INFO - [2024-07-05T05:13:23.464+0000] {dag.py:3118} INFO - Creating ORM DAG for dag_with_catchup_and_backfill_v03
[2024-07-05T05:13:23.490+0000] {logging_mixin.py:188} INFO - [2024-07-05T05:13:23.489+0000] {dag.py:3954} INFO - Setting next_dagrun for dag_with_catchup_and_backfill_v03 to 2024-07-04 00:00:00+00:00, run_after=2024-07-05 00:00:00+00:00
[2024-07-05T05:13:23.519+0000] {processor.py:183} INFO - Processing /opt/airflow/dags/dag_with_catchup_and_backfill.py took 0.308 seconds
[2024-07-05T05:13:54.524+0000] {processor.py:161} INFO - Started process (PID=261) to work on /opt/airflow/dags/dag_with_catchup_and_backfill.py
[2024-07-05T05:13:54.525+0000] {processor.py:830} INFO - Processing file /opt/airflow/dags/dag_with_catchup_and_backfill.py for tasks to queue
[2024-07-05T05:13:54.527+0000] {logging_mixin.py:188} INFO - [2024-07-05T05:13:54.526+0000] {dagbag.py:545} INFO - Filling up the DagBag from /opt/airflow/dags/dag_with_catchup_and_backfill.py
[2024-07-05T05:13:54.534+0000] {processor.py:840} INFO - DAG(s) 'dag_with_catchup_and_backfill_v03' retrieved from /opt/airflow/dags/dag_with_catchup_and_backfill.py
[2024-07-05T05:13:54.554+0000] {logging_mixin.py:188} INFO - [2024-07-05T05:13:54.554+0000] {dag.py:3096} INFO - Sync 1 DAGs
[2024-07-05T05:13:54.573+0000] {logging_mixin.py:188} INFO - [2024-07-05T05:13:54.573+0000] {dag.py:3954} INFO - Setting next_dagrun for dag_with_catchup_and_backfill_v03 to 2024-07-04 00:00:00+00:00, run_after=2024-07-05 00:00:00+00:00
[2024-07-05T05:13:54.592+0000] {processor.py:183} INFO - Processing /opt/airflow/dags/dag_with_catchup_and_backfill.py took 0.077 seconds
[2024-07-05T05:14:25.218+0000] {processor.py:161} INFO - Started process (PID=332) to work on /opt/airflow/dags/dag_with_catchup_and_backfill.py
[2024-07-05T05:14:25.221+0000] {processor.py:830} INFO - Processing file /opt/airflow/dags/dag_with_catchup_and_backfill.py for tasks to queue
[2024-07-05T05:14:25.222+0000] {logging_mixin.py:188} INFO - [2024-07-05T05:14:25.222+0000] {dagbag.py:545} INFO - Filling up the DagBag from /opt/airflow/dags/dag_with_catchup_and_backfill.py
[2024-07-05T05:14:25.231+0000] {processor.py:840} INFO - DAG(s) 'dag_with_catchup_and_backfill_v03' retrieved from /opt/airflow/dags/dag_with_catchup_and_backfill.py
[2024-07-05T05:14:25.249+0000] {logging_mixin.py:188} INFO - [2024-07-05T05:14:25.249+0000] {dag.py:3096} INFO - Sync 1 DAGs
[2024-07-05T05:14:25.269+0000] {logging_mixin.py:188} INFO - [2024-07-05T05:14:25.269+0000] {dag.py:3954} INFO - Setting next_dagrun for dag_with_catchup_and_backfill_v03 to 2024-07-04 00:00:00+00:00, run_after=2024-07-05 00:00:00+00:00
[2024-07-05T05:14:25.288+0000] {processor.py:183} INFO - Processing /opt/airflow/dags/dag_with_catchup_and_backfill.py took 0.079 seconds
[2024-07-05T05:14:55.928+0000] {processor.py:161} INFO - Started process (PID=393) to work on /opt/airflow/dags/dag_with_catchup_and_backfill.py
[2024-07-05T05:14:55.930+0000] {processor.py:830} INFO - Processing file /opt/airflow/dags/dag_with_catchup_and_backfill.py for tasks to queue
[2024-07-05T05:14:55.932+0000] {logging_mixin.py:188} INFO - [2024-07-05T05:14:55.931+0000] {dagbag.py:545} INFO - Filling up the DagBag from /opt/airflow/dags/dag_with_catchup_and_backfill.py
[2024-07-05T05:14:55.940+0000] {processor.py:840} INFO - DAG(s) 'dag_with_catchup_and_backfill_v03' retrieved from /opt/airflow/dags/dag_with_catchup_and_backfill.py
[2024-07-05T05:14:55.959+0000] {logging_mixin.py:188} INFO - [2024-07-05T05:14:55.959+0000] {dag.py:3096} INFO - Sync 1 DAGs
[2024-07-05T05:14:55.979+0000] {logging_mixin.py:188} INFO - [2024-07-05T05:14:55.978+0000] {dag.py:3954} INFO - Setting next_dagrun for dag_with_catchup_and_backfill_v03 to 2024-07-04 00:00:00+00:00, run_after=2024-07-05 00:00:00+00:00
[2024-07-05T05:14:55.998+0000] {processor.py:183} INFO - Processing /opt/airflow/dags/dag_with_catchup_and_backfill.py took 0.080 seconds
[2024-07-05T05:15:26.664+0000] {processor.py:161} INFO - Started process (PID=454) to work on /opt/airflow/dags/dag_with_catchup_and_backfill.py
[2024-07-05T05:15:26.666+0000] {processor.py:830} INFO - Processing file /opt/airflow/dags/dag_with_catchup_and_backfill.py for tasks to queue
[2024-07-05T05:15:26.668+0000] {logging_mixin.py:188} INFO - [2024-07-05T05:15:26.667+0000] {dagbag.py:545} INFO - Filling up the DagBag from /opt/airflow/dags/dag_with_catchup_and_backfill.py
[2024-07-05T05:15:26.675+0000] {processor.py:840} INFO - DAG(s) 'dag_with_catchup_and_backfill_v03' retrieved from /opt/airflow/dags/dag_with_catchup_and_backfill.py
[2024-07-05T05:15:26.699+0000] {logging_mixin.py:188} INFO - [2024-07-05T05:15:26.699+0000] {dag.py:3096} INFO - Sync 1 DAGs
[2024-07-05T05:15:26.721+0000] {logging_mixin.py:188} INFO - [2024-07-05T05:15:26.721+0000] {dag.py:3954} INFO - Setting next_dagrun for dag_with_catchup_and_backfill_v03 to 2024-07-04 00:00:00+00:00, run_after=2024-07-05 00:00:00+00:00
[2024-07-05T05:15:26.743+0000] {processor.py:183} INFO - Processing /opt/airflow/dags/dag_with_catchup_and_backfill.py took 0.088 seconds
[2024-07-05T05:15:57.342+0000] {processor.py:161} INFO - Started process (PID=515) to work on /opt/airflow/dags/dag_with_catchup_and_backfill.py
[2024-07-05T05:15:57.344+0000] {processor.py:830} INFO - Processing file /opt/airflow/dags/dag_with_catchup_and_backfill.py for tasks to queue
[2024-07-05T05:15:57.345+0000] {logging_mixin.py:188} INFO - [2024-07-05T05:15:57.345+0000] {dagbag.py:545} INFO - Filling up the DagBag from /opt/airflow/dags/dag_with_catchup_and_backfill.py
[2024-07-05T05:15:57.353+0000] {processor.py:840} INFO - DAG(s) 'dag_with_catchup_and_backfill_v03' retrieved from /opt/airflow/dags/dag_with_catchup_and_backfill.py
[2024-07-05T05:15:57.372+0000] {logging_mixin.py:188} INFO - [2024-07-05T05:15:57.372+0000] {dag.py:3096} INFO - Sync 1 DAGs
[2024-07-05T05:15:57.392+0000] {logging_mixin.py:188} INFO - [2024-07-05T05:15:57.391+0000] {dag.py:3954} INFO - Setting next_dagrun for dag_with_catchup_and_backfill_v03 to 2024-07-04 00:00:00+00:00, run_after=2024-07-05 00:00:00+00:00
[2024-07-05T05:15:57.410+0000] {processor.py:183} INFO - Processing /opt/airflow/dags/dag_with_catchup_and_backfill.py took 0.077 seconds
[2024-07-05T05:16:28.040+0000] {processor.py:161} INFO - Started process (PID=576) to work on /opt/airflow/dags/dag_with_catchup_and_backfill.py
[2024-07-05T05:16:28.042+0000] {processor.py:830} INFO - Processing file /opt/airflow/dags/dag_with_catchup_and_backfill.py for tasks to queue
[2024-07-05T05:16:28.044+0000] {logging_mixin.py:188} INFO - [2024-07-05T05:16:28.043+0000] {dagbag.py:545} INFO - Filling up the DagBag from /opt/airflow/dags/dag_with_catchup_and_backfill.py
[2024-07-05T05:16:28.051+0000] {processor.py:840} INFO - DAG(s) 'dag_with_catchup_and_backfill_v03' retrieved from /opt/airflow/dags/dag_with_catchup_and_backfill.py
[2024-07-05T05:16:28.070+0000] {logging_mixin.py:188} INFO - [2024-07-05T05:16:28.070+0000] {dag.py:3096} INFO - Sync 1 DAGs
[2024-07-05T05:16:28.089+0000] {logging_mixin.py:188} INFO - [2024-07-05T05:16:28.088+0000] {dag.py:3954} INFO - Setting next_dagrun for dag_with_catchup_and_backfill_v03 to 2024-07-04 00:00:00+00:00, run_after=2024-07-05 00:00:00+00:00
[2024-07-05T05:16:28.106+0000] {processor.py:183} INFO - Processing /opt/airflow/dags/dag_with_catchup_and_backfill.py took 0.076 seconds
[2024-07-05T05:16:58.724+0000] {processor.py:161} INFO - Started process (PID=637) to work on /opt/airflow/dags/dag_with_catchup_and_backfill.py
[2024-07-05T05:16:58.725+0000] {processor.py:830} INFO - Processing file /opt/airflow/dags/dag_with_catchup_and_backfill.py for tasks to queue
[2024-07-05T05:16:58.727+0000] {logging_mixin.py:188} INFO - [2024-07-05T05:16:58.726+0000] {dagbag.py:545} INFO - Filling up the DagBag from /opt/airflow/dags/dag_with_catchup_and_backfill.py
[2024-07-05T05:16:58.735+0000] {processor.py:840} INFO - DAG(s) 'dag_with_catchup_and_backfill_v03' retrieved from /opt/airflow/dags/dag_with_catchup_and_backfill.py
[2024-07-05T05:16:58.756+0000] {logging_mixin.py:188} INFO - [2024-07-05T05:16:58.756+0000] {dag.py:3096} INFO - Sync 1 DAGs
[2024-07-05T05:16:58.778+0000] {logging_mixin.py:188} INFO - [2024-07-05T05:16:58.778+0000] {dag.py:3954} INFO - Setting next_dagrun for dag_with_catchup_and_backfill_v03 to 2024-07-04 00:00:00+00:00, run_after=2024-07-05 00:00:00+00:00
[2024-07-05T05:16:58.798+0000] {processor.py:183} INFO - Processing /opt/airflow/dags/dag_with_catchup_and_backfill.py took 0.082 seconds
[2024-07-05T05:17:29.468+0000] {processor.py:161} INFO - Started process (PID=698) to work on /opt/airflow/dags/dag_with_catchup_and_backfill.py
[2024-07-05T05:17:29.470+0000] {processor.py:830} INFO - Processing file /opt/airflow/dags/dag_with_catchup_and_backfill.py for tasks to queue
[2024-07-05T05:17:29.471+0000] {logging_mixin.py:188} INFO - [2024-07-05T05:17:29.471+0000] {dagbag.py:545} INFO - Filling up the DagBag from /opt/airflow/dags/dag_with_catchup_and_backfill.py
[2024-07-05T05:17:29.481+0000] {processor.py:840} INFO - DAG(s) 'dag_with_catchup_and_backfill_v03' retrieved from /opt/airflow/dags/dag_with_catchup_and_backfill.py
[2024-07-05T05:17:29.506+0000] {logging_mixin.py:188} INFO - [2024-07-05T05:17:29.506+0000] {dag.py:3096} INFO - Sync 1 DAGs
[2024-07-05T05:17:29.532+0000] {logging_mixin.py:188} INFO - [2024-07-05T05:17:29.532+0000] {dag.py:3954} INFO - Setting next_dagrun for dag_with_catchup_and_backfill_v03 to 2024-07-04 00:00:00+00:00, run_after=2024-07-05 00:00:00+00:00
[2024-07-05T05:17:29.558+0000] {processor.py:183} INFO - Processing /opt/airflow/dags/dag_with_catchup_and_backfill.py took 0.102 seconds
[2024-07-05T05:18:00.300+0000] {processor.py:161} INFO - Started process (PID=759) to work on /opt/airflow/dags/dag_with_catchup_and_backfill.py
[2024-07-05T05:18:00.302+0000] {processor.py:830} INFO - Processing file /opt/airflow/dags/dag_with_catchup_and_backfill.py for tasks to queue
[2024-07-05T05:18:00.303+0000] {logging_mixin.py:188} INFO - [2024-07-05T05:18:00.303+0000] {dagbag.py:545} INFO - Filling up the DagBag from /opt/airflow/dags/dag_with_catchup_and_backfill.py
[2024-07-05T05:18:00.311+0000] {processor.py:840} INFO - DAG(s) 'dag_with_catchup_and_backfill_v03' retrieved from /opt/airflow/dags/dag_with_catchup_and_backfill.py
[2024-07-05T05:18:00.332+0000] {logging_mixin.py:188} INFO - [2024-07-05T05:18:00.331+0000] {dag.py:3096} INFO - Sync 1 DAGs
[2024-07-05T05:18:00.352+0000] {logging_mixin.py:188} INFO - [2024-07-05T05:18:00.352+0000] {dag.py:3954} INFO - Setting next_dagrun for dag_with_catchup_and_backfill_v03 to 2024-07-04 00:00:00+00:00, run_after=2024-07-05 00:00:00+00:00
[2024-07-05T05:18:00.372+0000] {processor.py:183} INFO - Processing /opt/airflow/dags/dag_with_catchup_and_backfill.py took 0.080 seconds
[2024-07-05T05:18:31.019+0000] {processor.py:161} INFO - Started process (PID=820) to work on /opt/airflow/dags/dag_with_catchup_and_backfill.py
[2024-07-05T05:18:31.020+0000] {processor.py:830} INFO - Processing file /opt/airflow/dags/dag_with_catchup_and_backfill.py for tasks to queue
[2024-07-05T05:18:31.021+0000] {logging_mixin.py:188} INFO - [2024-07-05T05:18:31.021+0000] {dagbag.py:545} INFO - Filling up the DagBag from /opt/airflow/dags/dag_with_catchup_and_backfill.py
[2024-07-05T05:18:31.029+0000] {processor.py:840} INFO - DAG(s) 'dag_with_catchup_and_backfill_v03' retrieved from /opt/airflow/dags/dag_with_catchup_and_backfill.py
[2024-07-05T05:18:31.047+0000] {logging_mixin.py:188} INFO - [2024-07-05T05:18:31.047+0000] {dag.py:3096} INFO - Sync 1 DAGs
[2024-07-05T05:18:31.067+0000] {logging_mixin.py:188} INFO - [2024-07-05T05:18:31.067+0000] {dag.py:3954} INFO - Setting next_dagrun for dag_with_catchup_and_backfill_v03 to 2024-07-04 00:00:00+00:00, run_after=2024-07-05 00:00:00+00:00
[2024-07-05T05:18:31.085+0000] {processor.py:183} INFO - Processing /opt/airflow/dags/dag_with_catchup_and_backfill.py took 0.075 seconds
[2024-07-05T05:19:01.755+0000] {processor.py:161} INFO - Started process (PID=881) to work on /opt/airflow/dags/dag_with_catchup_and_backfill.py
[2024-07-05T05:19:01.758+0000] {processor.py:830} INFO - Processing file /opt/airflow/dags/dag_with_catchup_and_backfill.py for tasks to queue
[2024-07-05T05:19:01.759+0000] {logging_mixin.py:188} INFO - [2024-07-05T05:19:01.759+0000] {dagbag.py:545} INFO - Filling up the DagBag from /opt/airflow/dags/dag_with_catchup_and_backfill.py
[2024-07-05T05:19:01.766+0000] {processor.py:840} INFO - DAG(s) 'dag_with_catchup_and_backfill_v03' retrieved from /opt/airflow/dags/dag_with_catchup_and_backfill.py
[2024-07-05T05:19:01.786+0000] {logging_mixin.py:188} INFO - [2024-07-05T05:19:01.786+0000] {dag.py:3096} INFO - Sync 1 DAGs
[2024-07-05T05:19:01.804+0000] {logging_mixin.py:188} INFO - [2024-07-05T05:19:01.804+0000] {dag.py:3954} INFO - Setting next_dagrun for dag_with_catchup_and_backfill_v03 to 2024-07-04 00:00:00+00:00, run_after=2024-07-05 00:00:00+00:00
[2024-07-05T05:19:01.822+0000] {processor.py:183} INFO - Processing /opt/airflow/dags/dag_with_catchup_and_backfill.py took 0.076 seconds
[2024-07-05T05:19:32.478+0000] {processor.py:161} INFO - Started process (PID=942) to work on /opt/airflow/dags/dag_with_catchup_and_backfill.py
[2024-07-05T05:19:32.480+0000] {processor.py:830} INFO - Processing file /opt/airflow/dags/dag_with_catchup_and_backfill.py for tasks to queue
[2024-07-05T05:19:32.481+0000] {logging_mixin.py:188} INFO - [2024-07-05T05:19:32.481+0000] {dagbag.py:545} INFO - Filling up the DagBag from /opt/airflow/dags/dag_with_catchup_and_backfill.py
[2024-07-05T05:19:32.488+0000] {processor.py:840} INFO - DAG(s) 'dag_with_catchup_and_backfill_v03' retrieved from /opt/airflow/dags/dag_with_catchup_and_backfill.py
[2024-07-05T05:19:32.507+0000] {logging_mixin.py:188} INFO - [2024-07-05T05:19:32.507+0000] {dag.py:3096} INFO - Sync 1 DAGs
[2024-07-05T05:19:32.525+0000] {logging_mixin.py:188} INFO - [2024-07-05T05:19:32.525+0000] {dag.py:3954} INFO - Setting next_dagrun for dag_with_catchup_and_backfill_v03 to 2024-07-04 00:00:00+00:00, run_after=2024-07-05 00:00:00+00:00
[2024-07-05T05:19:32.547+0000] {processor.py:183} INFO - Processing /opt/airflow/dags/dag_with_catchup_and_backfill.py took 0.078 seconds
[2024-07-05T05:20:03.194+0000] {processor.py:161} INFO - Started process (PID=1003) to work on /opt/airflow/dags/dag_with_catchup_and_backfill.py
[2024-07-05T05:20:03.196+0000] {processor.py:830} INFO - Processing file /opt/airflow/dags/dag_with_catchup_and_backfill.py for tasks to queue
[2024-07-05T05:20:03.197+0000] {logging_mixin.py:188} INFO - [2024-07-05T05:20:03.197+0000] {dagbag.py:545} INFO - Filling up the DagBag from /opt/airflow/dags/dag_with_catchup_and_backfill.py
[2024-07-05T05:20:03.204+0000] {processor.py:840} INFO - DAG(s) 'dag_with_catchup_and_backfill_v03' retrieved from /opt/airflow/dags/dag_with_catchup_and_backfill.py
[2024-07-05T05:20:03.223+0000] {logging_mixin.py:188} INFO - [2024-07-05T05:20:03.223+0000] {dag.py:3096} INFO - Sync 1 DAGs
[2024-07-05T05:20:03.241+0000] {logging_mixin.py:188} INFO - [2024-07-05T05:20:03.241+0000] {dag.py:3954} INFO - Setting next_dagrun for dag_with_catchup_and_backfill_v03 to 2024-07-04 00:00:00+00:00, run_after=2024-07-05 00:00:00+00:00
[2024-07-05T05:20:03.259+0000] {processor.py:183} INFO - Processing /opt/airflow/dags/dag_with_catchup_and_backfill.py took 0.075 seconds
[2024-07-05T05:20:33.901+0000] {processor.py:161} INFO - Started process (PID=1064) to work on /opt/airflow/dags/dag_with_catchup_and_backfill.py
[2024-07-05T05:20:33.902+0000] {processor.py:830} INFO - Processing file /opt/airflow/dags/dag_with_catchup_and_backfill.py for tasks to queue
[2024-07-05T05:20:33.904+0000] {logging_mixin.py:188} INFO - [2024-07-05T05:20:33.903+0000] {dagbag.py:545} INFO - Filling up the DagBag from /opt/airflow/dags/dag_with_catchup_and_backfill.py
[2024-07-05T05:20:33.912+0000] {processor.py:840} INFO - DAG(s) 'dag_with_catchup_and_backfill_v03' retrieved from /opt/airflow/dags/dag_with_catchup_and_backfill.py
[2024-07-05T05:20:33.934+0000] {logging_mixin.py:188} INFO - [2024-07-05T05:20:33.933+0000] {dag.py:3096} INFO - Sync 1 DAGs
[2024-07-05T05:20:33.956+0000] {logging_mixin.py:188} INFO - [2024-07-05T05:20:33.955+0000] {dag.py:3954} INFO - Setting next_dagrun for dag_with_catchup_and_backfill_v03 to 2024-07-04 00:00:00+00:00, run_after=2024-07-05 00:00:00+00:00
[2024-07-05T05:20:33.975+0000] {processor.py:183} INFO - Processing /opt/airflow/dags/dag_with_catchup_and_backfill.py took 0.084 seconds
[2024-07-05T05:21:04.551+0000] {processor.py:161} INFO - Started process (PID=1125) to work on /opt/airflow/dags/dag_with_catchup_and_backfill.py
[2024-07-05T05:21:04.554+0000] {processor.py:830} INFO - Processing file /opt/airflow/dags/dag_with_catchup_and_backfill.py for tasks to queue
[2024-07-05T05:21:04.555+0000] {logging_mixin.py:188} INFO - [2024-07-05T05:21:04.555+0000] {dagbag.py:545} INFO - Filling up the DagBag from /opt/airflow/dags/dag_with_catchup_and_backfill.py
[2024-07-05T05:21:04.564+0000] {processor.py:840} INFO - DAG(s) 'dag_with_catchup_and_backfill_v03' retrieved from /opt/airflow/dags/dag_with_catchup_and_backfill.py
[2024-07-05T05:21:04.585+0000] {logging_mixin.py:188} INFO - [2024-07-05T05:21:04.585+0000] {dag.py:3096} INFO - Sync 1 DAGs
[2024-07-05T05:21:04.607+0000] {logging_mixin.py:188} INFO - [2024-07-05T05:21:04.607+0000] {dag.py:3954} INFO - Setting next_dagrun for dag_with_catchup_and_backfill_v03 to 2024-07-04 00:00:00+00:00, run_after=2024-07-05 00:00:00+00:00
[2024-07-05T05:21:04.628+0000] {processor.py:183} INFO - Processing /opt/airflow/dags/dag_with_catchup_and_backfill.py took 0.087 seconds
[2024-07-05T05:21:35.354+0000] {processor.py:161} INFO - Started process (PID=1186) to work on /opt/airflow/dags/dag_with_catchup_and_backfill.py
[2024-07-05T05:21:35.356+0000] {processor.py:830} INFO - Processing file /opt/airflow/dags/dag_with_catchup_and_backfill.py for tasks to queue
[2024-07-05T05:21:35.358+0000] {logging_mixin.py:188} INFO - [2024-07-05T05:21:35.357+0000] {dagbag.py:545} INFO - Filling up the DagBag from /opt/airflow/dags/dag_with_catchup_and_backfill.py
[2024-07-05T05:21:35.366+0000] {processor.py:840} INFO - DAG(s) 'dag_with_catchup_and_backfill_v03' retrieved from /opt/airflow/dags/dag_with_catchup_and_backfill.py
[2024-07-05T05:21:35.386+0000] {logging_mixin.py:188} INFO - [2024-07-05T05:21:35.385+0000] {dag.py:3096} INFO - Sync 1 DAGs
[2024-07-05T05:21:35.408+0000] {logging_mixin.py:188} INFO - [2024-07-05T05:21:35.408+0000] {dag.py:3954} INFO - Setting next_dagrun for dag_with_catchup_and_backfill_v03 to 2024-07-04 00:00:00+00:00, run_after=2024-07-05 00:00:00+00:00
[2024-07-05T05:21:35.427+0000] {processor.py:183} INFO - Processing /opt/airflow/dags/dag_with_catchup_and_backfill.py took 0.082 seconds
[2024-07-05T05:22:06.069+0000] {processor.py:161} INFO - Started process (PID=1247) to work on /opt/airflow/dags/dag_with_catchup_and_backfill.py
[2024-07-05T05:22:06.070+0000] {processor.py:830} INFO - Processing file /opt/airflow/dags/dag_with_catchup_and_backfill.py for tasks to queue
[2024-07-05T05:22:06.071+0000] {logging_mixin.py:188} INFO - [2024-07-05T05:22:06.071+0000] {dagbag.py:545} INFO - Filling up the DagBag from /opt/airflow/dags/dag_with_catchup_and_backfill.py
[2024-07-05T05:22:06.078+0000] {processor.py:840} INFO - DAG(s) 'dag_with_catchup_and_backfill_v03' retrieved from /opt/airflow/dags/dag_with_catchup_and_backfill.py
[2024-07-05T05:22:06.097+0000] {logging_mixin.py:188} INFO - [2024-07-05T05:22:06.097+0000] {dag.py:3096} INFO - Sync 1 DAGs
[2024-07-05T05:22:06.117+0000] {logging_mixin.py:188} INFO - [2024-07-05T05:22:06.116+0000] {dag.py:3954} INFO - Setting next_dagrun for dag_with_catchup_and_backfill_v03 to 2024-07-04 00:00:00+00:00, run_after=2024-07-05 00:00:00+00:00
[2024-07-05T05:22:06.135+0000] {processor.py:183} INFO - Processing /opt/airflow/dags/dag_with_catchup_and_backfill.py took 0.075 seconds
[2024-07-05T05:22:36.728+0000] {processor.py:161} INFO - Started process (PID=1308) to work on /opt/airflow/dags/dag_with_catchup_and_backfill.py
[2024-07-05T05:22:36.731+0000] {processor.py:830} INFO - Processing file /opt/airflow/dags/dag_with_catchup_and_backfill.py for tasks to queue
[2024-07-05T05:22:36.732+0000] {logging_mixin.py:188} INFO - [2024-07-05T05:22:36.732+0000] {dagbag.py:545} INFO - Filling up the DagBag from /opt/airflow/dags/dag_with_catchup_and_backfill.py
[2024-07-05T05:22:36.739+0000] {processor.py:840} INFO - DAG(s) 'dag_with_catchup_and_backfill_v03' retrieved from /opt/airflow/dags/dag_with_catchup_and_backfill.py
[2024-07-05T05:22:36.758+0000] {logging_mixin.py:188} INFO - [2024-07-05T05:22:36.758+0000] {dag.py:3096} INFO - Sync 1 DAGs
[2024-07-05T05:22:36.776+0000] {logging_mixin.py:188} INFO - [2024-07-05T05:22:36.776+0000] {dag.py:3954} INFO - Setting next_dagrun for dag_with_catchup_and_backfill_v03 to 2024-07-04 00:00:00+00:00, run_after=2024-07-05 00:00:00+00:00
[2024-07-05T05:22:36.795+0000] {processor.py:183} INFO - Processing /opt/airflow/dags/dag_with_catchup_and_backfill.py took 0.075 seconds
[2024-07-05T05:23:07.398+0000] {processor.py:161} INFO - Started process (PID=1369) to work on /opt/airflow/dags/dag_with_catchup_and_backfill.py
[2024-07-05T05:23:07.401+0000] {processor.py:830} INFO - Processing file /opt/airflow/dags/dag_with_catchup_and_backfill.py for tasks to queue
[2024-07-05T05:23:07.403+0000] {logging_mixin.py:188} INFO - [2024-07-05T05:23:07.402+0000] {dagbag.py:545} INFO - Filling up the DagBag from /opt/airflow/dags/dag_with_catchup_and_backfill.py
[2024-07-05T05:23:07.411+0000] {processor.py:840} INFO - DAG(s) 'dag_with_catchup_and_backfill_v03' retrieved from /opt/airflow/dags/dag_with_catchup_and_backfill.py
[2024-07-05T05:23:07.432+0000] {logging_mixin.py:188} INFO - [2024-07-05T05:23:07.432+0000] {dag.py:3096} INFO - Sync 1 DAGs
[2024-07-05T05:23:07.453+0000] {logging_mixin.py:188} INFO - [2024-07-05T05:23:07.452+0000] {dag.py:3954} INFO - Setting next_dagrun for dag_with_catchup_and_backfill_v03 to 2024-07-04 00:00:00+00:00, run_after=2024-07-05 00:00:00+00:00
[2024-07-05T05:23:07.473+0000] {processor.py:183} INFO - Processing /opt/airflow/dags/dag_with_catchup_and_backfill.py took 0.084 seconds
[2024-07-05T05:23:38.123+0000] {processor.py:161} INFO - Started process (PID=1436) to work on /opt/airflow/dags/dag_with_catchup_and_backfill.py
[2024-07-05T05:23:38.124+0000] {processor.py:830} INFO - Processing file /opt/airflow/dags/dag_with_catchup_and_backfill.py for tasks to queue
[2024-07-05T05:23:38.125+0000] {logging_mixin.py:188} INFO - [2024-07-05T05:23:38.125+0000] {dagbag.py:545} INFO - Filling up the DagBag from /opt/airflow/dags/dag_with_catchup_and_backfill.py
[2024-07-05T05:23:38.133+0000] {processor.py:840} INFO - DAG(s) 'dag_with_catchup_and_backfill_v03' retrieved from /opt/airflow/dags/dag_with_catchup_and_backfill.py
[2024-07-05T05:23:38.156+0000] {logging_mixin.py:188} INFO - [2024-07-05T05:23:38.156+0000] {dag.py:3096} INFO - Sync 1 DAGs
[2024-07-05T05:23:38.177+0000] {logging_mixin.py:188} INFO - [2024-07-05T05:23:38.177+0000] {dag.py:3954} INFO - Setting next_dagrun for dag_with_catchup_and_backfill_v03 to 2024-07-04 00:00:00+00:00, run_after=2024-07-05 00:00:00+00:00
[2024-07-05T05:23:38.201+0000] {processor.py:183} INFO - Processing /opt/airflow/dags/dag_with_catchup_and_backfill.py took 0.088 seconds
[2024-07-05T05:24:08.854+0000] {processor.py:161} INFO - Started process (PID=1497) to work on /opt/airflow/dags/dag_with_catchup_and_backfill.py
[2024-07-05T05:24:08.857+0000] {processor.py:830} INFO - Processing file /opt/airflow/dags/dag_with_catchup_and_backfill.py for tasks to queue
[2024-07-05T05:24:08.859+0000] {logging_mixin.py:188} INFO - [2024-07-05T05:24:08.858+0000] {dagbag.py:545} INFO - Filling up the DagBag from /opt/airflow/dags/dag_with_catchup_and_backfill.py
[2024-07-05T05:24:08.867+0000] {processor.py:840} INFO - DAG(s) 'dag_with_catchup_and_backfill_v03' retrieved from /opt/airflow/dags/dag_with_catchup_and_backfill.py
[2024-07-05T05:24:08.892+0000] {logging_mixin.py:188} INFO - [2024-07-05T05:24:08.891+0000] {dag.py:3096} INFO - Sync 1 DAGs
[2024-07-05T05:24:08.915+0000] {logging_mixin.py:188} INFO - [2024-07-05T05:24:08.915+0000] {dag.py:3954} INFO - Setting next_dagrun for dag_with_catchup_and_backfill_v03 to 2024-07-04 00:00:00+00:00, run_after=2024-07-05 00:00:00+00:00
[2024-07-05T05:24:08.940+0000] {processor.py:183} INFO - Processing /opt/airflow/dags/dag_with_catchup_and_backfill.py took 0.095 seconds
[2024-07-05T05:24:39.592+0000] {processor.py:161} INFO - Started process (PID=1558) to work on /opt/airflow/dags/dag_with_catchup_and_backfill.py
[2024-07-05T05:24:39.595+0000] {processor.py:830} INFO - Processing file /opt/airflow/dags/dag_with_catchup_and_backfill.py for tasks to queue
[2024-07-05T05:24:39.597+0000] {logging_mixin.py:188} INFO - [2024-07-05T05:24:39.596+0000] {dagbag.py:545} INFO - Filling up the DagBag from /opt/airflow/dags/dag_with_catchup_and_backfill.py
[2024-07-05T05:24:39.604+0000] {processor.py:840} INFO - DAG(s) 'dag_with_catchup_and_backfill_v03' retrieved from /opt/airflow/dags/dag_with_catchup_and_backfill.py
[2024-07-05T05:24:39.623+0000] {logging_mixin.py:188} INFO - [2024-07-05T05:24:39.623+0000] {dag.py:3096} INFO - Sync 1 DAGs
[2024-07-05T05:24:39.642+0000] {logging_mixin.py:188} INFO - [2024-07-05T05:24:39.642+0000] {dag.py:3954} INFO - Setting next_dagrun for dag_with_catchup_and_backfill_v03 to 2024-07-04 00:00:00+00:00, run_after=2024-07-05 00:00:00+00:00
[2024-07-05T05:24:39.664+0000] {processor.py:183} INFO - Processing /opt/airflow/dags/dag_with_catchup_and_backfill.py took 0.081 seconds
[2024-07-05T05:25:10.295+0000] {processor.py:161} INFO - Started process (PID=1619) to work on /opt/airflow/dags/dag_with_catchup_and_backfill.py
[2024-07-05T05:25:10.296+0000] {processor.py:830} INFO - Processing file /opt/airflow/dags/dag_with_catchup_and_backfill.py for tasks to queue
[2024-07-05T05:25:10.297+0000] {logging_mixin.py:188} INFO - [2024-07-05T05:25:10.297+0000] {dagbag.py:545} INFO - Filling up the DagBag from /opt/airflow/dags/dag_with_catchup_and_backfill.py
[2024-07-05T05:25:10.304+0000] {processor.py:840} INFO - DAG(s) 'dag_with_catchup_and_backfill_v03' retrieved from /opt/airflow/dags/dag_with_catchup_and_backfill.py
[2024-07-05T05:25:10.324+0000] {logging_mixin.py:188} INFO - [2024-07-05T05:25:10.324+0000] {dag.py:3096} INFO - Sync 1 DAGs
[2024-07-05T05:25:10.346+0000] {logging_mixin.py:188} INFO - [2024-07-05T05:25:10.346+0000] {dag.py:3954} INFO - Setting next_dagrun for dag_with_catchup_and_backfill_v03 to 2024-07-04 00:00:00+00:00, run_after=2024-07-05 00:00:00+00:00
[2024-07-05T05:25:10.365+0000] {processor.py:183} INFO - Processing /opt/airflow/dags/dag_with_catchup_and_backfill.py took 0.079 seconds
[2024-07-05T05:25:41.009+0000] {processor.py:161} INFO - Started process (PID=1680) to work on /opt/airflow/dags/dag_with_catchup_and_backfill.py
[2024-07-05T05:25:41.011+0000] {processor.py:830} INFO - Processing file /opt/airflow/dags/dag_with_catchup_and_backfill.py for tasks to queue
[2024-07-05T05:25:41.012+0000] {logging_mixin.py:188} INFO - [2024-07-05T05:25:41.012+0000] {dagbag.py:545} INFO - Filling up the DagBag from /opt/airflow/dags/dag_with_catchup_and_backfill.py
[2024-07-05T05:25:41.020+0000] {processor.py:840} INFO - DAG(s) 'dag_with_catchup_and_backfill_v03' retrieved from /opt/airflow/dags/dag_with_catchup_and_backfill.py
[2024-07-05T05:25:41.038+0000] {logging_mixin.py:188} INFO - [2024-07-05T05:25:41.038+0000] {dag.py:3096} INFO - Sync 1 DAGs
[2024-07-05T05:25:41.059+0000] {logging_mixin.py:188} INFO - [2024-07-05T05:25:41.059+0000] {dag.py:3954} INFO - Setting next_dagrun for dag_with_catchup_and_backfill_v03 to 2024-07-04 00:00:00+00:00, run_after=2024-07-05 00:00:00+00:00
[2024-07-05T05:25:41.080+0000] {processor.py:183} INFO - Processing /opt/airflow/dags/dag_with_catchup_and_backfill.py took 0.080 seconds
[2024-07-05T05:26:11.687+0000] {processor.py:161} INFO - Started process (PID=1741) to work on /opt/airflow/dags/dag_with_catchup_and_backfill.py
[2024-07-05T05:26:11.689+0000] {processor.py:830} INFO - Processing file /opt/airflow/dags/dag_with_catchup_and_backfill.py for tasks to queue
[2024-07-05T05:26:11.692+0000] {logging_mixin.py:188} INFO - [2024-07-05T05:26:11.691+0000] {dagbag.py:545} INFO - Filling up the DagBag from /opt/airflow/dags/dag_with_catchup_and_backfill.py
[2024-07-05T05:26:11.703+0000] {processor.py:840} INFO - DAG(s) 'dag_with_catchup_and_backfill_v03' retrieved from /opt/airflow/dags/dag_with_catchup_and_backfill.py
[2024-07-05T05:26:11.730+0000] {logging_mixin.py:188} INFO - [2024-07-05T05:26:11.730+0000] {dag.py:3096} INFO - Sync 1 DAGs
[2024-07-05T05:26:11.754+0000] {logging_mixin.py:188} INFO - [2024-07-05T05:26:11.754+0000] {dag.py:3954} INFO - Setting next_dagrun for dag_with_catchup_and_backfill_v03 to 2024-07-04 00:00:00+00:00, run_after=2024-07-05 00:00:00+00:00
[2024-07-05T05:26:11.779+0000] {processor.py:183} INFO - Processing /opt/airflow/dags/dag_with_catchup_and_backfill.py took 0.104 seconds
[2024-07-05T05:26:42.536+0000] {processor.py:161} INFO - Started process (PID=1802) to work on /opt/airflow/dags/dag_with_catchup_and_backfill.py
[2024-07-05T05:26:42.537+0000] {processor.py:830} INFO - Processing file /opt/airflow/dags/dag_with_catchup_and_backfill.py for tasks to queue
[2024-07-05T05:26:42.538+0000] {logging_mixin.py:188} INFO - [2024-07-05T05:26:42.538+0000] {dagbag.py:545} INFO - Filling up the DagBag from /opt/airflow/dags/dag_with_catchup_and_backfill.py
[2024-07-05T05:26:42.546+0000] {processor.py:840} INFO - DAG(s) 'dag_with_catchup_and_backfill_v03' retrieved from /opt/airflow/dags/dag_with_catchup_and_backfill.py
[2024-07-05T05:26:42.567+0000] {logging_mixin.py:188} INFO - [2024-07-05T05:26:42.567+0000] {dag.py:3096} INFO - Sync 1 DAGs
[2024-07-05T05:26:42.597+0000] {logging_mixin.py:188} INFO - [2024-07-05T05:26:42.597+0000] {dag.py:3954} INFO - Setting next_dagrun for dag_with_catchup_and_backfill_v03 to 2024-07-04 00:00:00+00:00, run_after=2024-07-05 00:00:00+00:00
[2024-07-05T05:26:42.624+0000] {processor.py:183} INFO - Processing /opt/airflow/dags/dag_with_catchup_and_backfill.py took 0.097 seconds
[2024-07-05T05:27:13.428+0000] {processor.py:161} INFO - Started process (PID=1873) to work on /opt/airflow/dags/dag_with_catchup_and_backfill.py
[2024-07-05T05:27:13.431+0000] {processor.py:830} INFO - Processing file /opt/airflow/dags/dag_with_catchup_and_backfill.py for tasks to queue
[2024-07-05T05:27:13.432+0000] {logging_mixin.py:188} INFO - [2024-07-05T05:27:13.432+0000] {dagbag.py:545} INFO - Filling up the DagBag from /opt/airflow/dags/dag_with_catchup_and_backfill.py
[2024-07-05T05:27:13.439+0000] {processor.py:840} INFO - DAG(s) 'dag_with_catchup_and_backfill_v03' retrieved from /opt/airflow/dags/dag_with_catchup_and_backfill.py
[2024-07-05T05:27:13.459+0000] {logging_mixin.py:188} INFO - [2024-07-05T05:27:13.459+0000] {dag.py:3096} INFO - Sync 1 DAGs
[2024-07-05T05:27:13.478+0000] {logging_mixin.py:188} INFO - [2024-07-05T05:27:13.478+0000] {dag.py:3954} INFO - Setting next_dagrun for dag_with_catchup_and_backfill_v03 to 2024-07-04 00:00:00+00:00, run_after=2024-07-05 00:00:00+00:00
[2024-07-05T05:27:13.505+0000] {processor.py:183} INFO - Processing /opt/airflow/dags/dag_with_catchup_and_backfill.py took 0.085 seconds
[2024-07-05T05:27:44.066+0000] {processor.py:161} INFO - Started process (PID=1934) to work on /opt/airflow/dags/dag_with_catchup_and_backfill.py
[2024-07-05T05:27:44.066+0000] {processor.py:830} INFO - Processing file /opt/airflow/dags/dag_with_catchup_and_backfill.py for tasks to queue
[2024-07-05T05:27:44.068+0000] {logging_mixin.py:188} INFO - [2024-07-05T05:27:44.067+0000] {dagbag.py:545} INFO - Filling up the DagBag from /opt/airflow/dags/dag_with_catchup_and_backfill.py
[2024-07-05T05:27:44.075+0000] {processor.py:840} INFO - DAG(s) 'dag_with_catchup_and_backfill_v03' retrieved from /opt/airflow/dags/dag_with_catchup_and_backfill.py
[2024-07-05T05:27:44.094+0000] {logging_mixin.py:188} INFO - [2024-07-05T05:27:44.094+0000] {dag.py:3096} INFO - Sync 1 DAGs
[2024-07-05T05:27:44.116+0000] {logging_mixin.py:188} INFO - [2024-07-05T05:27:44.116+0000] {dag.py:3954} INFO - Setting next_dagrun for dag_with_catchup_and_backfill_v03 to 2024-07-04 00:00:00+00:00, run_after=2024-07-05 00:00:00+00:00
[2024-07-05T05:27:44.137+0000] {processor.py:183} INFO - Processing /opt/airflow/dags/dag_with_catchup_and_backfill.py took 0.080 seconds
[2024-07-05T05:28:14.675+0000] {processor.py:161} INFO - Started process (PID=1995) to work on /opt/airflow/dags/dag_with_catchup_and_backfill.py
[2024-07-05T05:28:14.677+0000] {processor.py:830} INFO - Processing file /opt/airflow/dags/dag_with_catchup_and_backfill.py for tasks to queue
[2024-07-05T05:28:14.678+0000] {logging_mixin.py:188} INFO - [2024-07-05T05:28:14.678+0000] {dagbag.py:545} INFO - Filling up the DagBag from /opt/airflow/dags/dag_with_catchup_and_backfill.py
[2024-07-05T05:28:14.685+0000] {processor.py:840} INFO - DAG(s) 'dag_with_catchup_and_backfill_v03' retrieved from /opt/airflow/dags/dag_with_catchup_and_backfill.py
[2024-07-05T05:28:14.704+0000] {logging_mixin.py:188} INFO - [2024-07-05T05:28:14.704+0000] {dag.py:3096} INFO - Sync 1 DAGs
[2024-07-05T05:28:14.723+0000] {logging_mixin.py:188} INFO - [2024-07-05T05:28:14.723+0000] {dag.py:3954} INFO - Setting next_dagrun for dag_with_catchup_and_backfill_v03 to 2024-07-04 00:00:00+00:00, run_after=2024-07-05 00:00:00+00:00
[2024-07-05T05:28:14.742+0000] {processor.py:183} INFO - Processing /opt/airflow/dags/dag_with_catchup_and_backfill.py took 0.076 seconds
[2024-07-05T05:28:45.351+0000] {processor.py:161} INFO - Started process (PID=2056) to work on /opt/airflow/dags/dag_with_catchup_and_backfill.py
[2024-07-05T05:28:45.352+0000] {processor.py:830} INFO - Processing file /opt/airflow/dags/dag_with_catchup_and_backfill.py for tasks to queue
[2024-07-05T05:28:45.353+0000] {logging_mixin.py:188} INFO - [2024-07-05T05:28:45.353+0000] {dagbag.py:545} INFO - Filling up the DagBag from /opt/airflow/dags/dag_with_catchup_and_backfill.py
[2024-07-05T05:28:45.362+0000] {processor.py:840} INFO - DAG(s) 'dag_with_catchup_and_backfill_v03' retrieved from /opt/airflow/dags/dag_with_catchup_and_backfill.py
[2024-07-05T05:28:45.380+0000] {logging_mixin.py:188} INFO - [2024-07-05T05:28:45.380+0000] {dag.py:3096} INFO - Sync 1 DAGs
[2024-07-05T05:28:45.400+0000] {logging_mixin.py:188} INFO - [2024-07-05T05:28:45.400+0000] {dag.py:3954} INFO - Setting next_dagrun for dag_with_catchup_and_backfill_v03 to 2024-07-04 00:00:00+00:00, run_after=2024-07-05 00:00:00+00:00
[2024-07-05T05:28:45.419+0000] {processor.py:183} INFO - Processing /opt/airflow/dags/dag_with_catchup_and_backfill.py took 0.077 seconds
[2024-07-05T05:29:15.960+0000] {processor.py:161} INFO - Started process (PID=2117) to work on /opt/airflow/dags/dag_with_catchup_and_backfill.py
[2024-07-05T05:29:15.960+0000] {processor.py:830} INFO - Processing file /opt/airflow/dags/dag_with_catchup_and_backfill.py for tasks to queue
[2024-07-05T05:29:15.961+0000] {logging_mixin.py:188} INFO - [2024-07-05T05:29:15.961+0000] {dagbag.py:545} INFO - Filling up the DagBag from /opt/airflow/dags/dag_with_catchup_and_backfill.py
[2024-07-05T05:29:15.970+0000] {processor.py:840} INFO - DAG(s) 'dag_with_catchup_and_backfill_v03' retrieved from /opt/airflow/dags/dag_with_catchup_and_backfill.py
[2024-07-05T05:29:15.992+0000] {logging_mixin.py:188} INFO - [2024-07-05T05:29:15.992+0000] {dag.py:3096} INFO - Sync 1 DAGs
[2024-07-05T05:29:16.015+0000] {logging_mixin.py:188} INFO - [2024-07-05T05:29:16.014+0000] {dag.py:3954} INFO - Setting next_dagrun for dag_with_catchup_and_backfill_v03 to 2024-07-04 00:00:00+00:00, run_after=2024-07-05 00:00:00+00:00
[2024-07-05T05:29:16.035+0000] {processor.py:183} INFO - Processing /opt/airflow/dags/dag_with_catchup_and_backfill.py took 0.086 seconds
[2024-07-05T05:29:46.690+0000] {processor.py:161} INFO - Started process (PID=2178) to work on /opt/airflow/dags/dag_with_catchup_and_backfill.py
[2024-07-05T05:29:46.691+0000] {processor.py:830} INFO - Processing file /opt/airflow/dags/dag_with_catchup_and_backfill.py for tasks to queue
[2024-07-05T05:29:46.692+0000] {logging_mixin.py:188} INFO - [2024-07-05T05:29:46.692+0000] {dagbag.py:545} INFO - Filling up the DagBag from /opt/airflow/dags/dag_with_catchup_and_backfill.py
[2024-07-05T05:29:46.700+0000] {processor.py:840} INFO - DAG(s) 'dag_with_catchup_and_backfill_v03' retrieved from /opt/airflow/dags/dag_with_catchup_and_backfill.py
[2024-07-05T05:29:46.719+0000] {logging_mixin.py:188} INFO - [2024-07-05T05:29:46.719+0000] {dag.py:3096} INFO - Sync 1 DAGs
[2024-07-05T05:29:46.738+0000] {logging_mixin.py:188} INFO - [2024-07-05T05:29:46.737+0000] {dag.py:3954} INFO - Setting next_dagrun for dag_with_catchup_and_backfill_v03 to 2024-07-04 00:00:00+00:00, run_after=2024-07-05 00:00:00+00:00
[2024-07-05T05:29:46.755+0000] {processor.py:183} INFO - Processing /opt/airflow/dags/dag_with_catchup_and_backfill.py took 0.075 seconds
[2024-07-05T05:30:17.388+0000] {processor.py:161} INFO - Started process (PID=2239) to work on /opt/airflow/dags/dag_with_catchup_and_backfill.py
[2024-07-05T05:30:17.389+0000] {processor.py:830} INFO - Processing file /opt/airflow/dags/dag_with_catchup_and_backfill.py for tasks to queue
[2024-07-05T05:30:17.389+0000] {logging_mixin.py:188} INFO - [2024-07-05T05:30:17.389+0000] {dagbag.py:545} INFO - Filling up the DagBag from /opt/airflow/dags/dag_with_catchup_and_backfill.py
[2024-07-05T05:30:17.397+0000] {processor.py:840} INFO - DAG(s) 'dag_with_catchup_and_backfill_v03' retrieved from /opt/airflow/dags/dag_with_catchup_and_backfill.py
[2024-07-05T05:30:17.416+0000] {logging_mixin.py:188} INFO - [2024-07-05T05:30:17.416+0000] {dag.py:3096} INFO - Sync 1 DAGs
[2024-07-05T05:30:17.435+0000] {logging_mixin.py:188} INFO - [2024-07-05T05:30:17.435+0000] {dag.py:3954} INFO - Setting next_dagrun for dag_with_catchup_and_backfill_v03 to 2024-07-04 00:00:00+00:00, run_after=2024-07-05 00:00:00+00:00
[2024-07-05T05:30:17.453+0000] {processor.py:183} INFO - Processing /opt/airflow/dags/dag_with_catchup_and_backfill.py took 0.074 seconds
[2024-07-05T05:30:48.093+0000] {processor.py:161} INFO - Started process (PID=2300) to work on /opt/airflow/dags/dag_with_catchup_and_backfill.py
[2024-07-05T05:30:48.095+0000] {processor.py:830} INFO - Processing file /opt/airflow/dags/dag_with_catchup_and_backfill.py for tasks to queue
[2024-07-05T05:30:48.095+0000] {logging_mixin.py:188} INFO - [2024-07-05T05:30:48.095+0000] {dagbag.py:545} INFO - Filling up the DagBag from /opt/airflow/dags/dag_with_catchup_and_backfill.py
[2024-07-05T05:30:48.103+0000] {processor.py:840} INFO - DAG(s) 'dag_with_catchup_and_backfill_v03' retrieved from /opt/airflow/dags/dag_with_catchup_and_backfill.py
[2024-07-05T05:30:48.122+0000] {logging_mixin.py:188} INFO - [2024-07-05T05:30:48.121+0000] {dag.py:3096} INFO - Sync 1 DAGs
[2024-07-05T05:30:48.140+0000] {logging_mixin.py:188} INFO - [2024-07-05T05:30:48.140+0000] {dag.py:3954} INFO - Setting next_dagrun for dag_with_catchup_and_backfill_v03 to 2024-07-04 00:00:00+00:00, run_after=2024-07-05 00:00:00+00:00
[2024-07-05T05:30:48.158+0000] {processor.py:183} INFO - Processing /opt/airflow/dags/dag_with_catchup_and_backfill.py took 0.074 seconds
[2024-07-05T05:31:18.774+0000] {processor.py:161} INFO - Started process (PID=2361) to work on /opt/airflow/dags/dag_with_catchup_and_backfill.py
[2024-07-05T05:31:18.774+0000] {processor.py:830} INFO - Processing file /opt/airflow/dags/dag_with_catchup_and_backfill.py for tasks to queue
[2024-07-05T05:31:18.775+0000] {logging_mixin.py:188} INFO - [2024-07-05T05:31:18.775+0000] {dagbag.py:545} INFO - Filling up the DagBag from /opt/airflow/dags/dag_with_catchup_and_backfill.py
[2024-07-05T05:31:18.783+0000] {processor.py:840} INFO - DAG(s) 'dag_with_catchup_and_backfill_v03' retrieved from /opt/airflow/dags/dag_with_catchup_and_backfill.py
[2024-07-05T05:31:18.801+0000] {logging_mixin.py:188} INFO - [2024-07-05T05:31:18.801+0000] {dag.py:3096} INFO - Sync 1 DAGs
[2024-07-05T05:31:18.820+0000] {logging_mixin.py:188} INFO - [2024-07-05T05:31:18.820+0000] {dag.py:3954} INFO - Setting next_dagrun for dag_with_catchup_and_backfill_v03 to 2024-07-04 00:00:00+00:00, run_after=2024-07-05 00:00:00+00:00
[2024-07-05T05:31:18.839+0000] {processor.py:183} INFO - Processing /opt/airflow/dags/dag_with_catchup_and_backfill.py took 0.074 seconds
[2024-07-05T05:31:49.418+0000] {processor.py:161} INFO - Started process (PID=2423) to work on /opt/airflow/dags/dag_with_catchup_and_backfill.py
[2024-07-05T05:31:49.420+0000] {processor.py:830} INFO - Processing file /opt/airflow/dags/dag_with_catchup_and_backfill.py for tasks to queue
[2024-07-05T05:31:49.421+0000] {logging_mixin.py:188} INFO - [2024-07-05T05:31:49.421+0000] {dagbag.py:545} INFO - Filling up the DagBag from /opt/airflow/dags/dag_with_catchup_and_backfill.py
[2024-07-05T05:31:49.429+0000] {processor.py:840} INFO - DAG(s) 'dag_with_catchup_and_backfill_v03' retrieved from /opt/airflow/dags/dag_with_catchup_and_backfill.py
[2024-07-05T05:31:49.448+0000] {logging_mixin.py:188} INFO - [2024-07-05T05:31:49.447+0000] {dag.py:3096} INFO - Sync 1 DAGs
[2024-07-05T05:31:49.467+0000] {logging_mixin.py:188} INFO - [2024-07-05T05:31:49.467+0000] {dag.py:3954} INFO - Setting next_dagrun for dag_with_catchup_and_backfill_v03 to 2024-07-04 00:00:00+00:00, run_after=2024-07-05 00:00:00+00:00
[2024-07-05T05:31:49.485+0000] {processor.py:183} INFO - Processing /opt/airflow/dags/dag_with_catchup_and_backfill.py took 0.076 seconds
