[2024-07-05T05:13:22.908+0000] {processor.py:161} INFO - Started process (PID=183) to work on /opt/airflow/dags/dag_with_python_dependence.py
[2024-07-05T05:13:22.908+0000] {processor.py:830} INFO - Processing file /opt/airflow/dags/dag_with_python_dependence.py for tasks to queue
[2024-07-05T05:13:22.910+0000] {logging_mixin.py:188} INFO - [2024-07-05T05:13:22.909+0000] {dagbag.py:545} INFO - Filling up the DagBag from /opt/airflow/dags/dag_with_python_dependence.py
[2024-07-05T05:13:22.918+0000] {processor.py:840} INFO - DAG(s) 'our_dag_with_python_dependence_v01' retrieved from /opt/airflow/dags/dag_with_python_dependence.py
[2024-07-05T05:13:23.025+0000] {logging_mixin.py:188} INFO - [2024-07-05T05:13:23.024+0000] {override.py:1829} INFO - Created Permission View: can edit on DAG:our_dag_with_python_dependence_v01
[2024-07-05T05:13:23.038+0000] {logging_mixin.py:188} INFO - [2024-07-05T05:13:23.037+0000] {override.py:1829} INFO - Created Permission View: can read on DAG:our_dag_with_python_dependence_v01
[2024-07-05T05:13:23.045+0000] {logging_mixin.py:188} INFO - [2024-07-05T05:13:23.045+0000] {override.py:1829} INFO - Created Permission View: can delete on DAG:our_dag_with_python_dependence_v01
[2024-07-05T05:13:23.046+0000] {logging_mixin.py:188} INFO - [2024-07-05T05:13:23.046+0000] {dag.py:3096} INFO - Sync 1 DAGs
[2024-07-05T05:13:23.060+0000] {logging_mixin.py:188} INFO - [2024-07-05T05:13:23.059+0000] {dag.py:3118} INFO - Creating ORM DAG for our_dag_with_python_dependence_v01
[2024-07-05T05:13:23.076+0000] {logging_mixin.py:188} INFO - [2024-07-05T05:13:23.076+0000] {dag.py:3954} INFO - Setting next_dagrun for our_dag_with_python_dependence_v01 to 2024-06-30 00:00:00+00:00, run_after=2024-07-01 00:00:00+00:00
[2024-07-05T05:13:23.098+0000] {processor.py:183} INFO - Processing /opt/airflow/dags/dag_with_python_dependence.py took 0.199 seconds
[2024-07-05T05:13:53.322+0000] {processor.py:161} INFO - Started process (PID=244) to work on /opt/airflow/dags/dag_with_python_dependence.py
[2024-07-05T05:13:53.324+0000] {processor.py:830} INFO - Processing file /opt/airflow/dags/dag_with_python_dependence.py for tasks to queue
[2024-07-05T05:13:53.326+0000] {logging_mixin.py:188} INFO - [2024-07-05T05:13:53.325+0000] {dagbag.py:545} INFO - Filling up the DagBag from /opt/airflow/dags/dag_with_python_dependence.py
[2024-07-05T05:13:53.335+0000] {processor.py:840} INFO - DAG(s) 'our_dag_with_python_dependence_v01' retrieved from /opt/airflow/dags/dag_with_python_dependence.py
[2024-07-05T05:13:53.361+0000] {logging_mixin.py:188} INFO - [2024-07-05T05:13:53.360+0000] {dag.py:3096} INFO - Sync 1 DAGs
[2024-07-05T05:13:53.384+0000] {logging_mixin.py:188} INFO - [2024-07-05T05:13:53.384+0000] {dag.py:3954} INFO - Setting next_dagrun for our_dag_with_python_dependence_v01 to 2024-06-30 00:00:00+00:00, run_after=2024-07-01 00:00:00+00:00
[2024-07-05T05:13:53.407+0000] {processor.py:183} INFO - Processing /opt/airflow/dags/dag_with_python_dependence.py took 0.095 seconds
[2024-07-05T05:14:24.023+0000] {processor.py:161} INFO - Started process (PID=315) to work on /opt/airflow/dags/dag_with_python_dependence.py
[2024-07-05T05:14:24.024+0000] {processor.py:830} INFO - Processing file /opt/airflow/dags/dag_with_python_dependence.py for tasks to queue
[2024-07-05T05:14:24.025+0000] {logging_mixin.py:188} INFO - [2024-07-05T05:14:24.025+0000] {dagbag.py:545} INFO - Filling up the DagBag from /opt/airflow/dags/dag_with_python_dependence.py
[2024-07-05T05:14:24.034+0000] {processor.py:840} INFO - DAG(s) 'our_dag_with_python_dependence_v01' retrieved from /opt/airflow/dags/dag_with_python_dependence.py
[2024-07-05T05:14:24.052+0000] {logging_mixin.py:188} INFO - [2024-07-05T05:14:24.051+0000] {dag.py:3096} INFO - Sync 1 DAGs
[2024-07-05T05:14:24.070+0000] {logging_mixin.py:188} INFO - [2024-07-05T05:14:24.070+0000] {dag.py:3954} INFO - Setting next_dagrun for our_dag_with_python_dependence_v01 to 2024-06-30 00:00:00+00:00, run_after=2024-07-01 00:00:00+00:00
[2024-07-05T05:14:24.088+0000] {processor.py:183} INFO - Processing /opt/airflow/dags/dag_with_python_dependence.py took 0.074 seconds
[2024-07-05T05:14:54.727+0000] {processor.py:161} INFO - Started process (PID=376) to work on /opt/airflow/dags/dag_with_python_dependence.py
[2024-07-05T05:14:54.728+0000] {processor.py:830} INFO - Processing file /opt/airflow/dags/dag_with_python_dependence.py for tasks to queue
[2024-07-05T05:14:54.729+0000] {logging_mixin.py:188} INFO - [2024-07-05T05:14:54.729+0000] {dagbag.py:545} INFO - Filling up the DagBag from /opt/airflow/dags/dag_with_python_dependence.py
[2024-07-05T05:14:54.737+0000] {processor.py:840} INFO - DAG(s) 'our_dag_with_python_dependence_v01' retrieved from /opt/airflow/dags/dag_with_python_dependence.py
[2024-07-05T05:14:54.757+0000] {logging_mixin.py:188} INFO - [2024-07-05T05:14:54.757+0000] {dag.py:3096} INFO - Sync 1 DAGs
[2024-07-05T05:14:54.776+0000] {logging_mixin.py:188} INFO - [2024-07-05T05:14:54.776+0000] {dag.py:3954} INFO - Setting next_dagrun for our_dag_with_python_dependence_v01 to 2024-06-30 00:00:00+00:00, run_after=2024-07-01 00:00:00+00:00
[2024-07-05T05:14:54.795+0000] {processor.py:183} INFO - Processing /opt/airflow/dags/dag_with_python_dependence.py took 0.077 seconds
[2024-07-05T05:15:25.556+0000] {processor.py:161} INFO - Started process (PID=439) to work on /opt/airflow/dags/dag_with_python_dependence.py
[2024-07-05T05:15:25.557+0000] {processor.py:830} INFO - Processing file /opt/airflow/dags/dag_with_python_dependence.py for tasks to queue
[2024-07-05T05:15:25.558+0000] {logging_mixin.py:188} INFO - [2024-07-05T05:15:25.558+0000] {dagbag.py:545} INFO - Filling up the DagBag from /opt/airflow/dags/dag_with_python_dependence.py
[2024-07-05T05:15:25.566+0000] {processor.py:840} INFO - DAG(s) 'our_dag_with_python_dependence_v01' retrieved from /opt/airflow/dags/dag_with_python_dependence.py
[2024-07-05T05:15:25.585+0000] {logging_mixin.py:188} INFO - [2024-07-05T05:15:25.585+0000] {dag.py:3096} INFO - Sync 1 DAGs
[2024-07-05T05:15:25.604+0000] {logging_mixin.py:188} INFO - [2024-07-05T05:15:25.604+0000] {dag.py:3954} INFO - Setting next_dagrun for our_dag_with_python_dependence_v01 to 2024-06-30 00:00:00+00:00, run_after=2024-07-01 00:00:00+00:00
[2024-07-05T05:15:25.624+0000] {processor.py:183} INFO - Processing /opt/airflow/dags/dag_with_python_dependence.py took 0.077 seconds
[2024-07-05T05:15:56.126+0000] {processor.py:161} INFO - Started process (PID=498) to work on /opt/airflow/dags/dag_with_python_dependence.py
[2024-07-05T05:15:56.127+0000] {processor.py:830} INFO - Processing file /opt/airflow/dags/dag_with_python_dependence.py for tasks to queue
[2024-07-05T05:15:56.128+0000] {logging_mixin.py:188} INFO - [2024-07-05T05:15:56.128+0000] {dagbag.py:545} INFO - Filling up the DagBag from /opt/airflow/dags/dag_with_python_dependence.py
[2024-07-05T05:15:56.136+0000] {processor.py:840} INFO - DAG(s) 'our_dag_with_python_dependence_v01' retrieved from /opt/airflow/dags/dag_with_python_dependence.py
[2024-07-05T05:15:56.155+0000] {logging_mixin.py:188} INFO - [2024-07-05T05:15:56.155+0000] {dag.py:3096} INFO - Sync 1 DAGs
[2024-07-05T05:15:56.175+0000] {logging_mixin.py:188} INFO - [2024-07-05T05:15:56.175+0000] {dag.py:3954} INFO - Setting next_dagrun for our_dag_with_python_dependence_v01 to 2024-06-30 00:00:00+00:00, run_after=2024-07-01 00:00:00+00:00
[2024-07-05T05:15:56.194+0000] {processor.py:183} INFO - Processing /opt/airflow/dags/dag_with_python_dependence.py took 0.076 seconds
[2024-07-05T05:16:26.846+0000] {processor.py:161} INFO - Started process (PID=559) to work on /opt/airflow/dags/dag_with_python_dependence.py
[2024-07-05T05:16:26.847+0000] {processor.py:830} INFO - Processing file /opt/airflow/dags/dag_with_python_dependence.py for tasks to queue
[2024-07-05T05:16:26.848+0000] {logging_mixin.py:188} INFO - [2024-07-05T05:16:26.848+0000] {dagbag.py:545} INFO - Filling up the DagBag from /opt/airflow/dags/dag_with_python_dependence.py
[2024-07-05T05:16:26.856+0000] {processor.py:840} INFO - DAG(s) 'our_dag_with_python_dependence_v01' retrieved from /opt/airflow/dags/dag_with_python_dependence.py
[2024-07-05T05:16:26.875+0000] {logging_mixin.py:188} INFO - [2024-07-05T05:16:26.874+0000] {dag.py:3096} INFO - Sync 1 DAGs
[2024-07-05T05:16:26.896+0000] {logging_mixin.py:188} INFO - [2024-07-05T05:16:26.895+0000] {dag.py:3954} INFO - Setting next_dagrun for our_dag_with_python_dependence_v01 to 2024-06-30 00:00:00+00:00, run_after=2024-07-01 00:00:00+00:00
[2024-07-05T05:16:26.915+0000] {processor.py:183} INFO - Processing /opt/airflow/dags/dag_with_python_dependence.py took 0.078 seconds
[2024-07-05T05:16:57.540+0000] {processor.py:161} INFO - Started process (PID=620) to work on /opt/airflow/dags/dag_with_python_dependence.py
[2024-07-05T05:16:57.540+0000] {processor.py:830} INFO - Processing file /opt/airflow/dags/dag_with_python_dependence.py for tasks to queue
[2024-07-05T05:16:57.542+0000] {logging_mixin.py:188} INFO - [2024-07-05T05:16:57.541+0000] {dagbag.py:545} INFO - Filling up the DagBag from /opt/airflow/dags/dag_with_python_dependence.py
[2024-07-05T05:16:57.549+0000] {processor.py:840} INFO - DAG(s) 'our_dag_with_python_dependence_v01' retrieved from /opt/airflow/dags/dag_with_python_dependence.py
[2024-07-05T05:16:57.567+0000] {logging_mixin.py:188} INFO - [2024-07-05T05:16:57.567+0000] {dag.py:3096} INFO - Sync 1 DAGs
[2024-07-05T05:16:57.585+0000] {logging_mixin.py:188} INFO - [2024-07-05T05:16:57.585+0000] {dag.py:3954} INFO - Setting next_dagrun for our_dag_with_python_dependence_v01 to 2024-06-30 00:00:00+00:00, run_after=2024-07-01 00:00:00+00:00
[2024-07-05T05:16:57.603+0000] {processor.py:183} INFO - Processing /opt/airflow/dags/dag_with_python_dependence.py took 0.071 seconds
[2024-07-05T05:17:28.257+0000] {processor.py:161} INFO - Started process (PID=681) to work on /opt/airflow/dags/dag_with_python_dependence.py
[2024-07-05T05:17:28.258+0000] {processor.py:830} INFO - Processing file /opt/airflow/dags/dag_with_python_dependence.py for tasks to queue
[2024-07-05T05:17:28.259+0000] {logging_mixin.py:188} INFO - [2024-07-05T05:17:28.259+0000] {dagbag.py:545} INFO - Filling up the DagBag from /opt/airflow/dags/dag_with_python_dependence.py
[2024-07-05T05:17:28.268+0000] {processor.py:840} INFO - DAG(s) 'our_dag_with_python_dependence_v01' retrieved from /opt/airflow/dags/dag_with_python_dependence.py
[2024-07-05T05:17:28.289+0000] {logging_mixin.py:188} INFO - [2024-07-05T05:17:28.288+0000] {dag.py:3096} INFO - Sync 1 DAGs
[2024-07-05T05:17:28.309+0000] {logging_mixin.py:188} INFO - [2024-07-05T05:17:28.309+0000] {dag.py:3954} INFO - Setting next_dagrun for our_dag_with_python_dependence_v01 to 2024-06-30 00:00:00+00:00, run_after=2024-07-01 00:00:00+00:00
[2024-07-05T05:17:28.329+0000] {processor.py:183} INFO - Processing /opt/airflow/dags/dag_with_python_dependence.py took 0.081 seconds
[2024-07-05T05:17:59.093+0000] {processor.py:161} INFO - Started process (PID=744) to work on /opt/airflow/dags/dag_with_python_dependence.py
[2024-07-05T05:17:59.094+0000] {processor.py:830} INFO - Processing file /opt/airflow/dags/dag_with_python_dependence.py for tasks to queue
[2024-07-05T05:17:59.095+0000] {logging_mixin.py:188} INFO - [2024-07-05T05:17:59.095+0000] {dagbag.py:545} INFO - Filling up the DagBag from /opt/airflow/dags/dag_with_python_dependence.py
[2024-07-05T05:17:59.103+0000] {processor.py:840} INFO - DAG(s) 'our_dag_with_python_dependence_v01' retrieved from /opt/airflow/dags/dag_with_python_dependence.py
[2024-07-05T05:17:59.123+0000] {logging_mixin.py:188} INFO - [2024-07-05T05:17:59.123+0000] {dag.py:3096} INFO - Sync 1 DAGs
[2024-07-05T05:17:59.143+0000] {logging_mixin.py:188} INFO - [2024-07-05T05:17:59.143+0000] {dag.py:3954} INFO - Setting next_dagrun for our_dag_with_python_dependence_v01 to 2024-06-30 00:00:00+00:00, run_after=2024-07-01 00:00:00+00:00
[2024-07-05T05:17:59.163+0000] {processor.py:183} INFO - Processing /opt/airflow/dags/dag_with_python_dependence.py took 0.078 seconds
[2024-07-05T05:18:29.826+0000] {processor.py:161} INFO - Started process (PID=805) to work on /opt/airflow/dags/dag_with_python_dependence.py
[2024-07-05T05:18:29.828+0000] {processor.py:830} INFO - Processing file /opt/airflow/dags/dag_with_python_dependence.py for tasks to queue
[2024-07-05T05:18:29.829+0000] {logging_mixin.py:188} INFO - [2024-07-05T05:18:29.829+0000] {dagbag.py:545} INFO - Filling up the DagBag from /opt/airflow/dags/dag_with_python_dependence.py
[2024-07-05T05:18:29.836+0000] {processor.py:840} INFO - DAG(s) 'our_dag_with_python_dependence_v01' retrieved from /opt/airflow/dags/dag_with_python_dependence.py
[2024-07-05T05:18:29.854+0000] {logging_mixin.py:188} INFO - [2024-07-05T05:18:29.854+0000] {dag.py:3096} INFO - Sync 1 DAGs
[2024-07-05T05:18:29.873+0000] {logging_mixin.py:188} INFO - [2024-07-05T05:18:29.873+0000] {dag.py:3954} INFO - Setting next_dagrun for our_dag_with_python_dependence_v01 to 2024-06-30 00:00:00+00:00, run_after=2024-07-01 00:00:00+00:00
[2024-07-05T05:18:29.891+0000] {processor.py:183} INFO - Processing /opt/airflow/dags/dag_with_python_dependence.py took 0.073 seconds
[2024-07-05T05:19:00.539+0000] {processor.py:161} INFO - Started process (PID=866) to work on /opt/airflow/dags/dag_with_python_dependence.py
[2024-07-05T05:19:00.540+0000] {processor.py:830} INFO - Processing file /opt/airflow/dags/dag_with_python_dependence.py for tasks to queue
[2024-07-05T05:19:00.541+0000] {logging_mixin.py:188} INFO - [2024-07-05T05:19:00.541+0000] {dagbag.py:545} INFO - Filling up the DagBag from /opt/airflow/dags/dag_with_python_dependence.py
[2024-07-05T05:19:00.549+0000] {processor.py:840} INFO - DAG(s) 'our_dag_with_python_dependence_v01' retrieved from /opt/airflow/dags/dag_with_python_dependence.py
[2024-07-05T05:19:00.569+0000] {logging_mixin.py:188} INFO - [2024-07-05T05:19:00.568+0000] {dag.py:3096} INFO - Sync 1 DAGs
[2024-07-05T05:19:00.589+0000] {logging_mixin.py:188} INFO - [2024-07-05T05:19:00.589+0000] {dag.py:3954} INFO - Setting next_dagrun for our_dag_with_python_dependence_v01 to 2024-06-30 00:00:00+00:00, run_after=2024-07-01 00:00:00+00:00
[2024-07-05T05:19:00.610+0000] {processor.py:183} INFO - Processing /opt/airflow/dags/dag_with_python_dependence.py took 0.080 seconds
[2024-07-05T05:19:31.273+0000] {processor.py:161} INFO - Started process (PID=927) to work on /opt/airflow/dags/dag_with_python_dependence.py
[2024-07-05T05:19:31.274+0000] {processor.py:830} INFO - Processing file /opt/airflow/dags/dag_with_python_dependence.py for tasks to queue
[2024-07-05T05:19:31.275+0000] {logging_mixin.py:188} INFO - [2024-07-05T05:19:31.275+0000] {dagbag.py:545} INFO - Filling up the DagBag from /opt/airflow/dags/dag_with_python_dependence.py
[2024-07-05T05:19:31.283+0000] {processor.py:840} INFO - DAG(s) 'our_dag_with_python_dependence_v01' retrieved from /opt/airflow/dags/dag_with_python_dependence.py
[2024-07-05T05:19:31.305+0000] {logging_mixin.py:188} INFO - [2024-07-05T05:19:31.305+0000] {dag.py:3096} INFO - Sync 1 DAGs
[2024-07-05T05:19:31.328+0000] {logging_mixin.py:188} INFO - [2024-07-05T05:19:31.328+0000] {dag.py:3954} INFO - Setting next_dagrun for our_dag_with_python_dependence_v01 to 2024-06-30 00:00:00+00:00, run_after=2024-07-01 00:00:00+00:00
[2024-07-05T05:19:31.347+0000] {processor.py:183} INFO - Processing /opt/airflow/dags/dag_with_python_dependence.py took 0.083 seconds
[2024-07-05T05:20:01.991+0000] {processor.py:161} INFO - Started process (PID=988) to work on /opt/airflow/dags/dag_with_python_dependence.py
[2024-07-05T05:20:01.992+0000] {processor.py:830} INFO - Processing file /opt/airflow/dags/dag_with_python_dependence.py for tasks to queue
[2024-07-05T05:20:01.993+0000] {logging_mixin.py:188} INFO - [2024-07-05T05:20:01.993+0000] {dagbag.py:545} INFO - Filling up the DagBag from /opt/airflow/dags/dag_with_python_dependence.py
[2024-07-05T05:20:02.001+0000] {processor.py:840} INFO - DAG(s) 'our_dag_with_python_dependence_v01' retrieved from /opt/airflow/dags/dag_with_python_dependence.py
[2024-07-05T05:20:02.020+0000] {logging_mixin.py:188} INFO - [2024-07-05T05:20:02.020+0000] {dag.py:3096} INFO - Sync 1 DAGs
[2024-07-05T05:20:02.040+0000] {logging_mixin.py:188} INFO - [2024-07-05T05:20:02.039+0000] {dag.py:3954} INFO - Setting next_dagrun for our_dag_with_python_dependence_v01 to 2024-06-30 00:00:00+00:00, run_after=2024-07-01 00:00:00+00:00
[2024-07-05T05:20:02.058+0000] {processor.py:183} INFO - Processing /opt/airflow/dags/dag_with_python_dependence.py took 0.076 seconds
[2024-07-05T05:20:32.703+0000] {processor.py:161} INFO - Started process (PID=1049) to work on /opt/airflow/dags/dag_with_python_dependence.py
[2024-07-05T05:20:32.704+0000] {processor.py:830} INFO - Processing file /opt/airflow/dags/dag_with_python_dependence.py for tasks to queue
[2024-07-05T05:20:32.705+0000] {logging_mixin.py:188} INFO - [2024-07-05T05:20:32.705+0000] {dagbag.py:545} INFO - Filling up the DagBag from /opt/airflow/dags/dag_with_python_dependence.py
[2024-07-05T05:20:32.713+0000] {processor.py:840} INFO - DAG(s) 'our_dag_with_python_dependence_v01' retrieved from /opt/airflow/dags/dag_with_python_dependence.py
[2024-07-05T05:20:32.732+0000] {logging_mixin.py:188} INFO - [2024-07-05T05:20:32.732+0000] {dag.py:3096} INFO - Sync 1 DAGs
[2024-07-05T05:20:32.753+0000] {logging_mixin.py:188} INFO - [2024-07-05T05:20:32.752+0000] {dag.py:3954} INFO - Setting next_dagrun for our_dag_with_python_dependence_v01 to 2024-06-30 00:00:00+00:00, run_after=2024-07-01 00:00:00+00:00
[2024-07-05T05:20:32.770+0000] {processor.py:183} INFO - Processing /opt/airflow/dags/dag_with_python_dependence.py took 0.076 seconds
[2024-07-05T05:21:03.435+0000] {processor.py:161} INFO - Started process (PID=1110) to work on /opt/airflow/dags/dag_with_python_dependence.py
[2024-07-05T05:21:03.436+0000] {processor.py:830} INFO - Processing file /opt/airflow/dags/dag_with_python_dependence.py for tasks to queue
[2024-07-05T05:21:03.438+0000] {logging_mixin.py:188} INFO - [2024-07-05T05:21:03.438+0000] {dagbag.py:545} INFO - Filling up the DagBag from /opt/airflow/dags/dag_with_python_dependence.py
[2024-07-05T05:21:03.445+0000] {processor.py:840} INFO - DAG(s) 'our_dag_with_python_dependence_v01' retrieved from /opt/airflow/dags/dag_with_python_dependence.py
[2024-07-05T05:21:03.465+0000] {logging_mixin.py:188} INFO - [2024-07-05T05:21:03.464+0000] {dag.py:3096} INFO - Sync 1 DAGs
[2024-07-05T05:21:03.485+0000] {logging_mixin.py:188} INFO - [2024-07-05T05:21:03.485+0000] {dag.py:3954} INFO - Setting next_dagrun for our_dag_with_python_dependence_v01 to 2024-06-30 00:00:00+00:00, run_after=2024-07-01 00:00:00+00:00
[2024-07-05T05:21:03.506+0000] {processor.py:183} INFO - Processing /opt/airflow/dags/dag_with_python_dependence.py took 0.079 seconds
[2024-07-05T05:21:34.128+0000] {processor.py:161} INFO - Started process (PID=1171) to work on /opt/airflow/dags/dag_with_python_dependence.py
[2024-07-05T05:21:34.130+0000] {processor.py:830} INFO - Processing file /opt/airflow/dags/dag_with_python_dependence.py for tasks to queue
[2024-07-05T05:21:34.131+0000] {logging_mixin.py:188} INFO - [2024-07-05T05:21:34.131+0000] {dagbag.py:545} INFO - Filling up the DagBag from /opt/airflow/dags/dag_with_python_dependence.py
[2024-07-05T05:21:34.140+0000] {processor.py:840} INFO - DAG(s) 'our_dag_with_python_dependence_v01' retrieved from /opt/airflow/dags/dag_with_python_dependence.py
[2024-07-05T05:21:34.163+0000] {logging_mixin.py:188} INFO - [2024-07-05T05:21:34.162+0000] {dag.py:3096} INFO - Sync 1 DAGs
[2024-07-05T05:21:34.185+0000] {logging_mixin.py:188} INFO - [2024-07-05T05:21:34.184+0000] {dag.py:3954} INFO - Setting next_dagrun for our_dag_with_python_dependence_v01 to 2024-06-30 00:00:00+00:00, run_after=2024-07-01 00:00:00+00:00
[2024-07-05T05:21:34.206+0000] {processor.py:183} INFO - Processing /opt/airflow/dags/dag_with_python_dependence.py took 0.087 seconds
[2024-07-05T05:22:04.873+0000] {processor.py:161} INFO - Started process (PID=1232) to work on /opt/airflow/dags/dag_with_python_dependence.py
[2024-07-05T05:22:04.873+0000] {processor.py:830} INFO - Processing file /opt/airflow/dags/dag_with_python_dependence.py for tasks to queue
[2024-07-05T05:22:04.874+0000] {logging_mixin.py:188} INFO - [2024-07-05T05:22:04.874+0000] {dagbag.py:545} INFO - Filling up the DagBag from /opt/airflow/dags/dag_with_python_dependence.py
[2024-07-05T05:22:04.882+0000] {processor.py:840} INFO - DAG(s) 'our_dag_with_python_dependence_v01' retrieved from /opt/airflow/dags/dag_with_python_dependence.py
[2024-07-05T05:22:04.900+0000] {logging_mixin.py:188} INFO - [2024-07-05T05:22:04.900+0000] {dag.py:3096} INFO - Sync 1 DAGs
[2024-07-05T05:22:04.919+0000] {logging_mixin.py:188} INFO - [2024-07-05T05:22:04.919+0000] {dag.py:3954} INFO - Setting next_dagrun for our_dag_with_python_dependence_v01 to 2024-06-30 00:00:00+00:00, run_after=2024-07-01 00:00:00+00:00
[2024-07-05T05:22:04.937+0000] {processor.py:183} INFO - Processing /opt/airflow/dags/dag_with_python_dependence.py took 0.073 seconds
[2024-07-05T05:22:35.539+0000] {processor.py:161} INFO - Started process (PID=1293) to work on /opt/airflow/dags/dag_with_python_dependence.py
[2024-07-05T05:22:35.540+0000] {processor.py:830} INFO - Processing file /opt/airflow/dags/dag_with_python_dependence.py for tasks to queue
[2024-07-05T05:22:35.541+0000] {logging_mixin.py:188} INFO - [2024-07-05T05:22:35.541+0000] {dagbag.py:545} INFO - Filling up the DagBag from /opt/airflow/dags/dag_with_python_dependence.py
[2024-07-05T05:22:35.548+0000] {processor.py:840} INFO - DAG(s) 'our_dag_with_python_dependence_v01' retrieved from /opt/airflow/dags/dag_with_python_dependence.py
[2024-07-05T05:22:35.566+0000] {logging_mixin.py:188} INFO - [2024-07-05T05:22:35.566+0000] {dag.py:3096} INFO - Sync 1 DAGs
[2024-07-05T05:22:35.583+0000] {logging_mixin.py:188} INFO - [2024-07-05T05:22:35.583+0000] {dag.py:3954} INFO - Setting next_dagrun for our_dag_with_python_dependence_v01 to 2024-06-30 00:00:00+00:00, run_after=2024-07-01 00:00:00+00:00
[2024-07-05T05:22:35.600+0000] {processor.py:183} INFO - Processing /opt/airflow/dags/dag_with_python_dependence.py took 0.069 seconds
[2024-07-05T05:23:06.202+0000] {processor.py:161} INFO - Started process (PID=1354) to work on /opt/airflow/dags/dag_with_python_dependence.py
[2024-07-05T05:23:06.203+0000] {processor.py:830} INFO - Processing file /opt/airflow/dags/dag_with_python_dependence.py for tasks to queue
[2024-07-05T05:23:06.204+0000] {logging_mixin.py:188} INFO - [2024-07-05T05:23:06.204+0000] {dagbag.py:545} INFO - Filling up the DagBag from /opt/airflow/dags/dag_with_python_dependence.py
[2024-07-05T05:23:06.211+0000] {processor.py:840} INFO - DAG(s) 'our_dag_with_python_dependence_v01' retrieved from /opt/airflow/dags/dag_with_python_dependence.py
[2024-07-05T05:23:06.230+0000] {logging_mixin.py:188} INFO - [2024-07-05T05:23:06.230+0000] {dag.py:3096} INFO - Sync 1 DAGs
[2024-07-05T05:23:06.248+0000] {logging_mixin.py:188} INFO - [2024-07-05T05:23:06.248+0000] {dag.py:3954} INFO - Setting next_dagrun for our_dag_with_python_dependence_v01 to 2024-06-30 00:00:00+00:00, run_after=2024-07-01 00:00:00+00:00
[2024-07-05T05:23:06.266+0000] {processor.py:183} INFO - Processing /opt/airflow/dags/dag_with_python_dependence.py took 0.073 seconds
[2024-07-05T05:23:36.907+0000] {processor.py:161} INFO - Started process (PID=1415) to work on /opt/airflow/dags/dag_with_python_dependence.py
[2024-07-05T05:23:36.908+0000] {processor.py:830} INFO - Processing file /opt/airflow/dags/dag_with_python_dependence.py for tasks to queue
[2024-07-05T05:23:36.909+0000] {logging_mixin.py:188} INFO - [2024-07-05T05:23:36.909+0000] {dagbag.py:545} INFO - Filling up the DagBag from /opt/airflow/dags/dag_with_python_dependence.py
[2024-07-05T05:23:36.917+0000] {processor.py:840} INFO - DAG(s) 'our_dag_with_python_dependence_v01' retrieved from /opt/airflow/dags/dag_with_python_dependence.py
[2024-07-05T05:23:36.939+0000] {logging_mixin.py:188} INFO - [2024-07-05T05:23:36.939+0000] {dag.py:3096} INFO - Sync 1 DAGs
[2024-07-05T05:23:36.960+0000] {logging_mixin.py:188} INFO - [2024-07-05T05:23:36.960+0000] {dag.py:3954} INFO - Setting next_dagrun for our_dag_with_python_dependence_v01 to 2024-06-30 00:00:00+00:00, run_after=2024-07-01 00:00:00+00:00
[2024-07-05T05:23:36.983+0000] {processor.py:183} INFO - Processing /opt/airflow/dags/dag_with_python_dependence.py took 0.084 seconds
[2024-07-05T05:24:07.698+0000] {processor.py:161} INFO - Started process (PID=1476) to work on /opt/airflow/dags/dag_with_python_dependence.py
[2024-07-05T05:24:07.700+0000] {processor.py:830} INFO - Processing file /opt/airflow/dags/dag_with_python_dependence.py for tasks to queue
[2024-07-05T05:24:07.703+0000] {logging_mixin.py:188} INFO - [2024-07-05T05:24:07.702+0000] {dagbag.py:545} INFO - Filling up the DagBag from /opt/airflow/dags/dag_with_python_dependence.py
[2024-07-05T05:24:07.716+0000] {processor.py:840} INFO - DAG(s) 'our_dag_with_python_dependence_v01' retrieved from /opt/airflow/dags/dag_with_python_dependence.py
[2024-07-05T05:24:07.745+0000] {logging_mixin.py:188} INFO - [2024-07-05T05:24:07.745+0000] {dag.py:3096} INFO - Sync 1 DAGs
[2024-07-05T05:24:07.775+0000] {logging_mixin.py:188} INFO - [2024-07-05T05:24:07.775+0000] {dag.py:3954} INFO - Setting next_dagrun for our_dag_with_python_dependence_v01 to 2024-06-30 00:00:00+00:00, run_after=2024-07-01 00:00:00+00:00
[2024-07-05T05:24:07.803+0000] {processor.py:183} INFO - Processing /opt/airflow/dags/dag_with_python_dependence.py took 0.117 seconds
[2024-07-05T05:24:38.395+0000] {processor.py:161} INFO - Started process (PID=1543) to work on /opt/airflow/dags/dag_with_python_dependence.py
[2024-07-05T05:24:38.397+0000] {processor.py:830} INFO - Processing file /opt/airflow/dags/dag_with_python_dependence.py for tasks to queue
[2024-07-05T05:24:38.398+0000] {logging_mixin.py:188} INFO - [2024-07-05T05:24:38.398+0000] {dagbag.py:545} INFO - Filling up the DagBag from /opt/airflow/dags/dag_with_python_dependence.py
[2024-07-05T05:24:38.405+0000] {processor.py:840} INFO - DAG(s) 'our_dag_with_python_dependence_v01' retrieved from /opt/airflow/dags/dag_with_python_dependence.py
[2024-07-05T05:24:38.423+0000] {logging_mixin.py:188} INFO - [2024-07-05T05:24:38.423+0000] {dag.py:3096} INFO - Sync 1 DAGs
[2024-07-05T05:24:38.442+0000] {logging_mixin.py:188} INFO - [2024-07-05T05:24:38.442+0000] {dag.py:3954} INFO - Setting next_dagrun for our_dag_with_python_dependence_v01 to 2024-06-30 00:00:00+00:00, run_after=2024-07-01 00:00:00+00:00
[2024-07-05T05:24:38.459+0000] {processor.py:183} INFO - Processing /opt/airflow/dags/dag_with_python_dependence.py took 0.072 seconds
[2024-07-05T05:25:09.099+0000] {processor.py:161} INFO - Started process (PID=1604) to work on /opt/airflow/dags/dag_with_python_dependence.py
[2024-07-05T05:25:09.100+0000] {processor.py:830} INFO - Processing file /opt/airflow/dags/dag_with_python_dependence.py for tasks to queue
[2024-07-05T05:25:09.101+0000] {logging_mixin.py:188} INFO - [2024-07-05T05:25:09.100+0000] {dagbag.py:545} INFO - Filling up the DagBag from /opt/airflow/dags/dag_with_python_dependence.py
[2024-07-05T05:25:09.108+0000] {processor.py:840} INFO - DAG(s) 'our_dag_with_python_dependence_v01' retrieved from /opt/airflow/dags/dag_with_python_dependence.py
[2024-07-05T05:25:09.126+0000] {logging_mixin.py:188} INFO - [2024-07-05T05:25:09.126+0000] {dag.py:3096} INFO - Sync 1 DAGs
[2024-07-05T05:25:09.145+0000] {logging_mixin.py:188} INFO - [2024-07-05T05:25:09.145+0000] {dag.py:3954} INFO - Setting next_dagrun for our_dag_with_python_dependence_v01 to 2024-06-30 00:00:00+00:00, run_after=2024-07-01 00:00:00+00:00
[2024-07-05T05:25:09.162+0000] {processor.py:183} INFO - Processing /opt/airflow/dags/dag_with_python_dependence.py took 0.072 seconds
