[2024-07-05T05:13:23.130+0000] {processor.py:161} INFO - Started process (PID=193) to work on /opt/airflow/dags/dag_with_cross_expression.py
[2024-07-05T05:13:23.130+0000] {processor.py:830} INFO - Processing file /opt/airflow/dags/dag_with_cross_expression.py for tasks to queue
[2024-07-05T05:13:23.131+0000] {logging_mixin.py:188} INFO - [2024-07-05T05:13:23.131+0000] {dagbag.py:545} INFO - Filling up the DagBag from /opt/airflow/dags/dag_with_cross_expression.py
[2024-07-05T05:13:23.140+0000] {processor.py:840} INFO - DAG(s) 'dag_with_cross_expression_v03' retrieved from /opt/airflow/dags/dag_with_cross_expression.py
[2024-07-05T05:13:23.255+0000] {logging_mixin.py:188} INFO - [2024-07-05T05:13:23.254+0000] {override.py:1829} INFO - Created Permission View: can edit on DAG:dag_with_cross_expression_v03
[2024-07-05T05:13:23.268+0000] {logging_mixin.py:188} INFO - [2024-07-05T05:13:23.268+0000] {override.py:1829} INFO - Created Permission View: can read on DAG:dag_with_cross_expression_v03
[2024-07-05T05:13:23.280+0000] {logging_mixin.py:188} INFO - [2024-07-05T05:13:23.279+0000] {override.py:1829} INFO - Created Permission View: can delete on DAG:dag_with_cross_expression_v03
[2024-07-05T05:13:23.281+0000] {logging_mixin.py:188} INFO - [2024-07-05T05:13:23.281+0000] {dag.py:3096} INFO - Sync 1 DAGs
[2024-07-05T05:13:23.303+0000] {logging_mixin.py:188} INFO - [2024-07-05T05:13:23.302+0000] {dag.py:3118} INFO - Creating ORM DAG for dag_with_cross_expression_v03
[2024-07-05T05:13:23.319+0000] {logging_mixin.py:188} INFO - [2024-07-05T05:13:23.319+0000] {dag.py:3954} INFO - Setting next_dagrun for dag_with_cross_expression_v03 to 2024-06-25 03:00:00+00:00, run_after=2024-06-26 03:00:00+00:00
[2024-07-05T05:13:23.344+0000] {processor.py:183} INFO - Processing /opt/airflow/dags/dag_with_cross_expression.py took 0.223 seconds
[2024-07-05T05:13:53.439+0000] {processor.py:161} INFO - Started process (PID=254) to work on /opt/airflow/dags/dag_with_cross_expression.py
[2024-07-05T05:13:53.440+0000] {processor.py:830} INFO - Processing file /opt/airflow/dags/dag_with_cross_expression.py for tasks to queue
[2024-07-05T05:13:53.442+0000] {logging_mixin.py:188} INFO - [2024-07-05T05:13:53.441+0000] {dagbag.py:545} INFO - Filling up the DagBag from /opt/airflow/dags/dag_with_cross_expression.py
[2024-07-05T05:13:53.449+0000] {processor.py:840} INFO - DAG(s) 'dag_with_cross_expression_v03' retrieved from /opt/airflow/dags/dag_with_cross_expression.py
[2024-07-05T05:13:53.470+0000] {logging_mixin.py:188} INFO - [2024-07-05T05:13:53.470+0000] {dag.py:3096} INFO - Sync 1 DAGs
[2024-07-05T05:13:53.489+0000] {logging_mixin.py:188} INFO - [2024-07-05T05:13:53.489+0000] {dag.py:3954} INFO - Setting next_dagrun for dag_with_cross_expression_v03 to 2024-06-25 03:00:00+00:00, run_after=2024-06-26 03:00:00+00:00
[2024-07-05T05:13:53.508+0000] {processor.py:183} INFO - Processing /opt/airflow/dags/dag_with_cross_expression.py took 0.077 seconds
[2024-07-05T05:14:24.207+0000] {processor.py:161} INFO - Started process (PID=327) to work on /opt/airflow/dags/dag_with_cross_expression.py
[2024-07-05T05:14:24.208+0000] {processor.py:830} INFO - Processing file /opt/airflow/dags/dag_with_cross_expression.py for tasks to queue
[2024-07-05T05:14:24.209+0000] {logging_mixin.py:188} INFO - [2024-07-05T05:14:24.209+0000] {dagbag.py:545} INFO - Filling up the DagBag from /opt/airflow/dags/dag_with_cross_expression.py
[2024-07-05T05:14:24.218+0000] {processor.py:840} INFO - DAG(s) 'dag_with_cross_expression_v03' retrieved from /opt/airflow/dags/dag_with_cross_expression.py
[2024-07-05T05:14:24.236+0000] {logging_mixin.py:188} INFO - [2024-07-05T05:14:24.236+0000] {dag.py:3096} INFO - Sync 1 DAGs
[2024-07-05T05:14:24.255+0000] {logging_mixin.py:188} INFO - [2024-07-05T05:14:24.255+0000] {dag.py:3954} INFO - Setting next_dagrun for dag_with_cross_expression_v03 to 2024-06-25 03:00:00+00:00, run_after=2024-06-26 03:00:00+00:00
[2024-07-05T05:14:24.273+0000] {processor.py:183} INFO - Processing /opt/airflow/dags/dag_with_cross_expression.py took 0.075 seconds
[2024-07-05T05:14:54.827+0000] {processor.py:161} INFO - Started process (PID=386) to work on /opt/airflow/dags/dag_with_cross_expression.py
[2024-07-05T05:14:54.828+0000] {processor.py:830} INFO - Processing file /opt/airflow/dags/dag_with_cross_expression.py for tasks to queue
[2024-07-05T05:14:54.830+0000] {logging_mixin.py:188} INFO - [2024-07-05T05:14:54.829+0000] {dagbag.py:545} INFO - Filling up the DagBag from /opt/airflow/dags/dag_with_cross_expression.py
[2024-07-05T05:14:54.838+0000] {processor.py:840} INFO - DAG(s) 'dag_with_cross_expression_v03' retrieved from /opt/airflow/dags/dag_with_cross_expression.py
[2024-07-05T05:14:54.859+0000] {logging_mixin.py:188} INFO - [2024-07-05T05:14:54.858+0000] {dag.py:3096} INFO - Sync 1 DAGs
[2024-07-05T05:14:54.879+0000] {logging_mixin.py:188} INFO - [2024-07-05T05:14:54.879+0000] {dag.py:3954} INFO - Setting next_dagrun for dag_with_cross_expression_v03 to 2024-06-25 03:00:00+00:00, run_after=2024-06-26 03:00:00+00:00
[2024-07-05T05:14:54.899+0000] {processor.py:183} INFO - Processing /opt/airflow/dags/dag_with_cross_expression.py took 0.084 seconds
[2024-07-05T05:15:25.651+0000] {processor.py:161} INFO - Started process (PID=449) to work on /opt/airflow/dags/dag_with_cross_expression.py
[2024-07-05T05:15:25.652+0000] {processor.py:830} INFO - Processing file /opt/airflow/dags/dag_with_cross_expression.py for tasks to queue
[2024-07-05T05:15:25.654+0000] {logging_mixin.py:188} INFO - [2024-07-05T05:15:25.653+0000] {dagbag.py:545} INFO - Filling up the DagBag from /opt/airflow/dags/dag_with_cross_expression.py
[2024-07-05T05:15:25.661+0000] {processor.py:840} INFO - DAG(s) 'dag_with_cross_expression_v03' retrieved from /opt/airflow/dags/dag_with_cross_expression.py
[2024-07-05T05:15:25.679+0000] {logging_mixin.py:188} INFO - [2024-07-05T05:15:25.679+0000] {dag.py:3096} INFO - Sync 1 DAGs
[2024-07-05T05:15:25.699+0000] {logging_mixin.py:188} INFO - [2024-07-05T05:15:25.698+0000] {dag.py:3954} INFO - Setting next_dagrun for dag_with_cross_expression_v03 to 2024-06-25 03:00:00+00:00, run_after=2024-06-26 03:00:00+00:00
[2024-07-05T05:15:25.720+0000] {processor.py:183} INFO - Processing /opt/airflow/dags/dag_with_cross_expression.py took 0.077 seconds
[2024-07-05T05:15:56.332+0000] {processor.py:161} INFO - Started process (PID=510) to work on /opt/airflow/dags/dag_with_cross_expression.py
[2024-07-05T05:15:56.333+0000] {processor.py:830} INFO - Processing file /opt/airflow/dags/dag_with_cross_expression.py for tasks to queue
[2024-07-05T05:15:56.334+0000] {logging_mixin.py:188} INFO - [2024-07-05T05:15:56.334+0000] {dagbag.py:545} INFO - Filling up the DagBag from /opt/airflow/dags/dag_with_cross_expression.py
[2024-07-05T05:15:56.344+0000] {processor.py:840} INFO - DAG(s) 'dag_with_cross_expression_v03' retrieved from /opt/airflow/dags/dag_with_cross_expression.py
[2024-07-05T05:15:56.364+0000] {logging_mixin.py:188} INFO - [2024-07-05T05:15:56.364+0000] {dag.py:3096} INFO - Sync 1 DAGs
[2024-07-05T05:15:56.384+0000] {logging_mixin.py:188} INFO - [2024-07-05T05:15:56.384+0000] {dag.py:3954} INFO - Setting next_dagrun for dag_with_cross_expression_v03 to 2024-06-25 03:00:00+00:00, run_after=2024-06-26 03:00:00+00:00
[2024-07-05T05:15:56.402+0000] {processor.py:183} INFO - Processing /opt/airflow/dags/dag_with_cross_expression.py took 0.080 seconds
[2024-07-05T05:16:26.945+0000] {processor.py:161} INFO - Started process (PID=569) to work on /opt/airflow/dags/dag_with_cross_expression.py
[2024-07-05T05:16:26.945+0000] {processor.py:830} INFO - Processing file /opt/airflow/dags/dag_with_cross_expression.py for tasks to queue
[2024-07-05T05:16:26.947+0000] {logging_mixin.py:188} INFO - [2024-07-05T05:16:26.947+0000] {dagbag.py:545} INFO - Filling up the DagBag from /opt/airflow/dags/dag_with_cross_expression.py
[2024-07-05T05:16:26.954+0000] {processor.py:840} INFO - DAG(s) 'dag_with_cross_expression_v03' retrieved from /opt/airflow/dags/dag_with_cross_expression.py
[2024-07-05T05:16:26.974+0000] {logging_mixin.py:188} INFO - [2024-07-05T05:16:26.974+0000] {dag.py:3096} INFO - Sync 1 DAGs
[2024-07-05T05:16:26.994+0000] {logging_mixin.py:188} INFO - [2024-07-05T05:16:26.994+0000] {dag.py:3954} INFO - Setting next_dagrun for dag_with_cross_expression_v03 to 2024-06-25 03:00:00+00:00, run_after=2024-06-26 03:00:00+00:00
[2024-07-05T05:16:27.013+0000] {processor.py:183} INFO - Processing /opt/airflow/dags/dag_with_cross_expression.py took 0.078 seconds
[2024-07-05T05:16:57.635+0000] {processor.py:161} INFO - Started process (PID=630) to work on /opt/airflow/dags/dag_with_cross_expression.py
[2024-07-05T05:16:57.635+0000] {processor.py:830} INFO - Processing file /opt/airflow/dags/dag_with_cross_expression.py for tasks to queue
[2024-07-05T05:16:57.637+0000] {logging_mixin.py:188} INFO - [2024-07-05T05:16:57.637+0000] {dagbag.py:545} INFO - Filling up the DagBag from /opt/airflow/dags/dag_with_cross_expression.py
[2024-07-05T05:16:57.645+0000] {processor.py:840} INFO - DAG(s) 'dag_with_cross_expression_v03' retrieved from /opt/airflow/dags/dag_with_cross_expression.py
[2024-07-05T05:16:57.662+0000] {logging_mixin.py:188} INFO - [2024-07-05T05:16:57.662+0000] {dag.py:3096} INFO - Sync 1 DAGs
[2024-07-05T05:16:57.680+0000] {logging_mixin.py:188} INFO - [2024-07-05T05:16:57.680+0000] {dag.py:3954} INFO - Setting next_dagrun for dag_with_cross_expression_v03 to 2024-06-25 03:00:00+00:00, run_after=2024-06-26 03:00:00+00:00
[2024-07-05T05:16:57.699+0000] {processor.py:183} INFO - Processing /opt/airflow/dags/dag_with_cross_expression.py took 0.073 seconds
[2024-07-05T05:17:28.362+0000] {processor.py:161} INFO - Started process (PID=691) to work on /opt/airflow/dags/dag_with_cross_expression.py
[2024-07-05T05:17:28.363+0000] {processor.py:830} INFO - Processing file /opt/airflow/dags/dag_with_cross_expression.py for tasks to queue
[2024-07-05T05:17:28.364+0000] {logging_mixin.py:188} INFO - [2024-07-05T05:17:28.364+0000] {dagbag.py:545} INFO - Filling up the DagBag from /opt/airflow/dags/dag_with_cross_expression.py
[2024-07-05T05:17:28.372+0000] {processor.py:840} INFO - DAG(s) 'dag_with_cross_expression_v03' retrieved from /opt/airflow/dags/dag_with_cross_expression.py
[2024-07-05T05:17:28.394+0000] {logging_mixin.py:188} INFO - [2024-07-05T05:17:28.393+0000] {dag.py:3096} INFO - Sync 1 DAGs
[2024-07-05T05:17:28.418+0000] {logging_mixin.py:188} INFO - [2024-07-05T05:17:28.418+0000] {dag.py:3954} INFO - Setting next_dagrun for dag_with_cross_expression_v03 to 2024-06-25 03:00:00+00:00, run_after=2024-06-26 03:00:00+00:00
[2024-07-05T05:17:28.440+0000] {processor.py:183} INFO - Processing /opt/airflow/dags/dag_with_cross_expression.py took 0.088 seconds
[2024-07-05T05:17:59.196+0000] {processor.py:161} INFO - Started process (PID=752) to work on /opt/airflow/dags/dag_with_cross_expression.py
[2024-07-05T05:17:59.197+0000] {processor.py:830} INFO - Processing file /opt/airflow/dags/dag_with_cross_expression.py for tasks to queue
[2024-07-05T05:17:59.198+0000] {logging_mixin.py:188} INFO - [2024-07-05T05:17:59.198+0000] {dagbag.py:545} INFO - Filling up the DagBag from /opt/airflow/dags/dag_with_cross_expression.py
[2024-07-05T05:17:59.206+0000] {processor.py:840} INFO - DAG(s) 'dag_with_cross_expression_v03' retrieved from /opt/airflow/dags/dag_with_cross_expression.py
[2024-07-05T05:17:59.225+0000] {logging_mixin.py:188} INFO - [2024-07-05T05:17:59.224+0000] {dag.py:3096} INFO - Sync 1 DAGs
[2024-07-05T05:17:59.244+0000] {logging_mixin.py:188} INFO - [2024-07-05T05:17:59.244+0000] {dag.py:3954} INFO - Setting next_dagrun for dag_with_cross_expression_v03 to 2024-06-25 03:00:00+00:00, run_after=2024-06-26 03:00:00+00:00
[2024-07-05T05:17:59.265+0000] {processor.py:183} INFO - Processing /opt/airflow/dags/dag_with_cross_expression.py took 0.078 seconds
[2024-07-05T05:18:29.920+0000] {processor.py:161} INFO - Started process (PID=813) to work on /opt/airflow/dags/dag_with_cross_expression.py
[2024-07-05T05:18:29.921+0000] {processor.py:830} INFO - Processing file /opt/airflow/dags/dag_with_cross_expression.py for tasks to queue
[2024-07-05T05:18:29.922+0000] {logging_mixin.py:188} INFO - [2024-07-05T05:18:29.922+0000] {dagbag.py:545} INFO - Filling up the DagBag from /opt/airflow/dags/dag_with_cross_expression.py
[2024-07-05T05:18:29.929+0000] {processor.py:840} INFO - DAG(s) 'dag_with_cross_expression_v03' retrieved from /opt/airflow/dags/dag_with_cross_expression.py
[2024-07-05T05:18:29.946+0000] {logging_mixin.py:188} INFO - [2024-07-05T05:18:29.946+0000] {dag.py:3096} INFO - Sync 1 DAGs
[2024-07-05T05:18:29.966+0000] {logging_mixin.py:188} INFO - [2024-07-05T05:18:29.965+0000] {dag.py:3954} INFO - Setting next_dagrun for dag_with_cross_expression_v03 to 2024-06-25 03:00:00+00:00, run_after=2024-06-26 03:00:00+00:00
[2024-07-05T05:18:29.984+0000] {processor.py:183} INFO - Processing /opt/airflow/dags/dag_with_cross_expression.py took 0.072 seconds
[2024-07-05T05:19:00.645+0000] {processor.py:161} INFO - Started process (PID=874) to work on /opt/airflow/dags/dag_with_cross_expression.py
[2024-07-05T05:19:00.646+0000] {processor.py:830} INFO - Processing file /opt/airflow/dags/dag_with_cross_expression.py for tasks to queue
[2024-07-05T05:19:00.647+0000] {logging_mixin.py:188} INFO - [2024-07-05T05:19:00.647+0000] {dagbag.py:545} INFO - Filling up the DagBag from /opt/airflow/dags/dag_with_cross_expression.py
[2024-07-05T05:19:00.657+0000] {processor.py:840} INFO - DAG(s) 'dag_with_cross_expression_v03' retrieved from /opt/airflow/dags/dag_with_cross_expression.py
[2024-07-05T05:19:00.679+0000] {logging_mixin.py:188} INFO - [2024-07-05T05:19:00.679+0000] {dag.py:3096} INFO - Sync 1 DAGs
[2024-07-05T05:19:00.705+0000] {logging_mixin.py:188} INFO - [2024-07-05T05:19:00.705+0000] {dag.py:3954} INFO - Setting next_dagrun for dag_with_cross_expression_v03 to 2024-06-25 03:00:00+00:00, run_after=2024-06-26 03:00:00+00:00
[2024-07-05T05:19:00.727+0000] {processor.py:183} INFO - Processing /opt/airflow/dags/dag_with_cross_expression.py took 0.090 seconds
[2024-07-05T05:19:31.381+0000] {processor.py:161} INFO - Started process (PID=935) to work on /opt/airflow/dags/dag_with_cross_expression.py
[2024-07-05T05:19:31.381+0000] {processor.py:830} INFO - Processing file /opt/airflow/dags/dag_with_cross_expression.py for tasks to queue
[2024-07-05T05:19:31.383+0000] {logging_mixin.py:188} INFO - [2024-07-05T05:19:31.382+0000] {dagbag.py:545} INFO - Filling up the DagBag from /opt/airflow/dags/dag_with_cross_expression.py
[2024-07-05T05:19:31.391+0000] {processor.py:840} INFO - DAG(s) 'dag_with_cross_expression_v03' retrieved from /opt/airflow/dags/dag_with_cross_expression.py
[2024-07-05T05:19:31.408+0000] {logging_mixin.py:188} INFO - [2024-07-05T05:19:31.408+0000] {dag.py:3096} INFO - Sync 1 DAGs
[2024-07-05T05:19:31.427+0000] {logging_mixin.py:188} INFO - [2024-07-05T05:19:31.427+0000] {dag.py:3954} INFO - Setting next_dagrun for dag_with_cross_expression_v03 to 2024-06-25 03:00:00+00:00, run_after=2024-06-26 03:00:00+00:00
[2024-07-05T05:19:31.445+0000] {processor.py:183} INFO - Processing /opt/airflow/dags/dag_with_cross_expression.py took 0.074 seconds
[2024-07-05T05:20:02.091+0000] {processor.py:161} INFO - Started process (PID=996) to work on /opt/airflow/dags/dag_with_cross_expression.py
[2024-07-05T05:20:02.092+0000] {processor.py:830} INFO - Processing file /opt/airflow/dags/dag_with_cross_expression.py for tasks to queue
[2024-07-05T05:20:02.093+0000] {logging_mixin.py:188} INFO - [2024-07-05T05:20:02.093+0000] {dagbag.py:545} INFO - Filling up the DagBag from /opt/airflow/dags/dag_with_cross_expression.py
[2024-07-05T05:20:02.100+0000] {processor.py:840} INFO - DAG(s) 'dag_with_cross_expression_v03' retrieved from /opt/airflow/dags/dag_with_cross_expression.py
[2024-07-05T05:20:02.119+0000] {logging_mixin.py:188} INFO - [2024-07-05T05:20:02.118+0000] {dag.py:3096} INFO - Sync 1 DAGs
[2024-07-05T05:20:02.138+0000] {logging_mixin.py:188} INFO - [2024-07-05T05:20:02.137+0000] {dag.py:3954} INFO - Setting next_dagrun for dag_with_cross_expression_v03 to 2024-06-25 03:00:00+00:00, run_after=2024-06-26 03:00:00+00:00
[2024-07-05T05:20:02.158+0000] {processor.py:183} INFO - Processing /opt/airflow/dags/dag_with_cross_expression.py took 0.076 seconds
[2024-07-05T05:20:32.803+0000] {processor.py:161} INFO - Started process (PID=1057) to work on /opt/airflow/dags/dag_with_cross_expression.py
[2024-07-05T05:20:32.804+0000] {processor.py:830} INFO - Processing file /opt/airflow/dags/dag_with_cross_expression.py for tasks to queue
[2024-07-05T05:20:32.805+0000] {logging_mixin.py:188} INFO - [2024-07-05T05:20:32.805+0000] {dagbag.py:545} INFO - Filling up the DagBag from /opt/airflow/dags/dag_with_cross_expression.py
[2024-07-05T05:20:32.812+0000] {processor.py:840} INFO - DAG(s) 'dag_with_cross_expression_v03' retrieved from /opt/airflow/dags/dag_with_cross_expression.py
[2024-07-05T05:20:32.830+0000] {logging_mixin.py:188} INFO - [2024-07-05T05:20:32.830+0000] {dag.py:3096} INFO - Sync 1 DAGs
[2024-07-05T05:20:32.849+0000] {logging_mixin.py:188} INFO - [2024-07-05T05:20:32.849+0000] {dag.py:3954} INFO - Setting next_dagrun for dag_with_cross_expression_v03 to 2024-06-25 03:00:00+00:00, run_after=2024-06-26 03:00:00+00:00
[2024-07-05T05:20:32.867+0000] {processor.py:183} INFO - Processing /opt/airflow/dags/dag_with_cross_expression.py took 0.073 seconds
[2024-07-05T05:21:03.542+0000] {processor.py:161} INFO - Started process (PID=1118) to work on /opt/airflow/dags/dag_with_cross_expression.py
[2024-07-05T05:21:03.543+0000] {processor.py:830} INFO - Processing file /opt/airflow/dags/dag_with_cross_expression.py for tasks to queue
[2024-07-05T05:21:03.545+0000] {logging_mixin.py:188} INFO - [2024-07-05T05:21:03.545+0000] {dagbag.py:545} INFO - Filling up the DagBag from /opt/airflow/dags/dag_with_cross_expression.py
[2024-07-05T05:21:03.553+0000] {processor.py:840} INFO - DAG(s) 'dag_with_cross_expression_v03' retrieved from /opt/airflow/dags/dag_with_cross_expression.py
[2024-07-05T05:21:03.573+0000] {logging_mixin.py:188} INFO - [2024-07-05T05:21:03.572+0000] {dag.py:3096} INFO - Sync 1 DAGs
[2024-07-05T05:21:03.593+0000] {logging_mixin.py:188} INFO - [2024-07-05T05:21:03.593+0000] {dag.py:3954} INFO - Setting next_dagrun for dag_with_cross_expression_v03 to 2024-06-25 03:00:00+00:00, run_after=2024-06-26 03:00:00+00:00
[2024-07-05T05:21:03.614+0000] {processor.py:183} INFO - Processing /opt/airflow/dags/dag_with_cross_expression.py took 0.080 seconds
[2024-07-05T05:21:34.246+0000] {processor.py:161} INFO - Started process (PID=1179) to work on /opt/airflow/dags/dag_with_cross_expression.py
[2024-07-05T05:21:34.247+0000] {processor.py:830} INFO - Processing file /opt/airflow/dags/dag_with_cross_expression.py for tasks to queue
[2024-07-05T05:21:34.249+0000] {logging_mixin.py:188} INFO - [2024-07-05T05:21:34.248+0000] {dagbag.py:545} INFO - Filling up the DagBag from /opt/airflow/dags/dag_with_cross_expression.py
[2024-07-05T05:21:34.258+0000] {processor.py:840} INFO - DAG(s) 'dag_with_cross_expression_v03' retrieved from /opt/airflow/dags/dag_with_cross_expression.py
[2024-07-05T05:21:34.277+0000] {logging_mixin.py:188} INFO - [2024-07-05T05:21:34.277+0000] {dag.py:3096} INFO - Sync 1 DAGs
[2024-07-05T05:21:34.301+0000] {logging_mixin.py:188} INFO - [2024-07-05T05:21:34.300+0000] {dag.py:3954} INFO - Setting next_dagrun for dag_with_cross_expression_v03 to 2024-06-25 03:00:00+00:00, run_after=2024-06-26 03:00:00+00:00
[2024-07-05T05:21:34.322+0000] {processor.py:183} INFO - Processing /opt/airflow/dags/dag_with_cross_expression.py took 0.089 seconds
[2024-07-05T05:22:04.969+0000] {processor.py:161} INFO - Started process (PID=1240) to work on /opt/airflow/dags/dag_with_cross_expression.py
[2024-07-05T05:22:04.969+0000] {processor.py:830} INFO - Processing file /opt/airflow/dags/dag_with_cross_expression.py for tasks to queue
[2024-07-05T05:22:04.970+0000] {logging_mixin.py:188} INFO - [2024-07-05T05:22:04.970+0000] {dagbag.py:545} INFO - Filling up the DagBag from /opt/airflow/dags/dag_with_cross_expression.py
[2024-07-05T05:22:04.977+0000] {processor.py:840} INFO - DAG(s) 'dag_with_cross_expression_v03' retrieved from /opt/airflow/dags/dag_with_cross_expression.py
[2024-07-05T05:22:04.997+0000] {logging_mixin.py:188} INFO - [2024-07-05T05:22:04.996+0000] {dag.py:3096} INFO - Sync 1 DAGs
[2024-07-05T05:22:05.016+0000] {logging_mixin.py:188} INFO - [2024-07-05T05:22:05.016+0000] {dag.py:3954} INFO - Setting next_dagrun for dag_with_cross_expression_v03 to 2024-06-25 03:00:00+00:00, run_after=2024-06-26 03:00:00+00:00
[2024-07-05T05:22:05.035+0000] {processor.py:183} INFO - Processing /opt/airflow/dags/dag_with_cross_expression.py took 0.074 seconds
[2024-07-05T05:22:35.630+0000] {processor.py:161} INFO - Started process (PID=1301) to work on /opt/airflow/dags/dag_with_cross_expression.py
[2024-07-05T05:22:35.631+0000] {processor.py:830} INFO - Processing file /opt/airflow/dags/dag_with_cross_expression.py for tasks to queue
[2024-07-05T05:22:35.632+0000] {logging_mixin.py:188} INFO - [2024-07-05T05:22:35.632+0000] {dagbag.py:545} INFO - Filling up the DagBag from /opt/airflow/dags/dag_with_cross_expression.py
[2024-07-05T05:22:35.639+0000] {processor.py:840} INFO - DAG(s) 'dag_with_cross_expression_v03' retrieved from /opt/airflow/dags/dag_with_cross_expression.py
[2024-07-05T05:22:35.656+0000] {logging_mixin.py:188} INFO - [2024-07-05T05:22:35.656+0000] {dag.py:3096} INFO - Sync 1 DAGs
[2024-07-05T05:22:35.675+0000] {logging_mixin.py:188} INFO - [2024-07-05T05:22:35.675+0000] {dag.py:3954} INFO - Setting next_dagrun for dag_with_cross_expression_v03 to 2024-06-25 03:00:00+00:00, run_after=2024-06-26 03:00:00+00:00
[2024-07-05T05:22:35.694+0000] {processor.py:183} INFO - Processing /opt/airflow/dags/dag_with_cross_expression.py took 0.072 seconds
[2024-07-05T05:23:06.299+0000] {processor.py:161} INFO - Started process (PID=1362) to work on /opt/airflow/dags/dag_with_cross_expression.py
[2024-07-05T05:23:06.300+0000] {processor.py:830} INFO - Processing file /opt/airflow/dags/dag_with_cross_expression.py for tasks to queue
[2024-07-05T05:23:06.301+0000] {logging_mixin.py:188} INFO - [2024-07-05T05:23:06.301+0000] {dagbag.py:545} INFO - Filling up the DagBag from /opt/airflow/dags/dag_with_cross_expression.py
[2024-07-05T05:23:06.308+0000] {processor.py:840} INFO - DAG(s) 'dag_with_cross_expression_v03' retrieved from /opt/airflow/dags/dag_with_cross_expression.py
[2024-07-05T05:23:06.327+0000] {logging_mixin.py:188} INFO - [2024-07-05T05:23:06.326+0000] {dag.py:3096} INFO - Sync 1 DAGs
[2024-07-05T05:23:06.345+0000] {logging_mixin.py:188} INFO - [2024-07-05T05:23:06.345+0000] {dag.py:3954} INFO - Setting next_dagrun for dag_with_cross_expression_v03 to 2024-06-25 03:00:00+00:00, run_after=2024-06-26 03:00:00+00:00
[2024-07-05T05:23:06.367+0000] {processor.py:183} INFO - Processing /opt/airflow/dags/dag_with_cross_expression.py took 0.077 seconds
[2024-07-05T05:23:37.018+0000] {processor.py:161} INFO - Started process (PID=1423) to work on /opt/airflow/dags/dag_with_cross_expression.py
[2024-07-05T05:23:37.019+0000] {processor.py:830} INFO - Processing file /opt/airflow/dags/dag_with_cross_expression.py for tasks to queue
[2024-07-05T05:23:37.020+0000] {logging_mixin.py:188} INFO - [2024-07-05T05:23:37.020+0000] {dagbag.py:545} INFO - Filling up the DagBag from /opt/airflow/dags/dag_with_cross_expression.py
[2024-07-05T05:23:37.027+0000] {processor.py:840} INFO - DAG(s) 'dag_with_cross_expression_v03' retrieved from /opt/airflow/dags/dag_with_cross_expression.py
[2024-07-05T05:23:37.045+0000] {logging_mixin.py:188} INFO - [2024-07-05T05:23:37.045+0000] {dag.py:3096} INFO - Sync 1 DAGs
[2024-07-05T05:23:37.067+0000] {logging_mixin.py:188} INFO - [2024-07-05T05:23:37.067+0000] {dag.py:3954} INFO - Setting next_dagrun for dag_with_cross_expression_v03 to 2024-06-25 03:00:00+00:00, run_after=2024-06-26 03:00:00+00:00
[2024-07-05T05:23:37.088+0000] {processor.py:183} INFO - Processing /opt/airflow/dags/dag_with_cross_expression.py took 0.079 seconds
[2024-07-05T05:24:07.848+0000] {processor.py:161} INFO - Started process (PID=1484) to work on /opt/airflow/dags/dag_with_cross_expression.py
[2024-07-05T05:24:07.850+0000] {processor.py:830} INFO - Processing file /opt/airflow/dags/dag_with_cross_expression.py for tasks to queue
[2024-07-05T05:24:07.852+0000] {logging_mixin.py:188} INFO - [2024-07-05T05:24:07.852+0000] {dagbag.py:545} INFO - Filling up the DagBag from /opt/airflow/dags/dag_with_cross_expression.py
[2024-07-05T05:24:07.864+0000] {processor.py:840} INFO - DAG(s) 'dag_with_cross_expression_v03' retrieved from /opt/airflow/dags/dag_with_cross_expression.py
[2024-07-05T05:24:07.890+0000] {logging_mixin.py:188} INFO - [2024-07-05T05:24:07.890+0000] {dag.py:3096} INFO - Sync 1 DAGs
[2024-07-05T05:24:07.919+0000] {logging_mixin.py:188} INFO - [2024-07-05T05:24:07.919+0000] {dag.py:3954} INFO - Setting next_dagrun for dag_with_cross_expression_v03 to 2024-06-25 03:00:00+00:00, run_after=2024-06-26 03:00:00+00:00
[2024-07-05T05:24:07.952+0000] {processor.py:183} INFO - Processing /opt/airflow/dags/dag_with_cross_expression.py took 0.115 seconds
[2024-07-05T05:24:38.493+0000] {processor.py:161} INFO - Started process (PID=1551) to work on /opt/airflow/dags/dag_with_cross_expression.py
[2024-07-05T05:24:38.494+0000] {processor.py:830} INFO - Processing file /opt/airflow/dags/dag_with_cross_expression.py for tasks to queue
[2024-07-05T05:24:38.495+0000] {logging_mixin.py:188} INFO - [2024-07-05T05:24:38.495+0000] {dagbag.py:545} INFO - Filling up the DagBag from /opt/airflow/dags/dag_with_cross_expression.py
[2024-07-05T05:24:38.502+0000] {processor.py:840} INFO - DAG(s) 'dag_with_cross_expression_v03' retrieved from /opt/airflow/dags/dag_with_cross_expression.py
[2024-07-05T05:24:38.520+0000] {logging_mixin.py:188} INFO - [2024-07-05T05:24:38.520+0000] {dag.py:3096} INFO - Sync 1 DAGs
[2024-07-05T05:24:38.539+0000] {logging_mixin.py:188} INFO - [2024-07-05T05:24:38.538+0000] {dag.py:3954} INFO - Setting next_dagrun for dag_with_cross_expression_v03 to 2024-06-25 03:00:00+00:00, run_after=2024-06-26 03:00:00+00:00
[2024-07-05T05:24:38.561+0000] {processor.py:183} INFO - Processing /opt/airflow/dags/dag_with_cross_expression.py took 0.077 seconds
[2024-07-05T05:25:09.196+0000] {processor.py:161} INFO - Started process (PID=1612) to work on /opt/airflow/dags/dag_with_cross_expression.py
[2024-07-05T05:25:09.196+0000] {processor.py:830} INFO - Processing file /opt/airflow/dags/dag_with_cross_expression.py for tasks to queue
[2024-07-05T05:25:09.197+0000] {logging_mixin.py:188} INFO - [2024-07-05T05:25:09.197+0000] {dagbag.py:545} INFO - Filling up the DagBag from /opt/airflow/dags/dag_with_cross_expression.py
[2024-07-05T05:25:09.204+0000] {processor.py:840} INFO - DAG(s) 'dag_with_cross_expression_v03' retrieved from /opt/airflow/dags/dag_with_cross_expression.py
[2024-07-05T05:25:09.221+0000] {logging_mixin.py:188} INFO - [2024-07-05T05:25:09.221+0000] {dag.py:3096} INFO - Sync 1 DAGs
[2024-07-05T05:25:09.240+0000] {logging_mixin.py:188} INFO - [2024-07-05T05:25:09.240+0000] {dag.py:3954} INFO - Setting next_dagrun for dag_with_cross_expression_v03 to 2024-06-25 03:00:00+00:00, run_after=2024-06-26 03:00:00+00:00
[2024-07-05T05:25:09.260+0000] {processor.py:183} INFO - Processing /opt/airflow/dags/dag_with_cross_expression.py took 0.074 seconds
