[2024-07-05T05:13:21.743+0000] {processor.py:161} INFO - Started process (PID=170) to work on /opt/airflow/dags/ml_pipeline_with_docker_operator.py
[2024-07-05T05:13:21.748+0000] {processor.py:830} INFO - Processing file /opt/airflow/dags/ml_pipeline_with_docker_operator.py for tasks to queue
[2024-07-05T05:13:21.761+0000] {logging_mixin.py:188} INFO - [2024-07-05T05:13:21.760+0000] {dagbag.py:545} INFO - Filling up the DagBag from /opt/airflow/dags/ml_pipeline_with_docker_operator.py
[2024-07-05T05:13:21.839+0000] {processor.py:840} INFO - DAG(s) 'dag_ml_pipeline_docker_operator_v01' retrieved from /opt/airflow/dags/ml_pipeline_with_docker_operator.py
[2024-07-05T05:13:22.252+0000] {logging_mixin.py:188} INFO - [2024-07-05T05:13:22.251+0000] {override.py:1829} INFO - Created Permission View: can edit on DAG:dag_ml_pipeline_docker_operator_v01
[2024-07-05T05:13:22.267+0000] {logging_mixin.py:188} INFO - [2024-07-05T05:13:22.267+0000] {override.py:1829} INFO - Created Permission View: can read on DAG:dag_ml_pipeline_docker_operator_v01
[2024-07-05T05:13:22.278+0000] {logging_mixin.py:188} INFO - [2024-07-05T05:13:22.278+0000] {override.py:1829} INFO - Created Permission View: can delete on DAG:dag_ml_pipeline_docker_operator_v01
[2024-07-05T05:13:22.279+0000] {logging_mixin.py:188} INFO - [2024-07-05T05:13:22.279+0000] {dag.py:3096} INFO - Sync 1 DAGs
[2024-07-05T05:13:22.303+0000] {logging_mixin.py:188} INFO - [2024-07-05T05:13:22.303+0000] {dag.py:3118} INFO - Creating ORM DAG for dag_ml_pipeline_docker_operator_v01
[2024-07-05T05:13:22.304+0000] {logging_mixin.py:188} INFO - [2024-07-05T05:13:22.304+0000] {dag.py:3954} INFO - Setting next_dagrun for dag_ml_pipeline_docker_operator_v01 to None, run_after=None
[2024-07-05T05:13:22.326+0000] {processor.py:183} INFO - Processing /opt/airflow/dags/ml_pipeline_with_docker_operator.py took 0.610 seconds
[2024-07-05T05:13:53.098+0000] {processor.py:161} INFO - Started process (PID=231) to work on /opt/airflow/dags/ml_pipeline_with_docker_operator.py
[2024-07-05T05:13:53.100+0000] {processor.py:830} INFO - Processing file /opt/airflow/dags/ml_pipeline_with_docker_operator.py for tasks to queue
[2024-07-05T05:13:53.101+0000] {logging_mixin.py:188} INFO - [2024-07-05T05:13:53.101+0000] {dagbag.py:545} INFO - Filling up the DagBag from /opt/airflow/dags/ml_pipeline_with_docker_operator.py
[2024-07-05T05:13:53.114+0000] {processor.py:840} INFO - DAG(s) 'dag_ml_pipeline_docker_operator_v01' retrieved from /opt/airflow/dags/ml_pipeline_with_docker_operator.py
[2024-07-05T05:13:53.169+0000] {logging_mixin.py:188} INFO - [2024-07-05T05:13:53.169+0000] {dag.py:3096} INFO - Sync 1 DAGs
[2024-07-05T05:13:53.205+0000] {logging_mixin.py:188} INFO - [2024-07-05T05:13:53.204+0000] {dag.py:3954} INFO - Setting next_dagrun for dag_ml_pipeline_docker_operator_v01 to None, run_after=None
[2024-07-05T05:13:53.245+0000] {processor.py:183} INFO - Processing /opt/airflow/dags/ml_pipeline_with_docker_operator.py took 0.160 seconds
[2024-07-05T05:14:23.924+0000] {processor.py:161} INFO - Started process (PID=302) to work on /opt/airflow/dags/ml_pipeline_with_docker_operator.py
[2024-07-05T05:14:23.926+0000] {processor.py:830} INFO - Processing file /opt/airflow/dags/ml_pipeline_with_docker_operator.py for tasks to queue
[2024-07-05T05:14:23.928+0000] {logging_mixin.py:188} INFO - [2024-07-05T05:14:23.927+0000] {dagbag.py:545} INFO - Filling up the DagBag from /opt/airflow/dags/ml_pipeline_with_docker_operator.py
[2024-07-05T05:14:23.937+0000] {processor.py:840} INFO - DAG(s) 'dag_ml_pipeline_docker_operator_v01' retrieved from /opt/airflow/dags/ml_pipeline_with_docker_operator.py
[2024-07-05T05:14:23.957+0000] {logging_mixin.py:188} INFO - [2024-07-05T05:14:23.957+0000] {dag.py:3096} INFO - Sync 1 DAGs
[2024-07-05T05:14:23.968+0000] {logging_mixin.py:188} INFO - [2024-07-05T05:14:23.968+0000] {dag.py:3954} INFO - Setting next_dagrun for dag_ml_pipeline_docker_operator_v01 to None, run_after=None
[2024-07-05T05:14:23.986+0000] {processor.py:183} INFO - Processing /opt/airflow/dags/ml_pipeline_with_docker_operator.py took 0.071 seconds
[2024-07-05T05:14:54.630+0000] {processor.py:161} INFO - Started process (PID=363) to work on /opt/airflow/dags/ml_pipeline_with_docker_operator.py
[2024-07-05T05:14:54.633+0000] {processor.py:830} INFO - Processing file /opt/airflow/dags/ml_pipeline_with_docker_operator.py for tasks to queue
[2024-07-05T05:14:54.634+0000] {logging_mixin.py:188} INFO - [2024-07-05T05:14:54.634+0000] {dagbag.py:545} INFO - Filling up the DagBag from /opt/airflow/dags/ml_pipeline_with_docker_operator.py
[2024-07-05T05:14:54.643+0000] {processor.py:840} INFO - DAG(s) 'dag_ml_pipeline_docker_operator_v01' retrieved from /opt/airflow/dags/ml_pipeline_with_docker_operator.py
[2024-07-05T05:14:54.661+0000] {logging_mixin.py:188} INFO - [2024-07-05T05:14:54.661+0000] {dag.py:3096} INFO - Sync 1 DAGs
[2024-07-05T05:14:54.672+0000] {logging_mixin.py:188} INFO - [2024-07-05T05:14:54.671+0000] {dag.py:3954} INFO - Setting next_dagrun for dag_ml_pipeline_docker_operator_v01 to None, run_after=None
[2024-07-05T05:14:54.690+0000] {processor.py:183} INFO - Processing /opt/airflow/dags/ml_pipeline_with_docker_operator.py took 0.069 seconds
[2024-07-05T05:15:25.367+0000] {processor.py:161} INFO - Started process (PID=424) to work on /opt/airflow/dags/ml_pipeline_with_docker_operator.py
[2024-07-05T05:15:25.369+0000] {processor.py:830} INFO - Processing file /opt/airflow/dags/ml_pipeline_with_docker_operator.py for tasks to queue
[2024-07-05T05:15:25.370+0000] {logging_mixin.py:188} INFO - [2024-07-05T05:15:25.370+0000] {dagbag.py:545} INFO - Filling up the DagBag from /opt/airflow/dags/ml_pipeline_with_docker_operator.py
[2024-07-05T05:15:25.379+0000] {processor.py:840} INFO - DAG(s) 'dag_ml_pipeline_docker_operator_v01' retrieved from /opt/airflow/dags/ml_pipeline_with_docker_operator.py
[2024-07-05T05:15:25.401+0000] {logging_mixin.py:188} INFO - [2024-07-05T05:15:25.401+0000] {dag.py:3096} INFO - Sync 1 DAGs
[2024-07-05T05:15:25.412+0000] {logging_mixin.py:188} INFO - [2024-07-05T05:15:25.412+0000] {dag.py:3954} INFO - Setting next_dagrun for dag_ml_pipeline_docker_operator_v01 to None, run_after=None
[2024-07-05T05:15:25.433+0000] {processor.py:183} INFO - Processing /opt/airflow/dags/ml_pipeline_with_docker_operator.py took 0.076 seconds
[2024-07-05T05:15:56.025+0000] {processor.py:161} INFO - Started process (PID=485) to work on /opt/airflow/dags/ml_pipeline_with_docker_operator.py
[2024-07-05T05:15:56.027+0000] {processor.py:830} INFO - Processing file /opt/airflow/dags/ml_pipeline_with_docker_operator.py for tasks to queue
[2024-07-05T05:15:56.028+0000] {logging_mixin.py:188} INFO - [2024-07-05T05:15:56.028+0000] {dagbag.py:545} INFO - Filling up the DagBag from /opt/airflow/dags/ml_pipeline_with_docker_operator.py
[2024-07-05T05:15:56.037+0000] {processor.py:840} INFO - DAG(s) 'dag_ml_pipeline_docker_operator_v01' retrieved from /opt/airflow/dags/ml_pipeline_with_docker_operator.py
[2024-07-05T05:15:56.056+0000] {logging_mixin.py:188} INFO - [2024-07-05T05:15:56.056+0000] {dag.py:3096} INFO - Sync 1 DAGs
[2024-07-05T05:15:56.066+0000] {logging_mixin.py:188} INFO - [2024-07-05T05:15:56.066+0000] {dag.py:3954} INFO - Setting next_dagrun for dag_ml_pipeline_docker_operator_v01 to None, run_after=None
[2024-07-05T05:15:56.087+0000] {processor.py:183} INFO - Processing /opt/airflow/dags/ml_pipeline_with_docker_operator.py took 0.072 seconds
[2024-07-05T05:16:26.747+0000] {processor.py:161} INFO - Started process (PID=546) to work on /opt/airflow/dags/ml_pipeline_with_docker_operator.py
[2024-07-05T05:16:26.749+0000] {processor.py:830} INFO - Processing file /opt/airflow/dags/ml_pipeline_with_docker_operator.py for tasks to queue
[2024-07-05T05:16:26.751+0000] {logging_mixin.py:188} INFO - [2024-07-05T05:16:26.750+0000] {dagbag.py:545} INFO - Filling up the DagBag from /opt/airflow/dags/ml_pipeline_with_docker_operator.py
[2024-07-05T05:16:26.759+0000] {processor.py:840} INFO - DAG(s) 'dag_ml_pipeline_docker_operator_v01' retrieved from /opt/airflow/dags/ml_pipeline_with_docker_operator.py
[2024-07-05T05:16:26.779+0000] {logging_mixin.py:188} INFO - [2024-07-05T05:16:26.779+0000] {dag.py:3096} INFO - Sync 1 DAGs
[2024-07-05T05:16:26.790+0000] {logging_mixin.py:188} INFO - [2024-07-05T05:16:26.790+0000] {dag.py:3954} INFO - Setting next_dagrun for dag_ml_pipeline_docker_operator_v01 to None, run_after=None
[2024-07-05T05:16:26.808+0000] {processor.py:183} INFO - Processing /opt/airflow/dags/ml_pipeline_with_docker_operator.py took 0.071 seconds
[2024-07-05T05:16:57.446+0000] {processor.py:161} INFO - Started process (PID=607) to work on /opt/airflow/dags/ml_pipeline_with_docker_operator.py
[2024-07-05T05:16:57.446+0000] {processor.py:830} INFO - Processing file /opt/airflow/dags/ml_pipeline_with_docker_operator.py for tasks to queue
[2024-07-05T05:16:57.448+0000] {logging_mixin.py:188} INFO - [2024-07-05T05:16:57.447+0000] {dagbag.py:545} INFO - Filling up the DagBag from /opt/airflow/dags/ml_pipeline_with_docker_operator.py
[2024-07-05T05:16:57.456+0000] {processor.py:840} INFO - DAG(s) 'dag_ml_pipeline_docker_operator_v01' retrieved from /opt/airflow/dags/ml_pipeline_with_docker_operator.py
[2024-07-05T05:16:57.475+0000] {logging_mixin.py:188} INFO - [2024-07-05T05:16:57.475+0000] {dag.py:3096} INFO - Sync 1 DAGs
[2024-07-05T05:16:57.485+0000] {logging_mixin.py:188} INFO - [2024-07-05T05:16:57.485+0000] {dag.py:3954} INFO - Setting next_dagrun for dag_ml_pipeline_docker_operator_v01 to None, run_after=None
[2024-07-05T05:16:57.502+0000] {processor.py:183} INFO - Processing /opt/airflow/dags/ml_pipeline_with_docker_operator.py took 0.065 seconds
[2024-07-05T05:17:28.153+0000] {processor.py:161} INFO - Started process (PID=668) to work on /opt/airflow/dags/ml_pipeline_with_docker_operator.py
[2024-07-05T05:17:28.156+0000] {processor.py:830} INFO - Processing file /opt/airflow/dags/ml_pipeline_with_docker_operator.py for tasks to queue
[2024-07-05T05:17:28.157+0000] {logging_mixin.py:188} INFO - [2024-07-05T05:17:28.157+0000] {dagbag.py:545} INFO - Filling up the DagBag from /opt/airflow/dags/ml_pipeline_with_docker_operator.py
[2024-07-05T05:17:28.167+0000] {processor.py:840} INFO - DAG(s) 'dag_ml_pipeline_docker_operator_v01' retrieved from /opt/airflow/dags/ml_pipeline_with_docker_operator.py
[2024-07-05T05:17:28.187+0000] {logging_mixin.py:188} INFO - [2024-07-05T05:17:28.187+0000] {dag.py:3096} INFO - Sync 1 DAGs
[2024-07-05T05:17:28.198+0000] {logging_mixin.py:188} INFO - [2024-07-05T05:17:28.198+0000] {dag.py:3954} INFO - Setting next_dagrun for dag_ml_pipeline_docker_operator_v01 to None, run_after=None
[2024-07-05T05:17:28.217+0000] {processor.py:183} INFO - Processing /opt/airflow/dags/ml_pipeline_with_docker_operator.py took 0.074 seconds
[2024-07-05T05:17:48.835+0000] {processor.py:161} INFO - Started process (PID=729) to work on /opt/airflow/dags/ml_pipeline_with_docker_operator.py
[2024-07-05T05:17:48.836+0000] {processor.py:830} INFO - Processing file /opt/airflow/dags/ml_pipeline_with_docker_operator.py for tasks to queue
[2024-07-05T05:17:48.837+0000] {logging_mixin.py:188} INFO - [2024-07-05T05:17:48.837+0000] {dagbag.py:545} INFO - Filling up the DagBag from /opt/airflow/dags/ml_pipeline_with_docker_operator.py
[2024-07-05T05:17:48.850+0000] {processor.py:840} INFO - DAG(s) 'dag_ml_pipeline_docker_operator_v01' retrieved from /opt/airflow/dags/ml_pipeline_with_docker_operator.py
[2024-07-05T05:17:48.953+0000] {logging_mixin.py:188} INFO - [2024-07-05T05:17:48.953+0000] {dag.py:3096} INFO - Sync 1 DAGs
[2024-07-05T05:17:48.963+0000] {logging_mixin.py:188} INFO - [2024-07-05T05:17:48.963+0000] {dag.py:3954} INFO - Setting next_dagrun for dag_ml_pipeline_docker_operator_v01 to None, run_after=None
[2024-07-05T05:17:48.985+0000] {processor.py:183} INFO - Processing /opt/airflow/dags/ml_pipeline_with_docker_operator.py took 0.159 seconds
[2024-07-05T05:18:19.674+0000] {processor.py:161} INFO - Started process (PID=790) to work on /opt/airflow/dags/ml_pipeline_with_docker_operator.py
[2024-07-05T05:18:19.675+0000] {processor.py:830} INFO - Processing file /opt/airflow/dags/ml_pipeline_with_docker_operator.py for tasks to queue
[2024-07-05T05:18:19.677+0000] {logging_mixin.py:188} INFO - [2024-07-05T05:18:19.676+0000] {dagbag.py:545} INFO - Filling up the DagBag from /opt/airflow/dags/ml_pipeline_with_docker_operator.py
[2024-07-05T05:18:19.685+0000] {processor.py:840} INFO - DAG(s) 'dag_ml_pipeline_docker_operator_v01' retrieved from /opt/airflow/dags/ml_pipeline_with_docker_operator.py
[2024-07-05T05:18:19.705+0000] {logging_mixin.py:188} INFO - [2024-07-05T05:18:19.705+0000] {dag.py:3096} INFO - Sync 1 DAGs
[2024-07-05T05:18:19.717+0000] {logging_mixin.py:188} INFO - [2024-07-05T05:18:19.717+0000] {dag.py:3954} INFO - Setting next_dagrun for dag_ml_pipeline_docker_operator_v01 to None, run_after=None
[2024-07-05T05:18:19.737+0000] {processor.py:183} INFO - Processing /opt/airflow/dags/ml_pipeline_with_docker_operator.py took 0.072 seconds
[2024-07-05T05:18:50.377+0000] {processor.py:161} INFO - Started process (PID=851) to work on /opt/airflow/dags/ml_pipeline_with_docker_operator.py
[2024-07-05T05:18:50.380+0000] {processor.py:830} INFO - Processing file /opt/airflow/dags/ml_pipeline_with_docker_operator.py for tasks to queue
[2024-07-05T05:18:50.381+0000] {logging_mixin.py:188} INFO - [2024-07-05T05:18:50.381+0000] {dagbag.py:545} INFO - Filling up the DagBag from /opt/airflow/dags/ml_pipeline_with_docker_operator.py
[2024-07-05T05:18:50.389+0000] {processor.py:840} INFO - DAG(s) 'dag_ml_pipeline_docker_operator_v01' retrieved from /opt/airflow/dags/ml_pipeline_with_docker_operator.py
[2024-07-05T05:18:50.407+0000] {logging_mixin.py:188} INFO - [2024-07-05T05:18:50.407+0000] {dag.py:3096} INFO - Sync 1 DAGs
[2024-07-05T05:18:50.418+0000] {logging_mixin.py:188} INFO - [2024-07-05T05:18:50.418+0000] {dag.py:3954} INFO - Setting next_dagrun for dag_ml_pipeline_docker_operator_v01 to None, run_after=None
[2024-07-05T05:18:50.436+0000] {processor.py:183} INFO - Processing /opt/airflow/dags/ml_pipeline_with_docker_operator.py took 0.067 seconds
[2024-07-05T05:19:21.116+0000] {processor.py:161} INFO - Started process (PID=912) to work on /opt/airflow/dags/ml_pipeline_with_docker_operator.py
[2024-07-05T05:19:21.117+0000] {processor.py:830} INFO - Processing file /opt/airflow/dags/ml_pipeline_with_docker_operator.py for tasks to queue
[2024-07-05T05:19:21.118+0000] {logging_mixin.py:188} INFO - [2024-07-05T05:19:21.118+0000] {dagbag.py:545} INFO - Filling up the DagBag from /opt/airflow/dags/ml_pipeline_with_docker_operator.py
[2024-07-05T05:19:21.127+0000] {processor.py:840} INFO - DAG(s) 'dag_ml_pipeline_docker_operator_v01' retrieved from /opt/airflow/dags/ml_pipeline_with_docker_operator.py
[2024-07-05T05:19:21.146+0000] {logging_mixin.py:188} INFO - [2024-07-05T05:19:21.146+0000] {dag.py:3096} INFO - Sync 1 DAGs
[2024-07-05T05:19:21.157+0000] {logging_mixin.py:188} INFO - [2024-07-05T05:19:21.157+0000] {dag.py:3954} INFO - Setting next_dagrun for dag_ml_pipeline_docker_operator_v01 to None, run_after=None
[2024-07-05T05:19:21.175+0000] {processor.py:183} INFO - Processing /opt/airflow/dags/ml_pipeline_with_docker_operator.py took 0.067 seconds
[2024-07-05T05:19:51.844+0000] {processor.py:161} INFO - Started process (PID=973) to work on /opt/airflow/dags/ml_pipeline_with_docker_operator.py
[2024-07-05T05:19:51.847+0000] {processor.py:830} INFO - Processing file /opt/airflow/dags/ml_pipeline_with_docker_operator.py for tasks to queue
[2024-07-05T05:19:51.849+0000] {logging_mixin.py:188} INFO - [2024-07-05T05:19:51.849+0000] {dagbag.py:545} INFO - Filling up the DagBag from /opt/airflow/dags/ml_pipeline_with_docker_operator.py
[2024-07-05T05:19:51.859+0000] {processor.py:840} INFO - DAG(s) 'dag_ml_pipeline_docker_operator_v01' retrieved from /opt/airflow/dags/ml_pipeline_with_docker_operator.py
[2024-07-05T05:19:51.881+0000] {logging_mixin.py:188} INFO - [2024-07-05T05:19:51.881+0000] {dag.py:3096} INFO - Sync 1 DAGs
[2024-07-05T05:19:51.894+0000] {logging_mixin.py:188} INFO - [2024-07-05T05:19:51.893+0000] {dag.py:3954} INFO - Setting next_dagrun for dag_ml_pipeline_docker_operator_v01 to None, run_after=None
[2024-07-05T05:19:51.915+0000] {processor.py:183} INFO - Processing /opt/airflow/dags/ml_pipeline_with_docker_operator.py took 0.081 seconds
[2024-07-05T05:20:22.551+0000] {processor.py:161} INFO - Started process (PID=1034) to work on /opt/airflow/dags/ml_pipeline_with_docker_operator.py
[2024-07-05T05:20:22.552+0000] {processor.py:830} INFO - Processing file /opt/airflow/dags/ml_pipeline_with_docker_operator.py for tasks to queue
[2024-07-05T05:20:22.553+0000] {logging_mixin.py:188} INFO - [2024-07-05T05:20:22.553+0000] {dagbag.py:545} INFO - Filling up the DagBag from /opt/airflow/dags/ml_pipeline_with_docker_operator.py
[2024-07-05T05:20:22.562+0000] {processor.py:840} INFO - DAG(s) 'dag_ml_pipeline_docker_operator_v01' retrieved from /opt/airflow/dags/ml_pipeline_with_docker_operator.py
[2024-07-05T05:20:22.582+0000] {logging_mixin.py:188} INFO - [2024-07-05T05:20:22.581+0000] {dag.py:3096} INFO - Sync 1 DAGs
[2024-07-05T05:20:22.592+0000] {logging_mixin.py:188} INFO - [2024-07-05T05:20:22.592+0000] {dag.py:3954} INFO - Setting next_dagrun for dag_ml_pipeline_docker_operator_v01 to None, run_after=None
[2024-07-05T05:20:22.612+0000] {processor.py:183} INFO - Processing /opt/airflow/dags/ml_pipeline_with_docker_operator.py took 0.069 seconds
[2024-07-05T05:20:53.286+0000] {processor.py:161} INFO - Started process (PID=1095) to work on /opt/airflow/dags/ml_pipeline_with_docker_operator.py
[2024-07-05T05:20:53.289+0000] {processor.py:830} INFO - Processing file /opt/airflow/dags/ml_pipeline_with_docker_operator.py for tasks to queue
[2024-07-05T05:20:53.290+0000] {logging_mixin.py:188} INFO - [2024-07-05T05:20:53.290+0000] {dagbag.py:545} INFO - Filling up the DagBag from /opt/airflow/dags/ml_pipeline_with_docker_operator.py
[2024-07-05T05:20:53.299+0000] {processor.py:840} INFO - DAG(s) 'dag_ml_pipeline_docker_operator_v01' retrieved from /opt/airflow/dags/ml_pipeline_with_docker_operator.py
[2024-07-05T05:20:53.319+0000] {logging_mixin.py:188} INFO - [2024-07-05T05:20:53.318+0000] {dag.py:3096} INFO - Sync 1 DAGs
[2024-07-05T05:20:53.329+0000] {logging_mixin.py:188} INFO - [2024-07-05T05:20:53.329+0000] {dag.py:3954} INFO - Setting next_dagrun for dag_ml_pipeline_docker_operator_v01 to None, run_after=None
[2024-07-05T05:20:53.350+0000] {processor.py:183} INFO - Processing /opt/airflow/dags/ml_pipeline_with_docker_operator.py took 0.071 seconds
[2024-07-05T05:21:23.952+0000] {processor.py:161} INFO - Started process (PID=1156) to work on /opt/airflow/dags/ml_pipeline_with_docker_operator.py
[2024-07-05T05:21:23.954+0000] {processor.py:830} INFO - Processing file /opt/airflow/dags/ml_pipeline_with_docker_operator.py for tasks to queue
[2024-07-05T05:21:23.956+0000] {logging_mixin.py:188} INFO - [2024-07-05T05:21:23.955+0000] {dagbag.py:545} INFO - Filling up the DagBag from /opt/airflow/dags/ml_pipeline_with_docker_operator.py
[2024-07-05T05:21:23.966+0000] {processor.py:840} INFO - DAG(s) 'dag_ml_pipeline_docker_operator_v01' retrieved from /opt/airflow/dags/ml_pipeline_with_docker_operator.py
[2024-07-05T05:21:23.990+0000] {logging_mixin.py:188} INFO - [2024-07-05T05:21:23.990+0000] {dag.py:3096} INFO - Sync 1 DAGs
[2024-07-05T05:21:24.005+0000] {logging_mixin.py:188} INFO - [2024-07-05T05:21:24.004+0000] {dag.py:3954} INFO - Setting next_dagrun for dag_ml_pipeline_docker_operator_v01 to None, run_after=None
[2024-07-05T05:21:24.028+0000] {processor.py:183} INFO - Processing /opt/airflow/dags/ml_pipeline_with_docker_operator.py took 0.086 seconds
[2024-07-05T05:21:54.730+0000] {processor.py:161} INFO - Started process (PID=1217) to work on /opt/airflow/dags/ml_pipeline_with_docker_operator.py
[2024-07-05T05:21:54.730+0000] {processor.py:830} INFO - Processing file /opt/airflow/dags/ml_pipeline_with_docker_operator.py for tasks to queue
[2024-07-05T05:21:54.731+0000] {logging_mixin.py:188} INFO - [2024-07-05T05:21:54.731+0000] {dagbag.py:545} INFO - Filling up the DagBag from /opt/airflow/dags/ml_pipeline_with_docker_operator.py
[2024-07-05T05:21:54.739+0000] {processor.py:840} INFO - DAG(s) 'dag_ml_pipeline_docker_operator_v01' retrieved from /opt/airflow/dags/ml_pipeline_with_docker_operator.py
[2024-07-05T05:21:54.758+0000] {logging_mixin.py:188} INFO - [2024-07-05T05:21:54.758+0000] {dag.py:3096} INFO - Sync 1 DAGs
[2024-07-05T05:21:54.768+0000] {logging_mixin.py:188} INFO - [2024-07-05T05:21:54.768+0000] {dag.py:3954} INFO - Setting next_dagrun for dag_ml_pipeline_docker_operator_v01 to None, run_after=None
[2024-07-05T05:21:54.786+0000] {processor.py:183} INFO - Processing /opt/airflow/dags/ml_pipeline_with_docker_operator.py took 0.065 seconds
[2024-07-05T05:22:25.338+0000] {processor.py:161} INFO - Started process (PID=1278) to work on /opt/airflow/dags/ml_pipeline_with_docker_operator.py
[2024-07-05T05:22:25.341+0000] {processor.py:830} INFO - Processing file /opt/airflow/dags/ml_pipeline_with_docker_operator.py for tasks to queue
[2024-07-05T05:22:25.342+0000] {logging_mixin.py:188} INFO - [2024-07-05T05:22:25.342+0000] {dagbag.py:545} INFO - Filling up the DagBag from /opt/airflow/dags/ml_pipeline_with_docker_operator.py
[2024-07-05T05:22:25.350+0000] {processor.py:840} INFO - DAG(s) 'dag_ml_pipeline_docker_operator_v01' retrieved from /opt/airflow/dags/ml_pipeline_with_docker_operator.py
[2024-07-05T05:22:25.369+0000] {logging_mixin.py:188} INFO - [2024-07-05T05:22:25.369+0000] {dag.py:3096} INFO - Sync 1 DAGs
[2024-07-05T05:22:25.379+0000] {logging_mixin.py:188} INFO - [2024-07-05T05:22:25.379+0000] {dag.py:3954} INFO - Setting next_dagrun for dag_ml_pipeline_docker_operator_v01 to None, run_after=None
[2024-07-05T05:22:25.397+0000] {processor.py:183} INFO - Processing /opt/airflow/dags/ml_pipeline_with_docker_operator.py took 0.068 seconds
[2024-07-05T05:22:55.999+0000] {processor.py:161} INFO - Started process (PID=1339) to work on /opt/airflow/dags/ml_pipeline_with_docker_operator.py
[2024-07-05T05:22:56.000+0000] {processor.py:830} INFO - Processing file /opt/airflow/dags/ml_pipeline_with_docker_operator.py for tasks to queue
[2024-07-05T05:22:56.002+0000] {logging_mixin.py:188} INFO - [2024-07-05T05:22:56.001+0000] {dagbag.py:545} INFO - Filling up the DagBag from /opt/airflow/dags/ml_pipeline_with_docker_operator.py
[2024-07-05T05:22:56.011+0000] {processor.py:840} INFO - DAG(s) 'dag_ml_pipeline_docker_operator_v01' retrieved from /opt/airflow/dags/ml_pipeline_with_docker_operator.py
[2024-07-05T05:22:56.031+0000] {logging_mixin.py:188} INFO - [2024-07-05T05:22:56.030+0000] {dag.py:3096} INFO - Sync 1 DAGs
[2024-07-05T05:22:56.042+0000] {logging_mixin.py:188} INFO - [2024-07-05T05:22:56.042+0000] {dag.py:3954} INFO - Setting next_dagrun for dag_ml_pipeline_docker_operator_v01 to None, run_after=None
[2024-07-05T05:22:56.063+0000] {processor.py:183} INFO - Processing /opt/airflow/dags/ml_pipeline_with_docker_operator.py took 0.073 seconds
[2024-07-05T05:23:26.683+0000] {processor.py:161} INFO - Started process (PID=1400) to work on /opt/airflow/dags/ml_pipeline_with_docker_operator.py
[2024-07-05T05:23:26.683+0000] {processor.py:830} INFO - Processing file /opt/airflow/dags/ml_pipeline_with_docker_operator.py for tasks to queue
[2024-07-05T05:23:26.685+0000] {logging_mixin.py:188} INFO - [2024-07-05T05:23:26.684+0000] {dagbag.py:545} INFO - Filling up the DagBag from /opt/airflow/dags/ml_pipeline_with_docker_operator.py
[2024-07-05T05:23:26.693+0000] {processor.py:840} INFO - DAG(s) 'dag_ml_pipeline_docker_operator_v01' retrieved from /opt/airflow/dags/ml_pipeline_with_docker_operator.py
[2024-07-05T05:23:26.714+0000] {logging_mixin.py:188} INFO - [2024-07-05T05:23:26.713+0000] {dag.py:3096} INFO - Sync 1 DAGs
[2024-07-05T05:23:26.725+0000] {logging_mixin.py:188} INFO - [2024-07-05T05:23:26.725+0000] {dag.py:3954} INFO - Setting next_dagrun for dag_ml_pipeline_docker_operator_v01 to None, run_after=None
[2024-07-05T05:23:26.746+0000] {processor.py:183} INFO - Processing /opt/airflow/dags/ml_pipeline_with_docker_operator.py took 0.072 seconds
[2024-07-05T05:23:57.505+0000] {processor.py:161} INFO - Started process (PID=1461) to work on /opt/airflow/dags/ml_pipeline_with_docker_operator.py
[2024-07-05T05:23:57.506+0000] {processor.py:830} INFO - Processing file /opt/airflow/dags/ml_pipeline_with_docker_operator.py for tasks to queue
[2024-07-05T05:23:57.507+0000] {logging_mixin.py:188} INFO - [2024-07-05T05:23:57.507+0000] {dagbag.py:545} INFO - Filling up the DagBag from /opt/airflow/dags/ml_pipeline_with_docker_operator.py
[2024-07-05T05:23:57.515+0000] {processor.py:840} INFO - DAG(s) 'dag_ml_pipeline_docker_operator_v01' retrieved from /opt/airflow/dags/ml_pipeline_with_docker_operator.py
[2024-07-05T05:23:57.533+0000] {logging_mixin.py:188} INFO - [2024-07-05T05:23:57.533+0000] {dag.py:3096} INFO - Sync 1 DAGs
[2024-07-05T05:23:57.545+0000] {logging_mixin.py:188} INFO - [2024-07-05T05:23:57.545+0000] {dag.py:3954} INFO - Setting next_dagrun for dag_ml_pipeline_docker_operator_v01 to None, run_after=None
[2024-07-05T05:23:57.567+0000] {processor.py:183} INFO - Processing /opt/airflow/dags/ml_pipeline_with_docker_operator.py took 0.071 seconds
[2024-07-05T05:24:28.177+0000] {processor.py:161} INFO - Started process (PID=1522) to work on /opt/airflow/dags/ml_pipeline_with_docker_operator.py
[2024-07-05T05:24:28.178+0000] {processor.py:830} INFO - Processing file /opt/airflow/dags/ml_pipeline_with_docker_operator.py for tasks to queue
[2024-07-05T05:24:28.180+0000] {logging_mixin.py:188} INFO - [2024-07-05T05:24:28.179+0000] {dagbag.py:545} INFO - Filling up the DagBag from /opt/airflow/dags/ml_pipeline_with_docker_operator.py
[2024-07-05T05:24:28.188+0000] {processor.py:840} INFO - DAG(s) 'dag_ml_pipeline_docker_operator_v01' retrieved from /opt/airflow/dags/ml_pipeline_with_docker_operator.py
[2024-07-05T05:24:28.210+0000] {logging_mixin.py:188} INFO - [2024-07-05T05:24:28.210+0000] {dag.py:3096} INFO - Sync 1 DAGs
[2024-07-05T05:24:28.221+0000] {logging_mixin.py:188} INFO - [2024-07-05T05:24:28.221+0000] {dag.py:3954} INFO - Setting next_dagrun for dag_ml_pipeline_docker_operator_v01 to None, run_after=None
[2024-07-05T05:24:28.239+0000] {processor.py:183} INFO - Processing /opt/airflow/dags/ml_pipeline_with_docker_operator.py took 0.071 seconds
[2024-07-05T05:24:58.961+0000] {processor.py:161} INFO - Started process (PID=1583) to work on /opt/airflow/dags/ml_pipeline_with_docker_operator.py
[2024-07-05T05:24:58.962+0000] {processor.py:830} INFO - Processing file /opt/airflow/dags/ml_pipeline_with_docker_operator.py for tasks to queue
[2024-07-05T05:24:58.963+0000] {logging_mixin.py:188} INFO - [2024-07-05T05:24:58.963+0000] {dagbag.py:545} INFO - Filling up the DagBag from /opt/airflow/dags/ml_pipeline_with_docker_operator.py
[2024-07-05T05:24:58.972+0000] {processor.py:840} INFO - DAG(s) 'dag_ml_pipeline_docker_operator_v01' retrieved from /opt/airflow/dags/ml_pipeline_with_docker_operator.py
[2024-07-05T05:24:58.989+0000] {logging_mixin.py:188} INFO - [2024-07-05T05:24:58.989+0000] {dag.py:3096} INFO - Sync 1 DAGs
[2024-07-05T05:24:58.999+0000] {logging_mixin.py:188} INFO - [2024-07-05T05:24:58.999+0000] {dag.py:3954} INFO - Setting next_dagrun for dag_ml_pipeline_docker_operator_v01 to None, run_after=None
[2024-07-05T05:24:59.017+0000] {processor.py:183} INFO - Processing /opt/airflow/dags/ml_pipeline_with_docker_operator.py took 0.065 seconds
[2024-07-05T05:25:29.668+0000] {processor.py:161} INFO - Started process (PID=1644) to work on /opt/airflow/dags/ml_pipeline_with_docker_operator.py
[2024-07-05T05:25:29.669+0000] {processor.py:830} INFO - Processing file /opt/airflow/dags/ml_pipeline_with_docker_operator.py for tasks to queue
[2024-07-05T05:25:29.671+0000] {logging_mixin.py:188} INFO - [2024-07-05T05:25:29.670+0000] {dagbag.py:545} INFO - Filling up the DagBag from /opt/airflow/dags/ml_pipeline_with_docker_operator.py
[2024-07-05T05:25:29.679+0000] {processor.py:840} INFO - DAG(s) 'dag_ml_pipeline_docker_operator_v01' retrieved from /opt/airflow/dags/ml_pipeline_with_docker_operator.py
[2024-07-05T05:25:29.699+0000] {logging_mixin.py:188} INFO - [2024-07-05T05:25:29.699+0000] {dag.py:3096} INFO - Sync 1 DAGs
[2024-07-05T05:25:29.710+0000] {logging_mixin.py:188} INFO - [2024-07-05T05:25:29.710+0000] {dag.py:3954} INFO - Setting next_dagrun for dag_ml_pipeline_docker_operator_v01 to None, run_after=None
[2024-07-05T05:25:29.728+0000] {processor.py:183} INFO - Processing /opt/airflow/dags/ml_pipeline_with_docker_operator.py took 0.069 seconds
[2024-07-05T05:26:00.385+0000] {processor.py:161} INFO - Started process (PID=1705) to work on /opt/airflow/dags/ml_pipeline_with_docker_operator.py
[2024-07-05T05:26:00.387+0000] {processor.py:830} INFO - Processing file /opt/airflow/dags/ml_pipeline_with_docker_operator.py for tasks to queue
[2024-07-05T05:26:00.388+0000] {logging_mixin.py:188} INFO - [2024-07-05T05:26:00.388+0000] {dagbag.py:545} INFO - Filling up the DagBag from /opt/airflow/dags/ml_pipeline_with_docker_operator.py
[2024-07-05T05:26:00.396+0000] {processor.py:840} INFO - DAG(s) 'dag_ml_pipeline_docker_operator_v01' retrieved from /opt/airflow/dags/ml_pipeline_with_docker_operator.py
[2024-07-05T05:26:00.416+0000] {logging_mixin.py:188} INFO - [2024-07-05T05:26:00.416+0000] {dag.py:3096} INFO - Sync 1 DAGs
[2024-07-05T05:26:00.427+0000] {logging_mixin.py:188} INFO - [2024-07-05T05:26:00.427+0000] {dag.py:3954} INFO - Setting next_dagrun for dag_ml_pipeline_docker_operator_v01 to None, run_after=None
[2024-07-05T05:26:00.448+0000] {processor.py:183} INFO - Processing /opt/airflow/dags/ml_pipeline_with_docker_operator.py took 0.072 seconds
[2024-07-05T05:26:31.161+0000] {processor.py:161} INFO - Started process (PID=1766) to work on /opt/airflow/dags/ml_pipeline_with_docker_operator.py
[2024-07-05T05:26:31.162+0000] {processor.py:830} INFO - Processing file /opt/airflow/dags/ml_pipeline_with_docker_operator.py for tasks to queue
[2024-07-05T05:26:31.163+0000] {logging_mixin.py:188} INFO - [2024-07-05T05:26:31.163+0000] {dagbag.py:545} INFO - Filling up the DagBag from /opt/airflow/dags/ml_pipeline_with_docker_operator.py
[2024-07-05T05:26:31.172+0000] {processor.py:840} INFO - DAG(s) 'dag_ml_pipeline_docker_operator_v01' retrieved from /opt/airflow/dags/ml_pipeline_with_docker_operator.py
[2024-07-05T05:26:31.192+0000] {logging_mixin.py:188} INFO - [2024-07-05T05:26:31.192+0000] {dag.py:3096} INFO - Sync 1 DAGs
[2024-07-05T05:26:31.205+0000] {logging_mixin.py:188} INFO - [2024-07-05T05:26:31.205+0000] {dag.py:3954} INFO - Setting next_dagrun for dag_ml_pipeline_docker_operator_v01 to None, run_after=None
[2024-07-05T05:26:31.227+0000] {processor.py:183} INFO - Processing /opt/airflow/dags/ml_pipeline_with_docker_operator.py took 0.074 seconds
[2024-07-05T05:26:42.859+0000] {processor.py:161} INFO - Started process (PID=1827) to work on /opt/airflow/dags/ml_pipeline_with_docker_operator.py
[2024-07-05T05:26:42.860+0000] {processor.py:830} INFO - Processing file /opt/airflow/dags/ml_pipeline_with_docker_operator.py for tasks to queue
[2024-07-05T05:26:42.861+0000] {logging_mixin.py:188} INFO - [2024-07-05T05:26:42.861+0000] {dagbag.py:545} INFO - Filling up the DagBag from /opt/airflow/dags/ml_pipeline_with_docker_operator.py
[2024-07-05T05:26:42.871+0000] {processor.py:840} INFO - DAG(s) 'dag_ml_pipeline_docker_operator_v01' retrieved from /opt/airflow/dags/ml_pipeline_with_docker_operator.py
[2024-07-05T05:26:42.966+0000] {logging_mixin.py:188} INFO - [2024-07-05T05:26:42.966+0000] {dag.py:3096} INFO - Sync 1 DAGs
[2024-07-05T05:26:42.977+0000] {logging_mixin.py:188} INFO - [2024-07-05T05:26:42.976+0000] {dag.py:3954} INFO - Setting next_dagrun for dag_ml_pipeline_docker_operator_v01 to None, run_after=None
[2024-07-05T05:26:43.001+0000] {processor.py:183} INFO - Processing /opt/airflow/dags/ml_pipeline_with_docker_operator.py took 0.151 seconds
[2024-07-05T05:26:54.911+0000] {processor.py:161} INFO - Started process (PID=1832) to work on /opt/airflow/dags/ml_pipeline_with_docker_operator.py
[2024-07-05T05:26:54.913+0000] {processor.py:830} INFO - Processing file /opt/airflow/dags/ml_pipeline_with_docker_operator.py for tasks to queue
[2024-07-05T05:26:54.914+0000] {logging_mixin.py:188} INFO - [2024-07-05T05:26:54.914+0000] {dagbag.py:545} INFO - Filling up the DagBag from /opt/airflow/dags/ml_pipeline_with_docker_operator.py
[2024-07-05T05:26:54.925+0000] {processor.py:840} INFO - DAG(s) 'dag_ml_pipeline_docker_operator_v02' retrieved from /opt/airflow/dags/ml_pipeline_with_docker_operator.py
[2024-07-05T05:26:55.037+0000] {logging_mixin.py:188} INFO - [2024-07-05T05:26:55.036+0000] {override.py:1829} INFO - Created Permission View: can edit on DAG:dag_ml_pipeline_docker_operator_v02
[2024-07-05T05:26:55.050+0000] {logging_mixin.py:188} INFO - [2024-07-05T05:26:55.050+0000] {override.py:1829} INFO - Created Permission View: can read on DAG:dag_ml_pipeline_docker_operator_v02
[2024-07-05T05:26:55.060+0000] {logging_mixin.py:188} INFO - [2024-07-05T05:26:55.059+0000] {override.py:1829} INFO - Created Permission View: can delete on DAG:dag_ml_pipeline_docker_operator_v02
[2024-07-05T05:26:55.060+0000] {logging_mixin.py:188} INFO - [2024-07-05T05:26:55.060+0000] {dag.py:3096} INFO - Sync 1 DAGs
[2024-07-05T05:26:55.070+0000] {logging_mixin.py:188} INFO - [2024-07-05T05:26:55.070+0000] {dag.py:3118} INFO - Creating ORM DAG for dag_ml_pipeline_docker_operator_v02
[2024-07-05T05:26:55.071+0000] {logging_mixin.py:188} INFO - [2024-07-05T05:26:55.071+0000] {dag.py:3954} INFO - Setting next_dagrun for dag_ml_pipeline_docker_operator_v02 to None, run_after=None
[2024-07-05T05:26:55.089+0000] {processor.py:183} INFO - Processing /opt/airflow/dags/ml_pipeline_with_docker_operator.py took 0.186 seconds
[2024-07-05T05:27:25.770+0000] {processor.py:161} INFO - Started process (PID=1898) to work on /opt/airflow/dags/ml_pipeline_with_docker_operator.py
[2024-07-05T05:27:25.773+0000] {processor.py:830} INFO - Processing file /opt/airflow/dags/ml_pipeline_with_docker_operator.py for tasks to queue
[2024-07-05T05:27:25.774+0000] {logging_mixin.py:188} INFO - [2024-07-05T05:27:25.774+0000] {dagbag.py:545} INFO - Filling up the DagBag from /opt/airflow/dags/ml_pipeline_with_docker_operator.py
[2024-07-05T05:27:25.782+0000] {processor.py:840} INFO - DAG(s) 'dag_ml_pipeline_docker_operator_v02' retrieved from /opt/airflow/dags/ml_pipeline_with_docker_operator.py
[2024-07-05T05:27:25.801+0000] {logging_mixin.py:188} INFO - [2024-07-05T05:27:25.801+0000] {dag.py:3096} INFO - Sync 1 DAGs
[2024-07-05T05:27:25.812+0000] {logging_mixin.py:188} INFO - [2024-07-05T05:27:25.811+0000] {dag.py:3954} INFO - Setting next_dagrun for dag_ml_pipeline_docker_operator_v02 to None, run_after=None
[2024-07-05T05:27:25.830+0000] {processor.py:183} INFO - Processing /opt/airflow/dags/ml_pipeline_with_docker_operator.py took 0.068 seconds
[2024-07-05T05:27:56.317+0000] {processor.py:161} INFO - Started process (PID=1959) to work on /opt/airflow/dags/ml_pipeline_with_docker_operator.py
[2024-07-05T05:27:56.318+0000] {processor.py:830} INFO - Processing file /opt/airflow/dags/ml_pipeline_with_docker_operator.py for tasks to queue
[2024-07-05T05:27:56.319+0000] {logging_mixin.py:188} INFO - [2024-07-05T05:27:56.319+0000] {dagbag.py:545} INFO - Filling up the DagBag from /opt/airflow/dags/ml_pipeline_with_docker_operator.py
[2024-07-05T05:27:56.328+0000] {processor.py:840} INFO - DAG(s) 'dag_ml_pipeline_docker_operator_v02' retrieved from /opt/airflow/dags/ml_pipeline_with_docker_operator.py
[2024-07-05T05:27:56.347+0000] {logging_mixin.py:188} INFO - [2024-07-05T05:27:56.347+0000] {dag.py:3096} INFO - Sync 1 DAGs
[2024-07-05T05:27:56.358+0000] {logging_mixin.py:188} INFO - [2024-07-05T05:27:56.357+0000] {dag.py:3954} INFO - Setting next_dagrun for dag_ml_pipeline_docker_operator_v02 to None, run_after=None
[2024-07-05T05:27:56.377+0000] {processor.py:183} INFO - Processing /opt/airflow/dags/ml_pipeline_with_docker_operator.py took 0.068 seconds
[2024-07-05T05:28:27.015+0000] {processor.py:161} INFO - Started process (PID=2020) to work on /opt/airflow/dags/ml_pipeline_with_docker_operator.py
[2024-07-05T05:28:27.018+0000] {processor.py:830} INFO - Processing file /opt/airflow/dags/ml_pipeline_with_docker_operator.py for tasks to queue
[2024-07-05T05:28:27.019+0000] {logging_mixin.py:188} INFO - [2024-07-05T05:28:27.019+0000] {dagbag.py:545} INFO - Filling up the DagBag from /opt/airflow/dags/ml_pipeline_with_docker_operator.py
[2024-07-05T05:28:27.030+0000] {processor.py:840} INFO - DAG(s) 'dag_ml_pipeline_docker_operator_v02' retrieved from /opt/airflow/dags/ml_pipeline_with_docker_operator.py
[2024-07-05T05:28:27.051+0000] {logging_mixin.py:188} INFO - [2024-07-05T05:28:27.051+0000] {dag.py:3096} INFO - Sync 1 DAGs
[2024-07-05T05:28:27.062+0000] {logging_mixin.py:188} INFO - [2024-07-05T05:28:27.062+0000] {dag.py:3954} INFO - Setting next_dagrun for dag_ml_pipeline_docker_operator_v02 to None, run_after=None
[2024-07-05T05:28:27.082+0000] {processor.py:183} INFO - Processing /opt/airflow/dags/ml_pipeline_with_docker_operator.py took 0.075 seconds
[2024-07-05T05:28:57.604+0000] {processor.py:161} INFO - Started process (PID=2081) to work on /opt/airflow/dags/ml_pipeline_with_docker_operator.py
[2024-07-05T05:28:57.606+0000] {processor.py:830} INFO - Processing file /opt/airflow/dags/ml_pipeline_with_docker_operator.py for tasks to queue
[2024-07-05T05:28:57.607+0000] {logging_mixin.py:188} INFO - [2024-07-05T05:28:57.606+0000] {dagbag.py:545} INFO - Filling up the DagBag from /opt/airflow/dags/ml_pipeline_with_docker_operator.py
[2024-07-05T05:28:57.615+0000] {processor.py:840} INFO - DAG(s) 'dag_ml_pipeline_docker_operator_v02' retrieved from /opt/airflow/dags/ml_pipeline_with_docker_operator.py
[2024-07-05T05:28:57.635+0000] {logging_mixin.py:188} INFO - [2024-07-05T05:28:57.634+0000] {dag.py:3096} INFO - Sync 1 DAGs
[2024-07-05T05:28:57.646+0000] {logging_mixin.py:188} INFO - [2024-07-05T05:28:57.646+0000] {dag.py:3954} INFO - Setting next_dagrun for dag_ml_pipeline_docker_operator_v02 to None, run_after=None
[2024-07-05T05:28:57.666+0000] {processor.py:183} INFO - Processing /opt/airflow/dags/ml_pipeline_with_docker_operator.py took 0.071 seconds
[2024-07-05T05:29:28.322+0000] {processor.py:161} INFO - Started process (PID=2142) to work on /opt/airflow/dags/ml_pipeline_with_docker_operator.py
[2024-07-05T05:29:28.323+0000] {processor.py:830} INFO - Processing file /opt/airflow/dags/ml_pipeline_with_docker_operator.py for tasks to queue
[2024-07-05T05:29:28.323+0000] {logging_mixin.py:188} INFO - [2024-07-05T05:29:28.323+0000] {dagbag.py:545} INFO - Filling up the DagBag from /opt/airflow/dags/ml_pipeline_with_docker_operator.py
[2024-07-05T05:29:28.333+0000] {processor.py:840} INFO - DAG(s) 'dag_ml_pipeline_docker_operator_v02' retrieved from /opt/airflow/dags/ml_pipeline_with_docker_operator.py
[2024-07-05T05:29:28.351+0000] {logging_mixin.py:188} INFO - [2024-07-05T05:29:28.351+0000] {dag.py:3096} INFO - Sync 1 DAGs
[2024-07-05T05:29:28.361+0000] {logging_mixin.py:188} INFO - [2024-07-05T05:29:28.361+0000] {dag.py:3954} INFO - Setting next_dagrun for dag_ml_pipeline_docker_operator_v02 to None, run_after=None
[2024-07-05T05:29:28.383+0000] {processor.py:183} INFO - Processing /opt/airflow/dags/ml_pipeline_with_docker_operator.py took 0.069 seconds
[2024-07-05T05:29:59.023+0000] {processor.py:161} INFO - Started process (PID=2203) to work on /opt/airflow/dags/ml_pipeline_with_docker_operator.py
[2024-07-05T05:29:59.024+0000] {processor.py:830} INFO - Processing file /opt/airflow/dags/ml_pipeline_with_docker_operator.py for tasks to queue
[2024-07-05T05:29:59.025+0000] {logging_mixin.py:188} INFO - [2024-07-05T05:29:59.025+0000] {dagbag.py:545} INFO - Filling up the DagBag from /opt/airflow/dags/ml_pipeline_with_docker_operator.py
[2024-07-05T05:29:59.034+0000] {processor.py:840} INFO - DAG(s) 'dag_ml_pipeline_docker_operator_v02' retrieved from /opt/airflow/dags/ml_pipeline_with_docker_operator.py
[2024-07-05T05:29:59.054+0000] {logging_mixin.py:188} INFO - [2024-07-05T05:29:59.054+0000] {dag.py:3096} INFO - Sync 1 DAGs
[2024-07-05T05:29:59.066+0000] {logging_mixin.py:188} INFO - [2024-07-05T05:29:59.065+0000] {dag.py:3954} INFO - Setting next_dagrun for dag_ml_pipeline_docker_operator_v02 to None, run_after=None
[2024-07-05T05:29:59.086+0000] {processor.py:183} INFO - Processing /opt/airflow/dags/ml_pipeline_with_docker_operator.py took 0.071 seconds
[2024-07-05T05:30:29.729+0000] {processor.py:161} INFO - Started process (PID=2264) to work on /opt/airflow/dags/ml_pipeline_with_docker_operator.py
[2024-07-05T05:30:29.729+0000] {processor.py:830} INFO - Processing file /opt/airflow/dags/ml_pipeline_with_docker_operator.py for tasks to queue
[2024-07-05T05:30:29.730+0000] {logging_mixin.py:188} INFO - [2024-07-05T05:30:29.729+0000] {dagbag.py:545} INFO - Filling up the DagBag from /opt/airflow/dags/ml_pipeline_with_docker_operator.py
[2024-07-05T05:30:29.739+0000] {processor.py:840} INFO - DAG(s) 'dag_ml_pipeline_docker_operator_v02' retrieved from /opt/airflow/dags/ml_pipeline_with_docker_operator.py
[2024-07-05T05:30:29.756+0000] {logging_mixin.py:188} INFO - [2024-07-05T05:30:29.756+0000] {dag.py:3096} INFO - Sync 1 DAGs
[2024-07-05T05:30:29.766+0000] {logging_mixin.py:188} INFO - [2024-07-05T05:30:29.766+0000] {dag.py:3954} INFO - Setting next_dagrun for dag_ml_pipeline_docker_operator_v02 to None, run_after=None
[2024-07-05T05:30:29.783+0000] {processor.py:183} INFO - Processing /opt/airflow/dags/ml_pipeline_with_docker_operator.py took 0.063 seconds
[2024-07-05T05:31:00.337+0000] {processor.py:161} INFO - Started process (PID=2325) to work on /opt/airflow/dags/ml_pipeline_with_docker_operator.py
[2024-07-05T05:31:00.340+0000] {processor.py:830} INFO - Processing file /opt/airflow/dags/ml_pipeline_with_docker_operator.py for tasks to queue
[2024-07-05T05:31:00.341+0000] {logging_mixin.py:188} INFO - [2024-07-05T05:31:00.340+0000] {dagbag.py:545} INFO - Filling up the DagBag from /opt/airflow/dags/ml_pipeline_with_docker_operator.py
[2024-07-05T05:31:00.349+0000] {processor.py:840} INFO - DAG(s) 'dag_ml_pipeline_docker_operator_v02' retrieved from /opt/airflow/dags/ml_pipeline_with_docker_operator.py
[2024-07-05T05:31:00.368+0000] {logging_mixin.py:188} INFO - [2024-07-05T05:31:00.368+0000] {dag.py:3096} INFO - Sync 1 DAGs
[2024-07-05T05:31:00.378+0000] {logging_mixin.py:188} INFO - [2024-07-05T05:31:00.378+0000] {dag.py:3954} INFO - Setting next_dagrun for dag_ml_pipeline_docker_operator_v02 to None, run_after=None
[2024-07-05T05:31:00.396+0000] {processor.py:183} INFO - Processing /opt/airflow/dags/ml_pipeline_with_docker_operator.py took 0.068 seconds
[2024-07-05T05:31:31.114+0000] {processor.py:161} INFO - Started process (PID=2386) to work on /opt/airflow/dags/ml_pipeline_with_docker_operator.py
[2024-07-05T05:31:31.114+0000] {processor.py:830} INFO - Processing file /opt/airflow/dags/ml_pipeline_with_docker_operator.py for tasks to queue
[2024-07-05T05:31:31.115+0000] {logging_mixin.py:188} INFO - [2024-07-05T05:31:31.115+0000] {dagbag.py:545} INFO - Filling up the DagBag from /opt/airflow/dags/ml_pipeline_with_docker_operator.py
[2024-07-05T05:31:31.124+0000] {processor.py:840} INFO - DAG(s) 'dag_ml_pipeline_docker_operator_v02' retrieved from /opt/airflow/dags/ml_pipeline_with_docker_operator.py
[2024-07-05T05:31:31.142+0000] {logging_mixin.py:188} INFO - [2024-07-05T05:31:31.141+0000] {dag.py:3096} INFO - Sync 1 DAGs
[2024-07-05T05:31:31.152+0000] {logging_mixin.py:188} INFO - [2024-07-05T05:31:31.152+0000] {dag.py:3954} INFO - Setting next_dagrun for dag_ml_pipeline_docker_operator_v02 to None, run_after=None
[2024-07-05T05:31:31.170+0000] {processor.py:183} INFO - Processing /opt/airflow/dags/ml_pipeline_with_docker_operator.py took 0.065 seconds
[2024-07-05T05:32:01.754+0000] {processor.py:161} INFO - Started process (PID=2448) to work on /opt/airflow/dags/ml_pipeline_with_docker_operator.py
[2024-07-05T05:32:01.756+0000] {processor.py:830} INFO - Processing file /opt/airflow/dags/ml_pipeline_with_docker_operator.py for tasks to queue
[2024-07-05T05:32:01.757+0000] {logging_mixin.py:188} INFO - [2024-07-05T05:32:01.756+0000] {dagbag.py:545} INFO - Filling up the DagBag from /opt/airflow/dags/ml_pipeline_with_docker_operator.py
[2024-07-05T05:32:01.765+0000] {processor.py:840} INFO - DAG(s) 'dag_ml_pipeline_docker_operator_v02' retrieved from /opt/airflow/dags/ml_pipeline_with_docker_operator.py
[2024-07-05T05:32:01.784+0000] {logging_mixin.py:188} INFO - [2024-07-05T05:32:01.784+0000] {dag.py:3096} INFO - Sync 1 DAGs
[2024-07-05T05:32:01.795+0000] {logging_mixin.py:188} INFO - [2024-07-05T05:32:01.795+0000] {dag.py:3954} INFO - Setting next_dagrun for dag_ml_pipeline_docker_operator_v02 to None, run_after=None
[2024-07-05T05:32:01.815+0000] {processor.py:183} INFO - Processing /opt/airflow/dags/ml_pipeline_with_docker_operator.py took 0.069 seconds
