[2024-07-05T05:13:23.829+0000] {processor.py:161} INFO - Started process (PID=218) to work on /opt/airflow/dags/our_first_dag.py
[2024-07-05T05:13:23.830+0000] {processor.py:830} INFO - Processing file /opt/airflow/dags/our_first_dag.py for tasks to queue
[2024-07-05T05:13:23.831+0000] {logging_mixin.py:188} INFO - [2024-07-05T05:13:23.831+0000] {dagbag.py:545} INFO - Filling up the DagBag from /opt/airflow/dags/our_first_dag.py
[2024-07-05T05:13:23.839+0000] {processor.py:840} INFO - DAG(s) 'our_first_dag_v4' retrieved from /opt/airflow/dags/our_first_dag.py
[2024-07-05T05:13:23.967+0000] {logging_mixin.py:188} INFO - [2024-07-05T05:13:23.966+0000] {override.py:1829} INFO - Created Permission View: can edit on DAG:our_first_dag_v4
[2024-07-05T05:13:23.978+0000] {logging_mixin.py:188} INFO - [2024-07-05T05:13:23.978+0000] {override.py:1829} INFO - Created Permission View: can read on DAG:our_first_dag_v4
[2024-07-05T05:13:23.988+0000] {logging_mixin.py:188} INFO - [2024-07-05T05:13:23.987+0000] {override.py:1829} INFO - Created Permission View: can delete on DAG:our_first_dag_v4
[2024-07-05T05:13:23.988+0000] {logging_mixin.py:188} INFO - [2024-07-05T05:13:23.988+0000] {dag.py:3096} INFO - Sync 1 DAGs
[2024-07-05T05:13:24.001+0000] {logging_mixin.py:188} INFO - [2024-07-05T05:13:24.001+0000] {dag.py:3118} INFO - Creating ORM DAG for our_first_dag_v4
[2024-07-05T05:13:24.012+0000] {logging_mixin.py:188} INFO - [2024-07-05T05:13:24.012+0000] {dag.py:3954} INFO - Setting next_dagrun for our_first_dag_v4 to 2021-07-30 00:00:00+00:00, run_after=2021-07-31 00:00:00+00:00
[2024-07-05T05:13:24.027+0000] {processor.py:183} INFO - Processing /opt/airflow/dags/our_first_dag.py took 0.208 seconds
[2024-07-05T05:13:54.718+0000] {processor.py:161} INFO - Started process (PID=279) to work on /opt/airflow/dags/our_first_dag.py
[2024-07-05T05:13:54.719+0000] {processor.py:830} INFO - Processing file /opt/airflow/dags/our_first_dag.py for tasks to queue
[2024-07-05T05:13:54.721+0000] {logging_mixin.py:188} INFO - [2024-07-05T05:13:54.720+0000] {dagbag.py:545} INFO - Filling up the DagBag from /opt/airflow/dags/our_first_dag.py
[2024-07-05T05:13:54.728+0000] {processor.py:840} INFO - DAG(s) 'our_first_dag_v4' retrieved from /opt/airflow/dags/our_first_dag.py
[2024-07-05T05:13:54.750+0000] {logging_mixin.py:188} INFO - [2024-07-05T05:13:54.750+0000] {dag.py:3096} INFO - Sync 1 DAGs
[2024-07-05T05:13:54.769+0000] {logging_mixin.py:188} INFO - [2024-07-05T05:13:54.769+0000] {dag.py:3954} INFO - Setting next_dagrun for our_first_dag_v4 to 2021-07-30 00:00:00+00:00, run_after=2021-07-31 00:00:00+00:00
[2024-07-05T05:13:54.789+0000] {processor.py:183} INFO - Processing /opt/airflow/dags/our_first_dag.py took 0.080 seconds
[2024-07-05T05:14:25.414+0000] {processor.py:161} INFO - Started process (PID=350) to work on /opt/airflow/dags/our_first_dag.py
[2024-07-05T05:14:25.415+0000] {processor.py:830} INFO - Processing file /opt/airflow/dags/our_first_dag.py for tasks to queue
[2024-07-05T05:14:25.416+0000] {logging_mixin.py:188} INFO - [2024-07-05T05:14:25.416+0000] {dagbag.py:545} INFO - Filling up the DagBag from /opt/airflow/dags/our_first_dag.py
[2024-07-05T05:14:25.425+0000] {processor.py:840} INFO - DAG(s) 'our_first_dag_v4' retrieved from /opt/airflow/dags/our_first_dag.py
[2024-07-05T05:14:25.444+0000] {logging_mixin.py:188} INFO - [2024-07-05T05:14:25.444+0000] {dag.py:3096} INFO - Sync 1 DAGs
[2024-07-05T05:14:25.464+0000] {logging_mixin.py:188} INFO - [2024-07-05T05:14:25.464+0000] {dag.py:3954} INFO - Setting next_dagrun for our_first_dag_v4 to 2021-07-30 00:00:00+00:00, run_after=2021-07-31 00:00:00+00:00
[2024-07-05T05:14:25.483+0000] {processor.py:183} INFO - Processing /opt/airflow/dags/our_first_dag.py took 0.077 seconds
[2024-07-05T05:14:56.146+0000] {processor.py:161} INFO - Started process (PID=411) to work on /opt/airflow/dags/our_first_dag.py
[2024-07-05T05:14:56.147+0000] {processor.py:830} INFO - Processing file /opt/airflow/dags/our_first_dag.py for tasks to queue
[2024-07-05T05:14:56.148+0000] {logging_mixin.py:188} INFO - [2024-07-05T05:14:56.148+0000] {dagbag.py:545} INFO - Filling up the DagBag from /opt/airflow/dags/our_first_dag.py
[2024-07-05T05:14:56.157+0000] {processor.py:840} INFO - DAG(s) 'our_first_dag_v4' retrieved from /opt/airflow/dags/our_first_dag.py
[2024-07-05T05:14:56.178+0000] {logging_mixin.py:188} INFO - [2024-07-05T05:14:56.178+0000] {dag.py:3096} INFO - Sync 1 DAGs
[2024-07-05T05:14:56.200+0000] {logging_mixin.py:188} INFO - [2024-07-05T05:14:56.199+0000] {dag.py:3954} INFO - Setting next_dagrun for our_first_dag_v4 to 2021-07-30 00:00:00+00:00, run_after=2021-07-31 00:00:00+00:00
[2024-07-05T05:14:56.220+0000] {processor.py:183} INFO - Processing /opt/airflow/dags/our_first_dag.py took 0.084 seconds
[2024-07-05T05:15:26.897+0000] {processor.py:161} INFO - Started process (PID=472) to work on /opt/airflow/dags/our_first_dag.py
[2024-07-05T05:15:26.898+0000] {processor.py:830} INFO - Processing file /opt/airflow/dags/our_first_dag.py for tasks to queue
[2024-07-05T05:15:26.899+0000] {logging_mixin.py:188} INFO - [2024-07-05T05:15:26.899+0000] {dagbag.py:545} INFO - Filling up the DagBag from /opt/airflow/dags/our_first_dag.py
[2024-07-05T05:15:26.908+0000] {processor.py:840} INFO - DAG(s) 'our_first_dag_v4' retrieved from /opt/airflow/dags/our_first_dag.py
[2024-07-05T05:15:26.929+0000] {logging_mixin.py:188} INFO - [2024-07-05T05:15:26.928+0000] {dag.py:3096} INFO - Sync 1 DAGs
[2024-07-05T05:15:26.949+0000] {logging_mixin.py:188} INFO - [2024-07-05T05:15:26.949+0000] {dag.py:3954} INFO - Setting next_dagrun for our_first_dag_v4 to 2021-07-30 00:00:00+00:00, run_after=2021-07-31 00:00:00+00:00
[2024-07-05T05:15:26.972+0000] {processor.py:183} INFO - Processing /opt/airflow/dags/our_first_dag.py took 0.084 seconds
[2024-07-05T05:15:57.535+0000] {processor.py:161} INFO - Started process (PID=533) to work on /opt/airflow/dags/our_first_dag.py
[2024-07-05T05:15:57.535+0000] {processor.py:830} INFO - Processing file /opt/airflow/dags/our_first_dag.py for tasks to queue
[2024-07-05T05:15:57.537+0000] {logging_mixin.py:188} INFO - [2024-07-05T05:15:57.536+0000] {dagbag.py:545} INFO - Filling up the DagBag from /opt/airflow/dags/our_first_dag.py
[2024-07-05T05:15:57.544+0000] {processor.py:840} INFO - DAG(s) 'our_first_dag_v4' retrieved from /opt/airflow/dags/our_first_dag.py
[2024-07-05T05:15:57.563+0000] {logging_mixin.py:188} INFO - [2024-07-05T05:15:57.562+0000] {dag.py:3096} INFO - Sync 1 DAGs
[2024-07-05T05:15:57.582+0000] {logging_mixin.py:188} INFO - [2024-07-05T05:15:57.582+0000] {dag.py:3954} INFO - Setting next_dagrun for our_first_dag_v4 to 2021-07-30 00:00:00+00:00, run_after=2021-07-31 00:00:00+00:00
[2024-07-05T05:15:57.605+0000] {processor.py:183} INFO - Processing /opt/airflow/dags/our_first_dag.py took 0.078 seconds
[2024-07-05T05:16:28.230+0000] {processor.py:161} INFO - Started process (PID=594) to work on /opt/airflow/dags/our_first_dag.py
[2024-07-05T05:16:28.231+0000] {processor.py:830} INFO - Processing file /opt/airflow/dags/our_first_dag.py for tasks to queue
[2024-07-05T05:16:28.232+0000] {logging_mixin.py:188} INFO - [2024-07-05T05:16:28.232+0000] {dagbag.py:545} INFO - Filling up the DagBag from /opt/airflow/dags/our_first_dag.py
[2024-07-05T05:16:28.240+0000] {processor.py:840} INFO - DAG(s) 'our_first_dag_v4' retrieved from /opt/airflow/dags/our_first_dag.py
[2024-07-05T05:16:28.259+0000] {logging_mixin.py:188} INFO - [2024-07-05T05:16:28.259+0000] {dag.py:3096} INFO - Sync 1 DAGs
[2024-07-05T05:16:28.278+0000] {logging_mixin.py:188} INFO - [2024-07-05T05:16:28.278+0000] {dag.py:3954} INFO - Setting next_dagrun for our_first_dag_v4 to 2021-07-30 00:00:00+00:00, run_after=2021-07-31 00:00:00+00:00
[2024-07-05T05:16:28.298+0000] {processor.py:183} INFO - Processing /opt/airflow/dags/our_first_dag.py took 0.075 seconds
[2024-07-05T05:16:58.932+0000] {processor.py:161} INFO - Started process (PID=655) to work on /opt/airflow/dags/our_first_dag.py
[2024-07-05T05:16:58.933+0000] {processor.py:830} INFO - Processing file /opt/airflow/dags/our_first_dag.py for tasks to queue
[2024-07-05T05:16:58.934+0000] {logging_mixin.py:188} INFO - [2024-07-05T05:16:58.934+0000] {dagbag.py:545} INFO - Filling up the DagBag from /opt/airflow/dags/our_first_dag.py
[2024-07-05T05:16:58.943+0000] {processor.py:840} INFO - DAG(s) 'our_first_dag_v4' retrieved from /opt/airflow/dags/our_first_dag.py
[2024-07-05T05:16:58.963+0000] {logging_mixin.py:188} INFO - [2024-07-05T05:16:58.963+0000] {dag.py:3096} INFO - Sync 1 DAGs
[2024-07-05T05:16:58.984+0000] {logging_mixin.py:188} INFO - [2024-07-05T05:16:58.983+0000] {dag.py:3954} INFO - Setting next_dagrun for our_first_dag_v4 to 2021-07-30 00:00:00+00:00, run_after=2021-07-31 00:00:00+00:00
[2024-07-05T05:16:59.003+0000] {processor.py:183} INFO - Processing /opt/airflow/dags/our_first_dag.py took 0.080 seconds
[2024-07-05T05:17:29.762+0000] {processor.py:161} INFO - Started process (PID=716) to work on /opt/airflow/dags/our_first_dag.py
[2024-07-05T05:17:29.763+0000] {processor.py:830} INFO - Processing file /opt/airflow/dags/our_first_dag.py for tasks to queue
[2024-07-05T05:17:29.765+0000] {logging_mixin.py:188} INFO - [2024-07-05T05:17:29.765+0000] {dagbag.py:545} INFO - Filling up the DagBag from /opt/airflow/dags/our_first_dag.py
[2024-07-05T05:17:29.778+0000] {processor.py:840} INFO - DAG(s) 'our_first_dag_v4' retrieved from /opt/airflow/dags/our_first_dag.py
[2024-07-05T05:17:29.810+0000] {logging_mixin.py:188} INFO - [2024-07-05T05:17:29.810+0000] {dag.py:3096} INFO - Sync 1 DAGs
[2024-07-05T05:17:29.840+0000] {logging_mixin.py:188} INFO - [2024-07-05T05:17:29.840+0000] {dag.py:3954} INFO - Setting next_dagrun for our_first_dag_v4 to 2021-07-30 00:00:00+00:00, run_after=2021-07-31 00:00:00+00:00
[2024-07-05T05:17:29.866+0000] {processor.py:183} INFO - Processing /opt/airflow/dags/our_first_dag.py took 0.121 seconds
[2024-07-05T05:18:00.504+0000] {processor.py:161} INFO - Started process (PID=777) to work on /opt/airflow/dags/our_first_dag.py
[2024-07-05T05:18:00.505+0000] {processor.py:830} INFO - Processing file /opt/airflow/dags/our_first_dag.py for tasks to queue
[2024-07-05T05:18:00.506+0000] {logging_mixin.py:188} INFO - [2024-07-05T05:18:00.506+0000] {dagbag.py:545} INFO - Filling up the DagBag from /opt/airflow/dags/our_first_dag.py
[2024-07-05T05:18:00.514+0000] {processor.py:840} INFO - DAG(s) 'our_first_dag_v4' retrieved from /opt/airflow/dags/our_first_dag.py
[2024-07-05T05:18:00.534+0000] {logging_mixin.py:188} INFO - [2024-07-05T05:18:00.534+0000] {dag.py:3096} INFO - Sync 1 DAGs
[2024-07-05T05:18:00.554+0000] {logging_mixin.py:188} INFO - [2024-07-05T05:18:00.554+0000] {dag.py:3954} INFO - Setting next_dagrun for our_first_dag_v4 to 2021-07-30 00:00:00+00:00, run_after=2021-07-31 00:00:00+00:00
[2024-07-05T05:18:00.576+0000] {processor.py:183} INFO - Processing /opt/airflow/dags/our_first_dag.py took 0.081 seconds
[2024-07-05T05:18:31.208+0000] {processor.py:161} INFO - Started process (PID=838) to work on /opt/airflow/dags/our_first_dag.py
[2024-07-05T05:18:31.209+0000] {processor.py:830} INFO - Processing file /opt/airflow/dags/our_first_dag.py for tasks to queue
[2024-07-05T05:18:31.210+0000] {logging_mixin.py:188} INFO - [2024-07-05T05:18:31.210+0000] {dagbag.py:545} INFO - Filling up the DagBag from /opt/airflow/dags/our_first_dag.py
[2024-07-05T05:18:31.217+0000] {processor.py:840} INFO - DAG(s) 'our_first_dag_v4' retrieved from /opt/airflow/dags/our_first_dag.py
[2024-07-05T05:18:31.235+0000] {logging_mixin.py:188} INFO - [2024-07-05T05:18:31.235+0000] {dag.py:3096} INFO - Sync 1 DAGs
[2024-07-05T05:18:31.254+0000] {logging_mixin.py:188} INFO - [2024-07-05T05:18:31.253+0000] {dag.py:3954} INFO - Setting next_dagrun for our_first_dag_v4 to 2021-07-30 00:00:00+00:00, run_after=2021-07-31 00:00:00+00:00
[2024-07-05T05:18:31.276+0000] {processor.py:183} INFO - Processing /opt/airflow/dags/our_first_dag.py took 0.076 seconds
[2024-07-05T05:19:01.951+0000] {processor.py:161} INFO - Started process (PID=899) to work on /opt/airflow/dags/our_first_dag.py
[2024-07-05T05:19:01.951+0000] {processor.py:830} INFO - Processing file /opt/airflow/dags/our_first_dag.py for tasks to queue
[2024-07-05T05:19:01.953+0000] {logging_mixin.py:188} INFO - [2024-07-05T05:19:01.952+0000] {dagbag.py:545} INFO - Filling up the DagBag from /opt/airflow/dags/our_first_dag.py
[2024-07-05T05:19:01.960+0000] {processor.py:840} INFO - DAG(s) 'our_first_dag_v4' retrieved from /opt/airflow/dags/our_first_dag.py
[2024-07-05T05:19:01.979+0000] {logging_mixin.py:188} INFO - [2024-07-05T05:19:01.979+0000] {dag.py:3096} INFO - Sync 1 DAGs
[2024-07-05T05:19:01.996+0000] {logging_mixin.py:188} INFO - [2024-07-05T05:19:01.996+0000] {dag.py:3954} INFO - Setting next_dagrun for our_first_dag_v4 to 2021-07-30 00:00:00+00:00, run_after=2021-07-31 00:00:00+00:00
[2024-07-05T05:19:02.017+0000] {processor.py:183} INFO - Processing /opt/airflow/dags/our_first_dag.py took 0.074 seconds
[2024-07-05T05:19:32.670+0000] {processor.py:161} INFO - Started process (PID=960) to work on /opt/airflow/dags/our_first_dag.py
[2024-07-05T05:19:32.671+0000] {processor.py:830} INFO - Processing file /opt/airflow/dags/our_first_dag.py for tasks to queue
[2024-07-05T05:19:32.672+0000] {logging_mixin.py:188} INFO - [2024-07-05T05:19:32.672+0000] {dagbag.py:545} INFO - Filling up the DagBag from /opt/airflow/dags/our_first_dag.py
[2024-07-05T05:19:32.680+0000] {processor.py:840} INFO - DAG(s) 'our_first_dag_v4' retrieved from /opt/airflow/dags/our_first_dag.py
[2024-07-05T05:19:32.698+0000] {logging_mixin.py:188} INFO - [2024-07-05T05:19:32.698+0000] {dag.py:3096} INFO - Sync 1 DAGs
[2024-07-05T05:19:32.716+0000] {logging_mixin.py:188} INFO - [2024-07-05T05:19:32.716+0000] {dag.py:3954} INFO - Setting next_dagrun for our_first_dag_v4 to 2021-07-30 00:00:00+00:00, run_after=2021-07-31 00:00:00+00:00
[2024-07-05T05:19:32.739+0000] {processor.py:183} INFO - Processing /opt/airflow/dags/our_first_dag.py took 0.077 seconds
[2024-07-05T05:20:03.383+0000] {processor.py:161} INFO - Started process (PID=1021) to work on /opt/airflow/dags/our_first_dag.py
[2024-07-05T05:20:03.384+0000] {processor.py:830} INFO - Processing file /opt/airflow/dags/our_first_dag.py for tasks to queue
[2024-07-05T05:20:03.385+0000] {logging_mixin.py:188} INFO - [2024-07-05T05:20:03.385+0000] {dagbag.py:545} INFO - Filling up the DagBag from /opt/airflow/dags/our_first_dag.py
[2024-07-05T05:20:03.393+0000] {processor.py:840} INFO - DAG(s) 'our_first_dag_v4' retrieved from /opt/airflow/dags/our_first_dag.py
[2024-07-05T05:20:03.411+0000] {logging_mixin.py:188} INFO - [2024-07-05T05:20:03.411+0000] {dag.py:3096} INFO - Sync 1 DAGs
[2024-07-05T05:20:03.429+0000] {logging_mixin.py:188} INFO - [2024-07-05T05:20:03.429+0000] {dag.py:3954} INFO - Setting next_dagrun for our_first_dag_v4 to 2021-07-30 00:00:00+00:00, run_after=2021-07-31 00:00:00+00:00
[2024-07-05T05:20:03.450+0000] {processor.py:183} INFO - Processing /opt/airflow/dags/our_first_dag.py took 0.076 seconds
[2024-07-05T05:20:34.104+0000] {processor.py:161} INFO - Started process (PID=1082) to work on /opt/airflow/dags/our_first_dag.py
[2024-07-05T05:20:34.104+0000] {processor.py:830} INFO - Processing file /opt/airflow/dags/our_first_dag.py for tasks to queue
[2024-07-05T05:20:34.106+0000] {logging_mixin.py:188} INFO - [2024-07-05T05:20:34.105+0000] {dagbag.py:545} INFO - Filling up the DagBag from /opt/airflow/dags/our_first_dag.py
[2024-07-05T05:20:34.114+0000] {processor.py:840} INFO - DAG(s) 'our_first_dag_v4' retrieved from /opt/airflow/dags/our_first_dag.py
[2024-07-05T05:20:34.132+0000] {logging_mixin.py:188} INFO - [2024-07-05T05:20:34.132+0000] {dag.py:3096} INFO - Sync 1 DAGs
[2024-07-05T05:20:34.151+0000] {logging_mixin.py:188} INFO - [2024-07-05T05:20:34.151+0000] {dag.py:3954} INFO - Setting next_dagrun for our_first_dag_v4 to 2021-07-30 00:00:00+00:00, run_after=2021-07-31 00:00:00+00:00
[2024-07-05T05:20:34.174+0000] {processor.py:183} INFO - Processing /opt/airflow/dags/our_first_dag.py took 0.079 seconds
[2024-07-05T05:21:04.769+0000] {processor.py:161} INFO - Started process (PID=1143) to work on /opt/airflow/dags/our_first_dag.py
[2024-07-05T05:21:04.770+0000] {processor.py:830} INFO - Processing file /opt/airflow/dags/our_first_dag.py for tasks to queue
[2024-07-05T05:21:04.772+0000] {logging_mixin.py:188} INFO - [2024-07-05T05:21:04.772+0000] {dagbag.py:545} INFO - Filling up the DagBag from /opt/airflow/dags/our_first_dag.py
[2024-07-05T05:21:04.781+0000] {processor.py:840} INFO - DAG(s) 'our_first_dag_v4' retrieved from /opt/airflow/dags/our_first_dag.py
[2024-07-05T05:21:04.803+0000] {logging_mixin.py:188} INFO - [2024-07-05T05:21:04.803+0000] {dag.py:3096} INFO - Sync 1 DAGs
[2024-07-05T05:21:04.827+0000] {logging_mixin.py:188} INFO - [2024-07-05T05:21:04.826+0000] {dag.py:3954} INFO - Setting next_dagrun for our_first_dag_v4 to 2021-07-30 00:00:00+00:00, run_after=2021-07-31 00:00:00+00:00
[2024-07-05T05:21:04.848+0000] {processor.py:183} INFO - Processing /opt/airflow/dags/our_first_dag.py took 0.088 seconds
[2024-07-05T05:21:35.559+0000] {processor.py:161} INFO - Started process (PID=1204) to work on /opt/airflow/dags/our_first_dag.py
[2024-07-05T05:21:35.559+0000] {processor.py:830} INFO - Processing file /opt/airflow/dags/our_first_dag.py for tasks to queue
[2024-07-05T05:21:35.561+0000] {logging_mixin.py:188} INFO - [2024-07-05T05:21:35.560+0000] {dagbag.py:545} INFO - Filling up the DagBag from /opt/airflow/dags/our_first_dag.py
[2024-07-05T05:21:35.569+0000] {processor.py:840} INFO - DAG(s) 'our_first_dag_v4' retrieved from /opt/airflow/dags/our_first_dag.py
[2024-07-05T05:21:35.588+0000] {logging_mixin.py:188} INFO - [2024-07-05T05:21:35.587+0000] {dag.py:3096} INFO - Sync 1 DAGs
[2024-07-05T05:21:35.609+0000] {logging_mixin.py:188} INFO - [2024-07-05T05:21:35.609+0000] {dag.py:3954} INFO - Setting next_dagrun for our_first_dag_v4 to 2021-07-30 00:00:00+00:00, run_after=2021-07-31 00:00:00+00:00
[2024-07-05T05:21:35.629+0000] {processor.py:183} INFO - Processing /opt/airflow/dags/our_first_dag.py took 0.080 seconds
[2024-07-05T05:22:06.257+0000] {processor.py:161} INFO - Started process (PID=1265) to work on /opt/airflow/dags/our_first_dag.py
[2024-07-05T05:22:06.258+0000] {processor.py:830} INFO - Processing file /opt/airflow/dags/our_first_dag.py for tasks to queue
[2024-07-05T05:22:06.259+0000] {logging_mixin.py:188} INFO - [2024-07-05T05:22:06.259+0000] {dagbag.py:545} INFO - Filling up the DagBag from /opt/airflow/dags/our_first_dag.py
[2024-07-05T05:22:06.267+0000] {processor.py:840} INFO - DAG(s) 'our_first_dag_v4' retrieved from /opt/airflow/dags/our_first_dag.py
[2024-07-05T05:22:06.286+0000] {logging_mixin.py:188} INFO - [2024-07-05T05:22:06.286+0000] {dag.py:3096} INFO - Sync 1 DAGs
[2024-07-05T05:22:06.304+0000] {logging_mixin.py:188} INFO - [2024-07-05T05:22:06.304+0000] {dag.py:3954} INFO - Setting next_dagrun for our_first_dag_v4 to 2021-07-30 00:00:00+00:00, run_after=2021-07-31 00:00:00+00:00
[2024-07-05T05:22:06.324+0000] {processor.py:183} INFO - Processing /opt/airflow/dags/our_first_dag.py took 0.074 seconds
[2024-07-05T05:22:36.916+0000] {processor.py:161} INFO - Started process (PID=1326) to work on /opt/airflow/dags/our_first_dag.py
[2024-07-05T05:22:36.917+0000] {processor.py:830} INFO - Processing file /opt/airflow/dags/our_first_dag.py for tasks to queue
[2024-07-05T05:22:36.918+0000] {logging_mixin.py:188} INFO - [2024-07-05T05:22:36.917+0000] {dagbag.py:545} INFO - Filling up the DagBag from /opt/airflow/dags/our_first_dag.py
[2024-07-05T05:22:36.925+0000] {processor.py:840} INFO - DAG(s) 'our_first_dag_v4' retrieved from /opt/airflow/dags/our_first_dag.py
[2024-07-05T05:22:36.943+0000] {logging_mixin.py:188} INFO - [2024-07-05T05:22:36.943+0000] {dag.py:3096} INFO - Sync 1 DAGs
[2024-07-05T05:22:36.962+0000] {logging_mixin.py:188} INFO - [2024-07-05T05:22:36.961+0000] {dag.py:3954} INFO - Setting next_dagrun for our_first_dag_v4 to 2021-07-30 00:00:00+00:00, run_after=2021-07-31 00:00:00+00:00
[2024-07-05T05:22:36.983+0000] {processor.py:183} INFO - Processing /opt/airflow/dags/our_first_dag.py took 0.075 seconds
[2024-07-05T05:23:07.601+0000] {processor.py:161} INFO - Started process (PID=1389) to work on /opt/airflow/dags/our_first_dag.py
[2024-07-05T05:23:07.602+0000] {processor.py:830} INFO - Processing file /opt/airflow/dags/our_first_dag.py for tasks to queue
[2024-07-05T05:23:07.604+0000] {logging_mixin.py:188} INFO - [2024-07-05T05:23:07.604+0000] {dagbag.py:545} INFO - Filling up the DagBag from /opt/airflow/dags/our_first_dag.py
[2024-07-05T05:23:07.612+0000] {processor.py:840} INFO - DAG(s) 'our_first_dag_v4' retrieved from /opt/airflow/dags/our_first_dag.py
[2024-07-05T05:23:07.632+0000] {logging_mixin.py:188} INFO - [2024-07-05T05:23:07.631+0000] {dag.py:3096} INFO - Sync 1 DAGs
[2024-07-05T05:23:07.650+0000] {logging_mixin.py:188} INFO - [2024-07-05T05:23:07.650+0000] {dag.py:3954} INFO - Setting next_dagrun for our_first_dag_v4 to 2021-07-30 00:00:00+00:00, run_after=2021-07-31 00:00:00+00:00
[2024-07-05T05:23:07.669+0000] {processor.py:183} INFO - Processing /opt/airflow/dags/our_first_dag.py took 0.076 seconds
[2024-07-05T05:23:38.326+0000] {processor.py:161} INFO - Started process (PID=1454) to work on /opt/airflow/dags/our_first_dag.py
[2024-07-05T05:23:38.326+0000] {processor.py:830} INFO - Processing file /opt/airflow/dags/our_first_dag.py for tasks to queue
[2024-07-05T05:23:38.327+0000] {logging_mixin.py:188} INFO - [2024-07-05T05:23:38.327+0000] {dagbag.py:545} INFO - Filling up the DagBag from /opt/airflow/dags/our_first_dag.py
[2024-07-05T05:23:38.336+0000] {processor.py:840} INFO - DAG(s) 'our_first_dag_v4' retrieved from /opt/airflow/dags/our_first_dag.py
[2024-07-05T05:23:38.356+0000] {logging_mixin.py:188} INFO - [2024-07-05T05:23:38.356+0000] {dag.py:3096} INFO - Sync 1 DAGs
[2024-07-05T05:23:38.377+0000] {logging_mixin.py:188} INFO - [2024-07-05T05:23:38.377+0000] {dag.py:3954} INFO - Setting next_dagrun for our_first_dag_v4 to 2021-07-30 00:00:00+00:00, run_after=2021-07-31 00:00:00+00:00
[2024-07-05T05:23:38.398+0000] {processor.py:183} INFO - Processing /opt/airflow/dags/our_first_dag.py took 0.081 seconds
[2024-07-05T05:24:09.090+0000] {processor.py:161} INFO - Started process (PID=1517) to work on /opt/airflow/dags/our_first_dag.py
[2024-07-05T05:24:09.091+0000] {processor.py:830} INFO - Processing file /opt/airflow/dags/our_first_dag.py for tasks to queue
[2024-07-05T05:24:09.093+0000] {logging_mixin.py:188} INFO - [2024-07-05T05:24:09.093+0000] {dagbag.py:545} INFO - Filling up the DagBag from /opt/airflow/dags/our_first_dag.py
[2024-07-05T05:24:09.102+0000] {processor.py:840} INFO - DAG(s) 'our_first_dag_v4' retrieved from /opt/airflow/dags/our_first_dag.py
[2024-07-05T05:24:09.125+0000] {logging_mixin.py:188} INFO - [2024-07-05T05:24:09.125+0000] {dag.py:3096} INFO - Sync 1 DAGs
[2024-07-05T05:24:09.148+0000] {logging_mixin.py:188} INFO - [2024-07-05T05:24:09.148+0000] {dag.py:3954} INFO - Setting next_dagrun for our_first_dag_v4 to 2021-07-30 00:00:00+00:00, run_after=2021-07-31 00:00:00+00:00
[2024-07-05T05:24:09.172+0000] {processor.py:183} INFO - Processing /opt/airflow/dags/our_first_dag.py took 0.091 seconds
[2024-07-05T05:24:39.782+0000] {processor.py:161} INFO - Started process (PID=1576) to work on /opt/airflow/dags/our_first_dag.py
[2024-07-05T05:24:39.783+0000] {processor.py:830} INFO - Processing file /opt/airflow/dags/our_first_dag.py for tasks to queue
[2024-07-05T05:24:39.784+0000] {logging_mixin.py:188} INFO - [2024-07-05T05:24:39.784+0000] {dagbag.py:545} INFO - Filling up the DagBag from /opt/airflow/dags/our_first_dag.py
[2024-07-05T05:24:39.794+0000] {processor.py:840} INFO - DAG(s) 'our_first_dag_v4' retrieved from /opt/airflow/dags/our_first_dag.py
[2024-07-05T05:24:39.814+0000] {logging_mixin.py:188} INFO - [2024-07-05T05:24:39.814+0000] {dag.py:3096} INFO - Sync 1 DAGs
[2024-07-05T05:24:39.833+0000] {logging_mixin.py:188} INFO - [2024-07-05T05:24:39.833+0000] {dag.py:3954} INFO - Setting next_dagrun for our_first_dag_v4 to 2021-07-30 00:00:00+00:00, run_after=2021-07-31 00:00:00+00:00
[2024-07-05T05:24:39.852+0000] {processor.py:183} INFO - Processing /opt/airflow/dags/our_first_dag.py took 0.079 seconds
[2024-07-05T05:25:10.487+0000] {processor.py:161} INFO - Started process (PID=1637) to work on /opt/airflow/dags/our_first_dag.py
[2024-07-05T05:25:10.487+0000] {processor.py:830} INFO - Processing file /opt/airflow/dags/our_first_dag.py for tasks to queue
[2024-07-05T05:25:10.488+0000] {logging_mixin.py:188} INFO - [2024-07-05T05:25:10.488+0000] {dagbag.py:545} INFO - Filling up the DagBag from /opt/airflow/dags/our_first_dag.py
[2024-07-05T05:25:10.496+0000] {processor.py:840} INFO - DAG(s) 'our_first_dag_v4' retrieved from /opt/airflow/dags/our_first_dag.py
[2024-07-05T05:25:10.513+0000] {logging_mixin.py:188} INFO - [2024-07-05T05:25:10.513+0000] {dag.py:3096} INFO - Sync 1 DAGs
[2024-07-05T05:25:10.531+0000] {logging_mixin.py:188} INFO - [2024-07-05T05:25:10.531+0000] {dag.py:3954} INFO - Setting next_dagrun for our_first_dag_v4 to 2021-07-30 00:00:00+00:00, run_after=2021-07-31 00:00:00+00:00
[2024-07-05T05:25:10.550+0000] {processor.py:183} INFO - Processing /opt/airflow/dags/our_first_dag.py took 0.071 seconds
