[2024-07-05T05:13:23.571+0000] {processor.py:161} INFO - Started process (PID=208) to work on /opt/airflow/dags/xcom_dag.py
[2024-07-05T05:13:23.572+0000] {processor.py:830} INFO - Processing file /opt/airflow/dags/xcom_dag.py for tasks to queue
[2024-07-05T05:13:23.574+0000] {logging_mixin.py:188} INFO - [2024-07-05T05:13:23.573+0000] {dagbag.py:545} INFO - Filling up the DagBag from /opt/airflow/dags/xcom_dag.py
[2024-07-05T05:13:23.583+0000] {processor.py:840} INFO - DAG(s) 'xcom_dag_v03' retrieved from /opt/airflow/dags/xcom_dag.py
[2024-07-05T05:13:23.715+0000] {logging_mixin.py:188} INFO - [2024-07-05T05:13:23.714+0000] {override.py:1829} INFO - Created Permission View: can edit on DAG:xcom_dag_v03
[2024-07-05T05:13:23.733+0000] {logging_mixin.py:188} INFO - [2024-07-05T05:13:23.732+0000] {override.py:1829} INFO - Created Permission View: can read on DAG:xcom_dag_v03
[2024-07-05T05:13:23.744+0000] {logging_mixin.py:188} INFO - [2024-07-05T05:13:23.743+0000] {override.py:1829} INFO - Created Permission View: can delete on DAG:xcom_dag_v03
[2024-07-05T05:13:23.744+0000] {logging_mixin.py:188} INFO - [2024-07-05T05:13:23.744+0000] {dag.py:3096} INFO - Sync 1 DAGs
[2024-07-05T05:13:23.761+0000] {logging_mixin.py:188} INFO - [2024-07-05T05:13:23.760+0000] {dag.py:3118} INFO - Creating ORM DAG for xcom_dag_v03
[2024-07-05T05:13:23.772+0000] {logging_mixin.py:188} INFO - [2024-07-05T05:13:23.772+0000] {dag.py:3954} INFO - Setting next_dagrun for xcom_dag_v03 to 2024-06-30 00:00:00+00:00, run_after=2024-07-01 00:00:00+00:00
[2024-07-05T05:13:23.791+0000] {processor.py:183} INFO - Processing /opt/airflow/dags/xcom_dag.py took 0.233 seconds
[2024-07-05T05:13:54.618+0000] {processor.py:161} INFO - Started process (PID=271) to work on /opt/airflow/dags/xcom_dag.py
[2024-07-05T05:13:54.619+0000] {processor.py:830} INFO - Processing file /opt/airflow/dags/xcom_dag.py for tasks to queue
[2024-07-05T05:13:54.620+0000] {logging_mixin.py:188} INFO - [2024-07-05T05:13:54.620+0000] {dagbag.py:545} INFO - Filling up the DagBag from /opt/airflow/dags/xcom_dag.py
[2024-07-05T05:13:54.627+0000] {processor.py:840} INFO - DAG(s) 'xcom_dag_v03' retrieved from /opt/airflow/dags/xcom_dag.py
[2024-07-05T05:13:54.648+0000] {logging_mixin.py:188} INFO - [2024-07-05T05:13:54.647+0000] {dag.py:3096} INFO - Sync 1 DAGs
[2024-07-05T05:13:54.666+0000] {logging_mixin.py:188} INFO - [2024-07-05T05:13:54.666+0000] {dag.py:3954} INFO - Setting next_dagrun for xcom_dag_v03 to 2024-06-30 00:00:00+00:00, run_after=2024-07-01 00:00:00+00:00
[2024-07-05T05:13:54.684+0000] {processor.py:183} INFO - Processing /opt/airflow/dags/xcom_dag.py took 0.074 seconds
[2024-07-05T05:14:25.315+0000] {processor.py:161} INFO - Started process (PID=342) to work on /opt/airflow/dags/xcom_dag.py
[2024-07-05T05:14:25.316+0000] {processor.py:830} INFO - Processing file /opt/airflow/dags/xcom_dag.py for tasks to queue
[2024-07-05T05:14:25.318+0000] {logging_mixin.py:188} INFO - [2024-07-05T05:14:25.317+0000] {dagbag.py:545} INFO - Filling up the DagBag from /opt/airflow/dags/xcom_dag.py
[2024-07-05T05:14:25.326+0000] {processor.py:840} INFO - DAG(s) 'xcom_dag_v03' retrieved from /opt/airflow/dags/xcom_dag.py
[2024-07-05T05:14:25.345+0000] {logging_mixin.py:188} INFO - [2024-07-05T05:14:25.345+0000] {dag.py:3096} INFO - Sync 1 DAGs
[2024-07-05T05:14:25.363+0000] {logging_mixin.py:188} INFO - [2024-07-05T05:14:25.363+0000] {dag.py:3954} INFO - Setting next_dagrun for xcom_dag_v03 to 2024-06-30 00:00:00+00:00, run_after=2024-07-01 00:00:00+00:00
[2024-07-05T05:14:25.381+0000] {processor.py:183} INFO - Processing /opt/airflow/dags/xcom_dag.py took 0.074 seconds
[2024-07-05T05:14:56.026+0000] {processor.py:161} INFO - Started process (PID=403) to work on /opt/airflow/dags/xcom_dag.py
[2024-07-05T05:14:56.028+0000] {processor.py:830} INFO - Processing file /opt/airflow/dags/xcom_dag.py for tasks to queue
[2024-07-05T05:14:56.030+0000] {logging_mixin.py:188} INFO - [2024-07-05T05:14:56.030+0000] {dagbag.py:545} INFO - Filling up the DagBag from /opt/airflow/dags/xcom_dag.py
[2024-07-05T05:14:56.042+0000] {processor.py:840} INFO - DAG(s) 'xcom_dag_v03' retrieved from /opt/airflow/dags/xcom_dag.py
[2024-07-05T05:14:56.067+0000] {logging_mixin.py:188} INFO - [2024-07-05T05:14:56.066+0000] {dag.py:3096} INFO - Sync 1 DAGs
[2024-07-05T05:14:56.090+0000] {logging_mixin.py:188} INFO - [2024-07-05T05:14:56.089+0000] {dag.py:3954} INFO - Setting next_dagrun for xcom_dag_v03 to 2024-06-30 00:00:00+00:00, run_after=2024-07-01 00:00:00+00:00
[2024-07-05T05:14:56.110+0000] {processor.py:183} INFO - Processing /opt/airflow/dags/xcom_dag.py took 0.092 seconds
[2024-07-05T05:15:26.778+0000] {processor.py:161} INFO - Started process (PID=464) to work on /opt/airflow/dags/xcom_dag.py
[2024-07-05T05:15:26.780+0000] {processor.py:830} INFO - Processing file /opt/airflow/dags/xcom_dag.py for tasks to queue
[2024-07-05T05:15:26.781+0000] {logging_mixin.py:188} INFO - [2024-07-05T05:15:26.781+0000] {dagbag.py:545} INFO - Filling up the DagBag from /opt/airflow/dags/xcom_dag.py
[2024-07-05T05:15:26.791+0000] {processor.py:840} INFO - DAG(s) 'xcom_dag_v03' retrieved from /opt/airflow/dags/xcom_dag.py
[2024-07-05T05:15:26.814+0000] {logging_mixin.py:188} INFO - [2024-07-05T05:15:26.813+0000] {dag.py:3096} INFO - Sync 1 DAGs
[2024-07-05T05:15:26.836+0000] {logging_mixin.py:188} INFO - [2024-07-05T05:15:26.836+0000] {dag.py:3954} INFO - Setting next_dagrun for xcom_dag_v03 to 2024-06-30 00:00:00+00:00, run_after=2024-07-01 00:00:00+00:00
[2024-07-05T05:15:26.859+0000] {processor.py:183} INFO - Processing /opt/airflow/dags/xcom_dag.py took 0.090 seconds
[2024-07-05T05:15:57.436+0000] {processor.py:161} INFO - Started process (PID=525) to work on /opt/airflow/dags/xcom_dag.py
[2024-07-05T05:15:57.437+0000] {processor.py:830} INFO - Processing file /opt/airflow/dags/xcom_dag.py for tasks to queue
[2024-07-05T05:15:57.439+0000] {logging_mixin.py:188} INFO - [2024-07-05T05:15:57.438+0000] {dagbag.py:545} INFO - Filling up the DagBag from /opt/airflow/dags/xcom_dag.py
[2024-07-05T05:15:57.446+0000] {processor.py:840} INFO - DAG(s) 'xcom_dag_v03' retrieved from /opt/airflow/dags/xcom_dag.py
[2024-07-05T05:15:57.466+0000] {logging_mixin.py:188} INFO - [2024-07-05T05:15:57.466+0000] {dag.py:3096} INFO - Sync 1 DAGs
[2024-07-05T05:15:57.486+0000] {logging_mixin.py:188} INFO - [2024-07-05T05:15:57.485+0000] {dag.py:3954} INFO - Setting next_dagrun for xcom_dag_v03 to 2024-06-30 00:00:00+00:00, run_after=2024-07-01 00:00:00+00:00
[2024-07-05T05:15:57.503+0000] {processor.py:183} INFO - Processing /opt/airflow/dags/xcom_dag.py took 0.076 seconds
[2024-07-05T05:16:28.134+0000] {processor.py:161} INFO - Started process (PID=586) to work on /opt/airflow/dags/xcom_dag.py
[2024-07-05T05:16:28.135+0000] {processor.py:830} INFO - Processing file /opt/airflow/dags/xcom_dag.py for tasks to queue
[2024-07-05T05:16:28.136+0000] {logging_mixin.py:188} INFO - [2024-07-05T05:16:28.136+0000] {dagbag.py:545} INFO - Filling up the DagBag from /opt/airflow/dags/xcom_dag.py
[2024-07-05T05:16:28.144+0000] {processor.py:840} INFO - DAG(s) 'xcom_dag_v03' retrieved from /opt/airflow/dags/xcom_dag.py
[2024-07-05T05:16:28.164+0000] {logging_mixin.py:188} INFO - [2024-07-05T05:16:28.164+0000] {dag.py:3096} INFO - Sync 1 DAGs
[2024-07-05T05:16:28.182+0000] {logging_mixin.py:188} INFO - [2024-07-05T05:16:28.182+0000] {dag.py:3954} INFO - Setting next_dagrun for xcom_dag_v03 to 2024-06-30 00:00:00+00:00, run_after=2024-07-01 00:00:00+00:00
[2024-07-05T05:16:28.200+0000] {processor.py:183} INFO - Processing /opt/airflow/dags/xcom_dag.py took 0.075 seconds
[2024-07-05T05:16:58.826+0000] {processor.py:161} INFO - Started process (PID=647) to work on /opt/airflow/dags/xcom_dag.py
[2024-07-05T05:16:58.827+0000] {processor.py:830} INFO - Processing file /opt/airflow/dags/xcom_dag.py for tasks to queue
[2024-07-05T05:16:58.829+0000] {logging_mixin.py:188} INFO - [2024-07-05T05:16:58.829+0000] {dagbag.py:545} INFO - Filling up the DagBag from /opt/airflow/dags/xcom_dag.py
[2024-07-05T05:16:58.837+0000] {processor.py:840} INFO - DAG(s) 'xcom_dag_v03' retrieved from /opt/airflow/dags/xcom_dag.py
[2024-07-05T05:16:58.858+0000] {logging_mixin.py:188} INFO - [2024-07-05T05:16:58.858+0000] {dag.py:3096} INFO - Sync 1 DAGs
[2024-07-05T05:16:58.879+0000] {logging_mixin.py:188} INFO - [2024-07-05T05:16:58.879+0000] {dag.py:3954} INFO - Setting next_dagrun for xcom_dag_v03 to 2024-06-30 00:00:00+00:00, run_after=2024-07-01 00:00:00+00:00
[2024-07-05T05:16:58.898+0000] {processor.py:183} INFO - Processing /opt/airflow/dags/xcom_dag.py took 0.080 seconds
[2024-07-05T05:17:29.595+0000] {processor.py:161} INFO - Started process (PID=708) to work on /opt/airflow/dags/xcom_dag.py
[2024-07-05T05:17:29.596+0000] {processor.py:830} INFO - Processing file /opt/airflow/dags/xcom_dag.py for tasks to queue
[2024-07-05T05:17:29.598+0000] {logging_mixin.py:188} INFO - [2024-07-05T05:17:29.597+0000] {dagbag.py:545} INFO - Filling up the DagBag from /opt/airflow/dags/xcom_dag.py
[2024-07-05T05:17:29.608+0000] {processor.py:840} INFO - DAG(s) 'xcom_dag_v03' retrieved from /opt/airflow/dags/xcom_dag.py
[2024-07-05T05:17:29.640+0000] {logging_mixin.py:188} INFO - [2024-07-05T05:17:29.640+0000] {dag.py:3096} INFO - Sync 1 DAGs
[2024-07-05T05:17:29.672+0000] {logging_mixin.py:188} INFO - [2024-07-05T05:17:29.671+0000] {dag.py:3954} INFO - Setting next_dagrun for xcom_dag_v03 to 2024-06-30 00:00:00+00:00, run_after=2024-07-01 00:00:00+00:00
[2024-07-05T05:17:29.704+0000] {processor.py:183} INFO - Processing /opt/airflow/dags/xcom_dag.py took 0.121 seconds
[2024-07-05T05:18:00.401+0000] {processor.py:161} INFO - Started process (PID=769) to work on /opt/airflow/dags/xcom_dag.py
[2024-07-05T05:18:00.402+0000] {processor.py:830} INFO - Processing file /opt/airflow/dags/xcom_dag.py for tasks to queue
[2024-07-05T05:18:00.403+0000] {logging_mixin.py:188} INFO - [2024-07-05T05:18:00.403+0000] {dagbag.py:545} INFO - Filling up the DagBag from /opt/airflow/dags/xcom_dag.py
[2024-07-05T05:18:00.411+0000] {processor.py:840} INFO - DAG(s) 'xcom_dag_v03' retrieved from /opt/airflow/dags/xcom_dag.py
[2024-07-05T05:18:00.431+0000] {logging_mixin.py:188} INFO - [2024-07-05T05:18:00.431+0000] {dag.py:3096} INFO - Sync 1 DAGs
[2024-07-05T05:18:00.451+0000] {logging_mixin.py:188} INFO - [2024-07-05T05:18:00.450+0000] {dag.py:3954} INFO - Setting next_dagrun for xcom_dag_v03 to 2024-06-30 00:00:00+00:00, run_after=2024-07-01 00:00:00+00:00
[2024-07-05T05:18:00.471+0000] {processor.py:183} INFO - Processing /opt/airflow/dags/xcom_dag.py took 0.078 seconds
[2024-07-05T05:18:31.111+0000] {processor.py:161} INFO - Started process (PID=830) to work on /opt/airflow/dags/xcom_dag.py
[2024-07-05T05:18:31.112+0000] {processor.py:830} INFO - Processing file /opt/airflow/dags/xcom_dag.py for tasks to queue
[2024-07-05T05:18:31.114+0000] {logging_mixin.py:188} INFO - [2024-07-05T05:18:31.113+0000] {dagbag.py:545} INFO - Filling up the DagBag from /opt/airflow/dags/xcom_dag.py
[2024-07-05T05:18:31.121+0000] {processor.py:840} INFO - DAG(s) 'xcom_dag_v03' retrieved from /opt/airflow/dags/xcom_dag.py
[2024-07-05T05:18:31.140+0000] {logging_mixin.py:188} INFO - [2024-07-05T05:18:31.140+0000] {dag.py:3096} INFO - Sync 1 DAGs
[2024-07-05T05:18:31.159+0000] {logging_mixin.py:188} INFO - [2024-07-05T05:18:31.159+0000] {dag.py:3954} INFO - Setting next_dagrun for xcom_dag_v03 to 2024-06-30 00:00:00+00:00, run_after=2024-07-01 00:00:00+00:00
[2024-07-05T05:18:31.177+0000] {processor.py:183} INFO - Processing /opt/airflow/dags/xcom_dag.py took 0.074 seconds
[2024-07-05T05:19:01.852+0000] {processor.py:161} INFO - Started process (PID=891) to work on /opt/airflow/dags/xcom_dag.py
[2024-07-05T05:19:01.853+0000] {processor.py:830} INFO - Processing file /opt/airflow/dags/xcom_dag.py for tasks to queue
[2024-07-05T05:19:01.855+0000] {logging_mixin.py:188} INFO - [2024-07-05T05:19:01.854+0000] {dagbag.py:545} INFO - Filling up the DagBag from /opt/airflow/dags/xcom_dag.py
[2024-07-05T05:19:01.863+0000] {processor.py:840} INFO - DAG(s) 'xcom_dag_v03' retrieved from /opt/airflow/dags/xcom_dag.py
[2024-07-05T05:19:01.884+0000] {logging_mixin.py:188} INFO - [2024-07-05T05:19:01.884+0000] {dag.py:3096} INFO - Sync 1 DAGs
[2024-07-05T05:19:01.904+0000] {logging_mixin.py:188} INFO - [2024-07-05T05:19:01.904+0000] {dag.py:3954} INFO - Setting next_dagrun for xcom_dag_v03 to 2024-06-30 00:00:00+00:00, run_after=2024-07-01 00:00:00+00:00
[2024-07-05T05:19:01.922+0000] {processor.py:183} INFO - Processing /opt/airflow/dags/xcom_dag.py took 0.079 seconds
[2024-07-05T05:19:32.574+0000] {processor.py:161} INFO - Started process (PID=952) to work on /opt/airflow/dags/xcom_dag.py
[2024-07-05T05:19:32.575+0000] {processor.py:830} INFO - Processing file /opt/airflow/dags/xcom_dag.py for tasks to queue
[2024-07-05T05:19:32.577+0000] {logging_mixin.py:188} INFO - [2024-07-05T05:19:32.576+0000] {dagbag.py:545} INFO - Filling up the DagBag from /opt/airflow/dags/xcom_dag.py
[2024-07-05T05:19:32.584+0000] {processor.py:840} INFO - DAG(s) 'xcom_dag_v03' retrieved from /opt/airflow/dags/xcom_dag.py
[2024-07-05T05:19:32.604+0000] {logging_mixin.py:188} INFO - [2024-07-05T05:19:32.604+0000] {dag.py:3096} INFO - Sync 1 DAGs
[2024-07-05T05:19:32.622+0000] {logging_mixin.py:188} INFO - [2024-07-05T05:19:32.622+0000] {dag.py:3954} INFO - Setting next_dagrun for xcom_dag_v03 to 2024-06-30 00:00:00+00:00, run_after=2024-07-01 00:00:00+00:00
[2024-07-05T05:19:32.640+0000] {processor.py:183} INFO - Processing /opt/airflow/dags/xcom_dag.py took 0.073 seconds
[2024-07-05T05:20:03.287+0000] {processor.py:161} INFO - Started process (PID=1013) to work on /opt/airflow/dags/xcom_dag.py
[2024-07-05T05:20:03.288+0000] {processor.py:830} INFO - Processing file /opt/airflow/dags/xcom_dag.py for tasks to queue
[2024-07-05T05:20:03.289+0000] {logging_mixin.py:188} INFO - [2024-07-05T05:20:03.289+0000] {dagbag.py:545} INFO - Filling up the DagBag from /opt/airflow/dags/xcom_dag.py
[2024-07-05T05:20:03.297+0000] {processor.py:840} INFO - DAG(s) 'xcom_dag_v03' retrieved from /opt/airflow/dags/xcom_dag.py
[2024-07-05T05:20:03.316+0000] {logging_mixin.py:188} INFO - [2024-07-05T05:20:03.316+0000] {dag.py:3096} INFO - Sync 1 DAGs
[2024-07-05T05:20:03.334+0000] {logging_mixin.py:188} INFO - [2024-07-05T05:20:03.334+0000] {dag.py:3954} INFO - Setting next_dagrun for xcom_dag_v03 to 2024-06-30 00:00:00+00:00, run_after=2024-07-01 00:00:00+00:00
[2024-07-05T05:20:03.352+0000] {processor.py:183} INFO - Processing /opt/airflow/dags/xcom_dag.py took 0.073 seconds
[2024-07-05T05:20:34.003+0000] {processor.py:161} INFO - Started process (PID=1074) to work on /opt/airflow/dags/xcom_dag.py
[2024-07-05T05:20:34.004+0000] {processor.py:830} INFO - Processing file /opt/airflow/dags/xcom_dag.py for tasks to queue
[2024-07-05T05:20:34.005+0000] {logging_mixin.py:188} INFO - [2024-07-05T05:20:34.005+0000] {dagbag.py:545} INFO - Filling up the DagBag from /opt/airflow/dags/xcom_dag.py
[2024-07-05T05:20:34.013+0000] {processor.py:840} INFO - DAG(s) 'xcom_dag_v03' retrieved from /opt/airflow/dags/xcom_dag.py
[2024-07-05T05:20:34.033+0000] {logging_mixin.py:188} INFO - [2024-07-05T05:20:34.033+0000] {dag.py:3096} INFO - Sync 1 DAGs
[2024-07-05T05:20:34.053+0000] {logging_mixin.py:188} INFO - [2024-07-05T05:20:34.053+0000] {dag.py:3954} INFO - Setting next_dagrun for xcom_dag_v03 to 2024-06-30 00:00:00+00:00, run_after=2024-07-01 00:00:00+00:00
[2024-07-05T05:20:34.072+0000] {processor.py:183} INFO - Processing /opt/airflow/dags/xcom_dag.py took 0.078 seconds
[2024-07-05T05:21:04.658+0000] {processor.py:161} INFO - Started process (PID=1135) to work on /opt/airflow/dags/xcom_dag.py
[2024-07-05T05:21:04.659+0000] {processor.py:830} INFO - Processing file /opt/airflow/dags/xcom_dag.py for tasks to queue
[2024-07-05T05:21:04.660+0000] {logging_mixin.py:188} INFO - [2024-07-05T05:21:04.660+0000] {dagbag.py:545} INFO - Filling up the DagBag from /opt/airflow/dags/xcom_dag.py
[2024-07-05T05:21:04.669+0000] {processor.py:840} INFO - DAG(s) 'xcom_dag_v03' retrieved from /opt/airflow/dags/xcom_dag.py
[2024-07-05T05:21:04.690+0000] {logging_mixin.py:188} INFO - [2024-07-05T05:21:04.689+0000] {dag.py:3096} INFO - Sync 1 DAGs
[2024-07-05T05:21:04.712+0000] {logging_mixin.py:188} INFO - [2024-07-05T05:21:04.712+0000] {dag.py:3954} INFO - Setting next_dagrun for xcom_dag_v03 to 2024-06-30 00:00:00+00:00, run_after=2024-07-01 00:00:00+00:00
[2024-07-05T05:21:04.733+0000] {processor.py:183} INFO - Processing /opt/airflow/dags/xcom_dag.py took 0.084 seconds
[2024-07-05T05:21:35.457+0000] {processor.py:161} INFO - Started process (PID=1196) to work on /opt/airflow/dags/xcom_dag.py
[2024-07-05T05:21:35.458+0000] {processor.py:830} INFO - Processing file /opt/airflow/dags/xcom_dag.py for tasks to queue
[2024-07-05T05:21:35.459+0000] {logging_mixin.py:188} INFO - [2024-07-05T05:21:35.459+0000] {dagbag.py:545} INFO - Filling up the DagBag from /opt/airflow/dags/xcom_dag.py
[2024-07-05T05:21:35.467+0000] {processor.py:840} INFO - DAG(s) 'xcom_dag_v03' retrieved from /opt/airflow/dags/xcom_dag.py
[2024-07-05T05:21:35.488+0000] {logging_mixin.py:188} INFO - [2024-07-05T05:21:35.488+0000] {dag.py:3096} INFO - Sync 1 DAGs
[2024-07-05T05:21:35.509+0000] {logging_mixin.py:188} INFO - [2024-07-05T05:21:35.509+0000] {dag.py:3954} INFO - Setting next_dagrun for xcom_dag_v03 to 2024-06-30 00:00:00+00:00, run_after=2024-07-01 00:00:00+00:00
[2024-07-05T05:21:35.527+0000] {processor.py:183} INFO - Processing /opt/airflow/dags/xcom_dag.py took 0.079 seconds
[2024-07-05T05:22:06.163+0000] {processor.py:161} INFO - Started process (PID=1257) to work on /opt/airflow/dags/xcom_dag.py
[2024-07-05T05:22:06.163+0000] {processor.py:830} INFO - Processing file /opt/airflow/dags/xcom_dag.py for tasks to queue
[2024-07-05T05:22:06.164+0000] {logging_mixin.py:188} INFO - [2024-07-05T05:22:06.164+0000] {dagbag.py:545} INFO - Filling up the DagBag from /opt/airflow/dags/xcom_dag.py
[2024-07-05T05:22:06.172+0000] {processor.py:840} INFO - DAG(s) 'xcom_dag_v03' retrieved from /opt/airflow/dags/xcom_dag.py
[2024-07-05T05:22:06.191+0000] {logging_mixin.py:188} INFO - [2024-07-05T05:22:06.191+0000] {dag.py:3096} INFO - Sync 1 DAGs
[2024-07-05T05:22:06.209+0000] {logging_mixin.py:188} INFO - [2024-07-05T05:22:06.209+0000] {dag.py:3954} INFO - Setting next_dagrun for xcom_dag_v03 to 2024-06-30 00:00:00+00:00, run_after=2024-07-01 00:00:00+00:00
[2024-07-05T05:22:06.228+0000] {processor.py:183} INFO - Processing /opt/airflow/dags/xcom_dag.py took 0.073 seconds
[2024-07-05T05:22:36.822+0000] {processor.py:161} INFO - Started process (PID=1318) to work on /opt/airflow/dags/xcom_dag.py
[2024-07-05T05:22:36.823+0000] {processor.py:830} INFO - Processing file /opt/airflow/dags/xcom_dag.py for tasks to queue
[2024-07-05T05:22:36.824+0000] {logging_mixin.py:188} INFO - [2024-07-05T05:22:36.823+0000] {dagbag.py:545} INFO - Filling up the DagBag from /opt/airflow/dags/xcom_dag.py
[2024-07-05T05:22:36.831+0000] {processor.py:840} INFO - DAG(s) 'xcom_dag_v03' retrieved from /opt/airflow/dags/xcom_dag.py
[2024-07-05T05:22:36.850+0000] {logging_mixin.py:188} INFO - [2024-07-05T05:22:36.850+0000] {dag.py:3096} INFO - Sync 1 DAGs
[2024-07-05T05:22:36.868+0000] {logging_mixin.py:188} INFO - [2024-07-05T05:22:36.868+0000] {dag.py:3954} INFO - Setting next_dagrun for xcom_dag_v03 to 2024-06-30 00:00:00+00:00, run_after=2024-07-01 00:00:00+00:00
[2024-07-05T05:22:36.886+0000] {processor.py:183} INFO - Processing /opt/airflow/dags/xcom_dag.py took 0.072 seconds
[2024-07-05T05:23:07.504+0000] {processor.py:161} INFO - Started process (PID=1379) to work on /opt/airflow/dags/xcom_dag.py
[2024-07-05T05:23:07.505+0000] {processor.py:830} INFO - Processing file /opt/airflow/dags/xcom_dag.py for tasks to queue
[2024-07-05T05:23:07.507+0000] {logging_mixin.py:188} INFO - [2024-07-05T05:23:07.506+0000] {dagbag.py:545} INFO - Filling up the DagBag from /opt/airflow/dags/xcom_dag.py
[2024-07-05T05:23:07.515+0000] {processor.py:840} INFO - DAG(s) 'xcom_dag_v03' retrieved from /opt/airflow/dags/xcom_dag.py
[2024-07-05T05:23:07.536+0000] {logging_mixin.py:188} INFO - [2024-07-05T05:23:07.536+0000] {dag.py:3096} INFO - Sync 1 DAGs
[2024-07-05T05:23:07.556+0000] {logging_mixin.py:188} INFO - [2024-07-05T05:23:07.555+0000] {dag.py:3954} INFO - Setting next_dagrun for xcom_dag_v03 to 2024-06-30 00:00:00+00:00, run_after=2024-07-01 00:00:00+00:00
[2024-07-05T05:23:07.574+0000] {processor.py:183} INFO - Processing /opt/airflow/dags/xcom_dag.py took 0.079 seconds
[2024-07-05T05:23:38.224+0000] {processor.py:161} INFO - Started process (PID=1446) to work on /opt/airflow/dags/xcom_dag.py
[2024-07-05T05:23:38.224+0000] {processor.py:830} INFO - Processing file /opt/airflow/dags/xcom_dag.py for tasks to queue
[2024-07-05T05:23:38.226+0000] {logging_mixin.py:188} INFO - [2024-07-05T05:23:38.225+0000] {dagbag.py:545} INFO - Filling up the DagBag from /opt/airflow/dags/xcom_dag.py
[2024-07-05T05:23:38.233+0000] {processor.py:840} INFO - DAG(s) 'xcom_dag_v03' retrieved from /opt/airflow/dags/xcom_dag.py
[2024-07-05T05:23:38.253+0000] {logging_mixin.py:188} INFO - [2024-07-05T05:23:38.253+0000] {dag.py:3096} INFO - Sync 1 DAGs
[2024-07-05T05:23:38.273+0000] {logging_mixin.py:188} INFO - [2024-07-05T05:23:38.272+0000] {dag.py:3954} INFO - Setting next_dagrun for xcom_dag_v03 to 2024-06-30 00:00:00+00:00, run_after=2024-07-01 00:00:00+00:00
[2024-07-05T05:23:38.290+0000] {processor.py:183} INFO - Processing /opt/airflow/dags/xcom_dag.py took 0.075 seconds
[2024-07-05T05:24:08.974+0000] {processor.py:161} INFO - Started process (PID=1507) to work on /opt/airflow/dags/xcom_dag.py
[2024-07-05T05:24:08.976+0000] {processor.py:830} INFO - Processing file /opt/airflow/dags/xcom_dag.py for tasks to queue
[2024-07-05T05:24:08.977+0000] {logging_mixin.py:188} INFO - [2024-07-05T05:24:08.977+0000] {dagbag.py:545} INFO - Filling up the DagBag from /opt/airflow/dags/xcom_dag.py
[2024-07-05T05:24:08.986+0000] {processor.py:840} INFO - DAG(s) 'xcom_dag_v03' retrieved from /opt/airflow/dags/xcom_dag.py
[2024-07-05T05:24:09.011+0000] {logging_mixin.py:188} INFO - [2024-07-05T05:24:09.011+0000] {dag.py:3096} INFO - Sync 1 DAGs
[2024-07-05T05:24:09.035+0000] {logging_mixin.py:188} INFO - [2024-07-05T05:24:09.034+0000] {dag.py:3954} INFO - Setting next_dagrun for xcom_dag_v03 to 2024-06-30 00:00:00+00:00, run_after=2024-07-01 00:00:00+00:00
[2024-07-05T05:24:09.057+0000] {processor.py:183} INFO - Processing /opt/airflow/dags/xcom_dag.py took 0.092 seconds
[2024-07-05T05:24:39.686+0000] {processor.py:161} INFO - Started process (PID=1568) to work on /opt/airflow/dags/xcom_dag.py
[2024-07-05T05:24:39.687+0000] {processor.py:830} INFO - Processing file /opt/airflow/dags/xcom_dag.py for tasks to queue
[2024-07-05T05:24:39.688+0000] {logging_mixin.py:188} INFO - [2024-07-05T05:24:39.688+0000] {dagbag.py:545} INFO - Filling up the DagBag from /opt/airflow/dags/xcom_dag.py
[2024-07-05T05:24:39.696+0000] {processor.py:840} INFO - DAG(s) 'xcom_dag_v03' retrieved from /opt/airflow/dags/xcom_dag.py
[2024-07-05T05:24:39.715+0000] {logging_mixin.py:188} INFO - [2024-07-05T05:24:39.715+0000] {dag.py:3096} INFO - Sync 1 DAGs
[2024-07-05T05:24:39.734+0000] {logging_mixin.py:188} INFO - [2024-07-05T05:24:39.733+0000] {dag.py:3954} INFO - Setting next_dagrun for xcom_dag_v03 to 2024-06-30 00:00:00+00:00, run_after=2024-07-01 00:00:00+00:00
[2024-07-05T05:24:39.751+0000] {processor.py:183} INFO - Processing /opt/airflow/dags/xcom_dag.py took 0.073 seconds
[2024-07-05T05:25:10.392+0000] {processor.py:161} INFO - Started process (PID=1629) to work on /opt/airflow/dags/xcom_dag.py
[2024-07-05T05:25:10.393+0000] {processor.py:830} INFO - Processing file /opt/airflow/dags/xcom_dag.py for tasks to queue
[2024-07-05T05:25:10.394+0000] {logging_mixin.py:188} INFO - [2024-07-05T05:25:10.394+0000] {dagbag.py:545} INFO - Filling up the DagBag from /opt/airflow/dags/xcom_dag.py
[2024-07-05T05:25:10.401+0000] {processor.py:840} INFO - DAG(s) 'xcom_dag_v03' retrieved from /opt/airflow/dags/xcom_dag.py
[2024-07-05T05:25:10.420+0000] {logging_mixin.py:188} INFO - [2024-07-05T05:25:10.420+0000] {dag.py:3096} INFO - Sync 1 DAGs
[2024-07-05T05:25:10.439+0000] {logging_mixin.py:188} INFO - [2024-07-05T05:25:10.439+0000] {dag.py:3954} INFO - Setting next_dagrun for xcom_dag_v03 to 2024-06-30 00:00:00+00:00, run_after=2024-07-01 00:00:00+00:00
[2024-07-05T05:25:10.458+0000] {processor.py:183} INFO - Processing /opt/airflow/dags/xcom_dag.py took 0.074 seconds
