[2024-09-11T02:38:19.909+0000] {local_task_job_runner.py:120} INFO - ::group::Pre task execution logs
[2024-09-11T02:38:19.964+0000] {taskinstance.py:2076} INFO - Dependencies all met for dep_context=non-requeueable deps ti=<TaskInstance: dag_with_postgres_operator_v03.insert_into_table scheduled__2024-08-01T00:00:00+00:00 [queued]>
[2024-09-11T02:38:19.980+0000] {taskinstance.py:2076} INFO - Dependencies all met for dep_context=requeueable deps ti=<TaskInstance: dag_with_postgres_operator_v03.insert_into_table scheduled__2024-08-01T00:00:00+00:00 [queued]>
[2024-09-11T02:38:19.990+0000] {taskinstance.py:2306} INFO - Starting attempt 1 of 6
[2024-09-11T02:38:20.141+0000] {taskinstance.py:2330} INFO - Executing <Task(PostgresOperator): insert_into_table> on 2024-08-01 00:00:00+00:00
[2024-09-11T02:38:20.157+0000] {logging_mixin.py:188} WARNING - /home/***/.local/lib/python3.12/site-packages/***/task/task_runner/standard_task_runner.py:61 DeprecationWarning: This process (pid=18306) is multi-threaded, use of fork() may lead to deadlocks in the child.
[2024-09-11T02:38:20.159+0000] {standard_task_runner.py:63} INFO - Started process 18313 to run task
[2024-09-11T02:38:20.168+0000] {standard_task_runner.py:90} INFO - Running: ['***', 'tasks', 'run', 'dag_with_postgres_operator_v03', 'insert_into_table', 'scheduled__2024-08-01T00:00:00+00:00', '--job-id', '4046', '--raw', '--subdir', 'DAGS_FOLDER/13_dag_with_postgres_operator.py', '--cfg-path', '/tmp/tmp2tgldqx0']
[2024-09-11T02:38:20.170+0000] {standard_task_runner.py:91} INFO - Job 4046: Subtask insert_into_table
[2024-09-11T02:38:20.259+0000] {task_command.py:426} INFO - Running <TaskInstance: dag_with_postgres_operator_v03.insert_into_table scheduled__2024-08-01T00:00:00+00:00 [running]> on host 0359316e7bd1
[2024-09-11T02:38:20.429+0000] {taskinstance.py:2648} INFO - Exporting env vars: AIRFLOW_CTX_DAG_OWNER='vohoang' AIRFLOW_CTX_DAG_ID='dag_with_postgres_operator_v03' AIRFLOW_CTX_TASK_ID='insert_into_table' AIRFLOW_CTX_EXECUTION_DATE='2024-08-01T00:00:00+00:00' AIRFLOW_CTX_TRY_NUMBER='1' AIRFLOW_CTX_DAG_RUN_ID='scheduled__2024-08-01T00:00:00+00:00'
[2024-09-11T02:38:20.430+0000] {taskinstance.py:430} INFO - ::endgroup::
[2024-09-11T02:38:20.468+0000] {sql.py:276} INFO - Executing: 
            insert into dag_runs (dt, dag_id) values ('2024-08-01', 'dag_with_postgres_operator_v03')
        
[2024-09-11T02:38:20.480+0000] {base.py:84} INFO - Using connection ID 'postgres_localhost' for task execution.
[2024-09-11T02:38:20.499+0000] {base.py:84} INFO - Using connection ID 'postgres_localhost' for task execution.
[2024-09-11T02:38:20.514+0000] {sql.py:487} INFO - Running statement: 
            insert into dag_runs (dt, dag_id) values ('2024-08-01', 'dag_with_postgres_operator_v03')
        , parameters: None
[2024-09-11T02:38:20.522+0000] {sql.py:496} INFO - Rows affected: 1
[2024-09-11T02:38:20.536+0000] {taskinstance.py:441} INFO - ::group::Post task execution logs
[2024-09-11T02:38:20.555+0000] {taskinstance.py:1206} INFO - Marking task as SUCCESS. dag_id=dag_with_postgres_operator_v03, task_id=insert_into_table, run_id=scheduled__2024-08-01T00:00:00+00:00, execution_date=20240801T000000, start_date=20240911T023819, end_date=20240911T023820
[2024-09-11T02:38:20.744+0000] {local_task_job_runner.py:240} INFO - Task exited with return code 0
[2024-09-11T02:38:20.782+0000] {taskinstance.py:3503} INFO - 0 downstream tasks scheduled from follow-on schedule check
[2024-09-11T02:38:20.795+0000] {local_task_job_runner.py:222} INFO - ::endgroup::
