[2024-09-11T01:57:52.937+0000] {local_task_job_runner.py:120} INFO - ::group::Pre task execution logs
[2024-09-11T01:57:52.982+0000] {taskinstance.py:2076} INFO - Dependencies all met for dep_context=non-requeueable deps ti=<TaskInstance: our_first_dag_v4.third_task scheduled__2024-02-10T00:00:00+00:00 [queued]>
[2024-09-11T01:57:53.000+0000] {taskinstance.py:2076} INFO - Dependencies all met for dep_context=requeueable deps ti=<TaskInstance: our_first_dag_v4.third_task scheduled__2024-02-10T00:00:00+00:00 [queued]>
[2024-09-11T01:57:53.001+0000] {taskinstance.py:2306} INFO - Starting attempt 1 of 6
[2024-09-11T01:57:53.035+0000] {taskinstance.py:2330} INFO - Executing <Task(BashOperator): third_task> on 2024-02-10 00:00:00+00:00
[2024-09-11T01:57:53.049+0000] {logging_mixin.py:188} WARNING - /home/***/.local/lib/python3.12/site-packages/***/task/task_runner/standard_task_runner.py:61 DeprecationWarning: This process (pid=10792) is multi-threaded, use of fork() may lead to deadlocks in the child.
[2024-09-11T01:57:53.049+0000] {standard_task_runner.py:90} INFO - Running: ['***', 'tasks', 'run', 'our_first_dag_v4', 'third_task', 'scheduled__2024-02-10T00:00:00+00:00', '--job-id', '2860', '--raw', '--subdir', 'DAGS_FOLDER/7. our_first_dag.py', '--cfg-path', '/tmp/tmptx7i9a10']
[2024-09-11T01:57:53.053+0000] {standard_task_runner.py:91} INFO - Job 2860: Subtask third_task
[2024-09-11T01:57:53.053+0000] {standard_task_runner.py:63} INFO - Started process 10810 to run task
[2024-09-11T01:57:53.170+0000] {task_command.py:426} INFO - Running <TaskInstance: our_first_dag_v4.third_task scheduled__2024-02-10T00:00:00+00:00 [running]> on host 0359316e7bd1
[2024-09-11T01:57:53.354+0000] {taskinstance.py:2648} INFO - Exporting env vars: AIRFLOW_CTX_DAG_OWNER='vohoang' AIRFLOW_CTX_DAG_ID='our_first_dag_v4' AIRFLOW_CTX_TASK_ID='third_task' AIRFLOW_CTX_EXECUTION_DATE='2024-02-10T00:00:00+00:00' AIRFLOW_CTX_TRY_NUMBER='1' AIRFLOW_CTX_DAG_RUN_ID='scheduled__2024-02-10T00:00:00+00:00'
[2024-09-11T01:57:53.358+0000] {taskinstance.py:430} INFO - ::endgroup::
[2024-09-11T01:57:53.360+0000] {subprocess.py:63} INFO - Tmp dir root location: /tmp
[2024-09-11T01:57:53.362+0000] {subprocess.py:75} INFO - Running command: ['/usr/bin/bash', '-c', 'echo "hey, I am task3 and will be running after task 1"']
[2024-09-11T01:57:53.383+0000] {subprocess.py:86} INFO - Output:
[2024-09-11T01:57:53.385+0000] {subprocess.py:93} INFO - hey, I am task3 and will be running after task 1
[2024-09-11T01:57:53.387+0000] {subprocess.py:97} INFO - Command exited with return code 0
[2024-09-11T01:57:53.388+0000] {taskinstance.py:441} INFO - ::group::Post task execution logs
[2024-09-11T01:57:53.434+0000] {taskinstance.py:1206} INFO - Marking task as SUCCESS. dag_id=our_first_dag_v4, task_id=third_task, run_id=scheduled__2024-02-10T00:00:00+00:00, execution_date=20240210T000000, start_date=20240911T015752, end_date=20240911T015753
[2024-09-11T01:57:53.475+0000] {local_task_job_runner.py:240} INFO - Task exited with return code 0
[2024-09-11T01:57:53.489+0000] {local_task_job_runner.py:222} INFO - ::endgroup::
