[2024-07-05T05:14:10.798+0000] {local_task_job_runner.py:120} INFO - ::group::Pre task execution logs
[2024-07-05T05:14:10.832+0000] {taskinstance.py:2076} INFO - Dependencies all met for dep_context=non-requeueable deps ti=<TaskInstance: dag_ml_pipeline_docker_operator_v01.faked_dataset_creation_task manual__2024-07-05T05:14:09.627485+00:00 [queued]>
[2024-07-05T05:14:10.842+0000] {taskinstance.py:2076} INFO - Dependencies all met for dep_context=requeueable deps ti=<TaskInstance: dag_ml_pipeline_docker_operator_v01.faked_dataset_creation_task manual__2024-07-05T05:14:09.627485+00:00 [queued]>
[2024-07-05T05:14:10.842+0000] {taskinstance.py:2306} INFO - Starting attempt 1 of 1
[2024-07-05T05:14:10.861+0000] {taskinstance.py:2330} INFO - Executing <Task(BashOperator): faked_dataset_creation_task> on 2024-07-05 05:14:09.627485+00:00
[2024-07-05T05:14:10.867+0000] {standard_task_runner.py:90} INFO - Running: ['***', 'tasks', 'run', 'dag_ml_pipeline_docker_operator_v01', 'faked_dataset_creation_task', 'manual__2024-07-05T05:14:09.627485+00:00', '--job-id', '5', '--raw', '--subdir', 'DAGS_FOLDER/ml_pipeline_with_docker_operator.py', '--cfg-path', '/tmp/tmpe0k839np']
[2024-07-05T05:14:10.869+0000] {standard_task_runner.py:91} INFO - Job 5: Subtask faked_dataset_creation_task
[2024-07-05T05:14:10.871+0000] {logging_mixin.py:188} WARNING - /home/***/.local/lib/python3.12/site-packages/***/task/task_runner/standard_task_runner.py:61 DeprecationWarning: This process (pid=297) is multi-threaded, use of fork() may lead to deadlocks in the child.
[2024-07-05T05:14:10.872+0000] {standard_task_runner.py:63} INFO - Started process 298 to run task
[2024-07-05T05:14:10.913+0000] {task_command.py:426} INFO - Running <TaskInstance: dag_ml_pipeline_docker_operator_v01.faked_dataset_creation_task manual__2024-07-05T05:14:09.627485+00:00 [running]> on host 339cc03d645e
[2024-07-05T05:14:11.001+0000] {taskinstance.py:2648} INFO - Exporting env vars: AIRFLOW_CTX_DAG_OWNER='coder2j' AIRFLOW_CTX_DAG_ID='dag_ml_pipeline_docker_operator_v01' AIRFLOW_CTX_TASK_ID='faked_dataset_creation_task' AIRFLOW_CTX_EXECUTION_DATE='2024-07-05T05:14:09.627485+00:00' AIRFLOW_CTX_TRY_NUMBER='1' AIRFLOW_CTX_DAG_RUN_ID='manual__2024-07-05T05:14:09.627485+00:00'
[2024-07-05T05:14:11.001+0000] {taskinstance.py:430} INFO - ::endgroup::
[2024-07-05T05:14:11.016+0000] {subprocess.py:63} INFO - Tmp dir root location: /tmp
[2024-07-05T05:14:11.017+0000] {subprocess.py:75} INFO - Running command: ['/usr/bin/bash', '-c', '\necho "Hey the dataset is ready, let\'s trigger the training process"']
[2024-07-05T05:14:11.026+0000] {subprocess.py:86} INFO - Output:
[2024-07-05T05:14:11.028+0000] {subprocess.py:93} INFO - Hey the dataset is ready, let's trigger the training process
[2024-07-05T05:14:11.028+0000] {subprocess.py:97} INFO - Command exited with return code 0
[2024-07-05T05:14:11.029+0000] {taskinstance.py:441} INFO - ::group::Post task execution logs
[2024-07-05T05:14:11.053+0000] {taskinstance.py:1206} INFO - Marking task as SUCCESS. dag_id=dag_ml_pipeline_docker_operator_v01, task_id=faked_dataset_creation_task, run_id=manual__2024-07-05T05:14:09.627485+00:00, execution_date=20240705T051409, start_date=20240705T051410, end_date=20240705T051411
[2024-07-05T05:14:11.085+0000] {local_task_job_runner.py:240} INFO - Task exited with return code 0
[2024-07-05T05:14:11.105+0000] {taskinstance.py:3503} INFO - 1 downstream tasks scheduled from follow-on schedule check
[2024-07-05T05:14:11.110+0000] {local_task_job_runner.py:222} INFO - ::endgroup::
