[2024-09-11T01:53:21.595+0000] {local_task_job_runner.py:120} INFO - ::group::Pre task execution logs
[2024-09-11T01:53:21.652+0000] {taskinstance.py:2076} INFO - Dependencies all met for dep_context=non-requeueable deps ti=<TaskInstance: our_first_dag_v4.third_task scheduled__2022-11-10T00:00:00+00:00 [queued]>
[2024-09-11T01:53:21.670+0000] {taskinstance.py:2076} INFO - Dependencies all met for dep_context=requeueable deps ti=<TaskInstance: our_first_dag_v4.third_task scheduled__2022-11-10T00:00:00+00:00 [queued]>
[2024-09-11T01:53:21.671+0000] {taskinstance.py:2306} INFO - Starting attempt 1 of 6
[2024-09-11T01:53:21.710+0000] {taskinstance.py:2330} INFO - Executing <Task(BashOperator): third_task> on 2022-11-10 00:00:00+00:00
[2024-09-11T01:53:21.721+0000] {logging_mixin.py:188} WARNING - /home/***/.local/lib/python3.12/site-packages/***/task/task_runner/standard_task_runner.py:61 DeprecationWarning: This process (pid=6197) is multi-threaded, use of fork() may lead to deadlocks in the child.
[2024-09-11T01:53:21.727+0000] {standard_task_runner.py:63} INFO - Started process 6211 to run task
[2024-09-11T01:53:21.720+0000] {standard_task_runner.py:90} INFO - Running: ['***', 'tasks', 'run', 'our_first_dag_v4', 'third_task', 'scheduled__2022-11-10T00:00:00+00:00', '--job-id', '1485', '--raw', '--subdir', 'DAGS_FOLDER/our_first_dag.py', '--cfg-path', '/tmp/tmp8y214y9e']
[2024-09-11T01:53:21.746+0000] {standard_task_runner.py:91} INFO - Job 1485: Subtask third_task
[2024-09-11T01:53:21.839+0000] {task_command.py:426} INFO - Running <TaskInstance: our_first_dag_v4.third_task scheduled__2022-11-10T00:00:00+00:00 [running]> on host 0359316e7bd1
[2024-09-11T01:53:22.028+0000] {taskinstance.py:2648} INFO - Exporting env vars: AIRFLOW_CTX_DAG_OWNER='vohoang' AIRFLOW_CTX_DAG_ID='our_first_dag_v4' AIRFLOW_CTX_TASK_ID='third_task' AIRFLOW_CTX_EXECUTION_DATE='2022-11-10T00:00:00+00:00' AIRFLOW_CTX_TRY_NUMBER='1' AIRFLOW_CTX_DAG_RUN_ID='scheduled__2022-11-10T00:00:00+00:00'
[2024-09-11T01:53:22.029+0000] {taskinstance.py:430} INFO - ::endgroup::
[2024-09-11T01:53:22.084+0000] {subprocess.py:63} INFO - Tmp dir root location: /tmp
[2024-09-11T01:53:22.086+0000] {subprocess.py:75} INFO - Running command: ['/usr/bin/bash', '-c', 'echo "hey, I am task3 and will be running after task 1"']
[2024-09-11T01:53:22.107+0000] {subprocess.py:86} INFO - Output:
[2024-09-11T01:53:22.111+0000] {subprocess.py:93} INFO - hey, I am task3 and will be running after task 1
[2024-09-11T01:53:22.112+0000] {subprocess.py:97} INFO - Command exited with return code 0
[2024-09-11T01:53:22.114+0000] {taskinstance.py:441} INFO - ::group::Post task execution logs
[2024-09-11T01:53:22.184+0000] {taskinstance.py:1206} INFO - Marking task as SUCCESS. dag_id=our_first_dag_v4, task_id=third_task, run_id=scheduled__2022-11-10T00:00:00+00:00, execution_date=20221110T000000, start_date=20240911T015321, end_date=20240911T015322
[2024-09-11T01:53:22.239+0000] {local_task_job_runner.py:240} INFO - Task exited with return code 0
[2024-09-11T01:53:22.263+0000] {taskinstance.py:3503} INFO - 0 downstream tasks scheduled from follow-on schedule check
[2024-09-11T01:53:22.277+0000] {local_task_job_runner.py:222} INFO - ::endgroup::
