[2024-09-11T01:53:55.288+0000] {local_task_job_runner.py:120} INFO - ::group::Pre task execution logs
[2024-09-11T01:53:55.340+0000] {taskinstance.py:2076} INFO - Dependencies all met for dep_context=non-requeueable deps ti=<TaskInstance: our_first_dag_v4.first_task scheduled__2023-01-21T00:00:00+00:00 [queued]>
[2024-09-11T01:53:55.354+0000] {taskinstance.py:2076} INFO - Dependencies all met for dep_context=requeueable deps ti=<TaskInstance: our_first_dag_v4.first_task scheduled__2023-01-21T00:00:00+00:00 [queued]>
[2024-09-11T01:53:55.357+0000] {taskinstance.py:2306} INFO - Starting attempt 1 of 6
[2024-09-11T01:53:55.475+0000] {taskinstance.py:2330} INFO - Executing <Task(BashOperator): first_task> on 2023-01-21 00:00:00+00:00
[2024-09-11T01:53:55.491+0000] {logging_mixin.py:188} WARNING - /home/***/.local/lib/python3.12/site-packages/***/task/task_runner/standard_task_runner.py:61 DeprecationWarning: This process (pid=6863) is multi-threaded, use of fork() may lead to deadlocks in the child.
[2024-09-11T01:53:55.490+0000] {standard_task_runner.py:90} INFO - Running: ['***', 'tasks', 'run', 'our_first_dag_v4', 'first_task', 'scheduled__2023-01-21T00:00:00+00:00', '--job-id', '1685', '--raw', '--subdir', 'DAGS_FOLDER/our_first_dag.py', '--cfg-path', '/tmp/tmpstamm4ky']
[2024-09-11T01:53:55.493+0000] {standard_task_runner.py:63} INFO - Started process 6874 to run task
[2024-09-11T01:53:55.493+0000] {standard_task_runner.py:91} INFO - Job 1685: Subtask first_task
[2024-09-11T01:53:55.590+0000] {task_command.py:426} INFO - Running <TaskInstance: our_first_dag_v4.first_task scheduled__2023-01-21T00:00:00+00:00 [running]> on host 0359316e7bd1
[2024-09-11T01:53:55.783+0000] {taskinstance.py:2648} INFO - Exporting env vars: AIRFLOW_CTX_DAG_OWNER='vohoang' AIRFLOW_CTX_DAG_ID='our_first_dag_v4' AIRFLOW_CTX_TASK_ID='first_task' AIRFLOW_CTX_EXECUTION_DATE='2023-01-21T00:00:00+00:00' AIRFLOW_CTX_TRY_NUMBER='1' AIRFLOW_CTX_DAG_RUN_ID='scheduled__2023-01-21T00:00:00+00:00'
[2024-09-11T01:53:55.788+0000] {taskinstance.py:430} INFO - ::endgroup::
[2024-09-11T01:53:55.823+0000] {subprocess.py:63} INFO - Tmp dir root location: /tmp
[2024-09-11T01:53:55.824+0000] {subprocess.py:75} INFO - Running command: ['/usr/bin/bash', '-c', 'echo "Hello my son. I\'m your dad."']
[2024-09-11T01:53:55.862+0000] {subprocess.py:86} INFO - Output:
[2024-09-11T01:53:55.865+0000] {subprocess.py:93} INFO - Hello my son. I'm your dad.
[2024-09-11T01:53:55.865+0000] {subprocess.py:97} INFO - Command exited with return code 0
[2024-09-11T01:53:55.866+0000] {taskinstance.py:441} INFO - ::group::Post task execution logs
[2024-09-11T01:53:55.941+0000] {taskinstance.py:1206} INFO - Marking task as SUCCESS. dag_id=our_first_dag_v4, task_id=first_task, run_id=scheduled__2023-01-21T00:00:00+00:00, execution_date=20230121T000000, start_date=20240911T015355, end_date=20240911T015355
[2024-09-11T01:53:56.118+0000] {local_task_job_runner.py:240} INFO - Task exited with return code 0
[2024-09-11T01:53:56.170+0000] {taskinstance.py:3503} INFO - 2 downstream tasks scheduled from follow-on schedule check
[2024-09-11T01:53:56.181+0000] {local_task_job_runner.py:222} INFO - ::endgroup::
