[2024-09-11T02:38:34.946+0000] {local_task_job_runner.py:120} INFO - ::group::Pre task execution logs
[2024-09-11T02:38:35.009+0000] {taskinstance.py:2076} INFO - Dependencies all met for dep_context=non-requeueable deps ti=<TaskInstance: dag_with_postgres_operator_v03.create_postgres_table scheduled__2024-09-10T00:00:00+00:00 [queued]>
[2024-09-11T02:38:35.021+0000] {taskinstance.py:2076} INFO - Dependencies all met for dep_context=requeueable deps ti=<TaskInstance: dag_with_postgres_operator_v03.create_postgres_table scheduled__2024-09-10T00:00:00+00:00 [queued]>
[2024-09-11T02:38:35.024+0000] {taskinstance.py:2306} INFO - Starting attempt 1 of 6
[2024-09-11T02:38:35.091+0000] {taskinstance.py:2330} INFO - Executing <Task(PostgresOperator): create_postgres_table> on 2024-09-10 00:00:00+00:00
[2024-09-11T02:38:35.102+0000] {logging_mixin.py:188} WARNING - /home/***/.local/lib/python3.12/site-packages/***/task/task_runner/standard_task_runner.py:61 DeprecationWarning: This process (pid=18501) is multi-threaded, use of fork() may lead to deadlocks in the child.
[2024-09-11T02:38:35.104+0000] {standard_task_runner.py:63} INFO - Started process 18511 to run task
[2024-09-11T02:38:35.101+0000] {standard_task_runner.py:90} INFO - Running: ['***', 'tasks', 'run', 'dag_with_postgres_operator_v03', 'create_postgres_table', 'scheduled__2024-09-10T00:00:00+00:00', '--job-id', '4133', '--raw', '--subdir', 'DAGS_FOLDER/13_dag_with_postgres_operator.py', '--cfg-path', '/tmp/tmpd05fbj53']
[2024-09-11T02:38:35.106+0000] {standard_task_runner.py:91} INFO - Job 4133: Subtask create_postgres_table
[2024-09-11T02:38:35.187+0000] {task_command.py:426} INFO - Running <TaskInstance: dag_with_postgres_operator_v03.create_postgres_table scheduled__2024-09-10T00:00:00+00:00 [running]> on host 0359316e7bd1
[2024-09-11T02:38:35.365+0000] {taskinstance.py:2648} INFO - Exporting env vars: AIRFLOW_CTX_DAG_OWNER='vohoang' AIRFLOW_CTX_DAG_ID='dag_with_postgres_operator_v03' AIRFLOW_CTX_TASK_ID='create_postgres_table' AIRFLOW_CTX_EXECUTION_DATE='2024-09-10T00:00:00+00:00' AIRFLOW_CTX_TRY_NUMBER='1' AIRFLOW_CTX_DAG_RUN_ID='scheduled__2024-09-10T00:00:00+00:00'
[2024-09-11T02:38:35.375+0000] {taskinstance.py:430} INFO - ::endgroup::
[2024-09-11T02:38:35.400+0000] {sql.py:276} INFO - Executing: 
            create table if not exists dag_runs (
                dt date,
                dag_id character varying,
                primary key (dt, dag_id)
            )
        
[2024-09-11T02:38:35.416+0000] {base.py:84} INFO - Using connection ID 'postgres_localhost' for task execution.
[2024-09-11T02:38:35.428+0000] {base.py:84} INFO - Using connection ID 'postgres_localhost' for task execution.
[2024-09-11T02:38:35.446+0000] {sql.py:487} INFO - Running statement: 
            create table if not exists dag_runs (
                dt date,
                dag_id character varying,
                primary key (dt, dag_id)
            )
        , parameters: None
[2024-09-11T02:38:35.457+0000] {taskinstance.py:441} INFO - ::group::Post task execution logs
[2024-09-11T02:38:35.492+0000] {taskinstance.py:1206} INFO - Marking task as SUCCESS. dag_id=dag_with_postgres_operator_v03, task_id=create_postgres_table, run_id=scheduled__2024-09-10T00:00:00+00:00, execution_date=20240910T000000, start_date=20240911T023835, end_date=20240911T023835
[2024-09-11T02:38:35.566+0000] {local_task_job_runner.py:240} INFO - Task exited with return code 0
[2024-09-11T02:38:35.579+0000] {logging_mixin.py:188} WARNING - /home/***/.local/lib/python3.12/site-packages/***/models/baseoperator.py:1297 AirflowProviderDeprecationWarning: Call to deprecated class PostgresOperator. (Please use `***.providers.common.sql.operators.sql.SQLExecuteQueryOperator`.Also, you can provide `hook_params={'schema': <database>}`.)
[2024-09-11T02:38:35.608+0000] {taskinstance.py:3503} INFO - 1 downstream tasks scheduled from follow-on schedule check
[2024-09-11T02:38:35.617+0000] {local_task_job_runner.py:222} INFO - ::endgroup::
