[2024-09-11T01:49:36.832+0000] {local_task_job_runner.py:120} INFO - ::group::Pre task execution logs
[2024-09-11T01:49:36.862+0000] {taskinstance.py:2076} INFO - Dependencies all met for dep_context=non-requeueable deps ti=<TaskInstance: our_first_dag_v4.third_task scheduled__2021-08-11T00:00:00+00:00 [queued]>
[2024-09-11T01:49:36.870+0000] {taskinstance.py:2076} INFO - Dependencies all met for dep_context=requeueable deps ti=<TaskInstance: our_first_dag_v4.third_task scheduled__2021-08-11T00:00:00+00:00 [queued]>
[2024-09-11T01:49:36.871+0000] {taskinstance.py:2306} INFO - Starting attempt 1 of 6
[2024-09-11T01:49:36.890+0000] {taskinstance.py:2330} INFO - Executing <Task(BashOperator): third_task> on 2021-08-11 00:00:00+00:00
[2024-09-11T01:49:36.897+0000] {logging_mixin.py:188} WARNING - /home/***/.local/lib/python3.12/site-packages/***/task/task_runner/standard_task_runner.py:61 DeprecationWarning: This process (pid=1514) is multi-threaded, use of fork() may lead to deadlocks in the child.
[2024-09-11T01:49:36.898+0000] {standard_task_runner.py:63} INFO - Started process 1516 to run task
[2024-09-11T01:49:36.897+0000] {standard_task_runner.py:90} INFO - Running: ['***', 'tasks', 'run', 'our_first_dag_v4', 'third_task', 'scheduled__2021-08-11T00:00:00+00:00', '--job-id', '41', '--raw', '--subdir', 'DAGS_FOLDER/our_first_dag.py', '--cfg-path', '/tmp/tmp_y2vcq6e']
[2024-09-11T01:49:36.899+0000] {standard_task_runner.py:91} INFO - Job 41: Subtask third_task
[2024-09-11T01:49:36.948+0000] {task_command.py:426} INFO - Running <TaskInstance: our_first_dag_v4.third_task scheduled__2021-08-11T00:00:00+00:00 [running]> on host 0359316e7bd1
[2024-09-11T01:49:37.044+0000] {taskinstance.py:2648} INFO - Exporting env vars: AIRFLOW_CTX_DAG_OWNER='vohoang' AIRFLOW_CTX_DAG_ID='our_first_dag_v4' AIRFLOW_CTX_TASK_ID='third_task' AIRFLOW_CTX_EXECUTION_DATE='2021-08-11T00:00:00+00:00' AIRFLOW_CTX_TRY_NUMBER='1' AIRFLOW_CTX_DAG_RUN_ID='scheduled__2021-08-11T00:00:00+00:00'
[2024-09-11T01:49:37.045+0000] {taskinstance.py:430} INFO - ::endgroup::
[2024-09-11T01:49:37.059+0000] {subprocess.py:63} INFO - Tmp dir root location: /tmp
[2024-09-11T01:49:37.060+0000] {subprocess.py:75} INFO - Running command: ['/usr/bin/bash', '-c', 'echo "hey, I am task3 and will be running after task 1"']
[2024-09-11T01:49:37.069+0000] {subprocess.py:86} INFO - Output:
[2024-09-11T01:49:37.070+0000] {subprocess.py:93} INFO - hey, I am task3 and will be running after task 1
[2024-09-11T01:49:37.071+0000] {subprocess.py:97} INFO - Command exited with return code 0
[2024-09-11T01:49:37.071+0000] {taskinstance.py:441} INFO - ::group::Post task execution logs
[2024-09-11T01:49:37.094+0000] {taskinstance.py:1206} INFO - Marking task as SUCCESS. dag_id=our_first_dag_v4, task_id=third_task, run_id=scheduled__2021-08-11T00:00:00+00:00, execution_date=20210811T000000, start_date=20240911T014936, end_date=20240911T014937
[2024-09-11T01:49:37.152+0000] {local_task_job_runner.py:240} INFO - Task exited with return code 0
[2024-09-11T01:49:37.162+0000] {local_task_job_runner.py:222} INFO - ::endgroup::
