[2024-09-11T04:21:34.189+0000] {local_task_job_runner.py:120} INFO - ::group::Pre task execution logs
[2024-09-11T04:21:34.221+0000] {taskinstance.py:2076} INFO - Dependencies all met for dep_context=non-requeueable deps ti=<TaskInstance: dag_ml_pipeline_docker_operator_v02.docker_model_train_and_publish_task_v01 manual__2024-09-11T04:21:31.829573+00:00 [queued]>
[2024-09-11T04:21:34.229+0000] {taskinstance.py:2076} INFO - Dependencies all met for dep_context=requeueable deps ti=<TaskInstance: dag_ml_pipeline_docker_operator_v02.docker_model_train_and_publish_task_v01 manual__2024-09-11T04:21:31.829573+00:00 [queued]>
[2024-09-11T04:21:34.230+0000] {taskinstance.py:2306} INFO - Starting attempt 1 of 1
[2024-09-11T04:21:34.247+0000] {taskinstance.py:2330} INFO - Executing <Task(DockerOperator): docker_model_train_and_publish_task_v01> on 2024-09-11 04:21:31.829573+00:00
[2024-09-11T04:21:34.254+0000] {standard_task_runner.py:90} INFO - Running: ['***', 'tasks', 'run', 'dag_ml_pipeline_docker_operator_v02', 'docker_model_train_and_publish_task_v01', 'manual__2024-09-11T04:21:31.829573+00:00', '--job-id', '4', '--raw', '--subdir', 'DAGS_FOLDER/18_ml_pipeline_with_docker_operator.py', '--cfg-path', '/tmp/tmpntpmpwdv']
[2024-09-11T04:21:34.256+0000] {standard_task_runner.py:91} INFO - Job 4: Subtask docker_model_train_and_publish_task_v01
[2024-09-11T04:21:34.258+0000] {logging_mixin.py:188} WARNING - /home/***/.local/lib/python3.12/site-packages/***/task/task_runner/standard_task_runner.py:61 DeprecationWarning: This process (pid=2256) is multi-threaded, use of fork() may lead to deadlocks in the child.
[2024-09-11T04:21:34.258+0000] {standard_task_runner.py:63} INFO - Started process 2263 to run task
[2024-09-11T04:21:34.296+0000] {task_command.py:426} INFO - Running <TaskInstance: dag_ml_pipeline_docker_operator_v02.docker_model_train_and_publish_task_v01 manual__2024-09-11T04:21:31.829573+00:00 [running]> on host 9f582a25d9d7
[2024-09-11T04:21:34.372+0000] {taskinstance.py:2648} INFO - Exporting env vars: AIRFLOW_CTX_DAG_OWNER='coder2j' AIRFLOW_CTX_DAG_ID='dag_ml_pipeline_docker_operator_v02' AIRFLOW_CTX_TASK_ID='docker_model_train_and_publish_task_v01' AIRFLOW_CTX_EXECUTION_DATE='2024-09-11T04:21:31.829573+00:00' AIRFLOW_CTX_TRY_NUMBER='1' AIRFLOW_CTX_DAG_RUN_ID='manual__2024-09-11T04:21:31.829573+00:00'
[2024-09-11T04:21:34.372+0000] {taskinstance.py:430} INFO - ::endgroup::
[2024-09-11T04:21:34.389+0000] {docker.py:157} ERROR - Failed to establish connection to Docker host unix://var/run/docker.sock: Error while fetching server API version: ('Connection aborted.', FileNotFoundError(2, 'No such file or directory'))
[2024-09-11T04:21:34.390+0000] {taskinstance.py:441} INFO - ::group::Post task execution logs
[2024-09-11T04:21:34.398+0000] {taskinstance.py:2905} ERROR - Task failed with exception
Traceback (most recent call last):
  File "/home/airflow/.local/lib/python3.12/site-packages/airflow/models/taskinstance.py", line 465, in _execute_task
    result = _execute_callable(context=context, **execute_callable_kwargs)
             ^^^^^^^^^^^^^^^^^^^^^^^^^^^^^^^^^^^^^^^^^^^^^^^^^^^^^^^^^^^^^
  File "/home/airflow/.local/lib/python3.12/site-packages/airflow/models/taskinstance.py", line 432, in _execute_callable
    return execute_callable(context=context, **execute_callable_kwargs)
           ^^^^^^^^^^^^^^^^^^^^^^^^^^^^^^^^^^^^^^^^^^^^^^^^^^^^^^^^^^^^
  File "/home/airflow/.local/lib/python3.12/site-packages/airflow/models/baseoperator.py", line 401, in wrapper
    return func(self, *args, **kwargs)
           ^^^^^^^^^^^^^^^^^^^^^^^^^^^
  File "/home/airflow/.local/lib/python3.12/site-packages/airflow/providers/docker/operators/docker.py", line 492, in execute
    if self.force_pull or not self.cli.images(name=self.image):
                              ^^^^^^^^
  File "/home/airflow/.local/lib/python3.12/site-packages/airflow/providers/docker/operators/docker.py", line 362, in cli
    return self.hook.api_client
           ^^^^^^^^^^^^^^^^^^^^
  File "/usr/local/lib/python3.12/functools.py", line 995, in __get__
    val = self.func(instance)
          ^^^^^^^^^^^^^^^^^^^
  File "/home/airflow/.local/lib/python3.12/site-packages/airflow/providers/docker/hooks/docker.py", line 161, in api_client
    raise AirflowException("Failed to establish connection to any given Docker hosts.")
airflow.exceptions.AirflowException: Failed to establish connection to any given Docker hosts.
[2024-09-11T04:21:34.402+0000] {taskinstance.py:1206} INFO - Marking task as FAILED. dag_id=dag_ml_pipeline_docker_operator_v02, task_id=docker_model_train_and_publish_task_v01, run_id=manual__2024-09-11T04:21:31.829573+00:00, execution_date=20240911T042131, start_date=20240911T042134, end_date=20240911T042134
[2024-09-11T04:21:34.415+0000] {standard_task_runner.py:110} ERROR - Failed to execute job 4 for task docker_model_train_and_publish_task_v01 (Failed to establish connection to any given Docker hosts.; 2263)
[2024-09-11T04:21:34.432+0000] {local_task_job_runner.py:240} INFO - Task exited with return code 1
[2024-09-11T04:21:34.446+0000] {taskinstance.py:3503} INFO - 0 downstream tasks scheduled from follow-on schedule check
[2024-09-11T04:21:34.451+0000] {local_task_job_runner.py:222} INFO - ::endgroup::
