[2024-09-11T01:49:47.950+0000] {local_task_job_runner.py:120} INFO - ::group::Pre task execution logs
[2024-09-11T01:49:47.990+0000] {taskinstance.py:2076} INFO - Dependencies all met for dep_context=non-requeueable deps ti=<TaskInstance: our_first_dag_v4.first_task scheduled__2021-09-04T00:00:00+00:00 [queued]>
[2024-09-11T01:49:47.999+0000] {taskinstance.py:2076} INFO - Dependencies all met for dep_context=requeueable deps ti=<TaskInstance: our_first_dag_v4.first_task scheduled__2021-09-04T00:00:00+00:00 [queued]>
[2024-09-11T01:49:48.000+0000] {taskinstance.py:2306} INFO - Starting attempt 1 of 6
[2024-09-11T01:49:48.019+0000] {taskinstance.py:2330} INFO - Executing <Task(BashOperator): first_task> on 2021-09-04 00:00:00+00:00
[2024-09-11T01:49:48.029+0000] {logging_mixin.py:188} WARNING - /home/***/.local/lib/python3.12/site-packages/***/task/task_runner/standard_task_runner.py:61 DeprecationWarning: This process (pid=1711) is multi-threaded, use of fork() may lead to deadlocks in the child.
[2024-09-11T01:49:48.031+0000] {standard_task_runner.py:63} INFO - Started process 1720 to run task
[2024-09-11T01:49:48.029+0000] {standard_task_runner.py:90} INFO - Running: ['***', 'tasks', 'run', 'our_first_dag_v4', 'first_task', 'scheduled__2021-09-04T00:00:00+00:00', '--job-id', '105', '--raw', '--subdir', 'DAGS_FOLDER/our_first_dag.py', '--cfg-path', '/tmp/tmpjnmhibof']
[2024-09-11T01:49:48.033+0000] {standard_task_runner.py:91} INFO - Job 105: Subtask first_task
[2024-09-11T01:49:48.087+0000] {task_command.py:426} INFO - Running <TaskInstance: our_first_dag_v4.first_task scheduled__2021-09-04T00:00:00+00:00 [running]> on host 0359316e7bd1
[2024-09-11T01:49:48.228+0000] {taskinstance.py:2648} INFO - Exporting env vars: AIRFLOW_CTX_DAG_OWNER='vohoang' AIRFLOW_CTX_DAG_ID='our_first_dag_v4' AIRFLOW_CTX_TASK_ID='first_task' AIRFLOW_CTX_EXECUTION_DATE='2021-09-04T00:00:00+00:00' AIRFLOW_CTX_TRY_NUMBER='1' AIRFLOW_CTX_DAG_RUN_ID='scheduled__2021-09-04T00:00:00+00:00'
[2024-09-11T01:49:48.229+0000] {taskinstance.py:430} INFO - ::endgroup::
[2024-09-11T01:49:48.250+0000] {subprocess.py:63} INFO - Tmp dir root location: /tmp
[2024-09-11T01:49:48.252+0000] {subprocess.py:75} INFO - Running command: ['/usr/bin/bash', '-c', 'echo "Hello my son. I\'m your dad."']
[2024-09-11T01:49:48.266+0000] {subprocess.py:86} INFO - Output:
[2024-09-11T01:49:48.268+0000] {subprocess.py:93} INFO - Hello my son. I'm your dad.
[2024-09-11T01:49:48.269+0000] {subprocess.py:97} INFO - Command exited with return code 0
[2024-09-11T01:49:48.270+0000] {taskinstance.py:441} INFO - ::group::Post task execution logs
[2024-09-11T01:49:48.301+0000] {taskinstance.py:1206} INFO - Marking task as SUCCESS. dag_id=our_first_dag_v4, task_id=first_task, run_id=scheduled__2021-09-04T00:00:00+00:00, execution_date=20210904T000000, start_date=20240911T014947, end_date=20240911T014948
[2024-09-11T01:49:48.329+0000] {local_task_job_runner.py:240} INFO - Task exited with return code 0
[2024-09-11T01:49:48.376+0000] {taskinstance.py:3503} INFO - 2 downstream tasks scheduled from follow-on schedule check
[2024-09-11T01:49:48.387+0000] {local_task_job_runner.py:222} INFO - ::endgroup::
