[2024-09-11T01:50:19.520+0000] {local_task_job_runner.py:120} INFO - ::group::Pre task execution logs
[2024-09-11T01:50:19.575+0000] {taskinstance.py:2076} INFO - Dependencies all met for dep_context=non-requeueable deps ti=<TaskInstance: our_first_dag_v4.seccond_task scheduled__2021-11-11T00:00:00+00:00 [queued]>
[2024-09-11T01:50:19.589+0000] {taskinstance.py:2076} INFO - Dependencies all met for dep_context=requeueable deps ti=<TaskInstance: our_first_dag_v4.seccond_task scheduled__2021-11-11T00:00:00+00:00 [queued]>
[2024-09-11T01:50:19.591+0000] {taskinstance.py:2306} INFO - Starting attempt 1 of 6
[2024-09-11T01:50:19.673+0000] {taskinstance.py:2330} INFO - Executing <Task(BashOperator): seccond_task> on 2021-11-11 00:00:00+00:00
[2024-09-11T01:50:19.688+0000] {logging_mixin.py:188} WARNING - /home/***/.local/lib/python3.12/site-packages/***/task/task_runner/standard_task_runner.py:61 DeprecationWarning: This process (pid=2414) is multi-threaded, use of fork() may lead to deadlocks in the child.
[2024-09-11T01:50:19.691+0000] {standard_task_runner.py:63} INFO - Started process 2421 to run task
[2024-09-11T01:50:19.693+0000] {standard_task_runner.py:90} INFO - Running: ['***', 'tasks', 'run', 'our_first_dag_v4', 'seccond_task', 'scheduled__2021-11-11T00:00:00+00:00', '--job-id', '322', '--raw', '--subdir', 'DAGS_FOLDER/our_first_dag.py', '--cfg-path', '/tmp/tmprh3l8rzj']
[2024-09-11T01:50:19.702+0000] {standard_task_runner.py:91} INFO - Job 322: Subtask seccond_task
[2024-09-11T01:50:19.809+0000] {task_command.py:426} INFO - Running <TaskInstance: our_first_dag_v4.seccond_task scheduled__2021-11-11T00:00:00+00:00 [running]> on host 0359316e7bd1
[2024-09-11T01:50:19.970+0000] {taskinstance.py:2648} INFO - Exporting env vars: AIRFLOW_CTX_DAG_OWNER='vohoang' AIRFLOW_CTX_DAG_ID='our_first_dag_v4' AIRFLOW_CTX_TASK_ID='seccond_task' AIRFLOW_CTX_EXECUTION_DATE='2021-11-11T00:00:00+00:00' AIRFLOW_CTX_TRY_NUMBER='1' AIRFLOW_CTX_DAG_RUN_ID='scheduled__2021-11-11T00:00:00+00:00'
[2024-09-11T01:50:19.972+0000] {taskinstance.py:430} INFO - ::endgroup::
[2024-09-11T01:50:20.010+0000] {subprocess.py:63} INFO - Tmp dir root location: /tmp
[2024-09-11T01:50:20.017+0000] {subprocess.py:75} INFO - Running command: ['/usr/bin/bash', '-c', 'echo "hey, I am task2 and will be running after task 1"']
[2024-09-11T01:50:20.040+0000] {subprocess.py:86} INFO - Output:
[2024-09-11T01:50:20.042+0000] {subprocess.py:93} INFO - hey, I am task2 and will be running after task 1
[2024-09-11T01:50:20.046+0000] {subprocess.py:97} INFO - Command exited with return code 0
[2024-09-11T01:50:20.051+0000] {taskinstance.py:441} INFO - ::group::Post task execution logs
[2024-09-11T01:50:20.109+0000] {taskinstance.py:1206} INFO - Marking task as SUCCESS. dag_id=our_first_dag_v4, task_id=seccond_task, run_id=scheduled__2021-11-11T00:00:00+00:00, execution_date=20211111T000000, start_date=20240911T015019, end_date=20240911T015020
[2024-09-11T01:50:20.234+0000] {local_task_job_runner.py:240} INFO - Task exited with return code 0
[2024-09-11T01:50:20.248+0000] {local_task_job_runner.py:222} INFO - ::endgroup::
