[2024-09-11T01:53:21.316+0000] {local_task_job_runner.py:120} INFO - ::group::Pre task execution logs
[2024-09-11T01:53:21.452+0000] {taskinstance.py:2076} INFO - Dependencies all met for dep_context=non-requeueable deps ti=<TaskInstance: our_first_dag_v4.seccond_task scheduled__2022-11-09T00:00:00+00:00 [queued]>
[2024-09-11T01:53:21.477+0000] {taskinstance.py:2076} INFO - Dependencies all met for dep_context=requeueable deps ti=<TaskInstance: our_first_dag_v4.seccond_task scheduled__2022-11-09T00:00:00+00:00 [queued]>
[2024-09-11T01:53:21.478+0000] {taskinstance.py:2306} INFO - Starting attempt 1 of 6
[2024-09-11T01:53:21.573+0000] {taskinstance.py:2330} INFO - Executing <Task(BashOperator): seccond_task> on 2022-11-09 00:00:00+00:00
[2024-09-11T01:53:21.585+0000] {logging_mixin.py:188} WARNING - /home/***/.local/lib/python3.12/site-packages/***/task/task_runner/standard_task_runner.py:61 DeprecationWarning: This process (pid=6187) is multi-threaded, use of fork() may lead to deadlocks in the child.
[2024-09-11T01:53:21.585+0000] {standard_task_runner.py:90} INFO - Running: ['***', 'tasks', 'run', 'our_first_dag_v4', 'seccond_task', 'scheduled__2022-11-09T00:00:00+00:00', '--job-id', '1483', '--raw', '--subdir', 'DAGS_FOLDER/our_first_dag.py', '--cfg-path', '/tmp/tmpvrkqfume']
[2024-09-11T01:53:21.588+0000] {standard_task_runner.py:91} INFO - Job 1483: Subtask seccond_task
[2024-09-11T01:53:21.587+0000] {standard_task_runner.py:63} INFO - Started process 6202 to run task
[2024-09-11T01:53:21.671+0000] {task_command.py:426} INFO - Running <TaskInstance: our_first_dag_v4.seccond_task scheduled__2022-11-09T00:00:00+00:00 [running]> on host 0359316e7bd1
[2024-09-11T01:53:21.872+0000] {taskinstance.py:2648} INFO - Exporting env vars: AIRFLOW_CTX_DAG_OWNER='vohoang' AIRFLOW_CTX_DAG_ID='our_first_dag_v4' AIRFLOW_CTX_TASK_ID='seccond_task' AIRFLOW_CTX_EXECUTION_DATE='2022-11-09T00:00:00+00:00' AIRFLOW_CTX_TRY_NUMBER='1' AIRFLOW_CTX_DAG_RUN_ID='scheduled__2022-11-09T00:00:00+00:00'
[2024-09-11T01:53:21.875+0000] {taskinstance.py:430} INFO - ::endgroup::
[2024-09-11T01:53:21.898+0000] {subprocess.py:63} INFO - Tmp dir root location: /tmp
[2024-09-11T01:53:21.900+0000] {subprocess.py:75} INFO - Running command: ['/usr/bin/bash', '-c', 'echo "hey, I am task2 and will be running after task 1"']
[2024-09-11T01:53:21.918+0000] {subprocess.py:86} INFO - Output:
[2024-09-11T01:53:21.920+0000] {subprocess.py:93} INFO - hey, I am task2 and will be running after task 1
[2024-09-11T01:53:21.921+0000] {subprocess.py:97} INFO - Command exited with return code 0
[2024-09-11T01:53:21.922+0000] {taskinstance.py:441} INFO - ::group::Post task execution logs
[2024-09-11T01:53:21.998+0000] {taskinstance.py:1206} INFO - Marking task as SUCCESS. dag_id=our_first_dag_v4, task_id=seccond_task, run_id=scheduled__2022-11-09T00:00:00+00:00, execution_date=20221109T000000, start_date=20240911T015321, end_date=20240911T015321
[2024-09-11T01:53:22.050+0000] {local_task_job_runner.py:240} INFO - Task exited with return code 0
[2024-09-11T01:53:22.083+0000] {local_task_job_runner.py:222} INFO - ::endgroup::
