[2024-09-11T01:53:16.734+0000] {local_task_job_runner.py:120} INFO - ::group::Pre task execution logs
[2024-09-11T01:53:16.803+0000] {taskinstance.py:2076} INFO - Dependencies all met for dep_context=non-requeueable deps ti=<TaskInstance: our_first_dag_v4.seccond_task scheduled__2022-10-30T00:00:00+00:00 [queued]>
[2024-09-11T01:53:16.822+0000] {taskinstance.py:2076} INFO - Dependencies all met for dep_context=requeueable deps ti=<TaskInstance: our_first_dag_v4.seccond_task scheduled__2022-10-30T00:00:00+00:00 [queued]>
[2024-09-11T01:53:16.824+0000] {taskinstance.py:2306} INFO - Starting attempt 1 of 6
[2024-09-11T01:53:16.889+0000] {taskinstance.py:2330} INFO - Executing <Task(BashOperator): seccond_task> on 2022-10-30 00:00:00+00:00
[2024-09-11T01:53:16.906+0000] {logging_mixin.py:188} WARNING - /home/***/.local/lib/python3.12/site-packages/***/task/task_runner/standard_task_runner.py:61 DeprecationWarning: This process (pid=6094) is multi-threaded, use of fork() may lead to deadlocks in the child.
[2024-09-11T01:53:16.909+0000] {standard_task_runner.py:63} INFO - Started process 6112 to run task
[2024-09-11T01:53:16.907+0000] {standard_task_runner.py:90} INFO - Running: ['***', 'tasks', 'run', 'our_first_dag_v4', 'seccond_task', 'scheduled__2022-10-30T00:00:00+00:00', '--job-id', '1452', '--raw', '--subdir', 'DAGS_FOLDER/our_first_dag.py', '--cfg-path', '/tmp/tmpmd292zzl']
[2024-09-11T01:53:16.917+0000] {standard_task_runner.py:91} INFO - Job 1452: Subtask seccond_task
[2024-09-11T01:53:16.992+0000] {task_command.py:426} INFO - Running <TaskInstance: our_first_dag_v4.seccond_task scheduled__2022-10-30T00:00:00+00:00 [running]> on host 0359316e7bd1
[2024-09-11T01:53:17.260+0000] {taskinstance.py:2648} INFO - Exporting env vars: AIRFLOW_CTX_DAG_OWNER='vohoang' AIRFLOW_CTX_DAG_ID='our_first_dag_v4' AIRFLOW_CTX_TASK_ID='seccond_task' AIRFLOW_CTX_EXECUTION_DATE='2022-10-30T00:00:00+00:00' AIRFLOW_CTX_TRY_NUMBER='1' AIRFLOW_CTX_DAG_RUN_ID='scheduled__2022-10-30T00:00:00+00:00'
[2024-09-11T01:53:17.270+0000] {taskinstance.py:430} INFO - ::endgroup::
[2024-09-11T01:53:17.299+0000] {subprocess.py:63} INFO - Tmp dir root location: /tmp
[2024-09-11T01:53:17.304+0000] {subprocess.py:75} INFO - Running command: ['/usr/bin/bash', '-c', 'echo "hey, I am task2 and will be running after task 1"']
[2024-09-11T01:53:17.332+0000] {subprocess.py:86} INFO - Output:
[2024-09-11T01:53:17.338+0000] {subprocess.py:93} INFO - hey, I am task2 and will be running after task 1
[2024-09-11T01:53:17.340+0000] {subprocess.py:97} INFO - Command exited with return code 0
[2024-09-11T01:53:17.345+0000] {taskinstance.py:441} INFO - ::group::Post task execution logs
[2024-09-11T01:53:17.405+0000] {taskinstance.py:1206} INFO - Marking task as SUCCESS. dag_id=our_first_dag_v4, task_id=seccond_task, run_id=scheduled__2022-10-30T00:00:00+00:00, execution_date=20221030T000000, start_date=20240911T015316, end_date=20240911T015317
[2024-09-11T01:53:17.508+0000] {local_task_job_runner.py:240} INFO - Task exited with return code 0
[2024-09-11T01:53:17.532+0000] {taskinstance.py:3503} INFO - 0 downstream tasks scheduled from follow-on schedule check
[2024-09-11T01:53:17.544+0000] {local_task_job_runner.py:222} INFO - ::endgroup::
