[2024-07-02T05:47:13.995+0000] {local_task_job_runner.py:120} INFO - ::group::Pre task execution logs
[2024-07-02T05:47:14.020+0000] {taskinstance.py:2076} INFO - Dependencies all met for dep_context=non-requeueable deps ti=<TaskInstance: dag_with_postgers_hooks_v04.postgres_to_s3 scheduled__2022-10-26T00:00:00+00:00 [queued]>
[2024-07-02T05:47:14.032+0000] {taskinstance.py:2076} INFO - Dependencies all met for dep_context=requeueable deps ti=<TaskInstance: dag_with_postgers_hooks_v04.postgres_to_s3 scheduled__2022-10-26T00:00:00+00:00 [queued]>
[2024-07-02T05:47:14.033+0000] {taskinstance.py:2306} INFO - Starting attempt 1 of 6
[2024-07-02T05:47:14.062+0000] {taskinstance.py:2330} INFO - Executing <Task(PythonOperator): postgres_to_s3> on 2022-10-26 00:00:00+00:00
[2024-07-02T05:47:14.075+0000] {logging_mixin.py:188} WARNING - /home/***/.local/lib/python3.12/site-packages/***/task/task_runner/standard_task_runner.py:61 DeprecationWarning: This process (pid=29631) is multi-threaded, use of fork() may lead to deadlocks in the child.
[2024-07-02T05:47:14.074+0000] {standard_task_runner.py:90} INFO - Running: ['***', 'tasks', 'run', 'dag_with_postgers_hooks_v04', 'postgres_to_s3', 'scheduled__2022-10-26T00:00:00+00:00', '--job-id', '990', '--raw', '--subdir', 'DAGS_FOLDER/dag_with_postgress_hook.py', '--cfg-path', '/tmp/tmppxgppss7']
[2024-07-02T05:47:14.077+0000] {standard_task_runner.py:63} INFO - Started process 29637 to run task
[2024-07-02T05:47:14.077+0000] {standard_task_runner.py:91} INFO - Job 990: Subtask postgres_to_s3
[2024-07-02T05:47:14.143+0000] {task_command.py:426} INFO - Running <TaskInstance: dag_with_postgers_hooks_v04.postgres_to_s3 scheduled__2022-10-26T00:00:00+00:00 [running]> on host 468cd84e5e4e
[2024-07-02T05:47:14.278+0000] {taskinstance.py:2648} INFO - Exporting env vars: AIRFLOW_CTX_DAG_OWNER='vohoang' AIRFLOW_CTX_DAG_ID='dag_with_postgers_hooks_v04' AIRFLOW_CTX_TASK_ID='postgres_to_s3' AIRFLOW_CTX_EXECUTION_DATE='2022-10-26T00:00:00+00:00' AIRFLOW_CTX_TRY_NUMBER='1' AIRFLOW_CTX_DAG_RUN_ID='scheduled__2022-10-26T00:00:00+00:00'
[2024-07-02T05:47:14.279+0000] {taskinstance.py:430} INFO - ::endgroup::
[2024-07-02T05:47:14.301+0000] {logging_mixin.py:188} WARNING - /home/***/.local/lib/python3.12/site-packages/***/utils/context.py:212 AirflowContextDeprecationWarning: Accessing 'next_ds_nodash' from the template is deprecated and will be removed in a future version. Please use '{{ data_interval_end | ds_nodash }}' instead.
[2024-07-02T05:47:14.313+0000] {base.py:84} INFO - Using connection ID 'postgres_conn_id' for task execution.
[2024-07-02T05:47:14.320+0000] {dag_with_postgress_hook.py:38} INFO - Saved orders data in text file: dags/get_orders_20221026.txt
[2024-07-02T05:47:14.330+0000] {base.py:84} INFO - Using connection ID 'minio_s3_conn' for task execution.
[2024-07-02T05:47:14.330+0000] {connection_wrapper.py:384} INFO - AWS Connection (conn_id='minio_s3_conn', conn_type='aws') credentials retrieved from login and password.
[2024-07-02T05:47:14.924+0000] {dag_with_postgress_hook.py:48} INFO - Orders file /tmp/tmphlns4itf20221026 has been pushed to S3!
[2024-07-02T05:47:14.927+0000] {python.py:237} INFO - Done. Returned value was: None
[2024-07-02T05:47:14.928+0000] {taskinstance.py:441} INFO - ::group::Post task execution logs
[2024-07-02T05:47:14.941+0000] {taskinstance.py:1206} INFO - Marking task as SUCCESS. dag_id=dag_with_postgers_hooks_v04, task_id=postgres_to_s3, run_id=scheduled__2022-10-26T00:00:00+00:00, execution_date=20221026T000000, start_date=20240702T054714, end_date=20240702T054714
[2024-07-02T05:47:15.056+0000] {local_task_job_runner.py:240} INFO - Task exited with return code 0
[2024-07-02T05:47:15.069+0000] {local_task_job_runner.py:222} INFO - ::endgroup::
