[2024-09-11T02:00:03.187+0000] {local_task_job_runner.py:120} INFO - ::group::Pre task execution logs
[2024-09-11T02:00:03.244+0000] {taskinstance.py:2076} INFO - Dependencies all met for dep_context=non-requeueable deps ti=<TaskInstance: our_first_dag_v4.seccond_task scheduled__2024-09-06T00:00:00+00:00 [queued]>
[2024-09-11T02:00:03.259+0000] {taskinstance.py:2076} INFO - Dependencies all met for dep_context=requeueable deps ti=<TaskInstance: our_first_dag_v4.seccond_task scheduled__2024-09-06T00:00:00+00:00 [queued]>
[2024-09-11T02:00:03.260+0000] {taskinstance.py:2306} INFO - Starting attempt 1 of 6
[2024-09-11T02:00:03.307+0000] {taskinstance.py:2330} INFO - Executing <Task(BashOperator): seccond_task> on 2024-09-06 00:00:00+00:00
[2024-09-11T02:00:03.326+0000] {logging_mixin.py:188} WARNING - /home/***/.local/lib/python3.12/site-packages/***/task/task_runner/standard_task_runner.py:61 DeprecationWarning: This process (pid=12880) is multi-threaded, use of fork() may lead to deadlocks in the child.
[2024-09-11T02:00:03.332+0000] {standard_task_runner.py:63} INFO - Started process 12902 to run task
[2024-09-11T02:00:03.328+0000] {standard_task_runner.py:90} INFO - Running: ['***', 'tasks', 'run', 'our_first_dag_v4', 'seccond_task', 'scheduled__2024-09-06T00:00:00+00:00', '--job-id', '3482', '--raw', '--subdir', 'DAGS_FOLDER/7. our_first_dag.py', '--cfg-path', '/tmp/tmptxgwxp55']
[2024-09-11T02:00:03.334+0000] {standard_task_runner.py:91} INFO - Job 3482: Subtask seccond_task
[2024-09-11T02:00:03.412+0000] {task_command.py:426} INFO - Running <TaskInstance: our_first_dag_v4.seccond_task scheduled__2024-09-06T00:00:00+00:00 [running]> on host 0359316e7bd1
[2024-09-11T02:00:03.572+0000] {taskinstance.py:2648} INFO - Exporting env vars: AIRFLOW_CTX_DAG_OWNER='vohoang' AIRFLOW_CTX_DAG_ID='our_first_dag_v4' AIRFLOW_CTX_TASK_ID='seccond_task' AIRFLOW_CTX_EXECUTION_DATE='2024-09-06T00:00:00+00:00' AIRFLOW_CTX_TRY_NUMBER='1' AIRFLOW_CTX_DAG_RUN_ID='scheduled__2024-09-06T00:00:00+00:00'
[2024-09-11T02:00:03.576+0000] {taskinstance.py:430} INFO - ::endgroup::
[2024-09-11T02:00:03.599+0000] {subprocess.py:63} INFO - Tmp dir root location: /tmp
[2024-09-11T02:00:03.601+0000] {subprocess.py:75} INFO - Running command: ['/usr/bin/bash', '-c', 'echo "hey, I am task2 and will be running after task 1"']
[2024-09-11T02:00:03.622+0000] {subprocess.py:86} INFO - Output:
[2024-09-11T02:00:03.624+0000] {subprocess.py:93} INFO - hey, I am task2 and will be running after task 1
[2024-09-11T02:00:03.625+0000] {subprocess.py:97} INFO - Command exited with return code 0
[2024-09-11T02:00:03.626+0000] {taskinstance.py:441} INFO - ::group::Post task execution logs
[2024-09-11T02:00:03.675+0000] {taskinstance.py:1206} INFO - Marking task as SUCCESS. dag_id=our_first_dag_v4, task_id=seccond_task, run_id=scheduled__2024-09-06T00:00:00+00:00, execution_date=20240906T000000, start_date=20240911T020003, end_date=20240911T020003
[2024-09-11T02:00:03.715+0000] {local_task_job_runner.py:240} INFO - Task exited with return code 0
[2024-09-11T02:00:03.740+0000] {taskinstance.py:3503} INFO - 0 downstream tasks scheduled from follow-on schedule check
[2024-09-11T02:00:03.746+0000] {local_task_job_runner.py:222} INFO - ::endgroup::
