[2024-09-11T01:54:44.724+0000] {local_task_job_runner.py:120} INFO - ::group::Pre task execution logs
[2024-09-11T01:54:44.766+0000] {taskinstance.py:2076} INFO - Dependencies all met for dep_context=non-requeueable deps ti=<TaskInstance: our_first_dag_v4.first_task scheduled__2023-04-26T00:00:00+00:00 [queued]>
[2024-09-11T01:54:44.776+0000] {taskinstance.py:2076} INFO - Dependencies all met for dep_context=requeueable deps ti=<TaskInstance: our_first_dag_v4.first_task scheduled__2023-04-26T00:00:00+00:00 [queued]>
[2024-09-11T01:54:44.776+0000] {taskinstance.py:2306} INFO - Starting attempt 1 of 6
[2024-09-11T01:54:44.813+0000] {taskinstance.py:2330} INFO - Executing <Task(BashOperator): first_task> on 2023-04-26 00:00:00+00:00
[2024-09-11T01:54:44.826+0000] {logging_mixin.py:188} WARNING - /home/***/.local/lib/python3.12/site-packages/***/task/task_runner/standard_task_runner.py:61 DeprecationWarning: This process (pid=7844) is multi-threaded, use of fork() may lead to deadlocks in the child.
[2024-09-11T01:54:44.827+0000] {standard_task_runner.py:63} INFO - Started process 7852 to run task
[2024-09-11T01:54:44.825+0000] {standard_task_runner.py:90} INFO - Running: ['***', 'tasks', 'run', 'our_first_dag_v4', 'first_task', 'scheduled__2023-04-26T00:00:00+00:00', '--job-id', '1971', '--raw', '--subdir', 'DAGS_FOLDER/our_first_dag.py', '--cfg-path', '/tmp/tmplur6hunh']
[2024-09-11T01:54:44.827+0000] {standard_task_runner.py:91} INFO - Job 1971: Subtask first_task
[2024-09-11T01:54:44.892+0000] {task_command.py:426} INFO - Running <TaskInstance: our_first_dag_v4.first_task scheduled__2023-04-26T00:00:00+00:00 [running]> on host 0359316e7bd1
[2024-09-11T01:54:45.086+0000] {taskinstance.py:2648} INFO - Exporting env vars: AIRFLOW_CTX_DAG_OWNER='vohoang' AIRFLOW_CTX_DAG_ID='our_first_dag_v4' AIRFLOW_CTX_TASK_ID='first_task' AIRFLOW_CTX_EXECUTION_DATE='2023-04-26T00:00:00+00:00' AIRFLOW_CTX_TRY_NUMBER='1' AIRFLOW_CTX_DAG_RUN_ID='scheduled__2023-04-26T00:00:00+00:00'
[2024-09-11T01:54:45.087+0000] {taskinstance.py:430} INFO - ::endgroup::
[2024-09-11T01:54:45.111+0000] {subprocess.py:63} INFO - Tmp dir root location: /tmp
[2024-09-11T01:54:45.117+0000] {subprocess.py:75} INFO - Running command: ['/usr/bin/bash', '-c', 'echo "Hello my son. I\'m your dad."']
[2024-09-11T01:54:45.141+0000] {subprocess.py:86} INFO - Output:
[2024-09-11T01:54:45.144+0000] {subprocess.py:93} INFO - Hello my son. I'm your dad.
[2024-09-11T01:54:45.145+0000] {subprocess.py:97} INFO - Command exited with return code 0
[2024-09-11T01:54:45.147+0000] {taskinstance.py:441} INFO - ::group::Post task execution logs
[2024-09-11T01:54:45.190+0000] {taskinstance.py:1206} INFO - Marking task as SUCCESS. dag_id=our_first_dag_v4, task_id=first_task, run_id=scheduled__2023-04-26T00:00:00+00:00, execution_date=20230426T000000, start_date=20240911T015444, end_date=20240911T015445
[2024-09-11T01:54:45.327+0000] {local_task_job_runner.py:240} INFO - Task exited with return code 0
[2024-09-11T01:54:45.384+0000] {taskinstance.py:3503} INFO - 2 downstream tasks scheduled from follow-on schedule check
[2024-09-11T01:54:45.399+0000] {local_task_job_runner.py:222} INFO - ::endgroup::
