[2024-09-11T06:28:53.001+0000] {local_task_job_runner.py:120} INFO - ::group::Pre task execution logs
[2024-09-11T06:28:53.030+0000] {taskinstance.py:2076} INFO - Dependencies all met for dep_context=non-requeueable deps ti=<TaskInstance: dag_ml_pipeline_docker_operator_v02.faked_dataset_creation_task manual__2024-09-11T06:28:52.217739+00:00 [queued]>
[2024-09-11T06:28:53.039+0000] {taskinstance.py:2076} INFO - Dependencies all met for dep_context=requeueable deps ti=<TaskInstance: dag_ml_pipeline_docker_operator_v02.faked_dataset_creation_task manual__2024-09-11T06:28:52.217739+00:00 [queued]>
[2024-09-11T06:28:53.040+0000] {taskinstance.py:2306} INFO - Starting attempt 1 of 1
[2024-09-11T06:28:53.058+0000] {taskinstance.py:2330} INFO - Executing <Task(BashOperator): faked_dataset_creation_task> on 2024-09-11 06:28:52.217739+00:00
[2024-09-11T06:28:53.065+0000] {standard_task_runner.py:90} INFO - Running: ['***', 'tasks', 'run', 'dag_ml_pipeline_docker_operator_v02', 'faked_dataset_creation_task', 'manual__2024-09-11T06:28:52.217739+00:00', '--job-id', '5', '--raw', '--subdir', 'DAGS_FOLDER/18_ml_pipeline_with_docker_operator.py', '--cfg-path', '/tmp/tmp1gkj4ky_']
[2024-09-11T06:28:53.066+0000] {standard_task_runner.py:91} INFO - Job 5: Subtask faked_dataset_creation_task
[2024-09-11T06:28:53.068+0000] {logging_mixin.py:188} WARNING - /home/***/.local/lib/python3.12/site-packages/***/task/task_runner/standard_task_runner.py:61 DeprecationWarning: This process (pid=675) is multi-threaded, use of fork() may lead to deadlocks in the child.
[2024-09-11T06:28:53.068+0000] {standard_task_runner.py:63} INFO - Started process 676 to run task
[2024-09-11T06:28:53.107+0000] {task_command.py:426} INFO - Running <TaskInstance: dag_ml_pipeline_docker_operator_v02.faked_dataset_creation_task manual__2024-09-11T06:28:52.217739+00:00 [running]> on host b7a43554df14
[2024-09-11T06:28:53.187+0000] {taskinstance.py:2648} INFO - Exporting env vars: AIRFLOW_CTX_DAG_OWNER='coder2j' AIRFLOW_CTX_DAG_ID='dag_ml_pipeline_docker_operator_v02' AIRFLOW_CTX_TASK_ID='faked_dataset_creation_task' AIRFLOW_CTX_EXECUTION_DATE='2024-09-11T06:28:52.217739+00:00' AIRFLOW_CTX_TRY_NUMBER='1' AIRFLOW_CTX_DAG_RUN_ID='manual__2024-09-11T06:28:52.217739+00:00'
[2024-09-11T06:28:53.188+0000] {taskinstance.py:430} INFO - ::endgroup::
[2024-09-11T06:28:53.201+0000] {subprocess.py:63} INFO - Tmp dir root location: /tmp
[2024-09-11T06:28:53.202+0000] {subprocess.py:75} INFO - Running command: ['/usr/bin/bash', '-c', '\n            echo "Hey the dataset is ready, let\'s trigger the training process"\n        ']
[2024-09-11T06:28:53.211+0000] {subprocess.py:86} INFO - Output:
[2024-09-11T06:28:53.213+0000] {subprocess.py:93} INFO - Hey the dataset is ready, let's trigger the training process
[2024-09-11T06:28:53.213+0000] {subprocess.py:97} INFO - Command exited with return code 0
[2024-09-11T06:28:53.214+0000] {taskinstance.py:441} INFO - ::group::Post task execution logs
[2024-09-11T06:28:53.238+0000] {taskinstance.py:1206} INFO - Marking task as SUCCESS. dag_id=dag_ml_pipeline_docker_operator_v02, task_id=faked_dataset_creation_task, run_id=manual__2024-09-11T06:28:52.217739+00:00, execution_date=20240911T062852, start_date=20240911T062853, end_date=20240911T062853
[2024-09-11T06:28:53.282+0000] {local_task_job_runner.py:240} INFO - Task exited with return code 0
[2024-09-11T06:28:53.299+0000] {taskinstance.py:3503} INFO - 1 downstream tasks scheduled from follow-on schedule check
[2024-09-11T06:28:53.305+0000] {local_task_job_runner.py:222} INFO - ::endgroup::
