[2024-09-11T06:31:57.866+0000] {local_task_job_runner.py:120} INFO - ::group::Pre task execution logs
[2024-09-11T06:31:57.895+0000] {taskinstance.py:2076} INFO - Dependencies all met for dep_context=non-requeueable deps ti=<TaskInstance: dag_ml_pipeline_docker_operator_v04.docker_model_train_and_publish_task_v01 manual__2024-09-11T06:31:55.891618+00:00 [queued]>
[2024-09-11T06:31:57.903+0000] {taskinstance.py:2076} INFO - Dependencies all met for dep_context=requeueable deps ti=<TaskInstance: dag_ml_pipeline_docker_operator_v04.docker_model_train_and_publish_task_v01 manual__2024-09-11T06:31:55.891618+00:00 [queued]>
[2024-09-11T06:31:57.903+0000] {taskinstance.py:2306} INFO - Starting attempt 1 of 1
[2024-09-11T06:31:57.919+0000] {taskinstance.py:2330} INFO - Executing <Task(DockerOperator): docker_model_train_and_publish_task_v01> on 2024-09-11 06:31:55.891618+00:00
[2024-09-11T06:31:57.925+0000] {standard_task_runner.py:90} INFO - Running: ['***', 'tasks', 'run', 'dag_ml_pipeline_docker_operator_v04', 'docker_model_train_and_publish_task_v01', 'manual__2024-09-11T06:31:55.891618+00:00', '--job-id', '10', '--raw', '--subdir', 'DAGS_FOLDER/18_ml_pipeline_with_docker_operator.py', '--cfg-path', '/tmp/tmpyvqfx0dy']
[2024-09-11T06:31:57.927+0000] {standard_task_runner.py:91} INFO - Job 10: Subtask docker_model_train_and_publish_task_v01
[2024-09-11T06:31:57.928+0000] {logging_mixin.py:188} WARNING - /home/***/.local/lib/python3.12/site-packages/***/task/task_runner/standard_task_runner.py:61 DeprecationWarning: This process (pid=1059) is multi-threaded, use of fork() may lead to deadlocks in the child.
[2024-09-11T06:31:57.928+0000] {standard_task_runner.py:63} INFO - Started process 1060 to run task
[2024-09-11T06:31:57.965+0000] {task_command.py:426} INFO - Running <TaskInstance: dag_ml_pipeline_docker_operator_v04.docker_model_train_and_publish_task_v01 manual__2024-09-11T06:31:55.891618+00:00 [running]> on host b7a43554df14
[2024-09-11T06:31:58.039+0000] {taskinstance.py:2648} INFO - Exporting env vars: AIRFLOW_CTX_DAG_OWNER='coder2j' AIRFLOW_CTX_DAG_ID='dag_ml_pipeline_docker_operator_v04' AIRFLOW_CTX_TASK_ID='docker_model_train_and_publish_task_v01' AIRFLOW_CTX_EXECUTION_DATE='2024-09-11T06:31:55.891618+00:00' AIRFLOW_CTX_TRY_NUMBER='1' AIRFLOW_CTX_DAG_RUN_ID='manual__2024-09-11T06:31:55.891618+00:00'
[2024-09-11T06:31:58.040+0000] {taskinstance.py:430} INFO - ::endgroup::
[2024-09-11T06:31:58.088+0000] {docker.py:366} INFO - Starting docker container from image regression-training-image:v1.0
[2024-09-11T06:31:59.749+0000] {docker.py:436} INFO - Error downloading data.csv from MinIO: S3 operation failed; code: AccessDenied, message: Access Denied., resource: /***, request_id: 17F41CE34AB43978, host_id: dd9025bab4ad464b049177c95eb6ebf374d3b3fd1af9251148b658df7ac2e3e8, bucket_name: ***
Error uploading model to MinIO: S3 operation failed; code: AccessDenied, message: Access Denied., resource: /***, request_id: 17F41CE34BCE7B88, host_id: dd9025bab4ad464b049177c95eb6ebf374d3b3fd1af9251148b658df7ac2e3e8, bucket_name: ***
[2024-09-11T06:32:00.379+0000] {taskinstance.py:441} INFO - ::group::Post task execution logs
[2024-09-11T06:32:00.402+0000] {taskinstance.py:1206} INFO - Marking task as SUCCESS. dag_id=dag_ml_pipeline_docker_operator_v04, task_id=docker_model_train_and_publish_task_v01, run_id=manual__2024-09-11T06:31:55.891618+00:00, execution_date=20240911T063155, start_date=20240911T063157, end_date=20240911T063200
[2024-09-11T06:32:00.433+0000] {local_task_job_runner.py:240} INFO - Task exited with return code 0
[2024-09-11T06:32:00.448+0000] {taskinstance.py:3503} INFO - 0 downstream tasks scheduled from follow-on schedule check
[2024-09-11T06:32:00.452+0000] {local_task_job_runner.py:222} INFO - ::endgroup::
