[2024-09-11T01:52:28.197+0000] {local_task_job_runner.py:120} INFO - ::group::Pre task execution logs
[2024-09-11T01:52:28.256+0000] {taskinstance.py:2076} INFO - Dependencies all met for dep_context=non-requeueable deps ti=<TaskInstance: our_first_dag_v4.third_task scheduled__2022-07-29T00:00:00+00:00 [queued]>
[2024-09-11T01:52:28.280+0000] {taskinstance.py:2076} INFO - Dependencies all met for dep_context=requeueable deps ti=<TaskInstance: our_first_dag_v4.third_task scheduled__2022-07-29T00:00:00+00:00 [queued]>
[2024-09-11T01:52:28.282+0000] {taskinstance.py:2306} INFO - Starting attempt 1 of 6
[2024-09-11T01:52:28.442+0000] {taskinstance.py:2330} INFO - Executing <Task(BashOperator): third_task> on 2022-07-29 00:00:00+00:00
[2024-09-11T01:52:28.456+0000] {logging_mixin.py:188} WARNING - /home/***/.local/lib/python3.12/site-packages/***/task/task_runner/standard_task_runner.py:61 DeprecationWarning: This process (pid=5193) is multi-threaded, use of fork() may lead to deadlocks in the child.
[2024-09-11T01:52:28.459+0000] {standard_task_runner.py:63} INFO - Started process 5207 to run task
[2024-09-11T01:52:28.456+0000] {standard_task_runner.py:90} INFO - Running: ['***', 'tasks', 'run', 'our_first_dag_v4', 'third_task', 'scheduled__2022-07-29T00:00:00+00:00', '--job-id', '1173', '--raw', '--subdir', 'DAGS_FOLDER/our_first_dag.py', '--cfg-path', '/tmp/tmpc505j94p']
[2024-09-11T01:52:28.466+0000] {standard_task_runner.py:91} INFO - Job 1173: Subtask third_task
[2024-09-11T01:52:28.563+0000] {task_command.py:426} INFO - Running <TaskInstance: our_first_dag_v4.third_task scheduled__2022-07-29T00:00:00+00:00 [running]> on host 0359316e7bd1
[2024-09-11T01:52:28.752+0000] {taskinstance.py:2648} INFO - Exporting env vars: AIRFLOW_CTX_DAG_OWNER='vohoang' AIRFLOW_CTX_DAG_ID='our_first_dag_v4' AIRFLOW_CTX_TASK_ID='third_task' AIRFLOW_CTX_EXECUTION_DATE='2022-07-29T00:00:00+00:00' AIRFLOW_CTX_TRY_NUMBER='1' AIRFLOW_CTX_DAG_RUN_ID='scheduled__2022-07-29T00:00:00+00:00'
[2024-09-11T01:52:28.753+0000] {taskinstance.py:430} INFO - ::endgroup::
[2024-09-11T01:52:28.777+0000] {subprocess.py:63} INFO - Tmp dir root location: /tmp
[2024-09-11T01:52:28.780+0000] {subprocess.py:75} INFO - Running command: ['/usr/bin/bash', '-c', 'echo "hey, I am task3 and will be running after task 1"']
[2024-09-11T01:52:28.793+0000] {subprocess.py:86} INFO - Output:
[2024-09-11T01:52:28.795+0000] {subprocess.py:93} INFO - hey, I am task3 and will be running after task 1
[2024-09-11T01:52:28.796+0000] {subprocess.py:97} INFO - Command exited with return code 0
[2024-09-11T01:52:28.797+0000] {taskinstance.py:441} INFO - ::group::Post task execution logs
[2024-09-11T01:52:28.859+0000] {taskinstance.py:1206} INFO - Marking task as SUCCESS. dag_id=our_first_dag_v4, task_id=third_task, run_id=scheduled__2022-07-29T00:00:00+00:00, execution_date=20220729T000000, start_date=20240911T015228, end_date=20240911T015228
[2024-09-11T01:52:28.932+0000] {local_task_job_runner.py:240} INFO - Task exited with return code 0
[2024-09-11T01:52:28.951+0000] {local_task_job_runner.py:222} INFO - ::endgroup::
