[2024-09-11T01:49:49.136+0000] {local_task_job_runner.py:120} INFO - ::group::Pre task execution logs
[2024-09-11T01:49:49.193+0000] {taskinstance.py:2076} INFO - Dependencies all met for dep_context=non-requeueable deps ti=<TaskInstance: our_first_dag_v4.seccond_task scheduled__2021-09-05T00:00:00+00:00 [queued]>
[2024-09-11T01:49:49.207+0000] {taskinstance.py:2076} INFO - Dependencies all met for dep_context=requeueable deps ti=<TaskInstance: our_first_dag_v4.seccond_task scheduled__2021-09-05T00:00:00+00:00 [queued]>
[2024-09-11T01:49:49.208+0000] {taskinstance.py:2306} INFO - Starting attempt 1 of 6
[2024-09-11T01:49:49.261+0000] {taskinstance.py:2330} INFO - Executing <Task(BashOperator): seccond_task> on 2021-09-05 00:00:00+00:00
[2024-09-11T01:49:49.276+0000] {logging_mixin.py:188} WARNING - /home/***/.local/lib/python3.12/site-packages/***/task/task_runner/standard_task_runner.py:61 DeprecationWarning: This process (pid=1747) is multi-threaded, use of fork() may lead to deadlocks in the child.
[2024-09-11T01:49:49.278+0000] {standard_task_runner.py:63} INFO - Started process 1762 to run task
[2024-09-11T01:49:49.277+0000] {standard_task_runner.py:90} INFO - Running: ['***', 'tasks', 'run', 'our_first_dag_v4', 'seccond_task', 'scheduled__2021-09-05T00:00:00+00:00', '--job-id', '121', '--raw', '--subdir', 'DAGS_FOLDER/our_first_dag.py', '--cfg-path', '/tmp/tmpifgmfzx8']
[2024-09-11T01:49:49.280+0000] {standard_task_runner.py:91} INFO - Job 121: Subtask seccond_task
[2024-09-11T01:49:49.375+0000] {task_command.py:426} INFO - Running <TaskInstance: our_first_dag_v4.seccond_task scheduled__2021-09-05T00:00:00+00:00 [running]> on host 0359316e7bd1
[2024-09-11T01:49:49.566+0000] {taskinstance.py:2648} INFO - Exporting env vars: AIRFLOW_CTX_DAG_OWNER='vohoang' AIRFLOW_CTX_DAG_ID='our_first_dag_v4' AIRFLOW_CTX_TASK_ID='seccond_task' AIRFLOW_CTX_EXECUTION_DATE='2021-09-05T00:00:00+00:00' AIRFLOW_CTX_TRY_NUMBER='1' AIRFLOW_CTX_DAG_RUN_ID='scheduled__2021-09-05T00:00:00+00:00'
[2024-09-11T01:49:49.567+0000] {taskinstance.py:430} INFO - ::endgroup::
[2024-09-11T01:49:49.593+0000] {subprocess.py:63} INFO - Tmp dir root location: /tmp
[2024-09-11T01:49:49.594+0000] {subprocess.py:75} INFO - Running command: ['/usr/bin/bash', '-c', 'echo "hey, I am task2 and will be running after task 1"']
[2024-09-11T01:49:49.610+0000] {subprocess.py:86} INFO - Output:
[2024-09-11T01:49:49.612+0000] {subprocess.py:93} INFO - hey, I am task2 and will be running after task 1
[2024-09-11T01:49:49.613+0000] {subprocess.py:97} INFO - Command exited with return code 0
[2024-09-11T01:49:49.614+0000] {taskinstance.py:441} INFO - ::group::Post task execution logs
[2024-09-11T01:49:49.663+0000] {taskinstance.py:1206} INFO - Marking task as SUCCESS. dag_id=our_first_dag_v4, task_id=seccond_task, run_id=scheduled__2021-09-05T00:00:00+00:00, execution_date=20210905T000000, start_date=20240911T014949, end_date=20240911T014949
[2024-09-11T01:49:49.697+0000] {local_task_job_runner.py:240} INFO - Task exited with return code 0
[2024-09-11T01:49:49.712+0000] {local_task_job_runner.py:222} INFO - ::endgroup::
