[2024-07-05T05:27:02.339+0000] {local_task_job_runner.py:120} INFO - ::group::Pre task execution logs
[2024-07-05T05:27:02.366+0000] {taskinstance.py:2076} INFO - Dependencies all met for dep_context=non-requeueable deps ti=<TaskInstance: dag_ml_pipeline_docker_operator_v02.docker_model_train_and_publish_task_v01 manual__2024-07-05T05:27:00.660316+00:00 [queued]>
[2024-07-05T05:27:02.373+0000] {taskinstance.py:2076} INFO - Dependencies all met for dep_context=requeueable deps ti=<TaskInstance: dag_ml_pipeline_docker_operator_v02.docker_model_train_and_publish_task_v01 manual__2024-07-05T05:27:00.660316+00:00 [queued]>
[2024-07-05T05:27:02.373+0000] {taskinstance.py:2306} INFO - Starting attempt 1 of 1
[2024-07-05T05:27:02.391+0000] {taskinstance.py:2330} INFO - Executing <Task(DockerOperator): docker_model_train_and_publish_task_v01> on 2024-07-05 05:27:00.660316+00:00
[2024-07-05T05:27:02.397+0000] {standard_task_runner.py:90} INFO - Running: ['***', 'tasks', 'run', 'dag_ml_pipeline_docker_operator_v02', 'docker_model_train_and_publish_task_v01', 'manual__2024-07-05T05:27:00.660316+00:00', '--job-id', '8', '--raw', '--subdir', 'DAGS_FOLDER/ml_pipeline_with_docker_operator.py', '--cfg-path', '/tmp/tmp14q8e6np']
[2024-07-05T05:27:02.399+0000] {standard_task_runner.py:91} INFO - Job 8: Subtask docker_model_train_and_publish_task_v01
[2024-07-05T05:27:02.399+0000] {logging_mixin.py:188} WARNING - /home/***/.local/lib/python3.12/site-packages/***/task/task_runner/standard_task_runner.py:61 DeprecationWarning: This process (pid=1840) is multi-threaded, use of fork() may lead to deadlocks in the child.
[2024-07-05T05:27:02.400+0000] {standard_task_runner.py:63} INFO - Started process 1841 to run task
[2024-07-05T05:27:02.439+0000] {task_command.py:426} INFO - Running <TaskInstance: dag_ml_pipeline_docker_operator_v02.docker_model_train_and_publish_task_v01 manual__2024-07-05T05:27:00.660316+00:00 [running]> on host 339cc03d645e
[2024-07-05T05:27:02.513+0000] {taskinstance.py:2648} INFO - Exporting env vars: AIRFLOW_CTX_DAG_OWNER='coder2j' AIRFLOW_CTX_DAG_ID='dag_ml_pipeline_docker_operator_v02' AIRFLOW_CTX_TASK_ID='docker_model_train_and_publish_task_v01' AIRFLOW_CTX_EXECUTION_DATE='2024-07-05T05:27:00.660316+00:00' AIRFLOW_CTX_TRY_NUMBER='1' AIRFLOW_CTX_DAG_RUN_ID='manual__2024-07-05T05:27:00.660316+00:00'
[2024-07-05T05:27:02.514+0000] {taskinstance.py:430} INFO - ::endgroup::
[2024-07-05T05:27:02.551+0000] {docker.py:366} INFO - Starting docker container from image regression-training-image:v1.0
[2024-07-05T05:27:03.969+0000] {docker.py:436} INFO - Downloaded data.csv from MinIO: s3://***/datasets/data.csv
Model uploaded to MinIO: s3://***/models/regression_model.pkl
[2024-07-05T05:27:04.542+0000] {taskinstance.py:441} INFO - ::group::Post task execution logs
[2024-07-05T05:27:04.570+0000] {taskinstance.py:1206} INFO - Marking task as SUCCESS. dag_id=dag_ml_pipeline_docker_operator_v02, task_id=docker_model_train_and_publish_task_v01, run_id=manual__2024-07-05T05:27:00.660316+00:00, execution_date=20240705T052700, start_date=20240705T052702, end_date=20240705T052704
[2024-07-05T05:27:04.619+0000] {local_task_job_runner.py:240} INFO - Task exited with return code 0
[2024-07-05T05:27:04.635+0000] {taskinstance.py:3503} INFO - 0 downstream tasks scheduled from follow-on schedule check
[2024-07-05T05:27:04.640+0000] {local_task_job_runner.py:222} INFO - ::endgroup::
