[2024-09-11T01:58:08.283+0000] {local_task_job_runner.py:120} INFO - ::group::Pre task execution logs
[2024-09-11T01:58:08.308+0000] {taskinstance.py:2076} INFO - Dependencies all met for dep_context=non-requeueable deps ti=<TaskInstance: our_first_dag_v4.first_task scheduled__2024-03-08T00:00:00+00:00 [queued]>
[2024-09-11T01:58:08.320+0000] {taskinstance.py:2076} INFO - Dependencies all met for dep_context=requeueable deps ti=<TaskInstance: our_first_dag_v4.first_task scheduled__2024-03-08T00:00:00+00:00 [queued]>
[2024-09-11T01:58:08.321+0000] {taskinstance.py:2306} INFO - Starting attempt 1 of 6
[2024-09-11T01:58:08.352+0000] {taskinstance.py:2330} INFO - Executing <Task(BashOperator): first_task> on 2024-03-08 00:00:00+00:00
[2024-09-11T01:58:08.363+0000] {logging_mixin.py:188} WARNING - /home/***/.local/lib/python3.12/site-packages/***/task/task_runner/standard_task_runner.py:61 DeprecationWarning: This process (pid=11039) is multi-threaded, use of fork() may lead to deadlocks in the child.
[2024-09-11T01:58:08.364+0000] {standard_task_runner.py:63} INFO - Started process 11058 to run task
[2024-09-11T01:58:08.365+0000] {standard_task_runner.py:90} INFO - Running: ['***', 'tasks', 'run', 'our_first_dag_v4', 'first_task', 'scheduled__2024-03-08T00:00:00+00:00', '--job-id', '2924', '--raw', '--subdir', 'DAGS_FOLDER/7. our_first_dag.py', '--cfg-path', '/tmp/tmph_wfgwge']
[2024-09-11T01:58:08.368+0000] {standard_task_runner.py:91} INFO - Job 2924: Subtask first_task
[2024-09-11T01:58:08.426+0000] {task_command.py:426} INFO - Running <TaskInstance: our_first_dag_v4.first_task scheduled__2024-03-08T00:00:00+00:00 [running]> on host 0359316e7bd1
[2024-09-11T01:58:08.596+0000] {taskinstance.py:2648} INFO - Exporting env vars: AIRFLOW_CTX_DAG_OWNER='vohoang' AIRFLOW_CTX_DAG_ID='our_first_dag_v4' AIRFLOW_CTX_TASK_ID='first_task' AIRFLOW_CTX_EXECUTION_DATE='2024-03-08T00:00:00+00:00' AIRFLOW_CTX_TRY_NUMBER='1' AIRFLOW_CTX_DAG_RUN_ID='scheduled__2024-03-08T00:00:00+00:00'
[2024-09-11T01:58:08.598+0000] {taskinstance.py:430} INFO - ::endgroup::
[2024-09-11T01:58:08.599+0000] {subprocess.py:63} INFO - Tmp dir root location: /tmp
[2024-09-11T01:58:08.600+0000] {subprocess.py:75} INFO - Running command: ['/usr/bin/bash', '-c', 'echo "Hello my son. I\'m your dad."']
[2024-09-11T01:58:08.623+0000] {subprocess.py:86} INFO - Output:
[2024-09-11T01:58:08.625+0000] {subprocess.py:93} INFO - Hello my son. I'm your dad.
[2024-09-11T01:58:08.627+0000] {subprocess.py:97} INFO - Command exited with return code 0
[2024-09-11T01:58:08.628+0000] {taskinstance.py:441} INFO - ::group::Post task execution logs
[2024-09-11T01:58:08.674+0000] {taskinstance.py:1206} INFO - Marking task as SUCCESS. dag_id=our_first_dag_v4, task_id=first_task, run_id=scheduled__2024-03-08T00:00:00+00:00, execution_date=20240308T000000, start_date=20240911T015808, end_date=20240911T015808
[2024-09-11T01:58:08.712+0000] {local_task_job_runner.py:240} INFO - Task exited with return code 0
[2024-09-11T01:58:08.726+0000] {local_task_job_runner.py:222} INFO - ::endgroup::
