[2024-07-05T05:27:01.253+0000] {local_task_job_runner.py:120} INFO - ::group::Pre task execution logs
[2024-07-05T05:27:01.282+0000] {taskinstance.py:2076} INFO - Dependencies all met for dep_context=non-requeueable deps ti=<TaskInstance: dag_ml_pipeline_docker_operator_v02.faked_dataset_creation_task manual__2024-07-05T05:27:00.660316+00:00 [queued]>
[2024-07-05T05:27:01.289+0000] {taskinstance.py:2076} INFO - Dependencies all met for dep_context=requeueable deps ti=<TaskInstance: dag_ml_pipeline_docker_operator_v02.faked_dataset_creation_task manual__2024-07-05T05:27:00.660316+00:00 [queued]>
[2024-07-05T05:27:01.290+0000] {taskinstance.py:2306} INFO - Starting attempt 1 of 1
[2024-07-05T05:27:01.306+0000] {taskinstance.py:2330} INFO - Executing <Task(BashOperator): faked_dataset_creation_task> on 2024-07-05 05:27:00.660316+00:00
[2024-07-05T05:27:01.313+0000] {standard_task_runner.py:90} INFO - Running: ['***', 'tasks', 'run', 'dag_ml_pipeline_docker_operator_v02', 'faked_dataset_creation_task', 'manual__2024-07-05T05:27:00.660316+00:00', '--job-id', '7', '--raw', '--subdir', 'DAGS_FOLDER/ml_pipeline_with_docker_operator.py', '--cfg-path', '/tmp/tmp5w5ruf42']
[2024-07-05T05:27:01.314+0000] {standard_task_runner.py:91} INFO - Job 7: Subtask faked_dataset_creation_task
[2024-07-05T05:27:01.316+0000] {logging_mixin.py:188} WARNING - /home/***/.local/lib/python3.12/site-packages/***/task/task_runner/standard_task_runner.py:61 DeprecationWarning: This process (pid=1837) is multi-threaded, use of fork() may lead to deadlocks in the child.
[2024-07-05T05:27:01.316+0000] {standard_task_runner.py:63} INFO - Started process 1838 to run task
[2024-07-05T05:27:01.353+0000] {task_command.py:426} INFO - Running <TaskInstance: dag_ml_pipeline_docker_operator_v02.faked_dataset_creation_task manual__2024-07-05T05:27:00.660316+00:00 [running]> on host 339cc03d645e
[2024-07-05T05:27:01.428+0000] {taskinstance.py:2648} INFO - Exporting env vars: AIRFLOW_CTX_DAG_OWNER='coder2j' AIRFLOW_CTX_DAG_ID='dag_ml_pipeline_docker_operator_v02' AIRFLOW_CTX_TASK_ID='faked_dataset_creation_task' AIRFLOW_CTX_EXECUTION_DATE='2024-07-05T05:27:00.660316+00:00' AIRFLOW_CTX_TRY_NUMBER='1' AIRFLOW_CTX_DAG_RUN_ID='manual__2024-07-05T05:27:00.660316+00:00'
[2024-07-05T05:27:01.428+0000] {taskinstance.py:430} INFO - ::endgroup::
[2024-07-05T05:27:01.444+0000] {subprocess.py:63} INFO - Tmp dir root location: /tmp
[2024-07-05T05:27:01.445+0000] {subprocess.py:75} INFO - Running command: ['/usr/bin/bash', '-c', '\n            echo "Hey the dataset is ready, let\'s trigger the training process"\n        ']
[2024-07-05T05:27:01.455+0000] {subprocess.py:86} INFO - Output:
[2024-07-05T05:27:01.457+0000] {subprocess.py:93} INFO - Hey the dataset is ready, let's trigger the training process
[2024-07-05T05:27:01.457+0000] {subprocess.py:97} INFO - Command exited with return code 0
[2024-07-05T05:27:01.458+0000] {taskinstance.py:441} INFO - ::group::Post task execution logs
[2024-07-05T05:27:01.483+0000] {taskinstance.py:1206} INFO - Marking task as SUCCESS. dag_id=dag_ml_pipeline_docker_operator_v02, task_id=faked_dataset_creation_task, run_id=manual__2024-07-05T05:27:00.660316+00:00, execution_date=20240705T052700, start_date=20240705T052701, end_date=20240705T052701
[2024-07-05T05:27:01.530+0000] {local_task_job_runner.py:240} INFO - Task exited with return code 0
[2024-07-05T05:27:01.550+0000] {taskinstance.py:3503} INFO - 1 downstream tasks scheduled from follow-on schedule check
[2024-07-05T05:27:01.556+0000] {local_task_job_runner.py:222} INFO - ::endgroup::
