[2024-07-02T05:48:56.663+0000] {local_task_job_runner.py:120} INFO - ::group::Pre task execution logs
[2024-07-02T05:48:56.691+0000] {taskinstance.py:2076} INFO - Dependencies all met for dep_context=non-requeueable deps ti=<TaskInstance: dag_with_postgers_hooks_v04.postgres_to_s3 scheduled__2023-07-24T00:00:00+00:00 [queued]>
[2024-07-02T05:48:56.702+0000] {taskinstance.py:2076} INFO - Dependencies all met for dep_context=requeueable deps ti=<TaskInstance: dag_with_postgers_hooks_v04.postgres_to_s3 scheduled__2023-07-24T00:00:00+00:00 [queued]>
[2024-07-02T05:48:56.703+0000] {taskinstance.py:2306} INFO - Starting attempt 1 of 6
[2024-07-02T05:48:56.725+0000] {taskinstance.py:2330} INFO - Executing <Task(PythonOperator): postgres_to_s3> on 2023-07-24 00:00:00+00:00
[2024-07-02T05:48:56.741+0000] {logging_mixin.py:188} WARNING - /home/***/.local/lib/python3.12/site-packages/***/task/task_runner/standard_task_runner.py:61 DeprecationWarning: This process (pid=30871) is multi-threaded, use of fork() may lead to deadlocks in the child.
[2024-07-02T05:48:56.741+0000] {standard_task_runner.py:90} INFO - Running: ['***', 'tasks', 'run', 'dag_with_postgers_hooks_v04', 'postgres_to_s3', 'scheduled__2023-07-24T00:00:00+00:00', '--job-id', '1261', '--raw', '--subdir', 'DAGS_FOLDER/dag_with_postgress_hook.py', '--cfg-path', '/tmp/tmpwiycosng']
[2024-07-02T05:48:56.742+0000] {standard_task_runner.py:63} INFO - Started process 30885 to run task
[2024-07-02T05:48:56.743+0000] {standard_task_runner.py:91} INFO - Job 1261: Subtask postgres_to_s3
[2024-07-02T05:48:56.815+0000] {task_command.py:426} INFO - Running <TaskInstance: dag_with_postgers_hooks_v04.postgres_to_s3 scheduled__2023-07-24T00:00:00+00:00 [running]> on host 468cd84e5e4e
[2024-07-02T05:48:56.955+0000] {taskinstance.py:2648} INFO - Exporting env vars: AIRFLOW_CTX_DAG_OWNER='vohoang' AIRFLOW_CTX_DAG_ID='dag_with_postgers_hooks_v04' AIRFLOW_CTX_TASK_ID='postgres_to_s3' AIRFLOW_CTX_EXECUTION_DATE='2023-07-24T00:00:00+00:00' AIRFLOW_CTX_TRY_NUMBER='1' AIRFLOW_CTX_DAG_RUN_ID='scheduled__2023-07-24T00:00:00+00:00'
[2024-07-02T05:48:56.956+0000] {taskinstance.py:430} INFO - ::endgroup::
[2024-07-02T05:48:56.977+0000] {logging_mixin.py:188} WARNING - /home/***/.local/lib/python3.12/site-packages/***/utils/context.py:212 AirflowContextDeprecationWarning: Accessing 'next_ds_nodash' from the template is deprecated and will be removed in a future version. Please use '{{ data_interval_end | ds_nodash }}' instead.
[2024-07-02T05:48:56.989+0000] {base.py:84} INFO - Using connection ID 'postgres_conn_id' for task execution.
[2024-07-02T05:48:56.996+0000] {dag_with_postgress_hook.py:38} INFO - Saved orders data in text file: dags/get_orders_20230724.txt
[2024-07-02T05:48:57.006+0000] {base.py:84} INFO - Using connection ID 'minio_s3_conn' for task execution.
[2024-07-02T05:48:57.006+0000] {connection_wrapper.py:384} INFO - AWS Connection (conn_id='minio_s3_conn', conn_type='aws') credentials retrieved from login and password.
[2024-07-02T05:48:57.467+0000] {dag_with_postgress_hook.py:48} INFO - Orders file /tmp/tmpj5j39fcd20230724 has been pushed to S3!
[2024-07-02T05:48:57.468+0000] {python.py:237} INFO - Done. Returned value was: None
[2024-07-02T05:48:57.469+0000] {taskinstance.py:441} INFO - ::group::Post task execution logs
[2024-07-02T05:48:57.478+0000] {taskinstance.py:1206} INFO - Marking task as SUCCESS. dag_id=dag_with_postgers_hooks_v04, task_id=postgres_to_s3, run_id=scheduled__2023-07-24T00:00:00+00:00, execution_date=20230724T000000, start_date=20240702T054856, end_date=20240702T054857
[2024-07-02T05:48:57.525+0000] {local_task_job_runner.py:240} INFO - Task exited with return code 0
[2024-07-02T05:48:57.542+0000] {taskinstance.py:3503} INFO - 0 downstream tasks scheduled from follow-on schedule check
[2024-07-02T05:48:57.547+0000] {local_task_job_runner.py:222} INFO - ::endgroup::
